Parameters: 
   graphfile = ../../data/eu-2005-trans
      output = none
         alg = inout
       alpha = 0.99
         tol = 1e-08
       maxit = 10000

nodes = 862664
edges = 19235140
inout(0.9900,0.5000,1.000000e-02) with tol=1.000000e-08 and maxit= 10000 iterations
inout (outer) : iter =      1 ; odelta = 3.213119e-01 ; dt =     0.7; nmult =      5
inout (outer) : iter =      2 ; odelta = 1.266268e-01 ; dt =     1.3; nmult =      9
inout (outer) : iter =      3 ; odelta = 6.914291e-02 ; dt =     1.8; nmult =     12
inout (outer) : iter =      4 ; odelta = 4.667462e-02 ; dt =     2.2; nmult =     15
inout (outer) : iter =      5 ; odelta = 3.634793e-02 ; dt =     2.5; nmult =     17
inout (outer) : iter =      6 ; odelta = 2.968260e-02 ; dt =     2.8; nmult =     19
inout (outer) : iter =      7 ; odelta = 2.502191e-02 ; dt =     3.1; nmult =     21
inout (outer) : iter =      8 ; odelta = 2.165972e-02 ; dt =     3.4; nmult =     23
inout (outer) : iter =      9 ; odelta = 1.909087e-02 ; dt =     3.7; nmult =     25
inout (outer) : iter =     10 ; odelta = 1.763949e-02 ; dt =     3.9; nmult =     26
inout (power) : iter =     11 ; odelta = 1.636522e-02 ; dt =     4.0; nmult =     27
inout (power) : iter =     12 ; odelta = 1.523391e-02 ; dt =     4.2; nmult =     28
inout (power) : iter =     13 ; odelta = 1.422373e-02 ; dt =     4.3; nmult =     29
inout (power) : iter =     14 ; odelta = 1.332041e-02 ; dt =     4.4; nmult =     30
inout (power) : iter =     15 ; odelta = 1.250093e-02 ; dt =     4.6; nmult =     31
inout (power) : iter =     16 ; odelta = 1.175783e-02 ; dt =     4.7; nmult =     32
inout (power) : iter =     17 ; odelta = 1.108507e-02 ; dt =     4.8; nmult =     33
inout (power) : iter =     18 ; odelta = 1.047893e-02 ; dt =     5.0; nmult =     34
inout (power) : iter =     19 ; odelta = 9.929155e-03 ; dt =     5.1; nmult =     35
inout (power) : iter =     20 ; odelta = 9.427972e-03 ; dt =     5.3; nmult =     36
inout (power) : iter =     21 ; odelta = 8.982438e-03 ; dt =     5.4; nmult =     37
inout (power) : iter =     22 ; odelta = 8.581228e-03 ; dt =     5.5; nmult =     38
inout (power) : iter =     23 ; odelta = 8.220338e-03 ; dt =     5.7; nmult =     39
inout (power) : iter =     24 ; odelta = 7.896962e-03 ; dt =     5.8; nmult =     40
inout (power) : iter =     25 ; odelta = 7.599590e-03 ; dt =     5.9; nmult =     41
inout (power) : iter =     26 ; odelta = 7.325212e-03 ; dt =     6.1; nmult =     42
inout (power) : iter =     27 ; odelta = 7.073377e-03 ; dt =     6.2; nmult =     43
inout (power) : iter =     28 ; odelta = 6.836734e-03 ; dt =     6.4; nmult =     44
inout (power) : iter =     29 ; odelta = 6.615828e-03 ; dt =     6.5; nmult =     45
inout (power) : iter =     30 ; odelta = 6.408442e-03 ; dt =     6.6; nmult =     46
inout (power) : iter =     31 ; odelta = 6.212318e-03 ; dt =     6.8; nmult =     47
inout (power) : iter =     32 ; odelta = 6.027231e-03 ; dt =     6.9; nmult =     48
inout (power) : iter =     33 ; odelta = 5.851724e-03 ; dt =     7.0; nmult =     49
inout (power) : iter =     34 ; odelta = 5.684786e-03 ; dt =     7.2; nmult =     50
inout (power) : iter =     35 ; odelta = 5.525862e-03 ; dt =     7.3; nmult =     51
inout (power) : iter =     36 ; odelta = 5.375653e-03 ; dt =     7.5; nmult =     52
inout (power) : iter =     37 ; odelta = 5.232787e-03 ; dt =     7.6; nmult =     53
inout (power) : iter =     38 ; odelta = 5.096036e-03 ; dt =     7.7; nmult =     54
inout (power) : iter =     39 ; odelta = 4.965754e-03 ; dt =     7.9; nmult =     55
inout (power) : iter =     40 ; odelta = 4.842270e-03 ; dt =     8.0; nmult =     56
inout (power) : iter =     41 ; odelta = 4.726030e-03 ; dt =     8.1; nmult =     57
inout (power) : iter =     42 ; odelta = 4.614261e-03 ; dt =     8.3; nmult =     58
inout (power) : iter =     43 ; odelta = 4.506776e-03 ; dt =     8.4; nmult =     59
inout (power) : iter =     44 ; odelta = 4.404094e-03 ; dt =     8.5; nmult =     60
inout (power) : iter =     45 ; odelta = 4.304697e-03 ; dt =     8.7; nmult =     61
inout (power) : iter =     46 ; odelta = 4.209146e-03 ; dt =     8.8; nmult =     62
inout (power) : iter =     47 ; odelta = 4.117039e-03 ; dt =     9.0; nmult =     63
inout (power) : iter =     48 ; odelta = 4.028774e-03 ; dt =     9.1; nmult =     64
inout (power) : iter =     49 ; odelta = 3.946990e-03 ; dt =     9.2; nmult =     65
inout (power) : iter =     50 ; odelta = 3.868783e-03 ; dt =     9.4; nmult =     66
inout (power) : iter =     51 ; odelta = 3.793035e-03 ; dt =     9.5; nmult =     67
inout (power) : iter =     52 ; odelta = 3.722095e-03 ; dt =     9.6; nmult =     68
inout (power) : iter =     53 ; odelta = 3.655054e-03 ; dt =     9.8; nmult =     69
inout (power) : iter =     54 ; odelta = 3.590389e-03 ; dt =     9.9; nmult =     70
inout (power) : iter =     55 ; odelta = 3.527163e-03 ; dt =    10.1; nmult =     71
inout (power) : iter =     56 ; odelta = 3.465257e-03 ; dt =    10.2; nmult =     72
inout (power) : iter =     57 ; odelta = 3.404625e-03 ; dt =    10.3; nmult =     73
inout (power) : iter =     58 ; odelta = 3.345225e-03 ; dt =    10.5; nmult =     74
inout (power) : iter =     59 ; odelta = 3.287037e-03 ; dt =    10.6; nmult =     75
inout (power) : iter =     60 ; odelta = 3.230098e-03 ; dt =    10.7; nmult =     76
inout (power) : iter =     61 ; odelta = 3.174323e-03 ; dt =    10.9; nmult =     77
inout (power) : iter =     62 ; odelta = 3.119653e-03 ; dt =    11.0; nmult =     78
inout (power) : iter =     63 ; odelta = 3.066058e-03 ; dt =    11.2; nmult =     79
inout (power) : iter =     64 ; odelta = 3.013512e-03 ; dt =    11.3; nmult =     80
inout (power) : iter =     65 ; odelta = 2.961985e-03 ; dt =    11.4; nmult =     81
inout (power) : iter =     66 ; odelta = 2.911454e-03 ; dt =    11.6; nmult =     82
inout (power) : iter =     67 ; odelta = 2.861897e-03 ; dt =    11.7; nmult =     83
inout (power) : iter =     68 ; odelta = 2.813297e-03 ; dt =    11.8; nmult =     84
inout (power) : iter =     69 ; odelta = 2.765627e-03 ; dt =    12.0; nmult =     85
inout (power) : iter =     70 ; odelta = 2.718864e-03 ; dt =    12.1; nmult =     86
inout (power) : iter =     71 ; odelta = 2.672990e-03 ; dt =    12.3; nmult =     87
inout (power) : iter =     72 ; odelta = 2.627986e-03 ; dt =    12.4; nmult =     88
inout (power) : iter =     73 ; odelta = 2.583842e-03 ; dt =    12.5; nmult =     89
inout (power) : iter =     74 ; odelta = 2.540535e-03 ; dt =    12.7; nmult =     90
inout (power) : iter =     75 ; odelta = 2.498045e-03 ; dt =    12.8; nmult =     91
inout (power) : iter =     76 ; odelta = 2.456366e-03 ; dt =    12.9; nmult =     92
inout (power) : iter =     77 ; odelta = 2.415459e-03 ; dt =    13.1; nmult =     93
inout (power) : iter =     78 ; odelta = 2.375306e-03 ; dt =    13.2; nmult =     94
inout (power) : iter =     79 ; odelta = 2.335889e-03 ; dt =    13.4; nmult =     95
inout (power) : iter =     80 ; odelta = 2.297192e-03 ; dt =    13.5; nmult =     96
inout (power) : iter =     81 ; odelta = 2.259259e-03 ; dt =    13.6; nmult =     97
inout (power) : iter =     82 ; odelta = 2.222014e-03 ; dt =    13.8; nmult =     98
inout (power) : iter =     83 ; odelta = 2.185441e-03 ; dt =    13.9; nmult =     99
inout (power) : iter =     84 ; odelta = 2.149526e-03 ; dt =    14.0; nmult =    100
inout (power) : iter =     85 ; odelta = 2.114255e-03 ; dt =    14.2; nmult =    101
inout (power) : iter =     86 ; odelta = 2.079615e-03 ; dt =    14.3; nmult =    102
inout (power) : iter =     87 ; odelta = 2.045593e-03 ; dt =    14.4; nmult =    103
inout (power) : iter =     88 ; odelta = 2.012178e-03 ; dt =    14.6; nmult =    104
inout (power) : iter =     89 ; odelta = 1.979356e-03 ; dt =    14.7; nmult =    105
inout (power) : iter =     90 ; odelta = 1.947117e-03 ; dt =    14.9; nmult =    106
inout (power) : iter =     91 ; odelta = 1.915454e-03 ; dt =    15.0; nmult =    107
inout (power) : iter =     92 ; odelta = 1.884361e-03 ; dt =    15.1; nmult =    108
inout (power) : iter =     93 ; odelta = 1.853834e-03 ; dt =    15.3; nmult =    109
inout (power) : iter =     94 ; odelta = 1.823840e-03 ; dt =    15.4; nmult =    110
inout (power) : iter =     95 ; odelta = 1.794371e-03 ; dt =    15.5; nmult =    111
inout (power) : iter =     96 ; odelta = 1.765415e-03 ; dt =    15.7; nmult =    112
inout (power) : iter =     97 ; odelta = 1.736968e-03 ; dt =    15.8; nmult =    113
inout (power) : iter =     98 ; odelta = 1.709027e-03 ; dt =    16.0; nmult =    114
inout (power) : iter =     99 ; odelta = 1.681576e-03 ; dt =    16.1; nmult =    115
inout (power) : iter =    100 ; odelta = 1.654601e-03 ; dt =    16.2; nmult =    116
inout (power) : iter =    101 ; odelta = 1.628099e-03 ; dt =    16.4; nmult =    117
inout (power) : iter =    102 ; odelta = 1.602058e-03 ; dt =    16.5; nmult =    118
inout (power) : iter =    103 ; odelta = 1.576470e-03 ; dt =    16.6; nmult =    119
inout (power) : iter =    104 ; odelta = 1.551337e-03 ; dt =    16.8; nmult =    120
inout (power) : iter =    105 ; odelta = 1.526754e-03 ; dt =    16.9; nmult =    121
inout (power) : iter =    106 ; odelta = 1.502858e-03 ; dt =    17.1; nmult =    122
inout (power) : iter =    107 ; odelta = 1.479506e-03 ; dt =    17.2; nmult =    123
inout (power) : iter =    108 ; odelta = 1.457000e-03 ; dt =    17.3; nmult =    124
inout (power) : iter =    109 ; odelta = 1.435152e-03 ; dt =    17.5; nmult =    125
inout (power) : iter =    110 ; odelta = 1.413736e-03 ; dt =    17.6; nmult =    126
inout (power) : iter =    111 ; odelta = 1.392665e-03 ; dt =    17.7; nmult =    127
inout (power) : iter =    112 ; odelta = 1.371936e-03 ; dt =    17.9; nmult =    128
inout (power) : iter =    113 ; odelta = 1.351543e-03 ; dt =    18.0; nmult =    129
inout (power) : iter =    114 ; odelta = 1.331469e-03 ; dt =    18.2; nmult =    130
inout (power) : iter =    115 ; odelta = 1.311707e-03 ; dt =    18.3; nmult =    131
inout (power) : iter =    116 ; odelta = 1.292253e-03 ; dt =    18.4; nmult =    132
inout (power) : iter =    117 ; odelta = 1.273100e-03 ; dt =    18.6; nmult =    133
inout (power) : iter =    118 ; odelta = 1.254244e-03 ; dt =    18.7; nmult =    134
inout (power) : iter =    119 ; odelta = 1.235681e-03 ; dt =    18.8; nmult =    135
inout (power) : iter =    120 ; odelta = 1.217405e-03 ; dt =    19.0; nmult =    136
inout (power) : iter =    121 ; odelta = 1.199411e-03 ; dt =    19.1; nmult =    137
inout (power) : iter =    122 ; odelta = 1.181695e-03 ; dt =    19.3; nmult =    138
inout (power) : iter =    123 ; odelta = 1.164251e-03 ; dt =    19.4; nmult =    139
inout (power) : iter =    124 ; odelta = 1.147075e-03 ; dt =    19.5; nmult =    140
inout (power) : iter =    125 ; odelta = 1.130164e-03 ; dt =    19.7; nmult =    141
inout (power) : iter =    126 ; odelta = 1.113511e-03 ; dt =    19.8; nmult =    142
inout (power) : iter =    127 ; odelta = 1.097115e-03 ; dt =    19.9; nmult =    143
inout (power) : iter =    128 ; odelta = 1.080969e-03 ; dt =    20.1; nmult =    144
inout (power) : iter =    129 ; odelta = 1.065072e-03 ; dt =    20.2; nmult =    145
inout (power) : iter =    130 ; odelta = 1.049417e-03 ; dt =    20.4; nmult =    146
inout (power) : iter =    131 ; odelta = 1.034002e-03 ; dt =    20.5; nmult =    147
inout (power) : iter =    132 ; odelta = 1.018822e-03 ; dt =    20.6; nmult =    148
inout (power) : iter =    133 ; odelta = 1.003874e-03 ; dt =    20.8; nmult =    149
inout (power) : iter =    134 ; odelta = 9.891539e-04 ; dt =    20.9; nmult =    150
inout (power) : iter =    135 ; odelta = 9.746569e-04 ; dt =    21.0; nmult =    151
inout (power) : iter =    136 ; odelta = 9.603798e-04 ; dt =    21.2; nmult =    152
inout (power) : iter =    137 ; odelta = 9.463188e-04 ; dt =    21.3; nmult =    153
inout (power) : iter =    138 ; odelta = 9.324706e-04 ; dt =    21.4; nmult =    154
inout (power) : iter =    139 ; odelta = 9.188318e-04 ; dt =    21.6; nmult =    155
inout (power) : iter =    140 ; odelta = 9.053989e-04 ; dt =    21.7; nmult =    156
inout (power) : iter =    141 ; odelta = 8.921688e-04 ; dt =    21.9; nmult =    157
inout (power) : iter =    142 ; odelta = 8.791382e-04 ; dt =    22.0; nmult =    158
inout (power) : iter =    143 ; odelta = 8.663039e-04 ; dt =    22.1; nmult =    159
inout (power) : iter =    144 ; odelta = 8.536630e-04 ; dt =    22.3; nmult =    160
inout (power) : iter =    145 ; odelta = 8.412123e-04 ; dt =    22.4; nmult =    161
inout (power) : iter =    146 ; odelta = 8.289487e-04 ; dt =    22.5; nmult =    162
inout (power) : iter =    147 ; odelta = 8.168694e-04 ; dt =    22.7; nmult =    163
inout (power) : iter =    148 ; odelta = 8.049713e-04 ; dt =    22.8; nmult =    164
inout (power) : iter =    149 ; odelta = 7.932516e-04 ; dt =    23.0; nmult =    165
inout (power) : iter =    150 ; odelta = 7.817075e-04 ; dt =    23.1; nmult =    166
inout (power) : iter =    151 ; odelta = 7.703362e-04 ; dt =    23.2; nmult =    167
inout (power) : iter =    152 ; odelta = 7.591350e-04 ; dt =    23.4; nmult =    168
inout (power) : iter =    153 ; odelta = 7.481021e-04 ; dt =    23.5; nmult =    169
inout (power) : iter =    154 ; odelta = 7.372346e-04 ; dt =    23.6; nmult =    170
inout (power) : iter =    155 ; odelta = 7.265302e-04 ; dt =    23.8; nmult =    171
inout (power) : iter =    156 ; odelta = 7.159864e-04 ; dt =    23.9; nmult =    172
inout (power) : iter =    157 ; odelta = 7.056009e-04 ; dt =    24.1; nmult =    173
inout (power) : iter =    158 ; odelta = 6.953711e-04 ; dt =    24.2; nmult =    174
inout (power) : iter =    159 ; odelta = 6.852936e-04 ; dt =    24.3; nmult =    175
inout (power) : iter =    160 ; odelta = 6.753660e-04 ; dt =    24.5; nmult =    176
inout (power) : iter =    161 ; odelta = 6.655859e-04 ; dt =    24.6; nmult =    177
inout (power) : iter =    162 ; odelta = 6.559514e-04 ; dt =    24.7; nmult =    178
inout (power) : iter =    163 ; odelta = 6.464605e-04 ; dt =    24.9; nmult =    179
inout (power) : iter =    164 ; odelta = 6.371114e-04 ; dt =    25.0; nmult =    180
inout (power) : iter =    165 ; odelta = 6.279040e-04 ; dt =    25.2; nmult =    181
inout (power) : iter =    166 ; odelta = 6.188334e-04 ; dt =    25.3; nmult =    182
inout (power) : iter =    167 ; odelta = 6.098980e-04 ; dt =    25.4; nmult =    183
inout (power) : iter =    168 ; odelta = 6.010969e-04 ; dt =    25.6; nmult =    184
inout (power) : iter =    169 ; odelta = 5.924501e-04 ; dt =    25.7; nmult =    185
inout (power) : iter =    170 ; odelta = 5.839453e-04 ; dt =    25.8; nmult =    186
inout (power) : iter =    171 ; odelta = 5.755669e-04 ; dt =    26.0; nmult =    187
inout (power) : iter =    172 ; odelta = 5.673113e-04 ; dt =    26.1; nmult =    188
inout (power) : iter =    173 ; odelta = 5.591767e-04 ; dt =    26.3; nmult =    189
inout (power) : iter =    174 ; odelta = 5.511612e-04 ; dt =    26.4; nmult =    190
inout (power) : iter =    175 ; odelta = 5.432638e-04 ; dt =    26.5; nmult =    191
inout (power) : iter =    176 ; odelta = 5.354822e-04 ; dt =    26.7; nmult =    192
inout (power) : iter =    177 ; odelta = 5.278145e-04 ; dt =    26.8; nmult =    193
inout (power) : iter =    178 ; odelta = 5.202588e-04 ; dt =    26.9; nmult =    194
inout (power) : iter =    179 ; odelta = 5.128134e-04 ; dt =    27.1; nmult =    195
inout (power) : iter =    180 ; odelta = 5.054769e-04 ; dt =    27.2; nmult =    196
inout (power) : iter =    181 ; odelta = 4.982474e-04 ; dt =    27.3; nmult =    197
inout (power) : iter =    182 ; odelta = 4.911234e-04 ; dt =    27.5; nmult =    198
inout (power) : iter =    183 ; odelta = 4.841033e-04 ; dt =    27.6; nmult =    199
inout (power) : iter =    184 ; odelta = 4.771857e-04 ; dt =    27.8; nmult =    200
inout (power) : iter =    185 ; odelta = 4.703689e-04 ; dt =    27.9; nmult =    201
inout (power) : iter =    186 ; odelta = 4.636520e-04 ; dt =    28.0; nmult =    202
inout (power) : iter =    187 ; odelta = 4.570336e-04 ; dt =    28.2; nmult =    203
inout (power) : iter =    188 ; odelta = 4.505123e-04 ; dt =    28.3; nmult =    204
inout (power) : iter =    189 ; odelta = 4.440861e-04 ; dt =    28.4; nmult =    205
inout (power) : iter =    190 ; odelta = 4.377533e-04 ; dt =    28.6; nmult =    206
inout (power) : iter =    191 ; odelta = 4.315125e-04 ; dt =    28.7; nmult =    207
inout (power) : iter =    192 ; odelta = 4.253622e-04 ; dt =    28.9; nmult =    208
inout (power) : iter =    193 ; odelta = 4.193013e-04 ; dt =    29.0; nmult =    209
inout (power) : iter =    194 ; odelta = 4.133282e-04 ; dt =    29.1; nmult =    210
inout (power) : iter =    195 ; odelta = 4.074418e-04 ; dt =    29.3; nmult =    211
inout (power) : iter =    196 ; odelta = 4.016407e-04 ; dt =    29.4; nmult =    212
inout (power) : iter =    197 ; odelta = 3.959238e-04 ; dt =    29.5; nmult =    213
inout (power) : iter =    198 ; odelta = 3.902898e-04 ; dt =    29.7; nmult =    214
inout (power) : iter =    199 ; odelta = 3.847380e-04 ; dt =    29.8; nmult =    215
inout (power) : iter =    200 ; odelta = 3.792671e-04 ; dt =    30.0; nmult =    216
inout (power) : iter =    201 ; odelta = 3.738755e-04 ; dt =    30.1; nmult =    217
inout (power) : iter =    202 ; odelta = 3.685617e-04 ; dt =    30.2; nmult =    218
inout (power) : iter =    203 ; odelta = 3.633253e-04 ; dt =    30.4; nmult =    219
inout (power) : iter =    204 ; odelta = 3.581649e-04 ; dt =    30.5; nmult =    220
inout (power) : iter =    205 ; odelta = 3.530790e-04 ; dt =    30.6; nmult =    221
inout (power) : iter =    206 ; odelta = 3.480665e-04 ; dt =    30.8; nmult =    222
inout (power) : iter =    207 ; odelta = 3.431264e-04 ; dt =    30.9; nmult =    223
inout (power) : iter =    208 ; odelta = 3.382579e-04 ; dt =    31.1; nmult =    224
inout (power) : iter =    209 ; odelta = 3.334603e-04 ; dt =    31.2; nmult =    225
inout (power) : iter =    210 ; odelta = 3.287322e-04 ; dt =    31.3; nmult =    226
inout (power) : iter =    211 ; odelta = 3.240725e-04 ; dt =    31.5; nmult =    227
inout (power) : iter =    212 ; odelta = 3.194805e-04 ; dt =    31.6; nmult =    228
inout (power) : iter =    213 ; odelta = 3.149550e-04 ; dt =    31.7; nmult =    229
inout (power) : iter =    214 ; odelta = 3.104965e-04 ; dt =    31.9; nmult =    230
inout (power) : iter =    215 ; odelta = 3.061040e-04 ; dt =    32.0; nmult =    231
inout (power) : iter =    216 ; odelta = 3.017753e-04 ; dt =    32.2; nmult =    232
inout (power) : iter =    217 ; odelta = 2.975088e-04 ; dt =    32.3; nmult =    233
inout (power) : iter =    218 ; odelta = 2.933035e-04 ; dt =    32.4; nmult =    234
inout (power) : iter =    219 ; odelta = 2.891585e-04 ; dt =    32.6; nmult =    235
inout (power) : iter =    220 ; odelta = 2.850730e-04 ; dt =    32.7; nmult =    236
inout (power) : iter =    221 ; odelta = 2.810460e-04 ; dt =    32.8; nmult =    237
inout (power) : iter =    222 ; odelta = 2.770768e-04 ; dt =    33.0; nmult =    238
inout (power) : iter =    223 ; odelta = 2.731644e-04 ; dt =    33.1; nmult =    239
inout (power) : iter =    224 ; odelta = 2.693081e-04 ; dt =    33.3; nmult =    240
inout (power) : iter =    225 ; odelta = 2.655070e-04 ; dt =    33.4; nmult =    241
inout (power) : iter =    226 ; odelta = 2.617603e-04 ; dt =    33.5; nmult =    242
inout (power) : iter =    227 ; odelta = 2.580672e-04 ; dt =    33.7; nmult =    243
inout (power) : iter =    228 ; odelta = 2.544269e-04 ; dt =    33.8; nmult =    244
inout (power) : iter =    229 ; odelta = 2.508387e-04 ; dt =    33.9; nmult =    245
inout (power) : iter =    230 ; odelta = 2.473018e-04 ; dt =    34.1; nmult =    246
inout (power) : iter =    231 ; odelta = 2.438155e-04 ; dt =    34.2; nmult =    247
inout (power) : iter =    232 ; odelta = 2.403790e-04 ; dt =    34.4; nmult =    248
inout (power) : iter =    233 ; odelta = 2.369915e-04 ; dt =    34.5; nmult =    249
inout (power) : iter =    234 ; odelta = 2.336525e-04 ; dt =    34.6; nmult =    250
inout (power) : iter =    235 ; odelta = 2.303611e-04 ; dt =    34.8; nmult =    251
inout (power) : iter =    236 ; odelta = 2.271168e-04 ; dt =    34.9; nmult =    252
inout (power) : iter =    237 ; odelta = 2.239188e-04 ; dt =    35.0; nmult =    253
inout (power) : iter =    238 ; odelta = 2.207663e-04 ; dt =    35.2; nmult =    254
inout (power) : iter =    239 ; odelta = 2.176589e-04 ; dt =    35.3; nmult =    255
inout (power) : iter =    240 ; odelta = 2.145958e-04 ; dt =    35.4; nmult =    256
inout (power) : iter =    241 ; odelta = 2.115763e-04 ; dt =    35.6; nmult =    257
inout (power) : iter =    242 ; odelta = 2.085998e-04 ; dt =    35.7; nmult =    258
inout (power) : iter =    243 ; odelta = 2.056658e-04 ; dt =    35.9; nmult =    259
inout (power) : iter =    244 ; odelta = 2.027735e-04 ; dt =    36.0; nmult =    260
inout (power) : iter =    245 ; odelta = 1.999225e-04 ; dt =    36.1; nmult =    261
inout (power) : iter =    246 ; odelta = 1.971120e-04 ; dt =    36.3; nmult =    262
inout (power) : iter =    247 ; odelta = 1.943415e-04 ; dt =    36.4; nmult =    263
inout (power) : iter =    248 ; odelta = 1.916105e-04 ; dt =    36.5; nmult =    264
inout (power) : iter =    249 ; odelta = 1.889183e-04 ; dt =    36.7; nmult =    265
inout (power) : iter =    250 ; odelta = 1.862643e-04 ; dt =    36.8; nmult =    266
inout (power) : iter =    251 ; odelta = 1.836482e-04 ; dt =    37.0; nmult =    267
inout (power) : iter =    252 ; odelta = 1.810692e-04 ; dt =    37.1; nmult =    268
inout (power) : iter =    253 ; odelta = 1.785268e-04 ; dt =    37.2; nmult =    269
inout (power) : iter =    254 ; odelta = 1.760206e-04 ; dt =    37.4; nmult =    270
inout (power) : iter =    255 ; odelta = 1.735499e-04 ; dt =    37.5; nmult =    271
inout (power) : iter =    256 ; odelta = 1.711144e-04 ; dt =    37.6; nmult =    272
inout (power) : iter =    257 ; odelta = 1.687134e-04 ; dt =    37.8; nmult =    273
inout (power) : iter =    258 ; odelta = 1.663465e-04 ; dt =    37.9; nmult =    274
inout (power) : iter =    259 ; odelta = 1.640132e-04 ; dt =    38.1; nmult =    275
inout (power) : iter =    260 ; odelta = 1.617130e-04 ; dt =    38.2; nmult =    276
inout (power) : iter =    261 ; odelta = 1.594454e-04 ; dt =    38.3; nmult =    277
inout (power) : iter =    262 ; odelta = 1.572100e-04 ; dt =    38.5; nmult =    278
inout (power) : iter =    263 ; odelta = 1.550063e-04 ; dt =    38.6; nmult =    279
inout (power) : iter =    264 ; odelta = 1.528338e-04 ; dt =    38.7; nmult =    280
inout (power) : iter =    265 ; odelta = 1.506921e-04 ; dt =    38.9; nmult =    281
inout (power) : iter =    266 ; odelta = 1.485810e-04 ; dt =    39.0; nmult =    282
inout (power) : iter =    267 ; odelta = 1.464999e-04 ; dt =    39.2; nmult =    283
inout (power) : iter =    268 ; odelta = 1.444483e-04 ; dt =    39.3; nmult =    284
inout (power) : iter =    269 ; odelta = 1.424257e-04 ; dt =    39.4; nmult =    285
inout (power) : iter =    270 ; odelta = 1.404317e-04 ; dt =    39.6; nmult =    286
inout (power) : iter =    271 ; odelta = 1.384660e-04 ; dt =    39.7; nmult =    287
inout (power) : iter =    272 ; odelta = 1.365280e-04 ; dt =    39.8; nmult =    288
inout (power) : iter =    273 ; odelta = 1.346175e-04 ; dt =    40.0; nmult =    289
inout (power) : iter =    274 ; odelta = 1.327340e-04 ; dt =    40.1; nmult =    290
inout (power) : iter =    275 ; odelta = 1.308771e-04 ; dt =    40.3; nmult =    291
inout (power) : iter =    276 ; odelta = 1.290465e-04 ; dt =    40.4; nmult =    292
inout (power) : iter =    277 ; odelta = 1.272418e-04 ; dt =    40.5; nmult =    293
inout (power) : iter =    278 ; odelta = 1.254625e-04 ; dt =    40.7; nmult =    294
inout (power) : iter =    279 ; odelta = 1.237084e-04 ; dt =    40.8; nmult =    295
inout (power) : iter =    280 ; odelta = 1.219790e-04 ; dt =    40.9; nmult =    296
inout (power) : iter =    281 ; odelta = 1.202741e-04 ; dt =    41.1; nmult =    297
inout (power) : iter =    282 ; odelta = 1.185932e-04 ; dt =    41.2; nmult =    298
inout (power) : iter =    283 ; odelta = 1.169361e-04 ; dt =    41.3; nmult =    299
inout (power) : iter =    284 ; odelta = 1.153023e-04 ; dt =    41.5; nmult =    300
inout (power) : iter =    285 ; odelta = 1.136916e-04 ; dt =    41.6; nmult =    301
inout (power) : iter =    286 ; odelta = 1.121036e-04 ; dt =    41.8; nmult =    302
inout (power) : iter =    287 ; odelta = 1.105380e-04 ; dt =    41.9; nmult =    303
inout (power) : iter =    288 ; odelta = 1.089945e-04 ; dt =    42.0; nmult =    304
inout (power) : iter =    289 ; odelta = 1.074728e-04 ; dt =    42.2; nmult =    305
inout (power) : iter =    290 ; odelta = 1.059725e-04 ; dt =    42.3; nmult =    306
inout (power) : iter =    291 ; odelta = 1.044934e-04 ; dt =    42.4; nmult =    307
inout (power) : iter =    292 ; odelta = 1.030351e-04 ; dt =    42.6; nmult =    308
inout (power) : iter =    293 ; odelta = 1.015973e-04 ; dt =    42.7; nmult =    309
inout (power) : iter =    294 ; odelta = 1.001798e-04 ; dt =    42.9; nmult =    310
inout (power) : iter =    295 ; odelta = 9.878223e-05 ; dt =    43.0; nmult =    311
inout (power) : iter =    296 ; odelta = 9.740436e-05 ; dt =    43.1; nmult =    312
inout (power) : iter =    297 ; odelta = 9.604588e-05 ; dt =    43.3; nmult =    313
inout (power) : iter =    298 ; odelta = 9.470653e-05 ; dt =    43.4; nmult =    314
inout (power) : iter =    299 ; odelta = 9.338602e-05 ; dt =    43.5; nmult =    315
inout (power) : iter =    300 ; odelta = 9.208409e-05 ; dt =    43.7; nmult =    316
inout (power) : iter =    301 ; odelta = 9.080048e-05 ; dt =    43.8; nmult =    317
inout (power) : iter =    302 ; odelta = 8.953492e-05 ; dt =    44.0; nmult =    318
inout (power) : iter =    303 ; odelta = 8.828715e-05 ; dt =    44.1; nmult =    319
inout (power) : iter =    304 ; odelta = 8.705694e-05 ; dt =    44.2; nmult =    320
inout (power) : iter =    305 ; odelta = 8.584402e-05 ; dt =    44.4; nmult =    321
inout (power) : iter =    306 ; odelta = 8.464815e-05 ; dt =    44.5; nmult =    322
inout (power) : iter =    307 ; odelta = 8.346908e-05 ; dt =    44.6; nmult =    323
inout (power) : iter =    308 ; odelta = 8.230658e-05 ; dt =    44.8; nmult =    324
inout (power) : iter =    309 ; odelta = 8.116041e-05 ; dt =    44.9; nmult =    325
inout (power) : iter =    310 ; odelta = 8.003033e-05 ; dt =    45.1; nmult =    326
inout (power) : iter =    311 ; odelta = 7.891613e-05 ; dt =    45.2; nmult =    327
inout (power) : iter =    312 ; odelta = 7.781757e-05 ; dt =    45.3; nmult =    328
inout (power) : iter =    313 ; odelta = 7.673443e-05 ; dt =    45.5; nmult =    329
inout (power) : iter =    314 ; odelta = 7.566650e-05 ; dt =    45.6; nmult =    330
inout (power) : iter =    315 ; odelta = 7.461355e-05 ; dt =    45.7; nmult =    331
inout (power) : iter =    316 ; odelta = 7.357538e-05 ; dt =    45.9; nmult =    332
inout (power) : iter =    317 ; odelta = 7.255177e-05 ; dt =    46.0; nmult =    333
inout (power) : iter =    318 ; odelta = 7.154253e-05 ; dt =    46.2; nmult =    334
inout (power) : iter =    319 ; odelta = 7.054747e-05 ; dt =    46.3; nmult =    335
inout (power) : iter =    320 ; odelta = 6.956639e-05 ; dt =    46.4; nmult =    336
inout (power) : iter =    321 ; odelta = 6.859909e-05 ; dt =    46.6; nmult =    337
inout (power) : iter =    322 ; odelta = 6.764535e-05 ; dt =    46.7; nmult =    338
inout (power) : iter =    323 ; odelta = 6.670497e-05 ; dt =    46.8; nmult =    339
inout (power) : iter =    324 ; odelta = 6.577777e-05 ; dt =    47.0; nmult =    340
inout (power) : iter =    325 ; odelta = 6.486356e-05 ; dt =    47.1; nmult =    341
inout (power) : iter =    326 ; odelta = 6.396216e-05 ; dt =    47.3; nmult =    342
inout (power) : iter =    327 ; odelta = 6.307338e-05 ; dt =    47.4; nmult =    343
inout (power) : iter =    328 ; odelta = 6.219705e-05 ; dt =    47.5; nmult =    344
inout (power) : iter =    329 ; odelta = 6.133299e-05 ; dt =    47.7; nmult =    345
inout (power) : iter =    330 ; odelta = 6.048103e-05 ; dt =    47.8; nmult =    346
inout (power) : iter =    331 ; odelta = 5.964099e-05 ; dt =    47.9; nmult =    347
inout (power) : iter =    332 ; odelta = 5.881271e-05 ; dt =    48.1; nmult =    348
inout (power) : iter =    333 ; odelta = 5.799602e-05 ; dt =    48.2; nmult =    349
inout (power) : iter =    334 ; odelta = 5.719076e-05 ; dt =    48.3; nmult =    350
inout (power) : iter =    335 ; odelta = 5.639677e-05 ; dt =    48.5; nmult =    351
inout (power) : iter =    336 ; odelta = 5.561388e-05 ; dt =    48.6; nmult =    352
inout (power) : iter =    337 ; odelta = 5.484194e-05 ; dt =    48.8; nmult =    353
inout (power) : iter =    338 ; odelta = 5.408080e-05 ; dt =    48.9; nmult =    354
inout (power) : iter =    339 ; odelta = 5.333029e-05 ; dt =    49.0; nmult =    355
inout (power) : iter =    340 ; odelta = 5.259028e-05 ; dt =    49.2; nmult =    356
inout (power) : iter =    341 ; odelta = 5.186062e-05 ; dt =    49.3; nmult =    357
inout (power) : iter =    342 ; odelta = 5.114115e-05 ; dt =    49.4; nmult =    358
inout (power) : iter =    343 ; odelta = 5.043173e-05 ; dt =    49.6; nmult =    359
inout (power) : iter =    344 ; odelta = 4.973223e-05 ; dt =    49.7; nmult =    360
inout (power) : iter =    345 ; odelta = 4.904249e-05 ; dt =    49.9; nmult =    361
inout (power) : iter =    346 ; odelta = 4.836240e-05 ; dt =    50.0; nmult =    362
inout (power) : iter =    347 ; odelta = 4.769180e-05 ; dt =    50.1; nmult =    363
inout (power) : iter =    348 ; odelta = 4.703057e-05 ; dt =    50.3; nmult =    364
inout (power) : iter =    349 ; odelta = 4.637857e-05 ; dt =    50.4; nmult =    365
inout (power) : iter =    350 ; odelta = 4.573567e-05 ; dt =    50.5; nmult =    366
inout (power) : iter =    351 ; odelta = 4.510174e-05 ; dt =    50.7; nmult =    367
inout (power) : iter =    352 ; odelta = 4.447667e-05 ; dt =    50.8; nmult =    368
inout (power) : iter =    353 ; odelta = 4.386032e-05 ; dt =    51.0; nmult =    369
inout (power) : iter =    354 ; odelta = 4.325256e-05 ; dt =    51.1; nmult =    370
inout (power) : iter =    355 ; odelta = 4.265329e-05 ; dt =    51.2; nmult =    371
inout (power) : iter =    356 ; odelta = 4.206237e-05 ; dt =    51.4; nmult =    372
inout (power) : iter =    357 ; odelta = 4.147970e-05 ; dt =    51.5; nmult =    373
inout (power) : iter =    358 ; odelta = 4.090515e-05 ; dt =    51.6; nmult =    374
inout (power) : iter =    359 ; odelta = 4.033861e-05 ; dt =    51.8; nmult =    375
inout (power) : iter =    360 ; odelta = 3.977998e-05 ; dt =    51.9; nmult =    376
inout (power) : iter =    361 ; odelta = 3.922913e-05 ; dt =    52.1; nmult =    377
inout (power) : iter =    362 ; odelta = 3.868596e-05 ; dt =    52.2; nmult =    378
inout (power) : iter =    363 ; odelta = 3.815036e-05 ; dt =    52.3; nmult =    379
inout (power) : iter =    364 ; odelta = 3.762223e-05 ; dt =    52.5; nmult =    380
inout (power) : iter =    365 ; odelta = 3.710145e-05 ; dt =    52.6; nmult =    381
inout (power) : iter =    366 ; odelta = 3.658793e-05 ; dt =    52.7; nmult =    382
inout (power) : iter =    367 ; odelta = 3.608156e-05 ; dt =    52.9; nmult =    383
inout (power) : iter =    368 ; odelta = 3.558225e-05 ; dt =    53.0; nmult =    384
inout (power) : iter =    369 ; odelta = 3.508991e-05 ; dt =    53.2; nmult =    385
inout (power) : iter =    370 ; odelta = 3.460443e-05 ; dt =    53.3; nmult =    386
inout (power) : iter =    371 ; odelta = 3.412570e-05 ; dt =    53.4; nmult =    387
inout (power) : iter =    372 ; odelta = 3.365363e-05 ; dt =    53.6; nmult =    388
inout (power) : iter =    373 ; odelta = 3.318814e-05 ; dt =    53.7; nmult =    389
inout (power) : iter =    374 ; odelta = 3.272913e-05 ; dt =    53.8; nmult =    390
inout (power) : iter =    375 ; odelta = 3.227652e-05 ; dt =    54.0; nmult =    391
inout (power) : iter =    376 ; odelta = 3.183020e-05 ; dt =    54.1; nmult =    392
inout (power) : iter =    377 ; odelta = 3.139010e-05 ; dt =    54.2; nmult =    393
inout (power) : iter =    378 ; odelta = 3.095611e-05 ; dt =    54.4; nmult =    394
inout (power) : iter =    379 ; odelta = 3.052817e-05 ; dt =    54.5; nmult =    395
inout (power) : iter =    380 ; odelta = 3.010617e-05 ; dt =    54.7; nmult =    396
inout (power) : iter =    381 ; odelta = 2.969004e-05 ; dt =    54.8; nmult =    397
inout (power) : iter =    382 ; odelta = 2.927970e-05 ; dt =    54.9; nmult =    398
inout (power) : iter =    383 ; odelta = 2.887507e-05 ; dt =    55.1; nmult =    399
inout (power) : iter =    384 ; odelta = 2.847606e-05 ; dt =    55.2; nmult =    400
inout (power) : iter =    385 ; odelta = 2.808259e-05 ; dt =    55.3; nmult =    401
inout (power) : iter =    386 ; odelta = 2.769459e-05 ; dt =    55.5; nmult =    402
inout (power) : iter =    387 ; odelta = 2.731199e-05 ; dt =    55.6; nmult =    403
inout (power) : iter =    388 ; odelta = 2.693471e-05 ; dt =    55.8; nmult =    404
inout (power) : iter =    389 ; odelta = 2.656266e-05 ; dt =    55.9; nmult =    405
inout (power) : iter =    390 ; odelta = 2.619579e-05 ; dt =    56.0; nmult =    406
inout (power) : iter =    391 ; odelta = 2.583401e-05 ; dt =    56.2; nmult =    407
inout (power) : iter =    392 ; odelta = 2.547726e-05 ; dt =    56.3; nmult =    408
inout (power) : iter =    393 ; odelta = 2.512546e-05 ; dt =    56.4; nmult =    409
inout (power) : iter =    394 ; odelta = 2.477854e-05 ; dt =    56.6; nmult =    410
inout (power) : iter =    395 ; odelta = 2.443645e-05 ; dt =    56.7; nmult =    411
inout (power) : iter =    396 ; odelta = 2.409911e-05 ; dt =    56.9; nmult =    412
inout (power) : iter =    397 ; odelta = 2.376646e-05 ; dt =    57.0; nmult =    413
inout (power) : iter =    398 ; odelta = 2.343844e-05 ; dt =    57.1; nmult =    414
inout (power) : iter =    399 ; odelta = 2.311497e-05 ; dt =    57.3; nmult =    415
inout (power) : iter =    400 ; odelta = 2.279600e-05 ; dt =    57.4; nmult =    416
inout (power) : iter =    401 ; odelta = 2.248145e-05 ; dt =    57.5; nmult =    417
inout (power) : iter =    402 ; odelta = 2.217126e-05 ; dt =    57.7; nmult =    418
inout (power) : iter =    403 ; odelta = 2.186537e-05 ; dt =    57.8; nmult =    419
inout (power) : iter =    404 ; odelta = 2.156373e-05 ; dt =    58.0; nmult =    420
inout (power) : iter =    405 ; odelta = 2.126628e-05 ; dt =    58.1; nmult =    421
inout (power) : iter =    406 ; odelta = 2.097294e-05 ; dt =    58.2; nmult =    422
inout (power) : iter =    407 ; odelta = 2.068368e-05 ; dt =    58.4; nmult =    423
inout (power) : iter =    408 ; odelta = 2.039842e-05 ; dt =    58.5; nmult =    424
inout (power) : iter =    409 ; odelta = 2.011713e-05 ; dt =    58.6; nmult =    425
inout (power) : iter =    410 ; odelta = 1.983973e-05 ; dt =    58.8; nmult =    426
inout (power) : iter =    411 ; odelta = 1.956617e-05 ; dt =    58.9; nmult =    427
inout (power) : iter =    412 ; odelta = 1.929641e-05 ; dt =    59.1; nmult =    428
inout (power) : iter =    413 ; odelta = 1.903039e-05 ; dt =    59.2; nmult =    429
inout (power) : iter =    414 ; odelta = 1.876806e-05 ; dt =    59.3; nmult =    430
inout (power) : iter =    415 ; odelta = 1.850936e-05 ; dt =    59.5; nmult =    431
inout (power) : iter =    416 ; odelta = 1.825424e-05 ; dt =    59.6; nmult =    432
inout (power) : iter =    417 ; odelta = 1.800266e-05 ; dt =    59.7; nmult =    433
inout (power) : iter =    418 ; odelta = 1.775457e-05 ; dt =    59.9; nmult =    434
inout (power) : iter =    419 ; odelta = 1.750991e-05 ; dt =    60.0; nmult =    435
inout (power) : iter =    420 ; odelta = 1.726864e-05 ; dt =    60.1; nmult =    436
inout (power) : iter =    421 ; odelta = 1.703072e-05 ; dt =    60.3; nmult =    437
inout (power) : iter =    422 ; odelta = 1.679609e-05 ; dt =    60.4; nmult =    438
inout (power) : iter =    423 ; odelta = 1.656470e-05 ; dt =    60.6; nmult =    439
inout (power) : iter =    424 ; odelta = 1.633652e-05 ; dt =    60.7; nmult =    440
inout (power) : iter =    425 ; odelta = 1.611151e-05 ; dt =    60.8; nmult =    441
inout (power) : iter =    426 ; odelta = 1.588961e-05 ; dt =    61.0; nmult =    442
inout (power) : iter =    427 ; odelta = 1.567081e-05 ; dt =    61.1; nmult =    443
inout (power) : iter =    428 ; odelta = 1.545504e-05 ; dt =    61.2; nmult =    444
inout (power) : iter =    429 ; odelta = 1.524225e-05 ; dt =    61.4; nmult =    445
inout (power) : iter =    430 ; odelta = 1.503241e-05 ; dt =    61.5; nmult =    446
inout (power) : iter =    431 ; odelta = 1.482547e-05 ; dt =    61.7; nmult =    447
inout (power) : iter =    432 ; odelta = 1.462140e-05 ; dt =    61.8; nmult =    448
inout (power) : iter =    433 ; odelta = 1.442015e-05 ; dt =    61.9; nmult =    449
inout (power) : iter =    434 ; odelta = 1.422168e-05 ; dt =    62.1; nmult =    450
inout (power) : iter =    435 ; odelta = 1.402596e-05 ; dt =    62.2; nmult =    451
inout (power) : iter =    436 ; odelta = 1.383295e-05 ; dt =    62.3; nmult =    452
inout (power) : iter =    437 ; odelta = 1.364260e-05 ; dt =    62.5; nmult =    453
inout (power) : iter =    438 ; odelta = 1.345488e-05 ; dt =    62.6; nmult =    454
inout (power) : iter =    439 ; odelta = 1.326976e-05 ; dt =    62.8; nmult =    455
inout (power) : iter =    440 ; odelta = 1.308720e-05 ; dt =    62.9; nmult =    456
inout (power) : iter =    441 ; odelta = 1.290717e-05 ; dt =    63.0; nmult =    457
inout (power) : iter =    442 ; odelta = 1.272962e-05 ; dt =    63.2; nmult =    458
inout (power) : iter =    443 ; odelta = 1.255452e-05 ; dt =    63.3; nmult =    459
inout (power) : iter =    444 ; odelta = 1.238185e-05 ; dt =    63.4; nmult =    460
inout (power) : iter =    445 ; odelta = 1.221156e-05 ; dt =    63.6; nmult =    461
inout (power) : iter =    446 ; odelta = 1.204362e-05 ; dt =    63.7; nmult =    462
inout (power) : iter =    447 ; odelta = 1.187801e-05 ; dt =    63.9; nmult =    463
inout (power) : iter =    448 ; odelta = 1.171468e-05 ; dt =    64.0; nmult =    464
inout (power) : iter =    449 ; odelta = 1.155361e-05 ; dt =    64.1; nmult =    465
inout (power) : iter =    450 ; odelta = 1.139476e-05 ; dt =    64.3; nmult =    466
inout (power) : iter =    451 ; odelta = 1.123811e-05 ; dt =    64.4; nmult =    467
inout (power) : iter =    452 ; odelta = 1.108363e-05 ; dt =    64.5; nmult =    468
inout (power) : iter =    453 ; odelta = 1.093127e-05 ; dt =    64.7; nmult =    469
inout (power) : iter =    454 ; odelta = 1.078102e-05 ; dt =    64.8; nmult =    470
inout (power) : iter =    455 ; odelta = 1.063285e-05 ; dt =    65.0; nmult =    471
inout (power) : iter =    456 ; odelta = 1.048672e-05 ; dt =    65.1; nmult =    472
inout (power) : iter =    457 ; odelta = 1.034261e-05 ; dt =    65.2; nmult =    473
inout (power) : iter =    458 ; odelta = 1.020049e-05 ; dt =    65.4; nmult =    474
inout (power) : iter =    459 ; odelta = 1.006034e-05 ; dt =    65.5; nmult =    475
inout (power) : iter =    460 ; odelta = 9.922123e-06 ; dt =    65.6; nmult =    476
inout (power) : iter =    461 ; odelta = 9.785844e-06 ; dt =    65.8; nmult =    477
inout (power) : iter =    462 ; odelta = 9.651564e-06 ; dt =    65.9; nmult =    478
inout (power) : iter =    463 ; odelta = 9.519152e-06 ; dt =    66.1; nmult =    479
inout (power) : iter =    464 ; odelta = 9.388565e-06 ; dt =    66.2; nmult =    480
inout (power) : iter =    465 ; odelta = 9.259777e-06 ; dt =    66.3; nmult =    481
inout (power) : iter =    466 ; odelta = 9.132765e-06 ; dt =    66.5; nmult =    482
inout (power) : iter =    467 ; odelta = 9.007503e-06 ; dt =    66.6; nmult =    483
inout (power) : iter =    468 ; odelta = 8.883966e-06 ; dt =    66.7; nmult =    484
inout (power) : iter =    469 ; odelta = 8.762132e-06 ; dt =    66.9; nmult =    485
inout (power) : iter =    470 ; odelta = 8.641975e-06 ; dt =    67.0; nmult =    486
inout (power) : iter =    471 ; odelta = 8.523473e-06 ; dt =    67.1; nmult =    487
inout (power) : iter =    472 ; odelta = 8.406604e-06 ; dt =    67.3; nmult =    488
inout (power) : iter =    473 ; odelta = 8.291345e-06 ; dt =    67.4; nmult =    489
inout (power) : iter =    474 ; odelta = 8.177673e-06 ; dt =    67.6; nmult =    490
inout (power) : iter =    475 ; odelta = 8.065566e-06 ; dt =    67.7; nmult =    491
inout (power) : iter =    476 ; odelta = 7.955003e-06 ; dt =    67.8; nmult =    492
inout (power) : iter =    477 ; odelta = 7.845962e-06 ; dt =    68.0; nmult =    493
inout (power) : iter =    478 ; odelta = 7.738422e-06 ; dt =    68.1; nmult =    494
inout (power) : iter =    479 ; odelta = 7.632362e-06 ; dt =    68.2; nmult =    495
inout (power) : iter =    480 ; odelta = 7.527764e-06 ; dt =    68.4; nmult =    496
inout (power) : iter =    481 ; odelta = 7.424604e-06 ; dt =    68.5; nmult =    497
inout (power) : iter =    482 ; odelta = 7.322865e-06 ; dt =    68.7; nmult =    498
inout (power) : iter =    483 ; odelta = 7.222525e-06 ; dt =    68.8; nmult =    499
inout (power) : iter =    484 ; odelta = 7.123566e-06 ; dt =    68.9; nmult =    500
inout (power) : iter =    485 ; odelta = 7.025969e-06 ; dt =    69.1; nmult =    501
inout (power) : iter =    486 ; odelta = 6.929715e-06 ; dt =    69.2; nmult =    502
inout (power) : iter =    487 ; odelta = 6.834786e-06 ; dt =    69.3; nmult =    503
inout (power) : iter =    488 ; odelta = 6.741162e-06 ; dt =    69.5; nmult =    504
inout (power) : iter =    489 ; odelta = 6.648826e-06 ; dt =    69.6; nmult =    505
inout (power) : iter =    490 ; odelta = 6.557761e-06 ; dt =    69.8; nmult =    506
inout (power) : iter =    491 ; odelta = 6.467948e-06 ; dt =    69.9; nmult =    507
inout (power) : iter =    492 ; odelta = 6.379370e-06 ; dt =    70.0; nmult =    508
inout (power) : iter =    493 ; odelta = 6.292011e-06 ; dt =    70.2; nmult =    509
inout (power) : iter =    494 ; odelta = 6.205853e-06 ; dt =    70.3; nmult =    510
inout (power) : iter =    495 ; odelta = 6.120880e-06 ; dt =    70.4; nmult =    511
inout (power) : iter =    496 ; odelta = 6.037075e-06 ; dt =    70.6; nmult =    512
inout (power) : iter =    497 ; odelta = 5.954423e-06 ; dt =    70.7; nmult =    513
inout (power) : iter =    498 ; odelta = 5.872906e-06 ; dt =    70.9; nmult =    514
inout (power) : iter =    499 ; odelta = 5.792511e-06 ; dt =    71.0; nmult =    515
inout (power) : iter =    500 ; odelta = 5.713221e-06 ; dt =    71.1; nmult =    516
inout (power) : iter =    501 ; odelta = 5.635021e-06 ; dt =    71.3; nmult =    517
inout (power) : iter =    502 ; odelta = 5.557895e-06 ; dt =    71.4; nmult =    518
inout (power) : iter =    503 ; odelta = 5.481830e-06 ; dt =    71.5; nmult =    519
inout (power) : iter =    504 ; odelta = 5.406810e-06 ; dt =    71.7; nmult =    520
inout (power) : iter =    505 ; odelta = 5.332822e-06 ; dt =    71.8; nmult =    521
inout (power) : iter =    506 ; odelta = 5.259850e-06 ; dt =    72.0; nmult =    522
inout (power) : iter =    507 ; odelta = 5.187882e-06 ; dt =    72.1; nmult =    523
inout (power) : iter =    508 ; odelta = 5.116902e-06 ; dt =    72.2; nmult =    524
inout (power) : iter =    509 ; odelta = 5.046900e-06 ; dt =    72.4; nmult =    525
inout (power) : iter =    510 ; odelta = 4.977859e-06 ; dt =    72.5; nmult =    526
inout (power) : iter =    511 ; odelta = 4.909767e-06 ; dt =    72.6; nmult =    527
inout (power) : iter =    512 ; odelta = 4.842609e-06 ; dt =    72.8; nmult =    528
inout (power) : iter =    513 ; odelta = 4.776374e-06 ; dt =    72.9; nmult =    529
inout (power) : iter =    514 ; odelta = 4.711048e-06 ; dt =    73.0; nmult =    530
inout (power) : iter =    515 ; odelta = 4.646619e-06 ; dt =    73.2; nmult =    531
inout (power) : iter =    516 ; odelta = 4.583075e-06 ; dt =    73.3; nmult =    532
inout (power) : iter =    517 ; odelta = 4.520402e-06 ; dt =    73.5; nmult =    533
inout (power) : iter =    518 ; odelta = 4.458591e-06 ; dt =    73.6; nmult =    534
inout (power) : iter =    519 ; odelta = 4.397627e-06 ; dt =    73.7; nmult =    535
inout (power) : iter =    520 ; odelta = 4.337500e-06 ; dt =    73.9; nmult =    536
inout (power) : iter =    521 ; odelta = 4.278199e-06 ; dt =    74.0; nmult =    537
inout (power) : iter =    522 ; odelta = 4.219711e-06 ; dt =    74.1; nmult =    538
inout (power) : iter =    523 ; odelta = 4.162026e-06 ; dt =    74.3; nmult =    539
inout (power) : iter =    524 ; odelta = 4.105132e-06 ; dt =    74.4; nmult =    540
inout (power) : iter =    525 ; odelta = 4.049019e-06 ; dt =    74.6; nmult =    541
inout (power) : iter =    526 ; odelta = 3.993676e-06 ; dt =    74.7; nmult =    542
inout (power) : iter =    527 ; odelta = 3.939092e-06 ; dt =    74.8; nmult =    543
inout (power) : iter =    528 ; odelta = 3.885257e-06 ; dt =    75.0; nmult =    544
inout (power) : iter =    529 ; odelta = 3.832161e-06 ; dt =    75.1; nmult =    545
inout (power) : iter =    530 ; odelta = 3.779793e-06 ; dt =    75.2; nmult =    546
inout (power) : iter =    531 ; odelta = 3.728142e-06 ; dt =    75.4; nmult =    547
inout (power) : iter =    532 ; odelta = 3.677201e-06 ; dt =    75.5; nmult =    548
inout (power) : iter =    533 ; odelta = 3.626958e-06 ; dt =    75.7; nmult =    549
inout (power) : iter =    534 ; odelta = 3.577404e-06 ; dt =    75.8; nmult =    550
inout (power) : iter =    535 ; odelta = 3.528529e-06 ; dt =    75.9; nmult =    551
inout (power) : iter =    536 ; odelta = 3.480325e-06 ; dt =    76.1; nmult =    552
inout (power) : iter =    537 ; odelta = 3.432781e-06 ; dt =    76.2; nmult =    553
inout (power) : iter =    538 ; odelta = 3.385890e-06 ; dt =    76.3; nmult =    554
inout (power) : iter =    539 ; odelta = 3.339641e-06 ; dt =    76.5; nmult =    555
inout (power) : iter =    540 ; odelta = 3.294026e-06 ; dt =    76.6; nmult =    556
inout (power) : iter =    541 ; odelta = 3.249037e-06 ; dt =    76.8; nmult =    557
inout (power) : iter =    542 ; odelta = 3.204664e-06 ; dt =    76.9; nmult =    558
inout (power) : iter =    543 ; odelta = 3.160899e-06 ; dt =    77.0; nmult =    559
inout (power) : iter =    544 ; odelta = 3.117734e-06 ; dt =    77.2; nmult =    560
inout (power) : iter =    545 ; odelta = 3.075161e-06 ; dt =    77.3; nmult =    561
inout (power) : iter =    546 ; odelta = 3.033171e-06 ; dt =    77.4; nmult =    562
inout (power) : iter =    547 ; odelta = 2.991757e-06 ; dt =    77.6; nmult =    563
inout (power) : iter =    548 ; odelta = 2.950909e-06 ; dt =    77.7; nmult =    564
inout (power) : iter =    549 ; odelta = 2.910622e-06 ; dt =    77.9; nmult =    565
inout (power) : iter =    550 ; odelta = 2.870887e-06 ; dt =    78.0; nmult =    566
inout (power) : iter =    551 ; odelta = 2.831695e-06 ; dt =    78.1; nmult =    567
inout (power) : iter =    552 ; odelta = 2.793041e-06 ; dt =    78.3; nmult =    568
inout (power) : iter =    553 ; odelta = 2.754917e-06 ; dt =    78.4; nmult =    569
inout (power) : iter =    554 ; odelta = 2.717314e-06 ; dt =    78.5; nmult =    570
inout (power) : iter =    555 ; odelta = 2.680227e-06 ; dt =    78.7; nmult =    571
inout (power) : iter =    556 ; odelta = 2.643647e-06 ; dt =    78.8; nmult =    572
inout (power) : iter =    557 ; odelta = 2.607568e-06 ; dt =    79.0; nmult =    573
inout (power) : iter =    558 ; odelta = 2.571984e-06 ; dt =    79.1; nmult =    574
inout (power) : iter =    559 ; odelta = 2.536887e-06 ; dt =    79.2; nmult =    575
inout (power) : iter =    560 ; odelta = 2.502270e-06 ; dt =    79.4; nmult =    576
inout (power) : iter =    561 ; odelta = 2.468127e-06 ; dt =    79.5; nmult =    577
inout (power) : iter =    562 ; odelta = 2.434452e-06 ; dt =    79.6; nmult =    578
inout (power) : iter =    563 ; odelta = 2.401238e-06 ; dt =    79.8; nmult =    579
inout (power) : iter =    564 ; odelta = 2.368479e-06 ; dt =    79.9; nmult =    580
inout (power) : iter =    565 ; odelta = 2.336168e-06 ; dt =    80.0; nmult =    581
inout (power) : iter =    566 ; odelta = 2.304299e-06 ; dt =    80.2; nmult =    582
inout (power) : iter =    567 ; odelta = 2.272866e-06 ; dt =    80.3; nmult =    583
inout (power) : iter =    568 ; odelta = 2.241864e-06 ; dt =    80.5; nmult =    584
inout (power) : iter =    569 ; odelta = 2.211286e-06 ; dt =    80.6; nmult =    585
inout (power) : iter =    570 ; odelta = 2.181126e-06 ; dt =    80.7; nmult =    586
inout (power) : iter =    571 ; odelta = 2.151380e-06 ; dt =    80.9; nmult =    587
inout (power) : iter =    572 ; odelta = 2.122040e-06 ; dt =    81.0; nmult =    588
inout (power) : iter =    573 ; odelta = 2.093102e-06 ; dt =    81.1; nmult =    589
inout (power) : iter =    574 ; odelta = 2.064559e-06 ; dt =    81.3; nmult =    590
inout (power) : iter =    575 ; odelta = 2.036408e-06 ; dt =    81.4; nmult =    591
inout (power) : iter =    576 ; odelta = 2.008641e-06 ; dt =    81.6; nmult =    592
inout (power) : iter =    577 ; odelta = 1.981254e-06 ; dt =    81.7; nmult =    593
inout (power) : iter =    578 ; odelta = 1.954242e-06 ; dt =    81.8; nmult =    594
inout (power) : iter =    579 ; odelta = 1.927599e-06 ; dt =    82.0; nmult =    595
inout (power) : iter =    580 ; odelta = 1.901321e-06 ; dt =    82.1; nmult =    596
inout (power) : iter =    581 ; odelta = 1.875402e-06 ; dt =    82.2; nmult =    597
inout (power) : iter =    582 ; odelta = 1.849838e-06 ; dt =    82.4; nmult =    598
inout (power) : iter =    583 ; odelta = 1.824623e-06 ; dt =    82.5; nmult =    599
inout (power) : iter =    584 ; odelta = 1.799753e-06 ; dt =    82.7; nmult =    600
inout (power) : iter =    585 ; odelta = 1.775224e-06 ; dt =    82.8; nmult =    601
inout (power) : iter =    586 ; odelta = 1.751029e-06 ; dt =    82.9; nmult =    602
inout (power) : iter =    587 ; odelta = 1.727166e-06 ; dt =    83.1; nmult =    603
inout (power) : iter =    588 ; odelta = 1.703629e-06 ; dt =    83.2; nmult =    604
inout (power) : iter =    589 ; odelta = 1.680413e-06 ; dt =    83.3; nmult =    605
inout (power) : iter =    590 ; odelta = 1.657515e-06 ; dt =    83.5; nmult =    606
inout (power) : iter =    591 ; odelta = 1.634930e-06 ; dt =    83.6; nmult =    607
inout (power) : iter =    592 ; odelta = 1.612654e-06 ; dt =    83.8; nmult =    608
inout (power) : iter =    593 ; odelta = 1.590682e-06 ; dt =    83.9; nmult =    609
inout (power) : iter =    594 ; odelta = 1.569011e-06 ; dt =    84.0; nmult =    610
inout (power) : iter =    595 ; odelta = 1.547635e-06 ; dt =    84.2; nmult =    611
inout (power) : iter =    596 ; odelta = 1.526552e-06 ; dt =    84.3; nmult =    612
inout (power) : iter =    597 ; odelta = 1.505757e-06 ; dt =    84.4; nmult =    613
inout (power) : iter =    598 ; odelta = 1.485246e-06 ; dt =    84.6; nmult =    614
inout (power) : iter =    599 ; odelta = 1.465016e-06 ; dt =    84.7; nmult =    615
inout (power) : iter =    600 ; odelta = 1.445062e-06 ; dt =    84.9; nmult =    616
inout (power) : iter =    601 ; odelta = 1.425381e-06 ; dt =    85.0; nmult =    617
inout (power) : iter =    602 ; odelta = 1.405968e-06 ; dt =    85.1; nmult =    618
inout (power) : iter =    603 ; odelta = 1.386821e-06 ; dt =    85.3; nmult =    619
inout (power) : iter =    604 ; odelta = 1.367935e-06 ; dt =    85.4; nmult =    620
inout (power) : iter =    605 ; odelta = 1.349307e-06 ; dt =    85.5; nmult =    621
inout (power) : iter =    606 ; odelta = 1.330934e-06 ; dt =    85.7; nmult =    622
inout (power) : iter =    607 ; odelta = 1.312812e-06 ; dt =    85.8; nmult =    623
inout (power) : iter =    608 ; odelta = 1.294937e-06 ; dt =    85.9; nmult =    624
inout (power) : iter =    609 ; odelta = 1.277307e-06 ; dt =    86.1; nmult =    625
inout (power) : iter =    610 ; odelta = 1.259917e-06 ; dt =    86.2; nmult =    626
inout (power) : iter =    611 ; odelta = 1.242765e-06 ; dt =    86.4; nmult =    627
inout (power) : iter =    612 ; odelta = 1.225847e-06 ; dt =    86.5; nmult =    628
inout (power) : iter =    613 ; odelta = 1.209160e-06 ; dt =    86.6; nmult =    629
inout (power) : iter =    614 ; odelta = 1.192701e-06 ; dt =    86.8; nmult =    630
inout (power) : iter =    615 ; odelta = 1.176466e-06 ; dt =    86.9; nmult =    631
inout (power) : iter =    616 ; odelta = 1.160454e-06 ; dt =    87.0; nmult =    632
inout (power) : iter =    617 ; odelta = 1.144660e-06 ; dt =    87.2; nmult =    633
inout (power) : iter =    618 ; odelta = 1.129081e-06 ; dt =    87.3; nmult =    634
inout (power) : iter =    619 ; odelta = 1.113716e-06 ; dt =    87.5; nmult =    635
inout (power) : iter =    620 ; odelta = 1.098560e-06 ; dt =    87.6; nmult =    636
inout (power) : iter =    621 ; odelta = 1.083611e-06 ; dt =    87.7; nmult =    637
inout (power) : iter =    622 ; odelta = 1.068866e-06 ; dt =    87.9; nmult =    638
inout (power) : iter =    623 ; odelta = 1.054322e-06 ; dt =    88.0; nmult =    639
inout (power) : iter =    624 ; odelta = 1.039977e-06 ; dt =    88.1; nmult =    640
inout (power) : iter =    625 ; odelta = 1.025827e-06 ; dt =    88.3; nmult =    641
inout (power) : iter =    626 ; odelta = 1.011871e-06 ; dt =    88.4; nmult =    642
inout (power) : iter =    627 ; odelta = 9.981050e-07 ; dt =    88.6; nmult =    643
inout (power) : iter =    628 ; odelta = 9.845269e-07 ; dt =    88.7; nmult =    644
inout (power) : iter =    629 ; odelta = 9.711342e-07 ; dt =    88.8; nmult =    645
inout (power) : iter =    630 ; odelta = 9.579243e-07 ; dt =    89.0; nmult =    646
inout (power) : iter =    631 ; odelta = 9.448945e-07 ; dt =    89.1; nmult =    647
inout (power) : iter =    632 ; odelta = 9.320426e-07 ; dt =    89.2; nmult =    648
inout (power) : iter =    633 ; odelta = 9.193660e-07 ; dt =    89.4; nmult =    649
inout (power) : iter =    634 ; odelta = 9.068623e-07 ; dt =    89.5; nmult =    650
inout (power) : iter =    635 ; odelta = 8.945293e-07 ; dt =    89.7; nmult =    651
inout (power) : iter =    636 ; odelta = 8.823644e-07 ; dt =    89.8; nmult =    652
inout (power) : iter =    637 ; odelta = 8.703655e-07 ; dt =    89.9; nmult =    653
inout (power) : iter =    638 ; odelta = 8.585303e-07 ; dt =    90.1; nmult =    654
inout (power) : iter =    639 ; odelta = 8.468565e-07 ; dt =    90.2; nmult =    655
inout (power) : iter =    640 ; odelta = 8.353420e-07 ; dt =    90.3; nmult =    656
inout (power) : iter =    641 ; odelta = 8.239844e-07 ; dt =    90.5; nmult =    657
inout (power) : iter =    642 ; odelta = 8.127818e-07 ; dt =    90.6; nmult =    658
inout (power) : iter =    643 ; odelta = 8.017320e-07 ; dt =    90.8; nmult =    659
inout (power) : iter =    644 ; odelta = 7.908328e-07 ; dt =    90.9; nmult =    660
inout (power) : iter =    645 ; odelta = 7.800822e-07 ; dt =    91.0; nmult =    661
inout (power) : iter =    646 ; odelta = 7.694783e-07 ; dt =    91.2; nmult =    662
inout (power) : iter =    647 ; odelta = 7.590189e-07 ; dt =    91.3; nmult =    663
inout (power) : iter =    648 ; odelta = 7.487022e-07 ; dt =    91.4; nmult =    664
inout (power) : iter =    649 ; odelta = 7.385260e-07 ; dt =    91.6; nmult =    665
inout (power) : iter =    650 ; odelta = 7.284887e-07 ; dt =    91.7; nmult =    666
inout (power) : iter =    651 ; odelta = 7.185881e-07 ; dt =    91.9; nmult =    667
inout (power) : iter =    652 ; odelta = 7.088226e-07 ; dt =    92.0; nmult =    668
inout (power) : iter =    653 ; odelta = 6.991901e-07 ; dt =    92.1; nmult =    669
inout (power) : iter =    654 ; odelta = 6.896889e-07 ; dt =    92.3; nmult =    670
inout (power) : iter =    655 ; odelta = 6.803173e-07 ; dt =    92.4; nmult =    671
inout (power) : iter =    656 ; odelta = 6.710734e-07 ; dt =    92.5; nmult =    672
inout (power) : iter =    657 ; odelta = 6.619554e-07 ; dt =    92.7; nmult =    673
inout (power) : iter =    658 ; odelta = 6.529618e-07 ; dt =    92.8; nmult =    674
inout (power) : iter =    659 ; odelta = 6.440907e-07 ; dt =    92.9; nmult =    675
inout (power) : iter =    660 ; odelta = 6.353404e-07 ; dt =    93.1; nmult =    676
inout (power) : iter =    661 ; odelta = 6.267095e-07 ; dt =    93.2; nmult =    677
inout (power) : iter =    662 ; odelta = 6.181961e-07 ; dt =    93.4; nmult =    678
inout (power) : iter =    663 ; odelta = 6.097987e-07 ; dt =    93.5; nmult =    679
inout (power) : iter =    664 ; odelta = 6.015158e-07 ; dt =    93.6; nmult =    680
inout (power) : iter =    665 ; odelta = 5.933456e-07 ; dt =    93.8; nmult =    681
inout (power) : iter =    666 ; odelta = 5.852868e-07 ; dt =    93.9; nmult =    682
inout (power) : iter =    667 ; odelta = 5.773378e-07 ; dt =    94.0; nmult =    683
inout (power) : iter =    668 ; odelta = 5.694971e-07 ; dt =    94.2; nmult =    684
inout (power) : iter =    669 ; odelta = 5.617632e-07 ; dt =    94.3; nmult =    685
inout (power) : iter =    670 ; odelta = 5.541346e-07 ; dt =    94.5; nmult =    686
inout (power) : iter =    671 ; odelta = 5.466099e-07 ; dt =    94.6; nmult =    687
inout (power) : iter =    672 ; odelta = 5.391878e-07 ; dt =    94.7; nmult =    688
inout (power) : iter =    673 ; odelta = 5.318667e-07 ; dt =    94.9; nmult =    689
inout (power) : iter =    674 ; odelta = 5.246453e-07 ; dt =    95.0; nmult =    690
inout (power) : iter =    675 ; odelta = 5.175222e-07 ; dt =    95.1; nmult =    691
inout (power) : iter =    676 ; odelta = 5.104962e-07 ; dt =    95.3; nmult =    692
inout (power) : iter =    677 ; odelta = 5.035659e-07 ; dt =    95.4; nmult =    693
inout (power) : iter =    678 ; odelta = 4.967299e-07 ; dt =    95.6; nmult =    694
inout (power) : iter =    679 ; odelta = 4.899870e-07 ; dt =    95.7; nmult =    695
inout (power) : iter =    680 ; odelta = 4.833359e-07 ; dt =    95.8; nmult =    696
inout (power) : iter =    681 ; odelta = 4.767753e-07 ; dt =    96.0; nmult =    697
inout (power) : iter =    682 ; odelta = 4.703041e-07 ; dt =    96.1; nmult =    698
inout (power) : iter =    683 ; odelta = 4.639210e-07 ; dt =    96.2; nmult =    699
inout (power) : iter =    684 ; odelta = 4.576247e-07 ; dt =    96.4; nmult =    700
inout (power) : iter =    685 ; odelta = 4.514142e-07 ; dt =    96.5; nmult =    701
inout (power) : iter =    686 ; odelta = 4.452882e-07 ; dt =    96.7; nmult =    702
inout (power) : iter =    687 ; odelta = 4.392456e-07 ; dt =    96.8; nmult =    703
inout (power) : iter =    688 ; odelta = 4.332853e-07 ; dt =    96.9; nmult =    704
inout (power) : iter =    689 ; odelta = 4.274061e-07 ; dt =    97.1; nmult =    705
inout (power) : iter =    690 ; odelta = 4.216069e-07 ; dt =    97.2; nmult =    706
inout (power) : iter =    691 ; odelta = 4.158866e-07 ; dt =    97.3; nmult =    707
inout (power) : iter =    692 ; odelta = 4.102441e-07 ; dt =    97.5; nmult =    708
inout (power) : iter =    693 ; odelta = 4.046785e-07 ; dt =    97.6; nmult =    709
inout (power) : iter =    694 ; odelta = 3.991886e-07 ; dt =    97.8; nmult =    710
inout (power) : iter =    695 ; odelta = 3.937734e-07 ; dt =    97.9; nmult =    711
inout (power) : iter =    696 ; odelta = 3.884321e-07 ; dt =    98.0; nmult =    712
inout (power) : iter =    697 ; odelta = 3.831635e-07 ; dt =    98.2; nmult =    713
inout (power) : iter =    698 ; odelta = 3.779667e-07 ; dt =    98.3; nmult =    714
inout (power) : iter =    699 ; odelta = 3.728408e-07 ; dt =    98.4; nmult =    715
inout (power) : iter =    700 ; odelta = 3.677847e-07 ; dt =    98.6; nmult =    716
inout (power) : iter =    701 ; odelta = 3.627976e-07 ; dt =    98.7; nmult =    717
inout (power) : iter =    702 ; odelta = 3.578786e-07 ; dt =    98.9; nmult =    718
inout (power) : iter =    703 ; odelta = 3.530267e-07 ; dt =    99.0; nmult =    719
inout (power) : iter =    704 ; odelta = 3.482442e-07 ; dt =    99.1; nmult =    720
inout (power) : iter =    705 ; odelta = 3.435291e-07 ; dt =    99.3; nmult =    721
inout (power) : iter =    706 ; odelta = 3.388782e-07 ; dt =    99.4; nmult =    722
inout (power) : iter =    707 ; odelta = 3.342905e-07 ; dt =    99.5; nmult =    723
inout (power) : iter =    708 ; odelta = 3.297651e-07 ; dt =    99.7; nmult =    724
inout (power) : iter =    709 ; odelta = 3.253012e-07 ; dt =    99.8; nmult =    725
inout (power) : iter =    710 ; odelta = 3.208979e-07 ; dt =    99.9; nmult =    726
inout (power) : iter =    711 ; odelta = 3.165544e-07 ; dt =   100.1; nmult =    727
inout (power) : iter =    712 ; odelta = 3.122699e-07 ; dt =   100.2; nmult =    728
inout (power) : iter =    713 ; odelta = 3.080436e-07 ; dt =   100.4; nmult =    729
inout (power) : iter =    714 ; odelta = 3.038747e-07 ; dt =   100.5; nmult =    730
inout (power) : iter =    715 ; odelta = 2.997624e-07 ; dt =   100.6; nmult =    731
inout (power) : iter =    716 ; odelta = 2.957059e-07 ; dt =   100.8; nmult =    732
inout (power) : iter =    717 ; odelta = 2.917047e-07 ; dt =   100.9; nmult =    733
inout (power) : iter =    718 ; odelta = 2.877580e-07 ; dt =   101.0; nmult =    734
inout (power) : iter =    719 ; odelta = 2.838648e-07 ; dt =   101.2; nmult =    735
inout (power) : iter =    720 ; odelta = 2.800245e-07 ; dt =   101.3; nmult =    736
inout (power) : iter =    721 ; odelta = 2.762364e-07 ; dt =   101.5; nmult =    737
inout (power) : iter =    722 ; odelta = 2.724997e-07 ; dt =   101.6; nmult =    738
inout (power) : iter =    723 ; odelta = 2.688137e-07 ; dt =   101.7; nmult =    739
inout (power) : iter =    724 ; odelta = 2.651777e-07 ; dt =   101.9; nmult =    740
inout (power) : iter =    725 ; odelta = 2.615911e-07 ; dt =   102.0; nmult =    741
inout (power) : iter =    726 ; odelta = 2.580531e-07 ; dt =   102.1; nmult =    742
inout (power) : iter =    727 ; odelta = 2.545632e-07 ; dt =   102.3; nmult =    743
inout (power) : iter =    728 ; odelta = 2.511206e-07 ; dt =   102.4; nmult =    744
inout (power) : iter =    729 ; odelta = 2.477248e-07 ; dt =   102.6; nmult =    745
inout (power) : iter =    730 ; odelta = 2.443750e-07 ; dt =   102.7; nmult =    746
inout (power) : iter =    731 ; odelta = 2.410707e-07 ; dt =   102.8; nmult =    747
inout (power) : iter =    732 ; odelta = 2.378113e-07 ; dt =   103.0; nmult =    748
inout (power) : iter =    733 ; odelta = 2.345961e-07 ; dt =   103.1; nmult =    749
inout (power) : iter =    734 ; odelta = 2.314248e-07 ; dt =   103.2; nmult =    750
inout (power) : iter =    735 ; odelta = 2.282966e-07 ; dt =   103.4; nmult =    751
inout (power) : iter =    736 ; odelta = 2.252110e-07 ; dt =   103.5; nmult =    752
inout (power) : iter =    737 ; odelta = 2.221676e-07 ; dt =   103.7; nmult =    753
inout (power) : iter =    738 ; odelta = 2.191654e-07 ; dt =   103.8; nmult =    754
inout (power) : iter =    739 ; odelta = 2.162039e-07 ; dt =   103.9; nmult =    755
inout (power) : iter =    740 ; odelta = 2.132826e-07 ; dt =   104.1; nmult =    756
inout (power) : iter =    741 ; odelta = 2.104016e-07 ; dt =   104.2; nmult =    757
inout (power) : iter =    742 ; odelta = 2.075623e-07 ; dt =   104.3; nmult =    758
inout (power) : iter =    743 ; odelta = 2.047652e-07 ; dt =   104.5; nmult =    759
inout (power) : iter =    744 ; odelta = 2.020180e-07 ; dt =   104.6; nmult =    760
inout (power) : iter =    745 ; odelta = 1.993180e-07 ; dt =   104.8; nmult =    761
inout (power) : iter =    746 ; odelta = 1.966631e-07 ; dt =   104.9; nmult =    762
inout (power) : iter =    747 ; odelta = 1.940457e-07 ; dt =   105.0; nmult =    763
inout (power) : iter =    748 ; odelta = 1.914634e-07 ; dt =   105.2; nmult =    764
inout (power) : iter =    749 ; odelta = 1.889158e-07 ; dt =   105.3; nmult =    765
inout (power) : iter =    750 ; odelta = 1.864022e-07 ; dt =   105.4; nmult =    766
inout (power) : iter =    751 ; odelta = 1.839229e-07 ; dt =   105.6; nmult =    767
inout (power) : iter =    752 ; odelta = 1.814768e-07 ; dt =   105.7; nmult =    768
inout (power) : iter =    753 ; odelta = 1.790636e-07 ; dt =   105.8; nmult =    769
inout (power) : iter =    754 ; odelta = 1.766827e-07 ; dt =   106.0; nmult =    770
inout (power) : iter =    755 ; odelta = 1.743337e-07 ; dt =   106.1; nmult =    771
inout (power) : iter =    756 ; odelta = 1.720161e-07 ; dt =   106.3; nmult =    772
inout (power) : iter =    757 ; odelta = 1.697297e-07 ; dt =   106.4; nmult =    773
inout (power) : iter =    758 ; odelta = 1.674740e-07 ; dt =   106.5; nmult =    774
inout (power) : iter =    759 ; odelta = 1.652484e-07 ; dt =   106.7; nmult =    775
inout (power) : iter =    760 ; odelta = 1.630527e-07 ; dt =   106.8; nmult =    776
inout (power) : iter =    761 ; odelta = 1.608863e-07 ; dt =   106.9; nmult =    777
inout (power) : iter =    762 ; odelta = 1.587498e-07 ; dt =   107.1; nmult =    778
inout (power) : iter =    763 ; odelta = 1.566434e-07 ; dt =   107.2; nmult =    779
inout (power) : iter =    764 ; odelta = 1.545653e-07 ; dt =   107.4; nmult =    780
inout (power) : iter =    765 ; odelta = 1.525151e-07 ; dt =   107.5; nmult =    781
inout (power) : iter =    766 ; odelta = 1.504924e-07 ; dt =   107.6; nmult =    782
inout (power) : iter =    767 ; odelta = 1.484968e-07 ; dt =   107.8; nmult =    783
inout (power) : iter =    768 ; odelta = 1.465280e-07 ; dt =   107.9; nmult =    784
inout (power) : iter =    769 ; odelta = 1.445861e-07 ; dt =   108.0; nmult =    785
inout (power) : iter =    770 ; odelta = 1.426707e-07 ; dt =   108.2; nmult =    786
inout (power) : iter =    771 ; odelta = 1.407833e-07 ; dt =   108.3; nmult =    787
inout (power) : iter =    772 ; odelta = 1.389237e-07 ; dt =   108.5; nmult =    788
inout (power) : iter =    773 ; odelta = 1.371074e-07 ; dt =   108.6; nmult =    789
inout (power) : iter =    774 ; odelta = 1.353424e-07 ; dt =   108.7; nmult =    790
inout (power) : iter =    775 ; odelta = 1.336129e-07 ; dt =   108.9; nmult =    791
inout (power) : iter =    776 ; odelta = 1.319082e-07 ; dt =   109.0; nmult =    792
inout (power) : iter =    777 ; odelta = 1.302256e-07 ; dt =   109.1; nmult =    793
inout (power) : iter =    778 ; odelta = 1.285647e-07 ; dt =   109.3; nmult =    794
inout (power) : iter =    779 ; odelta = 1.269253e-07 ; dt =   109.4; nmult =    795
inout (power) : iter =    780 ; odelta = 1.253071e-07 ; dt =   109.6; nmult =    796
inout (power) : iter =    781 ; odelta = 1.237099e-07 ; dt =   109.7; nmult =    797
inout (power) : iter =    782 ; odelta = 1.221333e-07 ; dt =   109.8; nmult =    798
inout (power) : iter =    783 ; odelta = 1.205771e-07 ; dt =   110.0; nmult =    799
inout (power) : iter =    784 ; odelta = 1.190411e-07 ; dt =   110.1; nmult =    800
inout (power) : iter =    785 ; odelta = 1.175249e-07 ; dt =   110.2; nmult =    801
inout (power) : iter =    786 ; odelta = 1.160283e-07 ; dt =   110.4; nmult =    802
inout (power) : iter =    787 ; odelta = 1.145510e-07 ; dt =   110.5; nmult =    803
inout (power) : iter =    788 ; odelta = 1.130928e-07 ; dt =   110.7; nmult =    804
inout (power) : iter =    789 ; odelta = 1.116535e-07 ; dt =   110.8; nmult =    805
inout (power) : iter =    790 ; odelta = 1.102327e-07 ; dt =   110.9; nmult =    806
inout (power) : iter =    791 ; odelta = 1.088303e-07 ; dt =   111.1; nmult =    807
inout (power) : iter =    792 ; odelta = 1.074461e-07 ; dt =   111.2; nmult =    808
inout (power) : iter =    793 ; odelta = 1.060796e-07 ; dt =   111.3; nmult =    809
inout (power) : iter =    794 ; odelta = 1.047309e-07 ; dt =   111.5; nmult =    810
inout (power) : iter =    795 ; odelta = 1.033995e-07 ; dt =   111.6; nmult =    811
inout (power) : iter =    796 ; odelta = 1.020853e-07 ; dt =   111.7; nmult =    812
inout (power) : iter =    797 ; odelta = 1.007881e-07 ; dt =   111.9; nmult =    813
inout (power) : iter =    798 ; odelta = 9.950757e-08 ; dt =   112.0; nmult =    814
inout (power) : iter =    799 ; odelta = 9.824359e-08 ; dt =   112.2; nmult =    815
inout (power) : iter =    800 ; odelta = 9.699591e-08 ; dt =   112.3; nmult =    816
inout (power) : iter =    801 ; odelta = 9.576431e-08 ; dt =   112.4; nmult =    817
inout (power) : iter =    802 ; odelta = 9.454859e-08 ; dt =   112.6; nmult =    818
inout (power) : iter =    803 ; odelta = 9.334853e-08 ; dt =   112.7; nmult =    819
inout (power) : iter =    804 ; odelta = 9.216395e-08 ; dt =   112.8; nmult =    820
inout (power) : iter =    805 ; odelta = 9.099462e-08 ; dt =   113.0; nmult =    821
inout (power) : iter =    806 ; odelta = 8.984036e-08 ; dt =   113.1; nmult =    822
inout (power) : iter =    807 ; odelta = 8.870097e-08 ; dt =   113.3; nmult =    823
inout (power) : iter =    808 ; odelta = 8.757625e-08 ; dt =   113.4; nmult =    824
inout (power) : iter =    809 ; odelta = 8.646601e-08 ; dt =   113.5; nmult =    825
inout (power) : iter =    810 ; odelta = 8.537006e-08 ; dt =   113.7; nmult =    826
inout (power) : iter =    811 ; odelta = 8.428822e-08 ; dt =   113.8; nmult =    827
inout (power) : iter =    812 ; odelta = 8.322030e-08 ; dt =   113.9; nmult =    828
inout (power) : iter =    813 ; odelta = 8.216612e-08 ; dt =   114.1; nmult =    829
inout (power) : iter =    814 ; odelta = 8.112550e-08 ; dt =   114.2; nmult =    830
inout (power) : iter =    815 ; odelta = 8.009827e-08 ; dt =   114.4; nmult =    831
inout (power) : iter =    816 ; odelta = 7.908424e-08 ; dt =   114.5; nmult =    832
inout (power) : iter =    817 ; odelta = 7.808326e-08 ; dt =   114.6; nmult =    833
inout (power) : iter =    818 ; odelta = 7.709514e-08 ; dt =   114.8; nmult =    834
inout (power) : iter =    819 ; odelta = 7.611972e-08 ; dt =   114.9; nmult =    835
inout (power) : iter =    820 ; odelta = 7.515683e-08 ; dt =   115.0; nmult =    836
inout (power) : iter =    821 ; odelta = 7.420632e-08 ; dt =   115.2; nmult =    837
inout (power) : iter =    822 ; odelta = 7.326802e-08 ; dt =   115.3; nmult =    838
inout (power) : iter =    823 ; odelta = 7.234177e-08 ; dt =   115.5; nmult =    839
inout (power) : iter =    824 ; odelta = 7.142741e-08 ; dt =   115.6; nmult =    840
inout (power) : iter =    825 ; odelta = 7.052479e-08 ; dt =   115.7; nmult =    841
inout (power) : iter =    826 ; odelta = 6.963376e-08 ; dt =   115.9; nmult =    842
inout (power) : iter =    827 ; odelta = 6.875417e-08 ; dt =   116.0; nmult =    843
inout (power) : iter =    828 ; odelta = 6.788586e-08 ; dt =   116.1; nmult =    844
inout (power) : iter =    829 ; odelta = 6.702869e-08 ; dt =   116.3; nmult =    845
inout (power) : iter =    830 ; odelta = 6.618254e-08 ; dt =   116.4; nmult =    846
inout (power) : iter =    831 ; odelta = 6.534724e-08 ; dt =   116.6; nmult =    847
inout (power) : iter =    832 ; odelta = 6.452266e-08 ; dt =   116.7; nmult =    848
inout (power) : iter =    833 ; odelta = 6.370865e-08 ; dt =   116.8; nmult =    849
inout (power) : iter =    834 ; odelta = 6.290509e-08 ; dt =   117.0; nmult =    850
inout (power) : iter =    835 ; odelta = 6.211189e-08 ; dt =   117.1; nmult =    851
inout (power) : iter =    836 ; odelta = 6.132905e-08 ; dt =   117.2; nmult =    852
inout (power) : iter =    837 ; odelta = 6.055645e-08 ; dt =   117.4; nmult =    853
inout (power) : iter =    838 ; odelta = 5.979379e-08 ; dt =   117.5; nmult =    854
inout (power) : iter =    839 ; odelta = 5.904124e-08 ; dt =   117.7; nmult =    855
inout (power) : iter =    840 ; odelta = 5.829835e-08 ; dt =   117.8; nmult =    856
inout (power) : iter =    841 ; odelta = 5.756496e-08 ; dt =   117.9; nmult =    857
inout (power) : iter =    842 ; odelta = 5.684095e-08 ; dt =   118.1; nmult =    858
inout (power) : iter =    843 ; odelta = 5.612620e-08 ; dt =   118.2; nmult =    859
inout (power) : iter =    844 ; odelta = 5.542058e-08 ; dt =   118.3; nmult =    860
inout (power) : iter =    845 ; odelta = 5.472399e-08 ; dt =   118.5; nmult =    861
inout (power) : iter =    846 ; odelta = 5.403633e-08 ; dt =   118.6; nmult =    862
inout (power) : iter =    847 ; odelta = 5.335759e-08 ; dt =   118.7; nmult =    863
inout (power) : iter =    848 ; odelta = 5.268778e-08 ; dt =   118.9; nmult =    864
inout (power) : iter =    849 ; odelta = 5.202651e-08 ; dt =   119.0; nmult =    865
inout (power) : iter =    850 ; odelta = 5.137369e-08 ; dt =   119.2; nmult =    866
inout (power) : iter =    851 ; odelta = 5.072919e-08 ; dt =   119.3; nmult =    867
inout (power) : iter =    852 ; odelta = 5.009291e-08 ; dt =   119.4; nmult =    868
inout (power) : iter =    853 ; odelta = 4.946475e-08 ; dt =   119.6; nmult =    869
inout (power) : iter =    854 ; odelta = 4.884459e-08 ; dt =   119.7; nmult =    870
inout (power) : iter =    855 ; odelta = 4.823235e-08 ; dt =   119.8; nmult =    871
inout (power) : iter =    856 ; odelta = 4.762790e-08 ; dt =   120.0; nmult =    872
inout (power) : iter =    857 ; odelta = 4.703115e-08 ; dt =   120.1; nmult =    873
inout (power) : iter =    858 ; odelta = 4.644201e-08 ; dt =   120.3; nmult =    874
inout (power) : iter =    859 ; odelta = 4.586037e-08 ; dt =   120.4; nmult =    875
inout (power) : iter =    860 ; odelta = 4.528614e-08 ; dt =   120.5; nmult =    876
inout (power) : iter =    861 ; odelta = 4.471922e-08 ; dt =   120.7; nmult =    877
inout (power) : iter =    862 ; odelta = 4.415952e-08 ; dt =   120.8; nmult =    878
inout (power) : iter =    863 ; odelta = 4.360694e-08 ; dt =   120.9; nmult =    879
inout (power) : iter =    864 ; odelta = 4.306140e-08 ; dt =   121.1; nmult =    880
inout (power) : iter =    865 ; odelta = 4.252279e-08 ; dt =   121.2; nmult =    881
inout (power) : iter =    866 ; odelta = 4.199104e-08 ; dt =   121.4; nmult =    882
inout (power) : iter =    867 ; odelta = 4.146604e-08 ; dt =   121.5; nmult =    883
inout (power) : iter =    868 ; odelta = 4.094773e-08 ; dt =   121.6; nmult =    884
inout (power) : iter =    869 ; odelta = 4.043600e-08 ; dt =   121.8; nmult =    885
inout (power) : iter =    870 ; odelta = 3.993088e-08 ; dt =   121.9; nmult =    886
inout (power) : iter =    871 ; odelta = 3.943236e-08 ; dt =   122.0; nmult =    887
inout (power) : iter =    872 ; odelta = 3.894016e-08 ; dt =   122.2; nmult =    888
inout (power) : iter =    873 ; odelta = 3.845422e-08 ; dt =   122.3; nmult =    889
inout (power) : iter =    874 ; odelta = 3.797444e-08 ; dt =   122.5; nmult =    890
inout (power) : iter =    875 ; odelta = 3.750076e-08 ; dt =   122.6; nmult =    891
inout (power) : iter =    876 ; odelta = 3.703308e-08 ; dt =   122.7; nmult =    892
inout (power) : iter =    877 ; odelta = 3.657134e-08 ; dt =   122.9; nmult =    893
inout (power) : iter =    878 ; odelta = 3.611545e-08 ; dt =   123.0; nmult =    894
inout (power) : iter =    879 ; odelta = 3.566535e-08 ; dt =   123.1; nmult =    895
inout (power) : iter =    880 ; odelta = 3.522096e-08 ; dt =   123.3; nmult =    896
inout (power) : iter =    881 ; odelta = 3.478222e-08 ; dt =   123.4; nmult =    897
inout (power) : iter =    882 ; odelta = 3.434907e-08 ; dt =   123.6; nmult =    898
inout (power) : iter =    883 ; odelta = 3.392140e-08 ; dt =   123.7; nmult =    899
inout (power) : iter =    884 ; odelta = 3.349918e-08 ; dt =   123.8; nmult =    900
inout (power) : iter =    885 ; odelta = 3.308234e-08 ; dt =   124.0; nmult =    901
inout (power) : iter =    886 ; odelta = 3.267083e-08 ; dt =   124.1; nmult =    902
inout (power) : iter =    887 ; odelta = 3.226457e-08 ; dt =   124.2; nmult =    903
inout (power) : iter =    888 ; odelta = 3.186347e-08 ; dt =   124.4; nmult =    904
inout (power) : iter =    889 ; odelta = 3.146754e-08 ; dt =   124.5; nmult =    905
inout (power) : iter =    890 ; odelta = 3.107829e-08 ; dt =   124.7; nmult =    906
inout (power) : iter =    891 ; odelta = 3.069580e-08 ; dt =   124.8; nmult =    907
inout (power) : iter =    892 ; odelta = 3.031862e-08 ; dt =   124.9; nmult =    908
inout (power) : iter =    893 ; odelta = 2.994615e-08 ; dt =   125.1; nmult =    909
inout (power) : iter =    894 ; odelta = 2.957835e-08 ; dt =   125.2; nmult =    910
inout (power) : iter =    895 ; odelta = 2.921515e-08 ; dt =   125.3; nmult =    911
inout (power) : iter =    896 ; odelta = 2.885649e-08 ; dt =   125.5; nmult =    912
inout (power) : iter =    897 ; odelta = 2.850232e-08 ; dt =   125.6; nmult =    913
inout (power) : iter =    898 ; odelta = 2.815258e-08 ; dt =   125.7; nmult =    914
inout (power) : iter =    899 ; odelta = 2.780722e-08 ; dt =   125.9; nmult =    915
inout (power) : iter =    900 ; odelta = 2.746617e-08 ; dt =   126.0; nmult =    916
inout (power) : iter =    901 ; odelta = 2.712938e-08 ; dt =   126.2; nmult =    917
inout (power) : iter =    902 ; odelta = 2.679681e-08 ; dt =   126.3; nmult =    918
inout (power) : iter =    903 ; odelta = 2.646838e-08 ; dt =   126.4; nmult =    919
inout (power) : iter =    904 ; odelta = 2.614407e-08 ; dt =   126.6; nmult =    920
inout (power) : iter =    905 ; odelta = 2.582380e-08 ; dt =   126.7; nmult =    921
inout (power) : iter =    906 ; odelta = 2.550753e-08 ; dt =   126.8; nmult =    922
inout (power) : iter =    907 ; odelta = 2.519520e-08 ; dt =   127.0; nmult =    923
inout (power) : iter =    908 ; odelta = 2.488678e-08 ; dt =   127.1; nmult =    924
inout (power) : iter =    909 ; odelta = 2.458220e-08 ; dt =   127.3; nmult =    925
inout (power) : iter =    910 ; odelta = 2.428142e-08 ; dt =   127.4; nmult =    926
inout (power) : iter =    911 ; odelta = 2.398439e-08 ; dt =   127.5; nmult =    927
inout (power) : iter =    912 ; odelta = 2.369107e-08 ; dt =   127.7; nmult =    928
inout (power) : iter =    913 ; odelta = 2.340140e-08 ; dt =   127.8; nmult =    929
inout (power) : iter =    914 ; odelta = 2.311535e-08 ; dt =   127.9; nmult =    930
inout (power) : iter =    915 ; odelta = 2.283285e-08 ; dt =   128.1; nmult =    931
inout (power) : iter =    916 ; odelta = 2.255388e-08 ; dt =   128.2; nmult =    932
inout (power) : iter =    917 ; odelta = 2.227838e-08 ; dt =   128.4; nmult =    933
inout (power) : iter =    918 ; odelta = 2.200632e-08 ; dt =   128.5; nmult =    934
inout (power) : iter =    919 ; odelta = 2.173763e-08 ; dt =   128.6; nmult =    935
inout (power) : iter =    920 ; odelta = 2.147230e-08 ; dt =   128.8; nmult =    936
inout (power) : iter =    921 ; odelta = 2.121026e-08 ; dt =   128.9; nmult =    937
inout (power) : iter =    922 ; odelta = 2.095149e-08 ; dt =   129.0; nmult =    938
inout (power) : iter =    923 ; odelta = 2.069593e-08 ; dt =   129.2; nmult =    939
inout (power) : iter =    924 ; odelta = 2.044355e-08 ; dt =   129.3; nmult =    940
inout (power) : iter =    925 ; odelta = 2.019431e-08 ; dt =   129.5; nmult =    941
inout (power) : iter =    926 ; odelta = 1.994817e-08 ; dt =   129.6; nmult =    942
inout (power) : iter =    927 ; odelta = 1.970508e-08 ; dt =   129.7; nmult =    943
inout (power) : iter =    928 ; odelta = 1.946502e-08 ; dt =   129.9; nmult =    944
inout (power) : iter =    929 ; odelta = 1.922794e-08 ; dt =   130.0; nmult =    945
inout (power) : iter =    930 ; odelta = 1.899380e-08 ; dt =   130.1; nmult =    946
inout (power) : iter =    931 ; odelta = 1.876257e-08 ; dt =   130.3; nmult =    947
inout (power) : iter =    932 ; odelta = 1.853421e-08 ; dt =   130.4; nmult =    948
inout (power) : iter =    933 ; odelta = 1.830868e-08 ; dt =   130.6; nmult =    949
inout (power) : iter =    934 ; odelta = 1.808595e-08 ; dt =   130.7; nmult =    950
inout (power) : iter =    935 ; odelta = 1.786599e-08 ; dt =   130.8; nmult =    951
inout (power) : iter =    936 ; odelta = 1.764875e-08 ; dt =   131.0; nmult =    952
inout (power) : iter =    937 ; odelta = 1.743421e-08 ; dt =   131.1; nmult =    953
inout (power) : iter =    938 ; odelta = 1.722232e-08 ; dt =   131.2; nmult =    954
inout (power) : iter =    939 ; odelta = 1.701306e-08 ; dt =   131.4; nmult =    955
inout (power) : iter =    940 ; odelta = 1.680640e-08 ; dt =   131.5; nmult =    956
inout (power) : iter =    941 ; odelta = 1.660229e-08 ; dt =   131.7; nmult =    957
inout (power) : iter =    942 ; odelta = 1.640071e-08 ; dt =   131.8; nmult =    958
inout (power) : iter =    943 ; odelta = 1.620163e-08 ; dt =   131.9; nmult =    959
inout (power) : iter =    944 ; odelta = 1.600501e-08 ; dt =   132.1; nmult =    960
inout (power) : iter =    945 ; odelta = 1.581083e-08 ; dt =   132.2; nmult =    961
inout (power) : iter =    946 ; odelta = 1.561905e-08 ; dt =   132.3; nmult =    962
inout (power) : iter =    947 ; odelta = 1.542964e-08 ; dt =   132.5; nmult =    963
inout (power) : iter =    948 ; odelta = 1.524257e-08 ; dt =   132.6; nmult =    964
inout (power) : iter =    949 ; odelta = 1.505782e-08 ; dt =   132.7; nmult =    965
inout (power) : iter =    950 ; odelta = 1.487535e-08 ; dt =   132.9; nmult =    966
inout (power) : iter =    951 ; odelta = 1.469514e-08 ; dt =   133.0; nmult =    967
inout (power) : iter =    952 ; odelta = 1.451715e-08 ; dt =   133.2; nmult =    968
inout (power) : iter =    953 ; odelta = 1.434136e-08 ; dt =   133.3; nmult =    969
inout (power) : iter =    954 ; odelta = 1.416774e-08 ; dt =   133.4; nmult =    970
inout (power) : iter =    955 ; odelta = 1.399627e-08 ; dt =   133.6; nmult =    971
inout (power) : iter =    956 ; odelta = 1.382691e-08 ; dt =   133.7; nmult =    972
inout (power) : iter =    957 ; odelta = 1.365964e-08 ; dt =   133.8; nmult =    973
inout (power) : iter =    958 ; odelta = 1.349444e-08 ; dt =   134.0; nmult =    974
inout (power) : iter =    959 ; odelta = 1.333128e-08 ; dt =   134.1; nmult =    975
inout (power) : iter =    960 ; odelta = 1.317013e-08 ; dt =   134.3; nmult =    976
inout (power) : iter =    961 ; odelta = 1.301096e-08 ; dt =   134.4; nmult =    977
inout (power) : iter =    962 ; odelta = 1.285376e-08 ; dt =   134.5; nmult =    978
inout (power) : iter =    963 ; odelta = 1.269849e-08 ; dt =   134.7; nmult =    979
inout (power) : iter =    964 ; odelta = 1.254514e-08 ; dt =   134.8; nmult =    980
inout (power) : iter =    965 ; odelta = 1.239368e-08 ; dt =   134.9; nmult =    981
inout (power) : iter =    966 ; odelta = 1.224408e-08 ; dt =   135.1; nmult =    982
inout (power) : iter =    967 ; odelta = 1.209632e-08 ; dt =   135.2; nmult =    983
inout (power) : iter =    968 ; odelta = 1.195039e-08 ; dt =   135.4; nmult =    984
inout (power) : iter =    969 ; odelta = 1.180625e-08 ; dt =   135.5; nmult =    985
inout (power) : iter =    970 ; odelta = 1.166388e-08 ; dt =   135.6; nmult =    986
inout (power) : iter =    971 ; odelta = 1.152326e-08 ; dt =   135.8; nmult =    987
inout (power) : iter =    972 ; odelta = 1.138438e-08 ; dt =   135.9; nmult =    988
inout (power) : iter =    973 ; odelta = 1.124720e-08 ; dt =   136.0; nmult =    989
inout (power) : iter =    974 ; odelta = 1.111171e-08 ; dt =   136.2; nmult =    990
inout (power) : iter =    975 ; odelta = 1.097788e-08 ; dt =   136.3; nmult =    991
inout (power) : iter =    976 ; odelta = 1.084570e-08 ; dt =   136.5; nmult =    992
inout (power) : iter =    977 ; odelta = 1.071514e-08 ; dt =   136.6; nmult =    993
inout (power) : iter =    978 ; odelta = 1.058618e-08 ; dt =   136.7; nmult =    994
inout (power) : iter =    979 ; odelta = 1.045881e-08 ; dt =   136.9; nmult =    995
inout (power) : iter =    980 ; odelta = 1.033301e-08 ; dt =   137.0; nmult =    996
inout (power) : iter =    981 ; odelta = 1.020874e-08 ; dt =   137.1; nmult =    997
inout (power) : iter =    982 ; odelta = 1.008600e-08 ; dt =   137.3; nmult =    998
inout (power) : iter =    983 ; odelta = 9.964770e-09 ; dt =   137.4; nmult =    999
inout(b=0.5000,it=1.000000e-02) : solved pagerank(a=0.9900) in   999 mults to 1.000000e-08 tol
output norm: 1.0000000000000000e+00
