Parameters: 
   graphfile = ../../data/in-2004-trans
      output = none
         alg = inout
       alpha = 0.99
         tol = 1e-08
       maxit = 10000

nodes = 1382908
edges = 16917053
inout(0.9900,0.5000,1.000000e-02) with tol=1.000000e-08 and maxit= 10000 iterations
inout (outer) : iter =      1 ; odelta = 2.587236e-01 ; dt =     0.7; nmult =      5
inout (outer) : iter =      2 ; odelta = 1.008044e-01 ; dt =     1.3; nmult =      9
inout (outer) : iter =      3 ; odelta = 5.937646e-02 ; dt =     1.7; nmult =     12
inout (outer) : iter =      4 ; odelta = 4.351330e-02 ; dt =     2.1; nmult =     15
inout (outer) : iter =      5 ; odelta = 3.580836e-02 ; dt =     2.4; nmult =     17
inout (outer) : iter =      6 ; odelta = 3.047150e-02 ; dt =     2.7; nmult =     19
inout (outer) : iter =      7 ; odelta = 2.640607e-02 ; dt =     3.0; nmult =     21
inout (outer) : iter =      8 ; odelta = 2.328549e-02 ; dt =     3.3; nmult =     23
inout (outer) : iter =      9 ; odelta = 2.078333e-02 ; dt =     3.6; nmult =     25
inout (outer) : iter =     10 ; odelta = 1.935395e-02 ; dt =     3.7; nmult =     26
inout (power) : iter =     11 ; odelta = 1.808160e-02 ; dt =     3.9; nmult =     27
inout (power) : iter =     12 ; odelta = 1.694061e-02 ; dt =     4.0; nmult =     28
inout (power) : iter =     13 ; odelta = 1.592078e-02 ; dt =     4.1; nmult =     29
inout (power) : iter =     14 ; odelta = 1.500022e-02 ; dt =     4.2; nmult =     30
inout (power) : iter =     15 ; odelta = 1.416744e-02 ; dt =     4.4; nmult =     31
inout (power) : iter =     16 ; odelta = 1.340739e-02 ; dt =     4.5; nmult =     32
inout (power) : iter =     17 ; odelta = 1.270936e-02 ; dt =     4.6; nmult =     33
inout (power) : iter =     18 ; odelta = 1.206675e-02 ; dt =     4.7; nmult =     34
inout (power) : iter =     19 ; odelta = 1.148027e-02 ; dt =     4.8; nmult =     35
inout (power) : iter =     20 ; odelta = 1.094223e-02 ; dt =     4.9; nmult =     36
inout (power) : iter =     21 ; odelta = 1.044430e-02 ; dt =     5.1; nmult =     37
inout (power) : iter =     22 ; odelta = 9.981837e-03 ; dt =     5.2; nmult =     38
inout (power) : iter =     23 ; odelta = 9.551643e-03 ; dt =     5.3; nmult =     39
inout (power) : iter =     24 ; odelta = 9.151924e-03 ; dt =     5.4; nmult =     40
inout (power) : iter =     25 ; odelta = 8.785919e-03 ; dt =     5.5; nmult =     41
inout (power) : iter =     26 ; odelta = 8.443054e-03 ; dt =     5.7; nmult =     42
inout (power) : iter =     27 ; odelta = 8.124284e-03 ; dt =     5.8; nmult =     43
inout (power) : iter =     28 ; odelta = 7.826533e-03 ; dt =     5.9; nmult =     44
inout (power) : iter =     29 ; odelta = 7.545831e-03 ; dt =     6.0; nmult =     45
inout (power) : iter =     30 ; odelta = 7.280252e-03 ; dt =     6.1; nmult =     46
inout (power) : iter =     31 ; odelta = 7.028958e-03 ; dt =     6.3; nmult =     47
inout (power) : iter =     32 ; odelta = 6.790859e-03 ; dt =     6.4; nmult =     48
inout (power) : iter =     33 ; odelta = 6.565052e-03 ; dt =     6.5; nmult =     49
inout (power) : iter =     34 ; odelta = 6.350611e-03 ; dt =     6.6; nmult =     50
inout (power) : iter =     35 ; odelta = 6.146862e-03 ; dt =     6.7; nmult =     51
inout (power) : iter =     36 ; odelta = 5.953481e-03 ; dt =     6.9; nmult =     52
inout (power) : iter =     37 ; odelta = 5.769053e-03 ; dt =     7.0; nmult =     53
inout (power) : iter =     38 ; odelta = 5.592761e-03 ; dt =     7.1; nmult =     54
inout (power) : iter =     39 ; odelta = 5.423904e-03 ; dt =     7.2; nmult =     55
inout (power) : iter =     40 ; odelta = 5.262116e-03 ; dt =     7.3; nmult =     56
inout (power) : iter =     41 ; odelta = 5.107078e-03 ; dt =     7.4; nmult =     57
inout (power) : iter =     42 ; odelta = 4.958327e-03 ; dt =     7.6; nmult =     58
inout (power) : iter =     43 ; odelta = 4.815603e-03 ; dt =     7.7; nmult =     59
inout (power) : iter =     44 ; odelta = 4.678535e-03 ; dt =     7.8; nmult =     60
inout (power) : iter =     45 ; odelta = 4.546853e-03 ; dt =     7.9; nmult =     61
inout (power) : iter =     46 ; odelta = 4.420342e-03 ; dt =     8.0; nmult =     62
inout (power) : iter =     47 ; odelta = 4.299063e-03 ; dt =     8.2; nmult =     63
inout (power) : iter =     48 ; odelta = 4.182193e-03 ; dt =     8.3; nmult =     64
inout (power) : iter =     49 ; odelta = 4.069649e-03 ; dt =     8.4; nmult =     65
inout (power) : iter =     50 ; odelta = 3.961124e-03 ; dt =     8.5; nmult =     66
inout (power) : iter =     51 ; odelta = 3.856397e-03 ; dt =     8.6; nmult =     67
inout (power) : iter =     52 ; odelta = 3.755511e-03 ; dt =     8.8; nmult =     68
inout (power) : iter =     53 ; odelta = 3.658094e-03 ; dt =     8.9; nmult =     69
inout (power) : iter =     54 ; odelta = 3.563997e-03 ; dt =     9.0; nmult =     70
inout (power) : iter =     55 ; odelta = 3.473113e-03 ; dt =     9.1; nmult =     71
inout (power) : iter =     56 ; odelta = 3.385183e-03 ; dt =     9.2; nmult =     72
inout (power) : iter =     57 ; odelta = 3.299961e-03 ; dt =     9.4; nmult =     73
inout (power) : iter =     58 ; odelta = 3.217334e-03 ; dt =     9.5; nmult =     74
inout (power) : iter =     59 ; odelta = 3.137233e-03 ; dt =     9.6; nmult =     75
inout (power) : iter =     60 ; odelta = 3.059597e-03 ; dt =     9.7; nmult =     76
inout (power) : iter =     61 ; odelta = 2.984478e-03 ; dt =     9.8; nmult =     77
inout (power) : iter =     62 ; odelta = 2.911696e-03 ; dt =     9.9; nmult =     78
inout (power) : iter =     63 ; odelta = 2.841552e-03 ; dt =    10.1; nmult =     79
inout (power) : iter =     64 ; odelta = 2.774011e-03 ; dt =    10.2; nmult =     80
inout (power) : iter =     65 ; odelta = 2.708493e-03 ; dt =    10.3; nmult =     81
inout (power) : iter =     66 ; odelta = 2.644840e-03 ; dt =    10.4; nmult =     82
inout (power) : iter =     67 ; odelta = 2.583013e-03 ; dt =    10.5; nmult =     83
inout (power) : iter =     68 ; odelta = 2.522926e-03 ; dt =    10.7; nmult =     84
inout (power) : iter =     69 ; odelta = 2.464582e-03 ; dt =    10.8; nmult =     85
inout (power) : iter =     70 ; odelta = 2.407918e-03 ; dt =    10.9; nmult =     86
inout (power) : iter =     71 ; odelta = 2.352892e-03 ; dt =    11.0; nmult =     87
inout (power) : iter =     72 ; odelta = 2.299358e-03 ; dt =    11.1; nmult =     88
inout (power) : iter =     73 ; odelta = 2.247292e-03 ; dt =    11.3; nmult =     89
inout (power) : iter =     74 ; odelta = 2.196675e-03 ; dt =    11.4; nmult =     90
inout (power) : iter =     75 ; odelta = 2.147420e-03 ; dt =    11.5; nmult =     91
inout (power) : iter =     76 ; odelta = 2.099579e-03 ; dt =    11.6; nmult =     92
inout (power) : iter =     77 ; odelta = 2.053101e-03 ; dt =    11.7; nmult =     93
inout (power) : iter =     78 ; odelta = 2.007881e-03 ; dt =    11.9; nmult =     94
inout (power) : iter =     79 ; odelta = 1.963898e-03 ; dt =    12.0; nmult =     95
inout (power) : iter =     80 ; odelta = 1.921171e-03 ; dt =    12.1; nmult =     96
inout (power) : iter =     81 ; odelta = 1.879609e-03 ; dt =    12.2; nmult =     97
inout (power) : iter =     82 ; odelta = 1.839274e-03 ; dt =    12.3; nmult =     98
inout (power) : iter =     83 ; odelta = 1.800619e-03 ; dt =    12.4; nmult =     99
inout (power) : iter =     84 ; odelta = 1.762948e-03 ; dt =    12.6; nmult =    100
inout (power) : iter =     85 ; odelta = 1.726205e-03 ; dt =    12.7; nmult =    101
inout (power) : iter =     86 ; odelta = 1.690365e-03 ; dt =    12.8; nmult =    102
inout (power) : iter =     87 ; odelta = 1.655400e-03 ; dt =    12.9; nmult =    103
inout (power) : iter =     88 ; odelta = 1.621288e-03 ; dt =    13.0; nmult =    104
inout (power) : iter =     89 ; odelta = 1.587992e-03 ; dt =    13.2; nmult =    105
inout (power) : iter =     90 ; odelta = 1.555490e-03 ; dt =    13.3; nmult =    106
inout (power) : iter =     91 ; odelta = 1.523761e-03 ; dt =    13.4; nmult =    107
inout (power) : iter =     92 ; odelta = 1.492781e-03 ; dt =    13.5; nmult =    108
inout (power) : iter =     93 ; odelta = 1.462557e-03 ; dt =    13.6; nmult =    109
inout (power) : iter =     94 ; odelta = 1.433048e-03 ; dt =    13.8; nmult =    110
inout (power) : iter =     95 ; odelta = 1.404246e-03 ; dt =    13.9; nmult =    111
inout (power) : iter =     96 ; odelta = 1.376111e-03 ; dt =    14.0; nmult =    112
inout (power) : iter =     97 ; odelta = 1.348622e-03 ; dt =    14.1; nmult =    113
inout (power) : iter =     98 ; odelta = 1.321777e-03 ; dt =    14.2; nmult =    114
inout (power) : iter =     99 ; odelta = 1.295571e-03 ; dt =    14.3; nmult =    115
inout (power) : iter =    100 ; odelta = 1.269965e-03 ; dt =    14.5; nmult =    116
inout (power) : iter =    101 ; odelta = 1.244948e-03 ; dt =    14.6; nmult =    117
inout (power) : iter =    102 ; odelta = 1.220491e-03 ; dt =    14.7; nmult =    118
inout (power) : iter =    103 ; odelta = 1.196574e-03 ; dt =    14.8; nmult =    119
inout (power) : iter =    104 ; odelta = 1.173195e-03 ; dt =    14.9; nmult =    120
inout (power) : iter =    105 ; odelta = 1.150342e-03 ; dt =    15.1; nmult =    121
inout (power) : iter =    106 ; odelta = 1.128003e-03 ; dt =    15.2; nmult =    122
inout (power) : iter =    107 ; odelta = 1.106162e-03 ; dt =    15.3; nmult =    123
inout (power) : iter =    108 ; odelta = 1.084819e-03 ; dt =    15.4; nmult =    124
inout (power) : iter =    109 ; odelta = 1.063945e-03 ; dt =    15.5; nmult =    125
inout (power) : iter =    110 ; odelta = 1.043532e-03 ; dt =    15.7; nmult =    126
inout (power) : iter =    111 ; odelta = 1.023597e-03 ; dt =    15.8; nmult =    127
inout (power) : iter =    112 ; odelta = 1.004105e-03 ; dt =    15.9; nmult =    128
inout (power) : iter =    113 ; odelta = 9.850519e-04 ; dt =    16.0; nmult =    129
inout (power) : iter =    114 ; odelta = 9.664205e-04 ; dt =    16.1; nmult =    130
inout (power) : iter =    115 ; odelta = 9.482073e-04 ; dt =    16.3; nmult =    131
inout (power) : iter =    116 ; odelta = 9.303919e-04 ; dt =    16.4; nmult =    132
inout (power) : iter =    117 ; odelta = 9.129636e-04 ; dt =    16.5; nmult =    133
inout (power) : iter =    118 ; odelta = 8.959083e-04 ; dt =    16.6; nmult =    134
inout (power) : iter =    119 ; odelta = 8.792164e-04 ; dt =    16.7; nmult =    135
inout (power) : iter =    120 ; odelta = 8.628816e-04 ; dt =    16.9; nmult =    136
inout (power) : iter =    121 ; odelta = 8.468863e-04 ; dt =    17.0; nmult =    137
inout (power) : iter =    122 ; odelta = 8.312222e-04 ; dt =    17.1; nmult =    138
inout (power) : iter =    123 ; odelta = 8.158872e-04 ; dt =    17.2; nmult =    139
inout (power) : iter =    124 ; odelta = 8.008708e-04 ; dt =    17.3; nmult =    140
inout (power) : iter =    125 ; odelta = 7.861661e-04 ; dt =    17.4; nmult =    141
inout (power) : iter =    126 ; odelta = 7.717607e-04 ; dt =    17.6; nmult =    142
inout (power) : iter =    127 ; odelta = 7.576462e-04 ; dt =    17.7; nmult =    143
inout (power) : iter =    128 ; odelta = 7.438176e-04 ; dt =    17.8; nmult =    144
inout (power) : iter =    129 ; odelta = 7.302671e-04 ; dt =    17.9; nmult =    145
inout (power) : iter =    130 ; odelta = 7.169885e-04 ; dt =    18.0; nmult =    146
inout (power) : iter =    131 ; odelta = 7.039765e-04 ; dt =    18.2; nmult =    147
inout (power) : iter =    132 ; odelta = 6.912263e-04 ; dt =    18.3; nmult =    148
inout (power) : iter =    133 ; odelta = 6.787304e-04 ; dt =    18.4; nmult =    149
inout (power) : iter =    134 ; odelta = 6.664823e-04 ; dt =    18.5; nmult =    150
inout (power) : iter =    135 ; odelta = 6.544774e-04 ; dt =    18.6; nmult =    151
inout (power) : iter =    136 ; odelta = 6.427106e-04 ; dt =    18.8; nmult =    152
inout (power) : iter =    137 ; odelta = 6.311760e-04 ; dt =    18.9; nmult =    153
inout (power) : iter =    138 ; odelta = 6.198678e-04 ; dt =    19.0; nmult =    154
inout (power) : iter =    139 ; odelta = 6.087810e-04 ; dt =    19.1; nmult =    155
inout (power) : iter =    140 ; odelta = 5.979110e-04 ; dt =    19.2; nmult =    156
inout (power) : iter =    141 ; odelta = 5.872542e-04 ; dt =    19.3; nmult =    157
inout (power) : iter =    142 ; odelta = 5.768047e-04 ; dt =    19.5; nmult =    158
inout (power) : iter =    143 ; odelta = 5.665585e-04 ; dt =    19.6; nmult =    159
inout (power) : iter =    144 ; odelta = 5.565128e-04 ; dt =    19.7; nmult =    160
inout (power) : iter =    145 ; odelta = 5.466631e-04 ; dt =    19.8; nmult =    161
inout (power) : iter =    146 ; odelta = 5.370058e-04 ; dt =    19.9; nmult =    162
inout (power) : iter =    147 ; odelta = 5.275388e-04 ; dt =    20.1; nmult =    163
inout (power) : iter =    148 ; odelta = 5.182539e-04 ; dt =    20.2; nmult =    164
inout (power) : iter =    149 ; odelta = 5.091475e-04 ; dt =    20.3; nmult =    165
inout (power) : iter =    150 ; odelta = 5.002151e-04 ; dt =    20.4; nmult =    166
inout (power) : iter =    151 ; odelta = 4.914532e-04 ; dt =    20.5; nmult =    167
inout (power) : iter =    152 ; odelta = 4.828590e-04 ; dt =    20.7; nmult =    168
inout (power) : iter =    153 ; odelta = 4.744301e-04 ; dt =    20.8; nmult =    169
inout (power) : iter =    154 ; odelta = 4.661638e-04 ; dt =    20.9; nmult =    170
inout (power) : iter =    155 ; odelta = 4.580562e-04 ; dt =    21.0; nmult =    171
inout (power) : iter =    156 ; odelta = 4.501027e-04 ; dt =    21.1; nmult =    172
inout (power) : iter =    157 ; odelta = 4.423001e-04 ; dt =    21.3; nmult =    173
inout (power) : iter =    158 ; odelta = 4.346455e-04 ; dt =    21.4; nmult =    174
inout (power) : iter =    159 ; odelta = 4.271350e-04 ; dt =    21.5; nmult =    175
inout (power) : iter =    160 ; odelta = 4.197670e-04 ; dt =    21.6; nmult =    176
inout (power) : iter =    161 ; odelta = 4.125446e-04 ; dt =    21.7; nmult =    177
inout (power) : iter =    162 ; odelta = 4.054588e-04 ; dt =    21.8; nmult =    178
inout (power) : iter =    163 ; odelta = 3.985052e-04 ; dt =    22.0; nmult =    179
inout (power) : iter =    164 ; odelta = 3.916805e-04 ; dt =    22.1; nmult =    180
inout (power) : iter =    165 ; odelta = 3.849837e-04 ; dt =    22.2; nmult =    181
inout (power) : iter =    166 ; odelta = 3.784114e-04 ; dt =    22.3; nmult =    182
inout (power) : iter =    167 ; odelta = 3.719610e-04 ; dt =    22.4; nmult =    183
inout (power) : iter =    168 ; odelta = 3.656293e-04 ; dt =    22.6; nmult =    184
inout (power) : iter =    169 ; odelta = 3.594143e-04 ; dt =    22.7; nmult =    185
inout (power) : iter =    170 ; odelta = 3.533132e-04 ; dt =    22.8; nmult =    186
inout (power) : iter =    171 ; odelta = 3.473271e-04 ; dt =    22.9; nmult =    187
inout (power) : iter =    172 ; odelta = 3.414533e-04 ; dt =    23.0; nmult =    188
inout (power) : iter =    173 ; odelta = 3.356886e-04 ; dt =    23.2; nmult =    189
inout (power) : iter =    174 ; odelta = 3.300298e-04 ; dt =    23.3; nmult =    190
inout (power) : iter =    175 ; odelta = 3.244737e-04 ; dt =    23.4; nmult =    191
inout (power) : iter =    176 ; odelta = 3.190183e-04 ; dt =    23.5; nmult =    192
inout (power) : iter =    177 ; odelta = 3.136616e-04 ; dt =    23.6; nmult =    193
inout (power) : iter =    178 ; odelta = 3.084018e-04 ; dt =    23.8; nmult =    194
inout (power) : iter =    179 ; odelta = 3.032369e-04 ; dt =    23.9; nmult =    195
inout (power) : iter =    180 ; odelta = 2.981667e-04 ; dt =    24.0; nmult =    196
inout (power) : iter =    181 ; odelta = 2.931908e-04 ; dt =    24.1; nmult =    197
inout (power) : iter =    182 ; odelta = 2.883058e-04 ; dt =    24.2; nmult =    198
inout (power) : iter =    183 ; odelta = 2.835089e-04 ; dt =    24.3; nmult =    199
inout (power) : iter =    184 ; odelta = 2.787978e-04 ; dt =    24.5; nmult =    200
inout (power) : iter =    185 ; odelta = 2.741708e-04 ; dt =    24.6; nmult =    201
inout (power) : iter =    186 ; odelta = 2.696282e-04 ; dt =    24.7; nmult =    202
inout (power) : iter =    187 ; odelta = 2.651732e-04 ; dt =    24.8; nmult =    203
inout (power) : iter =    188 ; odelta = 2.608041e-04 ; dt =    24.9; nmult =    204
inout (power) : iter =    189 ; odelta = 2.565139e-04 ; dt =    25.1; nmult =    205
inout (power) : iter =    190 ; odelta = 2.522995e-04 ; dt =    25.2; nmult =    206
inout (power) : iter =    191 ; odelta = 2.481593e-04 ; dt =    25.3; nmult =    207
inout (power) : iter =    192 ; odelta = 2.440921e-04 ; dt =    25.4; nmult =    208
inout (power) : iter =    193 ; odelta = 2.400981e-04 ; dt =    25.5; nmult =    209
inout (power) : iter =    194 ; odelta = 2.361823e-04 ; dt =    25.7; nmult =    210
inout (power) : iter =    195 ; odelta = 2.323358e-04 ; dt =    25.8; nmult =    211
inout (power) : iter =    196 ; odelta = 2.285571e-04 ; dt =    25.9; nmult =    212
inout (power) : iter =    197 ; odelta = 2.248442e-04 ; dt =    26.0; nmult =    213
inout (power) : iter =    198 ; odelta = 2.211959e-04 ; dt =    26.1; nmult =    214
inout (power) : iter =    199 ; odelta = 2.176109e-04 ; dt =    26.3; nmult =    215
inout (power) : iter =    200 ; odelta = 2.140881e-04 ; dt =    26.4; nmult =    216
inout (power) : iter =    201 ; odelta = 2.106262e-04 ; dt =    26.5; nmult =    217
inout (power) : iter =    202 ; odelta = 2.072243e-04 ; dt =    26.6; nmult =    218
inout (power) : iter =    203 ; odelta = 2.038812e-04 ; dt =    26.7; nmult =    219
inout (power) : iter =    204 ; odelta = 2.005957e-04 ; dt =    26.8; nmult =    220
inout (power) : iter =    205 ; odelta = 1.973667e-04 ; dt =    27.0; nmult =    221
inout (power) : iter =    206 ; odelta = 1.941933e-04 ; dt =    27.1; nmult =    222
inout (power) : iter =    207 ; odelta = 1.910743e-04 ; dt =    27.2; nmult =    223
inout (power) : iter =    208 ; odelta = 1.880088e-04 ; dt =    27.3; nmult =    224
inout (power) : iter =    209 ; odelta = 1.849957e-04 ; dt =    27.4; nmult =    225
inout (power) : iter =    210 ; odelta = 1.820342e-04 ; dt =    27.6; nmult =    226
inout (power) : iter =    211 ; odelta = 1.791234e-04 ; dt =    27.7; nmult =    227
inout (power) : iter =    212 ; odelta = 1.762623e-04 ; dt =    27.8; nmult =    228
inout (power) : iter =    213 ; odelta = 1.734499e-04 ; dt =    27.9; nmult =    229
inout (power) : iter =    214 ; odelta = 1.706853e-04 ; dt =    28.0; nmult =    230
inout (power) : iter =    215 ; odelta = 1.679676e-04 ; dt =    28.2; nmult =    231
inout (power) : iter =    216 ; odelta = 1.652961e-04 ; dt =    28.3; nmult =    232
inout (power) : iter =    217 ; odelta = 1.626698e-04 ; dt =    28.4; nmult =    233
inout (power) : iter =    218 ; odelta = 1.600879e-04 ; dt =    28.5; nmult =    234
inout (power) : iter =    219 ; odelta = 1.575497e-04 ; dt =    28.6; nmult =    235
inout (power) : iter =    220 ; odelta = 1.550543e-04 ; dt =    28.7; nmult =    236
inout (power) : iter =    221 ; odelta = 1.526009e-04 ; dt =    28.9; nmult =    237
inout (power) : iter =    222 ; odelta = 1.501890e-04 ; dt =    29.0; nmult =    238
inout (power) : iter =    223 ; odelta = 1.478175e-04 ; dt =    29.1; nmult =    239
inout (power) : iter =    224 ; odelta = 1.454860e-04 ; dt =    29.2; nmult =    240
inout (power) : iter =    225 ; odelta = 1.431935e-04 ; dt =    29.3; nmult =    241
inout (power) : iter =    226 ; odelta = 1.409405e-04 ; dt =    29.5; nmult =    242
inout (power) : iter =    227 ; odelta = 1.387254e-04 ; dt =    29.6; nmult =    243
inout (power) : iter =    228 ; odelta = 1.365472e-04 ; dt =    29.7; nmult =    244
inout (power) : iter =    229 ; odelta = 1.344053e-04 ; dt =    29.8; nmult =    245
inout (power) : iter =    230 ; odelta = 1.322991e-04 ; dt =    29.9; nmult =    246
inout (power) : iter =    231 ; odelta = 1.302280e-04 ; dt =    30.1; nmult =    247
inout (power) : iter =    232 ; odelta = 1.281913e-04 ; dt =    30.2; nmult =    248
inout (power) : iter =    233 ; odelta = 1.261884e-04 ; dt =    30.3; nmult =    249
inout (power) : iter =    234 ; odelta = 1.242186e-04 ; dt =    30.4; nmult =    250
inout (power) : iter =    235 ; odelta = 1.222815e-04 ; dt =    30.5; nmult =    251
inout (power) : iter =    236 ; odelta = 1.203776e-04 ; dt =    30.7; nmult =    252
inout (power) : iter =    237 ; odelta = 1.185052e-04 ; dt =    30.8; nmult =    253
inout (power) : iter =    238 ; odelta = 1.166636e-04 ; dt =    30.9; nmult =    254
inout (power) : iter =    239 ; odelta = 1.148526e-04 ; dt =    31.0; nmult =    255
inout (power) : iter =    240 ; odelta = 1.130715e-04 ; dt =    31.1; nmult =    256
inout (power) : iter =    241 ; odelta = 1.113196e-04 ; dt =    31.2; nmult =    257
inout (power) : iter =    242 ; odelta = 1.095966e-04 ; dt =    31.4; nmult =    258
inout (power) : iter =    243 ; odelta = 1.079023e-04 ; dt =    31.5; nmult =    259
inout (power) : iter =    244 ; odelta = 1.062359e-04 ; dt =    31.6; nmult =    260
inout (power) : iter =    245 ; odelta = 1.045969e-04 ; dt =    31.7; nmult =    261
inout (power) : iter =    246 ; odelta = 1.029847e-04 ; dt =    31.8; nmult =    262
inout (power) : iter =    247 ; odelta = 1.013989e-04 ; dt =    32.0; nmult =    263
inout (power) : iter =    248 ; odelta = 9.983901e-05 ; dt =    32.1; nmult =    264
inout (power) : iter =    249 ; odelta = 9.830455e-05 ; dt =    32.2; nmult =    265
inout (power) : iter =    250 ; odelta = 9.679552e-05 ; dt =    32.3; nmult =    266
inout (power) : iter =    251 ; odelta = 9.531159e-05 ; dt =    32.4; nmult =    267
inout (power) : iter =    252 ; odelta = 9.385477e-05 ; dt =    32.6; nmult =    268
inout (power) : iter =    253 ; odelta = 9.242380e-05 ; dt =    32.7; nmult =    269
inout (power) : iter =    254 ; odelta = 9.102173e-05 ; dt =    32.8; nmult =    270
inout (power) : iter =    255 ; odelta = 8.964539e-05 ; dt =    32.9; nmult =    271
inout (power) : iter =    256 ; odelta = 8.829561e-05 ; dt =    33.0; nmult =    272
inout (power) : iter =    257 ; odelta = 8.697071e-05 ; dt =    33.1; nmult =    273
inout (power) : iter =    258 ; odelta = 8.567192e-05 ; dt =    33.3; nmult =    274
inout (power) : iter =    259 ; odelta = 8.439724e-05 ; dt =    33.4; nmult =    275
inout (power) : iter =    260 ; odelta = 8.314674e-05 ; dt =    33.5; nmult =    276
inout (power) : iter =    261 ; odelta = 8.192034e-05 ; dt =    33.6; nmult =    277
inout (power) : iter =    262 ; odelta = 8.071636e-05 ; dt =    33.7; nmult =    278
inout (power) : iter =    263 ; odelta = 7.953152e-05 ; dt =    33.9; nmult =    279
inout (power) : iter =    264 ; odelta = 7.836531e-05 ; dt =    34.0; nmult =    280
inout (power) : iter =    265 ; odelta = 7.721746e-05 ; dt =    34.1; nmult =    281
inout (power) : iter =    266 ; odelta = 7.608748e-05 ; dt =    34.2; nmult =    282
inout (power) : iter =    267 ; odelta = 7.497507e-05 ; dt =    34.3; nmult =    283
inout (power) : iter =    268 ; odelta = 7.387990e-05 ; dt =    34.5; nmult =    284
inout (power) : iter =    269 ; odelta = 7.280167e-05 ; dt =    34.6; nmult =    285
inout (power) : iter =    270 ; odelta = 7.174009e-05 ; dt =    34.7; nmult =    286
inout (power) : iter =    271 ; odelta = 7.069486e-05 ; dt =    34.8; nmult =    287
inout (power) : iter =    272 ; odelta = 6.966573e-05 ; dt =    34.9; nmult =    288
inout (power) : iter =    273 ; odelta = 6.865243e-05 ; dt =    35.1; nmult =    289
inout (power) : iter =    274 ; odelta = 6.765472e-05 ; dt =    35.2; nmult =    290
inout (power) : iter =    275 ; odelta = 6.667239e-05 ; dt =    35.3; nmult =    291
inout (power) : iter =    276 ; odelta = 6.570512e-05 ; dt =    35.4; nmult =    292
inout (power) : iter =    277 ; odelta = 6.475266e-05 ; dt =    35.5; nmult =    293
inout (power) : iter =    278 ; odelta = 6.381476e-05 ; dt =    35.6; nmult =    294
inout (power) : iter =    279 ; odelta = 6.289119e-05 ; dt =    35.8; nmult =    295
inout (power) : iter =    280 ; odelta = 6.198174e-05 ; dt =    35.9; nmult =    296
inout (power) : iter =    281 ; odelta = 6.108626e-05 ; dt =    36.0; nmult =    297
inout (power) : iter =    282 ; odelta = 6.020454e-05 ; dt =    36.1; nmult =    298
inout (power) : iter =    283 ; odelta = 5.933636e-05 ; dt =    36.2; nmult =    299
inout (power) : iter =    284 ; odelta = 5.848143e-05 ; dt =    36.4; nmult =    300
inout (power) : iter =    285 ; odelta = 5.763949e-05 ; dt =    36.5; nmult =    301
inout (power) : iter =    286 ; odelta = 5.681031e-05 ; dt =    36.6; nmult =    302
inout (power) : iter =    287 ; odelta = 5.599371e-05 ; dt =    36.7; nmult =    303
inout (power) : iter =    288 ; odelta = 5.518948e-05 ; dt =    36.8; nmult =    304
inout (power) : iter =    289 ; odelta = 5.439742e-05 ; dt =    37.0; nmult =    305
inout (power) : iter =    290 ; odelta = 5.361735e-05 ; dt =    37.1; nmult =    306
inout (power) : iter =    291 ; odelta = 5.284914e-05 ; dt =    37.2; nmult =    307
inout (power) : iter =    292 ; odelta = 5.209275e-05 ; dt =    37.3; nmult =    308
inout (power) : iter =    293 ; odelta = 5.134779e-05 ; dt =    37.4; nmult =    309
inout (power) : iter =    294 ; odelta = 5.061406e-05 ; dt =    37.6; nmult =    310
inout (power) : iter =    295 ; odelta = 4.989137e-05 ; dt =    37.7; nmult =    311
inout (power) : iter =    296 ; odelta = 4.917956e-05 ; dt =    37.8; nmult =    312
inout (power) : iter =    297 ; odelta = 4.847846e-05 ; dt =    37.9; nmult =    313
inout (power) : iter =    298 ; odelta = 4.778787e-05 ; dt =    38.0; nmult =    314
inout (power) : iter =    299 ; odelta = 4.710762e-05 ; dt =    38.1; nmult =    315
inout (power) : iter =    300 ; odelta = 4.643755e-05 ; dt =    38.3; nmult =    316
inout (power) : iter =    301 ; odelta = 4.577752e-05 ; dt =    38.4; nmult =    317
inout (power) : iter =    302 ; odelta = 4.512737e-05 ; dt =    38.5; nmult =    318
inout (power) : iter =    303 ; odelta = 4.448691e-05 ; dt =    38.6; nmult =    319
inout (power) : iter =    304 ; odelta = 4.385600e-05 ; dt =    38.7; nmult =    320
inout (power) : iter =    305 ; odelta = 4.323449e-05 ; dt =    38.9; nmult =    321
inout (power) : iter =    306 ; odelta = 4.262226e-05 ; dt =    39.0; nmult =    322
inout (power) : iter =    307 ; odelta = 4.201912e-05 ; dt =    39.1; nmult =    323
inout (power) : iter =    308 ; odelta = 4.142493e-05 ; dt =    39.2; nmult =    324
inout (power) : iter =    309 ; odelta = 4.083956e-05 ; dt =    39.3; nmult =    325
inout (power) : iter =    310 ; odelta = 4.026286e-05 ; dt =    39.5; nmult =    326
inout (power) : iter =    311 ; odelta = 3.969470e-05 ; dt =    39.6; nmult =    327
inout (power) : iter =    312 ; odelta = 3.913494e-05 ; dt =    39.7; nmult =    328
inout (power) : iter =    313 ; odelta = 3.858346e-05 ; dt =    39.8; nmult =    329
inout (power) : iter =    314 ; odelta = 3.804012e-05 ; dt =    39.9; nmult =    330
inout (power) : iter =    315 ; odelta = 3.750480e-05 ; dt =    40.1; nmult =    331
inout (power) : iter =    316 ; odelta = 3.697737e-05 ; dt =    40.2; nmult =    332
inout (power) : iter =    317 ; odelta = 3.645772e-05 ; dt =    40.3; nmult =    333
inout (power) : iter =    318 ; odelta = 3.594573e-05 ; dt =    40.4; nmult =    334
inout (power) : iter =    319 ; odelta = 3.544129e-05 ; dt =    40.5; nmult =    335
inout (power) : iter =    320 ; odelta = 3.494431e-05 ; dt =    40.6; nmult =    336
inout (power) : iter =    321 ; odelta = 3.445465e-05 ; dt =    40.8; nmult =    337
inout (power) : iter =    322 ; odelta = 3.397218e-05 ; dt =    40.9; nmult =    338
inout (power) : iter =    323 ; odelta = 3.349679e-05 ; dt =    41.0; nmult =    339
inout (power) : iter =    324 ; odelta = 3.302836e-05 ; dt =    41.1; nmult =    340
inout (power) : iter =    325 ; odelta = 3.256678e-05 ; dt =    41.2; nmult =    341
inout (power) : iter =    326 ; odelta = 3.211195e-05 ; dt =    41.4; nmult =    342
inout (power) : iter =    327 ; odelta = 3.166376e-05 ; dt =    41.5; nmult =    343
inout (power) : iter =    328 ; odelta = 3.122213e-05 ; dt =    41.6; nmult =    344
inout (power) : iter =    329 ; odelta = 3.078695e-05 ; dt =    41.7; nmult =    345
inout (power) : iter =    330 ; odelta = 3.035815e-05 ; dt =    41.8; nmult =    346
inout (power) : iter =    331 ; odelta = 2.993559e-05 ; dt =    42.0; nmult =    347
inout (power) : iter =    332 ; odelta = 2.951918e-05 ; dt =    42.1; nmult =    348
inout (power) : iter =    333 ; odelta = 2.910882e-05 ; dt =    42.2; nmult =    349
inout (power) : iter =    334 ; odelta = 2.870442e-05 ; dt =    42.3; nmult =    350
inout (power) : iter =    335 ; odelta = 2.830590e-05 ; dt =    42.4; nmult =    351
inout (power) : iter =    336 ; odelta = 2.791315e-05 ; dt =    42.5; nmult =    352
inout (power) : iter =    337 ; odelta = 2.752610e-05 ; dt =    42.7; nmult =    353
inout (power) : iter =    338 ; odelta = 2.714469e-05 ; dt =    42.8; nmult =    354
inout (power) : iter =    339 ; odelta = 2.676881e-05 ; dt =    42.9; nmult =    355
inout (power) : iter =    340 ; odelta = 2.639838e-05 ; dt =    43.0; nmult =    356
inout (power) : iter =    341 ; odelta = 2.603333e-05 ; dt =    43.1; nmult =    357
inout (power) : iter =    342 ; odelta = 2.567355e-05 ; dt =    43.3; nmult =    358
inout (power) : iter =    343 ; odelta = 2.531898e-05 ; dt =    43.4; nmult =    359
inout (power) : iter =    344 ; odelta = 2.496954e-05 ; dt =    43.5; nmult =    360
inout (power) : iter =    345 ; odelta = 2.462514e-05 ; dt =    43.6; nmult =    361
inout (power) : iter =    346 ; odelta = 2.428569e-05 ; dt =    43.7; nmult =    362
inout (power) : iter =    347 ; odelta = 2.395113e-05 ; dt =    43.9; nmult =    363
inout (power) : iter =    348 ; odelta = 2.362139e-05 ; dt =    44.0; nmult =    364
inout (power) : iter =    349 ; odelta = 2.329640e-05 ; dt =    44.1; nmult =    365
inout (power) : iter =    350 ; odelta = 2.297609e-05 ; dt =    44.2; nmult =    366
inout (power) : iter =    351 ; odelta = 2.266036e-05 ; dt =    44.3; nmult =    367
inout (power) : iter =    352 ; odelta = 2.234917e-05 ; dt =    44.5; nmult =    368
inout (power) : iter =    353 ; odelta = 2.204242e-05 ; dt =    44.6; nmult =    369
inout (power) : iter =    354 ; odelta = 2.174007e-05 ; dt =    44.7; nmult =    370
inout (power) : iter =    355 ; odelta = 2.144204e-05 ; dt =    44.8; nmult =    371
inout (power) : iter =    356 ; odelta = 2.114830e-05 ; dt =    44.9; nmult =    372
inout (power) : iter =    357 ; odelta = 2.085877e-05 ; dt =    45.0; nmult =    373
inout (power) : iter =    358 ; odelta = 2.057338e-05 ; dt =    45.2; nmult =    374
inout (power) : iter =    359 ; odelta = 2.029205e-05 ; dt =    45.3; nmult =    375
inout (power) : iter =    360 ; odelta = 2.001474e-05 ; dt =    45.4; nmult =    376
inout (power) : iter =    361 ; odelta = 1.974137e-05 ; dt =    45.5; nmult =    377
inout (power) : iter =    362 ; odelta = 1.947191e-05 ; dt =    45.6; nmult =    378
inout (power) : iter =    363 ; odelta = 1.920628e-05 ; dt =    45.8; nmult =    379
inout (power) : iter =    364 ; odelta = 1.894443e-05 ; dt =    45.9; nmult =    380
inout (power) : iter =    365 ; odelta = 1.868630e-05 ; dt =    46.0; nmult =    381
inout (power) : iter =    366 ; odelta = 1.843185e-05 ; dt =    46.1; nmult =    382
inout (power) : iter =    367 ; odelta = 1.818103e-05 ; dt =    46.2; nmult =    383
inout (power) : iter =    368 ; odelta = 1.793379e-05 ; dt =    46.4; nmult =    384
inout (power) : iter =    369 ; odelta = 1.769005e-05 ; dt =    46.5; nmult =    385
inout (power) : iter =    370 ; odelta = 1.744977e-05 ; dt =    46.6; nmult =    386
inout (power) : iter =    371 ; odelta = 1.721289e-05 ; dt =    46.7; nmult =    387
inout (power) : iter =    372 ; odelta = 1.697936e-05 ; dt =    46.8; nmult =    388
inout (power) : iter =    373 ; odelta = 1.674912e-05 ; dt =    47.0; nmult =    389
inout (power) : iter =    374 ; odelta = 1.652213e-05 ; dt =    47.1; nmult =    390
inout (power) : iter =    375 ; odelta = 1.629834e-05 ; dt =    47.2; nmult =    391
inout (power) : iter =    376 ; odelta = 1.607770e-05 ; dt =    47.3; nmult =    392
inout (power) : iter =    377 ; odelta = 1.586016e-05 ; dt =    47.4; nmult =    393
inout (power) : iter =    378 ; odelta = 1.564568e-05 ; dt =    47.5; nmult =    394
inout (power) : iter =    379 ; odelta = 1.543422e-05 ; dt =    47.7; nmult =    395
inout (power) : iter =    380 ; odelta = 1.522573e-05 ; dt =    47.8; nmult =    396
inout (power) : iter =    381 ; odelta = 1.502017e-05 ; dt =    47.9; nmult =    397
inout (power) : iter =    382 ; odelta = 1.481749e-05 ; dt =    48.0; nmult =    398
inout (power) : iter =    383 ; odelta = 1.461766e-05 ; dt =    48.1; nmult =    399
inout (power) : iter =    384 ; odelta = 1.442062e-05 ; dt =    48.3; nmult =    400
inout (power) : iter =    385 ; odelta = 1.422634e-05 ; dt =    48.4; nmult =    401
inout (power) : iter =    386 ; odelta = 1.403478e-05 ; dt =    48.5; nmult =    402
inout (power) : iter =    387 ; odelta = 1.384590e-05 ; dt =    48.6; nmult =    403
inout (power) : iter =    388 ; odelta = 1.365966e-05 ; dt =    48.7; nmult =    404
inout (power) : iter =    389 ; odelta = 1.347603e-05 ; dt =    48.9; nmult =    405
inout (power) : iter =    390 ; odelta = 1.329495e-05 ; dt =    49.0; nmult =    406
inout (power) : iter =    391 ; odelta = 1.311640e-05 ; dt =    49.1; nmult =    407
inout (power) : iter =    392 ; odelta = 1.294034e-05 ; dt =    49.2; nmult =    408
inout (power) : iter =    393 ; odelta = 1.276673e-05 ; dt =    49.3; nmult =    409
inout (power) : iter =    394 ; odelta = 1.259554e-05 ; dt =    49.5; nmult =    410
inout (power) : iter =    395 ; odelta = 1.242672e-05 ; dt =    49.6; nmult =    411
inout (power) : iter =    396 ; odelta = 1.226026e-05 ; dt =    49.7; nmult =    412
inout (power) : iter =    397 ; odelta = 1.209611e-05 ; dt =    49.8; nmult =    413
inout (power) : iter =    398 ; odelta = 1.193425e-05 ; dt =    49.9; nmult =    414
inout (power) : iter =    399 ; odelta = 1.177463e-05 ; dt =    50.0; nmult =    415
inout (power) : iter =    400 ; odelta = 1.161723e-05 ; dt =    50.2; nmult =    416
inout (power) : iter =    401 ; odelta = 1.146200e-05 ; dt =    50.3; nmult =    417
inout (power) : iter =    402 ; odelta = 1.130893e-05 ; dt =    50.4; nmult =    418
inout (power) : iter =    403 ; odelta = 1.115798e-05 ; dt =    50.5; nmult =    419
inout (power) : iter =    404 ; odelta = 1.100911e-05 ; dt =    50.6; nmult =    420
inout (power) : iter =    405 ; odelta = 1.086230e-05 ; dt =    50.8; nmult =    421
inout (power) : iter =    406 ; odelta = 1.071752e-05 ; dt =    50.9; nmult =    422
inout (power) : iter =    407 ; odelta = 1.057474e-05 ; dt =    51.0; nmult =    423
inout (power) : iter =    408 ; odelta = 1.043394e-05 ; dt =    51.1; nmult =    424
inout (power) : iter =    409 ; odelta = 1.029507e-05 ; dt =    51.2; nmult =    425
inout (power) : iter =    410 ; odelta = 1.015812e-05 ; dt =    51.4; nmult =    426
inout (power) : iter =    411 ; odelta = 1.002306e-05 ; dt =    51.5; nmult =    427
inout (power) : iter =    412 ; odelta = 9.889855e-06 ; dt =    51.6; nmult =    428
inout (power) : iter =    413 ; odelta = 9.758486e-06 ; dt =    51.7; nmult =    429
inout (power) : iter =    414 ; odelta = 9.628924e-06 ; dt =    51.8; nmult =    430
inout (power) : iter =    415 ; odelta = 9.501142e-06 ; dt =    52.0; nmult =    431
inout (power) : iter =    416 ; odelta = 9.375117e-06 ; dt =    52.1; nmult =    432
inout (power) : iter =    417 ; odelta = 9.250822e-06 ; dt =    52.2; nmult =    433
inout (power) : iter =    418 ; odelta = 9.128232e-06 ; dt =    52.3; nmult =    434
inout (power) : iter =    419 ; odelta = 9.007325e-06 ; dt =    52.4; nmult =    435
inout (power) : iter =    420 ; odelta = 8.888076e-06 ; dt =    52.5; nmult =    436
inout (power) : iter =    421 ; odelta = 8.770461e-06 ; dt =    52.7; nmult =    437
inout (power) : iter =    422 ; odelta = 8.654457e-06 ; dt =    52.8; nmult =    438
inout (power) : iter =    423 ; odelta = 8.540040e-06 ; dt =    52.9; nmult =    439
inout (power) : iter =    424 ; odelta = 8.427188e-06 ; dt =    53.0; nmult =    440
inout (power) : iter =    425 ; odelta = 8.315878e-06 ; dt =    53.1; nmult =    441
inout (power) : iter =    426 ; odelta = 8.206089e-06 ; dt =    53.3; nmult =    442
inout (power) : iter =    427 ; odelta = 8.097799e-06 ; dt =    53.4; nmult =    443
inout (power) : iter =    428 ; odelta = 7.990987e-06 ; dt =    53.5; nmult =    444
inout (power) : iter =    429 ; odelta = 7.885632e-06 ; dt =    53.6; nmult =    445
inout (power) : iter =    430 ; odelta = 7.781717e-06 ; dt =    53.7; nmult =    446
inout (power) : iter =    431 ; odelta = 7.679218e-06 ; dt =    53.9; nmult =    447
inout (power) : iter =    432 ; odelta = 7.578116e-06 ; dt =    54.0; nmult =    448
inout (power) : iter =    433 ; odelta = 7.478392e-06 ; dt =    54.1; nmult =    449
inout (power) : iter =    434 ; odelta = 7.380028e-06 ; dt =    54.2; nmult =    450
inout (power) : iter =    435 ; odelta = 7.283002e-06 ; dt =    54.3; nmult =    451
inout (power) : iter =    436 ; odelta = 7.187297e-06 ; dt =    54.5; nmult =    452
inout (power) : iter =    437 ; odelta = 7.092891e-06 ; dt =    54.6; nmult =    453
inout (power) : iter =    438 ; odelta = 6.999781e-06 ; dt =    54.7; nmult =    454
inout (power) : iter =    439 ; odelta = 6.907938e-06 ; dt =    54.8; nmult =    455
inout (power) : iter =    440 ; odelta = 6.817339e-06 ; dt =    54.9; nmult =    456
inout (power) : iter =    441 ; odelta = 6.727970e-06 ; dt =    55.0; nmult =    457
inout (power) : iter =    442 ; odelta = 6.639811e-06 ; dt =    55.2; nmult =    458
inout (power) : iter =    443 ; odelta = 6.552847e-06 ; dt =    55.3; nmult =    459
inout (power) : iter =    444 ; odelta = 6.467059e-06 ; dt =    55.4; nmult =    460
inout (power) : iter =    445 ; odelta = 6.382431e-06 ; dt =    55.5; nmult =    461
inout (power) : iter =    446 ; odelta = 6.298948e-06 ; dt =    55.6; nmult =    462
inout (power) : iter =    447 ; odelta = 6.216592e-06 ; dt =    55.8; nmult =    463
inout (power) : iter =    448 ; odelta = 6.135347e-06 ; dt =    55.9; nmult =    464
inout (power) : iter =    449 ; odelta = 6.055199e-06 ; dt =    56.0; nmult =    465
inout (power) : iter =    450 ; odelta = 5.976133e-06 ; dt =    56.1; nmult =    466
inout (power) : iter =    451 ; odelta = 5.898133e-06 ; dt =    56.2; nmult =    467
inout (power) : iter =    452 ; odelta = 5.821184e-06 ; dt =    56.4; nmult =    468
inout (power) : iter =    453 ; odelta = 5.745272e-06 ; dt =    56.5; nmult =    469
inout (power) : iter =    454 ; odelta = 5.670381e-06 ; dt =    56.6; nmult =    470
inout (power) : iter =    455 ; odelta = 5.596498e-06 ; dt =    56.7; nmult =    471
inout (power) : iter =    456 ; odelta = 5.523609e-06 ; dt =    56.8; nmult =    472
inout (power) : iter =    457 ; odelta = 5.451699e-06 ; dt =    56.9; nmult =    473
inout (power) : iter =    458 ; odelta = 5.380755e-06 ; dt =    57.1; nmult =    474
inout (power) : iter =    459 ; odelta = 5.310764e-06 ; dt =    57.2; nmult =    475
inout (power) : iter =    460 ; odelta = 5.241712e-06 ; dt =    57.3; nmult =    476
inout (power) : iter =    461 ; odelta = 5.173587e-06 ; dt =    57.4; nmult =    477
inout (power) : iter =    462 ; odelta = 5.106375e-06 ; dt =    57.5; nmult =    478
inout (power) : iter =    463 ; odelta = 5.040066e-06 ; dt =    57.7; nmult =    479
inout (power) : iter =    464 ; odelta = 4.974649e-06 ; dt =    57.8; nmult =    480
inout (power) : iter =    465 ; odelta = 4.910114e-06 ; dt =    57.9; nmult =    481
inout (power) : iter =    466 ; odelta = 4.846443e-06 ; dt =    58.0; nmult =    482
inout (power) : iter =    467 ; odelta = 4.783623e-06 ; dt =    58.1; nmult =    483
inout (power) : iter =    468 ; odelta = 4.721643e-06 ; dt =    58.3; nmult =    484
inout (power) : iter =    469 ; odelta = 4.660490e-06 ; dt =    58.4; nmult =    485
inout (power) : iter =    470 ; odelta = 4.600155e-06 ; dt =    58.5; nmult =    486
inout (power) : iter =    471 ; odelta = 4.540624e-06 ; dt =    58.6; nmult =    487
inout (power) : iter =    472 ; odelta = 4.481887e-06 ; dt =    58.7; nmult =    488
inout (power) : iter =    473 ; odelta = 4.423934e-06 ; dt =    58.9; nmult =    489
inout (power) : iter =    474 ; odelta = 4.366753e-06 ; dt =    59.0; nmult =    490
inout (power) : iter =    475 ; odelta = 4.310333e-06 ; dt =    59.1; nmult =    491
inout (power) : iter =    476 ; odelta = 4.254665e-06 ; dt =    59.2; nmult =    492
inout (power) : iter =    477 ; odelta = 4.199738e-06 ; dt =    59.3; nmult =    493
inout (power) : iter =    478 ; odelta = 4.145541e-06 ; dt =    59.4; nmult =    494
inout (power) : iter =    479 ; odelta = 4.092065e-06 ; dt =    59.6; nmult =    495
inout (power) : iter =    480 ; odelta = 4.039300e-06 ; dt =    59.7; nmult =    496
inout (power) : iter =    481 ; odelta = 3.987239e-06 ; dt =    59.8; nmult =    497
inout (power) : iter =    482 ; odelta = 3.935869e-06 ; dt =    59.9; nmult =    498
inout (power) : iter =    483 ; odelta = 3.885181e-06 ; dt =    60.0; nmult =    499
inout (power) : iter =    484 ; odelta = 3.835165e-06 ; dt =    60.2; nmult =    500
inout (power) : iter =    485 ; odelta = 3.785812e-06 ; dt =    60.3; nmult =    501
inout (power) : iter =    486 ; odelta = 3.737113e-06 ; dt =    60.4; nmult =    502
inout (power) : iter =    487 ; odelta = 3.689059e-06 ; dt =    60.5; nmult =    503
inout (power) : iter =    488 ; odelta = 3.641642e-06 ; dt =    60.6; nmult =    504
inout (power) : iter =    489 ; odelta = 3.594852e-06 ; dt =    60.8; nmult =    505
inout (power) : iter =    490 ; odelta = 3.548681e-06 ; dt =    60.9; nmult =    506
inout (power) : iter =    491 ; odelta = 3.503120e-06 ; dt =    61.0; nmult =    507
inout (power) : iter =    492 ; odelta = 3.458162e-06 ; dt =    61.1; nmult =    508
inout (power) : iter =    493 ; odelta = 3.413797e-06 ; dt =    61.2; nmult =    509
inout (power) : iter =    494 ; odelta = 3.370018e-06 ; dt =    61.4; nmult =    510
inout (power) : iter =    495 ; odelta = 3.326817e-06 ; dt =    61.5; nmult =    511
inout (power) : iter =    496 ; odelta = 3.284186e-06 ; dt =    61.6; nmult =    512
inout (power) : iter =    497 ; odelta = 3.242117e-06 ; dt =    61.7; nmult =    513
inout (power) : iter =    498 ; odelta = 3.200603e-06 ; dt =    61.8; nmult =    514
inout (power) : iter =    499 ; odelta = 3.159636e-06 ; dt =    61.9; nmult =    515
inout (power) : iter =    500 ; odelta = 3.119208e-06 ; dt =    62.1; nmult =    516
inout (power) : iter =    501 ; odelta = 3.079312e-06 ; dt =    62.2; nmult =    517
inout (power) : iter =    502 ; odelta = 3.039941e-06 ; dt =    62.3; nmult =    518
inout (power) : iter =    503 ; odelta = 3.001089e-06 ; dt =    62.4; nmult =    519
inout (power) : iter =    504 ; odelta = 2.962746e-06 ; dt =    62.5; nmult =    520
inout (power) : iter =    505 ; odelta = 2.924908e-06 ; dt =    62.7; nmult =    521
inout (power) : iter =    506 ; odelta = 2.887567e-06 ; dt =    62.8; nmult =    522
inout (power) : iter =    507 ; odelta = 2.850716e-06 ; dt =    62.9; nmult =    523
inout (power) : iter =    508 ; odelta = 2.814348e-06 ; dt =    63.0; nmult =    524
inout (power) : iter =    509 ; odelta = 2.778458e-06 ; dt =    63.1; nmult =    525
inout (power) : iter =    510 ; odelta = 2.743038e-06 ; dt =    63.3; nmult =    526
inout (power) : iter =    511 ; odelta = 2.708083e-06 ; dt =    63.4; nmult =    527
inout (power) : iter =    512 ; odelta = 2.673585e-06 ; dt =    63.5; nmult =    528
inout (power) : iter =    513 ; odelta = 2.639540e-06 ; dt =    63.6; nmult =    529
inout (power) : iter =    514 ; odelta = 2.605940e-06 ; dt =    63.7; nmult =    530
inout (power) : iter =    515 ; odelta = 2.572779e-06 ; dt =    63.9; nmult =    531
inout (power) : iter =    516 ; odelta = 2.540053e-06 ; dt =    64.0; nmult =    532
inout (power) : iter =    517 ; odelta = 2.507754e-06 ; dt =    64.1; nmult =    533
inout (power) : iter =    518 ; odelta = 2.475877e-06 ; dt =    64.2; nmult =    534
inout (power) : iter =    519 ; odelta = 2.444417e-06 ; dt =    64.3; nmult =    535
inout (power) : iter =    520 ; odelta = 2.413368e-06 ; dt =    64.4; nmult =    536
inout (power) : iter =    521 ; odelta = 2.382725e-06 ; dt =    64.6; nmult =    537
inout (power) : iter =    522 ; odelta = 2.352482e-06 ; dt =    64.7; nmult =    538
inout (power) : iter =    523 ; odelta = 2.322634e-06 ; dt =    64.8; nmult =    539
inout (power) : iter =    524 ; odelta = 2.293175e-06 ; dt =    64.9; nmult =    540
inout (power) : iter =    525 ; odelta = 2.264101e-06 ; dt =    65.0; nmult =    541
inout (power) : iter =    526 ; odelta = 2.235405e-06 ; dt =    65.2; nmult =    542
inout (power) : iter =    527 ; odelta = 2.207082e-06 ; dt =    65.3; nmult =    543
inout (power) : iter =    528 ; odelta = 2.179129e-06 ; dt =    65.4; nmult =    544
inout (power) : iter =    529 ; odelta = 2.151539e-06 ; dt =    65.5; nmult =    545
inout (power) : iter =    530 ; odelta = 2.124308e-06 ; dt =    65.6; nmult =    546
inout (power) : iter =    531 ; odelta = 2.097431e-06 ; dt =    65.8; nmult =    547
inout (power) : iter =    532 ; odelta = 2.070904e-06 ; dt =    65.9; nmult =    548
inout (power) : iter =    533 ; odelta = 2.044721e-06 ; dt =    66.0; nmult =    549
inout (power) : iter =    534 ; odelta = 2.018878e-06 ; dt =    66.1; nmult =    550
inout (power) : iter =    535 ; odelta = 1.993371e-06 ; dt =    66.2; nmult =    551
inout (power) : iter =    536 ; odelta = 1.968194e-06 ; dt =    66.3; nmult =    552
inout (power) : iter =    537 ; odelta = 1.943344e-06 ; dt =    66.5; nmult =    553
inout (power) : iter =    538 ; odelta = 1.918816e-06 ; dt =    66.6; nmult =    554
inout (power) : iter =    539 ; odelta = 1.894606e-06 ; dt =    66.7; nmult =    555
inout (power) : iter =    540 ; odelta = 1.870709e-06 ; dt =    66.8; nmult =    556
inout (power) : iter =    541 ; odelta = 1.847122e-06 ; dt =    66.9; nmult =    557
inout (power) : iter =    542 ; odelta = 1.823839e-06 ; dt =    67.1; nmult =    558
inout (power) : iter =    543 ; odelta = 1.800858e-06 ; dt =    67.2; nmult =    559
inout (power) : iter =    544 ; odelta = 1.778175e-06 ; dt =    67.3; nmult =    560
inout (power) : iter =    545 ; odelta = 1.755784e-06 ; dt =    67.4; nmult =    561
inout (power) : iter =    546 ; odelta = 1.733683e-06 ; dt =    67.5; nmult =    562
inout (power) : iter =    547 ; odelta = 1.711867e-06 ; dt =    67.7; nmult =    563
inout (power) : iter =    548 ; odelta = 1.690332e-06 ; dt =    67.8; nmult =    564
inout (power) : iter =    549 ; odelta = 1.669076e-06 ; dt =    67.9; nmult =    565
inout (power) : iter =    550 ; odelta = 1.648094e-06 ; dt =    68.0; nmult =    566
inout (power) : iter =    551 ; odelta = 1.627382e-06 ; dt =    68.1; nmult =    567
inout (power) : iter =    552 ; odelta = 1.606938e-06 ; dt =    68.3; nmult =    568
inout (power) : iter =    553 ; odelta = 1.586757e-06 ; dt =    68.4; nmult =    569
inout (power) : iter =    554 ; odelta = 1.566835e-06 ; dt =    68.5; nmult =    570
inout (power) : iter =    555 ; odelta = 1.547171e-06 ; dt =    68.6; nmult =    571
inout (power) : iter =    556 ; odelta = 1.527759e-06 ; dt =    68.7; nmult =    572
inout (power) : iter =    557 ; odelta = 1.508597e-06 ; dt =    68.8; nmult =    573
inout (power) : iter =    558 ; odelta = 1.489683e-06 ; dt =    69.0; nmult =    574
inout (power) : iter =    559 ; odelta = 1.471013e-06 ; dt =    69.1; nmult =    575
inout (power) : iter =    560 ; odelta = 1.452584e-06 ; dt =    69.2; nmult =    576
inout (power) : iter =    561 ; odelta = 1.434391e-06 ; dt =    69.3; nmult =    577
inout (power) : iter =    562 ; odelta = 1.416432e-06 ; dt =    69.4; nmult =    578
inout (power) : iter =    563 ; odelta = 1.398704e-06 ; dt =    69.6; nmult =    579
inout (power) : iter =    564 ; odelta = 1.381203e-06 ; dt =    69.7; nmult =    580
inout (power) : iter =    565 ; odelta = 1.363927e-06 ; dt =    69.8; nmult =    581
inout (power) : iter =    566 ; odelta = 1.346872e-06 ; dt =    69.9; nmult =    582
inout (power) : iter =    567 ; odelta = 1.330036e-06 ; dt =    70.0; nmult =    583
inout (power) : iter =    568 ; odelta = 1.313415e-06 ; dt =    70.2; nmult =    584
inout (power) : iter =    569 ; odelta = 1.297008e-06 ; dt =    70.3; nmult =    585
inout (power) : iter =    570 ; odelta = 1.280810e-06 ; dt =    70.4; nmult =    586
inout (power) : iter =    571 ; odelta = 1.264820e-06 ; dt =    70.5; nmult =    587
inout (power) : iter =    572 ; odelta = 1.249034e-06 ; dt =    70.6; nmult =    588
inout (power) : iter =    573 ; odelta = 1.233451e-06 ; dt =    70.8; nmult =    589
inout (power) : iter =    574 ; odelta = 1.218066e-06 ; dt =    70.9; nmult =    590
inout (power) : iter =    575 ; odelta = 1.202878e-06 ; dt =    71.0; nmult =    591
inout (power) : iter =    576 ; odelta = 1.187884e-06 ; dt =    71.1; nmult =    592
inout (power) : iter =    577 ; odelta = 1.173082e-06 ; dt =    71.2; nmult =    593
inout (power) : iter =    578 ; odelta = 1.158469e-06 ; dt =    71.3; nmult =    594
inout (power) : iter =    579 ; odelta = 1.144042e-06 ; dt =    71.5; nmult =    595
inout (power) : iter =    580 ; odelta = 1.129799e-06 ; dt =    71.6; nmult =    596
inout (power) : iter =    581 ; odelta = 1.115737e-06 ; dt =    71.7; nmult =    597
inout (power) : iter =    582 ; odelta = 1.101855e-06 ; dt =    71.8; nmult =    598
inout (power) : iter =    583 ; odelta = 1.088150e-06 ; dt =    71.9; nmult =    599
inout (power) : iter =    584 ; odelta = 1.074619e-06 ; dt =    72.1; nmult =    600
inout (power) : iter =    585 ; odelta = 1.061261e-06 ; dt =    72.2; nmult =    601
inout (power) : iter =    586 ; odelta = 1.048073e-06 ; dt =    72.3; nmult =    602
inout (power) : iter =    587 ; odelta = 1.035052e-06 ; dt =    72.4; nmult =    603
inout (power) : iter =    588 ; odelta = 1.022197e-06 ; dt =    72.5; nmult =    604
inout (power) : iter =    589 ; odelta = 1.009506e-06 ; dt =    72.7; nmult =    605
inout (power) : iter =    590 ; odelta = 9.969754e-07 ; dt =    72.8; nmult =    606
inout (power) : iter =    591 ; odelta = 9.846047e-07 ; dt =    72.9; nmult =    607
inout (power) : iter =    592 ; odelta = 9.723934e-07 ; dt =    73.0; nmult =    608
inout (power) : iter =    593 ; odelta = 9.603390e-07 ; dt =    73.1; nmult =    609
inout (power) : iter =    594 ; odelta = 9.484375e-07 ; dt =    73.2; nmult =    610
inout (power) : iter =    595 ; odelta = 9.366870e-07 ; dt =    73.4; nmult =    611
inout (power) : iter =    596 ; odelta = 9.250855e-07 ; dt =    73.5; nmult =    612
inout (power) : iter =    597 ; odelta = 9.136311e-07 ; dt =    73.6; nmult =    613
inout (power) : iter =    598 ; odelta = 9.023218e-07 ; dt =    73.7; nmult =    614
inout (power) : iter =    599 ; odelta = 8.911557e-07 ; dt =    73.8; nmult =    615
inout (power) : iter =    600 ; odelta = 8.801310e-07 ; dt =    74.0; nmult =    616
inout (power) : iter =    601 ; odelta = 8.692459e-07 ; dt =    74.1; nmult =    617
inout (power) : iter =    602 ; odelta = 8.584985e-07 ; dt =    74.2; nmult =    618
inout (power) : iter =    603 ; odelta = 8.478871e-07 ; dt =    74.3; nmult =    619
inout (power) : iter =    604 ; odelta = 8.374099e-07 ; dt =    74.4; nmult =    620
inout (power) : iter =    605 ; odelta = 8.270651e-07 ; dt =    74.6; nmult =    621
inout (power) : iter =    606 ; odelta = 8.168510e-07 ; dt =    74.7; nmult =    622
inout (power) : iter =    607 ; odelta = 8.067660e-07 ; dt =    74.8; nmult =    623
inout (power) : iter =    608 ; odelta = 7.968083e-07 ; dt =    74.9; nmult =    624
inout (power) : iter =    609 ; odelta = 7.869763e-07 ; dt =    75.0; nmult =    625
inout (power) : iter =    610 ; odelta = 7.772684e-07 ; dt =    75.2; nmult =    626
inout (power) : iter =    611 ; odelta = 7.676830e-07 ; dt =    75.3; nmult =    627
inout (power) : iter =    612 ; odelta = 7.582184e-07 ; dt =    75.4; nmult =    628
inout (power) : iter =    613 ; odelta = 7.488732e-07 ; dt =    75.5; nmult =    629
inout (power) : iter =    614 ; odelta = 7.396458e-07 ; dt =    75.6; nmult =    630
inout (power) : iter =    615 ; odelta = 7.305346e-07 ; dt =    75.7; nmult =    631
inout (power) : iter =    616 ; odelta = 7.215382e-07 ; dt =    75.9; nmult =    632
inout (power) : iter =    617 ; odelta = 7.126550e-07 ; dt =    76.0; nmult =    633
inout (power) : iter =    618 ; odelta = 7.038837e-07 ; dt =    76.1; nmult =    634
inout (power) : iter =    619 ; odelta = 6.952227e-07 ; dt =    76.2; nmult =    635
inout (power) : iter =    620 ; odelta = 6.866706e-07 ; dt =    76.3; nmult =    636
inout (power) : iter =    621 ; odelta = 6.782261e-07 ; dt =    76.5; nmult =    637
inout (power) : iter =    622 ; odelta = 6.698878e-07 ; dt =    76.6; nmult =    638
inout (power) : iter =    623 ; odelta = 6.616542e-07 ; dt =    76.7; nmult =    639
inout (power) : iter =    624 ; odelta = 6.535241e-07 ; dt =    76.8; nmult =    640
inout (power) : iter =    625 ; odelta = 6.454960e-07 ; dt =    76.9; nmult =    641
inout (power) : iter =    626 ; odelta = 6.375687e-07 ; dt =    77.1; nmult =    642
inout (power) : iter =    627 ; odelta = 6.297410e-07 ; dt =    77.2; nmult =    643
inout (power) : iter =    628 ; odelta = 6.220114e-07 ; dt =    77.3; nmult =    644
inout (power) : iter =    629 ; odelta = 6.143788e-07 ; dt =    77.4; nmult =    645
inout (power) : iter =    630 ; odelta = 6.068419e-07 ; dt =    77.5; nmult =    646
inout (power) : iter =    631 ; odelta = 5.993994e-07 ; dt =    77.7; nmult =    647
inout (power) : iter =    632 ; odelta = 5.920502e-07 ; dt =    77.8; nmult =    648
inout (power) : iter =    633 ; odelta = 5.847931e-07 ; dt =    77.9; nmult =    649
inout (power) : iter =    634 ; odelta = 5.776268e-07 ; dt =    78.0; nmult =    650
inout (power) : iter =    635 ; odelta = 5.705503e-07 ; dt =    78.1; nmult =    651
inout (power) : iter =    636 ; odelta = 5.635623e-07 ; dt =    78.2; nmult =    652
inout (power) : iter =    637 ; odelta = 5.566617e-07 ; dt =    78.4; nmult =    653
inout (power) : iter =    638 ; odelta = 5.498474e-07 ; dt =    78.5; nmult =    654
inout (power) : iter =    639 ; odelta = 5.431184e-07 ; dt =    78.6; nmult =    655
inout (power) : iter =    640 ; odelta = 5.364734e-07 ; dt =    78.7; nmult =    656
inout (power) : iter =    641 ; odelta = 5.299114e-07 ; dt =    78.8; nmult =    657
inout (power) : iter =    642 ; odelta = 5.234315e-07 ; dt =    79.0; nmult =    658
inout (power) : iter =    643 ; odelta = 5.170324e-07 ; dt =    79.1; nmult =    659
inout (power) : iter =    644 ; odelta = 5.107133e-07 ; dt =    79.2; nmult =    660
inout (power) : iter =    645 ; odelta = 5.044730e-07 ; dt =    79.3; nmult =    661
inout (power) : iter =    646 ; odelta = 4.983106e-07 ; dt =    79.4; nmult =    662
inout (power) : iter =    647 ; odelta = 4.922250e-07 ; dt =    79.6; nmult =    663
inout (power) : iter =    648 ; odelta = 4.862155e-07 ; dt =    79.7; nmult =    664
inout (power) : iter =    649 ; odelta = 4.802810e-07 ; dt =    79.8; nmult =    665
inout (power) : iter =    650 ; odelta = 4.744203e-07 ; dt =    79.9; nmult =    666
inout (power) : iter =    651 ; odelta = 4.686327e-07 ; dt =    80.0; nmult =    667
inout (power) : iter =    652 ; odelta = 4.629171e-07 ; dt =    80.1; nmult =    668
inout (power) : iter =    653 ; odelta = 4.572727e-07 ; dt =    80.3; nmult =    669
inout (power) : iter =    654 ; odelta = 4.516986e-07 ; dt =    80.4; nmult =    670
inout (power) : iter =    655 ; odelta = 4.461938e-07 ; dt =    80.5; nmult =    671
inout (power) : iter =    656 ; odelta = 4.407575e-07 ; dt =    80.6; nmult =    672
inout (power) : iter =    657 ; odelta = 4.353888e-07 ; dt =    80.7; nmult =    673
inout (power) : iter =    658 ; odelta = 4.300869e-07 ; dt =    80.9; nmult =    674
inout (power) : iter =    659 ; odelta = 4.248509e-07 ; dt =    81.0; nmult =    675
inout (power) : iter =    660 ; odelta = 4.196799e-07 ; dt =    81.1; nmult =    676
inout (power) : iter =    661 ; odelta = 4.145732e-07 ; dt =    81.2; nmult =    677
inout (power) : iter =    662 ; odelta = 4.095300e-07 ; dt =    81.3; nmult =    678
inout (power) : iter =    663 ; odelta = 4.045493e-07 ; dt =    81.5; nmult =    679
inout (power) : iter =    664 ; odelta = 3.996304e-07 ; dt =    81.6; nmult =    680
inout (power) : iter =    665 ; odelta = 3.947726e-07 ; dt =    81.7; nmult =    681
inout (power) : iter =    666 ; odelta = 3.899751e-07 ; dt =    81.8; nmult =    682
inout (power) : iter =    667 ; odelta = 3.852372e-07 ; dt =    81.9; nmult =    683
inout (power) : iter =    668 ; odelta = 3.805580e-07 ; dt =    82.1; nmult =    684
inout (power) : iter =    669 ; odelta = 3.759368e-07 ; dt =    82.2; nmult =    685
inout (power) : iter =    670 ; odelta = 3.713728e-07 ; dt =    82.3; nmult =    686
inout (power) : iter =    671 ; odelta = 3.668654e-07 ; dt =    82.4; nmult =    687
inout (power) : iter =    672 ; odelta = 3.624138e-07 ; dt =    82.5; nmult =    688
inout (power) : iter =    673 ; odelta = 3.580173e-07 ; dt =    82.6; nmult =    689
inout (power) : iter =    674 ; odelta = 3.536752e-07 ; dt =    82.8; nmult =    690
inout (power) : iter =    675 ; odelta = 3.493868e-07 ; dt =    82.9; nmult =    691
inout (power) : iter =    676 ; odelta = 3.451514e-07 ; dt =    83.0; nmult =    692
inout (power) : iter =    677 ; odelta = 3.409684e-07 ; dt =    83.1; nmult =    693
inout (power) : iter =    678 ; odelta = 3.368370e-07 ; dt =    83.2; nmult =    694
inout (power) : iter =    679 ; odelta = 3.327568e-07 ; dt =    83.4; nmult =    695
inout (power) : iter =    680 ; odelta = 3.287270e-07 ; dt =    83.5; nmult =    696
inout (power) : iter =    681 ; odelta = 3.247470e-07 ; dt =    83.6; nmult =    697
inout (power) : iter =    682 ; odelta = 3.208161e-07 ; dt =    83.7; nmult =    698
inout (power) : iter =    683 ; odelta = 3.169337e-07 ; dt =    83.8; nmult =    699
inout (power) : iter =    684 ; odelta = 3.130992e-07 ; dt =    84.0; nmult =    700
inout (power) : iter =    685 ; odelta = 3.093119e-07 ; dt =    84.1; nmult =    701
inout (power) : iter =    686 ; odelta = 3.055714e-07 ; dt =    84.2; nmult =    702
inout (power) : iter =    687 ; odelta = 3.018770e-07 ; dt =    84.3; nmult =    703
inout (power) : iter =    688 ; odelta = 2.982281e-07 ; dt =    84.4; nmult =    704
inout (power) : iter =    689 ; odelta = 2.946241e-07 ; dt =    84.6; nmult =    705
inout (power) : iter =    690 ; odelta = 2.910645e-07 ; dt =    84.7; nmult =    706
inout (power) : iter =    691 ; odelta = 2.875488e-07 ; dt =    84.8; nmult =    707
inout (power) : iter =    692 ; odelta = 2.840763e-07 ; dt =    84.9; nmult =    708
inout (power) : iter =    693 ; odelta = 2.806465e-07 ; dt =    85.0; nmult =    709
inout (power) : iter =    694 ; odelta = 2.772590e-07 ; dt =    85.1; nmult =    710
inout (power) : iter =    695 ; odelta = 2.739131e-07 ; dt =    85.3; nmult =    711
inout (power) : iter =    696 ; odelta = 2.706083e-07 ; dt =    85.4; nmult =    712
inout (power) : iter =    697 ; odelta = 2.673442e-07 ; dt =    85.5; nmult =    713
inout (power) : iter =    698 ; odelta = 2.641201e-07 ; dt =    85.6; nmult =    714
inout (power) : iter =    699 ; odelta = 2.609357e-07 ; dt =    85.7; nmult =    715
inout (power) : iter =    700 ; odelta = 2.577904e-07 ; dt =    85.9; nmult =    716
inout (power) : iter =    701 ; odelta = 2.546837e-07 ; dt =    86.0; nmult =    717
inout (power) : iter =    702 ; odelta = 2.516152e-07 ; dt =    86.1; nmult =    718
inout (power) : iter =    703 ; odelta = 2.485842e-07 ; dt =    86.2; nmult =    719
inout (power) : iter =    704 ; odelta = 2.455905e-07 ; dt =    86.3; nmult =    720
inout (power) : iter =    705 ; odelta = 2.426335e-07 ; dt =    86.5; nmult =    721
inout (power) : iter =    706 ; odelta = 2.397128e-07 ; dt =    86.6; nmult =    722
inout (power) : iter =    707 ; odelta = 2.368278e-07 ; dt =    86.7; nmult =    723
inout (power) : iter =    708 ; odelta = 2.339783e-07 ; dt =    86.8; nmult =    724
inout (power) : iter =    709 ; odelta = 2.311636e-07 ; dt =    86.9; nmult =    725
inout (power) : iter =    710 ; odelta = 2.283834e-07 ; dt =    87.1; nmult =    726
inout (power) : iter =    711 ; odelta = 2.256372e-07 ; dt =    87.2; nmult =    727
inout (power) : iter =    712 ; odelta = 2.229247e-07 ; dt =    87.3; nmult =    728
inout (power) : iter =    713 ; odelta = 2.202454e-07 ; dt =    87.4; nmult =    729
inout (power) : iter =    714 ; odelta = 2.175988e-07 ; dt =    87.5; nmult =    730
inout (power) : iter =    715 ; odelta = 2.149847e-07 ; dt =    87.6; nmult =    731
inout (power) : iter =    716 ; odelta = 2.124025e-07 ; dt =    87.8; nmult =    732
inout (power) : iter =    717 ; odelta = 2.098519e-07 ; dt =    87.9; nmult =    733
inout (power) : iter =    718 ; odelta = 2.073324e-07 ; dt =    88.0; nmult =    734
inout (power) : iter =    719 ; odelta = 2.048438e-07 ; dt =    88.1; nmult =    735
inout (power) : iter =    720 ; odelta = 2.023855e-07 ; dt =    88.2; nmult =    736
inout (power) : iter =    721 ; odelta = 1.999573e-07 ; dt =    88.4; nmult =    737
inout (power) : iter =    722 ; odelta = 1.975588e-07 ; dt =    88.5; nmult =    738
inout (power) : iter =    723 ; odelta = 1.951895e-07 ; dt =    88.6; nmult =    739
inout (power) : iter =    724 ; odelta = 1.928491e-07 ; dt =    88.7; nmult =    740
inout (power) : iter =    725 ; odelta = 1.905373e-07 ; dt =    88.8; nmult =    741
inout (power) : iter =    726 ; odelta = 1.882537e-07 ; dt =    89.0; nmult =    742
inout (power) : iter =    727 ; odelta = 1.859979e-07 ; dt =    89.1; nmult =    743
inout (power) : iter =    728 ; odelta = 1.837696e-07 ; dt =    89.2; nmult =    744
inout (power) : iter =    729 ; odelta = 1.815685e-07 ; dt =    89.3; nmult =    745
inout (power) : iter =    730 ; odelta = 1.793943e-07 ; dt =    89.4; nmult =    746
inout (power) : iter =    731 ; odelta = 1.772465e-07 ; dt =    89.6; nmult =    747
inout (power) : iter =    732 ; odelta = 1.751249e-07 ; dt =    89.7; nmult =    748
inout (power) : iter =    733 ; odelta = 1.730291e-07 ; dt =    89.8; nmult =    749
inout (power) : iter =    734 ; odelta = 1.709588e-07 ; dt =    89.9; nmult =    750
inout (power) : iter =    735 ; odelta = 1.689137e-07 ; dt =    90.0; nmult =    751
inout (power) : iter =    736 ; odelta = 1.668935e-07 ; dt =    90.1; nmult =    752
inout (power) : iter =    737 ; odelta = 1.648979e-07 ; dt =    90.3; nmult =    753
inout (power) : iter =    738 ; odelta = 1.629265e-07 ; dt =    90.4; nmult =    754
inout (power) : iter =    739 ; odelta = 1.609791e-07 ; dt =    90.5; nmult =    755
inout (power) : iter =    740 ; odelta = 1.590554e-07 ; dt =    90.6; nmult =    756
inout (power) : iter =    741 ; odelta = 1.571551e-07 ; dt =    90.7; nmult =    757
inout (power) : iter =    742 ; odelta = 1.552779e-07 ; dt =    90.9; nmult =    758
inout (power) : iter =    743 ; odelta = 1.534234e-07 ; dt =    91.0; nmult =    759
inout (power) : iter =    744 ; odelta = 1.515915e-07 ; dt =    91.1; nmult =    760
inout (power) : iter =    745 ; odelta = 1.497819e-07 ; dt =    91.2; nmult =    761
inout (power) : iter =    746 ; odelta = 1.479941e-07 ; dt =    91.3; nmult =    762
inout (power) : iter =    747 ; odelta = 1.462281e-07 ; dt =    91.5; nmult =    763
inout (power) : iter =    748 ; odelta = 1.444836e-07 ; dt =    91.6; nmult =    764
inout (power) : iter =    749 ; odelta = 1.427601e-07 ; dt =    91.7; nmult =    765
inout (power) : iter =    750 ; odelta = 1.410576e-07 ; dt =    91.8; nmult =    766
inout (power) : iter =    751 ; odelta = 1.393757e-07 ; dt =    91.9; nmult =    767
inout (power) : iter =    752 ; odelta = 1.377142e-07 ; dt =    92.1; nmult =    768
inout (power) : iter =    753 ; odelta = 1.360729e-07 ; dt =    92.2; nmult =    769
inout (power) : iter =    754 ; odelta = 1.344514e-07 ; dt =    92.3; nmult =    770
inout (power) : iter =    755 ; odelta = 1.328496e-07 ; dt =    92.4; nmult =    771
inout (power) : iter =    756 ; odelta = 1.312672e-07 ; dt =    92.5; nmult =    772
inout (power) : iter =    757 ; odelta = 1.297039e-07 ; dt =    92.6; nmult =    773
inout (power) : iter =    758 ; odelta = 1.281595e-07 ; dt =    92.8; nmult =    774
inout (power) : iter =    759 ; odelta = 1.266339e-07 ; dt =    92.9; nmult =    775
inout (power) : iter =    760 ; odelta = 1.251267e-07 ; dt =    93.0; nmult =    776
inout (power) : iter =    761 ; odelta = 1.236377e-07 ; dt =    93.1; nmult =    777
inout (power) : iter =    762 ; odelta = 1.221667e-07 ; dt =    93.2; nmult =    778
inout (power) : iter =    763 ; odelta = 1.207135e-07 ; dt =    93.4; nmult =    779
inout (power) : iter =    764 ; odelta = 1.192779e-07 ; dt =    93.5; nmult =    780
inout (power) : iter =    765 ; odelta = 1.178597e-07 ; dt =    93.6; nmult =    781
inout (power) : iter =    766 ; odelta = 1.164585e-07 ; dt =    93.7; nmult =    782
inout (power) : iter =    767 ; odelta = 1.150743e-07 ; dt =    93.8; nmult =    783
inout (power) : iter =    768 ; odelta = 1.137068e-07 ; dt =    94.0; nmult =    784
inout (power) : iter =    769 ; odelta = 1.123558e-07 ; dt =    94.1; nmult =    785
inout (power) : iter =    770 ; odelta = 1.110211e-07 ; dt =    94.2; nmult =    786
inout (power) : iter =    771 ; odelta = 1.097025e-07 ; dt =    94.3; nmult =    787
inout (power) : iter =    772 ; odelta = 1.083999e-07 ; dt =    94.4; nmult =    788
inout (power) : iter =    773 ; odelta = 1.071129e-07 ; dt =    94.5; nmult =    789
inout (power) : iter =    774 ; odelta = 1.058415e-07 ; dt =    94.7; nmult =    790
inout (power) : iter =    775 ; odelta = 1.045854e-07 ; dt =    94.8; nmult =    791
inout (power) : iter =    776 ; odelta = 1.033444e-07 ; dt =    94.9; nmult =    792
inout (power) : iter =    777 ; odelta = 1.021184e-07 ; dt =    95.0; nmult =    793
inout (power) : iter =    778 ; odelta = 1.009072e-07 ; dt =    95.1; nmult =    794
inout (power) : iter =    779 ; odelta = 9.971057e-08 ; dt =    95.3; nmult =    795
inout (power) : iter =    780 ; odelta = 9.852835e-08 ; dt =    95.4; nmult =    796
inout (power) : iter =    781 ; odelta = 9.736036e-08 ; dt =    95.5; nmult =    797
inout (power) : iter =    782 ; odelta = 9.620643e-08 ; dt =    95.6; nmult =    798
inout (power) : iter =    783 ; odelta = 9.506639e-08 ; dt =    95.7; nmult =    799
inout (power) : iter =    784 ; odelta = 9.394007e-08 ; dt =    95.9; nmult =    800
inout (power) : iter =    785 ; odelta = 9.282729e-08 ; dt =    96.0; nmult =    801
inout (power) : iter =    786 ; odelta = 9.172791e-08 ; dt =    96.1; nmult =    802
inout (power) : iter =    787 ; odelta = 9.064174e-08 ; dt =    96.2; nmult =    803
inout (power) : iter =    788 ; odelta = 8.956862e-08 ; dt =    96.3; nmult =    804
inout (power) : iter =    789 ; odelta = 8.850841e-08 ; dt =    96.5; nmult =    805
inout (power) : iter =    790 ; odelta = 8.746093e-08 ; dt =    96.6; nmult =    806
inout (power) : iter =    791 ; odelta = 8.642604e-08 ; dt =    96.7; nmult =    807
inout (power) : iter =    792 ; odelta = 8.540359e-08 ; dt =    96.8; nmult =    808
inout (power) : iter =    793 ; odelta = 8.439341e-08 ; dt =    96.9; nmult =    809
inout (power) : iter =    794 ; odelta = 8.339536e-08 ; dt =    97.0; nmult =    810
inout (power) : iter =    795 ; odelta = 8.240932e-08 ; dt =    97.2; nmult =    811
inout (power) : iter =    796 ; odelta = 8.143512e-08 ; dt =    97.3; nmult =    812
inout (power) : iter =    797 ; odelta = 8.047262e-08 ; dt =    97.4; nmult =    813
inout (power) : iter =    798 ; odelta = 7.952168e-08 ; dt =    97.5; nmult =    814
inout (power) : iter =    799 ; odelta = 7.858215e-08 ; dt =    97.6; nmult =    815
inout (power) : iter =    800 ; odelta = 7.765388e-08 ; dt =    97.8; nmult =    816
inout (power) : iter =    801 ; odelta = 7.673674e-08 ; dt =    97.9; nmult =    817
inout (power) : iter =    802 ; odelta = 7.583060e-08 ; dt =    98.0; nmult =    818
inout (power) : iter =    803 ; odelta = 7.493531e-08 ; dt =    98.1; nmult =    819
inout (power) : iter =    804 ; odelta = 7.405075e-08 ; dt =    98.2; nmult =    820
inout (power) : iter =    805 ; odelta = 7.317678e-08 ; dt =    98.4; nmult =    821
inout (power) : iter =    806 ; odelta = 7.231327e-08 ; dt =    98.5; nmult =    822
inout (power) : iter =    807 ; odelta = 7.146011e-08 ; dt =    98.6; nmult =    823
inout (power) : iter =    808 ; odelta = 7.061716e-08 ; dt =    98.7; nmult =    824
inout (power) : iter =    809 ; odelta = 6.978430e-08 ; dt =    98.8; nmult =    825
inout (power) : iter =    810 ; odelta = 6.896140e-08 ; dt =    99.0; nmult =    826
inout (power) : iter =    811 ; odelta = 6.814834e-08 ; dt =    99.1; nmult =    827
inout (power) : iter =    812 ; odelta = 6.734501e-08 ; dt =    99.2; nmult =    828
inout (power) : iter =    813 ; odelta = 6.655129e-08 ; dt =    99.3; nmult =    829
inout (power) : iter =    814 ; odelta = 6.576705e-08 ; dt =    99.4; nmult =    830
inout (power) : iter =    815 ; odelta = 6.499219e-08 ; dt =    99.5; nmult =    831
inout (power) : iter =    816 ; odelta = 6.422659e-08 ; dt =    99.7; nmult =    832
inout (power) : iter =    817 ; odelta = 6.347014e-08 ; dt =    99.8; nmult =    833
inout (power) : iter =    818 ; odelta = 6.272272e-08 ; dt =    99.9; nmult =    834
inout (power) : iter =    819 ; odelta = 6.198423e-08 ; dt =   100.0; nmult =    835
inout (power) : iter =    820 ; odelta = 6.125457e-08 ; dt =   100.1; nmult =    836
inout (power) : iter =    821 ; odelta = 6.053362e-08 ; dt =   100.3; nmult =    837
inout (power) : iter =    822 ; odelta = 5.982131e-08 ; dt =   100.4; nmult =    838
inout (power) : iter =    823 ; odelta = 5.911751e-08 ; dt =   100.5; nmult =    839
inout (power) : iter =    824 ; odelta = 5.842209e-08 ; dt =   100.6; nmult =    840
inout (power) : iter =    825 ; odelta = 5.773497e-08 ; dt =   100.7; nmult =    841
inout (power) : iter =    826 ; odelta = 5.705605e-08 ; dt =   100.9; nmult =    842
inout (power) : iter =    827 ; odelta = 5.638522e-08 ; dt =   101.0; nmult =    843
inout (power) : iter =    828 ; odelta = 5.572238e-08 ; dt =   101.1; nmult =    844
inout (power) : iter =    829 ; odelta = 5.506745e-08 ; dt =   101.2; nmult =    845
inout (power) : iter =    830 ; odelta = 5.442032e-08 ; dt =   101.3; nmult =    846
inout (power) : iter =    831 ; odelta = 5.378090e-08 ; dt =   101.4; nmult =    847
inout (power) : iter =    832 ; odelta = 5.314910e-08 ; dt =   101.6; nmult =    848
inout (power) : iter =    833 ; odelta = 5.252482e-08 ; dt =   101.7; nmult =    849
inout (power) : iter =    834 ; odelta = 5.190798e-08 ; dt =   101.8; nmult =    850
inout (power) : iter =    835 ; odelta = 5.129848e-08 ; dt =   101.9; nmult =    851
inout (power) : iter =    836 ; odelta = 5.069623e-08 ; dt =   102.0; nmult =    852
inout (power) : iter =    837 ; odelta = 5.010115e-08 ; dt =   102.2; nmult =    853
inout (power) : iter =    838 ; odelta = 4.951315e-08 ; dt =   102.3; nmult =    854
inout (power) : iter =    839 ; odelta = 4.893214e-08 ; dt =   102.4; nmult =    855
inout (power) : iter =    840 ; odelta = 4.835805e-08 ; dt =   102.5; nmult =    856
inout (power) : iter =    841 ; odelta = 4.779078e-08 ; dt =   102.6; nmult =    857
inout (power) : iter =    842 ; odelta = 4.723025e-08 ; dt =   102.8; nmult =    858
inout (power) : iter =    843 ; odelta = 4.667639e-08 ; dt =   102.9; nmult =    859
inout (power) : iter =    844 ; odelta = 4.612911e-08 ; dt =   103.0; nmult =    860
inout (power) : iter =    845 ; odelta = 4.558833e-08 ; dt =   103.1; nmult =    861
inout (power) : iter =    846 ; odelta = 4.505397e-08 ; dt =   103.2; nmult =    862
inout (power) : iter =    847 ; odelta = 4.452596e-08 ; dt =   103.4; nmult =    863
inout (power) : iter =    848 ; odelta = 4.400422e-08 ; dt =   103.5; nmult =    864
inout (power) : iter =    849 ; odelta = 4.348868e-08 ; dt =   103.6; nmult =    865
inout (power) : iter =    850 ; odelta = 4.297925e-08 ; dt =   103.7; nmult =    866
inout (power) : iter =    851 ; odelta = 4.247588e-08 ; dt =   103.8; nmult =    867
inout (power) : iter =    852 ; odelta = 4.197848e-08 ; dt =   103.9; nmult =    868
inout (power) : iter =    853 ; odelta = 4.148699e-08 ; dt =   104.1; nmult =    869
inout (power) : iter =    854 ; odelta = 4.100133e-08 ; dt =   104.2; nmult =    870
inout (power) : iter =    855 ; odelta = 4.052143e-08 ; dt =   104.3; nmult =    871
inout (power) : iter =    856 ; odelta = 4.004722e-08 ; dt =   104.4; nmult =    872
inout (power) : iter =    857 ; odelta = 3.957863e-08 ; dt =   104.5; nmult =    873
inout (power) : iter =    858 ; odelta = 3.911559e-08 ; dt =   104.7; nmult =    874
inout (power) : iter =    859 ; odelta = 3.865804e-08 ; dt =   104.8; nmult =    875
inout (power) : iter =    860 ; odelta = 3.820592e-08 ; dt =   104.9; nmult =    876
inout (power) : iter =    861 ; odelta = 3.775914e-08 ; dt =   105.0; nmult =    877
inout (power) : iter =    862 ; odelta = 3.731767e-08 ; dt =   105.1; nmult =    878
inout (power) : iter =    863 ; odelta = 3.688141e-08 ; dt =   105.3; nmult =    879
inout (power) : iter =    864 ; odelta = 3.645033e-08 ; dt =   105.4; nmult =    880
inout (power) : iter =    865 ; odelta = 3.602434e-08 ; dt =   105.5; nmult =    881
inout (power) : iter =    866 ; odelta = 3.560340e-08 ; dt =   105.6; nmult =    882
inout (power) : iter =    867 ; odelta = 3.518744e-08 ; dt =   105.7; nmult =    883
inout (power) : iter =    868 ; odelta = 3.477640e-08 ; dt =   105.9; nmult =    884
inout (power) : iter =    869 ; odelta = 3.437022e-08 ; dt =   106.0; nmult =    885
inout (power) : iter =    870 ; odelta = 3.396884e-08 ; dt =   106.1; nmult =    886
inout (power) : iter =    871 ; odelta = 3.357221e-08 ; dt =   106.2; nmult =    887
inout (power) : iter =    872 ; odelta = 3.318027e-08 ; dt =   106.3; nmult =    888
inout (power) : iter =    873 ; odelta = 3.279297e-08 ; dt =   106.4; nmult =    889
inout (power) : iter =    874 ; odelta = 3.241024e-08 ; dt =   106.6; nmult =    890
inout (power) : iter =    875 ; odelta = 3.203203e-08 ; dt =   106.7; nmult =    891
inout (power) : iter =    876 ; odelta = 3.165829e-08 ; dt =   106.8; nmult =    892
inout (power) : iter =    877 ; odelta = 3.128897e-08 ; dt =   106.9; nmult =    893
inout (power) : iter =    878 ; odelta = 3.092401e-08 ; dt =   107.0; nmult =    894
inout (power) : iter =    879 ; odelta = 3.056335e-08 ; dt =   107.2; nmult =    895
inout (power) : iter =    880 ; odelta = 3.020696e-08 ; dt =   107.3; nmult =    896
inout (power) : iter =    881 ; odelta = 2.985477e-08 ; dt =   107.4; nmult =    897
inout (power) : iter =    882 ; odelta = 2.950674e-08 ; dt =   107.5; nmult =    898
inout (power) : iter =    883 ; odelta = 2.916281e-08 ; dt =   107.6; nmult =    899
inout (power) : iter =    884 ; odelta = 2.882294e-08 ; dt =   107.8; nmult =    900
inout (power) : iter =    885 ; odelta = 2.848708e-08 ; dt =   107.9; nmult =    901
inout (power) : iter =    886 ; odelta = 2.815519e-08 ; dt =   108.0; nmult =    902
inout (power) : iter =    887 ; odelta = 2.782720e-08 ; dt =   108.1; nmult =    903
inout (power) : iter =    888 ; odelta = 2.750309e-08 ; dt =   108.2; nmult =    904
inout (power) : iter =    889 ; odelta = 2.718279e-08 ; dt =   108.4; nmult =    905
inout (power) : iter =    890 ; odelta = 2.686627e-08 ; dt =   108.5; nmult =    906
inout (power) : iter =    891 ; odelta = 2.655348e-08 ; dt =   108.6; nmult =    907
inout (power) : iter =    892 ; odelta = 2.624437e-08 ; dt =   108.7; nmult =    908
inout (power) : iter =    893 ; odelta = 2.593891e-08 ; dt =   108.8; nmult =    909
inout (power) : iter =    894 ; odelta = 2.563704e-08 ; dt =   108.9; nmult =    910
inout (power) : iter =    895 ; odelta = 2.533873e-08 ; dt =   109.1; nmult =    911
inout (power) : iter =    896 ; odelta = 2.504393e-08 ; dt =   109.2; nmult =    912
inout (power) : iter =    897 ; odelta = 2.475260e-08 ; dt =   109.3; nmult =    913
inout (power) : iter =    898 ; odelta = 2.446470e-08 ; dt =   109.4; nmult =    914
inout (power) : iter =    899 ; odelta = 2.418019e-08 ; dt =   109.5; nmult =    915
inout (power) : iter =    900 ; odelta = 2.389903e-08 ; dt =   109.7; nmult =    916
inout (power) : iter =    901 ; odelta = 2.362118e-08 ; dt =   109.8; nmult =    917
inout (power) : iter =    902 ; odelta = 2.334660e-08 ; dt =   109.9; nmult =    918
inout (power) : iter =    903 ; odelta = 2.307524e-08 ; dt =   110.0; nmult =    919
inout (power) : iter =    904 ; odelta = 2.280708e-08 ; dt =   110.1; nmult =    920
inout (power) : iter =    905 ; odelta = 2.254207e-08 ; dt =   110.3; nmult =    921
inout (power) : iter =    906 ; odelta = 2.228017e-08 ; dt =   110.4; nmult =    922
inout (power) : iter =    907 ; odelta = 2.202135e-08 ; dt =   110.5; nmult =    923
inout (power) : iter =    908 ; odelta = 2.176557e-08 ; dt =   110.6; nmult =    924
inout (power) : iter =    909 ; odelta = 2.151280e-08 ; dt =   110.7; nmult =    925
inout (power) : iter =    910 ; odelta = 2.126300e-08 ; dt =   110.9; nmult =    926
inout (power) : iter =    911 ; odelta = 2.101613e-08 ; dt =   111.0; nmult =    927
inout (power) : iter =    912 ; odelta = 2.077216e-08 ; dt =   111.1; nmult =    928
inout (power) : iter =    913 ; odelta = 2.053105e-08 ; dt =   111.2; nmult =    929
inout (power) : iter =    914 ; odelta = 2.029277e-08 ; dt =   111.3; nmult =    930
inout (power) : iter =    915 ; odelta = 2.005729e-08 ; dt =   111.4; nmult =    931
inout (power) : iter =    916 ; odelta = 1.982458e-08 ; dt =   111.6; nmult =    932
inout (power) : iter =    917 ; odelta = 1.959459e-08 ; dt =   111.7; nmult =    933
inout (power) : iter =    918 ; odelta = 1.936731e-08 ; dt =   111.8; nmult =    934
inout (power) : iter =    919 ; odelta = 1.914268e-08 ; dt =   111.9; nmult =    935
inout (power) : iter =    920 ; odelta = 1.892069e-08 ; dt =   112.0; nmult =    936
inout (power) : iter =    921 ; odelta = 1.870131e-08 ; dt =   112.2; nmult =    937
inout (power) : iter =    922 ; odelta = 1.848450e-08 ; dt =   112.3; nmult =    938
inout (power) : iter =    923 ; odelta = 1.827023e-08 ; dt =   112.4; nmult =    939
inout (power) : iter =    924 ; odelta = 1.805847e-08 ; dt =   112.5; nmult =    940
inout (power) : iter =    925 ; odelta = 1.784919e-08 ; dt =   112.6; nmult =    941
inout (power) : iter =    926 ; odelta = 1.764236e-08 ; dt =   112.8; nmult =    942
inout (power) : iter =    927 ; odelta = 1.743796e-08 ; dt =   112.9; nmult =    943
inout (power) : iter =    928 ; odelta = 1.723595e-08 ; dt =   113.0; nmult =    944
inout (power) : iter =    929 ; odelta = 1.703631e-08 ; dt =   113.1; nmult =    945
inout (power) : iter =    930 ; odelta = 1.683900e-08 ; dt =   113.2; nmult =    946
inout (power) : iter =    931 ; odelta = 1.664400e-08 ; dt =   113.4; nmult =    947
inout (power) : iter =    932 ; odelta = 1.645129e-08 ; dt =   113.5; nmult =    948
inout (power) : iter =    933 ; odelta = 1.626083e-08 ; dt =   113.6; nmult =    949
inout (power) : iter =    934 ; odelta = 1.607260e-08 ; dt =   113.7; nmult =    950
inout (power) : iter =    935 ; odelta = 1.588658e-08 ; dt =   113.8; nmult =    951
inout (power) : iter =    936 ; odelta = 1.570273e-08 ; dt =   113.9; nmult =    952
inout (power) : iter =    937 ; odelta = 1.552103e-08 ; dt =   114.1; nmult =    953
inout (power) : iter =    938 ; odelta = 1.534145e-08 ; dt =   114.2; nmult =    954
inout (power) : iter =    939 ; odelta = 1.516398e-08 ; dt =   114.3; nmult =    955
inout (power) : iter =    940 ; odelta = 1.498858e-08 ; dt =   114.4; nmult =    956
inout (power) : iter =    941 ; odelta = 1.481523e-08 ; dt =   114.5; nmult =    957
inout (power) : iter =    942 ; odelta = 1.464391e-08 ; dt =   114.7; nmult =    958
inout (power) : iter =    943 ; odelta = 1.447458e-08 ; dt =   114.8; nmult =    959
inout (power) : iter =    944 ; odelta = 1.430724e-08 ; dt =   114.9; nmult =    960
inout (power) : iter =    945 ; odelta = 1.414185e-08 ; dt =   115.0; nmult =    961
inout (power) : iter =    946 ; odelta = 1.397840e-08 ; dt =   115.1; nmult =    962
inout (power) : iter =    947 ; odelta = 1.381685e-08 ; dt =   115.3; nmult =    963
inout (power) : iter =    948 ; odelta = 1.365719e-08 ; dt =   115.4; nmult =    964
inout (power) : iter =    949 ; odelta = 1.349939e-08 ; dt =   115.5; nmult =    965
inout (power) : iter =    950 ; odelta = 1.334344e-08 ; dt =   115.6; nmult =    966
inout (power) : iter =    951 ; odelta = 1.318930e-08 ; dt =   115.7; nmult =    967
inout (power) : iter =    952 ; odelta = 1.303697e-08 ; dt =   115.8; nmult =    968
inout (power) : iter =    953 ; odelta = 1.288641e-08 ; dt =   116.0; nmult =    969
inout (power) : iter =    954 ; odelta = 1.273761e-08 ; dt =   116.1; nmult =    970
inout (power) : iter =    955 ; odelta = 1.259055e-08 ; dt =   116.2; nmult =    971
inout (power) : iter =    956 ; odelta = 1.244520e-08 ; dt =   116.3; nmult =    972
inout (power) : iter =    957 ; odelta = 1.230154e-08 ; dt =   116.4; nmult =    973
inout (power) : iter =    958 ; odelta = 1.215956e-08 ; dt =   116.6; nmult =    974
inout (power) : iter =    959 ; odelta = 1.201924e-08 ; dt =   116.7; nmult =    975
inout (power) : iter =    960 ; odelta = 1.188055e-08 ; dt =   116.8; nmult =    976
inout (power) : iter =    961 ; odelta = 1.174348e-08 ; dt =   116.9; nmult =    977
inout (power) : iter =    962 ; odelta = 1.160800e-08 ; dt =   117.0; nmult =    978
inout (power) : iter =    963 ; odelta = 1.147411e-08 ; dt =   117.2; nmult =    979
inout (power) : iter =    964 ; odelta = 1.134178e-08 ; dt =   117.3; nmult =    980
inout (power) : iter =    965 ; odelta = 1.121098e-08 ; dt =   117.4; nmult =    981
inout (power) : iter =    966 ; odelta = 1.108171e-08 ; dt =   117.5; nmult =    982
inout (power) : iter =    967 ; odelta = 1.095395e-08 ; dt =   117.6; nmult =    983
inout (power) : iter =    968 ; odelta = 1.082767e-08 ; dt =   117.8; nmult =    984
inout (power) : iter =    969 ; odelta = 1.070286e-08 ; dt =   117.9; nmult =    985
inout (power) : iter =    970 ; odelta = 1.057951e-08 ; dt =   118.0; nmult =    986
inout (power) : iter =    971 ; odelta = 1.045759e-08 ; dt =   118.1; nmult =    987
inout (power) : iter =    972 ; odelta = 1.033709e-08 ; dt =   118.2; nmult =    988
inout (power) : iter =    973 ; odelta = 1.021800e-08 ; dt =   118.3; nmult =    989
inout (power) : iter =    974 ; odelta = 1.010029e-08 ; dt =   118.5; nmult =    990
inout (power) : iter =    975 ; odelta = 9.983950e-09 ; dt =   118.6; nmult =    991
inout(b=0.5000,it=1.000000e-02) : solved pagerank(a=0.9900) in   991 mults to 1.000000e-08 tol
output norm: 9.9999999999999989e-01
