inout (out) : m=      5 d=1.671920e-01
inout (out) : m=      9 d=1.120454e-01
inout (out) : m=     12 d=7.907628e-02
inout (out) : m=     15 d=5.651556e-02
inout (out) : m=     17 d=4.185219e-02
inout (out) : m=     19 d=3.107009e-02
inout (out) : m=     21 d=2.305327e-02
inout (out) : m=     22 d=1.884471e-02
inout (pow) : m=     23 d=1.540397e-02 r=8.174162e-01
inout (pow) : m=     24 d=1.259154e-02 r=8.174221e-01
inout (pow) : m=     25 d=1.029265e-02 r=8.174254e-01
inout (pow) : m=     26 d=8.413418e-03 r=8.174201e-01
inout (pow) : m=     27 d=6.877331e-03 r=8.174241e-01
inout (pow) : m=     28 d=5.621682e-03 r=8.174221e-01
inout (pow) : m=     29 d=4.595290e-03 r=8.174226e-01
inout (pow) : m=     30 d=3.756295e-03 r=8.174228e-01
inout (pow) : m=     31 d=3.070480e-03 r=8.174225e-01
inout (pow) : m=     32 d=2.509880e-03 r=8.174227e-01
inout (pow) : m=     33 d=2.051633e-03 r=8.174226e-01
inout (pow) : m=     34 d=1.677051e-03 r=8.174226e-01
inout (pow) : m=     35 d=1.370860e-03 r=8.174226e-01
inout (pow) : m=     36 d=1.120572e-03 r=8.174226e-01
inout (pow) : m=     37 d=9.159806e-04 r=8.174226e-01
inout (pow) : m=     38 d=7.487433e-04 r=8.174226e-01
inout (pow) : m=     39 d=6.120397e-04 r=8.174226e-01
inout (pow) : m=     40 d=5.002951e-04 r=8.174226e-01
inout (pow) : m=     41 d=4.089525e-04 r=8.174226e-01
inout (pow) : m=     42 d=3.342871e-04 r=8.174226e-01
inout (pow) : m=     43 d=2.732538e-04 r=8.174226e-01
inout (pow) : m=     44 d=2.233639e-04 r=8.174226e-01
inout (pow) : m=     45 d=1.825827e-04 r=8.174226e-01
inout (pow) : m=     46 d=1.492472e-04 r=8.174226e-01
inout (pow) : m=     47 d=1.219980e-04 r=8.174226e-01
inout (pow) : m=     48 d=9.972396e-05 r=8.174226e-01
inout (pow) : m=     49 d=8.151662e-05 r=8.174226e-01
inout (pow) : m=     50 d=6.663353e-05 r=8.174226e-01
inout (pow) : m=     51 d=5.446776e-05 r=8.174226e-01
inout (pow) : m=     52 d=4.452318e-05 r=8.174226e-01
inout (pow) : m=     53 d=3.639425e-05 r=8.174226e-01
inout (pow) : m=     54 d=2.974949e-05 r=8.174226e-01
inout (pow) : m=     55 d=2.431790e-05 r=8.174226e-01
inout (pow) : m=     56 d=1.987801e-05 r=8.174226e-01
inout (pow) : m=     57 d=1.624873e-05 r=8.174226e-01
inout (pow) : m=     58 d=1.328208e-05 r=8.174226e-01
inout (pow) : m=     59 d=1.085707e-05 r=8.174226e-01
inout (pow) : m=     60 d=8.874818e-06 r=8.174226e-01
inout (pow) : m=     61 d=7.254477e-06 r=8.174226e-01
inout (pow) : m=     62 d=5.929974e-06 r=8.174226e-01
inout (pow) : m=     63 d=4.847295e-06 r=8.174226e-01
inout (pow) : m=     64 d=3.962288e-06 r=8.174226e-01
inout (pow) : m=     65 d=3.238864e-06 r=8.174226e-01
inout (pow) : m=     66 d=2.647521e-06 r=8.174226e-01
inout (pow) : m=     67 d=2.164143e-06 r=8.174226e-01
inout (pow) : m=     68 d=1.769020e-06 r=8.174226e-01
inout (pow) : m=     69 d=1.446037e-06 r=8.174226e-01
inout (pow) : m=     70 d=1.182023e-06 r=8.174226e-01
inout (pow) : m=     71 d=9.662126e-07 r=8.174226e-01
inout (pow) : m=     72 d=7.898040e-07 r=8.174226e-01
inout (pow) : m=     73 d=6.456037e-07 r=8.174226e-01
inout (pow) : m=     74 d=5.277311e-07 r=8.174226e-01
inout (pow) : m=     75 d=4.313793e-07 r=8.174226e-01
inout (pow) : m=     76 d=3.526192e-07 r=8.174226e-01
inout (pow) : m=     77 d=2.882389e-07 r=8.174226e-01
inout (pow) : m=     78 d=2.356130e-07 r=8.174226e-01
inout (pow) : m=     79 d=1.925954e-07 r=8.174226e-01
inout (pow) : m=     80 d=1.574319e-07 r=8.174226e-01
inout (pow) : m=     81 d=1.286884e-07 r=8.174226e-01
inout (pow) : m=     82 d=1.051928e-07 r=8.174226e-01
inout (pow) : m=     83 d=8.598696e-08 r=8.174226e-01
inout (pow) : m=     84 d=7.028769e-08 r=8.174226e-01
inout (pow) : m=     85 d=5.745475e-08 r=8.174226e-01
inout (pow) : m=     86 d=4.696481e-08 r=8.174226e-01
inout (pow) : m=     87 d=3.839010e-08 r=8.174226e-01
inout (pow) : m=     88 d=3.138094e-08 r=8.174226e-01
inout (pow) : m=     89 d=2.565149e-08 r=8.174226e-01
inout (pow) : m=     90 d=2.096811e-08 r=8.174226e-01
inout (pow) : m=     91 d=1.713980e-08 r=8.174226e-01
inout (pow) : m=     92 d=1.401046e-08 r=8.174226e-01
inout (pow) : m=     93 d=1.145247e-08 r=8.174226e-01
inout (pow) : m=     94 d=9.361509e-09 r=8.174226e-01
inout (pow) : m=     95 d=7.652309e-09 r=8.174226e-01
inout (pow) : m=     96 d=6.255171e-09 r=8.174226e-01
inout (pow) : m=     97 d=5.113118e-09 r=8.174226e-01
inout (pow) : m=     98 d=4.179579e-09 r=8.174226e-01
inout (pow) : m=     99 d=3.416482e-09 r=8.174226e-01
inout (pow) : m=    100 d=2.792710e-09 r=8.174226e-01
inout (pow) : m=    101 d=2.282824e-09 r=8.174226e-01
inout (pow) : m=    102 d=1.866032e-09 r=8.174227e-01
inout (pow) : m=    103 d=1.525337e-09 r=8.174226e-01
inout (pow) : m=    104 d=1.246845e-09 r=8.174227e-01
inout (pow) : m=    105 d=1.019199e-09 r=8.174226e-01
inout (pow) : m=    106 d=8.331166e-10 r=8.174226e-01
inout (pow) : m=    107 d=6.810083e-10 r=8.174226e-01
inout (pow) : m=    108 d=5.566716e-10 r=8.174226e-01
inout (pow) : m=    109 d=4.550360e-10 r=8.174228e-01
inout (pow) : m=    110 d=3.719567e-10 r=8.174226e-01
inout (pow) : m=    111 d=3.040458e-10 r=8.174226e-01
inout (pow) : m=    112 d=2.485339e-10 r=8.174224e-01
inout (pow) : m=    113 d=2.031573e-10 r=8.174229e-01
inout (pow) : m=    114 d=1.660654e-10 r=8.174227e-01
inout (pow) : m=    115 d=1.357455e-10 r=8.174223e-01
inout (pow) : m=    116 d=1.109614e-10 r=8.174224e-01
inout (pow) : m=    117 d=9.070251e-11 r=8.174237e-01
inout (pow) : m=    118 d=8.044399e-11 r=8.868992e-01
inout (pow) : m=    119 d=6.854363e-11 r=8.520666e-01
inout (pow) : m=    120 d=6.646915e-11 r=9.697349e-01
inout (pow) : m=    121 d=5.839036e-11 r=8.784580e-01
inout (pow) : m=    122 d=5.687829e-11 r=9.741040e-01
inout (pow) : m=    123 d=5.135551e-11 r=9.029019e-01
inout (pow) : m=    124 d=5.022173e-11 r=9.779228e-01
inout (pow) : m=    125 d=4.640937e-11 r=9.240895e-01
inout (pow) : m=    126 d=4.553083e-11 r=9.810698e-01
inout (pow) : m=    127 d=4.286370e-11 r=9.414213e-01
inout (pow) : m=    128 d=4.215812e-11 r=9.835391e-01
inout (pow) : m=    129 d=4.025862e-11 r=9.549435e-01
inout (pow) : m=    130 d=3.967101e-11 r=9.854041e-01
inout (pow) : m=    131 d=3.828685e-11 r=9.651089e-01
inout (pow) : m=    132 d=3.778038e-11 r=9.867719e-01
inout (pow) : m=    133 d=3.674275e-11 r=9.725351e-01
inout (pow) : m=    134 d=3.629269e-11 r=9.877510e-01
inout (pow) : m=    135 d=3.548886e-11 r=9.778516e-01
inout (pow) : m=    136 d=3.507874e-11 r=9.884437e-01
inout (pow) : m=    137 d=3.443324e-11 r=9.815986e-01
inout (pow) : m=    138 d=3.405208e-11 r=9.889303e-01
inout (pow) : m=    139 d=3.351474e-11 r=9.842200e-01
inout (pow) : m=    140 d=3.315484e-11 r=9.892615e-01
inout (pow) : m=    141 d=3.269183e-11 r=9.860350e-01
inout (pow) : m=    142 d=3.234842e-11 r=9.894955e-01
inout (pow) : m=    143 d=3.193699e-11 r=9.872812e-01
inout (pow) : m=    144 d=3.160662e-11 r=9.896556e-01
inout (pow) : m=    145 d=3.123185e-11 r=9.881427e-01
inout (pow) : m=    146 d=3.091219e-11 r=9.897649e-01
inout (pow) : m=    147 d=3.056385e-11 r=9.887313e-01
inout (pow) : m=    148 d=3.025329e-11 r=9.898391e-01
inout (pow) : m=    149 d=2.992448e-11 r=9.891313e-01
inout (pow) : m=    150 d=2.962206e-11 r=9.898939e-01
inout (pow) : m=    151 d=2.930828e-11 r=9.894072e-01
inout (pow) : m=    152 d=2.901294e-11 r=9.899230e-01
inout (pow) : m=    153 d=2.871114e-11 r=9.895979e-01
inout (pow) : m=    154 d=2.842259e-11 r=9.899499e-01
inout (pow) : m=    155 d=2.813062e-11 r=9.897275e-01
inout (pow) : m=    156 d=2.784830e-11 r=9.899639e-01
inout (pow) : m=    157 d=2.756454e-11 r=9.898107e-01
inout (pow) : m=    158 d=2.728835e-11 r=9.899802e-01
inout (pow) : m=    159 d=2.701194e-11 r=9.898706e-01
inout (pow) : m=    160 d=2.674136e-11 r=9.899829e-01
inout (pow) : m=    161 d=2.647160e-11 r=9.899121e-01
inout (pow) : m=    162 d=2.620660e-11 r=9.899896e-01
inout (pow) : m=    163 d=2.594289e-11 r=9.899370e-01
inout (pow) : m=    164 d=2.568327e-11 r=9.899926e-01
inout (pow) : m=    165 d=2.542539e-11 r=9.899595e-01
inout (pow) : m=    166 d=2.517102e-11 r=9.899954e-01
inout (pow) : m=    167 d=2.491863e-11 r=9.899732e-01
inout (pow) : m=    168 d=2.466937e-11 r=9.899970e-01
inout (pow) : m=    169 d=2.442224e-11 r=9.899819e-01
inout (pow) : m=    170 d=2.417792e-11 r=9.899962e-01
inout (pow) : m=    171 d=2.393581e-11 r=9.899864e-01
inout (pow) : m=    172 d=2.369641e-11 r=9.899981e-01
inout (pow) : m=    173 d=2.345919e-11 r=9.899893e-01
inout (pow) : m=    174 d=2.322455e-11 r=9.899980e-01
inout (pow) : m=    175 d=2.299215e-11 r=9.899933e-01
inout (pow) : m=    176 d=2.276221e-11 r=9.899992e-01
inout (pow) : m=    177 d=2.253443e-11 r=9.899930e-01
inout (pow) : m=    178 d=2.230921e-11 r=9.900052e-01
inout (pow) : m=    179 d=2.208607e-11 r=9.899981e-01
inout (pow) : m=    180 d=2.186516e-11 r=9.899975e-01
inout (pow) : m=    181 d=2.164642e-11 r=9.899959e-01
inout (pow) : m=    182 d=2.142990e-11 r=9.899977e-01
inout (pow) : m=    183 d=2.121561e-11 r=9.900004e-01
inout (pow) : m=    184 d=2.100356e-11 r=9.900051e-01
inout (pow) : m=    185 d=2.079341e-11 r=9.899944e-01
inout (pow) : m=    186 d=2.058546e-11 r=9.899990e-01
inout (pow) : m=    187 d=2.037950e-11 r=9.899952e-01
inout (pow) : m=    188 d=2.017566e-11 r=9.899978e-01
inout (pow) : m=    189 d=1.997393e-11 r=9.900011e-01
inout (pow) : m=    190 d=1.977420e-11 r=9.900003e-01
inout (pow) : m=    191 d=1.957646e-11 r=9.900005e-01
inout (pow) : m=    192 d=1.938073e-11 r=9.900015e-01
inout (pow) : m=    193 d=1.918688e-11 r=9.899980e-01
inout (pow) : m=    194 d=1.899492e-11 r=9.899954e-01
inout (pow) : m=    195 d=1.880496e-11 r=9.899993e-01
inout (pow) : m=    196 d=1.861702e-11 r=9.900057e-01
inout (pow) : m=    197 d=1.843083e-11 r=9.899991e-01
inout (pow) : m=    198 d=1.824652e-11 r=9.900000e-01
inout (pow) : m=    199 d=1.806400e-11 r=9.899967e-01
inout (pow) : m=    200 d=1.788336e-11 r=9.900003e-01
inout (pow) : m=    201 d=1.770463e-11 r=9.900055e-01
inout (pow) : m=    202 d=1.752755e-11 r=9.899984e-01
inout (pow) : m=    203 d=1.735224e-11 r=9.899979e-01
inout (pow) : m=    204 d=1.717877e-11 r=9.900026e-01
inout (pow) : m=    205 d=1.700697e-11 r=9.899998e-01
inout (pow) : m=    206 d=1.683689e-11 r=9.899989e-01
inout (pow) : m=    207 d=1.666846e-11 r=9.899967e-01
inout (pow) : m=    208 d=1.650170e-11 r=9.899954e-01
inout (pow) : m=    209 d=1.633666e-11 r=9.899988e-01
inout (pow) : m=    210 d=1.617319e-11 r=9.899937e-01
inout (pow) : m=    211 d=1.601143e-11 r=9.899981e-01
inout (pow) : m=    212 d=1.585134e-11 r=9.900013e-01
inout (pow) : m=    213 d=1.569290e-11 r=9.900050e-01
inout (pow) : m=    214 d=1.553608e-11 r=9.900068e-01
inout (pow) : m=    215 d=1.538072e-11 r=9.899998e-01
inout (pow) : m=    216 d=1.522695e-11 r=9.900025e-01
inout (pow) : m=    217 d=1.507474e-11 r=9.900038e-01
inout (pow) : m=    218 d=1.492407e-11 r=9.900056e-01
inout (pow) : m=    219 d=1.477491e-11 r=9.900053e-01
inout (pow) : m=    220 d=1.462710e-11 r=9.899955e-01
inout (pow) : m=    221 d=1.448077e-11 r=9.899959e-01
inout (pow) : m=    222 d=1.433588e-11 r=9.899947e-01
inout (pow) : m=    223 d=1.419244e-11 r=9.899939e-01
inout (pow) : m=    224 d=1.405049e-11 r=9.899986e-01
inout (pow) : m=    225 d=1.390989e-11 r=9.899933e-01
inout (pow) : m=    226 d=1.377078e-11 r=9.899989e-01
inout (pow) : m=    227 d=1.363311e-11 r=9.900029e-01
inout (pow) : m=    228 d=1.349677e-11 r=9.899993e-01
inout (pow) : m=    229 d=1.336182e-11 r=9.900013e-01
inout (pow) : m=    230 d=1.322811e-11 r=9.899927e-01
inout (pow) : m=    231 d=1.309576e-11 r=9.899954e-01
inout (pow) : m=    232 d=1.296476e-11 r=9.899963e-01
inout (pow) : m=    233 d=1.283508e-11 r=9.899976e-01
inout (pow) : m=    234 d=1.270679e-11 r=9.900048e-01
inout (pow) : m=    235 d=1.257962e-11 r=9.899924e-01
inout (pow) : m=    236 d=1.245372e-11 r=9.899915e-01
inout (pow) : m=    237 d=1.232915e-11 r=9.899976e-01
inout (pow) : m=    238 d=1.220591e-11 r=9.900042e-01
inout (pow) : m=    239 d=1.208395e-11 r=9.900081e-01
inout (pow) : m=    240 d=1.196312e-11 r=9.900003e-01
inout (pow) : m=    241 d=1.184354e-11 r=9.900047e-01
inout (pow) : m=    242 d=1.172508e-11 r=9.899979e-01
inout (pow) : m=    243 d=1.160773e-11 r=9.899910e-01
inout (pow) : m=    244 d=1.149165e-11 r=9.900001e-01
inout (pow) : m=    245 d=1.137670e-11 r=9.899969e-01
inout (pow) : m=    246 d=1.126290e-11 r=9.899970e-01
inout (pow) : m=    247 d=1.115021e-11 r=9.899948e-01
inout (pow) : m=    248 d=1.103874e-11 r=9.900027e-01
inout (pow) : m=    249 d=1.092843e-11 r=9.900076e-01
inout (pow) : m=    250 d=1.081903e-11 r=9.899893e-01
inout (pow) : m=    251 d=1.071078e-11 r=9.899945e-01
inout (pow) : m=    252 d=1.060365e-11 r=9.899973e-01
inout (pow) : m=    253 d=1.049761e-11 r=9.900005e-01
inout (pow) : m=    254 d=1.039275e-11 r=9.900108e-01
inout (pow) : m=    255 d=1.028879e-11 r=9.899968e-01
inout (pow) : m=    256 d=1.018587e-11 r=9.899968e-01
inout (pow) : m=    257 d=1.008395e-11 r=9.899941e-01
inout (pow) : m=    258 d=9.983026e-12 r=9.899916e-01
inout (pow) : m=    259 d=9.883289e-12 r=9.900094e-01
inout (pow) : m=    260 d=9.784378e-12 r=9.899921e-01
inout (pow) : m=    261 d=9.686448e-12 r=9.899912e-01
inout (pow) : m=    262 d=9.589518e-12 r=9.899933e-01
inout (pow) : m=    263 d=9.493645e-12 r=9.900022e-01
inout (pow) : m=    264 d=9.398721e-12 r=9.900013e-01
inout (pow) : m=    265 d=9.304792e-12 r=9.900063e-01
inout (pow) : m=    266 d=9.211805e-12 r=9.900065e-01
inout (pow) : m=    267 d=9.119614e-12 r=9.899921e-01
inout (pow) : m=    268 d=9.028461e-12 r=9.900048e-01
inout (pow) : m=    269 d=8.938200e-12 r=9.900026e-01
inout (pow) : m=    270 d=8.848822e-12 r=9.900004e-01
inout (pow) : m=    271 d=8.760390e-12 r=9.900064e-01
inout (pow) : m=    272 d=8.672749e-12 r=9.899958e-01
inout (pow) : m=    273 d=8.586037e-12 r=9.900018e-01
inout (pow) : m=    274 d=8.500106e-12 r=9.899917e-01
inout (pow) : m=    275 d=8.415058e-12 r=9.899944e-01
inout (pow) : m=    276 d=8.330956e-12 r=9.900058e-01
inout (pow) : m=    277 d=8.247645e-12 r=9.899998e-01
inout (pow) : m=    278 d=8.165263e-12 r=9.900114e-01
inout (pow) : m=    279 d=8.083661e-12 r=9.900063e-01
inout (pow) : m=    280 d=8.002832e-12 r=9.900009e-01
inout (pow) : m=    281 d=7.922838e-12 r=9.900043e-01
inout (pow) : m=    282 d=7.843524e-12 r=9.899892e-01
inout (pow) : m=    283 d=7.765027e-12 r=9.899922e-01
inout (pow) : m=    284 d=7.687312e-12 r=9.899916e-01
inout (pow) : m=    285 d=7.610368e-12 r=9.899908e-01
inout (pow) : m=    286 d=7.534260e-12 r=9.899994e-01
inout (pow) : m=    287 d=7.458831e-12 r=9.899886e-01
inout (pow) : m=    288 d=7.384221e-12 r=9.899970e-01
inout (pow) : m=    289 d=7.310391e-12 r=9.900017e-01
inout (pow) : m=    290 d=7.237333e-12 r=9.900063e-01
inout (pow) : m=    291 d=7.165111e-12 r=9.900208e-01
inout (pow) : m=    292 d=7.093457e-12 r=9.899996e-01
inout (pow) : m=    293 d=7.022510e-12 r=9.899983e-01
inout (pow) : m=    294 d=6.952330e-12 r=9.900064e-01
inout (pow) : m=    295 d=6.882743e-12 r=9.899908e-01
inout (pow) : m=    296 d=6.813936e-12 r=9.900030e-01
inout (pow) : m=    297 d=6.745745e-12 r=9.899925e-01
inout (pow) : m=    298 d=6.678295e-12 r=9.900010e-01
inout (pow) : m=    299 d=6.611620e-12 r=9.900162e-01
inout (pow) : m=    300 d=6.545557e-12 r=9.900081e-01
inout (pow) : m=    301 d=6.480164e-12 r=9.900096e-01
inout (pow) : m=    302 d=6.415487e-12 r=9.900192e-01
inout (pow) : m=    303 d=6.351275e-12 r=9.899910e-01
inout (pow) : m=    304 d=6.287768e-12 r=9.900010e-01
inout (pow) : m=    305 d=6.224926e-12 r=9.900057e-01
inout (pow) : m=    306 d=6.162637e-12 r=9.899937e-01
inout (pow) : m=    307 d=6.101073e-12 r=9.900100e-01
inout (pow) : m=    308 d=6.040077e-12 r=9.900025e-01
inout (pow) : m=    309 d=5.979678e-12 r=9.900002e-01
inout (pow) : m=    310 d=5.919837e-12 r=9.899926e-01
inout (pow) : m=    311 d=5.860657e-12 r=9.900031e-01
inout (pow) : m=    312 d=5.802201e-12 r=9.900257e-01
inout (pow) : m=    313 d=5.744203e-12 r=9.900042e-01
inout (pow) : m=    314 d=5.686801e-12 r=9.900070e-01
inout (pow) : m=    315 d=5.629957e-12 r=9.900043e-01
inout (pow) : m=    316 d=5.573664e-12 r=9.900011e-01
inout (pow) : m=    317 d=5.517984e-12 r=9.900101e-01
inout (pow) : m=    318 d=5.462761e-12 r=9.899923e-01
inout (pow) : m=    319 d=5.408135e-12 r=9.900002e-01
inout (pow) : m=    320 d=5.354067e-12 r=9.900025e-01
inout (pow) : m=    321 d=5.300549e-12 r=9.900042e-01
inout (pow) : m=    322 d=5.247644e-12 r=9.900190e-01
inout (pow) : m=    323 d=5.195198e-12 r=9.900057e-01
inout (pow) : m=    324 d=5.143236e-12 r=9.899981e-01
inout (pow) : m=    325 d=5.091721e-12 r=9.899841e-01
inout (pow) : m=    326 d=5.040757e-12 r=9.899907e-01
inout (pow) : m=    327 d=4.990406e-12 r=9.900112e-01
inout (pow) : m=    328 d=4.940512e-12 r=9.900022e-01
inout (pow) : m=    329 d=4.891104e-12 r=9.899993e-01
inout (pow) : m=    330 d=4.842143e-12 r=9.899898e-01
inout (pow) : m=    331 d=4.793732e-12 r=9.900022e-01
inout (pow) : m=    332 d=4.745824e-12 r=9.900060e-01
inout (pow) : m=    333 d=4.698262e-12 r=9.899782e-01
inout (pow) : m=    334 d=4.651296e-12 r=9.900036e-01
inout (pow) : m=    335 d=4.604777e-12 r=9.899988e-01
inout (pow) : m=    336 d=4.558698e-12 r=9.899931e-01
inout (pow) : m=    337 d=4.513232e-12 r=9.900265e-01
inout (pow) : m=    338 d=4.468113e-12 r=9.900029e-01
inout (pow) : m=    339 d=4.423478e-12 r=9.900104e-01
inout (pow) : m=    340 d=4.379291e-12 r=9.900108e-01
inout (pow) : m=    341 d=4.335543e-12 r=9.900103e-01
inout (pow) : m=    342 d=4.292297e-12 r=9.900253e-01
inout (pow) : m=    343 d=4.249378e-12 r=9.900008e-01
inout (pow) : m=    344 d=4.206942e-12 r=9.900137e-01
inout (pow) : m=    345 d=4.164859e-12 r=9.899969e-01
inout (pow) : m=    346 d=4.123221e-12 r=9.900024e-01
inout (pow) : m=    347 d=4.082085e-12 r=9.900235e-01
inout (pow) : m=    348 d=4.041227e-12 r=9.899907e-01
inout (pow) : m=    349 d=4.000862e-12 r=9.900118e-01
inout (pow) : m=    350 d=3.960855e-12 r=9.900004e-01
inout (pow) : m=    351 d=3.921217e-12 r=9.899925e-01
inout (pow) : m=    352 d=3.881911e-12 r=9.899762e-01
inout (pow) : m=    353 d=3.843048e-12 r=9.899887e-01
inout (pow) : m=    354 d=3.804687e-12 r=9.900181e-01
inout (pow) : m=    355 d=3.766563e-12 r=9.899795e-01
inout (pow) : m=    356 d=3.728812e-12 r=9.899773e-01
inout (pow) : m=    357 d=3.691508e-12 r=9.899959e-01
inout (pow) : m=    358 d=3.654643e-12 r=9.900137e-01
inout (pow) : m=    359 d=3.618170e-12 r=9.900200e-01
inout (pow) : m=    360 d=3.581932e-12 r=9.899846e-01
inout (pow) : m=    361 d=3.546069e-12 r=9.899876e-01
inout (pow) : m=    362 d=3.510542e-12 r=9.899813e-01
inout (pow) : m=    363 d=3.475453e-12 r=9.900049e-01
inout (pow) : m=    364 d=3.440756e-12 r=9.900165e-01
inout (pow) : m=    365 d=3.406295e-12 r=9.899844e-01
inout (pow) : m=    366 d=3.372319e-12 r=9.900254e-01
inout (pow) : m=    367 d=3.338679e-12 r=9.900247e-01
inout (pow) : m=    368 d=3.305367e-12 r=9.900224e-01
inout (pow) : m=    369 d=3.272447e-12 r=9.900402e-01
inout (pow) : m=    370 d=3.239762e-12 r=9.900121e-01
inout (pow) : m=    371 d=3.207451e-12 r=9.900267e-01
inout (pow) : m=    372 d=3.175365e-12 r=9.899966e-01
inout (pow) : m=    373 d=3.143608e-12 r=9.899988e-01
inout (pow) : m=    374 d=3.112241e-12 r=9.900222e-01
inout (pow) : m=    375 d=3.081000e-12 r=9.899617e-01
inout (pow) : m=    376 d=3.050132e-12 r=9.899813e-01
inout (pow) : m=    377 d=3.019601e-12 r=9.899902e-01
inout (pow) : m=    378 d=2.989398e-12 r=9.899976e-01
inout (pow) : m=    379 d=2.959586e-12 r=9.900274e-01
inout (pow) : m=    380 d=2.930010e-12 r=9.900067e-01
inout (pow) : m=    381 d=2.900807e-12 r=9.900334e-01
inout (pow) : m=    382 d=2.871830e-12 r=9.900108e-01
inout (pow) : m=    383 d=2.843070e-12 r=9.899855e-01
inout (pow) : m=    384 d=2.814702e-12 r=9.900218e-01
inout (pow) : m=    385 d=2.786569e-12 r=9.900050e-01
inout (pow) : m=    386 d=2.758699e-12 r=9.899984e-01
inout (pow) : m=    387 d=2.731054e-12 r=9.899791e-01
inout (pow) : m=    388 d=2.703737e-12 r=9.899977e-01
inout (pow) : m=    389 d=2.676812e-12 r=9.900414e-01
inout (pow) : m=    390 d=2.650011e-12 r=9.899879e-01
inout (pow) : m=    391 d=2.623473e-12 r=9.899858e-01
inout (pow) : m=    392 d=2.597272e-12 r=9.900128e-01
inout (pow) : m=    393 d=2.571288e-12 r=9.899955e-01
inout (pow) : m=    394 d=2.545584e-12 r=9.900033e-01
inout (pow) : m=    395 d=2.520115e-12 r=9.899951e-01
inout (pow) : m=    396 d=2.494910e-12 r=9.899983e-01
inout (pow) : m=    397 d=2.469930e-12 r=9.899876e-01
inout (pow) : m=    398 d=2.445274e-12 r=9.900177e-01
inout (pow) : m=    399 d=2.420781e-12 r=9.899837e-01
inout (pow) : m=    400 d=2.396616e-12 r=9.900175e-01
inout (pow) : m=    401 d=2.372629e-12 r=9.899914e-01
inout (pow) : m=    402 d=2.348807e-12 r=9.899596e-01
inout (pow) : m=    403 d=2.325379e-12 r=9.900254e-01
inout (pow) : m=    404 d=2.302174e-12 r=9.900212e-01
inout (pow) : m=    405 d=2.279190e-12 r=9.900163e-01
inout (pow) : m=    406 d=2.256429e-12 r=9.900138e-01
inout (pow) : m=    407 d=2.233888e-12 r=9.900099e-01
inout (pow) : m=    408 d=2.211570e-12 r=9.900097e-01
inout (pow) : m=    409 d=2.189475e-12 r=9.900093e-01
inout (pow) : m=    410 d=2.167602e-12 r=9.900099e-01
inout (pow) : m=    411 d=2.145954e-12 r=9.900127e-01
inout (pow) : m=    412 d=2.124528e-12 r=9.900158e-01
inout (pow) : m=    413 d=2.103318e-12 r=9.900168e-01
inout (pow) : m=    414 d=2.082335e-12 r=9.900238e-01
inout (pow) : m=    415 d=2.061573e-12 r=9.900294e-01
inout (pow) : m=    416 d=2.041034e-12 r=9.900372e-01
inout (pow) : m=    417 d=2.020606e-12 r=9.899913e-01
inout (pow) : m=    418 d=2.000400e-12 r=9.900000e-01
inout (pow) : m=    419 d=1.980416e-12 r=9.900100e-01
inout (pow) : m=    420 d=1.960543e-12 r=9.899652e-01
inout (pow) : m=    421 d=1.940892e-12 r=9.899768e-01
inout (pow) : m=    422 d=1.921463e-12 r=9.899897e-01
inout (pow) : m=    423 d=1.902256e-12 r=9.900040e-01
inout (pow) : m=    424 d=1.883271e-12 r=9.900198e-01
inout (pow) : m=    425 d=1.864398e-12 r=9.899782e-01
inout (pow) : m=    426 d=1.845746e-12 r=9.899958e-01
inout (pow) : m=    427 d=1.827316e-12 r=9.900150e-01
inout (pow) : m=    428 d=1.808997e-12 r=9.899751e-01
inout (pow) : m=    429 d=1.790901e-12 r=9.899963e-01
inout (pow) : m=    430 d=1.773026e-12 r=9.900192e-01
inout (pow) : m=    431 d=1.755263e-12 r=9.899812e-01
inout (pow) : m=    432 d=1.737740e-12 r=9.900172e-01
inout (pow) : m=    433 d=1.720309e-12 r=9.899689e-01
inout (pow) : m=    434 d=1.703093e-12 r=9.899928e-01
inout (pow) : m=    435 d=1.686158e-12 r=9.900562e-01
inout (pow) : m=    436 d=1.669353e-12 r=9.900335e-01
inout (pow) : m=    437 d=1.652698e-12 r=9.900230e-01
inout (pow) : m=    438 d=1.636152e-12 r=9.899886e-01
inout (pow) : m=    439 d=1.619827e-12 r=9.900220e-01
inout (pow) : m=    440 d=1.603781e-12 r=9.900944e-01
inout (pow) : m=    441 d=1.587750e-12 r=9.900040e-01
inout (pow) : m=    442 d=1.571870e-12 r=9.899986e-01
inout (pow) : m=    443 d=1.556105e-12 r=9.899704e-01
inout (pow) : m=    444 d=1.540446e-12 r=9.899368e-01
inout (pow) : m=    445 d=1.525067e-12 r=9.900164e-01
inout (pow) : m=    446 d=1.509812e-12 r=9.899976e-01
inout (pow) : m=    447 d=1.494710e-12 r=9.899971e-01
inout (pow) : m=    448 d=1.479722e-12 r=9.899726e-01
inout (pow) : m=    449 d=1.464951e-12 r=9.900176e-01
inout (pow) : m=    450 d=1.450460e-12 r=9.901082e-01
inout (pow) : m=    451 d=1.435982e-12 r=9.900189e-01
inout (pow) : m=    452 d=1.421657e-12 r=9.900240e-01
inout (pow) : m=    453 d=1.407446e-12 r=9.900040e-01
inout (pow) : m=    454 d=1.393341e-12 r=9.899783e-01
inout (pow) : m=    455 d=1.379405e-12 r=9.899982e-01
inout (pow) : m=    456 d=1.365483e-12 r=9.899072e-01
inout (pow) : m=    457 d=1.351824e-12 r=9.899968e-01
inout (pow) : m=    458 d=1.338390e-12 r=9.900625e-01
inout (pow) : m=    459 d=1.325062e-12 r=9.900419e-01
inout (pow) : m=    460 d=1.311904e-12 r=9.900693e-01
inout (pow) : m=    461 d=1.298759e-12 r=9.899803e-01
inout (pow) : m=    462 d=1.285766e-12 r=9.899958e-01
inout (pow) : m=    463 d=1.272887e-12 r=9.899837e-01
inout (pow) : m=    464 d=1.260114e-12 r=9.899655e-01
inout (pow) : m=    465 d=1.247511e-12 r=9.899980e-01
inout (pow) : m=    466 d=1.234921e-12 r=9.899081e-01
inout (pow) : m=    467 d=1.222580e-12 r=9.900068e-01
inout (pow) : m=    468 d=1.210338e-12 r=9.899868e-01
inout (pow) : m=    469 d=1.198232e-12 r=9.899973e-01
inout (pow) : m=    470 d=1.186179e-12 r=9.899411e-01
inout (pow) : m=    471 d=1.174297e-12 r=9.899830e-01
inout (pow) : m=    472 d=1.162639e-12 r=9.900729e-01
inout (pow) : m=    473 d=1.151091e-12 r=9.900666e-01
inout (pow) : m=    474 d=1.139653e-12 r=9.900642e-01
inout (pow) : m=    475 d=1.128327e-12 r=9.900611e-01
inout (pow) : m=    476 d=1.117112e-12 r=9.900613e-01
inout (pow) : m=    477 d=1.106007e-12 r=9.900586e-01
inout (pow) : m=    478 d=1.095016e-12 r=9.900630e-01
inout (pow) : m=    479 d=1.084135e-12 r=9.900631e-01
inout (pow) : m=    480 d=1.073368e-12 r=9.900682e-01
inout (pow) : m=    481 d=1.062706e-12 r=9.900671e-01
inout (pow) : m=    482 d=1.052158e-12 r=9.900744e-01
inout (pow) : m=    483 d=1.041722e-12 r=9.900812e-01
inout (pow) : m=    484 d=1.031416e-12 r=9.901068e-01
inout (pow) : m=    485 d=1.021090e-12 r=9.899886e-01
inout (pow) : m=    486 d=1.010869e-12 r=9.899901e-01
inout (pow) : m=    487 d=1.000817e-12 r=9.900562e-01
inout (pow) : m=    488 d=9.907847e-13 r=9.899754e-01
inout (pow) : m=    489 d=9.807910e-13 r=9.899133e-01
inout (pow) : m=    490 d=9.709065e-13 r=9.899220e-01
inout (pow) : m=    491 d=9.611313e-13 r=9.899319e-01
inout (pow) : m=    492 d=9.515253e-13 r=9.900055e-01
inout (pow) : m=    493 d=9.419332e-13 r=9.899192e-01
inout (pow) : m=    494 d=9.324928e-13 r=9.899777e-01
inout (pow) : m=    495 d=9.231669e-13 r=9.899990e-01
inout (pow) : m=    496 d=9.139469e-13 r=9.900126e-01
inout (pow) : m=    497 d=9.048959e-13 r=9.900969e-01
inout (pow) : m=    498 d=8.958589e-13 r=9.900132e-01
inout (pow) : m=    499 d=8.869737e-13 r=9.900819e-01
inout (pow) : m=    500 d=8.780919e-13 r=9.899864e-01
inout (pow) : m=    501 d=8.693124e-13 r=9.900017e-01
inout (pow) : m=    502 d=8.605850e-13 r=9.899606e-01
inout (pow) : m=    503 d=8.518516e-13 r=9.898517e-01
inout (pow) : m=    504 d=8.432968e-13 r=9.899574e-01
inout (pow) : m=    505 d=8.349068e-13 r=9.900510e-01
inout (pow) : m=    506 d=8.265775e-13 r=9.900237e-01
inout (pow) : m=    507 d=8.183610e-13 r=9.900596e-01
inout (pow) : m=    508 d=8.101983e-13 r=9.900255e-01
inout (pow) : m=    509 d=8.021986e-13 r=9.901263e-01
inout (pow) : m=    510 d=7.941625e-13 r=9.899824e-01
inout (pow) : m=    511 d=7.861654e-13 r=9.899302e-01
inout (pow) : m=    512 d=7.782828e-13 r=9.899734e-01
inout (pow) : m=    513 d=7.705061e-13 r=9.900078e-01
inout (pow) : m=    514 d=7.628984e-13 r=9.901265e-01
inout (pow) : m=    515 d=7.553047e-13 r=9.900462e-01
inout (pow) : m=    516 d=7.477517e-13 r=9.900001e-01
inout (pow) : m=    517 d=7.402022e-13 r=9.899037e-01
inout (pow) : m=    518 d=7.327585e-13 r=9.899437e-01
inout (pow) : m=    519 d=7.254839e-13 r=9.900724e-01
inout (pow) : m=    520 d=7.182232e-13 r=9.899919e-01
inout (pow) : m=    521 d=7.111143e-13 r=9.901021e-01
inout (pow) : m=    522 d=7.040089e-13 r=9.900080e-01
inout (pow) : m=    523 d=6.968983e-13 r=9.898998e-01
inout (pow) : m=    524 d=6.899568e-13 r=9.900394e-01
inout (pow) : m=    525 d=6.830292e-13 r=9.899593e-01
inout (pow) : m=    526 d=6.762533e-13 r=9.900797e-01
inout (pow) : m=    527 d=6.695920e-13 r=9.901496e-01
inout (pow) : m=    528 d=6.629254e-13 r=9.900439e-01
inout (pow) : m=    529 d=6.563170e-13 r=9.900314e-01
inout (pow) : m=    530 d=6.497225e-13 r=9.899522e-01
inout (pow) : m=    531 d=6.432797e-13 r=9.900838e-01
inout (pow) : m=    532 d=6.368404e-13 r=9.899899e-01
inout (pow) : m=    533 d=6.303959e-13 r=9.898805e-01
inout (pow) : m=    534 d=6.241205e-13 r=9.900454e-01
inout (pow) : m=    535 d=6.178591e-13 r=9.899675e-01
inout (pow) : m=    536 d=6.116383e-13 r=9.899318e-01
inout (pow) : m=    537 d=6.054211e-13 r=9.898351e-01
inout (pow) : m=    538 d=5.993097e-13 r=9.899055e-01
inout (pow) : m=    539 d=5.933674e-13 r=9.900848e-01
inout (pow) : m=    540 d=5.874390e-13 r=9.900089e-01
inout (pow) : m=    541 d=5.816484e-13 r=9.901428e-01
inout (pow) : m=    542 d=5.758458e-13 r=9.900238e-01
inout (pow) : m=    543 d=5.701229e-13 r=9.900618e-01
inout (pow) : m=    544 d=5.644539e-13 r=9.900564e-01
inout (pow) : m=    545 d=5.589001e-13 r=9.901609e-01
inout (pow) : m=    546 d=5.533490e-13 r=9.900678e-01
inout (pow) : m=    547 d=5.478474e-13 r=9.900575e-01
inout (pow) : m=    548 d=5.423656e-13 r=9.899941e-01
inout (pow) : m=    549 d=5.370348e-13 r=9.901712e-01
inout (pow) : m=    550 d=5.317023e-13 r=9.900704e-01
inout (pow) : m=    551 d=5.263680e-13 r=9.899676e-01
inout (pow) : m=    552 d=5.212029e-13 r=9.901872e-01
inout (pow) : m=    553 d=5.159406e-13 r=9.899036e-01
inout (pow) : m=    554 d=5.107191e-13 r=9.898796e-01
inout (pow) : m=    555 d=5.056120e-13 r=9.900003e-01
inout (pow) : m=    556 d=5.006074e-13 r=9.901017e-01
inout (pow) : m=    557 d=4.955437e-13 r=9.898850e-01
inout (pow) : m=    558 d=4.905850e-13 r=9.899934e-01
inout (pow) : m=    559 d=4.856940e-13 r=9.900302e-01
inout (pow) : m=    560 d=4.808012e-13 r=9.899262e-01
inout (pow) : m=    561 d=4.759691e-13 r=9.899500e-01
inout (pow) : m=    562 d=4.711925e-13 r=9.899646e-01
inout (pow) : m=    563 d=4.665270e-13 r=9.900984e-01
inout (pow) : m=    564 d=4.619170e-13 r=9.901184e-01
inout (pow) : m=    565 d=4.572098e-13 r=9.898095e-01
inout (pow) : m=    566 d=4.526544e-13 r=9.900366e-01
inout (pow) : m=    567 d=4.482135e-13 r=9.901892e-01
inout (pow) : m=    568 d=4.437674e-13 r=9.900804e-01
inout (pow) : m=    569 d=4.393794e-13 r=9.901120e-01
inout (pow) : m=    570 d=4.348943e-13 r=9.897921e-01
inout (pow) : m=    571 d=4.304499e-13 r=9.897806e-01
inout (pow) : m=    572 d=4.261201e-13 r=9.899411e-01
inout (pow) : m=    573 d=4.218960e-13 r=9.900872e-01
inout (pow) : m=    574 d=4.177301e-13 r=9.901257e-01
inout (pow) : m=    575 d=4.134670e-13 r=9.897946e-01
inout (pow) : m=    576 d=4.093557e-13 r=9.900565e-01
inout (pow) : m=    577 d=4.053450e-13 r=9.902025e-01
inout (pow) : m=    578 d=4.012606e-13 r=9.899236e-01
inout (pow) : m=    579 d=3.972907e-13 r=9.901064e-01
inout (pow) : m=    580 d=3.933269e-13 r=9.900228e-01
inout (pow) : m=    581 d=3.893257e-13 r=9.898274e-01
inout (pow) : m=    582 d=3.853784e-13 r=9.898610e-01
inout (pow) : m=    583 d=3.815993e-13 r=9.901938e-01
inout (pow) : m=    584 d=3.778236e-13 r=9.901058e-01
inout (pow) : m=    585 d=3.740454e-13 r=9.900000e-01
inout (pow) : m=    586 d=3.702689e-13 r=9.899037e-01
inout (pow) : m=    587 d=3.664916e-13 r=9.897983e-01
inout (pow) : m=    588 d=3.628270e-13 r=9.900009e-01
inout (pow) : m=    589 d=3.592708e-13 r=9.901987e-01
inout (pow) : m=    590 d=3.557189e-13 r=9.901137e-01
inout (pow) : m=    591 d=3.521653e-13 r=9.900101e-01
inout (pow) : m=    592 d=3.486144e-13 r=9.899167e-01
inout (pow) : m=    593 d=3.450582e-13 r=9.897991e-01
inout (pow) : m=    594 d=3.416156e-13 r=9.900233e-01
inout (pow) : m=    595 d=3.382850e-13 r=9.902502e-01
inout (pow) : m=    596 d=3.349543e-13 r=9.901543e-01
inout (pow) : m=    597 d=3.316236e-13 r=9.900563e-01
inout (pow) : m=    598 d=3.282929e-13 r=9.899565e-01
inout (pow) : m=    599 d=3.249623e-13 r=9.898546e-01
inout (pow) : m=    600 d=3.217426e-13 r=9.900922e-01
inout (pow) : m=    601 d=3.185230e-13 r=9.899931e-01
inout (pow) : m=    602 d=3.153033e-13 r=9.898919e-01
inout (pow) : m=    603 d=3.121947e-13 r=9.901408e-01
inout (pow) : m=    604 d=3.090861e-13 r=9.900427e-01
inout (pow) : m=    605 d=3.059775e-13 r=9.899425e-01
inout (pow) : m=    606 d=3.028688e-13 r=9.898403e-01
inout (pow) : m=    607 d=2.997602e-13 r=9.897361e-01
inout (pow) : m=    608 d=2.967626e-13 r=9.900000e-01
inout (pow) : m=    609 d=2.938760e-13 r=9.902731e-01
inout (pow) : m=    610 d=2.909895e-13 r=9.901776e-01
inout (pow) : m=    611 d=2.881029e-13 r=9.900801e-01
inout (pow) : m=    612 d=2.852163e-13 r=9.899807e-01
inout (pow) : m=    613 d=2.823297e-13 r=9.898793e-01
inout (pow) : m=    614 d=2.795732e-13 r=9.902367e-01
inout (pow) : m=    615 d=2.766858e-13 r=9.896719e-01
inout (pow) : m=    616 d=2.739033e-13 r=9.899435e-01
inout (pow) : m=    617 d=2.712899e-13 r=9.904588e-01
inout (pow) : m=    618 d=2.685846e-13 r=9.900280e-01
inout (pow) : m=    619 d=2.659184e-13 r=9.900729e-01
inout (pow) : m=    620 d=2.632504e-13 r=9.899668e-01
inout (pow) : m=    621 d=2.605806e-13 r=9.898586e-01
inout (pow) : m=    622 d=2.581000e-13 r=9.904803e-01
inout (pow) : m=    623 d=2.553339e-13 r=9.892832e-01
inout (pow) : m=    624 d=2.527718e-13 r=9.899654e-01
inout (pow) : m=    625 d=2.502963e-13 r=9.902068e-01
inout (pow) : m=    626 d=2.477784e-13 r=9.899401e-01
inout (pow) : m=    627 d=2.453315e-13 r=9.901249e-01
inout (pow) : m=    628 d=2.428266e-13 r=9.897896e-01
inout (pow) : m=    629 d=2.403798e-13 r=9.899236e-01
inout (pow) : m=    630 d=2.379355e-13 r=9.898318e-01
inout (pow) : m=    631 d=2.354904e-13 r=9.897237e-01
inout (pow) : m=    632 d=2.331564e-13 r=9.900885e-01
inout (pow) : m=    633 d=2.308240e-13 r=9.899967e-01
inout (pow) : m=    634 d=2.284900e-13 r=9.898881e-01
inout (pow) : m=    635 d=2.262661e-13 r=9.902669e-01
inout (pow) : m=    636 d=2.240456e-13 r=9.901866e-01
inout (pow) : m=    637 d=2.218260e-13 r=9.900932e-01
inout (pow) : m=    638 d=2.196073e-13 r=9.899980e-01
inout (pow) : m=    639 d=2.173825e-13 r=9.898693e-01
inout (pow) : m=    640 d=2.151621e-13 r=9.897855e-01
inout (pow) : m=    641 d=2.129408e-13 r=9.896761e-01
inout (pow) : m=    642 d=2.108314e-13 r=9.900938e-01
inout (pow) : m=    643 d=2.087219e-13 r=9.899947e-01
inout (pow) : m=    644 d=2.066125e-13 r=9.898936e-01
inout (pow) : m=    645 d=2.046141e-13 r=9.903278e-01
inout (pow) : m=    646 d=2.026157e-13 r=9.902333e-01
inout (pow) : m=    647 d=2.006173e-13 r=9.901370e-01
inout (pow) : m=    648 d=1.986189e-13 r=9.900387e-01
inout (pow) : m=    649 d=1.966205e-13 r=9.899385e-01
inout (pow) : m=    650 d=1.946221e-13 r=9.898363e-01
inout (pow) : m=    651 d=1.926237e-13 r=9.897319e-01
inout (pow) : m=    652 d=1.907363e-13 r=9.902017e-01
inout (pow) : m=    653 d=1.888489e-13 r=9.901048e-01
inout (pow) : m=    654 d=1.869616e-13 r=9.900059e-01
inout (pow) : m=    655 d=1.850742e-13 r=9.899050e-01
inout (pow) : m=    656 d=1.831868e-13 r=9.898020e-01
inout (pow) : m=    657 d=1.814104e-13 r=9.903030e-01
inout (pow) : m=    658 d=1.796341e-13 r=9.902081e-01
inout (pow) : m=    659 d=1.778577e-13 r=9.901112e-01
inout (pow) : m=    660 d=1.760814e-13 r=9.900125e-01
inout (pow) : m=    661 d=1.743050e-13 r=9.899117e-01
inout (pow) : m=    662 d=1.725287e-13 r=9.898089e-01
inout (pow) : m=    663 d=1.707523e-13 r=9.897040e-01
inout (pow) : m=    664 d=1.691060e-13 r=9.903588e-01
inout (pow) : m=    665 d=1.673288e-13 r=9.894905e-01
inout (pow) : m=    666 d=1.656566e-13 r=9.900061e-01
inout (pow) : m=    667 d=1.640424e-13 r=9.902560e-01
inout (pow) : m=    668 d=1.623363e-13 r=9.895996e-01
inout (pow) : m=    669 d=1.607802e-13 r=9.904147e-01
inout (pow) : m=    670 d=1.592225e-13 r=9.903111e-01
inout (pow) : m=    671 d=1.576629e-13 r=9.902054e-01
inout (pow) : m=    672 d=1.561615e-13 r=9.904771e-01
inout (pow) : m=    673 d=1.545630e-13 r=9.897635e-01
inout (pow) : m=    674 d=1.530052e-13 r=9.899214e-01
inout (pow) : m=    675 d=1.514509e-13 r=9.898414e-01
inout (pow) : m=    676 d=1.498914e-13 r=9.897028e-01
inout (pow) : m=    677 d=1.483900e-13 r=9.899834e-01
inout (pow) : m=    678 d=1.469025e-13 r=9.899756e-01
inout (pow) : m=    679 d=1.454557e-13 r=9.901516e-01
inout (pow) : m=    680 d=1.440124e-13 r=9.900775e-01
inout (pow) : m=    681 d=1.425639e-13 r=9.899419e-01
inout (pow) : m=    682 d=1.411735e-13 r=9.902473e-01
inout (pow) : m=    683 d=1.397762e-13 r=9.901021e-01
inout (pow) : m=    684 d=1.384188e-13 r=9.902886e-01
inout (pow) : m=    685 d=1.370813e-13 r=9.903375e-01
inout (pow) : m=    686 d=1.357438e-13 r=9.902432e-01
inout (pow) : m=    687 d=1.344654e-13 r=9.905816e-01
inout (pow) : m=    688 d=1.331305e-13 r=9.900728e-01
inout (pow) : m=    689 d=1.318459e-13 r=9.903511e-01
inout (pow) : m=    690 d=1.304746e-13 r=9.895992e-01
inout (pow) : m=    691 d=1.291389e-13 r=9.897625e-01
inout (pow) : m=    692 d=1.278032e-13 r=9.896566e-01
inout (pow) : m=    693 d=1.264657e-13 r=9.895349e-01
inout (pow) : m=    694 d=1.253173e-13 r=9.909194e-01
inout (pow) : m=    695 d=1.238835e-13 r=9.885590e-01
inout (pow) : m=    696 d=1.226536e-13 r=9.900720e-01
inout (pow) : m=    697 d=1.214254e-13 r=9.899866e-01
inout (pow) : m=    698 d=1.201426e-13 r=9.894353e-01
inout (pow) : m=    699 d=1.189214e-13 r=9.898350e-01
inout (pow) : m=    700 d=1.176967e-13 r=9.897015e-01
inout (pow) : m=    701 d=1.166359e-13 r=9.909871e-01
inout (pow) : m=    702 d=1.154831e-13 r=9.901169e-01
inout (pow) : m=    703 d=1.143695e-13 r=9.903562e-01
inout (pow) : m=    704 d=1.132592e-13 r=9.902927e-01
inout (pow) : m=    705 d=1.121438e-13 r=9.901516e-01
inout (pow) : m=    706 d=1.110865e-13 r=9.905718e-01
inout (pow) : m=    707 d=1.099320e-13 r=9.896076e-01
inout (pow) : m=    708 d=1.088183e-13 r=9.898693e-01
inout (pow) : m=    709 d=1.077081e-13 r=9.897975e-01
inout (pow) : m=    710 d=1.065927e-13 r=9.896440e-01
inout (pow) : m=    711 d=1.055354e-13 r=9.900808e-01
inout (pow) : m=    712 d=1.043809e-13 r=9.890609e-01
inout (pow) : m=    713 d=1.032672e-13 r=9.893305e-01
inout (pow) : m=    714 d=1.022680e-13 r=9.903241e-01
inout (pow) : m=    715 d=1.012636e-13 r=9.901787e-01
inout (pow) : m=    716 d=1.003173e-13 r=9.906552e-01
inout (pow) : m=    717 d=9.927389e-14 r=9.895986e-01
  solved    inoutpr(a=0.9900) in   717 multiplies to 9.927389e-14 tolerance
