inout (out) : m=      5 d=1.042200e-01
inout (out) : m=      8 d=5.294935e-02
inout (out) : m=     10 d=3.043916e-02
inout (out) : m=     12 d=1.763225e-02
inout (out) : m=     13 d=1.236852e-02
inout (pow) : m=     14 d=8.685342e-03 r=7.022138e-01
inout (pow) : m=     15 d=6.093408e-03 r=7.015737e-01
inout (pow) : m=     16 d=4.277186e-03 r=7.019367e-01
inout (pow) : m=     17 d=3.001776e-03 r=7.018109e-01
inout (pow) : m=     18 d=2.106662e-03 r=7.018052e-01
inout (pow) : m=     19 d=1.478571e-03 r=7.018550e-01
inout (pow) : m=     20 d=1.037674e-03 r=7.018088e-01
inout (pow) : m=     21 d=7.282771e-04 r=7.018360e-01
inout (pow) : m=     22 d=5.111238e-04 r=7.018259e-01
inout (pow) : m=     23 d=3.587200e-04 r=7.018261e-01
inout (pow) : m=     24 d=2.517603e-04 r=7.018294e-01
inout (pow) : m=     25 d=1.766919e-04 r=7.018261e-01
inout (pow) : m=     26 d=1.240074e-04 r=7.018282e-01
inout (pow) : m=     27 d=8.703177e-05 r=7.018274e-01
inout (pow) : m=     28 d=6.108128e-05 r=7.018274e-01
inout (pow) : m=     29 d=4.286853e-05 r=7.018277e-01
inout (pow) : m=     30 d=3.008631e-05 r=7.018274e-01
inout (pow) : m=     31 d=2.111540e-05 r=7.018276e-01
inout (pow) : m=     32 d=1.481937e-05 r=7.018275e-01
inout (pow) : m=     33 d=1.040064e-05 r=7.018275e-01
inout (pow) : m=     34 d=7.299457e-06 r=7.018275e-01
inout (pow) : m=     35 d=5.122959e-06 r=7.018275e-01
inout (pow) : m=     36 d=3.595434e-06 r=7.018275e-01
inout (pow) : m=     37 d=2.523374e-06 r=7.018275e-01
inout (pow) : m=     38 d=1.770974e-06 r=7.018275e-01
inout (pow) : m=     39 d=1.242918e-06 r=7.018275e-01
inout (pow) : m=     40 d=8.723141e-07 r=7.018275e-01
inout (pow) : m=     41 d=6.122140e-07 r=7.018275e-01
inout (pow) : m=     42 d=4.296686e-07 r=7.018275e-01
inout (pow) : m=     43 d=3.015533e-07 r=7.018275e-01
inout (pow) : m=     44 d=2.116384e-07 r=7.018275e-01
inout (pow) : m=     45 d=1.616938e-07 r=7.640096e-01
inout (pow) : m=     46 d=1.183540e-07 r=7.319642e-01
inout (pow) : m=     47 d=9.854953e-08 r=8.326672e-01
inout (pow) : m=     48 d=7.436624e-08 r=7.546077e-01
inout (pow) : m=     49 d=6.220086e-08 r=8.364126e-01
inout (pow) : m=     50 d=4.824022e-08 r=7.755556e-01
inout (pow) : m=     51 d=4.050648e-08 r=8.396828e-01
inout (pow) : m=     52 d=3.214970e-08 r=7.936927e-01
inout (pow) : m=     53 d=2.708209e-08 r=8.423747e-01
inout (pow) : m=     54 d=2.189634e-08 r=8.085172e-01
inout (pow) : m=     55 d=1.849114e-08 r=8.444853e-01
inout (pow) : m=     56 d=1.516410e-08 r=8.200741e-01
inout (pow) : m=     57 d=1.283001e-08 r=8.460777e-01
inout (pow) : m=     58 d=1.063294e-08 r=8.287556e-01
inout (pow) : m=     59 d=9.008704e-09 r=8.472448e-01
inout (pow) : m=     60 d=7.523142e-09 r=8.350971e-01
inout (pow) : m=     61 d=6.380241e-09 r=8.480819e-01
inout (pow) : m=     62 d=5.357076e-09 r=8.396353e-01
inout (pow) : m=     63 d=4.546406e-09 r=8.486732e-01
inout (pow) : m=     64 d=3.831873e-09 r=8.428355e-01
inout (pow) : m=     65 d=3.253591e-09 r=8.490863e-01
inout (pow) : m=     66 d=2.749508e-09 r=8.450688e-01
inout (pow) : m=     67 d=2.335357e-09 r=8.493728e-01
inout (pow) : m=     68 d=1.977151e-09 r=8.466161e-01
inout (pow) : m=     69 d=1.679729e-09 r=8.495704e-01
inout (pow) : m=     70 d=1.423877e-09 r=8.476827e-01
inout (pow) : m=     71 d=1.209877e-09 r=8.497062e-01
inout (pow) : m=     72 d=1.026478e-09 r=8.484152e-01
inout (pow) : m=     73 d=8.723004e-10 r=8.497991e-01
inout (pow) : m=     74 d=7.405111e-10 r=8.489176e-01
inout (pow) : m=     75 d=6.293329e-10 r=8.498629e-01
inout (pow) : m=     76 d=5.344676e-10 r=8.492605e-01
inout (pow) : m=     77 d=4.542475e-10 r=8.499066e-01
inout (pow) : m=     78 d=3.858812e-10 r=8.494953e-01
inout (pow) : m=     79 d=3.279745e-10 r=8.499365e-01
inout (pow) : m=     80 d=2.786653e-10 r=8.496555e-01
inout (pow) : m=     81 d=2.368535e-10 r=8.499569e-01
inout (pow) : m=     82 d=2.012697e-10 r=8.497644e-01
inout (pow) : m=     83 d=1.710732e-10 r=8.499702e-01
inout (pow) : m=     84 d=1.453850e-10 r=8.498405e-01
inout (pow) : m=     85 d=1.235742e-10 r=8.499794e-01
inout (pow) : m=     86 d=1.050246e-10 r=8.498906e-01
inout (pow) : m=     87 d=8.926947e-11 r=8.499865e-01
inout (pow) : m=     88 d=7.587241e-11 r=8.499255e-01
inout (pow) : m=     89 d=6.449082e-11 r=8.499905e-01
inout (pow) : m=     90 d=5.481401e-11 r=8.499505e-01
inout (pow) : m=     91 d=4.659148e-11 r=8.499922e-01
inout (pow) : m=     92 d=3.960125e-11 r=8.499675e-01
inout (pow) : m=     93 d=3.366084e-11 r=8.499946e-01
inout (pow) : m=     94 d=2.861092e-11 r=8.499763e-01
inout (pow) : m=     95 d=2.431903e-11 r=8.499913e-01
inout (pow) : m=     96 d=2.067087e-11 r=8.499872e-01
inout (pow) : m=     97 d=1.757029e-11 r=8.500027e-01
inout (pow) : m=     98 d=1.493453e-11 r=8.499877e-01
inout (pow) : m=     99 d=1.269430e-11 r=8.499963e-01
inout (pow) : m=    100 d=1.079005e-11 r=8.499919e-01
inout (pow) : m=    101 d=9.171414e-12 r=8.499881e-01
inout (pow) : m=    102 d=7.795736e-12 r=8.500038e-01
inout (pow) : m=    103 d=6.626401e-12 r=8.500032e-01
inout (pow) : m=    104 d=5.632488e-12 r=8.500071e-01
inout (pow) : m=    105 d=4.787538e-12 r=8.499865e-01
inout (pow) : m=    106 d=4.069502e-12 r=8.500196e-01
inout (pow) : m=    107 d=3.459059e-12 r=8.499958e-01
inout (pow) : m=    108 d=2.940224e-12 r=8.500069e-01
inout (pow) : m=    109 d=2.499202e-12 r=8.500039e-01
inout (pow) : m=    110 d=2.124217e-12 r=8.499582e-01
inout (pow) : m=    111 d=1.805556e-12 r=8.499863e-01
inout (pow) : m=    112 d=1.534772e-12 r=8.500277e-01
inout (pow) : m=    113 d=1.304644e-12 r=8.500570e-01
inout (pow) : m=    114 d=1.108953e-12 r=8.500045e-01
inout (pow) : m=    115 d=9.426765e-13 r=8.500598e-01
  solved    inoutpr(a=0.8500) in   115 multiplies to 9.426765e-13 tolerance
