Parameters: 
   graphfile = ../../data/ubc-cs-trans
      output = none
         alg = inout
       alpha = 0.85
         tol = 1e-08
       maxit = 10000

nodes = 51681
edges = 673010
inout(0.8500,0.5000,1.000000e-02) with tol=1.000000e-08 and maxit= 10000 iterations
inout (outer) : iter =      1 ; odelta = 1.989015e-01 ; dt =     0.1; nmult =      5
inout (outer) : iter =      2 ; odelta = 4.241040e-02 ; dt =     0.1; nmult =      8
inout (outer) : iter =      3 ; odelta = 1.368761e-02 ; dt =     0.1; nmult =     10
inout (outer) : iter =      4 ; odelta = 8.223392e-03 ; dt =     0.1; nmult =     11
inout (power) : iter =      5 ; odelta = 5.459542e-03 ; dt =     0.1; nmult =     12
inout (power) : iter =      6 ; odelta = 4.063840e-03 ; dt =     0.1; nmult =     13
inout (power) : iter =      7 ; odelta = 3.165507e-03 ; dt =     0.2; nmult =     14
inout (power) : iter =      8 ; odelta = 2.531340e-03 ; dt =     0.2; nmult =     15
inout (power) : iter =      9 ; odelta = 2.056262e-03 ; dt =     0.2; nmult =     16
inout (power) : iter =     10 ; odelta = 1.679316e-03 ; dt =     0.2; nmult =     17
inout (power) : iter =     11 ; odelta = 1.380370e-03 ; dt =     0.2; nmult =     18
inout (power) : iter =     12 ; odelta = 1.141822e-03 ; dt =     0.2; nmult =     19
inout (power) : iter =     13 ; odelta = 9.466586e-04 ; dt =     0.2; nmult =     20
inout (power) : iter =     14 ; odelta = 7.865210e-04 ; dt =     0.2; nmult =     21
inout (power) : iter =     15 ; odelta = 6.551133e-04 ; dt =     0.3; nmult =     22
inout (power) : iter =     16 ; odelta = 5.460015e-04 ; dt =     0.3; nmult =     23
inout (power) : iter =     17 ; odelta = 4.557956e-04 ; dt =     0.3; nmult =     24
inout (power) : iter =     18 ; odelta = 3.812155e-04 ; dt =     0.3; nmult =     25
inout (power) : iter =     19 ; odelta = 3.187553e-04 ; dt =     0.3; nmult =     26
inout (power) : iter =     20 ; odelta = 2.667799e-04 ; dt =     0.3; nmult =     27
inout (power) : iter =     21 ; odelta = 2.234247e-04 ; dt =     0.3; nmult =     28
inout (power) : iter =     22 ; odelta = 1.869737e-04 ; dt =     0.3; nmult =     29
inout (power) : iter =     23 ; odelta = 1.566100e-04 ; dt =     0.3; nmult =     30
inout (power) : iter =     24 ; odelta = 1.312930e-04 ; dt =     0.4; nmult =     31
inout (power) : iter =     25 ; odelta = 1.100099e-04 ; dt =     0.4; nmult =     32
inout (power) : iter =     26 ; odelta = 9.229129e-05 ; dt =     0.4; nmult =     33
inout (power) : iter =     27 ; odelta = 7.747875e-05 ; dt =     0.4; nmult =     34
inout (power) : iter =     28 ; odelta = 6.500340e-05 ; dt =     0.4; nmult =     35
inout (power) : iter =     29 ; odelta = 5.457695e-05 ; dt =     0.4; nmult =     36
inout (power) : iter =     30 ; odelta = 4.584319e-05 ; dt =     0.4; nmult =     37
inout (power) : iter =     31 ; odelta = 3.847121e-05 ; dt =     0.4; nmult =     38
inout (power) : iter =     32 ; odelta = 3.231775e-05 ; dt =     0.4; nmult =     39
inout (power) : iter =     33 ; odelta = 2.715679e-05 ; dt =     0.5; nmult =     40
inout (power) : iter =     34 ; odelta = 2.279908e-05 ; dt =     0.5; nmult =     41
inout (power) : iter =     35 ; odelta = 1.915168e-05 ; dt =     0.5; nmult =     42
inout (power) : iter =     36 ; odelta = 1.609105e-05 ; dt =     0.5; nmult =     43
inout (power) : iter =     37 ; odelta = 1.350598e-05 ; dt =     0.5; nmult =     44
inout (power) : iter =     38 ; odelta = 1.134925e-05 ; dt =     0.5; nmult =     45
inout (power) : iter =     39 ; odelta = 9.544058e-06 ; dt =     0.5; nmult =     46
inout (power) : iter =     40 ; odelta = 8.020501e-06 ; dt =     0.5; nmult =     47
inout (power) : iter =     41 ; odelta = 6.745050e-06 ; dt =     0.5; nmult =     48
inout (power) : iter =     42 ; odelta = 5.673320e-06 ; dt =     0.6; nmult =     49
inout (power) : iter =     43 ; odelta = 4.766134e-06 ; dt =     0.6; nmult =     50
inout (power) : iter =     44 ; odelta = 4.007842e-06 ; dt =     0.6; nmult =     51
inout (power) : iter =     45 ; odelta = 3.371849e-06 ; dt =     0.6; nmult =     52
inout (power) : iter =     46 ; odelta = 2.834646e-06 ; dt =     0.6; nmult =     53
inout (power) : iter =     47 ; odelta = 2.385037e-06 ; dt =     0.6; nmult =     54
inout (power) : iter =     48 ; odelta = 2.007605e-06 ; dt =     0.6; nmult =     55
inout (power) : iter =     49 ; odelta = 1.688278e-06 ; dt =     0.6; nmult =     56
inout (power) : iter =     50 ; odelta = 1.421118e-06 ; dt =     0.6; nmult =     57
inout (power) : iter =     51 ; odelta = 1.196647e-06 ; dt =     0.7; nmult =     58
inout (power) : iter =     52 ; odelta = 1.006642e-06 ; dt =     0.7; nmult =     59
inout (power) : iter =     53 ; odelta = 8.474348e-07 ; dt =     0.7; nmult =     60
inout (power) : iter =     54 ; odelta = 7.135697e-07 ; dt =     0.7; nmult =     61
inout (power) : iter =     55 ; odelta = 6.001144e-07 ; dt =     0.7; nmult =     62
inout (power) : iter =     56 ; odelta = 5.052086e-07 ; dt =     0.7; nmult =     63
inout (power) : iter =     57 ; odelta = 4.254916e-07 ; dt =     0.7; nmult =     64
inout (power) : iter =     58 ; odelta = 3.580799e-07 ; dt =     0.7; nmult =     65
inout (power) : iter =     59 ; odelta = 3.016350e-07 ; dt =     0.8; nmult =     66
inout (power) : iter =     60 ; odelta = 2.541639e-07 ; dt =     0.8; nmult =     67
inout (power) : iter =     61 ; odelta = 2.139477e-07 ; dt =     0.8; nmult =     68
inout (power) : iter =     62 ; odelta = 1.802507e-07 ; dt =     0.8; nmult =     69
inout (power) : iter =     63 ; odelta = 1.519070e-07 ; dt =     0.8; nmult =     70
inout (power) : iter =     64 ; odelta = 1.278808e-07 ; dt =     0.8; nmult =     71
inout (power) : iter =     65 ; odelta = 1.077214e-07 ; dt =     0.8; nmult =     72
inout (power) : iter =     66 ; odelta = 9.075917e-08 ; dt =     0.8; nmult =     73
inout (power) : iter =     67 ; odelta = 7.638985e-08 ; dt =     0.8; nmult =     74
inout (power) : iter =     68 ; odelta = 6.435887e-08 ; dt =     0.9; nmult =     75
inout (power) : iter =     69 ; odelta = 5.424748e-08 ; dt =     0.9; nmult =     76
inout (power) : iter =     70 ; odelta = 4.567476e-08 ; dt =     0.9; nmult =     77
inout (power) : iter =     71 ; odelta = 3.848863e-08 ; dt =     0.9; nmult =     78
inout (power) : iter =     72 ; odelta = 3.244533e-08 ; dt =     0.9; nmult =     79
inout (power) : iter =     73 ; odelta = 2.731949e-08 ; dt =     0.9; nmult =     80
inout (power) : iter =     74 ; odelta = 2.302292e-08 ; dt =     0.9; nmult =     81
inout (power) : iter =     75 ; odelta = 1.940623e-08 ; dt =     0.9; nmult =     82
inout (power) : iter =     76 ; odelta = 1.633860e-08 ; dt =     0.9; nmult =     83
inout (power) : iter =     77 ; odelta = 1.376487e-08 ; dt =     1.0; nmult =     84
inout (power) : iter =     78 ; odelta = 1.159927e-08 ; dt =     1.0; nmult =     85
inout (power) : iter =     79 ; odelta = 9.764526e-09 ; dt =     1.0; nmult =     86
inout(b=0.5000,it=1.000000e-02) : solved pagerank(a=0.8500) in    86 mults to 1.000000e-08 tol
output norm: 1.0000000000000002e+00
