Parameters: 
   graphfile = ../../data/ubc-cs-trans
      output = none
         alg = inout
       alpha = 0.99
         tol = 1e-08
       maxit = 10000

nodes = 51681
edges = 673010
inout(0.9900,0.5000,1.000000e-02) with tol=1.000000e-08 and maxit= 10000 iterations
inout (outer) : iter =      1 ; odelta = 3.240225e-01 ; dt =     0.1; nmult =      5
inout (outer) : iter =      2 ; odelta = 9.586626e-02 ; dt =     0.1; nmult =      8
inout (outer) : iter =      3 ; odelta = 3.912798e-02 ; dt =     0.1; nmult =     10
inout (outer) : iter =      4 ; odelta = 2.304860e-02 ; dt =     0.1; nmult =     12
inout (outer) : iter =      5 ; odelta = 1.862660e-02 ; dt =     0.1; nmult =     13
inout (power) : iter =      6 ; odelta = 1.642731e-02 ; dt =     0.2; nmult =     14
inout (power) : iter =      7 ; odelta = 1.504072e-02 ; dt =     0.2; nmult =     15
inout (power) : iter =      8 ; odelta = 1.409651e-02 ; dt =     0.2; nmult =     16
inout (power) : iter =      9 ; odelta = 1.335569e-02 ; dt =     0.2; nmult =     17
inout (power) : iter =     10 ; odelta = 1.272580e-02 ; dt =     0.2; nmult =     18
inout (power) : iter =     11 ; odelta = 1.221083e-02 ; dt =     0.2; nmult =     19
inout (power) : iter =     12 ; odelta = 1.177195e-02 ; dt =     0.2; nmult =     20
inout (power) : iter =     13 ; odelta = 1.137394e-02 ; dt =     0.2; nmult =     21
inout (power) : iter =     14 ; odelta = 1.101436e-02 ; dt =     0.2; nmult =     22
inout (power) : iter =     15 ; odelta = 1.068785e-02 ; dt =     0.3; nmult =     23
inout (power) : iter =     16 ; odelta = 1.038025e-02 ; dt =     0.3; nmult =     24
inout (power) : iter =     17 ; odelta = 1.009739e-02 ; dt =     0.3; nmult =     25
inout (power) : iter =     18 ; odelta = 9.833539e-03 ; dt =     0.3; nmult =     26
inout (power) : iter =     19 ; odelta = 9.580071e-03 ; dt =     0.3; nmult =     27
inout (power) : iter =     20 ; odelta = 9.336110e-03 ; dt =     0.3; nmult =     28
inout (power) : iter =     21 ; odelta = 9.101294e-03 ; dt =     0.3; nmult =     29
inout (power) : iter =     22 ; odelta = 8.873665e-03 ; dt =     0.3; nmult =     30
inout (power) : iter =     23 ; odelta = 8.654967e-03 ; dt =     0.4; nmult =     31
inout (power) : iter =     24 ; odelta = 8.446544e-03 ; dt =     0.4; nmult =     32
inout (power) : iter =     25 ; odelta = 8.247299e-03 ; dt =     0.4; nmult =     33
inout (power) : iter =     26 ; odelta = 8.056272e-03 ; dt =     0.4; nmult =     34
inout (power) : iter =     27 ; odelta = 7.873479e-03 ; dt =     0.4; nmult =     35
inout (power) : iter =     28 ; odelta = 7.696550e-03 ; dt =     0.4; nmult =     36
inout (power) : iter =     29 ; odelta = 7.523632e-03 ; dt =     0.4; nmult =     37
inout (power) : iter =     30 ; odelta = 7.356162e-03 ; dt =     0.4; nmult =     38
inout (power) : iter =     31 ; odelta = 7.193486e-03 ; dt =     0.4; nmult =     39
inout (power) : iter =     32 ; odelta = 7.035352e-03 ; dt =     0.5; nmult =     40
inout (power) : iter =     33 ; odelta = 6.881640e-03 ; dt =     0.5; nmult =     41
inout (power) : iter =     34 ; odelta = 6.731059e-03 ; dt =     0.5; nmult =     42
inout (power) : iter =     35 ; odelta = 6.582467e-03 ; dt =     0.5; nmult =     43
inout (power) : iter =     36 ; odelta = 6.437037e-03 ; dt =     0.5; nmult =     44
inout (power) : iter =     37 ; odelta = 6.296013e-03 ; dt =     0.5; nmult =     45
inout (power) : iter =     38 ; odelta = 6.160261e-03 ; dt =     0.5; nmult =     46
inout (power) : iter =     39 ; odelta = 6.030699e-03 ; dt =     0.5; nmult =     47
inout (power) : iter =     40 ; odelta = 5.905146e-03 ; dt =     0.5; nmult =     48
inout (power) : iter =     41 ; odelta = 5.781314e-03 ; dt =     0.6; nmult =     49
inout (power) : iter =     42 ; odelta = 5.659404e-03 ; dt =     0.6; nmult =     50
inout (power) : iter =     43 ; odelta = 5.540150e-03 ; dt =     0.6; nmult =     51
inout (power) : iter =     44 ; odelta = 5.423912e-03 ; dt =     0.6; nmult =     52
inout (power) : iter =     45 ; odelta = 5.311839e-03 ; dt =     0.6; nmult =     53
inout (power) : iter =     46 ; odelta = 5.203486e-03 ; dt =     0.6; nmult =     54
inout (power) : iter =     47 ; odelta = 5.097249e-03 ; dt =     0.6; nmult =     55
inout (power) : iter =     48 ; odelta = 4.994085e-03 ; dt =     0.6; nmult =     56
inout (power) : iter =     49 ; odelta = 4.894126e-03 ; dt =     0.6; nmult =     57
inout (power) : iter =     50 ; odelta = 4.796123e-03 ; dt =     0.7; nmult =     58
inout (power) : iter =     51 ; odelta = 4.700791e-03 ; dt =     0.7; nmult =     59
inout (power) : iter =     52 ; odelta = 4.607915e-03 ; dt =     0.7; nmult =     60
inout (power) : iter =     53 ; odelta = 4.515968e-03 ; dt =     0.7; nmult =     61
inout (power) : iter =     54 ; odelta = 4.425618e-03 ; dt =     0.7; nmult =     62
inout (power) : iter =     55 ; odelta = 4.337490e-03 ; dt =     0.7; nmult =     63
inout (power) : iter =     56 ; odelta = 4.251162e-03 ; dt =     0.7; nmult =     64
inout (power) : iter =     57 ; odelta = 4.167839e-03 ; dt =     0.7; nmult =     65
inout (power) : iter =     58 ; odelta = 4.087615e-03 ; dt =     0.7; nmult =     66
inout (power) : iter =     59 ; odelta = 4.008514e-03 ; dt =     0.8; nmult =     67
inout (power) : iter =     60 ; odelta = 3.931852e-03 ; dt =     0.8; nmult =     68
inout (power) : iter =     61 ; odelta = 3.857032e-03 ; dt =     0.8; nmult =     69
inout (power) : iter =     62 ; odelta = 3.783103e-03 ; dt =     0.8; nmult =     70
inout (power) : iter =     63 ; odelta = 3.710913e-03 ; dt =     0.8; nmult =     71
inout (power) : iter =     64 ; odelta = 3.640247e-03 ; dt =     0.8; nmult =     72
inout (power) : iter =     65 ; odelta = 3.569730e-03 ; dt =     0.8; nmult =     73
inout (power) : iter =     66 ; odelta = 3.500637e-03 ; dt =     0.8; nmult =     74
inout (power) : iter =     67 ; odelta = 3.433729e-03 ; dt =     0.8; nmult =     75
inout (power) : iter =     68 ; odelta = 3.368416e-03 ; dt =     0.9; nmult =     76
inout (power) : iter =     69 ; odelta = 3.304583e-03 ; dt =     0.9; nmult =     77
inout (power) : iter =     70 ; odelta = 3.242496e-03 ; dt =     0.9; nmult =     78
inout (power) : iter =     71 ; odelta = 3.181049e-03 ; dt =     0.9; nmult =     79
inout (power) : iter =     72 ; odelta = 3.121026e-03 ; dt =     0.9; nmult =     80
inout (power) : iter =     73 ; odelta = 3.062634e-03 ; dt =     0.9; nmult =     81
inout (power) : iter =     74 ; odelta = 3.004605e-03 ; dt =     0.9; nmult =     82
inout (power) : iter =     75 ; odelta = 2.947657e-03 ; dt =     0.9; nmult =     83
inout (power) : iter =     76 ; odelta = 2.891972e-03 ; dt =     0.9; nmult =     84
inout (power) : iter =     77 ; odelta = 2.836302e-03 ; dt =     1.0; nmult =     85
inout (power) : iter =     78 ; odelta = 2.781773e-03 ; dt =     1.0; nmult =     86
inout (power) : iter =     79 ; odelta = 2.729083e-03 ; dt =     1.0; nmult =     87
inout (power) : iter =     80 ; odelta = 2.677643e-03 ; dt =     1.0; nmult =     88
inout (power) : iter =     81 ; odelta = 2.627377e-03 ; dt =     1.0; nmult =     89
inout (power) : iter =     82 ; odelta = 2.578547e-03 ; dt =     1.0; nmult =     90
inout (power) : iter =     83 ; odelta = 2.530132e-03 ; dt =     1.0; nmult =     91
inout (power) : iter =     84 ; odelta = 2.482804e-03 ; dt =     1.0; nmult =     92
inout (power) : iter =     85 ; odelta = 2.436837e-03 ; dt =     1.0; nmult =     93
inout (power) : iter =     86 ; odelta = 2.391137e-03 ; dt =     1.1; nmult =     94
inout (power) : iter =     87 ; odelta = 2.346416e-03 ; dt =     1.1; nmult =     95
inout (power) : iter =     88 ; odelta = 2.302993e-03 ; dt =     1.1; nmult =     96
inout (power) : iter =     89 ; odelta = 2.259962e-03 ; dt =     1.1; nmult =     97
inout (power) : iter =     90 ; odelta = 2.217867e-03 ; dt =     1.1; nmult =     98
inout (power) : iter =     91 ; odelta = 2.176912e-03 ; dt =     1.1; nmult =     99
inout (power) : iter =     92 ; odelta = 2.136005e-03 ; dt =     1.1; nmult =    100
inout (power) : iter =     93 ; odelta = 2.095828e-03 ; dt =     1.1; nmult =    101
inout (power) : iter =     94 ; odelta = 2.056770e-03 ; dt =     1.1; nmult =    102
inout (power) : iter =     95 ; odelta = 2.018001e-03 ; dt =     1.2; nmult =    103
inout (power) : iter =     96 ; odelta = 1.980228e-03 ; dt =     1.2; nmult =    104
inout (power) : iter =     97 ; odelta = 1.943625e-03 ; dt =     1.2; nmult =    105
inout (power) : iter =     98 ; odelta = 1.907249e-03 ; dt =     1.2; nmult =    106
inout (power) : iter =     99 ; odelta = 1.871725e-03 ; dt =     1.2; nmult =    107
inout (power) : iter =    100 ; odelta = 1.837317e-03 ; dt =     1.2; nmult =    108
inout (power) : iter =    101 ; odelta = 1.803121e-03 ; dt =     1.2; nmult =    109
inout (power) : iter =    102 ; odelta = 1.769688e-03 ; dt =     1.2; nmult =    110
inout (power) : iter =    103 ; odelta = 1.737298e-03 ; dt =     1.2; nmult =    111
inout (power) : iter =    104 ; odelta = 1.705041e-03 ; dt =     1.3; nmult =    112
inout (power) : iter =    105 ; odelta = 1.673475e-03 ; dt =     1.3; nmult =    113
inout (power) : iter =    106 ; odelta = 1.642901e-03 ; dt =     1.3; nmult =    114
inout (power) : iter =    107 ; odelta = 1.612437e-03 ; dt =     1.3; nmult =    115
inout (power) : iter =    108 ; odelta = 1.582620e-03 ; dt =     1.3; nmult =    116
inout (power) : iter =    109 ; odelta = 1.553752e-03 ; dt =     1.3; nmult =    117
inout (power) : iter =    110 ; odelta = 1.524976e-03 ; dt =     1.3; nmult =    118
inout (power) : iter =    111 ; odelta = 1.496810e-03 ; dt =     1.3; nmult =    119
inout (power) : iter =    112 ; odelta = 1.469556e-03 ; dt =     1.4; nmult =    120
inout (power) : iter =    113 ; odelta = 1.442381e-03 ; dt =     1.4; nmult =    121
inout (power) : iter =    114 ; odelta = 1.415786e-03 ; dt =     1.4; nmult =    122
inout (power) : iter =    115 ; odelta = 1.390059e-03 ; dt =     1.4; nmult =    123
inout (power) : iter =    116 ; odelta = 1.364391e-03 ; dt =     1.4; nmult =    124
inout (power) : iter =    117 ; odelta = 1.339259e-03 ; dt =     1.4; nmult =    125
inout (power) : iter =    118 ; odelta = 1.314957e-03 ; dt =     1.4; nmult =    126
inout (power) : iter =    119 ; odelta = 1.290711e-03 ; dt =     1.4; nmult =    127
inout (power) : iter =    120 ; odelta = 1.266972e-03 ; dt =     1.4; nmult =    128
inout (power) : iter =    121 ; odelta = 1.244034e-03 ; dt =     1.5; nmult =    129
inout (power) : iter =    122 ; odelta = 1.221149e-03 ; dt =     1.5; nmult =    130
inout (power) : iter =    123 ; odelta = 1.198741e-03 ; dt =     1.5; nmult =    131
inout (power) : iter =    124 ; odelta = 1.177093e-03 ; dt =     1.5; nmult =    132
inout (power) : iter =    125 ; odelta = 1.155467e-03 ; dt =     1.5; nmult =    133
inout (power) : iter =    126 ; odelta = 1.134283e-03 ; dt =     1.5; nmult =    134
inout (power) : iter =    127 ; odelta = 1.113827e-03 ; dt =     1.5; nmult =    135
inout (power) : iter =    128 ; odelta = 1.093383e-03 ; dt =     1.5; nmult =    136
inout (power) : iter =    129 ; odelta = 1.073355e-03 ; dt =     1.5; nmult =    137
inout (power) : iter =    130 ; odelta = 1.054023e-03 ; dt =     1.6; nmult =    138
inout (power) : iter =    131 ; odelta = 1.034695e-03 ; dt =     1.6; nmult =    139
inout (power) : iter =    132 ; odelta = 1.015782e-03 ; dt =     1.6; nmult =    140
inout (power) : iter =    133 ; odelta = 9.975730e-04 ; dt =     1.6; nmult =    141
inout (power) : iter =    134 ; odelta = 9.793676e-04 ; dt =     1.6; nmult =    142
inout (power) : iter =    135 ; odelta = 9.615264e-04 ; dt =     1.6; nmult =    143
inout (power) : iter =    136 ; odelta = 9.443221e-04 ; dt =     1.6; nmult =    144
inout (power) : iter =    137 ; odelta = 9.271054e-04 ; dt =     1.6; nmult =    145
inout (power) : iter =    138 ; odelta = 9.102309e-04 ; dt =     1.6; nmult =    146
inout (power) : iter =    139 ; odelta = 8.939669e-04 ; dt =     1.7; nmult =    147
inout (power) : iter =    140 ; odelta = 8.776851e-04 ; dt =     1.7; nmult =    148
inout (power) : iter =    141 ; odelta = 8.617240e-04 ; dt =     1.7; nmult =    149
inout (power) : iter =    142 ; odelta = 8.463495e-04 ; dt =     1.7; nmult =    150
inout (power) : iter =    143 ; odelta = 8.309541e-04 ; dt =     1.7; nmult =    151
inout (power) : iter =    144 ; odelta = 8.158595e-04 ; dt =     1.7; nmult =    152
inout (power) : iter =    145 ; odelta = 8.013257e-04 ; dt =     1.7; nmult =    153
inout (power) : iter =    146 ; odelta = 7.867874e-04 ; dt =     1.7; nmult =    154
inout (power) : iter =    147 ; odelta = 7.725660e-04 ; dt =     1.7; nmult =    155
inout (power) : iter =    148 ; odelta = 7.588820e-04 ; dt =     1.8; nmult =    156
inout (power) : iter =    149 ; odelta = 7.451653e-04 ; dt =     1.8; nmult =    157
inout (power) : iter =    150 ; odelta = 7.317135e-04 ; dt =     1.8; nmult =    158
inout (power) : iter =    151 ; odelta = 7.187749e-04 ; dt =     1.8; nmult =    159
inout (power) : iter =    152 ; odelta = 7.058009e-04 ; dt =     1.8; nmult =    160
inout (power) : iter =    153 ; odelta = 6.930754e-04 ; dt =     1.8; nmult =    161
inout (power) : iter =    154 ; odelta = 6.808441e-04 ; dt =     1.8; nmult =    162
inout (power) : iter =    155 ; odelta = 6.685739e-04 ; dt =     1.8; nmult =    163
inout (power) : iter =    156 ; odelta = 6.565344e-04 ; dt =     1.8; nmult =    164
inout (power) : iter =    157 ; odelta = 6.449676e-04 ; dt =     1.9; nmult =    165
inout (power) : iter =    158 ; odelta = 6.333589e-04 ; dt =     1.9; nmult =    166
inout (power) : iter =    159 ; odelta = 6.219648e-04 ; dt =     1.9; nmult =    167
inout (power) : iter =    160 ; odelta = 6.110218e-04 ; dt =     1.9; nmult =    168
inout (power) : iter =    161 ; odelta = 6.000350e-04 ; dt =     1.9; nmult =    169
inout (power) : iter =    162 ; odelta = 5.892490e-04 ; dt =     1.9; nmult =    170
inout (power) : iter =    163 ; odelta = 5.788957e-04 ; dt =     1.9; nmult =    171
inout (power) : iter =    164 ; odelta = 5.684972e-04 ; dt =     1.9; nmult =    172
inout (power) : iter =    165 ; odelta = 5.582871e-04 ; dt =     1.9; nmult =    173
inout (power) : iter =    166 ; odelta = 5.484925e-04 ; dt =     2.0; nmult =    174
inout (power) : iter =    167 ; odelta = 5.386518e-04 ; dt =     2.0; nmult =    175
inout (power) : iter =    168 ; odelta = 5.289873e-04 ; dt =     2.0; nmult =    176
inout (power) : iter =    169 ; odelta = 5.197224e-04 ; dt =     2.0; nmult =    177
inout (power) : iter =    170 ; odelta = 5.104113e-04 ; dt =     2.0; nmult =    178
inout (power) : iter =    171 ; odelta = 5.012670e-04 ; dt =     2.0; nmult =    179
inout (power) : iter =    172 ; odelta = 4.925044e-04 ; dt =     2.0; nmult =    180
inout (power) : iter =    173 ; odelta = 4.836937e-04 ; dt =     2.0; nmult =    181
inout (power) : iter =    174 ; odelta = 4.750355e-04 ; dt =     2.0; nmult =    182
inout (power) : iter =    175 ; odelta = 4.667427e-04 ; dt =     2.1; nmult =    183
inout (power) : iter =    176 ; odelta = 4.584010e-04 ; dt =     2.1; nmult =    184
inout (power) : iter =    177 ; odelta = 4.502022e-04 ; dt =     2.1; nmult =    185
inout (power) : iter =    178 ; odelta = 4.423545e-04 ; dt =     2.1; nmult =    186
inout (power) : iter =    179 ; odelta = 4.344577e-04 ; dt =     2.1; nmult =    187
inout (power) : iter =    180 ; odelta = 4.266940e-04 ; dt =     2.1; nmult =    188
inout (power) : iter =    181 ; odelta = 4.192662e-04 ; dt =     2.1; nmult =    189
inout (power) : iter =    182 ; odelta = 4.117899e-04 ; dt =     2.1; nmult =    190
inout (power) : iter =    183 ; odelta = 4.044385e-04 ; dt =     2.1; nmult =    191
inout (power) : iter =    184 ; odelta = 3.974103e-04 ; dt =     2.2; nmult =    192
inout (power) : iter =    185 ; odelta = 3.903330e-04 ; dt =     2.2; nmult =    193
inout (power) : iter =    186 ; odelta = 3.833710e-04 ; dt =     2.2; nmult =    194
inout (power) : iter =    187 ; odelta = 3.767185e-04 ; dt =     2.2; nmult =    195
inout (power) : iter =    188 ; odelta = 3.700175e-04 ; dt =     2.2; nmult =    196
inout (power) : iter =    189 ; odelta = 3.634236e-04 ; dt =     2.2; nmult =    197
inout (power) : iter =    190 ; odelta = 3.571260e-04 ; dt =     2.2; nmult =    198
inout (power) : iter =    191 ; odelta = 3.507802e-04 ; dt =     2.2; nmult =    199
inout (power) : iter =    192 ; odelta = 3.445343e-04 ; dt =     2.3; nmult =    200
inout (power) : iter =    193 ; odelta = 3.385727e-04 ; dt =     2.3; nmult =    201
inout (power) : iter =    194 ; odelta = 3.325630e-04 ; dt =     2.3; nmult =    202
inout (power) : iter =    195 ; odelta = 3.266458e-04 ; dt =     2.3; nmult =    203
inout (power) : iter =    196 ; odelta = 3.210012e-04 ; dt =     2.3; nmult =    204
inout (power) : iter =    197 ; odelta = 3.153094e-04 ; dt =     2.3; nmult =    205
inout (power) : iter =    198 ; odelta = 3.097033e-04 ; dt =     2.3; nmult =    206
inout (power) : iter =    199 ; odelta = 3.043586e-04 ; dt =     2.3; nmult =    207
inout (power) : iter =    200 ; odelta = 2.989673e-04 ; dt =     2.3; nmult =    208
inout (power) : iter =    201 ; odelta = 2.936555e-04 ; dt =     2.4; nmult =    209
inout (power) : iter =    202 ; odelta = 2.885943e-04 ; dt =     2.4; nmult =    210
inout (power) : iter =    203 ; odelta = 2.834874e-04 ; dt =     2.4; nmult =    211
inout (power) : iter =    204 ; odelta = 2.784541e-04 ; dt =     2.4; nmult =    212
inout (power) : iter =    205 ; odelta = 2.736612e-04 ; dt =     2.4; nmult =    213
inout (power) : iter =    206 ; odelta = 2.688234e-04 ; dt =     2.4; nmult =    214
inout (power) : iter =    207 ; odelta = 2.640537e-04 ; dt =     2.4; nmult =    215
inout (power) : iter =    208 ; odelta = 2.595147e-04 ; dt =     2.4; nmult =    216
inout (power) : iter =    209 ; odelta = 2.549318e-04 ; dt =     2.4; nmult =    217
inout (power) : iter =    210 ; odelta = 2.504144e-04 ; dt =     2.5; nmult =    218
inout (power) : iter =    211 ; odelta = 2.461180e-04 ; dt =     2.5; nmult =    219
inout (power) : iter =    212 ; odelta = 2.417796e-04 ; dt =     2.5; nmult =    220
inout (power) : iter =    213 ; odelta = 2.375001e-04 ; dt =     2.5; nmult =    221
inout (power) : iter =    214 ; odelta = 2.334326e-04 ; dt =     2.5; nmult =    222
inout (power) : iter =    215 ; odelta = 2.293229e-04 ; dt =     2.5; nmult =    223
inout (power) : iter =    216 ; odelta = 2.252667e-04 ; dt =     2.5; nmult =    224
inout (power) : iter =    217 ; odelta = 2.214140e-04 ; dt =     2.5; nmult =    225
inout (power) : iter =    218 ; odelta = 2.175204e-04 ; dt =     2.5; nmult =    226
inout (power) : iter =    219 ; odelta = 2.136762e-04 ; dt =     2.6; nmult =    227
inout (power) : iter =    220 ; odelta = 2.100273e-04 ; dt =     2.6; nmult =    228
inout (power) : iter =    221 ; odelta = 2.063396e-04 ; dt =     2.6; nmult =    229
inout (power) : iter =    222 ; odelta = 2.026985e-04 ; dt =     2.6; nmult =    230
inout (power) : iter =    223 ; odelta = 1.992446e-04 ; dt =     2.6; nmult =    231
inout (power) : iter =    224 ; odelta = 1.957557e-04 ; dt =     2.6; nmult =    232
inout (power) : iter =    225 ; odelta = 1.923091e-04 ; dt =     2.6; nmult =    233
inout (power) : iter =    226 ; odelta = 1.890419e-04 ; dt =     2.6; nmult =    234
inout (power) : iter =    227 ; odelta = 1.857396e-04 ; dt =     2.6; nmult =    235
inout (power) : iter =    228 ; odelta = 1.824756e-04 ; dt =     2.7; nmult =    236
inout (power) : iter =    229 ; odelta = 1.793835e-04 ; dt =     2.7; nmult =    237
inout (power) : iter =    230 ; odelta = 1.762573e-04 ; dt =     2.7; nmult =    238
inout (power) : iter =    231 ; odelta = 1.731722e-04 ; dt =     2.7; nmult =    239
inout (power) : iter =    232 ; odelta = 1.702599e-04 ; dt =     2.7; nmult =    240
inout (power) : iter =    233 ; odelta = 1.673193e-04 ; dt =     2.7; nmult =    241
inout (power) : iter =    234 ; odelta = 1.644229e-04 ; dt =     2.7; nmult =    242
inout (power) : iter =    235 ; odelta = 1.617050e-04 ; dt =     2.7; nmult =    243
inout (power) : iter =    236 ; odelta = 1.589968e-04 ; dt =     2.7; nmult =    244
inout (power) : iter =    237 ; odelta = 1.563455e-04 ; dt =     2.8; nmult =    245
inout (power) : iter =    238 ; odelta = 1.538653e-04 ; dt =     2.8; nmult =    246
inout (power) : iter =    239 ; odelta = 1.513597e-04 ; dt =     2.8; nmult =    247
inout (power) : iter =    240 ; odelta = 1.488777e-04 ; dt =     2.8; nmult =    248
inout (power) : iter =    241 ; odelta = 1.465365e-04 ; dt =     2.8; nmult =    249
inout (power) : iter =    242 ; odelta = 1.441578e-04 ; dt =     2.8; nmult =    250
inout (power) : iter =    243 ; odelta = 1.417979e-04 ; dt =     2.8; nmult =    251
inout (power) : iter =    244 ; odelta = 1.395732e-04 ; dt =     2.8; nmult =    252
inout (power) : iter =    245 ; odelta = 1.373122e-04 ; dt =     2.8; nmult =    253
inout (power) : iter =    246 ; odelta = 1.350679e-04 ; dt =     2.9; nmult =    254
inout (power) : iter =    247 ; odelta = 1.329537e-04 ; dt =     2.9; nmult =    255
inout (power) : iter =    248 ; odelta = 1.308061e-04 ; dt =     2.9; nmult =    256
inout (power) : iter =    249 ; odelta = 1.286737e-04 ; dt =     2.9; nmult =    257
inout (power) : iter =    250 ; odelta = 1.266658e-04 ; dt =     2.9; nmult =    258
inout (power) : iter =    251 ; odelta = 1.246244e-04 ; dt =     2.9; nmult =    259
inout (power) : iter =    252 ; odelta = 1.225960e-04 ; dt =     2.9; nmult =    260
inout (power) : iter =    253 ; odelta = 1.206872e-04 ; dt =     2.9; nmult =    261
inout (power) : iter =    254 ; odelta = 1.187461e-04 ; dt =     2.9; nmult =    262
inout (power) : iter =    255 ; odelta = 1.168165e-04 ; dt =     3.0; nmult =    263
inout (power) : iter =    256 ; odelta = 1.150017e-04 ; dt =     3.0; nmult =    264
inout (power) : iter =    257 ; odelta = 1.131559e-04 ; dt =     3.0; nmult =    265
inout (power) : iter =    258 ; odelta = 1.113201e-04 ; dt =     3.0; nmult =    266
inout (power) : iter =    259 ; odelta = 1.095945e-04 ; dt =     3.0; nmult =    267
inout (power) : iter =    260 ; odelta = 1.078392e-04 ; dt =     3.0; nmult =    268
inout (power) : iter =    261 ; odelta = 1.060924e-04 ; dt =     3.0; nmult =    269
inout (power) : iter =    262 ; odelta = 1.044515e-04 ; dt =     3.0; nmult =    270
inout (power) : iter =    263 ; odelta = 1.027821e-04 ; dt =     3.0; nmult =    271
inout (power) : iter =    264 ; odelta = 1.011199e-04 ; dt =     3.1; nmult =    272
inout (power) : iter =    265 ; odelta = 9.955938e-05 ; dt =     3.1; nmult =    273
inout (power) : iter =    266 ; odelta = 9.797148e-05 ; dt =     3.1; nmult =    274
inout (power) : iter =    267 ; odelta = 9.638969e-05 ; dt =     3.1; nmult =    275
inout (power) : iter =    268 ; odelta = 9.490546e-05 ; dt =     3.1; nmult =    276
inout (power) : iter =    269 ; odelta = 9.339500e-05 ; dt =     3.1; nmult =    277
inout (power) : iter =    270 ; odelta = 9.188956e-05 ; dt =     3.1; nmult =    278
inout (power) : iter =    271 ; odelta = 9.047783e-05 ; dt =     3.1; nmult =    279
inout (power) : iter =    272 ; odelta = 8.904099e-05 ; dt =     3.1; nmult =    280
inout (power) : iter =    273 ; odelta = 8.760816e-05 ; dt =     3.2; nmult =    281
inout (power) : iter =    274 ; odelta = 8.626528e-05 ; dt =     3.2; nmult =    282
inout (power) : iter =    275 ; odelta = 8.489833e-05 ; dt =     3.2; nmult =    283
inout (power) : iter =    276 ; odelta = 8.353444e-05 ; dt =     3.2; nmult =    284
inout (power) : iter =    277 ; odelta = 8.225685e-05 ; dt =     3.2; nmult =    285
inout (power) : iter =    278 ; odelta = 8.095623e-05 ; dt =     3.2; nmult =    286
inout (power) : iter =    279 ; odelta = 7.965779e-05 ; dt =     3.2; nmult =    287
inout (power) : iter =    280 ; odelta = 7.844220e-05 ; dt =     3.2; nmult =    288
inout (power) : iter =    281 ; odelta = 7.720458e-05 ; dt =     3.2; nmult =    289
inout (power) : iter =    282 ; odelta = 7.596834e-05 ; dt =     3.3; nmult =    290
inout (power) : iter =    283 ; odelta = 7.481163e-05 ; dt =     3.3; nmult =    291
inout (power) : iter =    284 ; odelta = 7.363385e-05 ; dt =     3.3; nmult =    292
inout (power) : iter =    285 ; odelta = 7.245672e-05 ; dt =     3.3; nmult =    293
inout (power) : iter =    286 ; odelta = 7.135594e-05 ; dt =     3.3; nmult =    294
inout (power) : iter =    287 ; odelta = 7.023503e-05 ; dt =     3.3; nmult =    295
inout (power) : iter =    288 ; odelta = 6.911407e-05 ; dt =     3.3; nmult =    296
inout (power) : iter =    289 ; odelta = 6.806642e-05 ; dt =     3.3; nmult =    297
inout (power) : iter =    290 ; odelta = 6.699954e-05 ; dt =     3.4; nmult =    298
inout (power) : iter =    291 ; odelta = 6.593200e-05 ; dt =     3.4; nmult =    299
inout (power) : iter =    292 ; odelta = 6.493481e-05 ; dt =     3.4; nmult =    300
inout (power) : iter =    293 ; odelta = 6.391926e-05 ; dt =     3.4; nmult =    301
inout (power) : iter =    294 ; odelta = 6.290248e-05 ; dt =     3.4; nmult =    302
inout (power) : iter =    295 ; odelta = 6.195324e-05 ; dt =     3.4; nmult =    303
inout (power) : iter =    296 ; odelta = 6.098647e-05 ; dt =     3.4; nmult =    304
inout (power) : iter =    297 ; odelta = 6.001794e-05 ; dt =     3.4; nmult =    305
inout (power) : iter =    298 ; odelta = 5.911424e-05 ; dt =     3.4; nmult =    306
inout (power) : iter =    299 ; odelta = 5.819383e-05 ; dt =     3.5; nmult =    307
inout (power) : iter =    300 ; odelta = 5.727119e-05 ; dt =     3.5; nmult =    308
inout (power) : iter =    301 ; odelta = 5.641076e-05 ; dt =     3.5; nmult =    309
inout (power) : iter =    302 ; odelta = 5.553441e-05 ; dt =     3.5; nmult =    310
inout (power) : iter =    303 ; odelta = 5.465540e-05 ; dt =     3.5; nmult =    311
inout (power) : iter =    304 ; odelta = 5.383611e-05 ; dt =     3.5; nmult =    312
inout (power) : iter =    305 ; odelta = 5.300164e-05 ; dt =     3.5; nmult =    313
inout (power) : iter =    306 ; odelta = 5.216412e-05 ; dt =     3.5; nmult =    314
inout (power) : iter =    307 ; odelta = 5.138392e-05 ; dt =     3.5; nmult =    315
inout (power) : iter =    308 ; odelta = 5.058926e-05 ; dt =     3.6; nmult =    316
inout (power) : iter =    309 ; odelta = 4.979119e-05 ; dt =     3.6; nmult =    317
inout (power) : iter =    310 ; odelta = 4.904814e-05 ; dt =     3.6; nmult =    318
inout (power) : iter =    311 ; odelta = 4.829132e-05 ; dt =     3.6; nmult =    319
inout (power) : iter =    312 ; odelta = 4.753078e-05 ; dt =     3.6; nmult =    320
inout (power) : iter =    313 ; odelta = 4.682304e-05 ; dt =     3.6; nmult =    321
inout (power) : iter =    314 ; odelta = 4.610219e-05 ; dt =     3.6; nmult =    322
inout (power) : iter =    315 ; odelta = 4.537734e-05 ; dt =     3.6; nmult =    323
inout (power) : iter =    316 ; odelta = 4.470317e-05 ; dt =     3.6; nmult =    324
inout (power) : iter =    317 ; odelta = 4.401653e-05 ; dt =     3.7; nmult =    325
inout (power) : iter =    318 ; odelta = 4.332564e-05 ; dt =     3.7; nmult =    326
inout (power) : iter =    319 ; odelta = 4.268473e-05 ; dt =     3.7; nmult =    327
inout (power) : iter =    320 ; odelta = 4.204148e-05 ; dt =     3.7; nmult =    328
inout (power) : iter =    321 ; odelta = 4.140912e-05 ; dt =     3.7; nmult =    329
inout (power) : iter =    322 ; odelta = 4.082847e-05 ; dt =     3.7; nmult =    330
inout (power) : iter =    323 ; odelta = 4.023678e-05 ; dt =     3.7; nmult =    331
inout (power) : iter =    324 ; odelta = 3.963951e-05 ; dt =     3.7; nmult =    332
inout (power) : iter =    325 ; odelta = 3.908613e-05 ; dt =     3.7; nmult =    333
inout (power) : iter =    326 ; odelta = 3.852118e-05 ; dt =     3.8; nmult =    334
inout (power) : iter =    327 ; odelta = 3.795054e-05 ; dt =     3.8; nmult =    335
inout (power) : iter =    328 ; odelta = 3.742204e-05 ; dt =     3.8; nmult =    336
inout (power) : iter =    329 ; odelta = 3.688258e-05 ; dt =     3.8; nmult =    337
inout (power) : iter =    330 ; odelta = 3.633732e-05 ; dt =     3.8; nmult =    338
inout (power) : iter =    331 ; odelta = 3.583254e-05 ; dt =     3.8; nmult =    339
inout (power) : iter =    332 ; odelta = 3.531735e-05 ; dt =     3.8; nmult =    340
inout (power) : iter =    333 ; odelta = 3.479631e-05 ; dt =     3.8; nmult =    341
inout (power) : iter =    334 ; odelta = 3.431411e-05 ; dt =     3.8; nmult =    342
inout (power) : iter =    335 ; odelta = 3.382206e-05 ; dt =     3.9; nmult =    343
inout (power) : iter =    336 ; odelta = 3.332409e-05 ; dt =     3.9; nmult =    344
inout (power) : iter =    337 ; odelta = 3.286342e-05 ; dt =     3.9; nmult =    345
inout (power) : iter =    338 ; odelta = 3.239342e-05 ; dt =     3.9; nmult =    346
inout (power) : iter =    339 ; odelta = 3.191746e-05 ; dt =     3.9; nmult =    347
inout (power) : iter =    340 ; odelta = 3.147730e-05 ; dt =     3.9; nmult =    348
inout (power) : iter =    341 ; odelta = 3.102832e-05 ; dt =     3.9; nmult =    349
inout (power) : iter =    342 ; odelta = 3.057335e-05 ; dt =     3.9; nmult =    350
inout (power) : iter =    343 ; odelta = 3.015274e-05 ; dt =     3.9; nmult =    351
inout (power) : iter =    344 ; odelta = 2.972379e-05 ; dt =     4.0; nmult =    352
inout (power) : iter =    345 ; odelta = 2.928883e-05 ; dt =     4.0; nmult =    353
inout (power) : iter =    346 ; odelta = 2.888687e-05 ; dt =     4.0; nmult =    354
inout (power) : iter =    347 ; odelta = 2.847701e-05 ; dt =     4.0; nmult =    355
inout (power) : iter =    348 ; odelta = 2.806115e-05 ; dt =     4.0; nmult =    356
inout (power) : iter =    349 ; odelta = 2.767695e-05 ; dt =     4.0; nmult =    357
inout (power) : iter =    350 ; odelta = 2.728530e-05 ; dt =     4.0; nmult =    358
inout (power) : iter =    351 ; odelta = 2.688765e-05 ; dt =     4.0; nmult =    359
inout (power) : iter =    352 ; odelta = 2.652041e-05 ; dt =     4.1; nmult =    360
inout (power) : iter =    353 ; odelta = 2.614613e-05 ; dt =     4.1; nmult =    361
inout (power) : iter =    354 ; odelta = 2.576587e-05 ; dt =     4.1; nmult =    362
inout (power) : iter =    355 ; odelta = 2.541479e-05 ; dt =     4.1; nmult =    363
inout (power) : iter =    356 ; odelta = 2.505706e-05 ; dt =     4.1; nmult =    364
inout (power) : iter =    357 ; odelta = 2.469338e-05 ; dt =     4.1; nmult =    365
inout (power) : iter =    358 ; odelta = 2.435771e-05 ; dt =     4.1; nmult =    366
inout (power) : iter =    359 ; odelta = 2.401577e-05 ; dt =     4.1; nmult =    367
inout (power) : iter =    360 ; odelta = 2.366792e-05 ; dt =     4.1; nmult =    368
inout (power) : iter =    361 ; odelta = 2.334694e-05 ; dt =     4.2; nmult =    369
inout (power) : iter =    362 ; odelta = 2.302006e-05 ; dt =     4.2; nmult =    370
inout (power) : iter =    363 ; odelta = 2.268731e-05 ; dt =     4.2; nmult =    371
inout (power) : iter =    364 ; odelta = 2.238037e-05 ; dt =     4.2; nmult =    372
inout (power) : iter =    365 ; odelta = 2.206786e-05 ; dt =     4.2; nmult =    373
inout (power) : iter =    366 ; odelta = 2.174954e-05 ; dt =     4.2; nmult =    374
inout (power) : iter =    367 ; odelta = 2.145597e-05 ; dt =     4.2; nmult =    375
inout (power) : iter =    368 ; odelta = 2.115716e-05 ; dt =     4.2; nmult =    376
inout (power) : iter =    369 ; odelta = 2.085259e-05 ; dt =     4.2; nmult =    377
inout (power) : iter =    370 ; odelta = 2.057177e-05 ; dt =     4.3; nmult =    378
inout (power) : iter =    371 ; odelta = 2.028603e-05 ; dt =     4.3; nmult =    379
inout (power) : iter =    372 ; odelta = 1.999460e-05 ; dt =     4.3; nmult =    380
inout (power) : iter =    373 ; odelta = 1.972597e-05 ; dt =     4.3; nmult =    381
inout (power) : iter =    374 ; odelta = 1.945272e-05 ; dt =     4.3; nmult =    382
inout (power) : iter =    375 ; odelta = 1.917383e-05 ; dt =     4.3; nmult =    383
inout (power) : iter =    376 ; odelta = 1.891682e-05 ; dt =     4.3; nmult =    384
inout (power) : iter =    377 ; odelta = 1.865546e-05 ; dt =     4.3; nmult =    385
inout (power) : iter =    378 ; odelta = 1.838854e-05 ; dt =     4.3; nmult =    386
inout (power) : iter =    379 ; odelta = 1.814262e-05 ; dt =     4.4; nmult =    387
inout (power) : iter =    380 ; odelta = 1.789261e-05 ; dt =     4.4; nmult =    388
inout (power) : iter =    381 ; odelta = 1.763712e-05 ; dt =     4.4; nmult =    389
inout (power) : iter =    382 ; odelta = 1.740177e-05 ; dt =     4.4; nmult =    390
inout (power) : iter =    383 ; odelta = 1.716260e-05 ; dt =     4.4; nmult =    391
inout (power) : iter =    384 ; odelta = 1.691803e-05 ; dt =     4.4; nmult =    392
inout (power) : iter =    385 ; odelta = 1.669279e-05 ; dt =     4.4; nmult =    393
inout (power) : iter =    386 ; odelta = 1.646528e-05 ; dt =     4.4; nmult =    394
inout (power) : iter =    387 ; odelta = 1.623117e-05 ; dt =     4.4; nmult =    395
inout (power) : iter =    388 ; odelta = 1.601700e-05 ; dt =     4.5; nmult =    396
inout (power) : iter =    389 ; odelta = 1.580730e-05 ; dt =     4.5; nmult =    397
inout (power) : iter =    390 ; odelta = 1.558303e-05 ; dt =     4.5; nmult =    398
inout (power) : iter =    391 ; odelta = 1.537780e-05 ; dt =     4.5; nmult =    399
inout (power) : iter =    392 ; odelta = 1.517692e-05 ; dt =     4.5; nmult =    400
inout (power) : iter =    393 ; odelta = 1.496207e-05 ; dt =     4.5; nmult =    401
inout (power) : iter =    394 ; odelta = 1.476537e-05 ; dt =     4.5; nmult =    402
inout (power) : iter =    395 ; odelta = 1.457293e-05 ; dt =     4.5; nmult =    403
inout (power) : iter =    396 ; odelta = 1.436708e-05 ; dt =     4.5; nmult =    404
inout (power) : iter =    397 ; odelta = 1.417854e-05 ; dt =     4.6; nmult =    405
inout (power) : iter =    398 ; odelta = 1.399416e-05 ; dt =     4.6; nmult =    406
inout (power) : iter =    399 ; odelta = 1.379691e-05 ; dt =     4.6; nmult =    407
inout (power) : iter =    400 ; odelta = 1.361618e-05 ; dt =     4.6; nmult =    408
inout (power) : iter =    401 ; odelta = 1.343950e-05 ; dt =     4.6; nmult =    409
inout (power) : iter =    402 ; odelta = 1.325049e-05 ; dt =     4.6; nmult =    410
inout (power) : iter =    403 ; odelta = 1.307722e-05 ; dt =     4.6; nmult =    411
inout (power) : iter =    404 ; odelta = 1.290791e-05 ; dt =     4.6; nmult =    412
inout (power) : iter =    405 ; odelta = 1.272676e-05 ; dt =     4.6; nmult =    413
inout (power) : iter =    406 ; odelta = 1.256064e-05 ; dt =     4.7; nmult =    414
inout (power) : iter =    407 ; odelta = 1.239836e-05 ; dt =     4.7; nmult =    415
inout (power) : iter =    408 ; odelta = 1.222474e-05 ; dt =     4.7; nmult =    416
inout (power) : iter =    409 ; odelta = 1.206545e-05 ; dt =     4.7; nmult =    417
inout (power) : iter =    410 ; odelta = 1.190991e-05 ; dt =     4.7; nmult =    418
inout (power) : iter =    411 ; odelta = 1.174348e-05 ; dt =     4.7; nmult =    419
inout (power) : iter =    412 ; odelta = 1.159073e-05 ; dt =     4.7; nmult =    420
inout (power) : iter =    413 ; odelta = 1.144163e-05 ; dt =     4.7; nmult =    421
inout (power) : iter =    414 ; odelta = 1.128208e-05 ; dt =     4.7; nmult =    422
inout (power) : iter =    415 ; odelta = 1.113559e-05 ; dt =     4.8; nmult =    423
inout (power) : iter =    416 ; odelta = 1.099264e-05 ; dt =     4.8; nmult =    424
inout (power) : iter =    417 ; odelta = 1.083968e-05 ; dt =     4.8; nmult =    425
inout (power) : iter =    418 ; odelta = 1.069917e-05 ; dt =     4.8; nmult =    426
inout (power) : iter =    419 ; odelta = 1.056211e-05 ; dt =     4.8; nmult =    427
inout (power) : iter =    420 ; odelta = 1.041546e-05 ; dt =     4.8; nmult =    428
inout (power) : iter =    421 ; odelta = 1.028067e-05 ; dt =     4.8; nmult =    429
inout (power) : iter =    422 ; odelta = 1.014925e-05 ; dt =     4.8; nmult =    430
inout (power) : iter =    423 ; odelta = 1.000862e-05 ; dt =     4.8; nmult =    431
inout (power) : iter =    424 ; odelta = 9.879319e-06 ; dt =     4.9; nmult =    432
inout (power) : iter =    425 ; odelta = 9.753284e-06 ; dt =     4.9; nmult =    433
inout (power) : iter =    426 ; odelta = 9.618425e-06 ; dt =     4.9; nmult =    434
inout (power) : iter =    427 ; odelta = 9.494371e-06 ; dt =     4.9; nmult =    435
inout (power) : iter =    428 ; odelta = 9.373493e-06 ; dt =     4.9; nmult =    436
inout (power) : iter =    429 ; odelta = 9.244156e-06 ; dt =     4.9; nmult =    437
inout (power) : iter =    430 ; odelta = 9.125126e-06 ; dt =     4.9; nmult =    438
inout (power) : iter =    431 ; odelta = 9.009183e-06 ; dt =     4.9; nmult =    439
inout (power) : iter =    432 ; odelta = 8.885129e-06 ; dt =     5.0; nmult =    440
inout (power) : iter =    433 ; odelta = 8.770910e-06 ; dt =     5.0; nmult =    441
inout (power) : iter =    434 ; odelta = 8.659689e-06 ; dt =     5.0; nmult =    442
inout (power) : iter =    435 ; odelta = 8.540693e-06 ; dt =     5.0; nmult =    443
inout (power) : iter =    436 ; odelta = 8.431080e-06 ; dt =     5.0; nmult =    444
inout (power) : iter =    437 ; odelta = 8.324379e-06 ; dt =     5.0; nmult =    445
inout (power) : iter =    438 ; odelta = 8.210226e-06 ; dt =     5.0; nmult =    446
inout (power) : iter =    439 ; odelta = 8.105023e-06 ; dt =     5.0; nmult =    447
inout (power) : iter =    440 ; odelta = 8.002649e-06 ; dt =     5.0; nmult =    448
inout (power) : iter =    441 ; odelta = 7.893131e-06 ; dt =     5.1; nmult =    449
inout (power) : iter =    442 ; odelta = 7.792153e-06 ; dt =     5.1; nmult =    450
inout (power) : iter =    443 ; odelta = 7.693920e-06 ; dt =     5.1; nmult =    451
inout (power) : iter =    444 ; odelta = 7.588841e-06 ; dt =     5.1; nmult =    452
inout (power) : iter =    445 ; odelta = 7.491909e-06 ; dt =     5.1; nmult =    453
inout (power) : iter =    446 ; odelta = 7.397643e-06 ; dt =     5.1; nmult =    454
inout (power) : iter =    447 ; odelta = 7.296813e-06 ; dt =     5.1; nmult =    455
inout (power) : iter =    448 ; odelta = 7.203758e-06 ; dt =     5.1; nmult =    456
inout (power) : iter =    449 ; odelta = 7.113288e-06 ; dt =     5.1; nmult =    457
inout (power) : iter =    450 ; odelta = 7.016528e-06 ; dt =     5.2; nmult =    458
inout (power) : iter =    451 ; odelta = 6.927187e-06 ; dt =     5.2; nmult =    459
inout (power) : iter =    452 ; odelta = 6.840353e-06 ; dt =     5.2; nmult =    460
inout (power) : iter =    453 ; odelta = 6.747492e-06 ; dt =     5.2; nmult =    461
inout (power) : iter =    454 ; odelta = 6.661708e-06 ; dt =     5.2; nmult =    462
inout (power) : iter =    455 ; odelta = 6.578357e-06 ; dt =     5.2; nmult =    463
inout (power) : iter =    456 ; odelta = 6.489229e-06 ; dt =     5.2; nmult =    464
inout (power) : iter =    457 ; odelta = 6.406855e-06 ; dt =     5.2; nmult =    465
inout (power) : iter =    458 ; odelta = 6.326839e-06 ; dt =     5.2; nmult =    466
inout (power) : iter =    459 ; odelta = 6.241288e-06 ; dt =     5.3; nmult =    467
inout (power) : iter =    460 ; odelta = 6.162181e-06 ; dt =     5.3; nmult =    468
inout (power) : iter =    461 ; odelta = 6.085361e-06 ; dt =     5.3; nmult =    469
inout (power) : iter =    462 ; odelta = 6.003236e-06 ; dt =     5.3; nmult =    470
inout (power) : iter =    463 ; odelta = 5.927261e-06 ; dt =     5.3; nmult =    471
inout (power) : iter =    464 ; odelta = 5.853501e-06 ; dt =     5.3; nmult =    472
inout (power) : iter =    465 ; odelta = 5.774659e-06 ; dt =     5.3; nmult =    473
inout (power) : iter =    466 ; odelta = 5.701686e-06 ; dt =     5.3; nmult =    474
inout (power) : iter =    467 ; odelta = 5.630858e-06 ; dt =     5.3; nmult =    475
inout (power) : iter =    468 ; odelta = 5.555162e-06 ; dt =     5.4; nmult =    476
inout (power) : iter =    469 ; odelta = 5.485066e-06 ; dt =     5.4; nmult =    477
inout (power) : iter =    470 ; odelta = 5.417049e-06 ; dt =     5.4; nmult =    478
inout (power) : iter =    471 ; odelta = 5.344367e-06 ; dt =     5.4; nmult =    479
inout (power) : iter =    472 ; odelta = 5.277029e-06 ; dt =     5.4; nmult =    480
inout (power) : iter =    473 ; odelta = 5.211705e-06 ; dt =     5.4; nmult =    481
inout (power) : iter =    474 ; odelta = 5.141912e-06 ; dt =     5.4; nmult =    482
inout (power) : iter =    475 ; odelta = 5.077219e-06 ; dt =     5.4; nmult =    483
inout (power) : iter =    476 ; odelta = 5.014476e-06 ; dt =     5.4; nmult =    484
inout (power) : iter =    477 ; odelta = 4.947452e-06 ; dt =     5.5; nmult =    485
inout (power) : iter =    478 ; odelta = 4.885294e-06 ; dt =     5.5; nmult =    486
inout (power) : iter =    479 ; odelta = 4.825025e-06 ; dt =     5.5; nmult =    487
inout (power) : iter =    480 ; odelta = 4.760655e-06 ; dt =     5.5; nmult =    488
inout (power) : iter =    481 ; odelta = 4.700930e-06 ; dt =     5.5; nmult =    489
inout (power) : iter =    482 ; odelta = 4.643032e-06 ; dt =     5.5; nmult =    490
inout (power) : iter =    483 ; odelta = 4.581206e-06 ; dt =     5.5; nmult =    491
inout (power) : iter =    484 ; odelta = 4.523813e-06 ; dt =     5.5; nmult =    492
inout (power) : iter =    485 ; odelta = 4.468188e-06 ; dt =     5.5; nmult =    493
inout (power) : iter =    486 ; odelta = 4.408802e-06 ; dt =     5.6; nmult =    494
inout (power) : iter =    487 ; odelta = 4.353646e-06 ; dt =     5.6; nmult =    495
inout (power) : iter =    488 ; odelta = 4.300201e-06 ; dt =     5.6; nmult =    496
inout (power) : iter =    489 ; odelta = 4.243153e-06 ; dt =     5.6; nmult =    497
inout (power) : iter =    490 ; odelta = 4.190142e-06 ; dt =     5.6; nmult =    498
inout (power) : iter =    491 ; odelta = 4.138788e-06 ; dt =     5.6; nmult =    499
inout (power) : iter =    492 ; odelta = 4.083982e-06 ; dt =     5.6; nmult =    500
inout (power) : iter =    493 ; odelta = 4.033030e-06 ; dt =     5.6; nmult =    501
inout (power) : iter =    494 ; odelta = 3.983680e-06 ; dt =     5.6; nmult =    502
inout (power) : iter =    495 ; odelta = 3.931024e-06 ; dt =     5.7; nmult =    503
inout (power) : iter =    496 ; odelta = 3.882048e-06 ; dt =     5.7; nmult =    504
inout (power) : iter =    497 ; odelta = 3.834621e-06 ; dt =     5.7; nmult =    505
inout (power) : iter =    498 ; odelta = 3.784028e-06 ; dt =     5.7; nmult =    506
inout (power) : iter =    499 ; odelta = 3.736949e-06 ; dt =     5.7; nmult =    507
inout (power) : iter =    500 ; odelta = 3.691366e-06 ; dt =     5.7; nmult =    508
inout (power) : iter =    501 ; odelta = 3.642751e-06 ; dt =     5.7; nmult =    509
inout (power) : iter =    502 ; odelta = 3.597490e-06 ; dt =     5.7; nmult =    510
inout (power) : iter =    503 ; odelta = 3.553675e-06 ; dt =     5.7; nmult =    511
inout (power) : iter =    504 ; odelta = 3.506957e-06 ; dt =     5.8; nmult =    512
inout (power) : iter =    505 ; odelta = 3.463441e-06 ; dt =     5.8; nmult =    513
inout (power) : iter =    506 ; odelta = 3.421323e-06 ; dt =     5.8; nmult =    514
inout (power) : iter =    507 ; odelta = 3.376425e-06 ; dt =     5.8; nmult =    515
inout (power) : iter =    508 ; odelta = 3.334584e-06 ; dt =     5.8; nmult =    516
inout (power) : iter =    509 ; odelta = 3.294093e-06 ; dt =     5.8; nmult =    517
inout (power) : iter =    510 ; odelta = 3.250941e-06 ; dt =     5.8; nmult =    518
inout (power) : iter =    511 ; odelta = 3.210707e-06 ; dt =     5.8; nmult =    519
inout (power) : iter =    512 ; odelta = 3.171778e-06 ; dt =     5.8; nmult =    520
inout (power) : iter =    513 ; odelta = 3.130301e-06 ; dt =     5.9; nmult =    521
inout (power) : iter =    514 ; odelta = 3.091610e-06 ; dt =     5.9; nmult =    522
inout (power) : iter =    515 ; odelta = 3.054180e-06 ; dt =     5.9; nmult =    523
inout (power) : iter =    516 ; odelta = 3.014310e-06 ; dt =     5.9; nmult =    524
inout (power) : iter =    517 ; odelta = 2.977101e-06 ; dt =     5.9; nmult =    525
inout (power) : iter =    518 ; odelta = 2.941109e-06 ; dt =     5.9; nmult =    526
inout (power) : iter =    519 ; odelta = 2.902781e-06 ; dt =     5.9; nmult =    527
inout (power) : iter =    520 ; odelta = 2.866994e-06 ; dt =     5.9; nmult =    528
inout (power) : iter =    521 ; odelta = 2.832382e-06 ; dt =     6.0; nmult =    529
inout (power) : iter =    522 ; odelta = 2.795535e-06 ; dt =     6.0; nmult =    530
inout (power) : iter =    523 ; odelta = 2.761113e-06 ; dt =     6.0; nmult =    531
inout (power) : iter =    524 ; odelta = 2.727826e-06 ; dt =     6.0; nmult =    532
inout (power) : iter =    525 ; odelta = 2.692399e-06 ; dt =     6.0; nmult =    533
inout (power) : iter =    526 ; odelta = 2.659288e-06 ; dt =     6.0; nmult =    534
inout (power) : iter =    527 ; odelta = 2.627274e-06 ; dt =     6.0; nmult =    535
inout (power) : iter =    528 ; odelta = 2.593210e-06 ; dt =     6.0; nmult =    536
inout (power) : iter =    529 ; odelta = 2.561358e-06 ; dt =     6.0; nmult =    537
inout (power) : iter =    530 ; odelta = 2.530565e-06 ; dt =     6.1; nmult =    538
inout (power) : iter =    531 ; odelta = 2.497810e-06 ; dt =     6.1; nmult =    539
inout (power) : iter =    532 ; odelta = 2.467167e-06 ; dt =     6.1; nmult =    540
inout (power) : iter =    533 ; odelta = 2.437546e-06 ; dt =     6.1; nmult =    541
inout (power) : iter =    534 ; odelta = 2.406048e-06 ; dt =     6.1; nmult =    542
inout (power) : iter =    535 ; odelta = 2.376567e-06 ; dt =     6.1; nmult =    543
inout (power) : iter =    536 ; odelta = 2.348071e-06 ; dt =     6.1; nmult =    544
inout (power) : iter =    537 ; odelta = 2.317779e-06 ; dt =     6.1; nmult =    545
inout (power) : iter =    538 ; odelta = 2.289414e-06 ; dt =     6.1; nmult =    546
inout (power) : iter =    539 ; odelta = 2.261999e-06 ; dt =     6.2; nmult =    547
inout (power) : iter =    540 ; odelta = 2.232865e-06 ; dt =     6.2; nmult =    548
inout (power) : iter =    541 ; odelta = 2.205571e-06 ; dt =     6.2; nmult =    549
inout (power) : iter =    542 ; odelta = 2.179195e-06 ; dt =     6.2; nmult =    550
inout (power) : iter =    543 ; odelta = 2.151173e-06 ; dt =     6.2; nmult =    551
inout (power) : iter =    544 ; odelta = 2.124909e-06 ; dt =     6.2; nmult =    552
inout (power) : iter =    545 ; odelta = 2.099530e-06 ; dt =     6.2; nmult =    553
inout (power) : iter =    546 ; odelta = 2.072575e-06 ; dt =     6.2; nmult =    554
inout (power) : iter =    547 ; odelta = 2.047300e-06 ; dt =     6.2; nmult =    555
inout (power) : iter =    548 ; odelta = 2.022879e-06 ; dt =     6.3; nmult =    556
inout (power) : iter =    549 ; odelta = 1.996950e-06 ; dt =     6.3; nmult =    557
inout (power) : iter =    550 ; odelta = 1.972626e-06 ; dt =     6.3; nmult =    558
inout (power) : iter =    551 ; odelta = 1.949124e-06 ; dt =     6.3; nmult =    559
inout (power) : iter =    552 ; odelta = 1.924180e-06 ; dt =     6.3; nmult =    560
inout (power) : iter =    553 ; odelta = 1.900769e-06 ; dt =     6.3; nmult =    561
inout (power) : iter =    554 ; odelta = 1.878151e-06 ; dt =     6.3; nmult =    562
inout (power) : iter =    555 ; odelta = 1.854154e-06 ; dt =     6.3; nmult =    563
inout (power) : iter =    556 ; odelta = 1.831620e-06 ; dt =     6.3; nmult =    564
inout (power) : iter =    557 ; odelta = 1.809851e-06 ; dt =     6.4; nmult =    565
inout (power) : iter =    558 ; odelta = 1.786762e-06 ; dt =     6.4; nmult =    566
inout (power) : iter =    559 ; odelta = 1.765072e-06 ; dt =     6.4; nmult =    567
inout (power) : iter =    560 ; odelta = 1.744120e-06 ; dt =     6.4; nmult =    568
inout (power) : iter =    561 ; odelta = 1.721903e-06 ; dt =     6.4; nmult =    569
inout (power) : iter =    562 ; odelta = 1.701024e-06 ; dt =     6.4; nmult =    570
inout (power) : iter =    563 ; odelta = 1.680856e-06 ; dt =     6.4; nmult =    571
inout (power) : iter =    564 ; odelta = 1.659481e-06 ; dt =     6.4; nmult =    572
inout (power) : iter =    565 ; odelta = 1.639384e-06 ; dt =     6.4; nmult =    573
inout (power) : iter =    566 ; odelta = 1.619972e-06 ; dt =     6.5; nmult =    574
inout (power) : iter =    567 ; odelta = 1.599403e-06 ; dt =     6.5; nmult =    575
inout (power) : iter =    568 ; odelta = 1.580055e-06 ; dt =     6.5; nmult =    576
inout (power) : iter =    569 ; odelta = 1.561367e-06 ; dt =     6.5; nmult =    577
inout (power) : iter =    570 ; odelta = 1.541573e-06 ; dt =     6.5; nmult =    578
inout (power) : iter =    571 ; odelta = 1.522945e-06 ; dt =     6.5; nmult =    579
inout (power) : iter =    572 ; odelta = 1.504953e-06 ; dt =     6.5; nmult =    580
inout (power) : iter =    573 ; odelta = 1.485903e-06 ; dt =     6.5; nmult =    581
inout (power) : iter =    574 ; odelta = 1.467967e-06 ; dt =     6.5; nmult =    582
inout (power) : iter =    575 ; odelta = 1.450645e-06 ; dt =     6.6; nmult =    583
inout (power) : iter =    576 ; odelta = 1.432310e-06 ; dt =     6.6; nmult =    584
inout (power) : iter =    577 ; odelta = 1.415041e-06 ; dt =     6.6; nmult =    585
inout (power) : iter =    578 ; odelta = 1.398362e-06 ; dt =     6.6; nmult =    586
inout (power) : iter =    579 ; odelta = 1.380920e-06 ; dt =     6.6; nmult =    587
inout (power) : iter =    580 ; odelta = 1.364288e-06 ; dt =     6.6; nmult =    588
inout (power) : iter =    581 ; odelta = 1.348158e-06 ; dt =     6.6; nmult =    589
inout (power) : iter =    582 ; odelta = 1.332162e-06 ; dt =     6.6; nmult =    590
inout (power) : iter =    583 ; odelta = 1.316137e-06 ; dt =     6.6; nmult =    591
inout (power) : iter =    584 ; odelta = 1.300587e-06 ; dt =     6.7; nmult =    592
inout (power) : iter =    585 ; odelta = 1.285175e-06 ; dt =     6.7; nmult =    593
inout (power) : iter =    586 ; odelta = 1.269734e-06 ; dt =     6.7; nmult =    594
inout (power) : iter =    587 ; odelta = 1.254746e-06 ; dt =     6.7; nmult =    595
inout (power) : iter =    588 ; odelta = 1.239901e-06 ; dt =     6.7; nmult =    596
inout (power) : iter =    589 ; odelta = 1.225028e-06 ; dt =     6.7; nmult =    597
inout (power) : iter =    590 ; odelta = 1.210584e-06 ; dt =     6.7; nmult =    598
inout (power) : iter =    591 ; odelta = 1.196291e-06 ; dt =     6.7; nmult =    599
inout (power) : iter =    592 ; odelta = 1.181987e-06 ; dt =     6.7; nmult =    600
inout (power) : iter =    593 ; odelta = 1.168102e-06 ; dt =     6.8; nmult =    601
inout (power) : iter =    594 ; odelta = 1.154385e-06 ; dt =     6.8; nmult =    602
inout (power) : iter =    595 ; odelta = 1.140666e-06 ; dt =     6.8; nmult =    603
inout (power) : iter =    596 ; odelta = 1.127334e-06 ; dt =     6.8; nmult =    604
inout (power) : iter =    597 ; odelta = 1.114152e-06 ; dt =     6.8; nmult =    605
inout (power) : iter =    598 ; odelta = 1.100939e-06 ; dt =     6.8; nmult =    606
inout (power) : iter =    599 ; odelta = 1.088090e-06 ; dt =     6.8; nmult =    607
inout (power) : iter =    600 ; odelta = 1.075399e-06 ; dt =     6.8; nmult =    608
inout (power) : iter =    601 ; odelta = 1.062678e-06 ; dt =     6.8; nmult =    609
inout (power) : iter =    602 ; odelta = 1.050294e-06 ; dt =     6.9; nmult =    610
inout (power) : iter =    603 ; odelta = 1.038058e-06 ; dt =     6.9; nmult =    611
inout (power) : iter =    604 ; odelta = 1.025791e-06 ; dt =     6.9; nmult =    612
inout (power) : iter =    605 ; odelta = 1.013843e-06 ; dt =     6.9; nmult =    613
inout (power) : iter =    606 ; odelta = 1.002044e-06 ; dt =     6.9; nmult =    614
inout (power) : iter =    607 ; odelta = 9.902150e-07 ; dt =     6.9; nmult =    615
inout (power) : iter =    608 ; odelta = 9.786872e-07 ; dt =     6.9; nmult =    616
inout (power) : iter =    609 ; odelta = 9.673090e-07 ; dt =     6.9; nmult =    617
inout (power) : iter =    610 ; odelta = 9.559024e-07 ; dt =     7.0; nmult =    618
inout (power) : iter =    611 ; odelta = 9.447795e-07 ; dt =     7.0; nmult =    619
inout (power) : iter =    612 ; odelta = 9.338069e-07 ; dt =     7.0; nmult =    620
inout (power) : iter =    613 ; odelta = 9.228066e-07 ; dt =     7.0; nmult =    621
inout (power) : iter =    614 ; odelta = 9.120742e-07 ; dt =     7.0; nmult =    622
inout (power) : iter =    615 ; odelta = 9.014920e-07 ; dt =     7.0; nmult =    623
inout (power) : iter =    616 ; odelta = 8.908833e-07 ; dt =     7.0; nmult =    624
inout (power) : iter =    617 ; odelta = 8.805271e-07 ; dt =     7.0; nmult =    625
inout (power) : iter =    618 ; odelta = 8.703211e-07 ; dt =     7.0; nmult =    626
inout (power) : iter =    619 ; odelta = 8.600896e-07 ; dt =     7.1; nmult =    627
inout (power) : iter =    620 ; odelta = 8.500961e-07 ; dt =     7.1; nmult =    628
inout (power) : iter =    621 ; odelta = 8.402525e-07 ; dt =     7.1; nmult =    629
inout (power) : iter =    622 ; odelta = 8.303843e-07 ; dt =     7.1; nmult =    630
inout (power) : iter =    623 ; odelta = 8.207404e-07 ; dt =     7.1; nmult =    631
inout (power) : iter =    624 ; odelta = 8.112458e-07 ; dt =     7.1; nmult =    632
inout (power) : iter =    625 ; odelta = 8.017278e-07 ; dt =     7.1; nmult =    633
inout (power) : iter =    626 ; odelta = 7.924209e-07 ; dt =     7.1; nmult =    634
inout (power) : iter =    627 ; odelta = 7.832626e-07 ; dt =     7.1; nmult =    635
inout (power) : iter =    628 ; odelta = 7.740819e-07 ; dt =     7.2; nmult =    636
inout (power) : iter =    629 ; odelta = 7.650999e-07 ; dt =     7.2; nmult =    637
inout (power) : iter =    630 ; odelta = 7.562657e-07 ; dt =     7.2; nmult =    638
inout (power) : iter =    631 ; odelta = 7.474100e-07 ; dt =     7.2; nmult =    639
inout (power) : iter =    632 ; odelta = 7.387413e-07 ; dt =     7.2; nmult =    640
inout (power) : iter =    633 ; odelta = 7.302192e-07 ; dt =     7.2; nmult =    641
inout (power) : iter =    634 ; odelta = 7.216768e-07 ; dt =     7.2; nmult =    642
inout (power) : iter =    635 ; odelta = 7.133101e-07 ; dt =     7.2; nmult =    643
inout (power) : iter =    636 ; odelta = 7.050888e-07 ; dt =     7.2; nmult =    644
inout (power) : iter =    637 ; odelta = 6.968483e-07 ; dt =     7.3; nmult =    645
inout (power) : iter =    638 ; odelta = 6.887728e-07 ; dt =     7.3; nmult =    646
inout (power) : iter =    639 ; odelta = 6.808414e-07 ; dt =     7.3; nmult =    647
inout (power) : iter =    640 ; odelta = 6.728917e-07 ; dt =     7.3; nmult =    648
inout (power) : iter =    641 ; odelta = 6.650971e-07 ; dt =     7.3; nmult =    649
inout (power) : iter =    642 ; odelta = 6.574450e-07 ; dt =     7.3; nmult =    650
inout (power) : iter =    643 ; odelta = 6.497757e-07 ; dt =     7.3; nmult =    651
inout (power) : iter =    644 ; odelta = 6.422519e-07 ; dt =     7.3; nmult =    652
inout (power) : iter =    645 ; odelta = 6.348690e-07 ; dt =     7.3; nmult =    653
inout (power) : iter =    646 ; odelta = 6.274699e-07 ; dt =     7.4; nmult =    654
inout (power) : iter =    647 ; odelta = 6.202073e-07 ; dt =     7.4; nmult =    655
inout (power) : iter =    648 ; odelta = 6.130838e-07 ; dt =     7.4; nmult =    656
inout (power) : iter =    649 ; odelta = 6.059452e-07 ; dt =     7.4; nmult =    657
inout (power) : iter =    650 ; odelta = 5.989344e-07 ; dt =     7.4; nmult =    658
inout (power) : iter =    651 ; odelta = 5.920609e-07 ; dt =     7.4; nmult =    659
inout (power) : iter =    652 ; odelta = 5.851734e-07 ; dt =     7.4; nmult =    660
inout (power) : iter =    653 ; odelta = 5.784055e-07 ; dt =     7.4; nmult =    661
inout (power) : iter =    654 ; odelta = 5.717731e-07 ; dt =     7.4; nmult =    662
inout (power) : iter =    655 ; odelta = 5.651276e-07 ; dt =     7.5; nmult =    663
inout (power) : iter =    656 ; odelta = 5.585940e-07 ; dt =     7.5; nmult =    664
inout (power) : iter =    657 ; odelta = 5.521939e-07 ; dt =     7.5; nmult =    665
inout (power) : iter =    658 ; odelta = 5.457816e-07 ; dt =     7.5; nmult =    666
inout (power) : iter =    659 ; odelta = 5.394740e-07 ; dt =     7.5; nmult =    667
inout (power) : iter =    660 ; odelta = 5.332979e-07 ; dt =     7.5; nmult =    668
inout (power) : iter =    661 ; odelta = 5.271106e-07 ; dt =     7.5; nmult =    669
inout (power) : iter =    662 ; odelta = 5.210209e-07 ; dt =     7.5; nmult =    670
inout (power) : iter =    663 ; odelta = 5.150607e-07 ; dt =     7.5; nmult =    671
inout (power) : iter =    664 ; odelta = 5.090902e-07 ; dt =     7.6; nmult =    672
inout (power) : iter =    665 ; odelta = 5.032109e-07 ; dt =     7.6; nmult =    673
inout (power) : iter =    666 ; odelta = 4.974588e-07 ; dt =     7.6; nmult =    674
inout (power) : iter =    667 ; odelta = 4.916973e-07 ; dt =     7.6; nmult =    675
inout (power) : iter =    668 ; odelta = 4.860208e-07 ; dt =     7.6; nmult =    676
inout (power) : iter =    669 ; odelta = 4.804694e-07 ; dt =     7.6; nmult =    677
inout (power) : iter =    670 ; odelta = 4.749095e-07 ; dt =     7.6; nmult =    678
inout (power) : iter =    671 ; odelta = 4.694287e-07 ; dt =     7.6; nmult =    679
inout (power) : iter =    672 ; odelta = 4.640708e-07 ; dt =     7.6; nmult =    680
inout (power) : iter =    673 ; odelta = 4.587052e-07 ; dt =     7.7; nmult =    681
inout (power) : iter =    674 ; odelta = 4.534132e-07 ; dt =     7.7; nmult =    682
inout (power) : iter =    675 ; odelta = 4.482418e-07 ; dt =     7.7; nmult =    683
inout (power) : iter =    676 ; odelta = 4.430637e-07 ; dt =     7.7; nmult =    684
inout (power) : iter =    677 ; odelta = 4.379538e-07 ; dt =     7.7; nmult =    685
inout (power) : iter =    678 ; odelta = 4.329624e-07 ; dt =     7.7; nmult =    686
inout (power) : iter =    679 ; odelta = 4.279654e-07 ; dt =     7.7; nmult =    687
inout (power) : iter =    680 ; odelta = 4.230337e-07 ; dt =     7.7; nmult =    688
inout (power) : iter =    681 ; odelta = 4.182201e-07 ; dt =     7.7; nmult =    689
inout (power) : iter =    682 ; odelta = 4.134015e-07 ; dt =     7.8; nmult =    690
inout (power) : iter =    683 ; odelta = 4.086413e-07 ; dt =     7.8; nmult =    691
inout (power) : iter =    684 ; odelta = 4.039950e-07 ; dt =     7.8; nmult =    692
inout (power) : iter =    685 ; odelta = 3.993440e-07 ; dt =     7.8; nmult =    693
inout (power) : iter =    686 ; odelta = 3.947472e-07 ; dt =     7.8; nmult =    694
inout (power) : iter =    687 ; odelta = 3.902618e-07 ; dt =     7.8; nmult =    695
inout (power) : iter =    688 ; odelta = 3.857726e-07 ; dt =     7.8; nmult =    696
inout (power) : iter =    689 ; odelta = 3.813334e-07 ; dt =     7.8; nmult =    697
inout (power) : iter =    690 ; odelta = 3.770033e-07 ; dt =     7.9; nmult =    698
inout (power) : iter =    691 ; odelta = 3.726702e-07 ; dt =     7.9; nmult =    699
inout (power) : iter =    692 ; odelta = 3.683829e-07 ; dt =     7.9; nmult =    700
inout (power) : iter =    693 ; odelta = 3.642027e-07 ; dt =     7.9; nmult =    701
inout (power) : iter =    694 ; odelta = 3.600200e-07 ; dt =     7.9; nmult =    702
inout (power) : iter =    695 ; odelta = 3.558796e-07 ; dt =     7.9; nmult =    703
inout (power) : iter =    696 ; odelta = 3.518438e-07 ; dt =     7.9; nmult =    704
inout (power) : iter =    697 ; odelta = 3.478062e-07 ; dt =     7.9; nmult =    705
inout (power) : iter =    698 ; odelta = 3.438074e-07 ; dt =     7.9; nmult =    706
inout (power) : iter =    699 ; odelta = 3.399111e-07 ; dt =     8.0; nmult =    707
inout (power) : iter =    700 ; odelta = 3.360135e-07 ; dt =     8.0; nmult =    708
inout (power) : iter =    701 ; odelta = 3.321514e-07 ; dt =     8.0; nmult =    709
inout (power) : iter =    702 ; odelta = 3.283895e-07 ; dt =     8.0; nmult =    710
inout (power) : iter =    703 ; odelta = 3.246269e-07 ; dt =     8.0; nmult =    711
inout (power) : iter =    704 ; odelta = 3.208967e-07 ; dt =     8.0; nmult =    712
inout (power) : iter =    705 ; odelta = 3.172645e-07 ; dt =     8.0; nmult =    713
inout (power) : iter =    706 ; odelta = 3.136322e-07 ; dt =     8.0; nmult =    714
inout (power) : iter =    707 ; odelta = 3.100294e-07 ; dt =     8.0; nmult =    715
inout (power) : iter =    708 ; odelta = 3.065223e-07 ; dt =     8.1; nmult =    716
inout (power) : iter =    709 ; odelta = 3.030157e-07 ; dt =     8.1; nmult =    717
inout (power) : iter =    710 ; odelta = 2.995358e-07 ; dt =     8.1; nmult =    718
inout (power) : iter =    711 ; odelta = 2.961494e-07 ; dt =     8.1; nmult =    719
inout (power) : iter =    712 ; odelta = 2.927640e-07 ; dt =     8.1; nmult =    720
inout (power) : iter =    713 ; odelta = 2.894027e-07 ; dt =     8.1; nmult =    721
inout (power) : iter =    714 ; odelta = 2.861329e-07 ; dt =     8.1; nmult =    722
inout (power) : iter =    715 ; odelta = 2.828644e-07 ; dt =     8.1; nmult =    723
inout (power) : iter =    716 ; odelta = 2.796177e-07 ; dt =     8.1; nmult =    724
inout (power) : iter =    717 ; odelta = 2.764602e-07 ; dt =     8.2; nmult =    725
inout (power) : iter =    718 ; odelta = 2.733045e-07 ; dt =     8.2; nmult =    726
inout (power) : iter =    719 ; odelta = 2.701684e-07 ; dt =     8.2; nmult =    727
inout (power) : iter =    720 ; odelta = 2.671193e-07 ; dt =     8.2; nmult =    728
inout (power) : iter =    721 ; odelta = 2.640725e-07 ; dt =     8.2; nmult =    729
inout (power) : iter =    722 ; odelta = 2.610431e-07 ; dt =     8.2; nmult =    730
inout (power) : iter =    723 ; odelta = 2.580986e-07 ; dt =     8.2; nmult =    731
inout (power) : iter =    724 ; odelta = 2.551569e-07 ; dt =     8.2; nmult =    732
inout (power) : iter =    725 ; odelta = 2.522305e-07 ; dt =     8.2; nmult =    733
inout (power) : iter =    726 ; odelta = 2.493870e-07 ; dt =     8.3; nmult =    734
inout (power) : iter =    727 ; odelta = 2.465466e-07 ; dt =     8.3; nmult =    735
inout (power) : iter =    728 ; odelta = 2.437197e-07 ; dt =     8.3; nmult =    736
inout (power) : iter =    729 ; odelta = 2.409736e-07 ; dt =     8.3; nmult =    737
inout (power) : iter =    730 ; odelta = 2.382310e-07 ; dt =     8.3; nmult =    738
inout (power) : iter =    731 ; odelta = 2.355001e-07 ; dt =     8.3; nmult =    739
inout (power) : iter =    732 ; odelta = 2.328480e-07 ; dt =     8.3; nmult =    740
inout (power) : iter =    733 ; odelta = 2.301998e-07 ; dt =     8.3; nmult =    741
inout (power) : iter =    734 ; odelta = 2.275616e-07 ; dt =     8.3; nmult =    742
inout (power) : iter =    735 ; odelta = 2.250003e-07 ; dt =     8.4; nmult =    743
inout (power) : iter =    736 ; odelta = 2.224431e-07 ; dt =     8.4; nmult =    744
inout (power) : iter =    737 ; odelta = 2.198944e-07 ; dt =     8.4; nmult =    745
inout (power) : iter =    738 ; odelta = 2.174207e-07 ; dt =     8.4; nmult =    746
inout (power) : iter =    739 ; odelta = 2.149514e-07 ; dt =     8.4; nmult =    747
inout (power) : iter =    740 ; odelta = 2.124891e-07 ; dt =     8.4; nmult =    748
inout (power) : iter =    741 ; odelta = 2.100999e-07 ; dt =     8.4; nmult =    749
inout (power) : iter =    742 ; odelta = 2.077154e-07 ; dt =     8.4; nmult =    750
inout (power) : iter =    743 ; odelta = 2.053366e-07 ; dt =     8.4; nmult =    751
inout (power) : iter =    744 ; odelta = 2.030289e-07 ; dt =     8.5; nmult =    752
inout (power) : iter =    745 ; odelta = 2.007263e-07 ; dt =     8.5; nmult =    753
inout (power) : iter =    746 ; odelta = 1.984280e-07 ; dt =     8.5; nmult =    754
inout (power) : iter =    747 ; odelta = 1.961991e-07 ; dt =     8.5; nmult =    755
inout (power) : iter =    748 ; odelta = 1.939754e-07 ; dt =     8.5; nmult =    756
inout (power) : iter =    749 ; odelta = 1.917550e-07 ; dt =     8.5; nmult =    757
inout (power) : iter =    750 ; odelta = 1.896020e-07 ; dt =     8.5; nmult =    758
inout (power) : iter =    751 ; odelta = 1.874546e-07 ; dt =     8.5; nmult =    759
inout (power) : iter =    752 ; odelta = 1.853093e-07 ; dt =     8.5; nmult =    760
inout (power) : iter =    753 ; odelta = 1.832297e-07 ; dt =     8.6; nmult =    761
inout (power) : iter =    754 ; odelta = 1.811558e-07 ; dt =     8.6; nmult =    762
inout (power) : iter =    755 ; odelta = 1.790831e-07 ; dt =     8.6; nmult =    763
inout (power) : iter =    756 ; odelta = 1.770743e-07 ; dt =     8.6; nmult =    764
inout (power) : iter =    757 ; odelta = 1.750714e-07 ; dt =     8.6; nmult =    765
inout (power) : iter =    758 ; odelta = 1.730687e-07 ; dt =     8.6; nmult =    766
inout (power) : iter =    759 ; odelta = 1.711283e-07 ; dt =     8.6; nmult =    767
inout (power) : iter =    760 ; odelta = 1.691939e-07 ; dt =     8.6; nmult =    768
inout (power) : iter =    761 ; odelta = 1.672589e-07 ; dt =     8.7; nmult =    769
inout (power) : iter =    762 ; odelta = 1.653844e-07 ; dt =     8.7; nmult =    770
inout (power) : iter =    763 ; odelta = 1.635162e-07 ; dt =     8.7; nmult =    771
inout (power) : iter =    764 ; odelta = 1.616466e-07 ; dt =     8.7; nmult =    772
inout (power) : iter =    765 ; odelta = 1.598358e-07 ; dt =     8.7; nmult =    773
inout (power) : iter =    766 ; odelta = 1.580314e-07 ; dt =     8.7; nmult =    774
inout (power) : iter =    767 ; odelta = 1.562249e-07 ; dt =     8.7; nmult =    775
inout (power) : iter =    768 ; odelta = 1.544756e-07 ; dt =     8.7; nmult =    776
inout (power) : iter =    769 ; odelta = 1.527328e-07 ; dt =     8.7; nmult =    777
inout (power) : iter =    770 ; odelta = 1.509872e-07 ; dt =     8.8; nmult =    778
inout (power) : iter =    771 ; odelta = 1.492973e-07 ; dt =     8.8; nmult =    779
inout (power) : iter =    772 ; odelta = 1.476141e-07 ; dt =     8.8; nmult =    780
inout (power) : iter =    773 ; odelta = 1.459273e-07 ; dt =     8.8; nmult =    781
inout (power) : iter =    774 ; odelta = 1.442947e-07 ; dt =     8.8; nmult =    782
inout (power) : iter =    775 ; odelta = 1.426689e-07 ; dt =     8.8; nmult =    783
inout (power) : iter =    776 ; odelta = 1.410390e-07 ; dt =     8.8; nmult =    784
inout (power) : iter =    777 ; odelta = 1.394618e-07 ; dt =     8.8; nmult =    785
inout (power) : iter =    778 ; odelta = 1.378914e-07 ; dt =     8.8; nmult =    786
inout (power) : iter =    779 ; odelta = 1.363164e-07 ; dt =     8.9; nmult =    787
inout (power) : iter =    780 ; odelta = 1.347926e-07 ; dt =     8.9; nmult =    788
inout (power) : iter =    781 ; odelta = 1.332757e-07 ; dt =     8.9; nmult =    789
inout (power) : iter =    782 ; odelta = 1.317538e-07 ; dt =     8.9; nmult =    790
inout (power) : iter =    783 ; odelta = 1.302816e-07 ; dt =     8.9; nmult =    791
inout (power) : iter =    784 ; odelta = 1.288164e-07 ; dt =     8.9; nmult =    792
inout (power) : iter =    785 ; odelta = 1.273456e-07 ; dt =     8.9; nmult =    793
inout (power) : iter =    786 ; odelta = 1.259232e-07 ; dt =     8.9; nmult =    794
inout (power) : iter =    787 ; odelta = 1.245079e-07 ; dt =     8.9; nmult =    795
inout (power) : iter =    788 ; odelta = 1.230867e-07 ; dt =     9.0; nmult =    796
inout (power) : iter =    789 ; odelta = 1.217124e-07 ; dt =     9.0; nmult =    797
inout (power) : iter =    790 ; odelta = 1.203452e-07 ; dt =     9.0; nmult =    798
inout (power) : iter =    791 ; odelta = 1.189718e-07 ; dt =     9.0; nmult =    799
inout (power) : iter =    792 ; odelta = 1.176439e-07 ; dt =     9.0; nmult =    800
inout (power) : iter =    793 ; odelta = 1.163232e-07 ; dt =     9.0; nmult =    801
inout (power) : iter =    794 ; odelta = 1.149959e-07 ; dt =     9.0; nmult =    802
inout (power) : iter =    795 ; odelta = 1.137130e-07 ; dt =     9.0; nmult =    803
inout (power) : iter =    796 ; odelta = 1.124372e-07 ; dt =     9.0; nmult =    804
inout (power) : iter =    797 ; odelta = 1.111545e-07 ; dt =     9.1; nmult =    805
inout (power) : iter =    798 ; odelta = 1.099148e-07 ; dt =     9.1; nmult =    806
inout (power) : iter =    799 ; odelta = 1.086823e-07 ; dt =     9.1; nmult =    807
inout (power) : iter =    800 ; odelta = 1.074427e-07 ; dt =     9.1; nmult =    808
inout (power) : iter =    801 ; odelta = 1.062449e-07 ; dt =     9.1; nmult =    809
inout (power) : iter =    802 ; odelta = 1.050543e-07 ; dt =     9.1; nmult =    810
inout (power) : iter =    803 ; odelta = 1.038563e-07 ; dt =     9.1; nmult =    811
inout (power) : iter =    804 ; odelta = 1.026989e-07 ; dt =     9.1; nmult =    812
inout (power) : iter =    805 ; odelta = 1.015487e-07 ; dt =     9.1; nmult =    813
inout (power) : iter =    806 ; odelta = 1.003909e-07 ; dt =     9.2; nmult =    814
inout (power) : iter =    807 ; odelta = 9.927244e-08 ; dt =     9.2; nmult =    815
inout (power) : iter =    808 ; odelta = 9.816124e-08 ; dt =     9.2; nmult =    816
inout (power) : iter =    809 ; odelta = 9.704229e-08 ; dt =     9.2; nmult =    817
inout (power) : iter =    810 ; odelta = 9.596155e-08 ; dt =     9.2; nmult =    818
inout (power) : iter =    811 ; odelta = 9.488802e-08 ; dt =     9.2; nmult =    819
inout (power) : iter =    812 ; odelta = 9.380659e-08 ; dt =     9.2; nmult =    820
inout (power) : iter =    813 ; odelta = 9.276224e-08 ; dt =     9.2; nmult =    821
inout (power) : iter =    814 ; odelta = 9.172509e-08 ; dt =     9.2; nmult =    822
inout (power) : iter =    815 ; odelta = 9.067991e-08 ; dt =     9.3; nmult =    823
inout (power) : iter =    816 ; odelta = 8.967070e-08 ; dt =     9.3; nmult =    824
inout (power) : iter =    817 ; odelta = 8.866868e-08 ; dt =     9.3; nmult =    825
inout (power) : iter =    818 ; odelta = 8.765851e-08 ; dt =     9.3; nmult =    826
inout (power) : iter =    819 ; odelta = 8.668326e-08 ; dt =     9.3; nmult =    827
inout (power) : iter =    820 ; odelta = 8.571515e-08 ; dt =     9.3; nmult =    828
inout (power) : iter =    821 ; odelta = 8.473882e-08 ; dt =     9.3; nmult =    829
inout (power) : iter =    822 ; odelta = 8.379635e-08 ; dt =     9.3; nmult =    830
inout (power) : iter =    823 ; odelta = 8.286101e-08 ; dt =     9.3; nmult =    831
inout (power) : iter =    824 ; odelta = 8.191736e-08 ; dt =     9.4; nmult =    832
inout (power) : iter =    825 ; odelta = 8.100656e-08 ; dt =     9.4; nmult =    833
inout (power) : iter =    826 ; odelta = 8.010285e-08 ; dt =     9.4; nmult =    834
inout (power) : iter =    827 ; odelta = 7.919078e-08 ; dt =     9.4; nmult =    835
inout (power) : iter =    828 ; odelta = 7.831058e-08 ; dt =     9.4; nmult =    836
inout (power) : iter =    829 ; odelta = 7.743742e-08 ; dt =     9.4; nmult =    837
inout (power) : iter =    830 ; odelta = 7.655586e-08 ; dt =     9.4; nmult =    838
inout (power) : iter =    831 ; odelta = 7.570521e-08 ; dt =     9.4; nmult =    839
inout (power) : iter =    832 ; odelta = 7.486155e-08 ; dt =     9.4; nmult =    840
inout (power) : iter =    833 ; odelta = 7.400947e-08 ; dt =     9.5; nmult =    841
inout (power) : iter =    834 ; odelta = 7.318737e-08 ; dt =     9.5; nmult =    842
inout (power) : iter =    835 ; odelta = 7.237220e-08 ; dt =     9.5; nmult =    843
inout (power) : iter =    836 ; odelta = 7.154861e-08 ; dt =     9.5; nmult =    844
inout (power) : iter =    837 ; odelta = 7.075408e-08 ; dt =     9.5; nmult =    845
inout (power) : iter =    838 ; odelta = 6.996643e-08 ; dt =     9.5; nmult =    846
inout (power) : iter =    839 ; odelta = 6.917036e-08 ; dt =     9.5; nmult =    847
inout (power) : iter =    840 ; odelta = 6.840247e-08 ; dt =     9.5; nmult =    848
inout (power) : iter =    841 ; odelta = 6.764139e-08 ; dt =     9.5; nmult =    849
inout (power) : iter =    842 ; odelta = 6.687191e-08 ; dt =     9.6; nmult =    850
inout (power) : iter =    843 ; odelta = 6.612975e-08 ; dt =     9.6; nmult =    851
inout (power) : iter =    844 ; odelta = 6.539435e-08 ; dt =     9.6; nmult =    852
inout (power) : iter =    845 ; odelta = 6.465057e-08 ; dt =     9.6; nmult =    853
inout (power) : iter =    846 ; odelta = 6.393327e-08 ; dt =     9.6; nmult =    854
inout (power) : iter =    847 ; odelta = 6.322265e-08 ; dt =     9.6; nmult =    855
inout (power) : iter =    848 ; odelta = 6.250370e-08 ; dt =     9.6; nmult =    856
inout (power) : iter =    849 ; odelta = 6.181041e-08 ; dt =     9.6; nmult =    857
inout (power) : iter =    850 ; odelta = 6.112375e-08 ; dt =     9.7; nmult =    858
inout (power) : iter =    851 ; odelta = 6.042878e-08 ; dt =     9.7; nmult =    859
inout (power) : iter =    852 ; odelta = 5.975870e-08 ; dt =     9.7; nmult =    860
inout (power) : iter =    853 ; odelta = 5.909516e-08 ; dt =     9.7; nmult =    861
inout (power) : iter =    854 ; odelta = 5.842338e-08 ; dt =     9.7; nmult =    862
inout (power) : iter =    855 ; odelta = 5.777572e-08 ; dt =     9.7; nmult =    863
inout (power) : iter =    856 ; odelta = 5.713452e-08 ; dt =     9.7; nmult =    864
inout (power) : iter =    857 ; odelta = 5.648514e-08 ; dt =     9.7; nmult =    865
inout (power) : iter =    858 ; odelta = 5.585913e-08 ; dt =     9.7; nmult =    866
inout (power) : iter =    859 ; odelta = 5.523951e-08 ; dt =     9.8; nmult =    867
inout (power) : iter =    860 ; odelta = 5.461178e-08 ; dt =     9.8; nmult =    868
inout (power) : iter =    861 ; odelta = 5.400669e-08 ; dt =     9.8; nmult =    869
inout (power) : iter =    862 ; odelta = 5.340792e-08 ; dt =     9.8; nmult =    870
inout (power) : iter =    863 ; odelta = 5.280111e-08 ; dt =     9.8; nmult =    871
inout (power) : iter =    864 ; odelta = 5.221623e-08 ; dt =     9.8; nmult =    872
inout (power) : iter =    865 ; odelta = 5.163759e-08 ; dt =     9.8; nmult =    873
inout (power) : iter =    866 ; odelta = 5.105100e-08 ; dt =     9.8; nmult =    874
inout (power) : iter =    867 ; odelta = 5.048566e-08 ; dt =     9.8; nmult =    875
inout (power) : iter =    868 ; odelta = 4.992646e-08 ; dt =     9.9; nmult =    876
inout (power) : iter =    869 ; odelta = 4.935940e-08 ; dt =     9.9; nmult =    877
inout (power) : iter =    870 ; odelta = 4.881294e-08 ; dt =     9.9; nmult =    878
inout (power) : iter =    871 ; odelta = 4.827253e-08 ; dt =     9.9; nmult =    879
inout (power) : iter =    872 ; odelta = 4.772435e-08 ; dt =     9.9; nmult =    880
inout (power) : iter =    873 ; odelta = 4.719612e-08 ; dt =     9.9; nmult =    881
inout (power) : iter =    874 ; odelta = 4.667386e-08 ; dt =     9.9; nmult =    882
inout (power) : iter =    875 ; odelta = 4.614392e-08 ; dt =     9.9; nmult =    883
inout (power) : iter =    876 ; odelta = 4.563331e-08 ; dt =     9.9; nmult =    884
inout (power) : iter =    877 ; odelta = 4.512859e-08 ; dt =    10.0; nmult =    885
inout (power) : iter =    878 ; odelta = 4.461628e-08 ; dt =    10.0; nmult =    886
inout (power) : iter =    879 ; odelta = 4.412269e-08 ; dt =    10.0; nmult =    887
inout (power) : iter =    880 ; odelta = 4.363491e-08 ; dt =    10.0; nmult =    888
inout (power) : iter =    881 ; odelta = 4.313964e-08 ; dt =    10.0; nmult =    889
inout (power) : iter =    882 ; odelta = 4.266251e-08 ; dt =    10.0; nmult =    890
inout (power) : iter =    883 ; odelta = 4.219108e-08 ; dt =    10.0; nmult =    891
inout (power) : iter =    884 ; odelta = 4.171229e-08 ; dt =    10.0; nmult =    892
inout (power) : iter =    885 ; odelta = 4.125104e-08 ; dt =    10.0; nmult =    893
inout (power) : iter =    886 ; odelta = 4.079542e-08 ; dt =    10.1; nmult =    894
inout (power) : iter =    887 ; odelta = 4.033255e-08 ; dt =    10.1; nmult =    895
inout (power) : iter =    888 ; odelta = 3.988666e-08 ; dt =    10.1; nmult =    896
inout (power) : iter =    889 ; odelta = 3.944632e-08 ; dt =    10.1; nmult =    897
inout (power) : iter =    890 ; odelta = 3.899882e-08 ; dt =    10.1; nmult =    898
inout (power) : iter =    891 ; odelta = 3.856778e-08 ; dt =    10.1; nmult =    899
inout (power) : iter =    892 ; odelta = 3.814219e-08 ; dt =    10.1; nmult =    900
inout (power) : iter =    893 ; odelta = 3.770956e-08 ; dt =    10.1; nmult =    901
inout (power) : iter =    894 ; odelta = 3.729287e-08 ; dt =    10.1; nmult =    902
inout (power) : iter =    895 ; odelta = 3.688153e-08 ; dt =    10.2; nmult =    903
inout (power) : iter =    896 ; odelta = 3.646327e-08 ; dt =    10.2; nmult =    904
inout (power) : iter =    897 ; odelta = 3.606043e-08 ; dt =    10.2; nmult =    905
inout (power) : iter =    898 ; odelta = 3.566286e-08 ; dt =    10.2; nmult =    906
inout (power) : iter =    899 ; odelta = 3.525849e-08 ; dt =    10.2; nmult =    907
inout (power) : iter =    900 ; odelta = 3.486905e-08 ; dt =    10.2; nmult =    908
inout (power) : iter =    901 ; odelta = 3.448479e-08 ; dt =    10.2; nmult =    909
inout (power) : iter =    902 ; odelta = 3.409686e-08 ; dt =    10.2; nmult =    910
inout (power) : iter =    903 ; odelta = 3.372031e-08 ; dt =    10.2; nmult =    911
inout (power) : iter =    904 ; odelta = 3.334796e-08 ; dt =    10.3; nmult =    912
inout (power) : iter =    905 ; odelta = 3.297973e-08 ; dt =    10.3; nmult =    913
inout (power) : iter =    906 ; odelta = 3.261561e-08 ; dt =    10.3; nmult =    914
inout (power) : iter =    907 ; odelta = 3.225554e-08 ; dt =    10.3; nmult =    915
inout (power) : iter =    908 ; odelta = 3.189946e-08 ; dt =    10.3; nmult =    916
inout (power) : iter =    909 ; odelta = 3.154735e-08 ; dt =    10.3; nmult =    917
inout (power) : iter =    910 ; odelta = 3.119915e-08 ; dt =    10.3; nmult =    918
inout (power) : iter =    911 ; odelta = 3.085482e-08 ; dt =    10.3; nmult =    919
inout (power) : iter =    912 ; odelta = 3.051432e-08 ; dt =    10.3; nmult =    920
inout (power) : iter =    913 ; odelta = 3.017760e-08 ; dt =    10.4; nmult =    921
inout (power) : iter =    914 ; odelta = 2.984462e-08 ; dt =    10.4; nmult =    922
inout (power) : iter =    915 ; odelta = 2.951534e-08 ; dt =    10.4; nmult =    923
inout (power) : iter =    916 ; odelta = 2.918972e-08 ; dt =    10.4; nmult =    924
inout (power) : iter =    917 ; odelta = 2.886771e-08 ; dt =    10.4; nmult =    925
inout (power) : iter =    918 ; odelta = 2.854928e-08 ; dt =    10.4; nmult =    926
inout (power) : iter =    919 ; odelta = 2.823439e-08 ; dt =    10.4; nmult =    927
inout (power) : iter =    920 ; odelta = 2.792299e-08 ; dt =    10.4; nmult =    928
inout (power) : iter =    921 ; odelta = 2.761506e-08 ; dt =    10.4; nmult =    929
inout (power) : iter =    922 ; odelta = 2.731054e-08 ; dt =    10.5; nmult =    930
inout (power) : iter =    923 ; odelta = 2.700939e-08 ; dt =    10.5; nmult =    931
inout (power) : iter =    924 ; odelta = 2.671160e-08 ; dt =    10.5; nmult =    932
inout (power) : iter =    925 ; odelta = 2.641711e-08 ; dt =    10.5; nmult =    933
inout (power) : iter =    926 ; odelta = 2.612588e-08 ; dt =    10.5; nmult =    934
inout (power) : iter =    927 ; odelta = 2.583788e-08 ; dt =    10.5; nmult =    935
inout (power) : iter =    928 ; odelta = 2.555309e-08 ; dt =    10.5; nmult =    936
inout (power) : iter =    929 ; odelta = 2.527145e-08 ; dt =    10.5; nmult =    937
inout (power) : iter =    930 ; odelta = 2.499293e-08 ; dt =    10.5; nmult =    938
inout (power) : iter =    931 ; odelta = 2.471751e-08 ; dt =    10.6; nmult =    939
inout (power) : iter =    932 ; odelta = 2.444513e-08 ; dt =    10.6; nmult =    940
inout (power) : iter =    933 ; odelta = 2.417578e-08 ; dt =    10.6; nmult =    941
inout (power) : iter =    934 ; odelta = 2.390942e-08 ; dt =    10.6; nmult =    942
inout (power) : iter =    935 ; odelta = 2.364601e-08 ; dt =    10.6; nmult =    943
inout (power) : iter =    936 ; odelta = 2.338552e-08 ; dt =    10.6; nmult =    944
inout (power) : iter =    937 ; odelta = 2.312791e-08 ; dt =    10.6; nmult =    945
inout (power) : iter =    938 ; odelta = 2.287316e-08 ; dt =    10.6; nmult =    946
inout (power) : iter =    939 ; odelta = 2.262124e-08 ; dt =    10.7; nmult =    947
inout (power) : iter =    940 ; odelta = 2.237211e-08 ; dt =    10.7; nmult =    948
inout (power) : iter =    941 ; odelta = 2.212573e-08 ; dt =    10.7; nmult =    949
inout (power) : iter =    942 ; odelta = 2.188209e-08 ; dt =    10.7; nmult =    950
inout (power) : iter =    943 ; odelta = 2.164115e-08 ; dt =    10.7; nmult =    951
inout (power) : iter =    944 ; odelta = 2.140287e-08 ; dt =    10.7; nmult =    952
inout (power) : iter =    945 ; odelta = 2.116723e-08 ; dt =    10.7; nmult =    953
inout (power) : iter =    946 ; odelta = 2.093421e-08 ; dt =    10.7; nmult =    954
inout (power) : iter =    947 ; odelta = 2.070376e-08 ; dt =    10.7; nmult =    955
inout (power) : iter =    948 ; odelta = 2.047587e-08 ; dt =    10.8; nmult =    956
inout (power) : iter =    949 ; odelta = 2.025050e-08 ; dt =    10.8; nmult =    957
inout (power) : iter =    950 ; odelta = 2.002762e-08 ; dt =    10.8; nmult =    958
inout (power) : iter =    951 ; odelta = 1.980722e-08 ; dt =    10.8; nmult =    959
inout (power) : iter =    952 ; odelta = 1.958925e-08 ; dt =    10.8; nmult =    960
inout (power) : iter =    953 ; odelta = 1.937369e-08 ; dt =    10.8; nmult =    961
inout (power) : iter =    954 ; odelta = 1.916052e-08 ; dt =    10.8; nmult =    962
inout (power) : iter =    955 ; odelta = 1.894971e-08 ; dt =    10.8; nmult =    963
inout (power) : iter =    956 ; odelta = 1.874123e-08 ; dt =    10.8; nmult =    964
inout (power) : iter =    957 ; odelta = 1.853506e-08 ; dt =    10.9; nmult =    965
inout (power) : iter =    958 ; odelta = 1.833117e-08 ; dt =    10.9; nmult =    966
inout (power) : iter =    959 ; odelta = 1.812954e-08 ; dt =    10.9; nmult =    967
inout (power) : iter =    960 ; odelta = 1.793013e-08 ; dt =    10.9; nmult =    968
inout (power) : iter =    961 ; odelta = 1.773294e-08 ; dt =    10.9; nmult =    969
inout (power) : iter =    962 ; odelta = 1.753792e-08 ; dt =    10.9; nmult =    970
inout (power) : iter =    963 ; odelta = 1.734506e-08 ; dt =    10.9; nmult =    971
inout (power) : iter =    964 ; odelta = 1.715433e-08 ; dt =    10.9; nmult =    972
inout (power) : iter =    965 ; odelta = 1.696571e-08 ; dt =    10.9; nmult =    973
inout (power) : iter =    966 ; odelta = 1.677917e-08 ; dt =    11.0; nmult =    974
inout (power) : iter =    967 ; odelta = 1.659470e-08 ; dt =    11.0; nmult =    975
inout (power) : iter =    968 ; odelta = 1.641227e-08 ; dt =    11.0; nmult =    976
inout (power) : iter =    969 ; odelta = 1.623185e-08 ; dt =    11.0; nmult =    977
inout (power) : iter =    970 ; odelta = 1.605343e-08 ; dt =    11.0; nmult =    978
inout (power) : iter =    971 ; odelta = 1.587698e-08 ; dt =    11.0; nmult =    979
inout (power) : iter =    972 ; odelta = 1.570248e-08 ; dt =    11.0; nmult =    980
inout (power) : iter =    973 ; odelta = 1.552991e-08 ; dt =    11.0; nmult =    981
inout (power) : iter =    974 ; odelta = 1.535924e-08 ; dt =    11.0; nmult =    982
inout (power) : iter =    975 ; odelta = 1.519046e-08 ; dt =    11.1; nmult =    983
inout (power) : iter =    976 ; odelta = 1.502355e-08 ; dt =    11.1; nmult =    984
inout (power) : iter =    977 ; odelta = 1.485848e-08 ; dt =    11.1; nmult =    985
inout (power) : iter =    978 ; odelta = 1.469523e-08 ; dt =    11.1; nmult =    986
inout (power) : iter =    979 ; odelta = 1.453378e-08 ; dt =    11.1; nmult =    987
inout (power) : iter =    980 ; odelta = 1.437412e-08 ; dt =    11.1; nmult =    988
inout (power) : iter =    981 ; odelta = 1.421622e-08 ; dt =    11.1; nmult =    989
inout (power) : iter =    982 ; odelta = 1.406007e-08 ; dt =    11.1; nmult =    990
inout (power) : iter =    983 ; odelta = 1.390563e-08 ; dt =    11.1; nmult =    991
inout (power) : iter =    984 ; odelta = 1.375291e-08 ; dt =    11.2; nmult =    992
inout (power) : iter =    985 ; odelta = 1.360187e-08 ; dt =    11.2; nmult =    993
inout (power) : iter =    986 ; odelta = 1.345249e-08 ; dt =    11.2; nmult =    994
inout (power) : iter =    987 ; odelta = 1.330477e-08 ; dt =    11.2; nmult =    995
inout (power) : iter =    988 ; odelta = 1.315867e-08 ; dt =    11.2; nmult =    996
inout (power) : iter =    989 ; odelta = 1.301419e-08 ; dt =    11.2; nmult =    997
inout (power) : iter =    990 ; odelta = 1.287130e-08 ; dt =    11.2; nmult =    998
inout (power) : iter =    991 ; odelta = 1.272999e-08 ; dt =    11.2; nmult =    999
inout (power) : iter =    992 ; odelta = 1.259024e-08 ; dt =    11.2; nmult =   1000
inout (power) : iter =    993 ; odelta = 1.245203e-08 ; dt =    11.3; nmult =   1001
inout (power) : iter =    994 ; odelta = 1.231535e-08 ; dt =    11.3; nmult =   1002
inout (power) : iter =    995 ; odelta = 1.218017e-08 ; dt =    11.3; nmult =   1003
inout (power) : iter =    996 ; odelta = 1.204648e-08 ; dt =    11.3; nmult =   1004
inout (power) : iter =    997 ; odelta = 1.191427e-08 ; dt =    11.3; nmult =   1005
inout (power) : iter =    998 ; odelta = 1.178351e-08 ; dt =    11.3; nmult =   1006
inout (power) : iter =    999 ; odelta = 1.165420e-08 ; dt =    11.3; nmult =   1007
inout (power) : iter =   1000 ; odelta = 1.152632e-08 ; dt =    11.3; nmult =   1008
inout (power) : iter =   1001 ; odelta = 1.139984e-08 ; dt =    11.3; nmult =   1009
inout (power) : iter =   1002 ; odelta = 1.127476e-08 ; dt =    11.4; nmult =   1010
inout (power) : iter =   1003 ; odelta = 1.115106e-08 ; dt =    11.4; nmult =   1011
inout (power) : iter =   1004 ; odelta = 1.102872e-08 ; dt =    11.4; nmult =   1012
inout (power) : iter =   1005 ; odelta = 1.090773e-08 ; dt =    11.4; nmult =   1013
inout (power) : iter =   1006 ; odelta = 1.078807e-08 ; dt =    11.4; nmult =   1014
inout (power) : iter =   1007 ; odelta = 1.066973e-08 ; dt =    11.4; nmult =   1015
inout (power) : iter =   1008 ; odelta = 1.055270e-08 ; dt =    11.4; nmult =   1016
inout (power) : iter =   1009 ; odelta = 1.043695e-08 ; dt =    11.4; nmult =   1017
inout (power) : iter =   1010 ; odelta = 1.032248e-08 ; dt =    11.4; nmult =   1018
inout (power) : iter =   1011 ; odelta = 1.020928e-08 ; dt =    11.5; nmult =   1019
inout (power) : iter =   1012 ; odelta = 1.009732e-08 ; dt =    11.5; nmult =   1020
inout (power) : iter =   1013 ; odelta = 9.986590e-09 ; dt =    11.5; nmult =   1021
inout(b=0.5000,it=1.000000e-02) : solved pagerank(a=0.9900) in  1021 mults to 1.000000e-08 tol
output norm: 1.0000000000000000e+00
