Parameters: 
   graphfile = /var/tmp/dgleich/data/arabic-2005
      output = none
         alg = inout
       alpha = 0.99
         tol = 1e-07
       maxit = 10000

nodes = 22744080
edges = 639999458
inout(0.9900,0.5000,1.000000e-02) with tol=1.000000e-07 and maxit= 10000 iterations
inout (outer) : iter =      5 ; odelta = 2.977122e-01 ; dt =   101.3
inout (outer) : iter =      8 ; odelta = 1.071579e-01 ; dt =   164.4
inout (outer) : iter =     11 ; odelta = 6.144102e-02 ; dt =   227.2
inout (outer) : iter =     14 ; odelta = 4.466946e-02 ; dt =   289.9
inout (outer) : iter =     16 ; odelta = 3.653757e-02 ; dt =   331.9
inout (outer) : iter =     18 ; odelta = 3.104329e-02 ; dt =   373.9
inout (outer) : iter =     20 ; odelta = 2.702434e-02 ; dt =   415.8
inout (outer) : iter =     22 ; odelta = 2.391021e-02 ; dt =   457.8
inout (outer) : iter =     24 ; odelta = 2.140974e-02 ; dt =   499.8
inout (outer) : iter =     26 ; odelta = 1.936273e-02 ; dt =   541.8
inout (outer) : iter =     27 ; odelta = 1.819144e-02 ; dt =   563.1
inout (outer) : iter =     28 ; odelta = 1.714206e-02 ; dt =   584.5
inout (outer) : iter =     29 ; odelta = 1.619714e-02 ; dt =   605.8
inout (outer) : iter =     30 ; odelta = 1.534689e-02 ; dt =   627.1
inout (outer) : iter =     31 ; odelta = 1.457000e-02 ; dt =   649.3
inout (outer) : iter =     32 ; odelta = 1.385992e-02 ; dt =   670.6
inout (outer) : iter =     33 ; odelta = 1.320571e-02 ; dt =   691.9
inout (outer) : iter =     34 ; odelta = 1.260077e-02 ; dt =   713.2
inout (outer) : iter =     35 ; odelta = 1.203949e-02 ; dt =   734.5
inout (outer) : iter =     36 ; odelta = 1.151783e-02 ; dt =   755.9
inout (outer) : iter =     37 ; odelta = 1.103224e-02 ; dt =   777.2
inout (outer) : iter =     38 ; odelta = 1.057891e-02 ; dt =   798.5
inout (outer) : iter =     39 ; odelta = 1.015435e-02 ; dt =   819.8
inout (outer) : iter =     40 ; odelta = 9.756322e-03 ; dt =   841.1
inout (power) : iter =     41 ; delta = 9.382652e-03 ; dt =   862.1
inout (power) : iter =     42 ; delta = 9.032118e-03 ; dt =   882.3
inout (power) : iter =     43 ; delta = 8.702061e-03 ; dt =   902.5
inout (power) : iter =     44 ; delta = 8.390977e-03 ; dt =   922.8
inout (power) : iter =     45 ; delta = 8.097335e-03 ; dt =   943.1
inout (power) : iter =     46 ; delta = 7.819534e-03 ; dt =   963.3
inout (power) : iter =     47 ; delta = 7.555712e-03 ; dt =   983.6
inout (power) : iter =     48 ; delta = 7.305416e-03 ; dt =  1003.8
inout (power) : iter =     49 ; delta = 7.067612e-03 ; dt =  1024.1
inout (power) : iter =     50 ; delta = 6.841125e-03 ; dt =  1044.4
inout (power) : iter =     51 ; delta = 6.625439e-03 ; dt =  1064.6
inout (power) : iter =     52 ; delta = 6.420178e-03 ; dt =  1084.9
inout (power) : iter =     53 ; delta = 6.224521e-03 ; dt =  1105.1
inout (power) : iter =     54 ; delta = 6.039135e-03 ; dt =  1125.4
inout (power) : iter =     55 ; delta = 5.862011e-03 ; dt =  1145.6
inout (power) : iter =     56 ; delta = 5.692559e-03 ; dt =  1165.9
inout (power) : iter =     57 ; delta = 5.530246e-03 ; dt =  1186.1
inout (power) : iter =     58 ; delta = 5.374777e-03 ; dt =  1206.4
inout (power) : iter =     59 ; delta = 5.225633e-03 ; dt =  1226.6
inout (power) : iter =     60 ; delta = 5.082468e-03 ; dt =  1247.0
inout (power) : iter =     61 ; delta = 4.944861e-03 ; dt =  1267.2
inout (power) : iter =     62 ; delta = 4.812577e-03 ; dt =  1287.5
inout (power) : iter =     63 ; delta = 4.685226e-03 ; dt =  1307.8
inout (power) : iter =     64 ; delta = 4.562429e-03 ; dt =  1328.0
inout (power) : iter =     65 ; delta = 4.443901e-03 ; dt =  1348.3
inout (power) : iter =     66 ; delta = 4.329613e-03 ; dt =  1368.5
inout (power) : iter =     67 ; delta = 4.219537e-03 ; dt =  1388.8
inout (power) : iter =     68 ; delta = 4.113565e-03 ; dt =  1409.0
inout (power) : iter =     69 ; delta = 4.011382e-03 ; dt =  1429.2
inout (power) : iter =     70 ; delta = 3.912650e-03 ; dt =  1449.4
inout (power) : iter =     71 ; delta = 3.817432e-03 ; dt =  1469.7
inout (power) : iter =     72 ; delta = 3.725678e-03 ; dt =  1489.9
inout (power) : iter =     73 ; delta = 3.636929e-03 ; dt =  1510.2
inout (power) : iter =     74 ; delta = 3.551207e-03 ; dt =  1530.4
inout (power) : iter =     75 ; delta = 3.468302e-03 ; dt =  1550.7
inout (power) : iter =     76 ; delta = 3.387920e-03 ; dt =  1571.0
inout (power) : iter =     77 ; delta = 3.309970e-03 ; dt =  1591.2
inout (power) : iter =     78 ; delta = 3.234317e-03 ; dt =  1611.4
inout (power) : iter =     79 ; delta = 3.160927e-03 ; dt =  1631.7
inout (power) : iter =     80 ; delta = 3.089757e-03 ; dt =  1652.0
inout (power) : iter =     81 ; delta = 3.020656e-03 ; dt =  1672.2
inout (power) : iter =     82 ; delta = 2.953597e-03 ; dt =  1692.4
inout (power) : iter =     83 ; delta = 2.888426e-03 ; dt =  1712.6
inout (power) : iter =     84 ; delta = 2.825123e-03 ; dt =  1732.9
inout (power) : iter =     85 ; delta = 2.763791e-03 ; dt =  1753.1
inout (power) : iter =     86 ; delta = 2.704372e-03 ; dt =  1773.4
inout (power) : iter =     87 ; delta = 2.646648e-03 ; dt =  1793.6
inout (power) : iter =     88 ; delta = 2.590511e-03 ; dt =  1813.8
inout (power) : iter =     89 ; delta = 2.535954e-03 ; dt =  1834.2
inout (power) : iter =     90 ; delta = 2.482830e-03 ; dt =  1854.4
inout (power) : iter =     91 ; delta = 2.431113e-03 ; dt =  1874.7
inout (power) : iter =     92 ; delta = 2.380798e-03 ; dt =  1894.9
inout (power) : iter =     93 ; delta = 2.331808e-03 ; dt =  1915.1
inout (power) : iter =     94 ; delta = 2.284078e-03 ; dt =  1935.3
inout (power) : iter =     95 ; delta = 2.237568e-03 ; dt =  1955.6
inout (power) : iter =     96 ; delta = 2.192210e-03 ; dt =  1975.8
inout (power) : iter =     97 ; delta = 2.148031e-03 ; dt =  1996.1
inout (power) : iter =     98 ; delta = 2.105012e-03 ; dt =  2016.3
inout (power) : iter =     99 ; delta = 2.063098e-03 ; dt =  2036.6
inout (power) : iter =    100 ; delta = 2.022260e-03 ; dt =  2056.8
inout (power) : iter =    101 ; delta = 1.982509e-03 ; dt =  2077.0
inout (power) : iter =    102 ; delta = 1.943712e-03 ; dt =  2097.3
inout (power) : iter =    103 ; delta = 1.905825e-03 ; dt =  2117.5
inout (power) : iter =    104 ; delta = 1.868836e-03 ; dt =  2137.8
inout (power) : iter =    105 ; delta = 1.832722e-03 ; dt =  2158.0
inout (power) : iter =    106 ; delta = 1.797470e-03 ; dt =  2178.3
inout (power) : iter =    107 ; delta = 1.763043e-03 ; dt =  2198.5
inout (power) : iter =    108 ; delta = 1.729390e-03 ; dt =  2218.8
inout (power) : iter =    109 ; delta = 1.696512e-03 ; dt =  2239.0
inout (power) : iter =    110 ; delta = 1.664387e-03 ; dt =  2259.3
inout (power) : iter =    111 ; delta = 1.633005e-03 ; dt =  2279.5
inout (power) : iter =    112 ; delta = 1.602358e-03 ; dt =  2299.8
inout (power) : iter =    113 ; delta = 1.572396e-03 ; dt =  2320.0
inout (power) : iter =    114 ; delta = 1.543116e-03 ; dt =  2340.3
inout (power) : iter =    115 ; delta = 1.514546e-03 ; dt =  2360.5
inout (power) : iter =    116 ; delta = 1.486636e-03 ; dt =  2380.8
inout (power) : iter =    117 ; delta = 1.459380e-03 ; dt =  2401.0
inout (power) : iter =    118 ; delta = 1.432776e-03 ; dt =  2421.3
inout (power) : iter =    119 ; delta = 1.406833e-03 ; dt =  2441.7
inout (power) : iter =    120 ; delta = 1.381499e-03 ; dt =  2462.0
inout (power) : iter =    121 ; delta = 1.356743e-03 ; dt =  2482.2
inout (power) : iter =    122 ; delta = 1.332541e-03 ; dt =  2502.4
inout (power) : iter =    123 ; delta = 1.308874e-03 ; dt =  2522.7
inout (power) : iter =    124 ; delta = 1.285723e-03 ; dt =  2542.9
inout (power) : iter =    125 ; delta = 1.263077e-03 ; dt =  2563.1
inout (power) : iter =    126 ; delta = 1.240899e-03 ; dt =  2583.3
inout (power) : iter =    127 ; delta = 1.219169e-03 ; dt =  2603.5
inout (power) : iter =    128 ; delta = 1.197885e-03 ; dt =  2623.8
inout (power) : iter =    129 ; delta = 1.177044e-03 ; dt =  2644.0
inout (power) : iter =    130 ; delta = 1.156617e-03 ; dt =  2664.3
inout (power) : iter =    131 ; delta = 1.136607e-03 ; dt =  2684.5
inout (power) : iter =    132 ; delta = 1.117011e-03 ; dt =  2704.7
inout (power) : iter =    133 ; delta = 1.097812e-03 ; dt =  2725.0
inout (power) : iter =    134 ; delta = 1.078999e-03 ; dt =  2745.2
inout (power) : iter =    135 ; delta = 1.060573e-03 ; dt =  2765.5
inout (power) : iter =    136 ; delta = 1.042503e-03 ; dt =  2785.7
inout (power) : iter =    137 ; delta = 1.024793e-03 ; dt =  2806.0
inout (power) : iter =    138 ; delta = 1.007438e-03 ; dt =  2826.2
inout (power) : iter =    139 ; delta = 9.904208e-04 ; dt =  2846.4
inout (power) : iter =    140 ; delta = 9.737342e-04 ; dt =  2866.6
inout (power) : iter =    141 ; delta = 9.573778e-04 ; dt =  2886.9
inout (power) : iter =    142 ; delta = 9.413415e-04 ; dt =  2907.1
inout (power) : iter =    143 ; delta = 9.256168e-04 ; dt =  2927.3
inout (power) : iter =    144 ; delta = 9.101921e-04 ; dt =  2947.6
inout (power) : iter =    145 ; delta = 8.950544e-04 ; dt =  2967.8
inout (power) : iter =    146 ; delta = 8.802055e-04 ; dt =  2988.1
inout (power) : iter =    147 ; delta = 8.656328e-04 ; dt =  3008.3
inout (power) : iter =    148 ; delta = 8.513279e-04 ; dt =  3028.6
inout (power) : iter =    149 ; delta = 8.372858e-04 ; dt =  3048.9
inout (power) : iter =    150 ; delta = 8.235159e-04 ; dt =  3069.1
inout (power) : iter =    151 ; delta = 8.100032e-04 ; dt =  3089.4
inout (power) : iter =    152 ; delta = 7.967503e-04 ; dt =  3109.6
inout (power) : iter =    153 ; delta = 7.837507e-04 ; dt =  3129.8
inout (power) : iter =    154 ; delta = 7.709958e-04 ; dt =  3150.1
inout (power) : iter =    155 ; delta = 7.584733e-04 ; dt =  3170.3
inout (power) : iter =    156 ; delta = 7.461784e-04 ; dt =  3190.6
inout (power) : iter =    157 ; delta = 7.341125e-04 ; dt =  3210.8
inout (power) : iter =    158 ; delta = 7.222704e-04 ; dt =  3231.1
inout (power) : iter =    159 ; delta = 7.106477e-04 ; dt =  3251.3
inout (power) : iter =    160 ; delta = 6.992410e-04 ; dt =  3271.6
inout (power) : iter =    161 ; delta = 6.880417e-04 ; dt =  3291.8
inout (power) : iter =    162 ; delta = 6.770514e-04 ; dt =  3312.1
inout (power) : iter =    163 ; delta = 6.662535e-04 ; dt =  3332.3
inout (power) : iter =    164 ; delta = 6.556459e-04 ; dt =  3352.6
inout (power) : iter =    165 ; delta = 6.452277e-04 ; dt =  3372.9
inout (power) : iter =    166 ; delta = 6.349974e-04 ; dt =  3393.1
inout (power) : iter =    167 ; delta = 6.249514e-04 ; dt =  3413.4
inout (power) : iter =    168 ; delta = 6.150791e-04 ; dt =  3433.6
inout (power) : iter =    169 ; delta = 6.053763e-04 ; dt =  3453.9
inout (power) : iter =    170 ; delta = 5.958398e-04 ; dt =  3474.1
inout (power) : iter =    171 ; delta = 5.864682e-04 ; dt =  3494.3
inout (power) : iter =    172 ; delta = 5.772574e-04 ; dt =  3514.6
inout (power) : iter =    173 ; delta = 5.682045e-04 ; dt =  3534.8
inout (power) : iter =    174 ; delta = 5.593076e-04 ; dt =  3555.1
inout (power) : iter =    175 ; delta = 5.505669e-04 ; dt =  3575.3
inout (power) : iter =    176 ; delta = 5.419855e-04 ; dt =  3595.6
inout (power) : iter =    177 ; delta = 5.335587e-04 ; dt =  3615.8
inout (power) : iter =    178 ; delta = 5.252790e-04 ; dt =  3636.2
inout (power) : iter =    179 ; delta = 5.171456e-04 ; dt =  3656.4
inout (power) : iter =    180 ; delta = 5.091521e-04 ; dt =  3676.7
inout (power) : iter =    181 ; delta = 5.013009e-04 ; dt =  3696.9
inout (power) : iter =    182 ; delta = 4.935827e-04 ; dt =  3717.2
inout (power) : iter =    183 ; delta = 4.860002e-04 ; dt =  3737.4
inout (power) : iter =    184 ; delta = 4.785474e-04 ; dt =  3757.7
inout (power) : iter =    185 ; delta = 4.712268e-04 ; dt =  3777.9
inout (power) : iter =    186 ; delta = 4.640287e-04 ; dt =  3798.2
inout (power) : iter =    187 ; delta = 4.569556e-04 ; dt =  3818.4
inout (power) : iter =    188 ; delta = 4.500027e-04 ; dt =  3838.6
inout (power) : iter =    189 ; delta = 4.431687e-04 ; dt =  3858.8
inout (power) : iter =    190 ; delta = 4.364486e-04 ; dt =  3879.1
inout (power) : iter =    191 ; delta = 4.298445e-04 ; dt =  3899.3
inout (power) : iter =    192 ; delta = 4.233509e-04 ; dt =  3919.6
inout (power) : iter =    193 ; delta = 4.169640e-04 ; dt =  3939.8
inout (power) : iter =    194 ; delta = 4.106823e-04 ; dt =  3960.0
inout (power) : iter =    195 ; delta = 4.045022e-04 ; dt =  3980.3
inout (power) : iter =    196 ; delta = 3.984250e-04 ; dt =  4000.5
inout (power) : iter =    197 ; delta = 3.924494e-04 ; dt =  4020.7
inout (power) : iter =    198 ; delta = 3.865726e-04 ; dt =  4041.0
inout (power) : iter =    199 ; delta = 3.807911e-04 ; dt =  4061.2
inout (power) : iter =    200 ; delta = 3.751028e-04 ; dt =  4081.4
inout (power) : iter =    201 ; delta = 3.695056e-04 ; dt =  4101.7
inout (power) : iter =    202 ; delta = 3.639974e-04 ; dt =  4121.9
inout (power) : iter =    203 ; delta = 3.585773e-04 ; dt =  4142.2
inout (power) : iter =    204 ; delta = 3.532442e-04 ; dt =  4162.4
inout (power) : iter =    205 ; delta = 3.479959e-04 ; dt =  4182.7
inout (power) : iter =    206 ; delta = 3.428307e-04 ; dt =  4202.9
inout (power) : iter =    207 ; delta = 3.377467e-04 ; dt =  4223.2
inout (power) : iter =    208 ; delta = 3.327434e-04 ; dt =  4243.5
inout (power) : iter =    209 ; delta = 3.278192e-04 ; dt =  4263.8
inout (power) : iter =    210 ; delta = 3.229730e-04 ; dt =  4284.0
inout (power) : iter =    211 ; delta = 3.182036e-04 ; dt =  4304.2
inout (power) : iter =    212 ; delta = 3.135095e-04 ; dt =  4324.5
inout (power) : iter =    213 ; delta = 3.088903e-04 ; dt =  4344.8
inout (power) : iter =    214 ; delta = 3.043466e-04 ; dt =  4365.0
inout (power) : iter =    215 ; delta = 2.998743e-04 ; dt =  4385.2
inout (power) : iter =    216 ; delta = 2.954719e-04 ; dt =  4405.5
inout (power) : iter =    217 ; delta = 2.911382e-04 ; dt =  4425.7
inout (power) : iter =    218 ; delta = 2.868724e-04 ; dt =  4446.0
inout (power) : iter =    219 ; delta = 2.826737e-04 ; dt =  4466.2
inout (power) : iter =    220 ; delta = 2.785415e-04 ; dt =  4486.5
inout (power) : iter =    221 ; delta = 2.744766e-04 ; dt =  4506.8
inout (power) : iter =    222 ; delta = 2.704768e-04 ; dt =  4527.0
inout (power) : iter =    223 ; delta = 2.665392e-04 ; dt =  4547.3
inout (power) : iter =    224 ; delta = 2.626622e-04 ; dt =  4567.5
inout (power) : iter =    225 ; delta = 2.588450e-04 ; dt =  4587.7
inout (power) : iter =    226 ; delta = 2.550871e-04 ; dt =  4608.0
inout (power) : iter =    227 ; delta = 2.513873e-04 ; dt =  4628.2
inout (power) : iter =    228 ; delta = 2.477444e-04 ; dt =  4648.5
inout (power) : iter =    229 ; delta = 2.441578e-04 ; dt =  4668.7
inout (power) : iter =    230 ; delta = 2.406281e-04 ; dt =  4689.0
inout (power) : iter =    231 ; delta = 2.371528e-04 ; dt =  4709.2
inout (power) : iter =    232 ; delta = 2.337310e-04 ; dt =  4729.4
inout (power) : iter =    233 ; delta = 2.303619e-04 ; dt =  4749.7
inout (power) : iter =    234 ; delta = 2.270445e-04 ; dt =  4769.9
inout (power) : iter =    235 ; delta = 2.237775e-04 ; dt =  4790.2
inout (power) : iter =    236 ; delta = 2.205600e-04 ; dt =  4810.4
inout (power) : iter =    237 ; delta = 2.173914e-04 ; dt =  4830.8
inout (power) : iter =    238 ; delta = 2.142709e-04 ; dt =  4851.0
inout (power) : iter =    239 ; delta = 2.111973e-04 ; dt =  4871.3
inout (power) : iter =    240 ; delta = 2.081705e-04 ; dt =  4891.5
inout (power) : iter =    241 ; delta = 2.051891e-04 ; dt =  4911.8
inout (power) : iter =    242 ; delta = 2.022525e-04 ; dt =  4932.0
inout (power) : iter =    243 ; delta = 1.993598e-04 ; dt =  4952.3
inout (power) : iter =    244 ; delta = 1.965106e-04 ; dt =  4972.5
inout (power) : iter =    245 ; delta = 1.937043e-04 ; dt =  4992.8
inout (power) : iter =    246 ; delta = 1.909405e-04 ; dt =  5013.0
inout (power) : iter =    247 ; delta = 1.882185e-04 ; dt =  5033.3
inout (power) : iter =    248 ; delta = 1.855372e-04 ; dt =  5053.5
inout (power) : iter =    249 ; delta = 1.828958e-04 ; dt =  5073.8
inout (power) : iter =    250 ; delta = 1.802939e-04 ; dt =  5094.0
inout (power) : iter =    251 ; delta = 1.777307e-04 ; dt =  5114.3
inout (power) : iter =    252 ; delta = 1.752057e-04 ; dt =  5134.5
inout (power) : iter =    253 ; delta = 1.727184e-04 ; dt =  5154.8
inout (power) : iter =    254 ; delta = 1.702685e-04 ; dt =  5175.7
inout (power) : iter =    255 ; delta = 1.678552e-04 ; dt =  5195.9
inout (power) : iter =    256 ; delta = 1.654776e-04 ; dt =  5216.1
inout (power) : iter =    257 ; delta = 1.631352e-04 ; dt =  5236.4
inout (power) : iter =    258 ; delta = 1.608277e-04 ; dt =  5256.6
inout (power) : iter =    259 ; delta = 1.585544e-04 ; dt =  5276.9
inout (power) : iter =    260 ; delta = 1.563147e-04 ; dt =  5297.1
inout (power) : iter =    261 ; delta = 1.541094e-04 ; dt =  5317.3
inout (power) : iter =    262 ; delta = 1.519372e-04 ; dt =  5337.6
inout (power) : iter =    263 ; delta = 1.497977e-04 ; dt =  5357.8
inout (power) : iter =    264 ; delta = 1.476901e-04 ; dt =  5378.1
inout (power) : iter =    265 ; delta = 1.456138e-04 ; dt =  5398.3
inout (power) : iter =    266 ; delta = 1.435681e-04 ; dt =  5418.6
inout (power) : iter =    267 ; delta = 1.415527e-04 ; dt =  5438.9
inout (power) : iter =    268 ; delta = 1.395671e-04 ; dt =  5459.2
inout (power) : iter =    269 ; delta = 1.376108e-04 ; dt =  5479.4
inout (power) : iter =    270 ; delta = 1.356857e-04 ; dt =  5499.7
inout (power) : iter =    271 ; delta = 1.337893e-04 ; dt =  5519.9
inout (power) : iter =    272 ; delta = 1.319206e-04 ; dt =  5540.2
inout (power) : iter =    273 ; delta = 1.300792e-04 ; dt =  5560.4
inout (power) : iter =    274 ; delta = 1.282649e-04 ; dt =  5580.6
inout (power) : iter =    275 ; delta = 1.264772e-04 ; dt =  5600.9
inout (power) : iter =    276 ; delta = 1.247157e-04 ; dt =  5621.1
inout (power) : iter =    277 ; delta = 1.229800e-04 ; dt =  5641.3
inout (power) : iter =    278 ; delta = 1.212696e-04 ; dt =  5661.6
inout (power) : iter =    279 ; delta = 1.195841e-04 ; dt =  5681.9
inout (power) : iter =    280 ; delta = 1.179232e-04 ; dt =  5702.1
inout (power) : iter =    281 ; delta = 1.162863e-04 ; dt =  5722.3
inout (power) : iter =    282 ; delta = 1.146733e-04 ; dt =  5742.6
inout (power) : iter =    283 ; delta = 1.130838e-04 ; dt =  5762.8
inout (power) : iter =    284 ; delta = 1.115174e-04 ; dt =  5785.0
inout (power) : iter =    285 ; delta = 1.099735e-04 ; dt =  5805.3
inout (power) : iter =    286 ; delta = 1.084520e-04 ; dt =  5825.5
inout (power) : iter =    287 ; delta = 1.069525e-04 ; dt =  5845.8
inout (power) : iter =    288 ; delta = 1.054748e-04 ; dt =  5866.0
inout (power) : iter =    289 ; delta = 1.040184e-04 ; dt =  5886.3
inout (power) : iter =    290 ; delta = 1.025830e-04 ; dt =  5906.5
inout (power) : iter =    291 ; delta = 1.011681e-04 ; dt =  5926.7
inout (power) : iter =    292 ; delta = 9.977372e-05 ; dt =  5947.0
inout (power) : iter =    293 ; delta = 9.839932e-05 ; dt =  5967.2
inout (power) : iter =    294 ; delta = 9.704452e-05 ; dt =  5987.4
inout (power) : iter =    295 ; delta = 9.570909e-05 ; dt =  6007.6
inout (power) : iter =    296 ; delta = 9.439276e-05 ; dt =  6027.9
inout (power) : iter =    297 ; delta = 9.309537e-05 ; dt =  6048.3
inout (power) : iter =    298 ; delta = 9.181739e-05 ; dt =  6068.6
inout (power) : iter =    299 ; delta = 9.055842e-05 ; dt =  6088.8
inout (power) : iter =    300 ; delta = 8.931777e-05 ; dt =  6109.1
inout (power) : iter =    301 ; delta = 8.809488e-05 ; dt =  6129.3
inout (power) : iter =    302 ; delta = 8.688939e-05 ; dt =  6149.6
inout (power) : iter =    303 ; delta = 8.570104e-05 ; dt =  6169.9
inout (power) : iter =    304 ; delta = 8.452974e-05 ; dt =  6190.1
inout (power) : iter =    305 ; delta = 8.337512e-05 ; dt =  6210.3
inout (power) : iter =    306 ; delta = 8.223691e-05 ; dt =  6230.5
inout (power) : iter =    307 ; delta = 8.111511e-05 ; dt =  6250.8
inout (power) : iter =    308 ; delta = 8.000947e-05 ; dt =  6271.0
inout (power) : iter =    309 ; delta = 7.891942e-05 ; dt =  6291.3
inout (power) : iter =    310 ; delta = 7.784485e-05 ; dt =  6311.5
inout (power) : iter =    311 ; delta = 7.678548e-05 ; dt =  6331.8
inout (power) : iter =    312 ; delta = 7.574105e-05 ; dt =  6352.1
inout (power) : iter =    313 ; delta = 7.471135e-05 ; dt =  6372.3
inout (power) : iter =    314 ; delta = 7.369614e-05 ; dt =  6392.5
inout (power) : iter =    315 ; delta = 7.269519e-05 ; dt =  6412.8
inout (power) : iter =    316 ; delta = 7.170832e-05 ; dt =  6433.0
inout (power) : iter =    317 ; delta = 7.073530e-05 ; dt =  6453.3
inout (power) : iter =    318 ; delta = 6.977596e-05 ; dt =  6473.5
inout (power) : iter =    319 ; delta = 6.883010e-05 ; dt =  6493.8
inout (power) : iter =    320 ; delta = 6.789760e-05 ; dt =  6514.0
inout (power) : iter =    321 ; delta = 6.697817e-05 ; dt =  6534.3
inout (power) : iter =    322 ; delta = 6.607172e-05 ; dt =  6554.5
inout (power) : iter =    323 ; delta = 6.517812e-05 ; dt =  6574.8
inout (power) : iter =    324 ; delta = 6.429720e-05 ; dt =  6595.0
inout (power) : iter =    325 ; delta = 6.342876e-05 ; dt =  6615.3
inout (power) : iter =    326 ; delta = 6.257250e-05 ; dt =  6635.6
inout (power) : iter =    327 ; delta = 6.172821e-05 ; dt =  6655.9
inout (power) : iter =    328 ; delta = 6.089574e-05 ; dt =  6676.2
inout (power) : iter =    329 ; delta = 6.007493e-05 ; dt =  6696.4
inout (power) : iter =    330 ; delta = 5.926560e-05 ; dt =  6716.7
inout (power) : iter =    331 ; delta = 5.846749e-05 ; dt =  6736.9
inout (power) : iter =    332 ; delta = 5.768044e-05 ; dt =  6757.2
inout (power) : iter =    333 ; delta = 5.690433e-05 ; dt =  6777.4
inout (power) : iter =    334 ; delta = 5.613903e-05 ; dt =  6797.7
inout (power) : iter =    335 ; delta = 5.538430e-05 ; dt =  6817.9
inout (power) : iter =    336 ; delta = 5.464003e-05 ; dt =  6838.2
inout (power) : iter =    337 ; delta = 5.390620e-05 ; dt =  6858.4
inout (power) : iter =    338 ; delta = 5.318261e-05 ; dt =  6878.7
inout (power) : iter =    339 ; delta = 5.246912e-05 ; dt =  6899.0
inout (power) : iter =    340 ; delta = 5.176551e-05 ; dt =  6919.2
inout (power) : iter =    341 ; delta = 5.107161e-05 ; dt =  6939.5
inout (power) : iter =    342 ; delta = 5.038730e-05 ; dt =  6959.7
inout (power) : iter =    343 ; delta = 4.971248e-05 ; dt =  6980.0
inout (power) : iter =    344 ; delta = 4.904703e-05 ; dt =  7000.2
inout (power) : iter =    345 ; delta = 4.839076e-05 ; dt =  7020.5
inout (power) : iter =    346 ; delta = 4.774354e-05 ; dt =  7040.7
inout (power) : iter =    347 ; delta = 4.710520e-05 ; dt =  7060.9
inout (power) : iter =    348 ; delta = 4.647565e-05 ; dt =  7081.2
inout (power) : iter =    349 ; delta = 4.585485e-05 ; dt =  7101.5
inout (power) : iter =    350 ; delta = 4.524275e-05 ; dt =  7121.7
inout (power) : iter =    351 ; delta = 4.463937e-05 ; dt =  7141.9
inout (power) : iter =    352 ; delta = 4.404465e-05 ; dt =  7162.2
inout (power) : iter =    353 ; delta = 4.345816e-05 ; dt =  7182.4
inout (power) : iter =    354 ; delta = 4.287977e-05 ; dt =  7202.6
inout (power) : iter =    355 ; delta = 4.230938e-05 ; dt =  7222.8
inout (power) : iter =    356 ; delta = 4.174694e-05 ; dt =  7243.3
inout (power) : iter =    357 ; delta = 4.119225e-05 ; dt =  7263.5
inout (power) : iter =    358 ; delta = 4.064528e-05 ; dt =  7283.8
inout (power) : iter =    359 ; delta = 4.010595e-05 ; dt =  7304.1
inout (power) : iter =    360 ; delta = 3.957405e-05 ; dt =  7324.3
inout (power) : iter =    361 ; delta = 3.904947e-05 ; dt =  7344.5
inout (power) : iter =    362 ; delta = 3.853205e-05 ; dt =  7364.6
inout (power) : iter =    363 ; delta = 3.802168e-05 ; dt =  7384.8
inout (power) : iter =    364 ; delta = 3.751826e-05 ; dt =  7404.9
inout (power) : iter =    365 ; delta = 3.702172e-05 ; dt =  7425.1
inout (power) : iter =    366 ; delta = 3.653201e-05 ; dt =  7445.3
inout (power) : iter =    367 ; delta = 3.604911e-05 ; dt =  7465.5
inout (power) : iter =    368 ; delta = 3.557286e-05 ; dt =  7485.8
inout (power) : iter =    369 ; delta = 3.510321e-05 ; dt =  7506.0
inout (power) : iter =    370 ; delta = 3.463994e-05 ; dt =  7526.2
inout (power) : iter =    371 ; delta = 3.418295e-05 ; dt =  7546.4
inout (power) : iter =    372 ; delta = 3.373215e-05 ; dt =  7566.6
inout (power) : iter =    373 ; delta = 3.328747e-05 ; dt =  7586.6
inout (power) : iter =    374 ; delta = 3.284884e-05 ; dt =  7606.8
inout (power) : iter =    375 ; delta = 3.241643e-05 ; dt =  7626.9
inout (power) : iter =    376 ; delta = 3.199017e-05 ; dt =  7647.1
inout (power) : iter =    377 ; delta = 3.156986e-05 ; dt =  7667.4
inout (power) : iter =    378 ; delta = 3.115530e-05 ; dt =  7687.6
inout (power) : iter =    379 ; delta = 3.074635e-05 ; dt =  7707.9
inout (power) : iter =    380 ; delta = 3.034293e-05 ; dt =  7728.1
inout (power) : iter =    381 ; delta = 2.994495e-05 ; dt =  7748.4
inout (power) : iter =    382 ; delta = 2.955232e-05 ; dt =  7768.6
inout (power) : iter =    383 ; delta = 2.916499e-05 ; dt =  7788.9
inout (power) : iter =    384 ; delta = 2.878285e-05 ; dt =  7809.1
inout (power) : iter =    385 ; delta = 2.840585e-05 ; dt =  7829.6
inout (power) : iter =    386 ; delta = 2.803391e-05 ; dt =  7850.3
inout (power) : iter =    387 ; delta = 2.766699e-05 ; dt =  7870.6
inout (power) : iter =    388 ; delta = 2.730501e-05 ; dt =  7890.8
inout (power) : iter =    389 ; delta = 2.694788e-05 ; dt =  7911.1
inout (power) : iter =    390 ; delta = 2.659562e-05 ; dt =  7931.3
inout (power) : iter =    391 ; delta = 2.624821e-05 ; dt =  7951.6
inout (power) : iter =    392 ; delta = 2.590552e-05 ; dt =  7971.8
inout (power) : iter =    393 ; delta = 2.556741e-05 ; dt =  7992.1
inout (power) : iter =    394 ; delta = 2.523383e-05 ; dt =  8012.4
inout (power) : iter =    395 ; delta = 2.490471e-05 ; dt =  8032.6
inout (power) : iter =    396 ; delta = 2.458004e-05 ; dt =  8052.9
inout (power) : iter =    397 ; delta = 2.425977e-05 ; dt =  8073.1
inout (power) : iter =    398 ; delta = 2.394379e-05 ; dt =  8093.3
inout (power) : iter =    399 ; delta = 2.363202e-05 ; dt =  8113.5
inout (power) : iter =    400 ; delta = 2.332444e-05 ; dt =  8133.8
inout (power) : iter =    401 ; delta = 2.302106e-05 ; dt =  8154.0
inout (power) : iter =    402 ; delta = 2.272177e-05 ; dt =  8174.3
inout (power) : iter =    403 ; delta = 2.242653e-05 ; dt =  8194.5
inout (power) : iter =    404 ; delta = 2.213524e-05 ; dt =  8214.8
inout (power) : iter =    405 ; delta = 2.184795e-05 ; dt =  8235.0
inout (power) : iter =    406 ; delta = 2.156453e-05 ; dt =  8255.3
inout (power) : iter =    407 ; delta = 2.128488e-05 ; dt =  8275.5
inout (power) : iter =    408 ; delta = 2.100900e-05 ; dt =  8295.7
inout (power) : iter =    409 ; delta = 2.073679e-05 ; dt =  8315.9
inout (power) : iter =    410 ; delta = 2.046825e-05 ; dt =  8336.2
inout (power) : iter =    411 ; delta = 2.020333e-05 ; dt =  8356.5
inout (power) : iter =    412 ; delta = 1.994199e-05 ; dt =  8376.7
inout (power) : iter =    413 ; delta = 1.968416e-05 ; dt =  8397.0
inout (power) : iter =    414 ; delta = 1.942979e-05 ; dt =  8417.2
inout (power) : iter =    415 ; delta = 1.917886e-05 ; dt =  8438.3
inout (power) : iter =    416 ; delta = 1.893127e-05 ; dt =  8458.5
inout (power) : iter =    417 ; delta = 1.868697e-05 ; dt =  8478.8
inout (power) : iter =    418 ; delta = 1.844592e-05 ; dt =  8499.0
inout (power) : iter =    419 ; delta = 1.820807e-05 ; dt =  8519.3
inout (power) : iter =    420 ; delta = 1.797335e-05 ; dt =  8539.5
inout (power) : iter =    421 ; delta = 1.774174e-05 ; dt =  8559.7
inout (power) : iter =    422 ; delta = 1.751317e-05 ; dt =  8579.9
inout (power) : iter =    423 ; delta = 1.728761e-05 ; dt =  8600.2
inout (power) : iter =    424 ; delta = 1.706503e-05 ; dt =  8620.4
inout (power) : iter =    425 ; delta = 1.684538e-05 ; dt =  8640.7
inout (power) : iter =    426 ; delta = 1.662862e-05 ; dt =  8660.9
inout (power) : iter =    427 ; delta = 1.641474e-05 ; dt =  8681.1
inout (power) : iter =    428 ; delta = 1.620372e-05 ; dt =  8701.4
inout (power) : iter =    429 ; delta = 1.599559e-05 ; dt =  8721.6
inout (power) : iter =    430 ; delta = 1.579020e-05 ; dt =  8741.8
inout (power) : iter =    431 ; delta = 1.558751e-05 ; dt =  8762.0
inout (power) : iter =    432 ; delta = 1.538748e-05 ; dt =  8782.3
inout (power) : iter =    433 ; delta = 1.519007e-05 ; dt =  8802.5
inout (power) : iter =    434 ; delta = 1.499524e-05 ; dt =  8822.8
inout (power) : iter =    435 ; delta = 1.480297e-05 ; dt =  8843.0
inout (power) : iter =    436 ; delta = 1.461321e-05 ; dt =  8863.3
inout (power) : iter =    437 ; delta = 1.442594e-05 ; dt =  8883.5
inout (power) : iter =    438 ; delta = 1.424116e-05 ; dt =  8903.8
inout (power) : iter =    439 ; delta = 1.405880e-05 ; dt =  8924.0
inout (power) : iter =    440 ; delta = 1.387883e-05 ; dt =  8944.2
inout (power) : iter =    441 ; delta = 1.370121e-05 ; dt =  8964.5
inout (power) : iter =    442 ; delta = 1.352592e-05 ; dt =  8984.7
inout (power) : iter =    443 ; delta = 1.335292e-05 ; dt =  9005.0
inout (power) : iter =    444 ; delta = 1.318217e-05 ; dt =  9025.2
inout (power) : iter =    445 ; delta = 1.301366e-05 ; dt =  9045.6
inout (power) : iter =    446 ; delta = 1.284735e-05 ; dt =  9065.8
inout (power) : iter =    447 ; delta = 1.268323e-05 ; dt =  9086.0
inout (power) : iter =    448 ; delta = 1.252134e-05 ; dt =  9106.3
inout (power) : iter =    449 ; delta = 1.236156e-05 ; dt =  9126.6
inout (power) : iter =    450 ; delta = 1.220386e-05 ; dt =  9146.8
inout (power) : iter =    451 ; delta = 1.204822e-05 ; dt =  9167.1
inout (power) : iter =    452 ; delta = 1.189460e-05 ; dt =  9187.3
inout (power) : iter =    453 ; delta = 1.174298e-05 ; dt =  9207.5
inout (power) : iter =    454 ; delta = 1.159334e-05 ; dt =  9227.8
inout (power) : iter =    455 ; delta = 1.144567e-05 ; dt =  9248.0
inout (power) : iter =    456 ; delta = 1.129992e-05 ; dt =  9268.2
inout (power) : iter =    457 ; delta = 1.115606e-05 ; dt =  9288.5
inout (power) : iter =    458 ; delta = 1.101407e-05 ; dt =  9308.7
inout (power) : iter =    459 ; delta = 1.087394e-05 ; dt =  9329.0
inout (power) : iter =    460 ; delta = 1.073564e-05 ; dt =  9349.2
inout (power) : iter =    461 ; delta = 1.059913e-05 ; dt =  9369.5
inout (power) : iter =    462 ; delta = 1.046439e-05 ; dt =  9389.7
inout (power) : iter =    463 ; delta = 1.033141e-05 ; dt =  9410.0
inout (power) : iter =    464 ; delta = 1.020016e-05 ; dt =  9430.2
inout (power) : iter =    465 ; delta = 1.007062e-05 ; dt =  9450.5
inout (power) : iter =    466 ; delta = 9.942769e-06 ; dt =  9470.7
inout (power) : iter =    467 ; delta = 9.816572e-06 ; dt =  9491.0
inout (power) : iter =    468 ; delta = 9.692011e-06 ; dt =  9511.2
inout (power) : iter =    469 ; delta = 9.569062e-06 ; dt =  9531.4
inout (power) : iter =    470 ; delta = 9.447702e-06 ; dt =  9551.7
inout (power) : iter =    471 ; delta = 9.327911e-06 ; dt =  9571.9
inout (power) : iter =    472 ; delta = 9.209667e-06 ; dt =  9592.1
inout (power) : iter =    473 ; delta = 9.092951e-06 ; dt =  9612.4
inout (power) : iter =    474 ; delta = 8.977742e-06 ; dt =  9632.8
inout (power) : iter =    475 ; delta = 8.864020e-06 ; dt =  9653.0
inout (power) : iter =    476 ; delta = 8.751766e-06 ; dt =  9673.3
inout (power) : iter =    477 ; delta = 8.640960e-06 ; dt =  9693.6
inout (power) : iter =    478 ; delta = 8.531584e-06 ; dt =  9713.8
inout (power) : iter =    479 ; delta = 8.423622e-06 ; dt =  9734.1
inout (power) : iter =    480 ; delta = 8.317053e-06 ; dt =  9754.3
inout (power) : iter =    481 ; delta = 8.211857e-06 ; dt =  9774.6
inout (power) : iter =    482 ; delta = 8.108017e-06 ; dt =  9794.8
inout (power) : iter =    483 ; delta = 8.005515e-06 ; dt =  9815.1
inout (power) : iter =    484 ; delta = 7.904333e-06 ; dt =  9835.3
inout (power) : iter =    485 ; delta = 7.804453e-06 ; dt =  9855.6
inout (power) : iter =    486 ; delta = 7.705859e-06 ; dt =  9875.8
inout (power) : iter =    487 ; delta = 7.608537e-06 ; dt =  9896.0
inout (power) : iter =    488 ; delta = 7.512473e-06 ; dt =  9917.0
inout (power) : iter =    489 ; delta = 7.417647e-06 ; dt =  9937.2
inout (power) : iter =    490 ; delta = 7.324047e-06 ; dt =  9957.5
inout (power) : iter =    491 ; delta = 7.231656e-06 ; dt =  9977.7
inout (power) : iter =    492 ; delta = 7.140454e-06 ; dt =  9998.0
inout (power) : iter =    493 ; delta = 7.050437e-06 ; dt = 10018.2
inout (power) : iter =    494 ; delta = 6.961597e-06 ; dt = 10038.4
inout (power) : iter =    495 ; delta = 6.873912e-06 ; dt = 10058.7
inout (power) : iter =    496 ; delta = 6.787356e-06 ; dt = 10078.9
inout (power) : iter =    497 ; delta = 6.701911e-06 ; dt = 10099.1
inout (power) : iter =    498 ; delta = 6.617561e-06 ; dt = 10119.4
inout (power) : iter =    499 ; delta = 6.534291e-06 ; dt = 10139.6
inout (power) : iter =    500 ; delta = 6.452089e-06 ; dt = 10159.9
inout (power) : iter =    501 ; delta = 6.370940e-06 ; dt = 10180.1
inout (power) : iter =    502 ; delta = 6.290830e-06 ; dt = 10200.4
inout (power) : iter =    503 ; delta = 6.211745e-06 ; dt = 10220.6
inout (power) : iter =    504 ; delta = 6.133673e-06 ; dt = 10241.0
inout (power) : iter =    505 ; delta = 6.056605e-06 ; dt = 10261.2
inout (power) : iter =    506 ; delta = 5.980523e-06 ; dt = 10281.5
inout (power) : iter =    507 ; delta = 5.905414e-06 ; dt = 10301.8
inout (power) : iter =    508 ; delta = 5.831267e-06 ; dt = 10322.0
inout (power) : iter =    509 ; delta = 5.758087e-06 ; dt = 10342.3
inout (power) : iter =    510 ; delta = 5.685857e-06 ; dt = 10362.5
inout (power) : iter =    511 ; delta = 5.614557e-06 ; dt = 10382.8
inout (power) : iter =    512 ; delta = 5.544175e-06 ; dt = 10403.0
inout (power) : iter =    513 ; delta = 5.474699e-06 ; dt = 10423.3
inout (power) : iter =    514 ; delta = 5.406177e-06 ; dt = 10443.5
inout (power) : iter =    515 ; delta = 5.338581e-06 ; dt = 10463.8
inout (power) : iter =    516 ; delta = 5.271861e-06 ; dt = 10484.0
inout (power) : iter =    517 ; delta = 5.205991e-06 ; dt = 10504.3
inout (power) : iter =    518 ; delta = 5.140960e-06 ; dt = 10524.5
inout (power) : iter =    519 ; delta = 5.076757e-06 ; dt = 10544.8
inout (power) : iter =    520 ; delta = 5.013371e-06 ; dt = 10565.1
inout (power) : iter =    521 ; delta = 4.950791e-06 ; dt = 10585.3
inout (power) : iter =    522 ; delta = 4.889009e-06 ; dt = 10605.6
inout (power) : iter =    523 ; delta = 4.828011e-06 ; dt = 10625.8
inout (power) : iter =    524 ; delta = 4.767798e-06 ; dt = 10646.0
inout (power) : iter =    525 ; delta = 4.708352e-06 ; dt = 10666.3
inout (power) : iter =    526 ; delta = 4.649668e-06 ; dt = 10686.5
inout (power) : iter =    527 ; delta = 4.591735e-06 ; dt = 10706.7
inout (power) : iter =    528 ; delta = 4.534537e-06 ; dt = 10727.0
inout (power) : iter =    529 ; delta = 4.478066e-06 ; dt = 10747.2
inout (power) : iter =    530 ; delta = 4.422311e-06 ; dt = 10767.4
inout (power) : iter =    531 ; delta = 4.367262e-06 ; dt = 10787.7
inout (power) : iter =    532 ; delta = 4.312910e-06 ; dt = 10807.9
inout (power) : iter =    533 ; delta = 4.259247e-06 ; dt = 10828.1
inout (power) : iter =    534 ; delta = 4.206265e-06 ; dt = 10848.5
inout (power) : iter =    535 ; delta = 4.153954e-06 ; dt = 10868.8
inout (power) : iter =    536 ; delta = 4.102306e-06 ; dt = 10889.0
inout (power) : iter =    537 ; delta = 4.051310e-06 ; dt = 10909.3
inout (power) : iter =    538 ; delta = 4.000959e-06 ; dt = 10929.6
inout (power) : iter =    539 ; delta = 3.951243e-06 ; dt = 10949.8
inout (power) : iter =    540 ; delta = 3.902156e-06 ; dt = 10970.1
inout (power) : iter =    541 ; delta = 3.853688e-06 ; dt = 10990.3
inout (power) : iter =    542 ; delta = 3.805833e-06 ; dt = 11010.5
inout (power) : iter =    543 ; delta = 3.758582e-06 ; dt = 11030.8
inout (power) : iter =    544 ; delta = 3.711927e-06 ; dt = 11051.0
inout (power) : iter =    545 ; delta = 3.665861e-06 ; dt = 11071.2
inout (power) : iter =    546 ; delta = 3.620376e-06 ; dt = 11091.5
inout (power) : iter =    547 ; delta = 3.575466e-06 ; dt = 11111.7
inout (power) : iter =    548 ; delta = 3.531123e-06 ; dt = 11132.0
inout (power) : iter =    549 ; delta = 3.487341e-06 ; dt = 11152.2
inout (power) : iter =    550 ; delta = 3.444111e-06 ; dt = 11172.5
inout (power) : iter =    551 ; delta = 3.401427e-06 ; dt = 11192.7
inout (power) : iter =    552 ; delta = 3.359282e-06 ; dt = 11213.0
inout (power) : iter =    553 ; delta = 3.317668e-06 ; dt = 11233.2
inout (power) : iter =    554 ; delta = 3.276578e-06 ; dt = 11253.5
inout (power) : iter =    555 ; delta = 3.236005e-06 ; dt = 11273.7
inout (power) : iter =    556 ; delta = 3.195943e-06 ; dt = 11293.9
inout (power) : iter =    557 ; delta = 3.156387e-06 ; dt = 11314.2
inout (power) : iter =    558 ; delta = 3.117331e-06 ; dt = 11334.4
inout (power) : iter =    559 ; delta = 3.078773e-06 ; dt = 11354.7
inout (power) : iter =    560 ; delta = 3.040706e-06 ; dt = 11374.9
inout (power) : iter =    561 ; delta = 3.003122e-06 ; dt = 11395.1
inout (power) : iter =    562 ; delta = 2.966011e-06 ; dt = 11415.4
inout (power) : iter =    563 ; delta = 2.929366e-06 ; dt = 11435.8
inout (power) : iter =    564 ; delta = 2.893184e-06 ; dt = 11456.0
inout (power) : iter =    565 ; delta = 2.857457e-06 ; dt = 11476.3
inout (power) : iter =    566 ; delta = 2.822177e-06 ; dt = 11496.6
inout (power) : iter =    567 ; delta = 2.787341e-06 ; dt = 11516.8
inout (power) : iter =    568 ; delta = 2.752943e-06 ; dt = 11537.0
inout (power) : iter =    569 ; delta = 2.718976e-06 ; dt = 11557.3
inout (power) : iter =    570 ; delta = 2.685435e-06 ; dt = 11577.5
inout (power) : iter =    571 ; delta = 2.652314e-06 ; dt = 11597.8
inout (power) : iter =    572 ; delta = 2.619607e-06 ; dt = 11618.0
inout (power) : iter =    573 ; delta = 2.587311e-06 ; dt = 11638.3
inout (power) : iter =    574 ; delta = 2.555419e-06 ; dt = 11658.5
inout (power) : iter =    575 ; delta = 2.523930e-06 ; dt = 11678.8
inout (power) : iter =    576 ; delta = 2.492839e-06 ; dt = 11699.0
inout (power) : iter =    577 ; delta = 2.462141e-06 ; dt = 11719.3
inout (power) : iter =    578 ; delta = 2.431832e-06 ; dt = 11739.5
inout (power) : iter =    579 ; delta = 2.401906e-06 ; dt = 11759.7
inout (power) : iter =    580 ; delta = 2.372357e-06 ; dt = 11779.9
inout (power) : iter =    581 ; delta = 2.343178e-06 ; dt = 11800.1
inout (power) : iter =    582 ; delta = 2.314364e-06 ; dt = 11820.4
inout (power) : iter =    583 ; delta = 2.285910e-06 ; dt = 11840.6
inout (power) : iter =    584 ; delta = 2.257811e-06 ; dt = 11860.9
inout (power) : iter =    585 ; delta = 2.230062e-06 ; dt = 11881.1
inout (power) : iter =    586 ; delta = 2.202660e-06 ; dt = 11901.4
inout (power) : iter =    587 ; delta = 2.175599e-06 ; dt = 11921.6
inout (power) : iter =    588 ; delta = 2.148876e-06 ; dt = 11941.9
inout (power) : iter =    589 ; delta = 2.122486e-06 ; dt = 11962.1
inout (power) : iter =    590 ; delta = 2.096425e-06 ; dt = 11982.3
inout (power) : iter =    591 ; delta = 2.070690e-06 ; dt = 12002.6
inout (power) : iter =    592 ; delta = 2.045276e-06 ; dt = 12022.8
inout (power) : iter =    593 ; delta = 2.020180e-06 ; dt = 12043.2
inout (power) : iter =    594 ; delta = 1.995396e-06 ; dt = 12063.4
inout (power) : iter =    595 ; delta = 1.970923e-06 ; dt = 12083.7
inout (power) : iter =    596 ; delta = 1.946754e-06 ; dt = 12103.9
inout (power) : iter =    597 ; delta = 1.922888e-06 ; dt = 12124.2
inout (power) : iter =    598 ; delta = 1.899318e-06 ; dt = 12144.4
inout (power) : iter =    599 ; delta = 1.876042e-06 ; dt = 12164.7
inout (power) : iter =    600 ; delta = 1.853055e-06 ; dt = 12184.9
inout (power) : iter =    601 ; delta = 1.830354e-06 ; dt = 12205.2
inout (power) : iter =    602 ; delta = 1.807935e-06 ; dt = 12225.4
inout (power) : iter =    603 ; delta = 1.785797e-06 ; dt = 12245.7
inout (power) : iter =    604 ; delta = 1.763936e-06 ; dt = 12265.9
inout (power) : iter =    605 ; delta = 1.742346e-06 ; dt = 12286.2
inout (power) : iter =    606 ; delta = 1.721025e-06 ; dt = 12306.4
inout (power) : iter =    607 ; delta = 1.699970e-06 ; dt = 12326.7
inout (power) : iter =    608 ; delta = 1.679177e-06 ; dt = 12347.0
inout (power) : iter =    609 ; delta = 1.658641e-06 ; dt = 12367.2
inout (power) : iter =    610 ; delta = 1.638361e-06 ; dt = 12387.5
inout (power) : iter =    611 ; delta = 1.618332e-06 ; dt = 12407.7
inout (power) : iter =    612 ; delta = 1.598551e-06 ; dt = 12427.9
inout (power) : iter =    613 ; delta = 1.579017e-06 ; dt = 12448.2
inout (power) : iter =    614 ; delta = 1.559725e-06 ; dt = 12468.4
inout (power) : iter =    615 ; delta = 1.540673e-06 ; dt = 12488.6
inout (power) : iter =    616 ; delta = 1.521858e-06 ; dt = 12508.9
inout (power) : iter =    617 ; delta = 1.503276e-06 ; dt = 12529.2
inout (power) : iter =    618 ; delta = 1.484924e-06 ; dt = 12549.4
inout (power) : iter =    619 ; delta = 1.466799e-06 ; dt = 12569.7
inout (power) : iter =    620 ; delta = 1.448899e-06 ; dt = 12589.9
inout (power) : iter =    621 ; delta = 1.431220e-06 ; dt = 12610.1
inout (power) : iter =    622 ; delta = 1.413761e-06 ; dt = 12630.5
inout (power) : iter =    623 ; delta = 1.396518e-06 ; dt = 12650.8
inout (power) : iter =    624 ; delta = 1.379489e-06 ; dt = 12671.1
inout (power) : iter =    625 ; delta = 1.362674e-06 ; dt = 12691.3
inout (power) : iter =    626 ; delta = 1.346067e-06 ; dt = 12711.5
inout (power) : iter =    627 ; delta = 1.329666e-06 ; dt = 12731.7
inout (power) : iter =    628 ; delta = 1.313466e-06 ; dt = 12752.0
inout (power) : iter =    629 ; delta = 1.297470e-06 ; dt = 12772.2
inout (power) : iter =    630 ; delta = 1.281673e-06 ; dt = 12792.5
inout (power) : iter =    631 ; delta = 1.266072e-06 ; dt = 12812.7
inout (power) : iter =    632 ; delta = 1.250663e-06 ; dt = 12833.0
inout (power) : iter =    633 ; delta = 1.235446e-06 ; dt = 12853.2
inout (power) : iter =    634 ; delta = 1.220417e-06 ; dt = 12873.5
inout (power) : iter =    635 ; delta = 1.205574e-06 ; dt = 12893.7
inout (power) : iter =    636 ; delta = 1.190913e-06 ; dt = 12914.0
inout (power) : iter =    637 ; delta = 1.176434e-06 ; dt = 12934.2
inout (power) : iter =    638 ; delta = 1.162133e-06 ; dt = 12954.5
inout (power) : iter =    639 ; delta = 1.148009e-06 ; dt = 12974.7
inout (power) : iter =    640 ; delta = 1.134058e-06 ; dt = 12995.0
inout (power) : iter =    641 ; delta = 1.120279e-06 ; dt = 13015.2
inout (power) : iter =    642 ; delta = 1.106671e-06 ; dt = 13035.4
inout (power) : iter =    643 ; delta = 1.093230e-06 ; dt = 13055.6
inout (power) : iter =    644 ; delta = 1.079956e-06 ; dt = 13075.8
inout (power) : iter =    645 ; delta = 1.066848e-06 ; dt = 13096.1
inout (power) : iter =    646 ; delta = 1.053902e-06 ; dt = 13116.3
inout (power) : iter =    647 ; delta = 1.041116e-06 ; dt = 13136.5
inout (power) : iter =    648 ; delta = 1.028488e-06 ; dt = 13156.8
inout (power) : iter =    649 ; delta = 1.016016e-06 ; dt = 13177.0
inout (power) : iter =    650 ; delta = 1.003699e-06 ; dt = 13197.2
inout (power) : iter =    651 ; delta = 9.915347e-07 ; dt = 13217.5
inout (power) : iter =    652 ; delta = 9.795213e-07 ; dt = 13237.9
inout (power) : iter =    653 ; delta = 9.676555e-07 ; dt = 13258.1
inout (power) : iter =    654 ; delta = 9.559354e-07 ; dt = 13278.4
inout (power) : iter =    655 ; delta = 9.443596e-07 ; dt = 13298.6
inout (power) : iter =    656 ; delta = 9.329259e-07 ; dt = 13318.9
inout (power) : iter =    657 ; delta = 9.216326e-07 ; dt = 13339.1
inout (power) : iter =    658 ; delta = 9.104778e-07 ; dt = 13359.4
inout (power) : iter =    659 ; delta = 8.994598e-07 ; dt = 13379.6
inout (power) : iter =    660 ; delta = 8.885768e-07 ; dt = 13399.8
inout (power) : iter =    661 ; delta = 8.778274e-07 ; dt = 13420.1
inout (power) : iter =    662 ; delta = 8.672102e-07 ; dt = 13440.3
inout (power) : iter =    663 ; delta = 8.567233e-07 ; dt = 13460.5
inout (power) : iter =    664 ; delta = 8.463650e-07 ; dt = 13480.8
inout (power) : iter =    665 ; delta = 8.361336e-07 ; dt = 13501.0
inout (power) : iter =    666 ; delta = 8.260275e-07 ; dt = 13521.3
inout (power) : iter =    667 ; delta = 8.160452e-07 ; dt = 13541.5
inout (power) : iter =    668 ; delta = 8.061854e-07 ; dt = 13561.7
inout (power) : iter =    669 ; delta = 7.964469e-07 ; dt = 13582.0
inout (power) : iter =    670 ; delta = 7.868278e-07 ; dt = 13602.2
inout (power) : iter =    671 ; delta = 7.773269e-07 ; dt = 13622.5
inout (power) : iter =    672 ; delta = 7.679424e-07 ; dt = 13642.8
inout (power) : iter =    673 ; delta = 7.586727e-07 ; dt = 13663.0
inout (power) : iter =    674 ; delta = 7.495165e-07 ; dt = 13683.2
inout (power) : iter =    675 ; delta = 7.404721e-07 ; dt = 13703.4
inout (power) : iter =    676 ; delta = 7.315383e-07 ; dt = 13723.7
inout (power) : iter =    677 ; delta = 7.227137e-07 ; dt = 13743.9
inout (power) : iter =    678 ; delta = 7.139971e-07 ; dt = 13764.2
inout (power) : iter =    679 ; delta = 7.053870e-07 ; dt = 13784.4
inout (power) : iter =    680 ; delta = 6.968821e-07 ; dt = 13804.6
inout (power) : iter =    681 ; delta = 6.884811e-07 ; dt = 13824.8
inout (power) : iter =    682 ; delta = 6.801828e-07 ; dt = 13845.2
inout (power) : iter =    683 ; delta = 6.719886e-07 ; dt = 13865.5
inout (power) : iter =    684 ; delta = 6.638946e-07 ; dt = 13885.7
inout (power) : iter =    685 ; delta = 6.558995e-07 ; dt = 13906.0
inout (power) : iter =    686 ; delta = 6.480018e-07 ; dt = 13926.3
inout (power) : iter =    687 ; delta = 6.402006e-07 ; dt = 13946.5
inout (power) : iter =    688 ; delta = 6.324956e-07 ; dt = 13966.7
inout (power) : iter =    689 ; delta = 6.248851e-07 ; dt = 13987.0
inout (power) : iter =    690 ; delta = 6.173678e-07 ; dt = 14007.2
inout (power) : iter =    691 ; delta = 6.099420e-07 ; dt = 14027.5
inout (power) : iter =    692 ; delta = 6.026067e-07 ; dt = 14047.7
inout (power) : iter =    693 ; delta = 5.953618e-07 ; dt = 14068.0
inout (power) : iter =    694 ; delta = 5.882057e-07 ; dt = 14088.2
inout (power) : iter =    695 ; delta = 5.811369e-07 ; dt = 14108.4
inout (power) : iter =    696 ; delta = 5.741542e-07 ; dt = 14128.7
inout (power) : iter =    697 ; delta = 5.672566e-07 ; dt = 14148.9
inout (power) : iter =    698 ; delta = 5.604430e-07 ; dt = 14169.2
inout (power) : iter =    699 ; delta = 5.537121e-07 ; dt = 14189.4
inout (power) : iter =    700 ; delta = 5.470633e-07 ; dt = 14209.7
inout (power) : iter =    701 ; delta = 5.404959e-07 ; dt = 14229.9
inout (power) : iter =    702 ; delta = 5.340086e-07 ; dt = 14250.1
inout (power) : iter =    703 ; delta = 5.276003e-07 ; dt = 14270.4
inout (power) : iter =    704 ; delta = 5.212698e-07 ; dt = 14290.6
inout (power) : iter =    705 ; delta = 5.150164e-07 ; dt = 14310.8
inout (power) : iter =    706 ; delta = 5.088389e-07 ; dt = 14331.1
inout (power) : iter =    707 ; delta = 5.027364e-07 ; dt = 14351.3
inout (power) : iter =    708 ; delta = 4.967082e-07 ; dt = 14371.6
inout (power) : iter =    709 ; delta = 4.907532e-07 ; dt = 14391.8
inout (power) : iter =    710 ; delta = 4.848709e-07 ; dt = 14412.1
inout (power) : iter =    711 ; delta = 4.790602e-07 ; dt = 14432.4
inout (power) : iter =    712 ; delta = 4.733201e-07 ; dt = 14452.7
inout (power) : iter =    713 ; delta = 4.676508e-07 ; dt = 14473.0
inout (power) : iter =    714 ; delta = 4.620511e-07 ; dt = 14493.2
inout (power) : iter =    715 ; delta = 4.565195e-07 ; dt = 14513.5
inout (power) : iter =    716 ; delta = 4.510550e-07 ; dt = 14533.7
inout (power) : iter =    717 ; delta = 4.456567e-07 ; dt = 14554.0
inout (power) : iter =    718 ; delta = 4.403238e-07 ; dt = 14574.2
inout (power) : iter =    719 ; delta = 4.350557e-07 ; dt = 14594.5
inout (power) : iter =    720 ; delta = 4.298514e-07 ; dt = 14614.7
inout (power) : iter =    721 ; delta = 4.247102e-07 ; dt = 14634.9
inout (power) : iter =    722 ; delta = 4.196315e-07 ; dt = 14655.8
inout (power) : iter =    723 ; delta = 4.146145e-07 ; dt = 14676.1
inout (power) : iter =    724 ; delta = 4.096586e-07 ; dt = 14696.3
inout (power) : iter =    725 ; delta = 4.047629e-07 ; dt = 14716.6
inout (power) : iter =    726 ; delta = 3.999267e-07 ; dt = 14736.8
inout (power) : iter =    727 ; delta = 3.951492e-07 ; dt = 14757.0
inout (power) : iter =    728 ; delta = 3.904296e-07 ; dt = 14777.3
inout (power) : iter =    729 ; delta = 3.857670e-07 ; dt = 14797.5
inout (power) : iter =    730 ; delta = 3.811608e-07 ; dt = 14817.7
inout (power) : iter =    731 ; delta = 3.766102e-07 ; dt = 14838.0
inout (power) : iter =    732 ; delta = 3.721146e-07 ; dt = 14858.2
inout (power) : iter =    733 ; delta = 3.676738e-07 ; dt = 14878.4
inout (power) : iter =    734 ; delta = 3.632876e-07 ; dt = 14898.7
inout (power) : iter =    735 ; delta = 3.589549e-07 ; dt = 14918.9
inout (power) : iter =    736 ; delta = 3.546748e-07 ; dt = 14939.1
inout (power) : iter =    737 ; delta = 3.504467e-07 ; dt = 14959.4
inout (power) : iter =    738 ; delta = 3.462704e-07 ; dt = 14979.6
inout (power) : iter =    739 ; delta = 3.421448e-07 ; dt = 14999.9
inout (power) : iter =    740 ; delta = 3.380691e-07 ; dt = 15020.1
inout (power) : iter =    741 ; delta = 3.340425e-07 ; dt = 15040.5
inout (power) : iter =    742 ; delta = 3.300645e-07 ; dt = 15060.7
inout (power) : iter =    743 ; delta = 3.261344e-07 ; dt = 15081.0
inout (power) : iter =    744 ; delta = 3.222518e-07 ; dt = 15101.3
inout (power) : iter =    745 ; delta = 3.184164e-07 ; dt = 15121.5
inout (power) : iter =    746 ; delta = 3.146275e-07 ; dt = 15141.7
inout (power) : iter =    747 ; delta = 3.108843e-07 ; dt = 15162.0
inout (power) : iter =    748 ; delta = 3.071860e-07 ; dt = 15182.2
inout (power) : iter =    749 ; delta = 3.035323e-07 ; dt = 15202.4
inout (power) : iter =    750 ; delta = 2.999225e-07 ; dt = 15222.7
inout (power) : iter =    751 ; delta = 2.963564e-07 ; dt = 15242.9
inout (power) : iter =    752 ; delta = 2.928333e-07 ; dt = 15263.1
inout (power) : iter =    753 ; delta = 2.893530e-07 ; dt = 15283.3
inout (power) : iter =    754 ; delta = 2.859149e-07 ; dt = 15303.6
inout (power) : iter =    755 ; delta = 2.825182e-07 ; dt = 15323.9
inout (power) : iter =    756 ; delta = 2.791623e-07 ; dt = 15344.1
inout (power) : iter =    757 ; delta = 2.758468e-07 ; dt = 15364.4
inout (power) : iter =    758 ; delta = 2.725711e-07 ; dt = 15385.3
inout (power) : iter =    759 ; delta = 2.693350e-07 ; dt = 15405.5
inout (power) : iter =    760 ; delta = 2.661379e-07 ; dt = 15425.7
inout (power) : iter =    761 ; delta = 2.629794e-07 ; dt = 15446.0
inout (power) : iter =    762 ; delta = 2.598588e-07 ; dt = 15466.3
inout (power) : iter =    763 ; delta = 2.567756e-07 ; dt = 15486.5
inout (power) : iter =    764 ; delta = 2.537295e-07 ; dt = 15506.7
inout (power) : iter =    765 ; delta = 2.507199e-07 ; dt = 15527.0
inout (power) : iter =    766 ; delta = 2.477464e-07 ; dt = 15547.2
inout (power) : iter =    767 ; delta = 2.448087e-07 ; dt = 15567.5
inout (power) : iter =    768 ; delta = 2.419062e-07 ; dt = 15587.7
inout (power) : iter =    769 ; delta = 2.390385e-07 ; dt = 15608.0
inout (power) : iter =    770 ; delta = 2.362053e-07 ; dt = 15628.2
inout (power) : iter =    771 ; delta = 2.334061e-07 ; dt = 15648.6
inout (power) : iter =    772 ; delta = 2.306405e-07 ; dt = 15668.8
inout (power) : iter =    773 ; delta = 2.279081e-07 ; dt = 15689.1
inout (power) : iter =    774 ; delta = 2.252084e-07 ; dt = 15709.3
inout (power) : iter =    775 ; delta = 2.225412e-07 ; dt = 15729.5
inout (power) : iter =    776 ; delta = 2.199063e-07 ; dt = 15749.8
inout (power) : iter =    777 ; delta = 2.173032e-07 ; dt = 15770.0
inout (power) : iter =    778 ; delta = 2.147314e-07 ; dt = 15790.2
inout (power) : iter =    779 ; delta = 2.121904e-07 ; dt = 15810.5
inout (power) : iter =    780 ; delta = 2.096798e-07 ; dt = 15830.7
inout (power) : iter =    781 ; delta = 2.071995e-07 ; dt = 15850.9
inout (power) : iter =    782 ; delta = 2.047490e-07 ; dt = 15871.2
inout (power) : iter =    783 ; delta = 2.023279e-07 ; dt = 15891.4
inout (power) : iter =    784 ; delta = 1.999357e-07 ; dt = 15911.7
inout (power) : iter =    785 ; delta = 1.975721e-07 ; dt = 15931.9
inout (power) : iter =    786 ; delta = 1.952368e-07 ; dt = 15952.1
inout (power) : iter =    787 ; delta = 1.929293e-07 ; dt = 15972.4
inout (power) : iter =    788 ; delta = 1.906495e-07 ; dt = 15992.7
inout (power) : iter =    789 ; delta = 1.883969e-07 ; dt = 16012.9
inout (power) : iter =    790 ; delta = 1.861713e-07 ; dt = 16033.2
inout (power) : iter =    791 ; delta = 1.839723e-07 ; dt = 16053.4
inout (power) : iter =    792 ; delta = 1.817996e-07 ; dt = 16073.6
inout (power) : iter =    793 ; delta = 1.796530e-07 ; dt = 16093.9
inout (power) : iter =    794 ; delta = 1.775319e-07 ; dt = 16114.1
inout (power) : iter =    795 ; delta = 1.754363e-07 ; dt = 16134.4
inout (power) : iter =    796 ; delta = 1.733656e-07 ; dt = 16154.6
inout (power) : iter =    797 ; delta = 1.713197e-07 ; dt = 16174.9
inout (power) : iter =    798 ; delta = 1.692983e-07 ; dt = 16195.1
inout (power) : iter =    799 ; delta = 1.673011e-07 ; dt = 16215.4
inout (power) : iter =    800 ; delta = 1.653277e-07 ; dt = 16236.4
inout (power) : iter =    801 ; delta = 1.633779e-07 ; dt = 16256.7
inout (power) : iter =    802 ; delta = 1.614513e-07 ; dt = 16276.9
inout (power) : iter =    803 ; delta = 1.595477e-07 ; dt = 16297.2
inout (power) : iter =    804 ; delta = 1.576668e-07 ; dt = 16317.4
inout (power) : iter =    805 ; delta = 1.558083e-07 ; dt = 16337.7
inout (power) : iter =    806 ; delta = 1.539719e-07 ; dt = 16357.9
inout (power) : iter =    807 ; delta = 1.521575e-07 ; dt = 16378.2
inout (power) : iter =    808 ; delta = 1.503646e-07 ; dt = 16398.4
inout (power) : iter =    809 ; delta = 1.485931e-07 ; dt = 16418.7
inout (power) : iter =    810 ; delta = 1.468428e-07 ; dt = 16439.0
inout (power) : iter =    811 ; delta = 1.451132e-07 ; dt = 16459.2
inout (power) : iter =    812 ; delta = 1.434043e-07 ; dt = 16479.4
inout (power) : iter =    813 ; delta = 1.417157e-07 ; dt = 16499.6
inout (power) : iter =    814 ; delta = 1.400472e-07 ; dt = 16519.9
inout (power) : iter =    815 ; delta = 1.383985e-07 ; dt = 16540.1
inout (power) : iter =    816 ; delta = 1.367695e-07 ; dt = 16560.3
inout (power) : iter =    817 ; delta = 1.351599e-07 ; dt = 16580.5
inout (power) : iter =    818 ; delta = 1.335694e-07 ; dt = 16600.8
inout (power) : iter =    819 ; delta = 1.319979e-07 ; dt = 16621.0
inout (power) : iter =    820 ; delta = 1.304450e-07 ; dt = 16641.3
inout (power) : iter =    821 ; delta = 1.289107e-07 ; dt = 16661.6
inout (power) : iter =    822 ; delta = 1.273946e-07 ; dt = 16681.8
inout (power) : iter =    823 ; delta = 1.258966e-07 ; dt = 16702.0
inout (power) : iter =    824 ; delta = 1.244164e-07 ; dt = 16722.3
inout (power) : iter =    825 ; delta = 1.229538e-07 ; dt = 16742.5
inout (power) : iter =    826 ; delta = 1.215087e-07 ; dt = 16762.8
inout (power) : iter =    827 ; delta = 1.200808e-07 ; dt = 16783.0
inout (power) : iter =    828 ; delta = 1.186701e-07 ; dt = 16803.2
inout (power) : iter =    829 ; delta = 1.172762e-07 ; dt = 16823.5
inout (power) : iter =    830 ; delta = 1.158989e-07 ; dt = 16843.9
inout (power) : iter =    831 ; delta = 1.145380e-07 ; dt = 16864.1
inout (power) : iter =    832 ; delta = 1.131933e-07 ; dt = 16884.4
inout (power) : iter =    833 ; delta = 1.118646e-07 ; dt = 16904.6
inout (power) : iter =    834 ; delta = 1.105517e-07 ; dt = 16924.9
inout (power) : iter =    835 ; delta = 1.092544e-07 ; dt = 16945.1
inout (power) : iter =    836 ; delta = 1.079725e-07 ; dt = 16965.4
inout (power) : iter =    837 ; delta = 1.067061e-07 ; dt = 16985.6
inout (power) : iter =    838 ; delta = 1.054547e-07 ; dt = 17005.9
inout (power) : iter =    839 ; delta = 1.042183e-07 ; dt = 17026.2
inout (power) : iter =    840 ; delta = 1.029966e-07 ; dt = 17046.4
inout (power) : iter =    841 ; delta = 1.017893e-07 ; dt = 17066.7
inout (power) : iter =    842 ; delta = 1.005963e-07 ; dt = 17086.9
inout (power) : iter =    843 ; delta = 9.941750e-08 ; dt = 17107.1
inout(b=0.5000,it=1.000000e-02) : solved pagerank(a=0.9900) in   843 mults to 1.000000e-07 tol
output norm: 1.0000000000000000e+00
