Parameters: 
   graphfile = /var/tmp/dgleich/data/uk-2007-05-trans
      output = none
         alg = gs
       alpha = 0.99
         tol = 1e-07
       maxit = 10000

nodes = 105896555
edges = -556233648
gs(0.9900,0,0) with tol=1.000000e-07 and maxit= 10000 iterations
   gs : iter =      1 ; delta = 2.000000e+00 ; diff = 1.690013e+00 ; dt =    77.3 sec ; nmult =      1
   gs : iter =      2 ; delta = 2.000000e+00 ; diff = 5.564637e-01 ; dt =   153.2 sec ; nmult =      2
   gs : iter =      3 ; delta = 2.000000e+00 ; diff = 2.054403e-01 ; dt =   229.0 sec ; nmult =      3
   gs : iter =      4 ; delta = 2.000000e+00 ; diff = 1.158145e-01 ; dt =   304.9 sec ; nmult =      4
   gs : iter =      5 ; delta = 2.000000e+00 ; diff = 8.389645e-02 ; dt =   380.2 sec ; nmult =      5
   gs : iter =      6 ; delta = 2.000000e+00 ; diff = 6.631582e-02 ; dt =   455.5 sec ; nmult =      6
   gs : iter =      7 ; delta = 2.000000e+00 ; diff = 5.431655e-02 ; dt =   530.9 sec ; nmult =      7
   gs : iter =      8 ; delta = 2.000000e+00 ; diff = 4.562293e-02 ; dt =   606.2 sec ; nmult =      8
   gs : iter =      9 ; delta = 2.000000e+00 ; diff = 3.929757e-02 ; dt =   681.6 sec ; nmult =      9
   gs : iter =     10 ; delta = 2.000000e+00 ; diff = 3.443961e-02 ; dt =   756.8 sec ; nmult =     10
   gs : iter =     11 ; delta = 2.000000e+00 ; diff = 3.057318e-02 ; dt =   832.0 sec ; nmult =     11
   gs : iter =     12 ; delta = 2.000000e+00 ; diff = 2.739335e-02 ; dt =   907.3 sec ; nmult =     12
   gs : iter =     13 ; delta = 2.000000e+00 ; diff = 2.474579e-02 ; dt =   982.5 sec ; nmult =     13
   gs : iter =     14 ; delta = 2.000000e+00 ; diff = 2.249460e-02 ; dt =  1057.8 sec ; nmult =     14
   gs : iter =     15 ; delta = 2.000000e+00 ; diff = 2.056141e-02 ; dt =  1133.1 sec ; nmult =     15
   gs : iter =     16 ; delta = 2.000000e+00 ; diff = 1.887759e-02 ; dt =  1208.4 sec ; nmult =     16
   gs : iter =     17 ; delta = 2.000000e+00 ; diff = 1.739920e-02 ; dt =  1283.6 sec ; nmult =     17
   gs : iter =     18 ; delta = 2.000000e+00 ; diff = 1.608895e-02 ; dt =  1358.8 sec ; nmult =     18
   gs : iter =     19 ; delta = 2.000000e+00 ; diff = 1.492455e-02 ; dt =  1434.2 sec ; nmult =     19
   gs : iter =     20 ; delta = 2.000000e+00 ; diff = 1.388286e-02 ; dt =  1509.4 sec ; nmult =     20
   gs : iter =     21 ; delta = 2.000000e+00 ; diff = 1.294967e-02 ; dt =  1584.8 sec ; nmult =     21
   gs : iter =     22 ; delta = 2.000000e+00 ; diff = 1.211103e-02 ; dt =  1660.1 sec ; nmult =     22
   gs : iter =     23 ; delta = 2.000000e+00 ; diff = 1.135299e-02 ; dt =  1735.4 sec ; nmult =     23
   gs : iter =     24 ; delta = 2.000000e+00 ; diff = 1.066756e-02 ; dt =  1810.6 sec ; nmult =     24
   gs : iter =     25 ; delta = 2.000000e+00 ; diff = 1.004350e-02 ; dt =  1885.9 sec ; nmult =     25
   gs : iter =     26 ; delta = 2.000000e+00 ; diff = 9.472278e-03 ; dt =  1961.2 sec ; nmult =     26
   gs : iter =     27 ; delta = 2.000000e+00 ; diff = 8.944908e-03 ; dt =  2036.5 sec ; nmult =     27
   gs : iter =     28 ; delta = 2.000000e+00 ; diff = 8.459783e-03 ; dt =  2111.7 sec ; nmult =     28
   gs : iter =     29 ; delta = 2.000000e+00 ; diff = 8.010304e-03 ; dt =  2187.0 sec ; nmult =     29
   gs : iter =     30 ; delta = 2.000000e+00 ; diff = 7.593656e-03 ; dt =  2262.2 sec ; nmult =     30
   gs : iter =     31 ; delta = 2.000000e+00 ; diff = 7.208714e-03 ; dt =  2337.5 sec ; nmult =     31
   gs : iter =     32 ; delta = 2.000000e+00 ; diff = 6.850477e-03 ; dt =  2412.7 sec ; nmult =     32
   gs : iter =     33 ; delta = 2.000000e+00 ; diff = 6.514913e-03 ; dt =  2488.0 sec ; nmult =     33
   gs : iter =     34 ; delta = 2.000000e+00 ; diff = 6.202314e-03 ; dt =  2563.3 sec ; nmult =     34
   gs : iter =     35 ; delta = 2.000000e+00 ; diff = 5.908905e-03 ; dt =  2638.6 sec ; nmult =     35
   gs : iter =     36 ; delta = 2.000000e+00 ; diff = 5.633161e-03 ; dt =  2714.1 sec ; nmult =     36
   gs : iter =     37 ; delta = 2.000000e+00 ; diff = 5.374982e-03 ; dt =  2789.4 sec ; nmult =     37
   gs : iter =     38 ; delta = 2.000000e+00 ; diff = 5.131777e-03 ; dt =  2864.7 sec ; nmult =     38
   gs : iter =     39 ; delta = 2.000000e+00 ; diff = 4.902682e-03 ; dt =  2939.9 sec ; nmult =     39
   gs : iter =     40 ; delta = 2.000000e+00 ; diff = 4.687578e-03 ; dt =  3015.1 sec ; nmult =     40
   gs : iter =     41 ; delta = 2.000000e+00 ; diff = 4.484417e-03 ; dt =  3090.4 sec ; nmult =     41
   gs : iter =     42 ; delta = 2.000000e+00 ; diff = 4.292779e-03 ; dt =  3165.7 sec ; nmult =     42
   gs : iter =     43 ; delta = 2.000000e+00 ; diff = 4.112095e-03 ; dt =  3241.0 sec ; nmult =     43
   gs : iter =     44 ; delta = 2.000000e+00 ; diff = 3.941204e-03 ; dt =  3316.2 sec ; nmult =     44
   gs : iter =     45 ; delta = 2.000000e+00 ; diff = 3.778788e-03 ; dt =  3391.5 sec ; nmult =     45
   gs : iter =     46 ; delta = 2.000000e+00 ; diff = 3.625943e-03 ; dt =  3466.7 sec ; nmult =     46
   gs : iter =     47 ; delta = 2.000000e+00 ; diff = 3.480700e-03 ; dt =  3541.9 sec ; nmult =     47
   gs : iter =     48 ; delta = 2.000000e+00 ; diff = 3.342955e-03 ; dt =  3617.2 sec ; nmult =     48
   gs : iter =     49 ; delta = 2.000000e+00 ; diff = 3.212943e-03 ; dt =  3692.4 sec ; nmult =     49
   gs : iter =     50 ; delta = 2.000000e+00 ; diff = 3.089596e-03 ; dt =  3767.6 sec ; nmult =     50
   gs : iter =     51 ; delta = 2.000000e+00 ; diff = 2.973379e-03 ; dt =  3842.9 sec ; nmult =     51
   gs : iter =     52 ; delta = 2.000000e+00 ; diff = 2.864244e-03 ; dt =  3918.1 sec ; nmult =     52
   gs : iter =     53 ; delta = 2.000000e+00 ; diff = 2.760460e-03 ; dt =  3993.3 sec ; nmult =     53
   gs : iter =     54 ; delta = 2.000000e+00 ; diff = 2.661313e-03 ; dt =  4068.6 sec ; nmult =     54
   gs : iter =     55 ; delta = 2.000000e+00 ; diff = 2.567092e-03 ; dt =  4143.8 sec ; nmult =     55
   gs : iter =     56 ; delta = 2.000000e+00 ; diff = 2.476976e-03 ; dt =  4219.0 sec ; nmult =     56
   gs : iter =     57 ; delta = 2.000000e+00 ; diff = 2.390514e-03 ; dt =  4294.4 sec ; nmult =     57
   gs : iter =     58 ; delta = 2.000000e+00 ; diff = 2.308596e-03 ; dt =  4369.6 sec ; nmult =     58
   gs : iter =     59 ; delta = 2.000000e+00 ; diff = 2.230196e-03 ; dt =  4444.8 sec ; nmult =     59
   gs : iter =     60 ; delta = 2.000000e+00 ; diff = 2.154905e-03 ; dt =  4520.1 sec ; nmult =     60
   gs : iter =     61 ; delta = 2.000000e+00 ; diff = 2.083003e-03 ; dt =  4595.3 sec ; nmult =     61
   gs : iter =     62 ; delta = 2.000000e+00 ; diff = 2.014034e-03 ; dt =  4670.5 sec ; nmult =     62
   gs : iter =     63 ; delta = 2.000000e+00 ; diff = 1.947584e-03 ; dt =  4745.8 sec ; nmult =     63
   gs : iter =     64 ; delta = 2.000000e+00 ; diff = 1.884401e-03 ; dt =  4821.0 sec ; nmult =     64
   gs : iter =     65 ; delta = 2.000000e+00 ; diff = 1.823428e-03 ; dt =  4896.3 sec ; nmult =     65
   gs : iter =     66 ; delta = 2.000000e+00 ; diff = 1.764664e-03 ; dt =  4971.4 sec ; nmult =     66
   gs : iter =     67 ; delta = 2.000000e+00 ; diff = 1.708293e-03 ; dt =  5046.7 sec ; nmult =     67
   gs : iter =     68 ; delta = 2.000000e+00 ; diff = 1.653930e-03 ; dt =  5122.0 sec ; nmult =     68
   gs : iter =     69 ; delta = 2.000000e+00 ; diff = 1.601664e-03 ; dt =  5199.2 sec ; nmult =     69
   gs : iter =     70 ; delta = 2.000000e+00 ; diff = 1.551560e-03 ; dt =  5274.4 sec ; nmult =     70
   gs : iter =     71 ; delta = 2.000000e+00 ; diff = 1.503292e-03 ; dt =  5349.6 sec ; nmult =     71
   gs : iter =     72 ; delta = 2.000000e+00 ; diff = 1.456718e-03 ; dt =  5424.8 sec ; nmult =     72
   gs : iter =     73 ; delta = 2.000000e+00 ; diff = 1.411973e-03 ; dt =  5500.0 sec ; nmult =     73
   gs : iter =     74 ; delta = 2.000000e+00 ; diff = 1.368860e-03 ; dt =  5575.2 sec ; nmult =     74
   gs : iter =     75 ; delta = 2.000000e+00 ; diff = 1.327174e-03 ; dt =  5650.4 sec ; nmult =     75
   gs : iter =     76 ; delta = 2.000000e+00 ; diff = 1.287225e-03 ; dt =  5725.7 sec ; nmult =     76
   gs : iter =     77 ; delta = 2.000000e+00 ; diff = 1.248539e-03 ; dt =  5800.9 sec ; nmult =     77
   gs : iter =     78 ; delta = 2.000000e+00 ; diff = 1.211170e-03 ; dt =  5876.1 sec ; nmult =     78
   gs : iter =     79 ; delta = 2.000000e+00 ; diff = 1.175281e-03 ; dt =  5951.3 sec ; nmult =     79
   gs : iter =     80 ; delta = 2.000000e+00 ; diff = 1.140756e-03 ; dt =  6026.6 sec ; nmult =     80
   gs : iter =     81 ; delta = 2.000000e+00 ; diff = 1.107209e-03 ; dt =  6101.8 sec ; nmult =     81
   gs : iter =     82 ; delta = 2.000000e+00 ; diff = 1.075006e-03 ; dt =  6177.1 sec ; nmult =     82
   gs : iter =     83 ; delta = 2.000000e+00 ; diff = 1.043786e-03 ; dt =  6252.3 sec ; nmult =     83
   gs : iter =     84 ; delta = 2.000000e+00 ; diff = 1.013637e-03 ; dt =  6327.5 sec ; nmult =     84
   gs : iter =     85 ; delta = 2.000000e+00 ; diff = 9.846623e-04 ; dt =  6402.8 sec ; nmult =     85
   gs : iter =     86 ; delta = 2.000000e+00 ; diff = 9.566533e-04 ; dt =  6478.0 sec ; nmult =     86
   gs : iter =     87 ; delta = 2.000000e+00 ; diff = 9.294996e-04 ; dt =  6553.3 sec ; nmult =     87
   gs : iter =     88 ; delta = 2.000000e+00 ; diff = 9.033124e-04 ; dt =  6628.8 sec ; nmult =     88
   gs : iter =     89 ; delta = 2.000000e+00 ; diff = 8.778771e-04 ; dt =  6704.1 sec ; nmult =     89
   gs : iter =     90 ; delta = 2.000000e+00 ; diff = 8.532170e-04 ; dt =  6779.4 sec ; nmult =     90
   gs : iter =     91 ; delta = 2.000000e+00 ; diff = 8.294848e-04 ; dt =  6854.7 sec ; nmult =     91
   gs : iter =     92 ; delta = 2.000000e+00 ; diff = 8.064786e-04 ; dt =  6929.9 sec ; nmult =     92
   gs : iter =     93 ; delta = 2.000000e+00 ; diff = 7.840388e-04 ; dt =  7005.2 sec ; nmult =     93
   gs : iter =     94 ; delta = 2.000000e+00 ; diff = 7.624405e-04 ; dt =  7080.4 sec ; nmult =     94
   gs : iter =     95 ; delta = 2.000000e+00 ; diff = 7.413924e-04 ; dt =  7155.7 sec ; nmult =     95
   gs : iter =     96 ; delta = 2.000000e+00 ; diff = 7.210816e-04 ; dt =  7230.9 sec ; nmult =     96
   gs : iter =     97 ; delta = 2.000000e+00 ; diff = 7.013734e-04 ; dt =  7306.2 sec ; nmult =     97
   gs : iter =     98 ; delta = 2.000000e+00 ; diff = 6.822815e-04 ; dt =  7381.5 sec ; nmult =     98
   gs : iter =     99 ; delta = 2.000000e+00 ; diff = 6.636860e-04 ; dt =  7456.7 sec ; nmult =     99
   gs : iter =    100 ; delta = 2.000000e+00 ; diff = 6.457296e-04 ; dt =  7532.0 sec ; nmult =    100
   gs : iter =    101 ; delta = 2.000000e+00 ; diff = 6.282919e-04 ; dt =  7607.2 sec ; nmult =    101
   gs : iter =    102 ; delta = 2.000000e+00 ; diff = 6.113727e-04 ; dt =  7682.5 sec ; nmult =    102
   gs : iter =    103 ; delta = 2.000000e+00 ; diff = 5.949643e-04 ; dt =  7757.7 sec ; nmult =    103
   gs : iter =    104 ; delta = 2.000000e+00 ; diff = 5.790456e-04 ; dt =  7833.0 sec ; nmult =    104
   gs : iter =    105 ; delta = 2.000000e+00 ; diff = 5.634882e-04 ; dt =  7908.2 sec ; nmult =    105
   gs : iter =    106 ; delta = 2.000000e+00 ; diff = 5.484738e-04 ; dt =  7983.4 sec ; nmult =    106
   gs : iter =    107 ; delta = 2.000000e+00 ; diff = 5.339237e-04 ; dt =  8058.6 sec ; nmult =    107
   gs : iter =    108 ; delta = 2.000000e+00 ; diff = 5.197668e-04 ; dt =  8133.8 sec ; nmult =    108
   gs : iter =    109 ; delta = 2.000000e+00 ; diff = 5.060215e-04 ; dt =  8209.7 sec ; nmult =    109
   gs : iter =    110 ; delta = 2.000000e+00 ; diff = 4.927002e-04 ; dt =  8285.6 sec ; nmult =    110
   gs : iter =    111 ; delta = 2.000000e+00 ; diff = 4.796792e-04 ; dt =  8360.8 sec ; nmult =    111
   gs : iter =    112 ; delta = 2.000000e+00 ; diff = 4.671729e-04 ; dt =  8436.1 sec ; nmult =    112
   gs : iter =    113 ; delta = 2.000000e+00 ; diff = 4.549258e-04 ; dt =  8511.3 sec ; nmult =    113
   gs : iter =    114 ; delta = 2.000000e+00 ; diff = 4.430687e-04 ; dt =  8586.6 sec ; nmult =    114
   gs : iter =    115 ; delta = 2.000000e+00 ; diff = 4.314950e-04 ; dt =  8661.9 sec ; nmult =    115
   gs : iter =    116 ; delta = 2.000000e+00 ; diff = 4.202968e-04 ; dt =  8737.3 sec ; nmult =    116
   gs : iter =    117 ; delta = 2.000000e+00 ; diff = 4.093806e-04 ; dt =  8812.5 sec ; nmult =    117
   gs : iter =    118 ; delta = 2.000000e+00 ; diff = 3.988690e-04 ; dt =  8887.8 sec ; nmult =    118
   gs : iter =    119 ; delta = 2.000000e+00 ; diff = 3.886174e-04 ; dt =  8963.1 sec ; nmult =    119
   gs : iter =    120 ; delta = 2.000000e+00 ; diff = 3.786188e-04 ; dt =  9038.4 sec ; nmult =    120
   gs : iter =    121 ; delta = 2.000000e+00 ; diff = 3.689041e-04 ; dt =  9113.6 sec ; nmult =    121
   gs : iter =    122 ; delta = 2.000000e+00 ; diff = 3.594704e-04 ; dt =  9188.8 sec ; nmult =    122
   gs : iter =    123 ; delta = 2.000000e+00 ; diff = 3.503076e-04 ; dt =  9264.1 sec ; nmult =    123
   gs : iter =    124 ; delta = 2.000000e+00 ; diff = 3.414144e-04 ; dt =  9339.3 sec ; nmult =    124
   gs : iter =    125 ; delta = 2.000000e+00 ; diff = 3.327214e-04 ; dt =  9414.5 sec ; nmult =    125
   gs : iter =    126 ; delta = 2.000000e+00 ; diff = 3.242709e-04 ; dt =  9489.8 sec ; nmult =    126
   gs : iter =    127 ; delta = 2.000000e+00 ; diff = 3.160377e-04 ; dt =  9565.0 sec ; nmult =    127
   gs : iter =    128 ; delta = 2.000000e+00 ; diff = 3.080842e-04 ; dt =  9640.3 sec ; nmult =    128
   gs : iter =    129 ; delta = 2.000000e+00 ; diff = 3.002920e-04 ; dt =  9715.5 sec ; nmult =    129
   gs : iter =    130 ; delta = 2.000000e+00 ; diff = 2.927513e-04 ; dt =  9790.8 sec ; nmult =    130
   gs : iter =    131 ; delta = 2.000000e+00 ; diff = 2.853671e-04 ; dt =  9866.1 sec ; nmult =    131
   gs : iter =    132 ; delta = 2.000000e+00 ; diff = 2.781961e-04 ; dt =  9941.4 sec ; nmult =    132
   gs : iter =    133 ; delta = 2.000000e+00 ; diff = 2.712147e-04 ; dt = 10016.7 sec ; nmult =    133
   gs : iter =    134 ; delta = 2.000000e+00 ; diff = 2.644622e-04 ; dt = 10091.9 sec ; nmult =    134
   gs : iter =    135 ; delta = 2.000000e+00 ; diff = 2.578463e-04 ; dt = 10167.2 sec ; nmult =    135
   gs : iter =    136 ; delta = 2.000000e+00 ; diff = 2.514263e-04 ; dt = 10242.5 sec ; nmult =    136
   gs : iter =    137 ; delta = 2.000000e+00 ; diff = 2.451574e-04 ; dt = 10317.8 sec ; nmult =    137
   gs : iter =    138 ; delta = 2.000000e+00 ; diff = 2.390412e-04 ; dt = 10393.0 sec ; nmult =    138
   gs : iter =    139 ; delta = 2.000000e+00 ; diff = 2.331327e-04 ; dt = 10468.3 sec ; nmult =    139
   gs : iter =    140 ; delta = 2.000000e+00 ; diff = 2.273656e-04 ; dt = 10543.5 sec ; nmult =    140
   gs : iter =    141 ; delta = 2.000000e+00 ; diff = 2.217327e-04 ; dt = 10618.8 sec ; nmult =    141
   gs : iter =    142 ; delta = 2.000000e+00 ; diff = 2.162692e-04 ; dt = 10694.1 sec ; nmult =    142
   gs : iter =    143 ; delta = 2.000000e+00 ; diff = 2.109225e-04 ; dt = 10769.3 sec ; nmult =    143
   gs : iter =    144 ; delta = 2.000000e+00 ; diff = 2.057393e-04 ; dt = 10844.5 sec ; nmult =    144
   gs : iter =    145 ; delta = 2.000000e+00 ; diff = 2.006884e-04 ; dt = 10919.8 sec ; nmult =    145
   gs : iter =    146 ; delta = 2.000000e+00 ; diff = 1.957883e-04 ; dt = 10995.0 sec ; nmult =    146
   gs : iter =    147 ; delta = 2.000000e+00 ; diff = 1.909688e-04 ; dt = 11070.3 sec ; nmult =    147
   gs : iter =    148 ; delta = 2.000000e+00 ; diff = 1.863023e-04 ; dt = 11145.6 sec ; nmult =    148
   gs : iter =    149 ; delta = 2.000000e+00 ; diff = 1.817363e-04 ; dt = 11220.9 sec ; nmult =    149
   gs : iter =    150 ; delta = 2.000000e+00 ; diff = 1.773206e-04 ; dt = 11296.2 sec ; nmult =    150
   gs : iter =    151 ; delta = 2.000000e+00 ; diff = 1.730053e-04 ; dt = 11372.1 sec ; nmult =    151
   gs : iter =    152 ; delta = 2.000000e+00 ; diff = 1.688087e-04 ; dt = 11447.4 sec ; nmult =    152
   gs : iter =    153 ; delta = 2.000000e+00 ; diff = 1.646919e-04 ; dt = 11522.7 sec ; nmult =    153
   gs : iter =    154 ; delta = 2.000000e+00 ; diff = 1.607004e-04 ; dt = 11597.9 sec ; nmult =    154
   gs : iter =    155 ; delta = 2.000000e+00 ; diff = 1.568162e-04 ; dt = 11673.2 sec ; nmult =    155
   gs : iter =    156 ; delta = 2.000000e+00 ; diff = 1.530174e-04 ; dt = 11748.5 sec ; nmult =    156
   gs : iter =    157 ; delta = 2.000000e+00 ; diff = 1.493278e-04 ; dt = 11823.7 sec ; nmult =    157
   gs : iter =    158 ; delta = 2.000000e+00 ; diff = 1.457230e-04 ; dt = 11899.0 sec ; nmult =    158
   gs : iter =    159 ; delta = 2.000000e+00 ; diff = 1.421974e-04 ; dt = 11974.4 sec ; nmult =    159
   gs : iter =    160 ; delta = 2.000000e+00 ; diff = 1.387862e-04 ; dt = 12049.7 sec ; nmult =    160
   gs : iter =    161 ; delta = 2.000000e+00 ; diff = 1.354600e-04 ; dt = 12125.0 sec ; nmult =    161
   gs : iter =    162 ; delta = 2.000000e+00 ; diff = 1.322200e-04 ; dt = 12200.2 sec ; nmult =    162
   gs : iter =    163 ; delta = 2.000000e+00 ; diff = 1.290369e-04 ; dt = 12275.5 sec ; nmult =    163
   gs : iter =    164 ; delta = 2.000000e+00 ; diff = 1.259566e-04 ; dt = 12350.8 sec ; nmult =    164
   gs : iter =    165 ; delta = 2.000000e+00 ; diff = 1.229208e-04 ; dt = 12426.0 sec ; nmult =    165
   gs : iter =    166 ; delta = 2.000000e+00 ; diff = 1.200072e-04 ; dt = 12501.3 sec ; nmult =    166
   gs : iter =    167 ; delta = 2.000000e+00 ; diff = 1.171390e-04 ; dt = 12576.5 sec ; nmult =    167
   gs : iter =    168 ; delta = 2.000000e+00 ; diff = 1.143478e-04 ; dt = 12651.7 sec ; nmult =    168
   gs : iter =    169 ; delta = 2.000000e+00 ; diff = 1.116198e-04 ; dt = 12727.0 sec ; nmult =    169
   gs : iter =    170 ; delta = 2.000000e+00 ; diff = 1.089612e-04 ; dt = 12802.3 sec ; nmult =    170
   gs : iter =    171 ; delta = 2.000000e+00 ; diff = 1.063701e-04 ; dt = 12877.5 sec ; nmult =    171
   gs : iter =    172 ; delta = 2.000000e+00 ; diff = 1.038532e-04 ; dt = 12952.8 sec ; nmult =    172
   gs : iter =    173 ; delta = 2.000000e+00 ; diff = 1.013920e-04 ; dt = 13027.9 sec ; nmult =    173
   gs : iter =    174 ; delta = 2.000000e+00 ; diff = 9.898812e-05 ; dt = 13104.0 sec ; nmult =    174
   gs : iter =    175 ; delta = 2.000000e+00 ; diff = 9.663555e-05 ; dt = 13180.2 sec ; nmult =    175
   gs : iter =    176 ; delta = 2.000000e+00 ; diff = 9.435480e-05 ; dt = 13255.5 sec ; nmult =    176
   gs : iter =    177 ; delta = 2.000000e+00 ; diff = 9.212477e-05 ; dt = 13330.9 sec ; nmult =    177
   gs : iter =    178 ; delta = 2.000000e+00 ; diff = 8.996159e-05 ; dt = 13406.2 sec ; nmult =    178
   gs : iter =    179 ; delta = 2.000000e+00 ; diff = 8.782967e-05 ; dt = 13481.5 sec ; nmult =    179
   gs : iter =    180 ; delta = 2.000000e+00 ; diff = 8.576326e-05 ; dt = 13557.4 sec ; nmult =    180
   gs : iter =    181 ; delta = 2.000000e+00 ; diff = 8.373131e-05 ; dt = 13633.4 sec ; nmult =    181
   gs : iter =    182 ; delta = 2.000000e+00 ; diff = 8.177807e-05 ; dt = 13709.2 sec ; nmult =    182
   gs : iter =    183 ; delta = 2.000000e+00 ; diff = 7.984630e-05 ; dt = 13785.0 sec ; nmult =    183
   gs : iter =    184 ; delta = 2.000000e+00 ; diff = 7.798246e-05 ; dt = 13860.8 sec ; nmult =    184
   gs : iter =    185 ; delta = 2.000000e+00 ; diff = 7.614594e-05 ; dt = 13936.5 sec ; nmult =    185
   gs : iter =    186 ; delta = 2.000000e+00 ; diff = 7.436058e-05 ; dt = 14012.2 sec ; nmult =    186
   gs : iter =    187 ; delta = 2.000000e+00 ; diff = 7.261826e-05 ; dt = 14087.9 sec ; nmult =    187
   gs : iter =    188 ; delta = 2.000000e+00 ; diff = 7.092919e-05 ; dt = 14163.6 sec ; nmult =    188
   gs : iter =    189 ; delta = 2.000000e+00 ; diff = 6.926949e-05 ; dt = 14239.3 sec ; nmult =    189
   gs : iter =    190 ; delta = 2.000000e+00 ; diff = 6.765180e-05 ; dt = 14314.6 sec ; nmult =    190
   gs : iter =    191 ; delta = 2.000000e+00 ; diff = 6.606683e-05 ; dt = 14390.1 sec ; nmult =    191
   gs : iter =    192 ; delta = 2.000000e+00 ; diff = 6.452507e-05 ; dt = 14466.0 sec ; nmult =    192
   gs : iter =    193 ; delta = 2.000000e+00 ; diff = 6.302802e-05 ; dt = 14542.3 sec ; nmult =    193
   gs : iter =    194 ; delta = 2.000000e+00 ; diff = 6.156831e-05 ; dt = 14618.0 sec ; nmult =    194
   gs : iter =    195 ; delta = 2.000000e+00 ; diff = 6.012514e-05 ; dt = 14693.6 sec ; nmult =    195
   gs : iter =    196 ; delta = 2.000000e+00 ; diff = 5.873271e-05 ; dt = 14769.1 sec ; nmult =    196
   gs : iter =    197 ; delta = 2.000000e+00 ; diff = 5.736022e-05 ; dt = 14844.8 sec ; nmult =    197
   gs : iter =    198 ; delta = 2.000000e+00 ; diff = 5.603728e-05 ; dt = 14920.5 sec ; nmult =    198
   gs : iter =    199 ; delta = 2.000000e+00 ; diff = 5.473266e-05 ; dt = 14996.4 sec ; nmult =    199
   gs : iter =    200 ; delta = 2.000000e+00 ; diff = 5.347349e-05 ; dt = 15072.1 sec ; nmult =    200
   gs : iter =    201 ; delta = 2.000000e+00 ; diff = 5.222550e-05 ; dt = 15147.7 sec ; nmult =    201
   gs : iter =    202 ; delta = 2.000000e+00 ; diff = 5.101973e-05 ; dt = 15223.3 sec ; nmult =    202
   gs : iter =    203 ; delta = 2.000000e+00 ; diff = 4.983691e-05 ; dt = 15298.9 sec ; nmult =    203
   gs : iter =    204 ; delta = 2.000000e+00 ; diff = 4.869066e-05 ; dt = 15374.5 sec ; nmult =    204
   gs : iter =    205 ; delta = 2.000000e+00 ; diff = 4.756718e-05 ; dt = 15450.1 sec ; nmult =    205
   gs : iter =    206 ; delta = 2.000000e+00 ; diff = 4.646978e-05 ; dt = 15525.7 sec ; nmult =    206
   gs : iter =    207 ; delta = 2.000000e+00 ; diff = 4.539304e-05 ; dt = 15601.3 sec ; nmult =    207
   gs : iter =    208 ; delta = 2.000000e+00 ; diff = 4.434533e-05 ; dt = 15676.9 sec ; nmult =    208
   gs : iter =    209 ; delta = 2.000000e+00 ; diff = 4.332833e-05 ; dt = 15752.5 sec ; nmult =    209
   gs : iter =    210 ; delta = 2.000000e+00 ; diff = 4.233189e-05 ; dt = 15828.1 sec ; nmult =    210
   gs : iter =    211 ; delta = 2.000000e+00 ; diff = 4.135508e-05 ; dt = 15903.8 sec ; nmult =    211
   gs : iter =    212 ; delta = 2.000000e+00 ; diff = 4.040767e-05 ; dt = 15979.5 sec ; nmult =    212
   gs : iter =    213 ; delta = 2.000000e+00 ; diff = 3.947076e-05 ; dt = 16055.1 sec ; nmult =    213
   gs : iter =    214 ; delta = 2.000000e+00 ; diff = 3.857102e-05 ; dt = 16130.6 sec ; nmult =    214
   gs : iter =    215 ; delta = 2.000000e+00 ; diff = 3.768302e-05 ; dt = 16206.3 sec ; nmult =    215
   gs : iter =    216 ; delta = 2.000000e+00 ; diff = 3.682450e-05 ; dt = 16281.9 sec ; nmult =    216
   gs : iter =    217 ; delta = 2.000000e+00 ; diff = 3.597619e-05 ; dt = 16357.7 sec ; nmult =    217
   gs : iter =    218 ; delta = 2.000000e+00 ; diff = 3.515368e-05 ; dt = 16433.4 sec ; nmult =    218
   gs : iter =    219 ; delta = 2.000000e+00 ; diff = 3.434501e-05 ; dt = 16509.1 sec ; nmult =    219
   gs : iter =    220 ; delta = 2.000000e+00 ; diff = 3.356586e-05 ; dt = 16584.9 sec ; nmult =    220
   gs : iter =    221 ; delta = 2.000000e+00 ; diff = 3.279991e-05 ; dt = 16660.6 sec ; nmult =    221
   gs : iter =    222 ; delta = 2.000000e+00 ; diff = 3.204953e-05 ; dt = 16736.2 sec ; nmult =    222
   gs : iter =    223 ; delta = 2.000000e+00 ; diff = 3.131502e-05 ; dt = 16811.9 sec ; nmult =    223
   gs : iter =    224 ; delta = 2.000000e+00 ; diff = 3.060077e-05 ; dt = 16887.5 sec ; nmult =    224
   gs : iter =    225 ; delta = 2.000000e+00 ; diff = 2.990583e-05 ; dt = 16963.0 sec ; nmult =    225
   gs : iter =    226 ; delta = 2.000000e+00 ; diff = 2.922396e-05 ; dt = 17038.6 sec ; nmult =    226
   gs : iter =    227 ; delta = 2.000000e+00 ; diff = 2.855865e-05 ; dt = 17114.2 sec ; nmult =    227
   gs : iter =    228 ; delta = 2.000000e+00 ; diff = 2.790725e-05 ; dt = 17189.9 sec ; nmult =    228
   gs : iter =    229 ; delta = 2.000000e+00 ; diff = 2.726923e-05 ; dt = 17266.6 sec ; nmult =    229
   gs : iter =    230 ; delta = 2.000000e+00 ; diff = 2.665296e-05 ; dt = 17343.0 sec ; nmult =    230
   gs : iter =    231 ; delta = 2.000000e+00 ; diff = 2.604563e-05 ; dt = 17419.4 sec ; nmult =    231
   gs : iter =    232 ; delta = 2.000000e+00 ; diff = 2.545942e-05 ; dt = 17495.1 sec ; nmult =    232
   gs : iter =    233 ; delta = 2.000000e+00 ; diff = 2.487667e-05 ; dt = 17570.9 sec ; nmult =    233
   gs : iter =    234 ; delta = 2.000000e+00 ; diff = 2.431392e-05 ; dt = 17646.6 sec ; nmult =    234
   gs : iter =    235 ; delta = 2.000000e+00 ; diff = 2.375767e-05 ; dt = 17722.4 sec ; nmult =    235
   gs : iter =    236 ; delta = 2.000000e+00 ; diff = 2.322634e-05 ; dt = 17798.1 sec ; nmult =    236
   gs : iter =    237 ; delta = 2.000000e+00 ; diff = 2.269805e-05 ; dt = 17873.8 sec ; nmult =    237
   gs : iter =    238 ; delta = 2.000000e+00 ; diff = 2.218501e-05 ; dt = 17949.3 sec ; nmult =    238
   gs : iter =    239 ; delta = 2.000000e+00 ; diff = 2.168221e-05 ; dt = 18025.1 sec ; nmult =    239
   gs : iter =    240 ; delta = 2.000000e+00 ; diff = 2.119096e-05 ; dt = 18100.8 sec ; nmult =    240
   gs : iter =    241 ; delta = 2.000000e+00 ; diff = 2.071593e-05 ; dt = 18176.5 sec ; nmult =    241
   gs : iter =    242 ; delta = 2.000000e+00 ; diff = 2.024626e-05 ; dt = 18252.1 sec ; nmult =    242
   gs : iter =    243 ; delta = 2.000000e+00 ; diff = 1.979049e-05 ; dt = 18327.7 sec ; nmult =    243
   gs : iter =    244 ; delta = 2.000000e+00 ; diff = 1.934336e-05 ; dt = 18403.3 sec ; nmult =    244
   gs : iter =    245 ; delta = 2.000000e+00 ; diff = 1.890499e-05 ; dt = 18479.0 sec ; nmult =    245
   gs : iter =    246 ; delta = 2.000000e+00 ; diff = 1.848029e-05 ; dt = 18554.7 sec ; nmult =    246
   gs : iter =    247 ; delta = 2.000000e+00 ; diff = 1.806365e-05 ; dt = 18630.4 sec ; nmult =    247
   gs : iter =    248 ; delta = 2.000000e+00 ; diff = 1.766140e-05 ; dt = 18706.0 sec ; nmult =    248
   gs : iter =    249 ; delta = 2.000000e+00 ; diff = 1.726074e-05 ; dt = 18781.6 sec ; nmult =    249
   gs : iter =    250 ; delta = 2.000000e+00 ; diff = 1.687564e-05 ; dt = 18857.1 sec ; nmult =    250
   gs : iter =    251 ; delta = 2.000000e+00 ; diff = 1.649107e-05 ; dt = 18932.7 sec ; nmult =    251
   gs : iter =    252 ; delta = 2.000000e+00 ; diff = 1.612614e-05 ; dt = 19008.4 sec ; nmult =    252
   gs : iter =    253 ; delta = 2.000000e+00 ; diff = 1.576072e-05 ; dt = 19084.0 sec ; nmult =    253
   gs : iter =    254 ; delta = 2.000000e+00 ; diff = 1.540844e-05 ; dt = 19159.5 sec ; nmult =    254
   gs : iter =    255 ; delta = 2.000000e+00 ; diff = 1.506060e-05 ; dt = 19235.2 sec ; nmult =    255
   gs : iter =    256 ; delta = 2.000000e+00 ; diff = 1.472332e-05 ; dt = 19310.9 sec ; nmult =    256
   gs : iter =    257 ; delta = 2.000000e+00 ; diff = 1.439454e-05 ; dt = 19386.4 sec ; nmult =    257
   gs : iter =    258 ; delta = 2.000000e+00 ; diff = 1.407286e-05 ; dt = 19462.1 sec ; nmult =    258
   gs : iter =    259 ; delta = 2.000000e+00 ; diff = 1.375802e-05 ; dt = 19537.8 sec ; nmult =    259
   gs : iter =    260 ; delta = 2.000000e+00 ; diff = 1.345095e-05 ; dt = 19613.3 sec ; nmult =    260
   gs : iter =    261 ; delta = 2.000000e+00 ; diff = 1.314800e-05 ; dt = 19689.0 sec ; nmult =    261
   gs : iter =    262 ; delta = 2.000000e+00 ; diff = 1.285522e-05 ; dt = 19764.6 sec ; nmult =    262
   gs : iter =    263 ; delta = 2.000000e+00 ; diff = 1.256799e-05 ; dt = 19840.3 sec ; nmult =    263
   gs : iter =    264 ; delta = 2.000000e+00 ; diff = 1.228972e-05 ; dt = 19915.8 sec ; nmult =    264
   gs : iter =    265 ; delta = 2.000000e+00 ; diff = 1.201313e-05 ; dt = 19991.5 sec ; nmult =    265
   gs : iter =    266 ; delta = 2.000000e+00 ; diff = 1.174672e-05 ; dt = 20067.1 sec ; nmult =    266
   gs : iter =    267 ; delta = 2.000000e+00 ; diff = 1.148183e-05 ; dt = 20142.7 sec ; nmult =    267
   gs : iter =    268 ; delta = 2.000000e+00 ; diff = 1.122928e-05 ; dt = 20218.4 sec ; nmult =    268
   gs : iter =    269 ; delta = 2.000000e+00 ; diff = 1.097849e-05 ; dt = 20294.0 sec ; nmult =    269
   gs : iter =    270 ; delta = 2.000000e+00 ; diff = 1.073504e-05 ; dt = 20369.7 sec ; nmult =    270
   gs : iter =    271 ; delta = 2.000000e+00 ; diff = 1.049390e-05 ; dt = 20445.3 sec ; nmult =    271
   gs : iter =    272 ; delta = 2.000000e+00 ; diff = 1.026155e-05 ; dt = 20521.0 sec ; nmult =    272
   gs : iter =    273 ; delta = 2.000000e+00 ; diff = 1.003257e-05 ; dt = 20597.9 sec ; nmult =    273
   gs : iter =    274 ; delta = 2.000000e+00 ; diff = 9.811002e-06 ; dt = 20673.3 sec ; nmult =    274
   gs : iter =    275 ; delta = 2.000000e+00 ; diff = 9.593134e-06 ; dt = 20749.0 sec ; nmult =    275
   gs : iter =    276 ; delta = 2.000000e+00 ; diff = 9.380107e-06 ; dt = 20824.6 sec ; nmult =    276
   gs : iter =    277 ; delta = 2.000000e+00 ; diff = 9.171122e-06 ; dt = 20900.1 sec ; nmult =    277
   gs : iter =    278 ; delta = 2.000000e+00 ; diff = 8.968229e-06 ; dt = 20975.7 sec ; nmult =    278
   gs : iter =    279 ; delta = 2.000000e+00 ; diff = 8.768544e-06 ; dt = 21051.1 sec ; nmult =    279
   gs : iter =    280 ; delta = 2.000000e+00 ; diff = 8.575280e-06 ; dt = 21126.7 sec ; nmult =    280
   gs : iter =    281 ; delta = 2.000000e+00 ; diff = 8.384116e-06 ; dt = 21202.3 sec ; nmult =    281
   gs : iter =    282 ; delta = 2.000000e+00 ; diff = 8.199144e-06 ; dt = 21277.9 sec ; nmult =    282
   gs : iter =    283 ; delta = 2.000000e+00 ; diff = 8.015531e-06 ; dt = 21353.6 sec ; nmult =    283
   gs : iter =    284 ; delta = 2.000000e+00 ; diff = 7.840676e-06 ; dt = 21429.3 sec ; nmult =    284
   gs : iter =    285 ; delta = 2.000000e+00 ; diff = 7.665654e-06 ; dt = 21504.9 sec ; nmult =    285
   gs : iter =    286 ; delta = 2.000000e+00 ; diff = 7.498287e-06 ; dt = 21580.4 sec ; nmult =    286
   gs : iter =    287 ; delta = 2.000000e+00 ; diff = 7.330762e-06 ; dt = 21656.0 sec ; nmult =    287
   gs : iter =    288 ; delta = 2.000000e+00 ; diff = 7.168919e-06 ; dt = 21731.5 sec ; nmult =    288
   gs : iter =    289 ; delta = 2.000000e+00 ; diff = 7.010112e-06 ; dt = 21807.1 sec ; nmult =    289
   gs : iter =    290 ; delta = 2.000000e+00 ; diff = 6.856461e-06 ; dt = 21882.8 sec ; nmult =    290
   gs : iter =    291 ; delta = 2.000000e+00 ; diff = 6.705130e-06 ; dt = 21958.4 sec ; nmult =    291
   gs : iter =    292 ; delta = 2.000000e+00 ; diff = 6.557173e-06 ; dt = 22034.1 sec ; nmult =    292
   gs : iter =    293 ; delta = 2.000000e+00 ; diff = 6.412079e-06 ; dt = 22109.7 sec ; nmult =    293
   gs : iter =    294 ; delta = 2.000000e+00 ; diff = 6.270491e-06 ; dt = 22185.3 sec ; nmult =    294
   gs : iter =    295 ; delta = 2.000000e+00 ; diff = 6.132760e-06 ; dt = 22261.0 sec ; nmult =    295
   gs : iter =    296 ; delta = 2.000000e+00 ; diff = 5.998261e-06 ; dt = 22336.6 sec ; nmult =    296
   gs : iter =    297 ; delta = 2.000000e+00 ; diff = 5.865595e-06 ; dt = 22412.1 sec ; nmult =    297
   gs : iter =    298 ; delta = 2.000000e+00 ; diff = 5.736504e-06 ; dt = 22487.7 sec ; nmult =    298
   gs : iter =    299 ; delta = 2.000000e+00 ; diff = 5.608897e-06 ; dt = 22563.2 sec ; nmult =    299
   gs : iter =    300 ; delta = 2.000000e+00 ; diff = 5.486971e-06 ; dt = 22638.8 sec ; nmult =    300
   gs : iter =    301 ; delta = 2.000000e+00 ; diff = 5.365503e-06 ; dt = 22714.4 sec ; nmult =    301
   gs : iter =    302 ; delta = 2.000000e+00 ; diff = 5.249127e-06 ; dt = 22790.2 sec ; nmult =    302
   gs : iter =    303 ; delta = 2.000000e+00 ; diff = 5.132336e-06 ; dt = 22865.8 sec ; nmult =    303
   gs : iter =    304 ; delta = 2.000000e+00 ; diff = 5.020336e-06 ; dt = 22941.5 sec ; nmult =    304
   gs : iter =    305 ; delta = 2.000000e+00 ; diff = 4.909447e-06 ; dt = 23017.9 sec ; nmult =    305
   gs : iter =    306 ; delta = 2.000000e+00 ; diff = 4.802842e-06 ; dt = 23094.5 sec ; nmult =    306
   gs : iter =    307 ; delta = 2.000000e+00 ; diff = 4.697348e-06 ; dt = 23170.3 sec ; nmult =    307
   gs : iter =    308 ; delta = 2.000000e+00 ; diff = 4.594555e-06 ; dt = 23245.9 sec ; nmult =    308
   gs : iter =    309 ; delta = 2.000000e+00 ; diff = 4.493432e-06 ; dt = 23321.7 sec ; nmult =    309
   gs : iter =    310 ; delta = 2.000000e+00 ; diff = 4.394925e-06 ; dt = 23397.4 sec ; nmult =    310
   gs : iter =    311 ; delta = 2.000000e+00 ; diff = 4.299066e-06 ; dt = 23473.0 sec ; nmult =    311
   gs : iter =    312 ; delta = 2.000000e+00 ; diff = 4.205221e-06 ; dt = 23548.6 sec ; nmult =    312
   gs : iter =    313 ; delta = 2.000000e+00 ; diff = 4.113060e-06 ; dt = 23626.1 sec ; nmult =    313
   gs : iter =    314 ; delta = 2.000000e+00 ; diff = 4.023418e-06 ; dt = 23701.7 sec ; nmult =    314
   gs : iter =    315 ; delta = 2.000000e+00 ; diff = 3.934612e-06 ; dt = 23777.3 sec ; nmult =    315
   gs : iter =    316 ; delta = 2.000000e+00 ; diff = 3.849624e-06 ; dt = 23852.9 sec ; nmult =    316
   gs : iter =    317 ; delta = 2.000000e+00 ; diff = 3.765115e-06 ; dt = 23928.4 sec ; nmult =    317
   gs : iter =    318 ; delta = 2.000000e+00 ; diff = 3.684032e-06 ; dt = 24004.0 sec ; nmult =    318
   gs : iter =    319 ; delta = 2.000000e+00 ; diff = 3.602607e-06 ; dt = 24079.6 sec ; nmult =    319
   gs : iter =    320 ; delta = 2.000000e+00 ; diff = 3.524780e-06 ; dt = 24155.2 sec ; nmult =    320
   gs : iter =    321 ; delta = 2.000000e+00 ; diff = 3.447071e-06 ; dt = 24230.7 sec ; nmult =    321
   gs : iter =    322 ; delta = 2.000000e+00 ; diff = 3.373036e-06 ; dt = 24306.3 sec ; nmult =    322
   gs : iter =    323 ; delta = 2.000000e+00 ; diff = 3.299229e-06 ; dt = 24381.8 sec ; nmult =    323
   gs : iter =    324 ; delta = 2.000000e+00 ; diff = 3.227677e-06 ; dt = 24457.3 sec ; nmult =    324
   gs : iter =    325 ; delta = 2.000000e+00 ; diff = 3.157034e-06 ; dt = 24532.9 sec ; nmult =    325
   gs : iter =    326 ; delta = 2.000000e+00 ; diff = 3.088392e-06 ; dt = 24608.5 sec ; nmult =    326
   gs : iter =    327 ; delta = 2.000000e+00 ; diff = 3.021234e-06 ; dt = 24684.1 sec ; nmult =    327
   gs : iter =    328 ; delta = 2.000000e+00 ; diff = 2.955808e-06 ; dt = 24759.7 sec ; nmult =    328
   gs : iter =    329 ; delta = 2.000000e+00 ; diff = 2.891660e-06 ; dt = 24835.3 sec ; nmult =    329
   gs : iter =    330 ; delta = 2.000000e+00 ; diff = 2.828824e-06 ; dt = 24910.8 sec ; nmult =    330
   gs : iter =    331 ; delta = 2.000000e+00 ; diff = 2.766872e-06 ; dt = 24986.3 sec ; nmult =    331
   gs : iter =    332 ; delta = 2.000000e+00 ; diff = 2.707367e-06 ; dt = 25061.9 sec ; nmult =    332
   gs : iter =    333 ; delta = 2.000000e+00 ; diff = 2.648244e-06 ; dt = 25137.4 sec ; nmult =    333
   gs : iter =    334 ; delta = 2.000000e+00 ; diff = 2.591660e-06 ; dt = 25213.0 sec ; nmult =    334
   gs : iter =    335 ; delta = 2.000000e+00 ; diff = 2.534641e-06 ; dt = 25288.7 sec ; nmult =    335
   gs : iter =    336 ; delta = 2.000000e+00 ; diff = 2.480194e-06 ; dt = 25364.3 sec ; nmult =    336
   gs : iter =    337 ; delta = 2.000000e+00 ; diff = 2.425660e-06 ; dt = 25439.8 sec ; nmult =    337
   gs : iter =    338 ; delta = 2.000000e+00 ; diff = 2.374044e-06 ; dt = 25515.4 sec ; nmult =    338
   gs : iter =    339 ; delta = 2.000000e+00 ; diff = 2.322103e-06 ; dt = 25590.8 sec ; nmult =    339
   gs : iter =    340 ; delta = 2.000000e+00 ; diff = 2.272327e-06 ; dt = 25666.4 sec ; nmult =    340
   gs : iter =    341 ; delta = 2.000000e+00 ; diff = 2.222744e-06 ; dt = 25741.9 sec ; nmult =    341
   gs : iter =    342 ; delta = 2.000000e+00 ; diff = 2.174666e-06 ; dt = 25817.4 sec ; nmult =    342
   gs : iter =    343 ; delta = 2.000000e+00 ; diff = 2.127566e-06 ; dt = 25893.1 sec ; nmult =    343
   gs : iter =    344 ; delta = 2.000000e+00 ; diff = 2.081932e-06 ; dt = 25968.6 sec ; nmult =    344
   gs : iter =    345 ; delta = 2.000000e+00 ; diff = 2.036926e-06 ; dt = 26044.2 sec ; nmult =    345
   gs : iter =    346 ; delta = 2.000000e+00 ; diff = 1.992981e-06 ; dt = 26119.8 sec ; nmult =    346
   gs : iter =    347 ; delta = 2.000000e+00 ; diff = 1.949581e-06 ; dt = 26195.4 sec ; nmult =    347
   gs : iter =    348 ; delta = 2.000000e+00 ; diff = 1.907724e-06 ; dt = 26270.9 sec ; nmult =    348
   gs : iter =    349 ; delta = 2.000000e+00 ; diff = 1.866455e-06 ; dt = 26346.4 sec ; nmult =    349
   gs : iter =    350 ; delta = 2.000000e+00 ; diff = 1.826807e-06 ; dt = 26422.1 sec ; nmult =    350
   gs : iter =    351 ; delta = 2.000000e+00 ; diff = 1.786769e-06 ; dt = 26497.8 sec ; nmult =    351
   gs : iter =    352 ; delta = 2.000000e+00 ; diff = 1.748696e-06 ; dt = 26574.8 sec ; nmult =    352
   gs : iter =    353 ; delta = 2.000000e+00 ; diff = 1.710493e-06 ; dt = 26653.8 sec ; nmult =    353
   gs : iter =    354 ; delta = 2.000000e+00 ; diff = 1.674287e-06 ; dt = 26729.5 sec ; nmult =    354
   gs : iter =    355 ; delta = 2.000000e+00 ; diff = 1.637766e-06 ; dt = 26805.1 sec ; nmult =    355
   gs : iter =    356 ; delta = 2.000000e+00 ; diff = 1.603100e-06 ; dt = 26880.8 sec ; nmult =    356
   gs : iter =    357 ; delta = 2.000000e+00 ; diff = 1.568104e-06 ; dt = 26956.4 sec ; nmult =    357
   gs : iter =    358 ; delta = 2.000000e+00 ; diff = 1.534559e-06 ; dt = 27032.0 sec ; nmult =    358
   gs : iter =    359 ; delta = 2.000000e+00 ; diff = 1.501448e-06 ; dt = 27108.4 sec ; nmult =    359
   gs : iter =    360 ; delta = 2.000000e+00 ; diff = 1.469467e-06 ; dt = 27184.0 sec ; nmult =    360
   gs : iter =    361 ; delta = 2.000000e+00 ; diff = 1.437942e-06 ; dt = 27259.4 sec ; nmult =    361
   gs : iter =    362 ; delta = 2.000000e+00 ; diff = 1.407071e-06 ; dt = 27334.9 sec ; nmult =    362
   gs : iter =    363 ; delta = 2.000000e+00 ; diff = 1.376573e-06 ; dt = 27410.4 sec ; nmult =    363
   gs : iter =    364 ; delta = 2.000000e+00 ; diff = 1.347168e-06 ; dt = 27485.8 sec ; nmult =    364
   gs : iter =    365 ; delta = 2.000000e+00 ; diff = 1.318317e-06 ; dt = 27561.3 sec ; nmult =    365
   gs : iter =    366 ; delta = 2.000000e+00 ; diff = 1.290351e-06 ; dt = 27636.7 sec ; nmult =    366
   gs : iter =    367 ; delta = 2.000000e+00 ; diff = 1.262306e-06 ; dt = 27712.1 sec ; nmult =    367
   gs : iter =    368 ; delta = 2.000000e+00 ; diff = 1.235580e-06 ; dt = 27788.2 sec ; nmult =    368
   gs : iter =    369 ; delta = 2.000000e+00 ; diff = 1.208662e-06 ; dt = 27863.6 sec ; nmult =    369
   gs : iter =    370 ; delta = 2.000000e+00 ; diff = 1.183287e-06 ; dt = 27938.9 sec ; nmult =    370
   gs : iter =    371 ; delta = 2.000000e+00 ; diff = 1.157607e-06 ; dt = 28014.3 sec ; nmult =    371
   gs : iter =    372 ; delta = 2.000000e+00 ; diff = 1.133271e-06 ; dt = 28089.7 sec ; nmult =    372
   gs : iter =    373 ; delta = 2.000000e+00 ; diff = 1.108634e-06 ; dt = 28165.0 sec ; nmult =    373
   gs : iter =    374 ; delta = 2.000000e+00 ; diff = 1.085152e-06 ; dt = 28240.4 sec ; nmult =    374
   gs : iter =    375 ; delta = 2.000000e+00 ; diff = 1.061730e-06 ; dt = 28315.9 sec ; nmult =    375
   gs : iter =    376 ; delta = 2.000000e+00 ; diff = 1.039356e-06 ; dt = 28391.2 sec ; nmult =    376
   gs : iter =    377 ; delta = 2.000000e+00 ; diff = 1.017150e-06 ; dt = 28466.5 sec ; nmult =    377
   gs : iter =    378 ; delta = 2.000000e+00 ; diff = 9.954274e-07 ; dt = 28542.0 sec ; nmult =    378
   gs : iter =    379 ; delta = 2.000000e+00 ; diff = 9.740164e-07 ; dt = 28617.4 sec ; nmult =    379
   gs : iter =    380 ; delta = 2.000000e+00 ; diff = 9.533291e-07 ; dt = 28692.7 sec ; nmult =    380
   gs : iter =    381 ; delta = 2.000000e+00 ; diff = 9.330042e-07 ; dt = 28768.2 sec ; nmult =    381
   gs : iter =    382 ; delta = 2.000000e+00 ; diff = 9.132692e-07 ; dt = 28843.5 sec ; nmult =    382
   gs : iter =    383 ; delta = 2.000000e+00 ; diff = 8.936323e-07 ; dt = 28918.9 sec ; nmult =    383
   gs : iter =    384 ; delta = 2.000000e+00 ; diff = 8.747612e-07 ; dt = 28994.2 sec ; nmult =    384
   gs : iter =    385 ; delta = 2.000000e+00 ; diff = 8.558729e-07 ; dt = 29069.6 sec ; nmult =    385
   gs : iter =    386 ; delta = 2.000000e+00 ; diff = 8.380017e-07 ; dt = 29145.0 sec ; nmult =    386
   gs : iter =    387 ; delta = 2.000000e+00 ; diff = 8.198738e-07 ; dt = 29220.3 sec ; nmult =    387
   gs : iter =    388 ; delta = 2.000000e+00 ; diff = 8.028107e-07 ; dt = 29295.7 sec ; nmult =    388
   gs : iter =    389 ; delta = 2.000000e+00 ; diff = 7.854432e-07 ; dt = 29371.1 sec ; nmult =    389
   gs : iter =    390 ; delta = 2.000000e+00 ; diff = 7.689146e-07 ; dt = 29446.6 sec ; nmult =    390
   gs : iter =    391 ; delta = 2.000000e+00 ; diff = 7.523535e-07 ; dt = 29522.0 sec ; nmult =    391
   gs : iter =    392 ; delta = 2.000000e+00 ; diff = 7.366631e-07 ; dt = 29598.6 sec ; nmult =    392
   gs : iter =    393 ; delta = 2.000000e+00 ; diff = 7.209452e-07 ; dt = 29675.3 sec ; nmult =    393
   gs : iter =    394 ; delta = 2.000000e+00 ; diff = 7.056935e-07 ; dt = 29751.5 sec ; nmult =    394
   gs : iter =    395 ; delta = 2.000000e+00 ; diff = 6.906021e-07 ; dt = 29827.5 sec ; nmult =    395
   gs : iter =    396 ; delta = 2.000000e+00 ; diff = 6.760087e-07 ; dt = 29902.5 sec ; nmult =    396
   gs : iter =    397 ; delta = 2.000000e+00 ; diff = 6.616664e-07 ; dt = 29977.6 sec ; nmult =    397
   gs : iter =    398 ; delta = 2.000000e+00 ; diff = 6.477452e-07 ; dt = 30052.7 sec ; nmult =    398
   gs : iter =    399 ; delta = 2.000000e+00 ; diff = 6.339292e-07 ; dt = 30127.8 sec ; nmult =    399
   gs : iter =    400 ; delta = 2.000000e+00 ; diff = 6.206108e-07 ; dt = 30202.8 sec ; nmult =    400
   gs : iter =    401 ; delta = 2.000000e+00 ; diff = 6.073155e-07 ; dt = 30277.9 sec ; nmult =    401
   gs : iter =    402 ; delta = 2.000000e+00 ; diff = 5.946440e-07 ; dt = 30353.0 sec ; nmult =    402
   gs : iter =    403 ; delta = 2.000000e+00 ; diff = 5.818868e-07 ; dt = 30428.0 sec ; nmult =    403
   gs : iter =    404 ; delta = 2.000000e+00 ; diff = 5.698938e-07 ; dt = 30503.0 sec ; nmult =    404
   gs : iter =    405 ; delta = 2.000000e+00 ; diff = 5.575907e-07 ; dt = 30577.9 sec ; nmult =    405
   gs : iter =    406 ; delta = 2.000000e+00 ; diff = 5.459728e-07 ; dt = 30652.9 sec ; nmult =    406
   gs : iter =    407 ; delta = 2.000000e+00 ; diff = 5.342069e-07 ; dt = 30727.8 sec ; nmult =    407
   gs : iter =    408 ; delta = 2.000000e+00 ; diff = 5.231819e-07 ; dt = 30802.8 sec ; nmult =    408
   gs : iter =    409 ; delta = 2.000000e+00 ; diff = 5.120391e-07 ; dt = 30877.8 sec ; nmult =    409
   gs : iter =    410 ; delta = 2.000000e+00 ; diff = 5.013467e-07 ; dt = 30952.7 sec ; nmult =    410
   gs : iter =    411 ; delta = 2.000000e+00 ; diff = 4.906308e-07 ; dt = 31027.7 sec ; nmult =    411
   gs : iter =    412 ; delta = 2.000000e+00 ; diff = 4.803381e-07 ; dt = 31102.6 sec ; nmult =    412
   gs : iter =    413 ; delta = 2.000000e+00 ; diff = 4.701996e-07 ; dt = 31177.6 sec ; nmult =    413
   gs : iter =    414 ; delta = 2.000000e+00 ; diff = 4.603573e-07 ; dt = 31252.5 sec ; nmult =    414
   gs : iter =    415 ; delta = 2.000000e+00 ; diff = 4.506238e-07 ; dt = 31327.5 sec ; nmult =    415
   gs : iter =    416 ; delta = 2.000000e+00 ; diff = 4.412135e-07 ; dt = 31402.3 sec ; nmult =    416
   gs : iter =    417 ; delta = 2.000000e+00 ; diff = 4.317969e-07 ; dt = 31477.1 sec ; nmult =    417
   gs : iter =    418 ; delta = 2.000000e+00 ; diff = 4.228358e-07 ; dt = 31552.0 sec ; nmult =    418
   gs : iter =    419 ; delta = 2.000000e+00 ; diff = 4.138342e-07 ; dt = 31626.8 sec ; nmult =    419
   gs : iter =    420 ; delta = 2.000000e+00 ; diff = 4.053580e-07 ; dt = 31701.6 sec ; nmult =    420
   gs : iter =    421 ; delta = 2.000000e+00 ; diff = 3.966562e-07 ; dt = 31777.0 sec ; nmult =    421
   gs : iter =    422 ; delta = 2.000000e+00 ; diff = 3.884532e-07 ; dt = 31852.3 sec ; nmult =    422
   gs : iter =    423 ; delta = 2.000000e+00 ; diff = 3.800963e-07 ; dt = 31927.7 sec ; nmult =    423
   gs : iter =    424 ; delta = 2.000000e+00 ; diff = 3.723384e-07 ; dt = 32003.0 sec ; nmult =    424
   gs : iter =    425 ; delta = 2.000000e+00 ; diff = 3.644283e-07 ; dt = 32078.2 sec ; nmult =    425
   gs : iter =    426 ; delta = 2.000000e+00 ; diff = 3.569014e-07 ; dt = 32153.5 sec ; nmult =    426
   gs : iter =    427 ; delta = 2.000000e+00 ; diff = 3.492744e-07 ; dt = 32229.0 sec ; nmult =    427
   gs : iter =    428 ; delta = 2.000000e+00 ; diff = 3.420323e-07 ; dt = 32304.3 sec ; nmult =    428
   gs : iter =    429 ; delta = 2.000000e+00 ; diff = 3.348238e-07 ; dt = 32379.6 sec ; nmult =    429
   gs : iter =    430 ; delta = 2.000000e+00 ; diff = 3.278966e-07 ; dt = 32454.9 sec ; nmult =    430
   gs : iter =    431 ; delta = 2.000000e+00 ; diff = 3.210098e-07 ; dt = 32530.2 sec ; nmult =    431
   gs : iter =    432 ; delta = 2.000000e+00 ; diff = 3.143208e-07 ; dt = 32605.5 sec ; nmult =    432
   gs : iter =    433 ; delta = 2.000000e+00 ; diff = 3.076611e-07 ; dt = 32682.1 sec ; nmult =    433
   gs : iter =    434 ; delta = 2.000000e+00 ; diff = 3.013072e-07 ; dt = 32758.7 sec ; nmult =    434
   gs : iter =    435 ; delta = 2.000000e+00 ; diff = 2.949427e-07 ; dt = 32834.1 sec ; nmult =    435
   gs : iter =    436 ; delta = 2.000000e+00 ; diff = 2.889372e-07 ; dt = 32909.3 sec ; nmult =    436
   gs : iter =    437 ; delta = 2.000000e+00 ; diff = 2.827625e-07 ; dt = 32984.6 sec ; nmult =    437
   gs : iter =    438 ; delta = 2.000000e+00 ; diff = 2.769558e-07 ; dt = 33059.9 sec ; nmult =    438
   gs : iter =    439 ; delta = 2.000000e+00 ; diff = 2.710285e-07 ; dt = 33135.2 sec ; nmult =    439
   gs : iter =    440 ; delta = 2.000000e+00 ; diff = 2.655532e-07 ; dt = 33210.5 sec ; nmult =    440
   gs : iter =    441 ; delta = 2.000000e+00 ; diff = 2.599065e-07 ; dt = 33285.7 sec ; nmult =    441
   gs : iter =    442 ; delta = 2.000000e+00 ; diff = 2.546051e-07 ; dt = 33360.9 sec ; nmult =    442
   gs : iter =    443 ; delta = 2.000000e+00 ; diff = 2.491795e-07 ; dt = 33436.2 sec ; nmult =    443
   gs : iter =    444 ; delta = 2.000000e+00 ; diff = 2.440658e-07 ; dt = 33511.5 sec ; nmult =    444
   gs : iter =    445 ; delta = 2.000000e+00 ; diff = 2.389433e-07 ; dt = 33586.8 sec ; nmult =    445
   gs : iter =    446 ; delta = 2.000000e+00 ; diff = 2.340503e-07 ; dt = 33662.1 sec ; nmult =    446
   gs : iter =    447 ; delta = 2.000000e+00 ; diff = 2.291437e-07 ; dt = 33737.4 sec ; nmult =    447
   gs : iter =    448 ; delta = 2.000000e+00 ; diff = 2.244151e-07 ; dt = 33812.7 sec ; nmult =    448
   gs : iter =    449 ; delta = 2.000000e+00 ; diff = 2.197034e-07 ; dt = 33888.0 sec ; nmult =    449
   gs : iter =    450 ; delta = 2.000000e+00 ; diff = 2.151798e-07 ; dt = 33963.3 sec ; nmult =    450
   gs : iter =    451 ; delta = 2.000000e+00 ; diff = 2.106793e-07 ; dt = 34038.6 sec ; nmult =    451
   gs : iter =    452 ; delta = 2.000000e+00 ; diff = 2.063985e-07 ; dt = 34113.9 sec ; nmult =    452
   gs : iter =    453 ; delta = 2.000000e+00 ; diff = 2.020312e-07 ; dt = 34189.2 sec ; nmult =    453
   gs : iter =    454 ; delta = 2.000000e+00 ; diff = 1.979130e-07 ; dt = 34264.4 sec ; nmult =    454
   gs : iter =    455 ; delta = 2.000000e+00 ; diff = 1.937112e-07 ; dt = 34339.7 sec ; nmult =    455
   gs : iter =    456 ; delta = 2.000000e+00 ; diff = 1.898199e-07 ; dt = 34415.0 sec ; nmult =    456
   gs : iter =    457 ; delta = 2.000000e+00 ; diff = 1.857977e-07 ; dt = 34490.3 sec ; nmult =    457
   gs : iter =    458 ; delta = 2.000000e+00 ; diff = 1.820586e-07 ; dt = 34565.6 sec ; nmult =    458
   gs : iter =    459 ; delta = 2.000000e+00 ; diff = 1.781829e-07 ; dt = 34640.9 sec ; nmult =    459
   gs : iter =    460 ; delta = 2.000000e+00 ; diff = 1.745748e-07 ; dt = 34716.2 sec ; nmult =    460
   gs : iter =    461 ; delta = 2.000000e+00 ; diff = 1.709172e-07 ; dt = 34791.5 sec ; nmult =    461
   gs : iter =    462 ; delta = 2.000000e+00 ; diff = 1.674401e-07 ; dt = 34866.9 sec ; nmult =    462
   gs : iter =    463 ; delta = 2.000000e+00 ; diff = 1.639549e-07 ; dt = 34942.2 sec ; nmult =    463
   gs : iter =    464 ; delta = 2.000000e+00 ; diff = 1.606061e-07 ; dt = 35017.5 sec ; nmult =    464
   gs : iter =    465 ; delta = 2.000000e+00 ; diff = 1.572501e-07 ; dt = 35092.9 sec ; nmult =    465
   gs : iter =    466 ; delta = 2.000000e+00 ; diff = 1.540354e-07 ; dt = 35168.3 sec ; nmult =    466
   gs : iter =    467 ; delta = 2.000000e+00 ; diff = 1.508310e-07 ; dt = 35243.7 sec ; nmult =    467
   gs : iter =    468 ; delta = 2.000000e+00 ; diff = 1.477782e-07 ; dt = 35319.1 sec ; nmult =    468
   gs : iter =    469 ; delta = 2.000000e+00 ; diff = 1.446925e-07 ; dt = 35394.4 sec ; nmult =    469
   gs : iter =    470 ; delta = 2.000000e+00 ; diff = 1.417635e-07 ; dt = 35469.7 sec ; nmult =    470
   gs : iter =    471 ; delta = 2.000000e+00 ; diff = 1.387680e-07 ; dt = 35545.0 sec ; nmult =    471
   gs : iter =    472 ; delta = 2.000000e+00 ; diff = 1.359949e-07 ; dt = 35620.3 sec ; nmult =    472
   gs : iter =    473 ; delta = 2.000000e+00 ; diff = 1.331407e-07 ; dt = 35696.2 sec ; nmult =    473
   gs : iter =    474 ; delta = 2.000000e+00 ; diff = 1.304868e-07 ; dt = 35772.8 sec ; nmult =    474
   gs : iter =    475 ; delta = 2.000000e+00 ; diff = 1.277260e-07 ; dt = 35849.4 sec ; nmult =    475
   gs : iter =    476 ; delta = 2.000000e+00 ; diff = 1.251675e-07 ; dt = 35924.7 sec ; nmult =    476
   gs : iter =    477 ; delta = 2.000000e+00 ; diff = 1.225345e-07 ; dt = 36000.0 sec ; nmult =    477
   gs : iter =    478 ; delta = 2.000000e+00 ; diff = 1.200839e-07 ; dt = 36075.3 sec ; nmult =    478
   gs : iter =    479 ; delta = 2.000000e+00 ; diff = 1.175898e-07 ; dt = 36150.7 sec ; nmult =    479
   gs : iter =    480 ; delta = 2.000000e+00 ; diff = 1.152147e-07 ; dt = 36226.0 sec ; nmult =    480
   gs : iter =    481 ; delta = 2.000000e+00 ; diff = 1.128233e-07 ; dt = 36301.3 sec ; nmult =    481
   gs : iter =    482 ; delta = 2.000000e+00 ; diff = 1.105316e-07 ; dt = 36376.6 sec ; nmult =    482
   gs : iter =    483 ; delta = 2.000000e+00 ; diff = 1.082436e-07 ; dt = 36451.8 sec ; nmult =    483
   gs : iter =    484 ; delta = 2.000000e+00 ; diff = 1.060679e-07 ; dt = 36527.2 sec ; nmult =    484
   gs : iter =    485 ; delta = 2.000000e+00 ; diff = 1.038829e-07 ; dt = 36602.5 sec ; nmult =    485
   gs : iter =    486 ; delta = 2.000000e+00 ; diff = 1.017862e-07 ; dt = 36677.8 sec ; nmult =    486
   gs : iter =    487 ; delta = 7.158220e-08 ; diff = 9.965018e-08 ; dt = 36753.1 sec ; nmult =    488
gs : solved pagerank(a=0.9900) in   487 sweeps and   488 mults to 1.000000e-07 tol
output norm: 1.0000000000000000e+00
