Parameters: 
   graphfile = /var/tmp/dgleich/data/uk-2007-05-trans
      output = none
         alg = inoutgs
       alpha = 0.99
         tol = 1e-07
       maxit = 10000

nodes = 105896555
edges = -556233648
inoutgs(0.9900,0.5000,1.000000e-02,0) with tol=1.000000e-07 and maxit= 10000 iterations
 iogs (outer) : iter =      0 ; odelta = 1.372126e+00 ; dt =    74.1
 iogs (outer) : iter =      1 ; odelta = 3.233951e-01 ; dt =   450.0 ; nmult =         6
 iogs (outer) : iter =      2 ; odelta = 1.016377e-01 ; dt =   750.1 ; nmult =        10
 iogs (outer) : iter =      3 ; odelta = 5.165859e-02 ; dt =  1051.2 ; nmult =        14
 iogs (outer) : iter =      4 ; odelta = 3.553289e-02 ; dt =  1356.1 ; nmult =        18
 iogs (outer) : iter =      5 ; odelta = 2.768575e-02 ; dt =  1657.6 ; nmult =        22
 iogs (outer) : iter =      6 ; odelta = 2.279923e-02 ; dt =  1957.9 ; nmult =        26
 iogs (outer) : iter =      7 ; odelta = 1.956650e-02 ; dt =  2182.9 ; nmult =        29
 iogs (outer) : iter =      8 ; odelta = 1.712007e-02 ; dt =  2407.8 ; nmult =        32
 iogs (outer) : iter =      9 ; odelta = 1.518777e-02 ; dt =  2632.9 ; nmult =        35
 iogs (outer) : iter =     10 ; odelta = 1.361657e-02 ; dt =  2857.9 ; nmult =        38
 iogs (outer) : iter =     11 ; odelta = 1.231441e-02 ; dt =  3086.0 ; nmult =        41
 iogs (outer) : iter =     12 ; odelta = 1.121734e-02 ; dt =  3312.5 ; nmult =        44
 iogs (outer) : iter =     13 ; odelta = 1.027849e-02 ; dt =  3537.4 ; nmult =        47
 iogs (outer) : iter =     14 ; odelta = 9.466533e-03 ; dt =  3762.2 ; nmult =        50
 iogs (   gs) : iter =     15 ; delta = 9.466533e-03 ; diff = 3.722533e-02 ; dt =  3838.1 sec ; nmult =     51
 iogs (   gs) : iter =     16 ; delta = 9.466533e-03 ; diff = 1.851168e-02 ; dt =  3913.2 sec ; nmult =     52
 iogs (   gs) : iter =     17 ; delta = 9.466533e-03 ; diff = 1.721824e-02 ; dt =  3988.3 sec ; nmult =     53
 iogs (   gs) : iter =     18 ; delta = 9.466533e-03 ; diff = 1.582725e-02 ; dt =  4063.4 sec ; nmult =     54
 iogs (   gs) : iter =     19 ; delta = 9.466533e-03 ; diff = 1.458434e-02 ; dt =  4138.5 sec ; nmult =     55
 iogs (   gs) : iter =     20 ; delta = 9.466533e-03 ; diff = 1.348488e-02 ; dt =  4213.6 sec ; nmult =     56
 iogs (   gs) : iter =     21 ; delta = 9.466533e-03 ; diff = 1.251462e-02 ; dt =  4288.7 sec ; nmult =     57
 iogs (   gs) : iter =     22 ; delta = 9.466533e-03 ; diff = 1.164652e-02 ; dt =  4363.8 sec ; nmult =     58
 iogs (   gs) : iter =     23 ; delta = 9.466533e-03 ; diff = 1.086711e-02 ; dt =  4439.0 sec ; nmult =     59
 iogs (   gs) : iter =     24 ; delta = 9.466533e-03 ; diff = 1.015971e-02 ; dt =  4514.1 sec ; nmult =     60
 iogs (   gs) : iter =     25 ; delta = 9.466533e-03 ; diff = 9.519416e-03 ; dt =  4589.1 sec ; nmult =     61
 iogs (   gs) : iter =     26 ; delta = 9.466533e-03 ; diff = 8.936143e-03 ; dt =  4664.2 sec ; nmult =     62
 iogs (   gs) : iter =     27 ; delta = 9.466533e-03 ; diff = 8.406038e-03 ; dt =  4740.4 sec ; nmult =     63
 iogs (   gs) : iter =     28 ; delta = 9.466533e-03 ; diff = 7.920780e-03 ; dt =  4816.5 sec ; nmult =     64
 iogs (   gs) : iter =     29 ; delta = 9.466533e-03 ; diff = 7.476856e-03 ; dt =  4892.6 sec ; nmult =     65
 iogs (   gs) : iter =     30 ; delta = 9.466533e-03 ; diff = 7.066811e-03 ; dt =  4968.8 sec ; nmult =     66
 iogs (   gs) : iter =     31 ; delta = 9.466533e-03 ; diff = 6.688086e-03 ; dt =  5044.4 sec ; nmult =     67
 iogs (   gs) : iter =     32 ; delta = 9.466533e-03 ; diff = 6.335938e-03 ; dt =  5119.5 sec ; nmult =     68
 iogs (   gs) : iter =     33 ; delta = 9.466533e-03 ; diff = 6.009285e-03 ; dt =  5194.7 sec ; nmult =     69
 iogs (   gs) : iter =     34 ; delta = 9.466533e-03 ; diff = 5.704826e-03 ; dt =  5269.8 sec ; nmult =     70
 iogs (   gs) : iter =     35 ; delta = 9.466533e-03 ; diff = 5.421037e-03 ; dt =  5344.9 sec ; nmult =     71
 iogs (   gs) : iter =     36 ; delta = 9.466533e-03 ; diff = 5.154917e-03 ; dt =  5420.0 sec ; nmult =     72
 iogs (   gs) : iter =     37 ; delta = 9.466533e-03 ; diff = 4.906224e-03 ; dt =  5495.2 sec ; nmult =     73
 iogs (   gs) : iter =     38 ; delta = 9.466533e-03 ; diff = 4.672759e-03 ; dt =  5570.3 sec ; nmult =     74
 iogs (   gs) : iter =     39 ; delta = 9.466533e-03 ; diff = 4.453702e-03 ; dt =  5645.6 sec ; nmult =     75
 iogs (   gs) : iter =     40 ; delta = 9.466533e-03 ; diff = 4.246968e-03 ; dt =  5720.7 sec ; nmult =     76
 iogs (   gs) : iter =     41 ; delta = 9.466533e-03 ; diff = 4.052589e-03 ; dt =  5796.6 sec ; nmult =     77
 iogs (   gs) : iter =     42 ; delta = 9.466533e-03 ; diff = 3.869119e-03 ; dt =  5871.7 sec ; nmult =     78
 iogs (   gs) : iter =     43 ; delta = 9.466533e-03 ; diff = 3.696366e-03 ; dt =  5946.8 sec ; nmult =     79
 iogs (   gs) : iter =     44 ; delta = 9.466533e-03 ; diff = 3.532872e-03 ; dt =  6021.9 sec ; nmult =     80
 iogs (   gs) : iter =     45 ; delta = 9.466533e-03 ; diff = 3.378997e-03 ; dt =  6097.1 sec ; nmult =     81
 iogs (   gs) : iter =     46 ; delta = 9.466533e-03 ; diff = 3.233093e-03 ; dt =  6172.2 sec ; nmult =     82
 iogs (   gs) : iter =     47 ; delta = 9.466533e-03 ; diff = 3.095407e-03 ; dt =  6247.5 sec ; nmult =     83
 iogs (   gs) : iter =     48 ; delta = 9.466533e-03 ; diff = 2.964575e-03 ; dt =  6322.7 sec ; nmult =     84
 iogs (   gs) : iter =     49 ; delta = 9.466533e-03 ; diff = 2.840833e-03 ; dt =  6397.8 sec ; nmult =     85
 iogs (   gs) : iter =     50 ; delta = 9.466533e-03 ; diff = 2.723121e-03 ; dt =  6473.1 sec ; nmult =     86
 iogs (   gs) : iter =     51 ; delta = 9.466533e-03 ; diff = 2.611779e-03 ; dt =  6549.3 sec ; nmult =     87
 iogs (   gs) : iter =     52 ; delta = 9.466533e-03 ; diff = 2.505744e-03 ; dt =  6625.4 sec ; nmult =     88
 iogs (   gs) : iter =     53 ; delta = 9.466533e-03 ; diff = 2.405333e-03 ; dt =  6701.6 sec ; nmult =     89
 iogs (   gs) : iter =     54 ; delta = 9.466533e-03 ; diff = 2.309401e-03 ; dt =  6777.7 sec ; nmult =     90
 iogs (   gs) : iter =     55 ; delta = 9.466533e-03 ; diff = 2.218355e-03 ; dt =  6853.2 sec ; nmult =     91
 iogs (   gs) : iter =     56 ; delta = 9.466533e-03 ; diff = 2.131309e-03 ; dt =  6928.3 sec ; nmult =     92
 iogs (   gs) : iter =     57 ; delta = 9.466533e-03 ; diff = 2.048711e-03 ; dt =  7003.4 sec ; nmult =     93
 iogs (   gs) : iter =     58 ; delta = 9.466533e-03 ; diff = 1.969765e-03 ; dt =  7078.5 sec ; nmult =     94
 iogs (   gs) : iter =     59 ; delta = 9.466533e-03 ; diff = 1.894797e-03 ; dt =  7153.6 sec ; nmult =     95
 iogs (   gs) : iter =     60 ; delta = 9.466533e-03 ; diff = 1.823020e-03 ; dt =  7228.7 sec ; nmult =     96
 iogs (   gs) : iter =     61 ; delta = 9.466533e-03 ; diff = 1.755155e-03 ; dt =  7303.8 sec ; nmult =     97
 iogs (   gs) : iter =     62 ; delta = 9.466533e-03 ; diff = 1.690669e-03 ; dt =  7378.9 sec ; nmult =     98
 iogs (   gs) : iter =     63 ; delta = 9.466533e-03 ; diff = 1.629380e-03 ; dt =  7454.1 sec ; nmult =     99
 iogs (   gs) : iter =     64 ; delta = 9.466533e-03 ; diff = 1.570504e-03 ; dt =  7529.2 sec ; nmult =    100
 iogs (   gs) : iter =     65 ; delta = 9.466533e-03 ; diff = 1.514419e-03 ; dt =  7604.4 sec ; nmult =    101
 iogs (   gs) : iter =     66 ; delta = 9.466533e-03 ; diff = 1.460439e-03 ; dt =  7679.5 sec ; nmult =    102
 iogs (   gs) : iter =     67 ; delta = 9.466533e-03 ; diff = 1.409044e-03 ; dt =  7754.5 sec ; nmult =    103
 iogs (   gs) : iter =     68 ; delta = 9.466533e-03 ; diff = 1.359662e-03 ; dt =  7829.6 sec ; nmult =    104
 iogs (   gs) : iter =     69 ; delta = 9.466533e-03 ; diff = 1.312632e-03 ; dt =  7904.7 sec ; nmult =    105
 iogs (   gs) : iter =     70 ; delta = 9.466533e-03 ; diff = 1.267331e-03 ; dt =  7979.9 sec ; nmult =    106
 iogs (   gs) : iter =     71 ; delta = 9.466533e-03 ; diff = 1.224131e-03 ; dt =  8055.1 sec ; nmult =    107
 iogs (   gs) : iter =     72 ; delta = 9.466533e-03 ; diff = 1.182393e-03 ; dt =  8130.2 sec ; nmult =    108
 iogs (   gs) : iter =     73 ; delta = 9.466533e-03 ; diff = 1.142513e-03 ; dt =  8205.3 sec ; nmult =    109
 iogs (   gs) : iter =     74 ; delta = 9.466533e-03 ; diff = 1.103972e-03 ; dt =  8280.6 sec ; nmult =    110
 iogs (   gs) : iter =     75 ; delta = 9.466533e-03 ; diff = 1.067141e-03 ; dt =  8356.8 sec ; nmult =    111
 iogs (   gs) : iter =     76 ; delta = 9.466533e-03 ; diff = 1.031491e-03 ; dt =  8432.9 sec ; nmult =    112
 iogs (   gs) : iter =     77 ; delta = 9.466533e-03 ; diff = 9.974037e-04 ; dt =  8509.1 sec ; nmult =    113
 iogs (   gs) : iter =     78 ; delta = 9.466533e-03 ; diff = 9.644093e-04 ; dt =  8585.2 sec ; nmult =    114
 iogs (   gs) : iter =     79 ; delta = 9.466533e-03 ; diff = 9.328680e-04 ; dt =  8661.2 sec ; nmult =    115
 iogs (   gs) : iter =     80 ; delta = 9.466533e-03 ; diff = 9.023202e-04 ; dt =  8736.4 sec ; nmult =    116
 iogs (   gs) : iter =     81 ; delta = 9.466533e-03 ; diff = 8.731727e-04 ; dt =  8811.5 sec ; nmult =    117
 iogs (   gs) : iter =     82 ; delta = 9.466533e-03 ; diff = 8.449146e-04 ; dt =  8887.2 sec ; nmult =    118
 iogs (   gs) : iter =     83 ; delta = 9.466533e-03 ; diff = 8.178945e-04 ; dt =  8963.0 sec ; nmult =    119
 iogs (   gs) : iter =     84 ; delta = 9.466533e-03 ; diff = 7.916847e-04 ; dt =  9038.1 sec ; nmult =    120
 iogs (   gs) : iter =     85 ; delta = 9.466533e-03 ; diff = 7.666390e-04 ; dt =  9113.2 sec ; nmult =    121
 iogs (   gs) : iter =     86 ; delta = 9.466533e-03 ; diff = 7.423082e-04 ; dt =  9188.3 sec ; nmult =    122
 iogs (   gs) : iter =     87 ; delta = 9.466533e-03 ; diff = 7.190265e-04 ; dt =  9263.6 sec ; nmult =    123
 iogs (   gs) : iter =     88 ; delta = 9.466533e-03 ; diff = 6.963698e-04 ; dt =  9338.7 sec ; nmult =    124
 iogs (   gs) : iter =     89 ; delta = 9.466533e-03 ; diff = 6.746952e-04 ; dt =  9413.8 sec ; nmult =    125
 iogs (   gs) : iter =     90 ; delta = 9.466533e-03 ; diff = 6.536233e-04 ; dt =  9488.9 sec ; nmult =    126
 iogs (   gs) : iter =     91 ; delta = 9.466533e-03 ; diff = 6.334538e-04 ; dt =  9564.1 sec ; nmult =    127
 iogs (   gs) : iter =     92 ; delta = 9.466533e-03 ; diff = 6.138260e-04 ; dt =  9639.2 sec ; nmult =    128
 iogs (   gs) : iter =     93 ; delta = 9.466533e-03 ; diff = 5.950295e-04 ; dt =  9714.4 sec ; nmult =    129
 iogs (   gs) : iter =     94 ; delta = 9.466533e-03 ; diff = 5.767182e-04 ; dt =  9789.5 sec ; nmult =    130
 iogs (   gs) : iter =     95 ; delta = 9.466533e-03 ; diff = 5.591953e-04 ; dt =  9864.8 sec ; nmult =    131
 iogs (   gs) : iter =     96 ; delta = 9.466533e-03 ; diff = 5.421065e-04 ; dt =  9940.1 sec ; nmult =    132
 iogs (   gs) : iter =     97 ; delta = 9.466533e-03 ; diff = 5.257429e-04 ; dt = 10015.2 sec ; nmult =    133
 iogs (   gs) : iter =     98 ; delta = 9.466533e-03 ; diff = 5.097769e-04 ; dt = 10090.7 sec ; nmult =    134
 iogs (   gs) : iter =     99 ; delta = 9.466533e-03 ; diff = 4.945105e-04 ; dt = 10166.9 sec ; nmult =    135
 iogs (   gs) : iter =    100 ; delta = 9.466533e-03 ; diff = 4.795923e-04 ; dt = 10243.1 sec ; nmult =    136
 iogs (   gs) : iter =    101 ; delta = 9.466533e-03 ; diff = 4.653089e-04 ; dt = 10319.3 sec ; nmult =    137
 iogs (   gs) : iter =    102 ; delta = 9.466533e-03 ; diff = 4.513573e-04 ; dt = 10395.6 sec ; nmult =    138
 iogs (   gs) : iter =    103 ; delta = 9.466533e-03 ; diff = 4.380016e-04 ; dt = 10470.7 sec ; nmult =    139
 iogs (   gs) : iter =    104 ; delta = 9.466533e-03 ; diff = 4.249385e-04 ; dt = 10545.9 sec ; nmult =    140
 iogs (   gs) : iter =    105 ; delta = 9.466533e-03 ; diff = 4.124370e-04 ; dt = 10621.0 sec ; nmult =    141
 iogs (   gs) : iter =    106 ; delta = 9.466533e-03 ; diff = 4.001999e-04 ; dt = 10696.2 sec ; nmult =    142
 iogs (   gs) : iter =    107 ; delta = 9.466533e-03 ; diff = 3.884945e-04 ; dt = 10771.3 sec ; nmult =    143
 iogs (   gs) : iter =    108 ; delta = 9.466533e-03 ; diff = 3.770371e-04 ; dt = 10846.4 sec ; nmult =    144
 iogs (   gs) : iter =    109 ; delta = 9.466533e-03 ; diff = 3.660629e-04 ; dt = 10921.5 sec ; nmult =    145
 iogs (   gs) : iter =    110 ; delta = 9.466533e-03 ; diff = 3.553212e-04 ; dt = 10996.8 sec ; nmult =    146
 iogs (   gs) : iter =    111 ; delta = 9.466533e-03 ; diff = 3.450431e-04 ; dt = 11071.9 sec ; nmult =    147
 iogs (   gs) : iter =    112 ; delta = 9.466533e-03 ; diff = 3.349572e-04 ; dt = 11147.1 sec ; nmult =    148
 iogs (   gs) : iter =    113 ; delta = 9.466533e-03 ; diff = 3.253153e-04 ; dt = 11222.2 sec ; nmult =    149
 iogs (   gs) : iter =    114 ; delta = 9.466533e-03 ; diff = 3.158595e-04 ; dt = 11297.3 sec ; nmult =    150
 iogs (   gs) : iter =    115 ; delta = 9.466533e-03 ; diff = 3.068153e-04 ; dt = 11372.5 sec ; nmult =    151
 iogs (   gs) : iter =    116 ; delta = 9.466533e-03 ; diff = 2.979412e-04 ; dt = 11447.7 sec ; nmult =    152
 iogs (   gs) : iter =    117 ; delta = 9.466533e-03 ; diff = 2.894595e-04 ; dt = 11522.8 sec ; nmult =    153
 iogs (   gs) : iter =    118 ; delta = 9.466533e-03 ; diff = 2.811269e-04 ; dt = 11598.0 sec ; nmult =    154
 iogs (   gs) : iter =    119 ; delta = 9.466533e-03 ; diff = 2.731653e-04 ; dt = 11673.2 sec ; nmult =    155
 iogs (   gs) : iter =    120 ; delta = 9.466533e-03 ; diff = 2.653404e-04 ; dt = 11748.3 sec ; nmult =    156
 iogs (   gs) : iter =    121 ; delta = 9.466533e-03 ; diff = 2.578594e-04 ; dt = 11823.4 sec ; nmult =    157
 iogs (   gs) : iter =    122 ; delta = 9.466533e-03 ; diff = 2.505090e-04 ; dt = 11899.7 sec ; nmult =    158
 iogs (   gs) : iter =    123 ; delta = 9.466533e-03 ; diff = 2.434869e-04 ; dt = 11977.2 sec ; nmult =    159
 iogs (   gs) : iter =    124 ; delta = 9.466533e-03 ; diff = 2.365827e-04 ; dt = 12053.4 sec ; nmult =    160
 iogs (   gs) : iter =    125 ; delta = 9.466533e-03 ; diff = 2.299900e-04 ; dt = 12129.6 sec ; nmult =    161
 iogs (   gs) : iter =    126 ; delta = 9.466533e-03 ; diff = 2.235097e-04 ; dt = 12205.7 sec ; nmult =    162
 iogs (   gs) : iter =    127 ; delta = 9.466533e-03 ; diff = 2.173160e-04 ; dt = 12280.9 sec ; nmult =    163
 iogs (   gs) : iter =    128 ; delta = 9.466533e-03 ; diff = 2.112183e-04 ; dt = 12356.0 sec ; nmult =    164
 iogs (   gs) : iter =    129 ; delta = 9.466533e-03 ; diff = 2.053996e-04 ; dt = 12431.1 sec ; nmult =    165
 iogs (   gs) : iter =    130 ; delta = 9.466533e-03 ; diff = 1.996653e-04 ; dt = 12506.3 sec ; nmult =    166
 iogs (   gs) : iter =    131 ; delta = 9.466533e-03 ; diff = 1.941906e-04 ; dt = 12581.5 sec ; nmult =    167
 iogs (   gs) : iter =    132 ; delta = 9.466533e-03 ; diff = 1.887920e-04 ; dt = 12656.6 sec ; nmult =    168
 iogs (   gs) : iter =    133 ; delta = 9.466533e-03 ; diff = 1.836364e-04 ; dt = 12731.7 sec ; nmult =    169
 iogs (   gs) : iter =    134 ; delta = 9.466533e-03 ; diff = 1.785505e-04 ; dt = 12807.0 sec ; nmult =    170
 iogs (   gs) : iter =    135 ; delta = 9.466533e-03 ; diff = 1.737018e-04 ; dt = 12882.1 sec ; nmult =    171
 iogs (   gs) : iter =    136 ; delta = 9.466533e-03 ; diff = 1.689070e-04 ; dt = 12957.2 sec ; nmult =    172
 iogs (   gs) : iter =    137 ; delta = 9.466533e-03 ; diff = 1.643362e-04 ; dt = 13032.4 sec ; nmult =    173
 iogs (   gs) : iter =    138 ; delta = 9.466533e-03 ; diff = 1.598188e-04 ; dt = 13107.5 sec ; nmult =    174
 iogs (   gs) : iter =    139 ; delta = 9.466533e-03 ; diff = 1.555081e-04 ; dt = 13182.6 sec ; nmult =    175
 iogs (   gs) : iter =    140 ; delta = 9.466533e-03 ; diff = 1.512460e-04 ; dt = 13257.7 sec ; nmult =    176
 iogs (   gs) : iter =    141 ; delta = 9.466533e-03 ; diff = 1.471824e-04 ; dt = 13332.9 sec ; nmult =    177
 iogs (   gs) : iter =    142 ; delta = 9.466533e-03 ; diff = 1.431615e-04 ; dt = 13408.1 sec ; nmult =    178
 iogs (   gs) : iter =    143 ; delta = 9.466533e-03 ; diff = 1.393301e-04 ; dt = 13483.3 sec ; nmult =    179
 iogs (   gs) : iter =    144 ; delta = 9.466533e-03 ; diff = 1.355360e-04 ; dt = 13558.4 sec ; nmult =    180
 iogs (   gs) : iter =    145 ; delta = 9.466533e-03 ; diff = 1.319190e-04 ; dt = 13633.5 sec ; nmult =    181
 iogs (   gs) : iter =    146 ; delta = 9.466533e-03 ; diff = 1.283374e-04 ; dt = 13709.2 sec ; nmult =    182
 iogs (   gs) : iter =    147 ; delta = 9.466533e-03 ; diff = 1.249258e-04 ; dt = 13785.4 sec ; nmult =    183
 iogs (   gs) : iter =    148 ; delta = 9.466533e-03 ; diff = 1.215416e-04 ; dt = 13861.5 sec ; nmult =    184
 iogs (   gs) : iter =    149 ; delta = 9.466533e-03 ; diff = 1.183194e-04 ; dt = 13937.6 sec ; nmult =    185
 iogs (   gs) : iter =    150 ; delta = 9.466533e-03 ; diff = 1.151238e-04 ; dt = 14013.6 sec ; nmult =    186
 iogs (   gs) : iter =    151 ; delta = 9.466533e-03 ; diff = 1.120821e-04 ; dt = 14088.7 sec ; nmult =    187
 iogs (   gs) : iter =    152 ; delta = 9.466533e-03 ; diff = 1.090604e-04 ; dt = 14163.7 sec ; nmult =    188
 iogs (   gs) : iter =    153 ; delta = 9.466533e-03 ; diff = 1.061878e-04 ; dt = 14238.9 sec ; nmult =    189
 iogs (   gs) : iter =    154 ; delta = 9.466533e-03 ; diff = 1.033318e-04 ; dt = 14314.0 sec ; nmult =    190
 iogs (   gs) : iter =    155 ; delta = 9.466533e-03 ; diff = 1.006184e-04 ; dt = 14389.0 sec ; nmult =    191
 iogs (   gs) : iter =    156 ; delta = 9.466533e-03 ; diff = 9.792168e-05 ; dt = 14464.1 sec ; nmult =    192
 iogs (   gs) : iter =    157 ; delta = 9.466533e-03 ; diff = 9.535667e-05 ; dt = 14539.2 sec ; nmult =    193
 iogs (   gs) : iter =    158 ; delta = 9.466533e-03 ; diff = 9.280660e-05 ; dt = 14614.4 sec ; nmult =    194
 iogs (   gs) : iter =    159 ; delta = 9.466533e-03 ; diff = 9.038443e-05 ; dt = 14689.5 sec ; nmult =    195
 iogs (   gs) : iter =    160 ; delta = 9.466533e-03 ; diff = 8.797270e-05 ; dt = 14764.6 sec ; nmult =    196
 iogs (   gs) : iter =    161 ; delta = 9.466533e-03 ; diff = 8.568154e-05 ; dt = 14839.6 sec ; nmult =    197
 iogs (   gs) : iter =    162 ; delta = 9.466533e-03 ; diff = 8.340170e-05 ; dt = 14915.4 sec ; nmult =    198
 iogs (   gs) : iter =    163 ; delta = 9.466533e-03 ; diff = 8.123537e-05 ; dt = 14991.8 sec ; nmult =    199
 iogs (   gs) : iter =    164 ; delta = 9.466533e-03 ; diff = 7.907803e-05 ; dt = 15068.2 sec ; nmult =    200
 iogs (   gs) : iter =    165 ; delta = 9.466533e-03 ; diff = 7.703116e-05 ; dt = 15143.3 sec ; nmult =    201
 iogs (   gs) : iter =    166 ; delta = 9.466533e-03 ; diff = 7.498860e-05 ; dt = 15218.6 sec ; nmult =    202
 iogs (   gs) : iter =    167 ; delta = 9.466533e-03 ; diff = 7.305267e-05 ; dt = 15293.7 sec ; nmult =    203
 iogs (   gs) : iter =    168 ; delta = 9.466533e-03 ; diff = 7.111949e-05 ; dt = 15368.8 sec ; nmult =    204
 iogs (   gs) : iter =    169 ; delta = 9.466533e-03 ; diff = 6.928791e-05 ; dt = 15444.0 sec ; nmult =    205
 iogs (   gs) : iter =    170 ; delta = 9.466533e-03 ; diff = 6.745786e-05 ; dt = 15519.9 sec ; nmult =    206
 iogs (   gs) : iter =    171 ; delta = 9.466533e-03 ; diff = 6.572556e-05 ; dt = 15596.1 sec ; nmult =    207
 iogs (   gs) : iter =    172 ; delta = 9.466533e-03 ; diff = 6.399276e-05 ; dt = 15672.9 sec ; nmult =    208
 iogs (   gs) : iter =    173 ; delta = 9.466533e-03 ; diff = 6.235357e-05 ; dt = 15749.1 sec ; nmult =    209
 iogs (   gs) : iter =    174 ; delta = 9.466533e-03 ; diff = 6.071549e-05 ; dt = 15825.1 sec ; nmult =    210
 iogs (   gs) : iter =    175 ; delta = 9.466533e-03 ; diff = 5.916606e-05 ; dt = 15900.2 sec ; nmult =    211
 iogs (   gs) : iter =    176 ; delta = 9.466533e-03 ; diff = 5.761469e-05 ; dt = 15975.3 sec ; nmult =    212
 iogs (   gs) : iter =    177 ; delta = 9.466533e-03 ; diff = 5.614787e-05 ; dt = 16050.4 sec ; nmult =    213
 iogs (   gs) : iter =    178 ; delta = 9.466533e-03 ; diff = 5.467901e-05 ; dt = 16125.6 sec ; nmult =    214
 iogs (   gs) : iter =    179 ; delta = 9.466533e-03 ; diff = 5.329025e-05 ; dt = 16200.7 sec ; nmult =    215
 iogs (   gs) : iter =    180 ; delta = 9.466533e-03 ; diff = 5.189965e-05 ; dt = 16275.9 sec ; nmult =    216
 iogs (   gs) : iter =    181 ; delta = 9.466533e-03 ; diff = 5.058555e-05 ; dt = 16351.0 sec ; nmult =    217
 iogs (   gs) : iter =    182 ; delta = 9.466533e-03 ; diff = 4.926882e-05 ; dt = 16426.9 sec ; nmult =    218
 iogs (   gs) : iter =    183 ; delta = 9.466533e-03 ; diff = 4.802671e-05 ; dt = 16502.1 sec ; nmult =    219
 iogs (   gs) : iter =    184 ; delta = 9.466533e-03 ; diff = 4.677846e-05 ; dt = 16577.2 sec ; nmult =    220
 iogs (   gs) : iter =    185 ; delta = 9.466533e-03 ; diff = 4.560206e-05 ; dt = 16652.5 sec ; nmult =    221
 iogs (   gs) : iter =    186 ; delta = 9.466533e-03 ; diff = 4.442009e-05 ; dt = 16727.6 sec ; nmult =    222
 iogs (   gs) : iter =    187 ; delta = 9.466533e-03 ; diff = 4.330549e-05 ; dt = 16802.8 sec ; nmult =    223
 iogs (   gs) : iter =    188 ; delta = 9.466533e-03 ; diff = 4.218443e-05 ; dt = 16878.0 sec ; nmult =    224
 iogs (   gs) : iter =    189 ; delta = 9.466533e-03 ; diff = 4.112875e-05 ; dt = 16953.1 sec ; nmult =    225
 iogs (   gs) : iter =    190 ; delta = 9.466533e-03 ; diff = 4.006590e-05 ; dt = 17029.1 sec ; nmult =    226
 iogs (   gs) : iter =    191 ; delta = 9.466533e-03 ; diff = 3.906625e-05 ; dt = 17104.3 sec ; nmult =    227
 iogs (   gs) : iter =    192 ; delta = 9.466533e-03 ; diff = 3.805972e-05 ; dt = 17179.4 sec ; nmult =    228
 iogs (   gs) : iter =    193 ; delta = 9.466533e-03 ; diff = 3.711190e-05 ; dt = 17254.5 sec ; nmult =    229
 iogs (   gs) : iter =    194 ; delta = 9.466533e-03 ; diff = 3.615762e-05 ; dt = 17330.5 sec ; nmult =    230
 iogs (   gs) : iter =    195 ; delta = 9.466533e-03 ; diff = 3.526041e-05 ; dt = 17406.7 sec ; nmult =    231
 iogs (   gs) : iter =    196 ; delta = 9.466533e-03 ; diff = 3.435537e-05 ; dt = 17482.8 sec ; nmult =    232
 iogs (   gs) : iter =    197 ; delta = 9.466533e-03 ; diff = 3.350480e-05 ; dt = 17559.0 sec ; nmult =    233
 iogs (   gs) : iter =    198 ; delta = 9.466533e-03 ; diff = 3.264676e-05 ; dt = 17634.8 sec ; nmult =    234
 iogs (   gs) : iter =    199 ; delta = 9.466533e-03 ; diff = 3.184097e-05 ; dt = 17709.9 sec ; nmult =    235
 iogs (   gs) : iter =    200 ; delta = 9.466533e-03 ; diff = 3.102668e-05 ; dt = 17784.9 sec ; nmult =    236
 iogs (   gs) : iter =    201 ; delta = 9.466533e-03 ; diff = 3.026314e-05 ; dt = 17860.0 sec ; nmult =    237
 iogs (   gs) : iter =    202 ; delta = 9.466533e-03 ; diff = 2.949069e-05 ; dt = 17935.0 sec ; nmult =    238
 iogs (   gs) : iter =    203 ; delta = 9.466533e-03 ; diff = 2.876726e-05 ; dt = 18010.0 sec ; nmult =    239
 iogs (   gs) : iter =    204 ; delta = 9.466533e-03 ; diff = 2.803480e-05 ; dt = 18085.7 sec ; nmult =    240
 iogs (   gs) : iter =    205 ; delta = 9.466533e-03 ; diff = 2.734856e-05 ; dt = 18160.8 sec ; nmult =    241
 iogs (   gs) : iter =    206 ; delta = 9.466533e-03 ; diff = 2.665314e-05 ; dt = 18236.0 sec ; nmult =    242
 iogs (   gs) : iter =    207 ; delta = 9.466533e-03 ; diff = 2.600304e-05 ; dt = 18311.2 sec ; nmult =    243
 iogs (   gs) : iter =    208 ; delta = 9.466533e-03 ; diff = 2.534246e-05 ; dt = 18388.2 sec ; nmult =    244
 iogs (   gs) : iter =    209 ; delta = 9.466533e-03 ; diff = 2.472494e-05 ; dt = 18465.1 sec ; nmult =    245
 iogs (   gs) : iter =    210 ; delta = 9.466533e-03 ; diff = 2.409865e-05 ; dt = 18541.2 sec ; nmult =    246
 iogs (   gs) : iter =    211 ; delta = 9.466533e-03 ; diff = 2.351258e-05 ; dt = 18616.5 sec ; nmult =    247
 iogs (   gs) : iter =    212 ; delta = 9.466533e-03 ; diff = 2.291760e-05 ; dt = 18691.9 sec ; nmult =    248
 iogs (   gs) : iter =    213 ; delta = 9.466533e-03 ; diff = 2.236196e-05 ; dt = 18767.4 sec ; nmult =    249
 iogs (   gs) : iter =    214 ; delta = 9.466533e-03 ; diff = 2.179675e-05 ; dt = 18842.8 sec ; nmult =    250
 iogs (   gs) : iter =    215 ; delta = 9.466533e-03 ; diff = 2.126944e-05 ; dt = 18918.1 sec ; nmult =    251
 iogs (   gs) : iter =    216 ; delta = 9.466533e-03 ; diff = 2.073272e-05 ; dt = 18993.4 sec ; nmult =    252
 iogs (   gs) : iter =    217 ; delta = 9.466533e-03 ; diff = 2.023211e-05 ; dt = 19069.0 sec ; nmult =    253
 iogs (   gs) : iter =    218 ; delta = 9.466533e-03 ; diff = 1.972222e-05 ; dt = 19145.4 sec ; nmult =    254
 iogs (   gs) : iter =    219 ; delta = 9.466533e-03 ; diff = 1.924767e-05 ; dt = 19221.9 sec ; nmult =    255
 iogs (   gs) : iter =    220 ; delta = 9.466533e-03 ; diff = 1.876317e-05 ; dt = 19298.2 sec ; nmult =    256
 iogs (   gs) : iter =    221 ; delta = 9.466533e-03 ; diff = 1.831265e-05 ; dt = 19374.6 sec ; nmult =    257
 iogs (   gs) : iter =    222 ; delta = 9.466533e-03 ; diff = 1.785265e-05 ; dt = 19450.5 sec ; nmult =    258
 iogs (   gs) : iter =    223 ; delta = 9.466533e-03 ; diff = 1.742509e-05 ; dt = 19525.9 sec ; nmult =    259
 iogs (   gs) : iter =    224 ; delta = 9.466533e-03 ; diff = 1.698772e-05 ; dt = 19601.3 sec ; nmult =    260
 iogs (   gs) : iter =    225 ; delta = 9.466533e-03 ; diff = 1.658179e-05 ; dt = 19676.7 sec ; nmult =    261
 iogs (   gs) : iter =    226 ; delta = 9.466533e-03 ; diff = 1.616624e-05 ; dt = 19752.2 sec ; nmult =    262
 iogs (   gs) : iter =    227 ; delta = 9.466533e-03 ; diff = 1.578057e-05 ; dt = 19827.6 sec ; nmult =    263
 iogs (   gs) : iter =    228 ; delta = 9.466533e-03 ; diff = 1.538597e-05 ; dt = 19903.0 sec ; nmult =    264
 iogs (   gs) : iter =    229 ; delta = 9.466533e-03 ; diff = 1.501986e-05 ; dt = 19978.4 sec ; nmult =    265
 iogs (   gs) : iter =    230 ; delta = 9.466533e-03 ; diff = 1.464500e-05 ; dt = 20053.7 sec ; nmult =    266
 iogs (   gs) : iter =    231 ; delta = 9.466533e-03 ; diff = 1.429771e-05 ; dt = 20128.9 sec ; nmult =    267
 iogs (   gs) : iter =    232 ; delta = 9.466533e-03 ; diff = 1.394091e-05 ; dt = 20204.0 sec ; nmult =    268
 iogs (   gs) : iter =    233 ; delta = 9.466533e-03 ; diff = 1.361076e-05 ; dt = 20279.3 sec ; nmult =    269
 iogs (   gs) : iter =    234 ; delta = 9.466533e-03 ; diff = 1.327179e-05 ; dt = 20354.5 sec ; nmult =    270
 iogs (   gs) : iter =    235 ; delta = 9.466533e-03 ; diff = 1.295838e-05 ; dt = 20430.4 sec ; nmult =    271
 iogs (   gs) : iter =    236 ; delta = 9.466533e-03 ; diff = 1.263591e-05 ; dt = 20505.7 sec ; nmult =    272
 iogs (   gs) : iter =    237 ; delta = 9.466533e-03 ; diff = 1.233846e-05 ; dt = 20580.9 sec ; nmult =    273
 iogs (   gs) : iter =    238 ; delta = 9.466533e-03 ; diff = 1.203172e-05 ; dt = 20656.4 sec ; nmult =    274
 iogs (   gs) : iter =    239 ; delta = 9.466533e-03 ; diff = 1.174931e-05 ; dt = 20731.7 sec ; nmult =    275
 iogs (   gs) : iter =    240 ; delta = 9.466533e-03 ; diff = 1.145768e-05 ; dt = 20807.1 sec ; nmult =    276
 iogs (   gs) : iter =    241 ; delta = 9.466533e-03 ; diff = 1.118893e-05 ; dt = 20883.1 sec ; nmult =    277
 iogs (   gs) : iter =    242 ; delta = 9.466533e-03 ; diff = 1.091151e-05 ; dt = 20958.5 sec ; nmult =    278
 iogs (   gs) : iter =    243 ; delta = 9.466533e-03 ; diff = 1.065617e-05 ; dt = 21033.9 sec ; nmult =    279
 iogs (   gs) : iter =    244 ; delta = 9.466533e-03 ; diff = 1.039209e-05 ; dt = 21109.2 sec ; nmult =    280
 iogs (   gs) : iter =    245 ; delta = 9.466533e-03 ; diff = 1.014933e-05 ; dt = 21184.5 sec ; nmult =    281
 iogs (   gs) : iter =    246 ; delta = 9.466533e-03 ; diff = 9.898348e-06 ; dt = 21260.1 sec ; nmult =    282
 iogs (   gs) : iter =    247 ; delta = 9.466533e-03 ; diff = 9.667558e-06 ; dt = 21335.7 sec ; nmult =    283
 iogs (   gs) : iter =    248 ; delta = 9.466533e-03 ; diff = 9.428623e-06 ; dt = 21412.0 sec ; nmult =    284
 iogs (   gs) : iter =    249 ; delta = 9.466533e-03 ; diff = 9.209420e-06 ; dt = 21488.2 sec ; nmult =    285
 iogs (   gs) : iter =    250 ; delta = 9.466533e-03 ; diff = 8.982145e-06 ; dt = 21564.5 sec ; nmult =    286
 iogs (   gs) : iter =    251 ; delta = 9.466533e-03 ; diff = 8.773840e-06 ; dt = 21640.3 sec ; nmult =    287
 iogs (   gs) : iter =    252 ; delta = 9.466533e-03 ; diff = 8.557603e-06 ; dt = 21716.0 sec ; nmult =    288
 iogs (   gs) : iter =    253 ; delta = 9.466533e-03 ; diff = 8.359623e-06 ; dt = 21791.6 sec ; nmult =    289
 iogs (   gs) : iter =    254 ; delta = 9.466533e-03 ; diff = 8.153697e-06 ; dt = 21867.9 sec ; nmult =    290
 iogs (   gs) : iter =    255 ; delta = 9.466533e-03 ; diff = 7.965788e-06 ; dt = 21944.3 sec ; nmult =    291
 iogs (   gs) : iter =    256 ; delta = 9.466533e-03 ; diff = 7.769677e-06 ; dt = 22021.4 sec ; nmult =    292
 iogs (   gs) : iter =    257 ; delta = 9.466533e-03 ; diff = 7.590817e-06 ; dt = 22096.8 sec ; nmult =    293
 iogs (   gs) : iter =    258 ; delta = 9.466533e-03 ; diff = 7.404353e-06 ; dt = 22172.3 sec ; nmult =    294
 iogs (   gs) : iter =    259 ; delta = 9.466533e-03 ; diff = 7.234222e-06 ; dt = 22247.6 sec ; nmult =    295
 iogs (   gs) : iter =    260 ; delta = 9.466533e-03 ; diff = 7.056640e-06 ; dt = 22322.9 sec ; nmult =    296
 iogs (   gs) : iter =    261 ; delta = 9.466533e-03 ; diff = 6.895005e-06 ; dt = 22398.5 sec ; nmult =    297
 iogs (   gs) : iter =    262 ; delta = 9.466533e-03 ; diff = 6.725987e-06 ; dt = 22473.8 sec ; nmult =    298
 iogs (   gs) : iter =    263 ; delta = 9.466533e-03 ; diff = 6.572260e-06 ; dt = 22549.2 sec ; nmult =    299
 iogs (   gs) : iter =    264 ; delta = 9.466533e-03 ; diff = 6.411425e-06 ; dt = 22624.6 sec ; nmult =    300
 iogs (   gs) : iter =    265 ; delta = 9.466533e-03 ; diff = 6.265199e-06 ; dt = 22700.2 sec ; nmult =    301
 iogs (   gs) : iter =    266 ; delta = 9.466533e-03 ; diff = 6.112128e-06 ; dt = 22775.3 sec ; nmult =    302
 iogs (   gs) : iter =    267 ; delta = 9.466533e-03 ; diff = 5.973253e-06 ; dt = 22850.5 sec ; nmult =    303
 iogs (   gs) : iter =    268 ; delta = 9.466533e-03 ; diff = 5.827315e-06 ; dt = 22925.6 sec ; nmult =    304
 iogs (   gs) : iter =    269 ; delta = 9.466533e-03 ; diff = 5.695088e-06 ; dt = 23001.1 sec ; nmult =    305
 iogs (   gs) : iter =    270 ; delta = 9.466533e-03 ; diff = 5.556085e-06 ; dt = 23076.2 sec ; nmult =    306
 iogs (   gs) : iter =    271 ; delta = 9.466533e-03 ; diff = 5.430307e-06 ; dt = 23151.4 sec ; nmult =    307
 iogs (   gs) : iter =    272 ; delta = 9.466533e-03 ; diff = 5.297715e-06 ; dt = 23226.7 sec ; nmult =    308
 iogs (   gs) : iter =    273 ; delta = 9.466533e-03 ; diff = 5.178090e-06 ; dt = 23302.0 sec ; nmult =    309
 iogs (   gs) : iter =    274 ; delta = 9.466533e-03 ; diff = 5.051836e-06 ; dt = 23377.1 sec ; nmult =    310
 iogs (   gs) : iter =    275 ; delta = 9.466533e-03 ; diff = 4.938034e-06 ; dt = 23452.4 sec ; nmult =    311
 iogs (   gs) : iter =    276 ; delta = 9.466533e-03 ; diff = 4.817809e-06 ; dt = 23527.6 sec ; nmult =    312
 iogs (   gs) : iter =    277 ; delta = 9.466533e-03 ; diff = 4.709444e-06 ; dt = 23604.6 sec ; nmult =    313
 iogs (   gs) : iter =    278 ; delta = 9.466533e-03 ; diff = 4.594838e-06 ; dt = 23681.9 sec ; nmult =    314
 iogs (   gs) : iter =    279 ; delta = 9.466533e-03 ; diff = 4.491735e-06 ; dt = 23757.3 sec ; nmult =    315
 iogs (   gs) : iter =    280 ; delta = 9.466533e-03 ; diff = 4.382437e-06 ; dt = 23832.7 sec ; nmult =    316
 iogs (   gs) : iter =    281 ; delta = 9.466533e-03 ; diff = 4.284213e-06 ; dt = 23908.0 sec ; nmult =    317
 iogs (   gs) : iter =    282 ; delta = 9.466533e-03 ; diff = 4.180226e-06 ; dt = 23983.3 sec ; nmult =    318
 iogs (   gs) : iter =    283 ; delta = 9.466533e-03 ; diff = 4.086792e-06 ; dt = 24058.6 sec ; nmult =    319
 iogs (   gs) : iter =    284 ; delta = 9.466533e-03 ; diff = 3.987593e-06 ; dt = 24133.9 sec ; nmult =    320
 iogs (   gs) : iter =    285 ; delta = 9.466533e-03 ; diff = 3.898742e-06 ; dt = 24209.3 sec ; nmult =    321
 iogs (   gs) : iter =    286 ; delta = 9.466533e-03 ; diff = 3.804099e-06 ; dt = 24284.7 sec ; nmult =    322
 iogs (   gs) : iter =    287 ; delta = 9.466533e-03 ; diff = 3.719523e-06 ; dt = 24360.1 sec ; nmult =    323
 iogs (   gs) : iter =    288 ; delta = 9.466533e-03 ; diff = 3.629330e-06 ; dt = 24435.5 sec ; nmult =    324
 iogs (   gs) : iter =    289 ; delta = 9.466533e-03 ; diff = 3.548759e-06 ; dt = 24511.5 sec ; nmult =    325
 iogs (   gs) : iter =    290 ; delta = 9.466533e-03 ; diff = 3.462775e-06 ; dt = 24588.0 sec ; nmult =    326
 iogs (   gs) : iter =    291 ; delta = 9.466533e-03 ; diff = 3.386190e-06 ; dt = 24664.3 sec ; nmult =    327
 iogs (   gs) : iter =    292 ; delta = 9.466533e-03 ; diff = 3.304155e-06 ; dt = 24740.8 sec ; nmult =    328
 iogs (   gs) : iter =    293 ; delta = 9.466533e-03 ; diff = 3.231223e-06 ; dt = 24817.7 sec ; nmult =    329
 iogs (   gs) : iter =    294 ; delta = 9.466533e-03 ; diff = 3.153117e-06 ; dt = 24893.0 sec ; nmult =    330
 iogs (   gs) : iter =    295 ; delta = 9.466533e-03 ; diff = 3.083652e-06 ; dt = 24968.5 sec ; nmult =    331
 iogs (   gs) : iter =    296 ; delta = 9.466533e-03 ; diff = 3.009099e-06 ; dt = 25043.9 sec ; nmult =    332
 iogs (   gs) : iter =    297 ; delta = 9.466533e-03 ; diff = 2.942935e-06 ; dt = 25119.3 sec ; nmult =    333
 iogs (   gs) : iter =    298 ; delta = 9.466533e-03 ; diff = 2.871837e-06 ; dt = 25194.6 sec ; nmult =    334
 iogs (   gs) : iter =    299 ; delta = 9.466533e-03 ; diff = 2.808835e-06 ; dt = 25269.9 sec ; nmult =    335
 iogs (   gs) : iter =    300 ; delta = 9.466533e-03 ; diff = 2.741071e-06 ; dt = 25345.3 sec ; nmult =    336
 iogs (   gs) : iter =    301 ; delta = 9.466533e-03 ; diff = 2.681040e-06 ; dt = 25420.8 sec ; nmult =    337
 iogs (   gs) : iter =    302 ; delta = 9.466533e-03 ; diff = 2.616347e-06 ; dt = 25496.0 sec ; nmult =    338
 iogs (   gs) : iter =    303 ; delta = 9.466533e-03 ; diff = 2.559291e-06 ; dt = 25571.1 sec ; nmult =    339
 iogs (   gs) : iter =    304 ; delta = 9.466533e-03 ; diff = 2.497515e-06 ; dt = 25646.3 sec ; nmult =    340
 iogs (   gs) : iter =    305 ; delta = 9.466533e-03 ; diff = 2.443146e-06 ; dt = 25721.4 sec ; nmult =    341
 iogs (   gs) : iter =    306 ; delta = 9.466533e-03 ; diff = 2.384290e-06 ; dt = 25796.6 sec ; nmult =    342
 iogs (   gs) : iter =    307 ; delta = 9.466533e-03 ; diff = 2.332503e-06 ; dt = 25871.8 sec ; nmult =    343
 iogs (   gs) : iter =    308 ; delta = 9.466533e-03 ; diff = 2.276294e-06 ; dt = 25947.0 sec ; nmult =    344
 iogs (   gs) : iter =    309 ; delta = 9.466533e-03 ; diff = 2.227028e-06 ; dt = 26022.2 sec ; nmult =    345
 iogs (   gs) : iter =    310 ; delta = 9.466533e-03 ; diff = 2.173414e-06 ; dt = 26097.5 sec ; nmult =    346
 iogs (   gs) : iter =    311 ; delta = 9.466533e-03 ; diff = 2.126452e-06 ; dt = 26172.7 sec ; nmult =    347
 iogs (   gs) : iter =    312 ; delta = 9.466533e-03 ; diff = 2.075319e-06 ; dt = 26248.0 sec ; nmult =    348
 iogs (   gs) : iter =    313 ; delta = 9.466533e-03 ; diff = 2.030519e-06 ; dt = 26324.1 sec ; nmult =    349
 iogs (   gs) : iter =    314 ; delta = 9.466533e-03 ; diff = 1.981739e-06 ; dt = 26400.4 sec ; nmult =    350
 iogs (   gs) : iter =    315 ; delta = 9.466533e-03 ; diff = 1.939141e-06 ; dt = 26480.2 sec ; nmult =    351
 iogs (   gs) : iter =    316 ; delta = 9.466533e-03 ; diff = 1.892554e-06 ; dt = 26556.6 sec ; nmult =    352
 iogs (   gs) : iter =    317 ; delta = 9.466533e-03 ; diff = 1.851933e-06 ; dt = 26632.6 sec ; nmult =    353
 iogs (   gs) : iter =    318 ; delta = 9.466533e-03 ; diff = 1.807515e-06 ; dt = 26708.0 sec ; nmult =    354
 iogs (   gs) : iter =    319 ; delta = 9.466533e-03 ; diff = 1.768820e-06 ; dt = 26783.3 sec ; nmult =    355
 iogs (   gs) : iter =    320 ; delta = 9.466533e-03 ; diff = 1.726384e-06 ; dt = 26858.7 sec ; nmult =    356
 iogs (   gs) : iter =    321 ; delta = 9.466533e-03 ; diff = 1.689542e-06 ; dt = 26934.0 sec ; nmult =    357
 iogs (   gs) : iter =    322 ; delta = 9.466533e-03 ; diff = 1.649002e-06 ; dt = 27009.4 sec ; nmult =    358
 iogs (   gs) : iter =    323 ; delta = 9.466533e-03 ; diff = 1.613904e-06 ; dt = 27084.9 sec ; nmult =    359
 iogs (   gs) : iter =    324 ; delta = 9.466533e-03 ; diff = 1.575195e-06 ; dt = 27160.3 sec ; nmult =    360
 iogs (   gs) : iter =    325 ; delta = 9.466533e-03 ; diff = 1.541735e-06 ; dt = 27235.8 sec ; nmult =    361
 iogs (   gs) : iter =    326 ; delta = 9.466533e-03 ; diff = 1.504783e-06 ; dt = 27311.3 sec ; nmult =    362
 iogs (   gs) : iter =    327 ; delta = 9.466533e-03 ; diff = 1.472930e-06 ; dt = 27386.7 sec ; nmult =    363
 iogs (   gs) : iter =    328 ; delta = 9.466533e-03 ; diff = 1.437613e-06 ; dt = 27462.1 sec ; nmult =    364
 iogs (   gs) : iter =    329 ; delta = 9.466533e-03 ; diff = 1.407203e-06 ; dt = 27537.5 sec ; nmult =    365
 iogs (   gs) : iter =    330 ; delta = 9.466533e-03 ; diff = 1.373528e-06 ; dt = 27613.0 sec ; nmult =    366
 iogs (   gs) : iter =    331 ; delta = 9.466533e-03 ; diff = 1.344544e-06 ; dt = 27688.5 sec ; nmult =    367
 iogs (   gs) : iter =    332 ; delta = 9.466533e-03 ; diff = 1.312360e-06 ; dt = 27764.0 sec ; nmult =    368
 iogs (   gs) : iter =    333 ; delta = 9.466533e-03 ; diff = 1.284745e-06 ; dt = 27839.7 sec ; nmult =    369
 iogs (   gs) : iter =    334 ; delta = 9.466533e-03 ; diff = 1.253998e-06 ; dt = 27915.1 sec ; nmult =    370
 iogs (   gs) : iter =    335 ; delta = 9.466533e-03 ; diff = 1.227685e-06 ; dt = 27990.6 sec ; nmult =    371
 iogs (   gs) : iter =    336 ; delta = 9.466533e-03 ; diff = 1.198322e-06 ; dt = 28066.1 sec ; nmult =    372
 iogs (   gs) : iter =    337 ; delta = 9.466533e-03 ; diff = 1.173215e-06 ; dt = 28142.7 sec ; nmult =    373
 iogs (   gs) : iter =    338 ; delta = 9.466533e-03 ; diff = 1.145164e-06 ; dt = 28218.9 sec ; nmult =    374
 iogs (   gs) : iter =    339 ; delta = 9.466533e-03 ; diff = 1.121273e-06 ; dt = 28295.1 sec ; nmult =    375
 iogs (   gs) : iter =    340 ; delta = 9.466533e-03 ; diff = 1.094440e-06 ; dt = 28371.3 sec ; nmult =    376
 iogs (   gs) : iter =    341 ; delta = 9.466533e-03 ; diff = 1.071656e-06 ; dt = 28446.9 sec ; nmult =    377
 iogs (   gs) : iter =    342 ; delta = 9.466533e-03 ; diff = 1.046064e-06 ; dt = 28522.1 sec ; nmult =    378
 iogs (   gs) : iter =    343 ; delta = 9.466533e-03 ; diff = 1.024356e-06 ; dt = 28597.3 sec ; nmult =    379
 iogs (   gs) : iter =    344 ; delta = 9.466533e-03 ; diff = 9.998818e-07 ; dt = 28672.5 sec ; nmult =    380
 iogs (   gs) : iter =    345 ; delta = 9.466533e-03 ; diff = 9.791893e-07 ; dt = 28747.6 sec ; nmult =    381
 iogs (   gs) : iter =    346 ; delta = 9.466533e-03 ; diff = 9.558069e-07 ; dt = 28822.9 sec ; nmult =    382
 iogs (   gs) : iter =    347 ; delta = 9.466533e-03 ; diff = 9.360760e-07 ; dt = 28898.3 sec ; nmult =    383
 iogs (   gs) : iter =    348 ; delta = 9.466533e-03 ; diff = 9.137535e-07 ; dt = 28973.6 sec ; nmult =    384
 iogs (   gs) : iter =    349 ; delta = 9.466533e-03 ; diff = 8.949126e-07 ; dt = 29049.1 sec ; nmult =    385
 iogs (   gs) : iter =    350 ; delta = 9.466533e-03 ; diff = 8.735812e-07 ; dt = 29124.4 sec ; nmult =    386
 iogs (   gs) : iter =    351 ; delta = 9.466533e-03 ; diff = 8.556454e-07 ; dt = 29199.8 sec ; nmult =    387
 iogs (   gs) : iter =    352 ; delta = 9.466533e-03 ; diff = 8.352370e-07 ; dt = 29275.9 sec ; nmult =    388
 iogs (   gs) : iter =    353 ; delta = 9.466533e-03 ; diff = 8.181193e-07 ; dt = 29351.1 sec ; nmult =    389
 iogs (   gs) : iter =    354 ; delta = 9.466533e-03 ; diff = 7.986326e-07 ; dt = 29426.5 sec ; nmult =    390
 iogs (   gs) : iter =    355 ; delta = 9.466533e-03 ; diff = 7.823145e-07 ; dt = 29501.9 sec ; nmult =    391
 iogs (   gs) : iter =    356 ; delta = 9.466533e-03 ; diff = 7.636567e-07 ; dt = 29577.3 sec ; nmult =    392
 iogs (   gs) : iter =    357 ; delta = 9.466533e-03 ; diff = 7.481086e-07 ; dt = 29652.8 sec ; nmult =    393
 iogs (   gs) : iter =    358 ; delta = 9.466533e-03 ; diff = 7.302790e-07 ; dt = 29728.1 sec ; nmult =    394
 iogs (   gs) : iter =    359 ; delta = 9.466533e-03 ; diff = 7.154597e-07 ; dt = 29803.5 sec ; nmult =    395
 iogs (   gs) : iter =    360 ; delta = 9.466533e-03 ; diff = 6.984235e-07 ; dt = 29879.1 sec ; nmult =    396
 iogs (   gs) : iter =    361 ; delta = 9.466533e-03 ; diff = 6.842673e-07 ; dt = 29955.6 sec ; nmult =    397
 iogs (   gs) : iter =    362 ; delta = 9.466533e-03 ; diff = 6.679735e-07 ; dt = 30032.1 sec ; nmult =    398
 iogs (   gs) : iter =    363 ; delta = 9.466533e-03 ; diff = 6.544996e-07 ; dt = 30108.6 sec ; nmult =    399
 iogs (   gs) : iter =    364 ; delta = 9.466533e-03 ; diff = 6.389108e-07 ; dt = 30185.0 sec ; nmult =    400
 iogs (   gs) : iter =    365 ; delta = 9.466533e-03 ; diff = 6.260379e-07 ; dt = 30260.7 sec ; nmult =    401
 iogs (   gs) : iter =    366 ; delta = 9.466533e-03 ; diff = 6.111537e-07 ; dt = 30336.1 sec ; nmult =    402
 iogs (   gs) : iter =    367 ; delta = 9.466533e-03 ; diff = 5.988734e-07 ; dt = 30411.5 sec ; nmult =    403
 iogs (   gs) : iter =    368 ; delta = 9.466533e-03 ; diff = 5.846219e-07 ; dt = 30486.8 sec ; nmult =    404
 iogs (   gs) : iter =    369 ; delta = 9.466533e-03 ; diff = 5.729119e-07 ; dt = 30562.3 sec ; nmult =    405
 iogs (   gs) : iter =    370 ; delta = 9.466533e-03 ; diff = 5.592844e-07 ; dt = 30637.7 sec ; nmult =    406
 iogs (   gs) : iter =    371 ; delta = 9.466533e-03 ; diff = 5.481134e-07 ; dt = 30713.1 sec ; nmult =    407
 iogs (   gs) : iter =    372 ; delta = 9.466533e-03 ; diff = 5.350753e-07 ; dt = 30788.5 sec ; nmult =    408
 iogs (   gs) : iter =    373 ; delta = 9.466533e-03 ; diff = 5.244134e-07 ; dt = 30864.1 sec ; nmult =    409
 iogs (   gs) : iter =    374 ; delta = 9.466533e-03 ; diff = 5.119440e-07 ; dt = 30939.5 sec ; nmult =    410
 iogs (   gs) : iter =    375 ; delta = 9.466533e-03 ; diff = 5.017985e-07 ; dt = 31014.7 sec ; nmult =    411
 iogs (   gs) : iter =    376 ; delta = 9.466533e-03 ; diff = 4.898501e-07 ; dt = 31089.9 sec ; nmult =    412
 iogs (   gs) : iter =    377 ; delta = 9.466533e-03 ; diff = 4.801508e-07 ; dt = 31165.1 sec ; nmult =    413
 iogs (   gs) : iter =    378 ; delta = 9.466533e-03 ; diff = 4.687398e-07 ; dt = 31240.3 sec ; nmult =    414
 iogs (   gs) : iter =    379 ; delta = 9.466533e-03 ; diff = 4.594887e-07 ; dt = 31315.6 sec ; nmult =    415
 iogs (   gs) : iter =    380 ; delta = 9.466533e-03 ; diff = 4.485655e-07 ; dt = 31390.8 sec ; nmult =    416
 iogs (   gs) : iter =    381 ; delta = 9.466533e-03 ; diff = 4.397377e-07 ; dt = 31466.1 sec ; nmult =    417
 iogs (   gs) : iter =    382 ; delta = 9.466533e-03 ; diff = 4.292848e-07 ; dt = 31541.4 sec ; nmult =    418
 iogs (   gs) : iter =    383 ; delta = 9.466533e-03 ; diff = 4.208599e-07 ; dt = 31616.7 sec ; nmult =    419
 iogs (   gs) : iter =    384 ; delta = 9.466533e-03 ; diff = 4.108635e-07 ; dt = 31692.4 sec ; nmult =    420
 iogs (   gs) : iter =    385 ; delta = 9.466533e-03 ; diff = 4.028154e-07 ; dt = 31768.7 sec ; nmult =    421
 iogs (   gs) : iter =    386 ; delta = 9.466533e-03 ; diff = 3.932473e-07 ; dt = 31845.0 sec ; nmult =    422
 iogs (   gs) : iter =    387 ; delta = 9.466533e-03 ; diff = 3.855810e-07 ; dt = 31921.3 sec ; nmult =    423
 iogs (   gs) : iter =    388 ; delta = 9.466533e-03 ; diff = 3.764093e-07 ; dt = 31998.5 sec ; nmult =    424
 iogs (   gs) : iter =    389 ; delta = 9.466533e-03 ; diff = 3.690852e-07 ; dt = 32074.5 sec ; nmult =    425
 iogs (   gs) : iter =    390 ; delta = 9.466533e-03 ; diff = 3.603255e-07 ; dt = 32149.9 sec ; nmult =    426
 iogs (   gs) : iter =    391 ; delta = 9.466533e-03 ; diff = 3.533406e-07 ; dt = 32225.1 sec ; nmult =    427
 iogs (   gs) : iter =    392 ; delta = 9.466533e-03 ; diff = 3.449386e-07 ; dt = 32300.3 sec ; nmult =    428
 iogs (   gs) : iter =    393 ; delta = 9.466533e-03 ; diff = 3.382774e-07 ; dt = 32375.8 sec ; nmult =    429
 iogs (   gs) : iter =    394 ; delta = 9.466533e-03 ; diff = 3.302313e-07 ; dt = 32451.3 sec ; nmult =    430
 iogs (   gs) : iter =    395 ; delta = 9.466533e-03 ; diff = 3.238776e-07 ; dt = 32526.7 sec ; nmult =    431
 iogs (   gs) : iter =    396 ; delta = 9.466533e-03 ; diff = 3.161821e-07 ; dt = 32602.3 sec ; nmult =    432
 iogs (   gs) : iter =    397 ; delta = 9.466533e-03 ; diff = 3.101034e-07 ; dt = 32677.5 sec ; nmult =    433
 iogs (   gs) : iter =    398 ; delta = 9.466533e-03 ; diff = 3.027379e-07 ; dt = 32752.9 sec ; nmult =    434
 iogs (   gs) : iter =    399 ; delta = 9.466533e-03 ; diff = 2.969475e-07 ; dt = 32828.4 sec ; nmult =    435
 iogs (   gs) : iter =    400 ; delta = 9.466533e-03 ; diff = 2.898876e-07 ; dt = 32904.0 sec ; nmult =    436
 iogs (   gs) : iter =    401 ; delta = 9.466533e-03 ; diff = 2.843503e-07 ; dt = 32979.1 sec ; nmult =    437
 iogs (   gs) : iter =    402 ; delta = 9.466533e-03 ; diff = 2.776034e-07 ; dt = 33054.4 sec ; nmult =    438
 iogs (   gs) : iter =    403 ; delta = 9.466533e-03 ; diff = 2.723182e-07 ; dt = 33129.6 sec ; nmult =    439
 iogs (   gs) : iter =    404 ; delta = 9.466533e-03 ; diff = 2.658469e-07 ; dt = 33205.3 sec ; nmult =    440
 iogs (   gs) : iter =    405 ; delta = 9.466533e-03 ; diff = 2.608079e-07 ; dt = 33280.6 sec ; nmult =    441
 iogs (   gs) : iter =    406 ; delta = 9.466533e-03 ; diff = 2.546126e-07 ; dt = 33356.5 sec ; nmult =    442
 iogs (   gs) : iter =    407 ; delta = 9.466533e-03 ; diff = 2.498049e-07 ; dt = 33432.3 sec ; nmult =    443
 iogs (   gs) : iter =    408 ; delta = 9.466533e-03 ; diff = 2.438707e-07 ; dt = 33509.0 sec ; nmult =    444
 iogs (   gs) : iter =    409 ; delta = 9.466533e-03 ; diff = 2.392732e-07 ; dt = 33586.4 sec ; nmult =    445
 iogs (   gs) : iter =    410 ; delta = 9.466533e-03 ; diff = 2.335887e-07 ; dt = 33663.5 sec ; nmult =    446
 iogs (   gs) : iter =    411 ; delta = 9.466533e-03 ; diff = 2.292118e-07 ; dt = 33740.3 sec ; nmult =    447
 iogs (   gs) : iter =    412 ; delta = 9.466533e-03 ; diff = 2.237612e-07 ; dt = 33816.6 sec ; nmult =    448
 iogs (   gs) : iter =    413 ; delta = 9.466533e-03 ; diff = 2.195753e-07 ; dt = 33892.0 sec ; nmult =    449
 iogs (   gs) : iter =    414 ; delta = 9.466533e-03 ; diff = 2.143629e-07 ; dt = 33967.6 sec ; nmult =    450
 iogs (   gs) : iter =    415 ; delta = 9.466533e-03 ; diff = 2.103663e-07 ; dt = 34043.2 sec ; nmult =    451
 iogs (   gs) : iter =    416 ; delta = 9.466533e-03 ; diff = 2.053657e-07 ; dt = 34118.9 sec ; nmult =    452
 iogs (   gs) : iter =    417 ; delta = 9.466533e-03 ; diff = 2.015510e-07 ; dt = 34194.7 sec ; nmult =    453
 iogs (   gs) : iter =    418 ; delta = 9.466533e-03 ; diff = 1.967631e-07 ; dt = 34270.4 sec ; nmult =    454
 iogs (   gs) : iter =    419 ; delta = 9.466533e-03 ; diff = 1.931192e-07 ; dt = 34346.3 sec ; nmult =    455
 iogs (   gs) : iter =    420 ; delta = 9.466533e-03 ; diff = 1.885335e-07 ; dt = 34422.4 sec ; nmult =    456
 iogs (   gs) : iter =    421 ; delta = 9.466533e-03 ; diff = 1.850469e-07 ; dt = 34498.5 sec ; nmult =    457
 iogs (   gs) : iter =    422 ; delta = 9.466533e-03 ; diff = 1.806541e-07 ; dt = 34574.3 sec ; nmult =    458
 iogs (   gs) : iter =    423 ; delta = 9.466533e-03 ; diff = 1.773368e-07 ; dt = 34650.2 sec ; nmult =    459
 iogs (   gs) : iter =    424 ; delta = 9.466533e-03 ; diff = 1.731174e-07 ; dt = 34726.2 sec ; nmult =    460
 iogs (   gs) : iter =    425 ; delta = 9.466533e-03 ; diff = 1.699451e-07 ; dt = 34802.6 sec ; nmult =    461
 iogs (   gs) : iter =    426 ; delta = 9.466533e-03 ; diff = 1.659064e-07 ; dt = 34878.8 sec ; nmult =    462
 iogs (   gs) : iter =    427 ; delta = 9.466533e-03 ; diff = 1.628781e-07 ; dt = 34955.1 sec ; nmult =    463
 iogs (   gs) : iter =    428 ; delta = 9.466533e-03 ; diff = 1.590053e-07 ; dt = 35032.7 sec ; nmult =    464
 iogs (   gs) : iter =    429 ; delta = 9.466533e-03 ; diff = 1.561145e-07 ; dt = 35108.7 sec ; nmult =    465
 iogs (   gs) : iter =    430 ; delta = 9.466533e-03 ; diff = 1.524029e-07 ; dt = 35184.9 sec ; nmult =    466
 iogs (   gs) : iter =    431 ; delta = 9.466533e-03 ; diff = 1.496424e-07 ; dt = 35261.1 sec ; nmult =    467
 iogs (   gs) : iter =    432 ; delta = 9.466533e-03 ; diff = 1.460837e-07 ; dt = 35338.2 sec ; nmult =    468
 iogs (   gs) : iter =    433 ; delta = 9.466533e-03 ; diff = 1.434429e-07 ; dt = 35415.3 sec ; nmult =    469
 iogs (   gs) : iter =    434 ; delta = 9.466533e-03 ; diff = 1.400342e-07 ; dt = 35492.5 sec ; nmult =    470
 iogs (   gs) : iter =    435 ; delta = 9.466533e-03 ; diff = 1.375174e-07 ; dt = 35569.6 sec ; nmult =    471
 iogs (   gs) : iter =    436 ; delta = 9.466533e-03 ; diff = 1.342440e-07 ; dt = 35646.5 sec ; nmult =    472
 iogs (   gs) : iter =    437 ; delta = 9.466533e-03 ; diff = 1.318340e-07 ; dt = 35722.6 sec ; nmult =    473
 iogs (   gs) : iter =    438 ; delta = 9.466533e-03 ; diff = 1.287037e-07 ; dt = 35798.8 sec ; nmult =    474
 iogs (   gs) : iter =    439 ; delta = 9.466533e-03 ; diff = 1.264041e-07 ; dt = 35875.1 sec ; nmult =    475
 iogs (   gs) : iter =    440 ; delta = 9.466533e-03 ; diff = 1.233967e-07 ; dt = 35951.3 sec ; nmult =    476
 iogs (   gs) : iter =    441 ; delta = 9.466533e-03 ; diff = 1.212006e-07 ; dt = 36027.3 sec ; nmult =    477
 iogs (   gs) : iter =    442 ; delta = 9.466533e-03 ; diff = 1.183152e-07 ; dt = 36103.2 sec ; nmult =    478
 iogs (   gs) : iter =    443 ; delta = 9.466533e-03 ; diff = 1.162198e-07 ; dt = 36179.0 sec ; nmult =    479
 iogs (   gs) : iter =    444 ; delta = 9.466533e-03 ; diff = 1.134552e-07 ; dt = 36255.1 sec ; nmult =    480
 iogs (   gs) : iter =    445 ; delta = 9.466533e-03 ; diff = 1.114505e-07 ; dt = 36331.0 sec ; nmult =    481
 iogs (   gs) : iter =    446 ; delta = 9.466533e-03 ; diff = 1.087979e-07 ; dt = 36406.9 sec ; nmult =    482
 iogs (   gs) : iter =    447 ; delta = 9.466533e-03 ; diff = 1.068873e-07 ; dt = 36482.7 sec ; nmult =    483
 iogs (   gs) : iter =    448 ; delta = 9.466533e-03 ; diff = 1.043395e-07 ; dt = 36558.6 sec ; nmult =    484
 iogs (   gs) : iter =    449 ; delta = 9.466533e-03 ; diff = 1.025107e-07 ; dt = 36634.6 sec ; nmult =    485
 iogs (   gs) : iter =    450 ; delta = 9.466533e-03 ; diff = 1.000742e-07 ; dt = 36710.6 sec ; nmult =    486
 iogs (   gs) : iter =    451 ; delta = 7.664373e-08 ; diff = 9.832579e-08 ; dt = 36786.6 sec ; nmult =    488
iogs : solved pagerank(a=0.9900) in   451 its,   487 sweeps, and   488 mults to 1.000000e-07 tol
output norm: 1.0000000000000000e+00
