Parameters: 
   graphfile = /var/tmp/dgleich/data/arabic-2005-trans
      output = none
         alg = inoutgs
       alpha = 0.99
         tol = 1e-07
       maxit = 10000

nodes = 22744080
edges = 639999458
inoutgs(0.9900,0.5000,1.000000e-02,0) with tol=1.000000e-07 and maxit= 10000 iterations
 iogs (outer) : iter =      0 ; odelta = 1.248935e+00 ; dt =    14.0
 iogs (outer) : iter =      1 ; odelta = 2.979781e-01 ; dt =    84.8 ; nmult =         6
 iogs (outer) : iter =      2 ; odelta = 1.042371e-01 ; dt =   140.7 ; nmult =        10
 iogs (outer) : iter =      3 ; odelta = 5.819490e-02 ; dt =   196.4 ; nmult =        14
 iogs (outer) : iter =      4 ; odelta = 4.182776e-02 ; dt =   251.8 ; nmult =        18
 iogs (outer) : iter =      5 ; odelta = 3.308848e-02 ; dt =   307.9 ; nmult =        22
 iogs (outer) : iter =      6 ; odelta = 2.744431e-02 ; dt =   363.6 ; nmult =        26
 iogs (outer) : iter =      7 ; odelta = 2.343006e-02 ; dt =   419.3 ; nmult =        30
 iogs (outer) : iter =      8 ; odelta = 2.054682e-02 ; dt =   461.0 ; nmult =        33
 iogs (outer) : iter =      9 ; odelta = 1.827283e-02 ; dt =   502.9 ; nmult =        36
 iogs (outer) : iter =     10 ; odelta = 1.642257e-02 ; dt =   545.2 ; nmult =        39
 iogs (outer) : iter =     11 ; odelta = 1.488765e-02 ; dt =   587.4 ; nmult =        42
 iogs (outer) : iter =     12 ; odelta = 1.358659e-02 ; dt =   629.2 ; nmult =        45
 iogs (outer) : iter =     13 ; odelta = 1.246495e-02 ; dt =   671.1 ; nmult =        48
 iogs (outer) : iter =     14 ; odelta = 1.148668e-02 ; dt =   713.0 ; nmult =        51
 iogs (outer) : iter =     15 ; odelta = 1.062674e-02 ; dt =   754.9 ; nmult =        54
 iogs (outer) : iter =     16 ; odelta = 9.865139e-03 ; dt =   796.7 ; nmult =        57
 iogs (   gs) : iter =     17 ; delta = 9.865139e-03 ; diff = 8.001538e-02 ; dt =   810.8 sec ; nmult =     58
 iogs (   gs) : iter =     18 ; delta = 9.865139e-03 ; diff = 2.000856e-02 ; dt =   824.6 sec ; nmult =     59
 iogs (   gs) : iter =     19 ; delta = 9.865139e-03 ; diff = 1.869012e-02 ; dt =   838.8 sec ; nmult =     60
 iogs (   gs) : iter =     20 ; delta = 9.865139e-03 ; diff = 1.724210e-02 ; dt =   852.6 sec ; nmult =     61
 iogs (   gs) : iter =     21 ; delta = 9.865139e-03 ; diff = 1.593583e-02 ; dt =   866.6 sec ; nmult =     62
 iogs (   gs) : iter =     22 ; delta = 9.865139e-03 ; diff = 1.477015e-02 ; dt =   880.7 sec ; nmult =     63
 iogs (   gs) : iter =     23 ; delta = 9.865139e-03 ; diff = 1.373844e-02 ; dt =   894.7 sec ; nmult =     64
 iogs (   gs) : iter =     24 ; delta = 9.865139e-03 ; diff = 1.281108e-02 ; dt =   908.8 sec ; nmult =     65
 iogs (   gs) : iter =     25 ; delta = 9.865139e-03 ; diff = 1.198117e-02 ; dt =   922.8 sec ; nmult =     66
 iogs (   gs) : iter =     26 ; delta = 9.865139e-03 ; diff = 1.122793e-02 ; dt =   936.8 sec ; nmult =     67
 iogs (   gs) : iter =     27 ; delta = 9.865139e-03 ; diff = 1.054001e-02 ; dt =   950.8 sec ; nmult =     68
 iogs (   gs) : iter =     28 ; delta = 9.865139e-03 ; diff = 9.909455e-03 ; dt =   964.8 sec ; nmult =     69
 iogs (   gs) : iter =     29 ; delta = 9.865139e-03 ; diff = 9.332899e-03 ; dt =   978.7 sec ; nmult =     70
 iogs (   gs) : iter =     30 ; delta = 9.865139e-03 ; diff = 8.800106e-03 ; dt =   992.8 sec ; nmult =     71
 iogs (   gs) : iter =     31 ; delta = 9.865139e-03 ; diff = 8.311883e-03 ; dt =  1006.6 sec ; nmult =     72
 iogs (   gs) : iter =     32 ; delta = 9.865139e-03 ; diff = 7.860055e-03 ; dt =  1020.6 sec ; nmult =     73
 iogs (   gs) : iter =     33 ; delta = 9.865139e-03 ; diff = 7.442488e-03 ; dt =  1034.5 sec ; nmult =     74
 iogs (   gs) : iter =     34 ; delta = 9.865139e-03 ; diff = 7.054102e-03 ; dt =  1048.4 sec ; nmult =     75
 iogs (   gs) : iter =     35 ; delta = 9.865139e-03 ; diff = 6.694018e-03 ; dt =  1062.4 sec ; nmult =     76
 iogs (   gs) : iter =     36 ; delta = 9.865139e-03 ; diff = 6.355782e-03 ; dt =  1076.4 sec ; nmult =     77
 iogs (   gs) : iter =     37 ; delta = 9.865139e-03 ; diff = 6.041089e-03 ; dt =  1090.4 sec ; nmult =     78
 iogs (   gs) : iter =     38 ; delta = 9.865139e-03 ; diff = 5.745673e-03 ; dt =  1104.4 sec ; nmult =     79
 iogs (   gs) : iter =     39 ; delta = 9.865139e-03 ; diff = 5.470274e-03 ; dt =  1118.3 sec ; nmult =     80
 iogs (   gs) : iter =     40 ; delta = 9.865139e-03 ; diff = 5.211504e-03 ; dt =  1132.5 sec ; nmult =     81
 iogs (   gs) : iter =     41 ; delta = 9.865139e-03 ; diff = 4.969924e-03 ; dt =  1146.4 sec ; nmult =     82
 iogs (   gs) : iter =     42 ; delta = 9.865139e-03 ; diff = 4.740771e-03 ; dt =  1160.3 sec ; nmult =     83
 iogs (   gs) : iter =     43 ; delta = 9.865139e-03 ; diff = 4.525839e-03 ; dt =  1174.2 sec ; nmult =     84
 iogs (   gs) : iter =     44 ; delta = 9.865139e-03 ; diff = 4.321886e-03 ; dt =  1188.0 sec ; nmult =     85
 iogs (   gs) : iter =     45 ; delta = 9.865139e-03 ; diff = 4.130117e-03 ; dt =  1202.1 sec ; nmult =     86
 iogs (   gs) : iter =     46 ; delta = 9.865139e-03 ; diff = 3.948141e-03 ; dt =  1215.9 sec ; nmult =     87
 iogs (   gs) : iter =     47 ; delta = 9.865139e-03 ; diff = 3.777534e-03 ; dt =  1230.0 sec ; nmult =     88
 iogs (   gs) : iter =     48 ; delta = 9.865139e-03 ; diff = 3.614985e-03 ; dt =  1243.8 sec ; nmult =     89
 iogs (   gs) : iter =     49 ; delta = 9.865139e-03 ; diff = 3.462320e-03 ; dt =  1257.8 sec ; nmult =     90
 iogs (   gs) : iter =     50 ; delta = 9.865139e-03 ; diff = 3.316545e-03 ; dt =  1271.9 sec ; nmult =     91
 iogs (   gs) : iter =     51 ; delta = 9.865139e-03 ; diff = 3.178827e-03 ; dt =  1285.9 sec ; nmult =     92
 iogs (   gs) : iter =     52 ; delta = 9.865139e-03 ; diff = 3.047136e-03 ; dt =  1300.3 sec ; nmult =     93
 iogs (   gs) : iter =     53 ; delta = 9.865139e-03 ; diff = 2.923054e-03 ; dt =  1314.0 sec ; nmult =     94
 iogs (   gs) : iter =     54 ; delta = 9.865139e-03 ; diff = 2.803709e-03 ; dt =  1328.0 sec ; nmult =     95
 iogs (   gs) : iter =     55 ; delta = 9.865139e-03 ; diff = 2.691459e-03 ; dt =  1342.1 sec ; nmult =     96
 iogs (   gs) : iter =     56 ; delta = 9.865139e-03 ; diff = 2.584243e-03 ; dt =  1356.0 sec ; nmult =     97
 iogs (   gs) : iter =     57 ; delta = 9.865139e-03 ; diff = 2.483054e-03 ; dt =  1369.9 sec ; nmult =     98
 iogs (   gs) : iter =     58 ; delta = 9.865139e-03 ; diff = 2.386057e-03 ; dt =  1383.8 sec ; nmult =     99
 iogs (   gs) : iter =     59 ; delta = 9.865139e-03 ; diff = 2.294590e-03 ; dt =  1397.6 sec ; nmult =    100
 iogs (   gs) : iter =     60 ; delta = 9.865139e-03 ; diff = 2.206204e-03 ; dt =  1411.8 sec ; nmult =    101
 iogs (   gs) : iter =     61 ; delta = 9.865139e-03 ; diff = 2.122775e-03 ; dt =  1425.5 sec ; nmult =    102
 iogs (   gs) : iter =     62 ; delta = 9.865139e-03 ; diff = 2.042367e-03 ; dt =  1439.6 sec ; nmult =    103
 iogs (   gs) : iter =     63 ; delta = 9.865139e-03 ; diff = 1.966011e-03 ; dt =  1453.5 sec ; nmult =    104
 iogs (   gs) : iter =     64 ; delta = 9.865139e-03 ; diff = 1.892225e-03 ; dt =  1467.5 sec ; nmult =    105
 iogs (   gs) : iter =     65 ; delta = 9.865139e-03 ; diff = 1.822475e-03 ; dt =  1481.5 sec ; nmult =    106
 iogs (   gs) : iter =     66 ; delta = 9.865139e-03 ; diff = 1.754723e-03 ; dt =  1495.4 sec ; nmult =    107
 iogs (   gs) : iter =     67 ; delta = 9.865139e-03 ; diff = 1.690690e-03 ; dt =  1509.4 sec ; nmult =    108
 iogs (   gs) : iter =     68 ; delta = 9.865139e-03 ; diff = 1.628620e-03 ; dt =  1523.5 sec ; nmult =    109
 iogs (   gs) : iter =     69 ; delta = 9.865139e-03 ; diff = 1.569675e-03 ; dt =  1537.4 sec ; nmult =    110
 iogs (   gs) : iter =     70 ; delta = 9.865139e-03 ; diff = 1.512604e-03 ; dt =  1551.3 sec ; nmult =    111
 iogs (   gs) : iter =     71 ; delta = 9.865139e-03 ; diff = 1.458711e-03 ; dt =  1565.2 sec ; nmult =    112
 iogs (   gs) : iter =     72 ; delta = 9.865139e-03 ; diff = 1.406218e-03 ; dt =  1579.0 sec ; nmult =    113
 iogs (   gs) : iter =     73 ; delta = 9.865139e-03 ; diff = 1.356684e-03 ; dt =  1593.1 sec ; nmult =    114
 iogs (   gs) : iter =     74 ; delta = 9.865139e-03 ; diff = 1.308563e-03 ; dt =  1606.9 sec ; nmult =    115
 iogs (   gs) : iter =     75 ; delta = 9.865139e-03 ; diff = 1.262941e-03 ; dt =  1620.8 sec ; nmult =    116
 iogs (   gs) : iter =     76 ; delta = 9.865139e-03 ; diff = 1.218597e-03 ; dt =  1634.7 sec ; nmult =    117
 iogs (   gs) : iter =     77 ; delta = 9.865139e-03 ; diff = 1.176722e-03 ; dt =  1648.7 sec ; nmult =    118
 iogs (   gs) : iter =     78 ; delta = 9.865139e-03 ; diff = 1.135740e-03 ; dt =  1662.7 sec ; nmult =    119
 iogs (   gs) : iter =     79 ; delta = 9.865139e-03 ; diff = 1.097044e-03 ; dt =  1676.5 sec ; nmult =    120
 iogs (   gs) : iter =     80 ; delta = 9.865139e-03 ; diff = 1.059334e-03 ; dt =  1690.5 sec ; nmult =    121
 iogs (   gs) : iter =     81 ; delta = 9.865139e-03 ; diff = 1.023600e-03 ; dt =  1704.5 sec ; nmult =    122
 iogs (   gs) : iter =     82 ; delta = 9.865139e-03 ; diff = 9.887340e-04 ; dt =  1718.4 sec ; nmult =    123
 iogs (   gs) : iter =     83 ; delta = 9.865139e-03 ; diff = 9.558196e-04 ; dt =  1732.5 sec ; nmult =    124
 iogs (   gs) : iter =     84 ; delta = 9.865139e-03 ; diff = 9.234445e-04 ; dt =  1746.5 sec ; nmult =    125
 iogs (   gs) : iter =     85 ; delta = 9.865139e-03 ; diff = 8.929272e-04 ; dt =  1760.4 sec ; nmult =    126
 iogs (   gs) : iter =     86 ; delta = 9.865139e-03 ; diff = 8.630523e-04 ; dt =  1774.3 sec ; nmult =    127
 iogs (   gs) : iter =     87 ; delta = 9.865139e-03 ; diff = 8.347475e-04 ; dt =  1788.1 sec ; nmult =    128
 iogs (   gs) : iter =     88 ; delta = 9.865139e-03 ; diff = 8.069811e-04 ; dt =  1802.2 sec ; nmult =    129
 iogs (   gs) : iter =     89 ; delta = 9.865139e-03 ; diff = 7.807926e-04 ; dt =  1816.1 sec ; nmult =    130
 iogs (   gs) : iter =     90 ; delta = 9.865139e-03 ; diff = 7.549499e-04 ; dt =  1830.1 sec ; nmult =    131
 iogs (   gs) : iter =     91 ; delta = 9.865139e-03 ; diff = 7.306120e-04 ; dt =  1844.0 sec ; nmult =    132
 iogs (   gs) : iter =     92 ; delta = 9.865139e-03 ; diff = 7.066901e-04 ; dt =  1858.1 sec ; nmult =    133
 iogs (   gs) : iter =     93 ; delta = 9.865139e-03 ; diff = 6.840241e-04 ; dt =  1872.3 sec ; nmult =    134
 iogs (   gs) : iter =     94 ; delta = 9.865139e-03 ; diff = 6.617316e-04 ; dt =  1886.3 sec ; nmult =    135
 iogs (   gs) : iter =     95 ; delta = 9.865139e-03 ; diff = 6.407294e-04 ; dt =  1900.4 sec ; nmult =    136
 iogs (   gs) : iter =     96 ; delta = 9.865139e-03 ; diff = 6.199171e-04 ; dt =  1914.6 sec ; nmult =    137
 iogs (   gs) : iter =     97 ; delta = 9.865139e-03 ; diff = 6.003352e-04 ; dt =  1928.7 sec ; nmult =    138
 iogs (   gs) : iter =     98 ; delta = 9.865139e-03 ; diff = 5.810284e-04 ; dt =  1943.0 sec ; nmult =    139
 iogs (   gs) : iter =     99 ; delta = 9.865139e-03 ; diff = 5.627603e-04 ; dt =  1957.0 sec ; nmult =    140
 iogs (   gs) : iter =    100 ; delta = 9.865139e-03 ; diff = 5.447302e-04 ; dt =  1971.1 sec ; nmult =    141
 iogs (   gs) : iter =    101 ; delta = 9.865139e-03 ; diff = 5.277684e-04 ; dt =  1985.3 sec ; nmult =    142
 iogs (   gs) : iter =    102 ; delta = 9.865139e-03 ; diff = 5.109045e-04 ; dt =  1999.4 sec ; nmult =    143
 iogs (   gs) : iter =    103 ; delta = 9.865139e-03 ; diff = 4.950532e-04 ; dt =  2013.5 sec ; nmult =    144
 iogs (   gs) : iter =    104 ; delta = 9.865139e-03 ; diff = 4.793652e-04 ; dt =  2027.6 sec ; nmult =    145
 iogs (   gs) : iter =    105 ; delta = 9.865139e-03 ; diff = 4.645358e-04 ; dt =  2041.7 sec ; nmult =    146
 iogs (   gs) : iter =    106 ; delta = 9.865139e-03 ; diff = 4.498523e-04 ; dt =  2055.9 sec ; nmult =    147
 iogs (   gs) : iter =    107 ; delta = 9.865139e-03 ; diff = 4.360788e-04 ; dt =  2069.9 sec ; nmult =    148
 iogs (   gs) : iter =    108 ; delta = 9.865139e-03 ; diff = 4.223591e-04 ; dt =  2084.2 sec ; nmult =    149
 iogs (   gs) : iter =    109 ; delta = 9.865139e-03 ; diff = 4.094929e-04 ; dt =  2098.2 sec ; nmult =    150
 iogs (   gs) : iter =    110 ; delta = 9.865139e-03 ; diff = 3.967286e-04 ; dt =  2112.3 sec ; nmult =    151
 iogs (   gs) : iter =    111 ; delta = 9.865139e-03 ; diff = 3.846826e-04 ; dt =  2126.5 sec ; nmult =    152
 iogs (   gs) : iter =    112 ; delta = 9.865139e-03 ; diff = 3.727177e-04 ; dt =  2140.6 sec ; nmult =    153
 iogs (   gs) : iter =    113 ; delta = 9.865139e-03 ; diff = 3.614997e-04 ; dt =  2154.8 sec ; nmult =    154
 iogs (   gs) : iter =    114 ; delta = 9.865139e-03 ; diff = 3.502737e-04 ; dt =  2168.8 sec ; nmult =    155
 iogs (   gs) : iter =    115 ; delta = 9.865139e-03 ; diff = 3.397700e-04 ; dt =  2182.9 sec ; nmult =    156
 iogs (   gs) : iter =    116 ; delta = 9.865139e-03 ; diff = 3.293112e-04 ; dt =  2197.1 sec ; nmult =    157
 iogs (   gs) : iter =    117 ; delta = 9.865139e-03 ; diff = 3.194736e-04 ; dt =  2211.1 sec ; nmult =    158
 iogs (   gs) : iter =    118 ; delta = 9.865139e-03 ; diff = 3.096692e-04 ; dt =  2225.3 sec ; nmult =    159
 iogs (   gs) : iter =    119 ; delta = 9.865139e-03 ; diff = 3.005024e-04 ; dt =  2239.4 sec ; nmult =    160
 iogs (   gs) : iter =    120 ; delta = 9.865139e-03 ; diff = 2.912983e-04 ; dt =  2253.4 sec ; nmult =    161
 iogs (   gs) : iter =    121 ; delta = 9.865139e-03 ; diff = 2.826985e-04 ; dt =  2267.6 sec ; nmult =    162
 iogs (   gs) : iter =    122 ; delta = 9.865139e-03 ; diff = 2.741034e-04 ; dt =  2281.7 sec ; nmult =    163
 iogs (   gs) : iter =    123 ; delta = 9.865139e-03 ; diff = 2.660303e-04 ; dt =  2295.8 sec ; nmult =    164
 iogs (   gs) : iter =    124 ; delta = 9.865139e-03 ; diff = 2.579558e-04 ; dt =  2309.8 sec ; nmult =    165
 iogs (   gs) : iter =    125 ; delta = 9.865139e-03 ; diff = 2.504256e-04 ; dt =  2323.9 sec ; nmult =    166
 iogs (   gs) : iter =    126 ; delta = 9.865139e-03 ; diff = 2.428382e-04 ; dt =  2338.1 sec ; nmult =    167
 iogs (   gs) : iter =    127 ; delta = 9.865139e-03 ; diff = 2.357679e-04 ; dt =  2352.1 sec ; nmult =    168
 iogs (   gs) : iter =    128 ; delta = 9.865139e-03 ; diff = 2.286761e-04 ; dt =  2366.3 sec ; nmult =    169
 iogs (   gs) : iter =    129 ; delta = 9.865139e-03 ; diff = 2.220323e-04 ; dt =  2380.4 sec ; nmult =    170
 iogs (   gs) : iter =    130 ; delta = 9.865139e-03 ; diff = 2.153811e-04 ; dt =  2394.5 sec ; nmult =    171
 iogs (   gs) : iter =    131 ; delta = 9.865139e-03 ; diff = 2.091979e-04 ; dt =  2408.7 sec ; nmult =    172
 iogs (   gs) : iter =    132 ; delta = 9.865139e-03 ; diff = 2.029479e-04 ; dt =  2422.7 sec ; nmult =    173
 iogs (   gs) : iter =    133 ; delta = 9.865139e-03 ; diff = 1.971439e-04 ; dt =  2436.9 sec ; nmult =    174
 iogs (   gs) : iter =    134 ; delta = 9.865139e-03 ; diff = 1.912984e-04 ; dt =  2450.9 sec ; nmult =    175
 iogs (   gs) : iter =    135 ; delta = 9.865139e-03 ; diff = 1.858361e-04 ; dt =  2465.0 sec ; nmult =    176
 iogs (   gs) : iter =    136 ; delta = 9.865139e-03 ; diff = 1.803315e-04 ; dt =  2479.2 sec ; nmult =    177
 iogs (   gs) : iter =    137 ; delta = 9.865139e-03 ; diff = 1.752252e-04 ; dt =  2493.3 sec ; nmult =    178
 iogs (   gs) : iter =    138 ; delta = 9.865139e-03 ; diff = 1.700371e-04 ; dt =  2507.4 sec ; nmult =    179
 iogs (   gs) : iter =    139 ; delta = 9.865139e-03 ; diff = 1.652322e-04 ; dt =  2521.5 sec ; nmult =    180
 iogs (   gs) : iter =    140 ; delta = 9.865139e-03 ; diff = 1.603775e-04 ; dt =  2535.5 sec ; nmult =    181
 iogs (   gs) : iter =    141 ; delta = 9.865139e-03 ; diff = 1.558547e-04 ; dt =  2549.7 sec ; nmult =    182
 iogs (   gs) : iter =    142 ; delta = 9.865139e-03 ; diff = 1.512792e-04 ; dt =  2563.8 sec ; nmult =    183
 iogs (   gs) : iter =    143 ; delta = 9.865139e-03 ; diff = 1.470511e-04 ; dt =  2578.0 sec ; nmult =    184
 iogs (   gs) : iter =    144 ; delta = 9.865139e-03 ; diff = 1.427421e-04 ; dt =  2592.0 sec ; nmult =    185
 iogs (   gs) : iter =    145 ; delta = 9.865139e-03 ; diff = 1.387668e-04 ; dt =  2606.1 sec ; nmult =    186
 iogs (   gs) : iter =    146 ; delta = 9.865139e-03 ; diff = 1.347318e-04 ; dt =  2620.3 sec ; nmult =    187
 iogs (   gs) : iter =    147 ; delta = 9.865139e-03 ; diff = 1.309859e-04 ; dt =  2634.3 sec ; nmult =    188
 iogs (   gs) : iter =    148 ; delta = 9.865139e-03 ; diff = 1.271802e-04 ; dt =  2648.6 sec ; nmult =    189
 iogs (   gs) : iter =    149 ; delta = 9.865139e-03 ; diff = 1.236744e-04 ; dt =  2662.6 sec ; nmult =    190
 iogs (   gs) : iter =    150 ; delta = 9.865139e-03 ; diff = 1.200834e-04 ; dt =  2676.6 sec ; nmult =    191
 iogs (   gs) : iter =    151 ; delta = 9.865139e-03 ; diff = 1.167807e-04 ; dt =  2690.9 sec ; nmult =    192
 iogs (   gs) : iter =    152 ; delta = 9.865139e-03 ; diff = 1.134141e-04 ; dt =  2704.9 sec ; nmult =    193
 iogs (   gs) : iter =    153 ; delta = 9.865139e-03 ; diff = 1.102986e-04 ; dt =  2719.1 sec ; nmult =    194
 iogs (   gs) : iter =    154 ; delta = 9.865139e-03 ; diff = 1.071186e-04 ; dt =  2733.2 sec ; nmult =    195
 iogs (   gs) : iter =    155 ; delta = 9.865139e-03 ; diff = 1.041995e-04 ; dt =  2747.2 sec ; nmult =    196
 iogs (   gs) : iter =    156 ; delta = 9.865139e-03 ; diff = 1.011949e-04 ; dt =  2761.6 sec ; nmult =    197
 iogs (   gs) : iter =    157 ; delta = 9.865139e-03 ; diff = 9.844397e-05 ; dt =  2775.6 sec ; nmult =    198
 iogs (   gs) : iter =    158 ; delta = 9.865139e-03 ; diff = 9.562855e-05 ; dt =  2789.7 sec ; nmult =    199
 iogs (   gs) : iter =    159 ; delta = 9.865139e-03 ; diff = 9.303292e-05 ; dt =  2803.9 sec ; nmult =    200
 iogs (   gs) : iter =    160 ; delta = 9.865139e-03 ; diff = 9.037338e-05 ; dt =  2817.9 sec ; nmult =    201
 iogs (   gs) : iter =    161 ; delta = 9.865139e-03 ; diff = 8.794348e-05 ; dt =  2832.1 sec ; nmult =    202
 iogs (   gs) : iter =    162 ; delta = 9.865139e-03 ; diff = 8.543037e-05 ; dt =  2846.2 sec ; nmult =    203
 iogs (   gs) : iter =    163 ; delta = 9.865139e-03 ; diff = 8.313926e-05 ; dt =  2860.3 sec ; nmult =    204
 iogs (   gs) : iter =    164 ; delta = 9.865139e-03 ; diff = 8.078251e-05 ; dt =  2874.5 sec ; nmult =    205
 iogs (   gs) : iter =    165 ; delta = 9.865139e-03 ; diff = 7.861966e-05 ; dt =  2888.6 sec ; nmult =    206
 iogs (   gs) : iter =    166 ; delta = 9.865139e-03 ; diff = 7.639135e-05 ; dt =  2902.8 sec ; nmult =    207
 iogs (   gs) : iter =    167 ; delta = 9.865139e-03 ; diff = 7.436259e-05 ; dt =  2916.8 sec ; nmult =    208
 iogs (   gs) : iter =    168 ; delta = 9.865139e-03 ; diff = 7.225340e-05 ; dt =  2930.9 sec ; nmult =    209
 iogs (   gs) : iter =    169 ; delta = 9.865139e-03 ; diff = 7.033657e-05 ; dt =  2945.2 sec ; nmult =    210
 iogs (   gs) : iter =    170 ; delta = 9.865139e-03 ; diff = 6.835471e-05 ; dt =  2959.2 sec ; nmult =    211
 iogs (   gs) : iter =    171 ; delta = 9.865139e-03 ; diff = 6.654267e-05 ; dt =  2973.4 sec ; nmult =    212
 iogs (   gs) : iter =    172 ; delta = 9.865139e-03 ; diff = 6.466683e-05 ; dt =  2987.5 sec ; nmult =    213
 iogs (   gs) : iter =    173 ; delta = 9.865139e-03 ; diff = 6.296754e-05 ; dt =  3001.6 sec ; nmult =    214
 iogs (   gs) : iter =    174 ; delta = 9.865139e-03 ; diff = 6.119156e-05 ; dt =  3015.8 sec ; nmult =    215
 iogs (   gs) : iter =    175 ; delta = 9.865139e-03 ; diff = 5.958594e-05 ; dt =  3029.8 sec ; nmult =    216
 iogs (   gs) : iter =    176 ; delta = 9.865139e-03 ; diff = 5.791816e-05 ; dt =  3044.0 sec ; nmult =    217
 iogs (   gs) : iter =    177 ; delta = 9.865139e-03 ; diff = 5.640144e-05 ; dt =  3058.1 sec ; nmult =    218
 iogs (   gs) : iter =    178 ; delta = 9.865139e-03 ; diff = 5.482263e-05 ; dt =  3072.1 sec ; nmult =    219
 iogs (   gs) : iter =    179 ; delta = 9.865139e-03 ; diff = 5.339897e-05 ; dt =  3086.3 sec ; nmult =    220
 iogs (   gs) : iter =    180 ; delta = 9.865139e-03 ; diff = 5.190285e-05 ; dt =  3100.4 sec ; nmult =    221
 iogs (   gs) : iter =    181 ; delta = 9.865139e-03 ; diff = 5.055619e-05 ; dt =  3114.6 sec ; nmult =    222
 iogs (   gs) : iter =    182 ; delta = 9.865139e-03 ; diff = 4.914844e-05 ; dt =  3128.7 sec ; nmult =    223
 iogs (   gs) : iter =    183 ; delta = 9.865139e-03 ; diff = 4.787382e-05 ; dt =  3142.7 sec ; nmult =    224
 iogs (   gs) : iter =    184 ; delta = 9.865139e-03 ; diff = 4.653960e-05 ; dt =  3156.9 sec ; nmult =    225
 iogs (   gs) : iter =    185 ; delta = 9.865139e-03 ; diff = 4.534309e-05 ; dt =  3171.0 sec ; nmult =    226
 iogs (   gs) : iter =    186 ; delta = 9.865139e-03 ; diff = 4.407802e-05 ; dt =  3185.2 sec ; nmult =    227
 iogs (   gs) : iter =    187 ; delta = 9.865139e-03 ; diff = 4.294557e-05 ; dt =  3199.3 sec ; nmult =    228
 iogs (   gs) : iter =    188 ; delta = 9.865139e-03 ; diff = 4.175566e-05 ; dt =  3213.3 sec ; nmult =    229
 iogs (   gs) : iter =    189 ; delta = 9.865139e-03 ; diff = 4.068371e-05 ; dt =  3227.5 sec ; nmult =    230
 iogs (   gs) : iter =    190 ; delta = 9.865139e-03 ; diff = 3.955517e-05 ; dt =  3241.6 sec ; nmult =    231
 iogs (   gs) : iter =    191 ; delta = 9.865139e-03 ; diff = 3.854860e-05 ; dt =  3255.7 sec ; nmult =    232
 iogs (   gs) : iter =    192 ; delta = 9.865139e-03 ; diff = 3.747766e-05 ; dt =  3269.8 sec ; nmult =    233
 iogs (   gs) : iter =    193 ; delta = 9.865139e-03 ; diff = 3.652455e-05 ; dt =  3283.8 sec ; nmult =    234
 iogs (   gs) : iter =    194 ; delta = 9.865139e-03 ; diff = 3.551630e-05 ; dt =  3298.0 sec ; nmult =    235
 iogs (   gs) : iter =    195 ; delta = 9.865139e-03 ; diff = 3.461324e-05 ; dt =  3312.1 sec ; nmult =    236
 iogs (   gs) : iter =    196 ; delta = 9.865139e-03 ; diff = 3.365680e-05 ; dt =  3326.3 sec ; nmult =    237
 iogs (   gs) : iter =    197 ; delta = 9.865139e-03 ; diff = 3.280887e-05 ; dt =  3340.3 sec ; nmult =    238
 iogs (   gs) : iter =    198 ; delta = 9.865139e-03 ; diff = 3.190114e-05 ; dt =  3354.4 sec ; nmult =    239
 iogs (   gs) : iter =    199 ; delta = 9.865139e-03 ; diff = 3.109782e-05 ; dt =  3368.6 sec ; nmult =    240
 iogs (   gs) : iter =    200 ; delta = 9.865139e-03 ; diff = 3.024324e-05 ; dt =  3382.7 sec ; nmult =    241
 iogs (   gs) : iter =    201 ; delta = 9.865139e-03 ; diff = 2.948237e-05 ; dt =  3396.9 sec ; nmult =    242
 iogs (   gs) : iter =    202 ; delta = 9.865139e-03 ; diff = 2.867095e-05 ; dt =  3411.0 sec ; nmult =    243
 iogs (   gs) : iter =    203 ; delta = 9.865139e-03 ; diff = 2.795628e-05 ; dt =  3425.0 sec ; nmult =    244
 iogs (   gs) : iter =    204 ; delta = 9.865139e-03 ; diff = 2.718575e-05 ; dt =  3439.2 sec ; nmult =    245
 iogs (   gs) : iter =    205 ; delta = 9.865139e-03 ; diff = 2.650863e-05 ; dt =  3453.3 sec ; nmult =    246
 iogs (   gs) : iter =    206 ; delta = 9.865139e-03 ; diff = 2.578309e-05 ; dt =  3467.5 sec ; nmult =    247
 iogs (   gs) : iter =    207 ; delta = 9.865139e-03 ; diff = 2.514150e-05 ; dt =  3481.6 sec ; nmult =    248
 iogs (   gs) : iter =    208 ; delta = 9.865139e-03 ; diff = 2.445294e-05 ; dt =  3495.6 sec ; nmult =    249
 iogs (   gs) : iter =    209 ; delta = 9.865139e-03 ; diff = 2.385067e-05 ; dt =  3509.9 sec ; nmult =    250
 iogs (   gs) : iter =    210 ; delta = 9.865139e-03 ; diff = 2.319655e-05 ; dt =  3523.9 sec ; nmult =    251
 iogs (   gs) : iter =    211 ; delta = 9.865139e-03 ; diff = 2.262536e-05 ; dt =  3538.1 sec ; nmult =    252
 iogs (   gs) : iter =    212 ; delta = 9.865139e-03 ; diff = 2.200898e-05 ; dt =  3552.2 sec ; nmult =    253
 iogs (   gs) : iter =    213 ; delta = 9.865139e-03 ; diff = 2.146744e-05 ; dt =  3566.2 sec ; nmult =    254
 iogs (   gs) : iter =    214 ; delta = 9.865139e-03 ; diff = 2.088151e-05 ; dt =  3580.5 sec ; nmult =    255
 iogs (   gs) : iter =    215 ; delta = 9.865139e-03 ; diff = 2.037263e-05 ; dt =  3594.6 sec ; nmult =    256
 iogs (   gs) : iter =    216 ; delta = 9.865139e-03 ; diff = 1.981573e-05 ; dt =  3608.8 sec ; nmult =    257
 iogs (   gs) : iter =    217 ; delta = 9.865139e-03 ; diff = 1.933293e-05 ; dt =  3622.8 sec ; nmult =    258
 iogs (   gs) : iter =    218 ; delta = 9.865139e-03 ; diff = 1.880790e-05 ; dt =  3636.9 sec ; nmult =    259
 iogs (   gs) : iter =    219 ; delta = 9.865139e-03 ; diff = 1.834966e-05 ; dt =  3651.2 sec ; nmult =    260
 iogs (   gs) : iter =    220 ; delta = 9.865139e-03 ; diff = 1.785024e-05 ; dt =  3665.9 sec ; nmult =    261
 iogs (   gs) : iter =    221 ; delta = 9.865139e-03 ; diff = 1.741977e-05 ; dt =  3680.2 sec ; nmult =    262
 iogs (   gs) : iter =    222 ; delta = 9.865139e-03 ; diff = 1.694478e-05 ; dt =  3694.2 sec ; nmult =    263
 iogs (   gs) : iter =    223 ; delta = 9.865139e-03 ; diff = 1.653647e-05 ; dt =  3708.2 sec ; nmult =    264
 iogs (   gs) : iter =    224 ; delta = 9.865139e-03 ; diff = 1.608885e-05 ; dt =  3722.5 sec ; nmult =    265
 iogs (   gs) : iter =    225 ; delta = 9.865139e-03 ; diff = 1.570127e-05 ; dt =  3736.6 sec ; nmult =    266
 iogs (   gs) : iter =    226 ; delta = 9.865139e-03 ; diff = 1.527529e-05 ; dt =  3750.7 sec ; nmult =    267
 iogs (   gs) : iter =    227 ; delta = 9.865139e-03 ; diff = 1.491105e-05 ; dt =  3764.9 sec ; nmult =    268
 iogs (   gs) : iter =    228 ; delta = 9.865139e-03 ; diff = 1.450584e-05 ; dt =  3778.9 sec ; nmult =    269
 iogs (   gs) : iter =    229 ; delta = 9.865139e-03 ; diff = 1.416009e-05 ; dt =  3793.2 sec ; nmult =    270
 iogs (   gs) : iter =    230 ; delta = 9.865139e-03 ; diff = 1.377792e-05 ; dt =  3807.2 sec ; nmult =    271
 iogs (   gs) : iter =    231 ; delta = 9.865139e-03 ; diff = 1.344953e-05 ; dt =  3821.3 sec ; nmult =    272
 iogs (   gs) : iter =    232 ; delta = 9.865139e-03 ; diff = 1.308552e-05 ; dt =  3835.5 sec ; nmult =    273
 iogs (   gs) : iter =    233 ; delta = 9.865139e-03 ; diff = 1.277706e-05 ; dt =  3849.5 sec ; nmult =    274
 iogs (   gs) : iter =    234 ; delta = 9.865139e-03 ; diff = 1.243045e-05 ; dt =  3863.7 sec ; nmult =    275
 iogs (   gs) : iter =    235 ; delta = 9.865139e-03 ; diff = 1.213736e-05 ; dt =  3877.7 sec ; nmult =    276
 iogs (   gs) : iter =    236 ; delta = 9.865139e-03 ; diff = 1.181057e-05 ; dt =  3891.8 sec ; nmult =    277
 iogs (   gs) : iter =    237 ; delta = 9.865139e-03 ; diff = 1.153215e-05 ; dt =  3906.0 sec ; nmult =    278
 iogs (   gs) : iter =    238 ; delta = 9.865139e-03 ; diff = 1.122070e-05 ; dt =  3920.1 sec ; nmult =    279
 iogs (   gs) : iter =    239 ; delta = 9.865139e-03 ; diff = 1.095898e-05 ; dt =  3934.2 sec ; nmult =    280
 iogs (   gs) : iter =    240 ; delta = 9.865139e-03 ; diff = 1.066225e-05 ; dt =  3948.3 sec ; nmult =    281
 iogs (   gs) : iter =    241 ; delta = 9.865139e-03 ; diff = 1.041349e-05 ; dt =  3962.3 sec ; nmult =    282
 iogs (   gs) : iter =    242 ; delta = 9.865139e-03 ; diff = 1.013350e-05 ; dt =  3976.6 sec ; nmult =    283
 iogs (   gs) : iter =    243 ; delta = 9.865139e-03 ; diff = 9.897076e-06 ; dt =  3990.6 sec ; nmult =    284
 iogs (   gs) : iter =    244 ; delta = 9.865139e-03 ; diff = 9.630151e-06 ; dt =  4004.8 sec ; nmult =    285
 iogs (   gs) : iter =    245 ; delta = 9.865139e-03 ; diff = 9.408051e-06 ; dt =  4018.8 sec ; nmult =    286
 iogs (   gs) : iter =    246 ; delta = 9.865139e-03 ; diff = 9.153601e-06 ; dt =  4032.9 sec ; nmult =    287
 iogs (   gs) : iter =    247 ; delta = 9.865139e-03 ; diff = 8.942215e-06 ; dt =  4047.1 sec ; nmult =    288
 iogs (   gs) : iter =    248 ; delta = 9.865139e-03 ; diff = 8.702130e-06 ; dt =  4061.1 sec ; nmult =    289
 iogs (   gs) : iter =    249 ; delta = 9.865139e-03 ; diff = 8.501224e-06 ; dt =  4075.3 sec ; nmult =    290
 iogs (   gs) : iter =    250 ; delta = 9.865139e-03 ; diff = 8.272147e-06 ; dt =  4089.4 sec ; nmult =    291
 iogs (   gs) : iter =    251 ; delta = 9.865139e-03 ; diff = 8.083443e-06 ; dt =  4103.4 sec ; nmult =    292
 iogs (   gs) : iter =    252 ; delta = 9.865139e-03 ; diff = 7.865014e-06 ; dt =  4117.6 sec ; nmult =    293
 iogs (   gs) : iter =    253 ; delta = 9.865139e-03 ; diff = 7.685487e-06 ; dt =  4131.7 sec ; nmult =    294
 iogs (   gs) : iter =    254 ; delta = 9.865139e-03 ; diff = 7.479321e-06 ; dt =  4145.8 sec ; nmult =    295
 iogs (   gs) : iter =    255 ; delta = 9.865139e-03 ; diff = 7.308491e-06 ; dt =  4159.8 sec ; nmult =    296
 iogs (   gs) : iter =    256 ; delta = 9.865139e-03 ; diff = 7.111748e-06 ; dt =  4173.9 sec ; nmult =    297
 iogs (   gs) : iter =    257 ; delta = 9.865139e-03 ; diff = 6.951376e-06 ; dt =  4188.0 sec ; nmult =    298
 iogs (   gs) : iter =    258 ; delta = 9.865139e-03 ; diff = 6.763706e-06 ; dt =  4202.1 sec ; nmult =    299
 iogs (   gs) : iter =    259 ; delta = 9.865139e-03 ; diff = 6.610991e-06 ; dt =  4216.3 sec ; nmult =    300
 iogs (   gs) : iter =    260 ; delta = 9.865139e-03 ; diff = 6.433887e-06 ; dt =  4230.3 sec ; nmult =    301
 iogs (   gs) : iter =    261 ; delta = 9.865139e-03 ; diff = 6.288659e-06 ; dt =  4244.4 sec ; nmult =    302
 iogs (   gs) : iter =    262 ; delta = 9.865139e-03 ; diff = 6.119444e-06 ; dt =  4258.6 sec ; nmult =    303
 iogs (   gs) : iter =    263 ; delta = 9.865139e-03 ; diff = 5.983055e-06 ; dt =  4272.6 sec ; nmult =    304
 iogs (   gs) : iter =    264 ; delta = 9.865139e-03 ; diff = 5.821541e-06 ; dt =  4286.8 sec ; nmult =    305
 iogs (   gs) : iter =    265 ; delta = 9.865139e-03 ; diff = 5.691606e-06 ; dt =  4300.8 sec ; nmult =    306
 iogs (   gs) : iter =    266 ; delta = 9.865139e-03 ; diff = 5.539136e-06 ; dt =  4314.9 sec ; nmult =    307
 iogs (   gs) : iter =    267 ; delta = 9.865139e-03 ; diff = 5.415411e-06 ; dt =  4329.1 sec ; nmult =    308
 iogs (   gs) : iter =    268 ; delta = 9.865139e-03 ; diff = 5.269717e-06 ; dt =  4343.1 sec ; nmult =    309
 iogs (   gs) : iter =    269 ; delta = 9.865139e-03 ; diff = 5.153647e-06 ; dt =  4357.3 sec ; nmult =    310
 iogs (   gs) : iter =    270 ; delta = 9.865139e-03 ; diff = 5.014513e-06 ; dt =  4371.3 sec ; nmult =    311
 iogs (   gs) : iter =    271 ; delta = 9.865139e-03 ; diff = 4.903865e-06 ; dt =  4385.4 sec ; nmult =    312
 iogs (   gs) : iter =    272 ; delta = 9.865139e-03 ; diff = 4.772616e-06 ; dt =  4399.6 sec ; nmult =    313
 iogs (   gs) : iter =    273 ; delta = 9.865139e-03 ; diff = 4.667388e-06 ; dt =  4413.7 sec ; nmult =    314
 iogs (   gs) : iter =    274 ; delta = 9.865139e-03 ; diff = 4.541858e-06 ; dt =  4427.9 sec ; nmult =    315
 iogs (   gs) : iter =    275 ; delta = 9.865139e-03 ; diff = 4.443083e-06 ; dt =  4441.9 sec ; nmult =    316
 iogs (   gs) : iter =    276 ; delta = 9.865139e-03 ; diff = 4.323172e-06 ; dt =  4456.0 sec ; nmult =    317
 iogs (   gs) : iter =    277 ; delta = 9.865139e-03 ; diff = 4.228989e-06 ; dt =  4470.2 sec ; nmult =    318
 iogs (   gs) : iter =    278 ; delta = 9.865139e-03 ; diff = 4.115789e-06 ; dt =  4484.2 sec ; nmult =    319
 iogs (   gs) : iter =    279 ; delta = 9.865139e-03 ; diff = 4.026055e-06 ; dt =  4498.4 sec ; nmult =    320
 iogs (   gs) : iter =    280 ; delta = 9.865139e-03 ; diff = 3.917750e-06 ; dt =  4512.5 sec ; nmult =    321
 iogs (   gs) : iter =    281 ; delta = 9.865139e-03 ; diff = 3.833668e-06 ; dt =  4526.5 sec ; nmult =    322
 iogs (   gs) : iter =    282 ; delta = 9.865139e-03 ; diff = 3.730114e-06 ; dt =  4540.7 sec ; nmult =    323
 iogs (   gs) : iter =    283 ; delta = 9.865139e-03 ; diff = 3.649845e-06 ; dt =  4554.7 sec ; nmult =    324
 iogs (   gs) : iter =    284 ; delta = 9.865139e-03 ; diff = 3.552158e-06 ; dt =  4568.9 sec ; nmult =    325
 iogs (   gs) : iter =    285 ; delta = 9.865139e-03 ; diff = 3.475726e-06 ; dt =  4583.0 sec ; nmult =    326
 iogs (   gs) : iter =    286 ; delta = 9.865139e-03 ; diff = 3.382167e-06 ; dt =  4597.0 sec ; nmult =    327
 iogs (   gs) : iter =    287 ; delta = 9.865139e-03 ; diff = 3.310468e-06 ; dt =  4611.2 sec ; nmult =    328
 iogs (   gs) : iter =    288 ; delta = 9.865139e-03 ; diff = 3.221028e-06 ; dt =  4625.2 sec ; nmult =    329
 iogs (   gs) : iter =    289 ; delta = 9.865139e-03 ; diff = 3.152610e-06 ; dt =  4639.4 sec ; nmult =    330
 iogs (   gs) : iter =    290 ; delta = 9.865139e-03 ; diff = 3.068151e-06 ; dt =  4653.5 sec ; nmult =    331
 iogs (   gs) : iter =    291 ; delta = 9.865139e-03 ; diff = 3.002902e-06 ; dt =  4667.5 sec ; nmult =    332
 iogs (   gs) : iter =    292 ; delta = 9.865139e-03 ; diff = 2.921972e-06 ; dt =  4681.8 sec ; nmult =    333
 iogs (   gs) : iter =    293 ; delta = 9.865139e-03 ; diff = 2.860885e-06 ; dt =  4695.8 sec ; nmult =    334
 iogs (   gs) : iter =    294 ; delta = 9.865139e-03 ; diff = 2.783438e-06 ; dt =  4709.9 sec ; nmult =    335
 iogs (   gs) : iter =    295 ; delta = 9.865139e-03 ; diff = 2.725033e-06 ; dt =  4724.1 sec ; nmult =    336
 iogs (   gs) : iter =    296 ; delta = 9.865139e-03 ; diff = 2.651968e-06 ; dt =  4738.2 sec ; nmult =    337
 iogs (   gs) : iter =    297 ; delta = 9.865139e-03 ; diff = 2.596307e-06 ; dt =  4752.4 sec ; nmult =    338
 iogs (   gs) : iter =    298 ; delta = 9.865139e-03 ; diff = 2.526243e-06 ; dt =  4766.5 sec ; nmult =    339
 iogs (   gs) : iter =    299 ; delta = 9.865139e-03 ; diff = 2.474114e-06 ; dt =  4780.5 sec ; nmult =    340
 iogs (   gs) : iter =    300 ; delta = 9.865139e-03 ; diff = 2.407050e-06 ; dt =  4794.7 sec ; nmult =    341
 iogs (   gs) : iter =    301 ; delta = 9.865139e-03 ; diff = 2.357239e-06 ; dt =  4808.8 sec ; nmult =    342
 iogs (   gs) : iter =    302 ; delta = 9.865139e-03 ; diff = 2.293944e-06 ; dt =  4823.0 sec ; nmult =    343
 iogs (   gs) : iter =    303 ; delta = 9.865139e-03 ; diff = 2.246415e-06 ; dt =  4837.0 sec ; nmult =    344
 iogs (   gs) : iter =    304 ; delta = 9.865139e-03 ; diff = 2.185713e-06 ; dt =  4851.1 sec ; nmult =    345
 iogs (   gs) : iter =    305 ; delta = 9.865139e-03 ; diff = 2.141286e-06 ; dt =  4865.3 sec ; nmult =    346
 iogs (   gs) : iter =    306 ; delta = 9.865139e-03 ; diff = 2.083133e-06 ; dt =  4879.3 sec ; nmult =    347
 iogs (   gs) : iter =    307 ; delta = 9.865139e-03 ; diff = 2.040598e-06 ; dt =  4893.5 sec ; nmult =    348
 iogs (   gs) : iter =    308 ; delta = 9.865139e-03 ; diff = 1.985757e-06 ; dt =  4907.5 sec ; nmult =    349
 iogs (   gs) : iter =    309 ; delta = 9.865139e-03 ; diff = 1.945199e-06 ; dt =  4921.5 sec ; nmult =    350
 iogs (   gs) : iter =    310 ; delta = 9.865139e-03 ; diff = 1.892523e-06 ; dt =  4935.7 sec ; nmult =    351
 iogs (   gs) : iter =    311 ; delta = 9.865139e-03 ; diff = 1.854609e-06 ; dt =  4949.8 sec ; nmult =    352
 iogs (   gs) : iter =    312 ; delta = 9.865139e-03 ; diff = 1.804169e-06 ; dt =  4963.9 sec ; nmult =    353
 iogs (   gs) : iter =    313 ; delta = 9.865139e-03 ; diff = 1.767907e-06 ; dt =  4977.9 sec ; nmult =    354
 iogs (   gs) : iter =    314 ; delta = 9.865139e-03 ; diff = 1.720314e-06 ; dt =  4992.0 sec ; nmult =    355
 iogs (   gs) : iter =    315 ; delta = 9.865139e-03 ; diff = 1.685665e-06 ; dt =  5006.1 sec ; nmult =    356
 iogs (   gs) : iter =    316 ; delta = 9.865139e-03 ; diff = 1.639951e-06 ; dt =  5020.2 sec ; nmult =    357
 iogs (   gs) : iter =    317 ; delta = 9.865139e-03 ; diff = 1.607609e-06 ; dt =  5034.4 sec ; nmult =    358
 iogs (   gs) : iter =    318 ; delta = 9.865139e-03 ; diff = 1.563773e-06 ; dt =  5048.4 sec ; nmult =    359
 iogs (   gs) : iter =    319 ; delta = 9.865139e-03 ; diff = 1.532771e-06 ; dt =  5062.5 sec ; nmult =    360
 iogs (   gs) : iter =    320 ; delta = 9.865139e-03 ; diff = 1.491439e-06 ; dt =  5076.7 sec ; nmult =    361
 iogs (   gs) : iter =    321 ; delta = 9.865139e-03 ; diff = 1.461854e-06 ; dt =  5090.7 sec ; nmult =    362
 iogs (   gs) : iter =    322 ; delta = 9.865139e-03 ; diff = 1.422091e-06 ; dt =  5104.9 sec ; nmult =    363
 iogs (   gs) : iter =    323 ; delta = 9.865139e-03 ; diff = 1.394479e-06 ; dt =  5119.0 sec ; nmult =    364
 iogs (   gs) : iter =    324 ; delta = 9.865139e-03 ; diff = 1.356365e-06 ; dt =  5133.0 sec ; nmult =    365
 iogs (   gs) : iter =    325 ; delta = 9.865139e-03 ; diff = 1.329912e-06 ; dt =  5147.2 sec ; nmult =    366
 iogs (   gs) : iter =    326 ; delta = 9.865139e-03 ; diff = 1.293987e-06 ; dt =  5161.2 sec ; nmult =    367
 iogs (   gs) : iter =    327 ; delta = 9.865139e-03 ; diff = 1.268710e-06 ; dt =  5175.4 sec ; nmult =    368
 iogs (   gs) : iter =    328 ; delta = 9.865139e-03 ; diff = 1.234159e-06 ; dt =  5189.4 sec ; nmult =    369
 iogs (   gs) : iter =    329 ; delta = 9.865139e-03 ; diff = 1.210628e-06 ; dt =  5203.5 sec ; nmult =    370
 iogs (   gs) : iter =    330 ; delta = 9.865139e-03 ; diff = 1.177447e-06 ; dt =  5217.7 sec ; nmult =    371
 iogs (   gs) : iter =    331 ; delta = 9.865139e-03 ; diff = 1.154836e-06 ; dt =  5231.8 sec ; nmult =    372
 iogs (   gs) : iter =    332 ; delta = 9.865139e-03 ; diff = 1.123570e-06 ; dt =  5245.9 sec ; nmult =    373
 iogs (   gs) : iter =    333 ; delta = 9.865139e-03 ; diff = 1.101973e-06 ; dt =  5259.9 sec ; nmult =    374
 iogs (   gs) : iter =    334 ; delta = 9.865139e-03 ; diff = 1.071850e-06 ; dt =  5274.0 sec ; nmult =    375
 iogs (   gs) : iter =    335 ; delta = 9.865139e-03 ; diff = 1.051732e-06 ; dt =  5288.2 sec ; nmult =    376
 iogs (   gs) : iter =    336 ; delta = 9.865139e-03 ; diff = 1.022819e-06 ; dt =  5302.3 sec ; nmult =    377
 iogs (   gs) : iter =    337 ; delta = 9.865139e-03 ; diff = 1.003507e-06 ; dt =  5316.4 sec ; nmult =    378
 iogs (   gs) : iter =    338 ; delta = 9.865139e-03 ; diff = 9.762521e-07 ; dt =  5330.5 sec ; nmult =    379
 iogs (   gs) : iter =    339 ; delta = 9.865139e-03 ; diff = 9.577617e-07 ; dt =  5344.5 sec ; nmult =    380
 iogs (   gs) : iter =    340 ; delta = 9.865139e-03 ; diff = 9.314976e-07 ; dt =  5358.8 sec ; nmult =    381
 iogs (   gs) : iter =    341 ; delta = 9.865139e-03 ; diff = 9.143273e-07 ; dt =  5372.8 sec ; nmult =    382
 iogs (   gs) : iter =    342 ; delta = 9.865139e-03 ; diff = 8.890750e-07 ; dt =  5387.0 sec ; nmult =    383
 iogs (   gs) : iter =    343 ; delta = 9.865139e-03 ; diff = 8.725462e-07 ; dt =  5401.0 sec ; nmult =    384
 iogs (   gs) : iter =    344 ; delta = 9.865139e-03 ; diff = 8.487716e-07 ; dt =  5415.1 sec ; nmult =    385
 iogs (   gs) : iter =    345 ; delta = 9.865139e-03 ; diff = 8.329687e-07 ; dt =  5429.3 sec ; nmult =    386
 iogs (   gs) : iter =    346 ; delta = 9.865139e-03 ; diff = 8.100402e-07 ; dt =  5443.3 sec ; nmult =    387
 iogs (   gs) : iter =    347 ; delta = 9.865139e-03 ; diff = 7.953671e-07 ; dt =  5457.6 sec ; nmult =    388
 iogs (   gs) : iter =    348 ; delta = 9.865139e-03 ; diff = 7.733418e-07 ; dt =  5471.6 sec ; nmult =    389
 iogs (   gs) : iter =    349 ; delta = 9.865139e-03 ; diff = 7.592386e-07 ; dt =  5485.7 sec ; nmult =    390
 iogs (   gs) : iter =    350 ; delta = 9.865139e-03 ; diff = 7.384908e-07 ; dt =  5499.9 sec ; nmult =    391
 iogs (   gs) : iter =    351 ; delta = 9.865139e-03 ; diff = 7.249752e-07 ; dt =  5514.0 sec ; nmult =    392
 iogs (   gs) : iter =    352 ; delta = 9.865139e-03 ; diff = 7.049532e-07 ; dt =  5528.1 sec ; nmult =    393
 iogs (   gs) : iter =    353 ; delta = 9.865139e-03 ; diff = 6.924444e-07 ; dt =  5542.2 sec ; nmult =    394
 iogs (   gs) : iter =    354 ; delta = 9.865139e-03 ; diff = 6.731722e-07 ; dt =  5556.3 sec ; nmult =    395
 iogs (   gs) : iter =    355 ; delta = 9.865139e-03 ; diff = 6.610976e-07 ; dt =  5570.6 sec ; nmult =    396
 iogs (   gs) : iter =    356 ; delta = 9.865139e-03 ; diff = 6.429691e-07 ; dt =  5584.6 sec ; nmult =    397
 iogs (   gs) : iter =    357 ; delta = 9.865139e-03 ; diff = 6.314111e-07 ; dt =  5598.7 sec ; nmult =    398
 iogs (   gs) : iter =    358 ; delta = 9.865139e-03 ; diff = 6.138834e-07 ; dt =  5612.9 sec ; nmult =    399
 iogs (   gs) : iter =    359 ; delta = 9.865139e-03 ; diff = 6.031779e-07 ; dt =  5627.0 sec ; nmult =    400
 iogs (   gs) : iter =    360 ; delta = 9.865139e-03 ; diff = 5.863136e-07 ; dt =  5641.2 sec ; nmult =    401
 iogs (   gs) : iter =    361 ; delta = 9.865139e-03 ; diff = 5.759949e-07 ; dt =  5655.2 sec ; nmult =    402
 iogs (   gs) : iter =    362 ; delta = 9.865139e-03 ; diff = 5.601196e-07 ; dt =  5669.3 sec ; nmult =    403
 iogs (   gs) : iter =    363 ; delta = 9.865139e-03 ; diff = 5.502135e-07 ; dt =  5683.5 sec ; nmult =    404
 iogs (   gs) : iter =    364 ; delta = 9.865139e-03 ; diff = 5.348690e-07 ; dt =  5697.5 sec ; nmult =    405
 iogs (   gs) : iter =    365 ; delta = 9.865139e-03 ; diff = 5.257340e-07 ; dt =  5711.7 sec ; nmult =    406
 iogs (   gs) : iter =    366 ; delta = 9.865139e-03 ; diff = 5.109461e-07 ; dt =  5725.7 sec ; nmult =    407
 iogs (   gs) : iter =    367 ; delta = 9.865139e-03 ; diff = 5.021060e-07 ; dt =  5739.8 sec ; nmult =    408
 iogs (   gs) : iter =    368 ; delta = 9.865139e-03 ; diff = 4.882101e-07 ; dt =  5754.0 sec ; nmult =    409
 iogs (   gs) : iter =    369 ; delta = 9.865139e-03 ; diff = 4.797410e-07 ; dt =  5768.0 sec ; nmult =    410
 iogs (   gs) : iter =    370 ; delta = 9.865139e-03 ; diff = 4.662817e-07 ; dt =  5782.2 sec ; nmult =    411
 iogs (   gs) : iter =    371 ; delta = 9.865139e-03 ; diff = 4.584686e-07 ; dt =  5796.2 sec ; nmult =    412
 iogs (   gs) : iter =    372 ; delta = 9.865139e-03 ; diff = 4.455052e-07 ; dt =  5810.3 sec ; nmult =    413
 iogs (   gs) : iter =    373 ; delta = 9.865139e-03 ; diff = 4.379577e-07 ; dt =  5824.5 sec ; nmult =    414
 iogs (   gs) : iter =    374 ; delta = 9.865139e-03 ; diff = 4.257703e-07 ; dt =  5838.6 sec ; nmult =    415
 iogs (   gs) : iter =    375 ; delta = 9.865139e-03 ; diff = 4.185142e-07 ; dt =  5852.7 sec ; nmult =    416
 iogs (   gs) : iter =    376 ; delta = 9.865139e-03 ; diff = 4.067155e-07 ; dt =  5866.8 sec ; nmult =    417
 iogs (   gs) : iter =    377 ; delta = 9.865139e-03 ; diff = 4.000547e-07 ; dt =  5880.8 sec ; nmult =    418
 iogs (   gs) : iter =    378 ; delta = 9.865139e-03 ; diff = 3.886719e-07 ; dt =  5895.0 sec ; nmult =    419
 iogs (   gs) : iter =    379 ; delta = 9.865139e-03 ; diff = 3.822092e-07 ; dt =  5909.0 sec ; nmult =    420
 iogs (   gs) : iter =    380 ; delta = 9.865139e-03 ; diff = 3.715236e-07 ; dt =  5923.2 sec ; nmult =    421
 iogs (   gs) : iter =    381 ; delta = 9.865139e-03 ; diff = 3.653235e-07 ; dt =  5937.2 sec ; nmult =    422
 iogs (   gs) : iter =    382 ; delta = 9.865139e-03 ; diff = 3.549538e-07 ; dt =  5951.3 sec ; nmult =    423
 iogs (   gs) : iter =    383 ; delta = 9.865139e-03 ; diff = 3.492600e-07 ; dt =  5965.5 sec ; nmult =    424
 iogs (   gs) : iter =    384 ; delta = 9.865139e-03 ; diff = 3.392624e-07 ; dt =  5979.5 sec ; nmult =    425
 iogs (   gs) : iter =    385 ; delta = 9.865139e-03 ; diff = 3.337453e-07 ; dt =  5993.7 sec ; nmult =    426
 iogs (   gs) : iter =    386 ; delta = 9.865139e-03 ; diff = 3.243548e-07 ; dt =  6007.8 sec ; nmult =    427
 iogs (   gs) : iter =    387 ; delta = 9.865139e-03 ; diff = 3.190406e-07 ; dt =  6021.8 sec ; nmult =    428
 iogs (   gs) : iter =    388 ; delta = 9.865139e-03 ; diff = 3.099341e-07 ; dt =  6036.0 sec ; nmult =    429
 iogs (   gs) : iter =    389 ; delta = 9.865139e-03 ; diff = 3.050842e-07 ; dt =  6050.0 sec ; nmult =    430
 iogs (   gs) : iter =    390 ; delta = 9.865139e-03 ; diff = 2.962871e-07 ; dt =  6064.1 sec ; nmult =    431
 iogs (   gs) : iter =    391 ; delta = 9.865139e-03 ; diff = 2.915663e-07 ; dt =  6078.2 sec ; nmult =    432
 iogs (   gs) : iter =    392 ; delta = 9.865139e-03 ; diff = 2.833222e-07 ; dt =  6092.2 sec ; nmult =    433
 iogs (   gs) : iter =    393 ; delta = 9.865139e-03 ; diff = 2.787880e-07 ; dt =  6106.4 sec ; nmult =    434
 iogs (   gs) : iter =    394 ; delta = 9.865139e-03 ; diff = 2.707734e-07 ; dt =  6120.5 sec ; nmult =    435
 iogs (   gs) : iter =    395 ; delta = 9.865139e-03 ; diff = 2.666321e-07 ; dt =  6134.7 sec ; nmult =    436
 iogs (   gs) : iter =    396 ; delta = 9.865139e-03 ; diff = 2.588963e-07 ; dt =  6148.7 sec ; nmult =    437
 iogs (   gs) : iter =    397 ; delta = 9.865139e-03 ; diff = 2.548709e-07 ; dt =  6162.8 sec ; nmult =    438
 iogs (   gs) : iter =    398 ; delta = 9.865139e-03 ; diff = 2.476140e-07 ; dt =  6177.0 sec ; nmult =    439
 iogs (   gs) : iter =    399 ; delta = 9.865139e-03 ; diff = 2.437292e-07 ; dt =  6191.1 sec ; nmult =    440
 iogs (   gs) : iter =    400 ; delta = 9.865139e-03 ; diff = 2.366786e-07 ; dt =  6205.2 sec ; nmult =    441
 iogs (   gs) : iter =    401 ; delta = 9.865139e-03 ; diff = 2.331588e-07 ; dt =  6219.3 sec ; nmult =    442
 iogs (   gs) : iter =    402 ; delta = 9.865139e-03 ; diff = 2.263413e-07 ; dt =  6233.3 sec ; nmult =    443
 iogs (   gs) : iter =    403 ; delta = 9.865139e-03 ; diff = 2.229005e-07 ; dt =  6247.5 sec ; nmult =    444
 iogs (   gs) : iter =    404 ; delta = 9.865139e-03 ; diff = 2.165198e-07 ; dt =  6261.6 sec ; nmult =    445
 iogs (   gs) : iter =    405 ; delta = 9.865139e-03 ; diff = 2.132087e-07 ; dt =  6275.8 sec ; nmult =    446
 iogs (   gs) : iter =    406 ; delta = 9.865139e-03 ; diff = 2.069932e-07 ; dt =  6289.8 sec ; nmult =    447
 iogs (   gs) : iter =    407 ; delta = 9.865139e-03 ; diff = 2.039886e-07 ; dt =  6303.8 sec ; nmult =    448
 iogs (   gs) : iter =    408 ; delta = 9.865139e-03 ; diff = 1.979831e-07 ; dt =  6318.1 sec ; nmult =    449
 iogs (   gs) : iter =    409 ; delta = 9.865139e-03 ; diff = 1.950525e-07 ; dt =  6332.1 sec ; nmult =    450
 iogs (   gs) : iter =    410 ; delta = 9.865139e-03 ; diff = 1.894260e-07 ; dt =  6346.3 sec ; nmult =    451
 iogs (   gs) : iter =    411 ; delta = 9.865139e-03 ; diff = 1.865911e-07 ; dt =  6360.4 sec ; nmult =    452
 iogs (   gs) : iter =    412 ; delta = 9.865139e-03 ; diff = 1.811142e-07 ; dt =  6374.5 sec ; nmult =    453
 iogs (   gs) : iter =    413 ; delta = 9.865139e-03 ; diff = 1.785646e-07 ; dt =  6388.8 sec ; nmult =    454
 iogs (   gs) : iter =    414 ; delta = 9.865139e-03 ; diff = 1.732599e-07 ; dt =  6402.8 sec ; nmult =    455
 iogs (   gs) : iter =    415 ; delta = 9.865139e-03 ; diff = 1.707545e-07 ; dt =  6416.9 sec ; nmult =    456
 iogs (   gs) : iter =    416 ; delta = 9.865139e-03 ; diff = 1.657985e-07 ; dt =  6431.1 sec ; nmult =    457
 iogs (   gs) : iter =    417 ; delta = 9.865139e-03 ; diff = 1.633841e-07 ; dt =  6445.1 sec ; nmult =    458
 iogs (   gs) : iter =    418 ; delta = 9.865139e-03 ; diff = 1.585476e-07 ; dt =  6459.3 sec ; nmult =    459
 iogs (   gs) : iter =    419 ; delta = 9.865139e-03 ; diff = 1.563758e-07 ; dt =  6473.4 sec ; nmult =    460
 iogs (   gs) : iter =    420 ; delta = 9.865139e-03 ; diff = 1.516973e-07 ; dt =  6487.4 sec ; nmult =    461
 iogs (   gs) : iter =    421 ; delta = 9.865139e-03 ; diff = 1.495694e-07 ; dt =  6501.6 sec ; nmult =    462
 iogs (   gs) : iter =    422 ; delta = 9.865139e-03 ; diff = 1.451934e-07 ; dt =  6515.7 sec ; nmult =    463
 iogs (   gs) : iter =    423 ; delta = 9.865139e-03 ; diff = 1.431293e-07 ; dt =  6529.9 sec ; nmult =    464
 iogs (   gs) : iter =    424 ; delta = 9.865139e-03 ; diff = 1.388620e-07 ; dt =  6543.9 sec ; nmult =    465
 iogs (   gs) : iter =    425 ; delta = 9.865139e-03 ; diff = 1.370236e-07 ; dt =  6558.0 sec ; nmult =    466
 iogs (   gs) : iter =    426 ; delta = 9.865139e-03 ; diff = 1.328853e-07 ; dt =  6572.2 sec ; nmult =    467
 iogs (   gs) : iter =    427 ; delta = 9.865139e-03 ; diff = 1.310689e-07 ; dt =  6586.3 sec ; nmult =    468
 iogs (   gs) : iter =    428 ; delta = 9.865139e-03 ; diff = 1.272095e-07 ; dt =  6600.4 sec ; nmult =    469
 iogs (   gs) : iter =    429 ; delta = 9.865139e-03 ; diff = 1.254553e-07 ; dt =  6614.5 sec ; nmult =    470
 iogs (   gs) : iter =    430 ; delta = 9.865139e-03 ; diff = 1.216799e-07 ; dt =  6628.5 sec ; nmult =    471
 iogs (   gs) : iter =    431 ; delta = 9.865139e-03 ; diff = 1.201161e-07 ; dt =  6642.7 sec ; nmult =    472
 iogs (   gs) : iter =    432 ; delta = 9.865139e-03 ; diff = 1.164593e-07 ; dt =  6656.8 sec ; nmult =    473
 iogs (   gs) : iter =    433 ; delta = 9.865139e-03 ; diff = 1.149190e-07 ; dt =  6671.0 sec ; nmult =    474
 iogs (   gs) : iter =    434 ; delta = 9.865139e-03 ; diff = 1.115044e-07 ; dt =  6685.0 sec ; nmult =    475
 iogs (   gs) : iter =    435 ; delta = 9.865139e-03 ; diff = 1.100052e-07 ; dt =  6699.1 sec ; nmult =    476
 iogs (   gs) : iter =    436 ; delta = 9.865139e-03 ; diff = 1.066689e-07 ; dt =  6713.2 sec ; nmult =    477
 iogs (   gs) : iter =    437 ; delta = 9.865139e-03 ; diff = 1.053487e-07 ; dt =  6727.3 sec ; nmult =    478
 iogs (   gs) : iter =    438 ; delta = 9.865139e-03 ; diff = 1.021084e-07 ; dt =  6741.5 sec ; nmult =    479
 iogs (   gs) : iter =    439 ; delta = 9.865139e-03 ; diff = 1.007950e-07 ; dt =  6755.5 sec ; nmult =    480
 iogs (   gs) : iter =    440 ; delta = 6.773296e-08 ; diff = 9.777880e-08 ; dt =  6769.6 sec ; nmult =    482
iogs : solved pagerank(a=0.9900) in   440 its,   481 sweeps, and   482 mults to 1.000000e-07 tol
output norm: 1.0000000000000000e+00
