Parameters: 
   graphfile = /var/tmp/dgleich/data/sk-2005-trans
      output = none
         alg = inoutgs
       alpha = 0.99
         tol = 1e-07
       maxit = 10000

nodes = 50636154
edges = 1949412601
inoutgs(0.9900,0.5000,1.000000e-02,0) with tol=1.000000e-07 and maxit= 10000 iterations
 iogs (outer) : iter =      0 ; odelta = 1.322439e+00 ; dt =    51.2
 iogs (outer) : iter =      1 ; odelta = 3.222867e-01 ; dt =   313.3 ; nmult =         6
 iogs (outer) : iter =      2 ; odelta = 1.116112e-01 ; dt =   575.4 ; nmult =        11
 iogs (outer) : iter =      3 ; odelta = 6.298903e-02 ; dt =   785.6 ; nmult =        15
 iogs (outer) : iter =      4 ; odelta = 4.488223e-02 ; dt =   996.3 ; nmult =        19
 iogs (outer) : iter =      5 ; odelta = 3.503196e-02 ; dt =  1207.8 ; nmult =        23
 iogs (outer) : iter =      6 ; odelta = 2.874110e-02 ; dt =  1420.5 ; nmult =        27
 iogs (outer) : iter =      7 ; odelta = 2.436960e-02 ; dt =  1633.2 ; nmult =        31
 iogs (outer) : iter =      8 ; odelta = 2.123207e-02 ; dt =  1792.6 ; nmult =        34
 iogs (outer) : iter =      9 ; odelta = 1.874127e-02 ; dt =  1952.1 ; nmult =        37
 iogs (outer) : iter =     10 ; odelta = 1.674043e-02 ; dt =  2111.7 ; nmult =        40
 iogs (outer) : iter =     11 ; odelta = 1.509967e-02 ; dt =  2271.5 ; nmult =        43
 iogs (outer) : iter =     12 ; odelta = 1.371312e-02 ; dt =  2431.5 ; nmult =        46
 iogs (outer) : iter =     13 ; odelta = 1.253646e-02 ; dt =  2591.5 ; nmult =        49
 iogs (outer) : iter =     14 ; odelta = 1.153236e-02 ; dt =  2751.8 ; nmult =        52
 iogs (outer) : iter =     15 ; odelta = 1.065097e-02 ; dt =  2912.3 ; nmult =        55
 iogs (outer) : iter =     16 ; odelta = 9.870745e-03 ; dt =  3073.1 ; nmult =        58
 iogs (   gs) : iter =     17 ; delta = 9.870745e-03 ; diff = 9.082983e-02 ; dt =  3126.8 sec ; nmult =     59
 iogs (   gs) : iter =     18 ; delta = 9.870745e-03 ; diff = 1.975692e-02 ; dt =  3181.0 sec ; nmult =     60
 iogs (   gs) : iter =     19 ; delta = 9.870745e-03 ; diff = 1.831990e-02 ; dt =  3234.5 sec ; nmult =     61
 iogs (   gs) : iter =     20 ; delta = 9.870745e-03 ; diff = 1.668244e-02 ; dt =  3288.1 sec ; nmult =     62
 iogs (   gs) : iter =     21 ; delta = 9.870745e-03 ; diff = 1.536715e-02 ; dt =  3341.5 sec ; nmult =     63
 iogs (   gs) : iter =     22 ; delta = 9.870745e-03 ; diff = 1.413187e-02 ; dt =  3395.1 sec ; nmult =     64
 iogs (   gs) : iter =     23 ; delta = 9.870745e-03 ; diff = 1.315632e-02 ; dt =  3448.7 sec ; nmult =     65
 iogs (   gs) : iter =     24 ; delta = 9.870745e-03 ; diff = 1.223106e-02 ; dt =  3502.6 sec ; nmult =     66
 iogs (   gs) : iter =     25 ; delta = 9.870745e-03 ; diff = 1.149790e-02 ; dt =  3556.3 sec ; nmult =     67
 iogs (   gs) : iter =     26 ; delta = 9.870745e-03 ; diff = 1.080361e-02 ; dt =  3610.0 sec ; nmult =     68
 iogs (   gs) : iter =     27 ; delta = 9.870745e-03 ; diff = 1.026075e-02 ; dt =  3663.5 sec ; nmult =     69
 iogs (   gs) : iter =     28 ; delta = 9.870745e-03 ; diff = 9.688820e-03 ; dt =  3717.3 sec ; nmult =     70
 iogs (   gs) : iter =     29 ; delta = 9.870745e-03 ; diff = 9.224999e-03 ; dt =  3770.9 sec ; nmult =     71
 iogs (   gs) : iter =     30 ; delta = 9.870745e-03 ; diff = 8.731376e-03 ; dt =  3824.6 sec ; nmult =     72
 iogs (   gs) : iter =     31 ; delta = 9.870745e-03 ; diff = 8.330869e-03 ; dt =  3878.3 sec ; nmult =     73
 iogs (   gs) : iter =     32 ; delta = 9.870745e-03 ; diff = 7.902354e-03 ; dt =  3932.2 sec ; nmult =     74
 iogs (   gs) : iter =     33 ; delta = 9.870745e-03 ; diff = 7.554613e-03 ; dt =  3985.9 sec ; nmult =     75
 iogs (   gs) : iter =     34 ; delta = 9.870745e-03 ; diff = 7.179731e-03 ; dt =  4039.7 sec ; nmult =     76
 iogs (   gs) : iter =     35 ; delta = 9.870745e-03 ; diff = 6.872766e-03 ; dt =  4093.5 sec ; nmult =     77
 iogs (   gs) : iter =     36 ; delta = 9.870745e-03 ; diff = 6.539149e-03 ; dt =  4147.2 sec ; nmult =     78
 iogs (   gs) : iter =     37 ; delta = 9.870745e-03 ; diff = 6.264472e-03 ; dt =  4201.0 sec ; nmult =     79
 iogs (   gs) : iter =     38 ; delta = 9.870745e-03 ; diff = 5.966653e-03 ; dt =  4254.9 sec ; nmult =     80
 iogs (   gs) : iter =     39 ; delta = 9.870745e-03 ; diff = 5.721372e-03 ; dt =  4308.6 sec ; nmult =     81
 iogs (   gs) : iter =     40 ; delta = 9.870745e-03 ; diff = 5.455692e-03 ; dt =  4362.5 sec ; nmult =     82
 iogs (   gs) : iter =     41 ; delta = 9.870745e-03 ; diff = 5.236199e-03 ; dt =  4416.3 sec ; nmult =     83
 iogs (   gs) : iter =     42 ; delta = 9.870745e-03 ; diff = 4.997833e-03 ; dt =  4470.0 sec ; nmult =     84
 iogs (   gs) : iter =     43 ; delta = 9.870745e-03 ; diff = 4.800162e-03 ; dt =  4523.7 sec ; nmult =     85
 iogs (   gs) : iter =     44 ; delta = 9.870745e-03 ; diff = 4.585778e-03 ; dt =  4577.3 sec ; nmult =     86
 iogs (   gs) : iter =     45 ; delta = 9.870745e-03 ; diff = 4.406459e-03 ; dt =  4631.0 sec ; nmult =     87
 iogs (   gs) : iter =     46 ; delta = 9.870745e-03 ; diff = 4.212179e-03 ; dt =  4684.6 sec ; nmult =     88
 iogs (   gs) : iter =     47 ; delta = 9.870745e-03 ; diff = 4.048942e-03 ; dt =  4738.4 sec ; nmult =     89
 iogs (   gs) : iter =     48 ; delta = 9.870745e-03 ; diff = 3.872629e-03 ; dt =  4792.1 sec ; nmult =     90
 iogs (   gs) : iter =     49 ; delta = 9.870745e-03 ; diff = 3.723726e-03 ; dt =  4845.8 sec ; nmult =     91
 iogs (   gs) : iter =     50 ; delta = 9.870745e-03 ; diff = 3.563451e-03 ; dt =  4899.6 sec ; nmult =     92
 iogs (   gs) : iter =     51 ; delta = 9.870745e-03 ; diff = 3.427409e-03 ; dt =  4953.4 sec ; nmult =     93
 iogs (   gs) : iter =     52 ; delta = 9.870745e-03 ; diff = 3.281510e-03 ; dt =  5007.1 sec ; nmult =     94
 iogs (   gs) : iter =     53 ; delta = 9.870745e-03 ; diff = 3.157372e-03 ; dt =  5060.9 sec ; nmult =     95
 iogs (   gs) : iter =     54 ; delta = 9.870745e-03 ; diff = 3.024712e-03 ; dt =  5114.6 sec ; nmult =     96
 iogs (   gs) : iter =     55 ; delta = 9.870745e-03 ; diff = 2.911085e-03 ; dt =  5168.3 sec ; nmult =     97
 iogs (   gs) : iter =     56 ; delta = 9.870745e-03 ; diff = 2.789955e-03 ; dt =  5222.0 sec ; nmult =     98
 iogs (   gs) : iter =     57 ; delta = 9.870745e-03 ; diff = 2.685767e-03 ; dt =  5275.8 sec ; nmult =     99
 iogs (   gs) : iter =     58 ; delta = 9.870745e-03 ; diff = 2.575261e-03 ; dt =  5329.7 sec ; nmult =    100
 iogs (   gs) : iter =     59 ; delta = 9.870745e-03 ; diff = 2.480156e-03 ; dt =  5383.6 sec ; nmult =    101
 iogs (   gs) : iter =     60 ; delta = 9.870745e-03 ; diff = 2.380193e-03 ; dt =  5437.5 sec ; nmult =    102
 iogs (   gs) : iter =     61 ; delta = 9.870745e-03 ; diff = 2.293865e-03 ; dt =  5491.5 sec ; nmult =    103
 iogs (   gs) : iter =     62 ; delta = 9.870745e-03 ; diff = 2.202661e-03 ; dt =  5545.4 sec ; nmult =    104
 iogs (   gs) : iter =     63 ; delta = 9.870745e-03 ; diff = 2.123311e-03 ; dt =  5599.3 sec ; nmult =    105
 iogs (   gs) : iter =     64 ; delta = 9.870745e-03 ; diff = 2.039763e-03 ; dt =  5653.2 sec ; nmult =    106
 iogs (   gs) : iter =     65 ; delta = 9.870745e-03 ; diff = 1.966676e-03 ; dt =  5707.2 sec ; nmult =    107
 iogs (   gs) : iter =     66 ; delta = 9.870745e-03 ; diff = 1.889925e-03 ; dt =  5761.0 sec ; nmult =    108
 iogs (   gs) : iter =     67 ; delta = 9.870745e-03 ; diff = 1.822538e-03 ; dt =  5814.9 sec ; nmult =    109
 iogs (   gs) : iter =     68 ; delta = 9.870745e-03 ; diff = 1.752142e-03 ; dt =  5868.7 sec ; nmult =    110
 iogs (   gs) : iter =     69 ; delta = 9.870745e-03 ; diff = 1.690119e-03 ; dt =  5922.5 sec ; nmult =    111
 iogs (   gs) : iter =     70 ; delta = 9.870745e-03 ; diff = 1.625521e-03 ; dt =  5976.3 sec ; nmult =    112
 iogs (   gs) : iter =     71 ; delta = 9.870745e-03 ; diff = 1.568497e-03 ; dt =  6030.1 sec ; nmult =    113
 iogs (   gs) : iter =     72 ; delta = 9.870745e-03 ; diff = 1.509326e-03 ; dt =  6084.1 sec ; nmult =    114
 iogs (   gs) : iter =     73 ; delta = 9.870745e-03 ; diff = 1.456731e-03 ; dt =  6137.9 sec ; nmult =    115
 iogs (   gs) : iter =     74 ; delta = 9.870745e-03 ; diff = 1.402253e-03 ; dt =  6191.7 sec ; nmult =    116
 iogs (   gs) : iter =     75 ; delta = 9.870745e-03 ; diff = 1.353709e-03 ; dt =  6245.6 sec ; nmult =    117
 iogs (   gs) : iter =     76 ; delta = 9.870745e-03 ; diff = 1.303659e-03 ; dt =  6299.5 sec ; nmult =    118
 iogs (   gs) : iter =     77 ; delta = 9.870745e-03 ; diff = 1.258870e-03 ; dt =  6353.4 sec ; nmult =    119
 iogs (   gs) : iter =     78 ; delta = 9.870745e-03 ; diff = 1.212710e-03 ; dt =  6407.3 sec ; nmult =    120
 iogs (   gs) : iter =     79 ; delta = 9.870745e-03 ; diff = 1.171323e-03 ; dt =  6461.1 sec ; nmult =    121
 iogs (   gs) : iter =     80 ; delta = 9.870745e-03 ; diff = 1.128841e-03 ; dt =  6514.9 sec ; nmult =    122
 iogs (   gs) : iter =     81 ; delta = 9.870745e-03 ; diff = 1.090592e-03 ; dt =  6568.8 sec ; nmult =    123
 iogs (   gs) : iter =     82 ; delta = 9.870745e-03 ; diff = 1.051372e-03 ; dt =  6622.8 sec ; nmult =    124
 iogs (   gs) : iter =     83 ; delta = 9.870745e-03 ; diff = 1.015918e-03 ; dt =  6676.7 sec ; nmult =    125
 iogs (   gs) : iter =     84 ; delta = 9.870745e-03 ; diff = 9.796788e-04 ; dt =  6730.5 sec ; nmult =    126
 iogs (   gs) : iter =     85 ; delta = 9.870745e-03 ; diff = 9.468314e-04 ; dt =  6784.4 sec ; nmult =    127
 iogs (   gs) : iter =     86 ; delta = 9.870745e-03 ; diff = 9.133073e-04 ; dt =  6838.2 sec ; nmult =    128
 iogs (   gs) : iter =     87 ; delta = 9.870745e-03 ; diff = 8.828304e-04 ; dt =  6892.1 sec ; nmult =    129
 iogs (   gs) : iter =     88 ; delta = 9.870745e-03 ; diff = 8.518036e-04 ; dt =  6945.7 sec ; nmult =    130
 iogs (   gs) : iter =     89 ; delta = 9.870745e-03 ; diff = 8.234998e-04 ; dt =  6999.6 sec ; nmult =    131
 iogs (   gs) : iter =     90 ; delta = 9.870745e-03 ; diff = 7.947376e-04 ; dt =  7053.3 sec ; nmult =    132
 iogs (   gs) : iter =     91 ; delta = 9.870745e-03 ; diff = 7.684305e-04 ; dt =  7107.2 sec ; nmult =    133
 iogs (   gs) : iter =     92 ; delta = 9.870745e-03 ; diff = 7.417912e-04 ; dt =  7160.9 sec ; nmult =    134
 iogs (   gs) : iter =     93 ; delta = 9.870745e-03 ; diff = 7.174382e-04 ; dt =  7214.7 sec ; nmult =    135
 iogs (   gs) : iter =     94 ; delta = 9.870745e-03 ; diff = 6.928898e-04 ; dt =  7268.6 sec ; nmult =    136
 iogs (   gs) : iter =     95 ; delta = 9.870745e-03 ; diff = 6.703778e-04 ; dt =  7322.5 sec ; nmult =    137
 iogs (   gs) : iter =     96 ; delta = 9.870745e-03 ; diff = 6.476364e-04 ; dt =  7376.3 sec ; nmult =    138
 iogs (   gs) : iter =     97 ; delta = 9.870745e-03 ; diff = 6.266861e-04 ; dt =  7430.1 sec ; nmult =    139
 iogs (   gs) : iter =     98 ; delta = 9.870745e-03 ; diff = 6.055563e-04 ; dt =  7484.0 sec ; nmult =    140
 iogs (   gs) : iter =     99 ; delta = 9.870745e-03 ; diff = 5.860349e-04 ; dt =  7537.8 sec ; nmult =    141
 iogs (   gs) : iter =    100 ; delta = 9.870745e-03 ; diff = 5.663891e-04 ; dt =  7591.6 sec ; nmult =    142
 iogs (   gs) : iter =    101 ; delta = 9.870745e-03 ; diff = 5.482112e-04 ; dt =  7645.3 sec ; nmult =    143
 iogs (   gs) : iter =    102 ; delta = 9.870745e-03 ; diff = 5.299546e-04 ; dt =  7698.9 sec ; nmult =    144
 iogs (   gs) : iter =    103 ; delta = 9.870745e-03 ; diff = 5.130269e-04 ; dt =  7752.6 sec ; nmult =    145
 iogs (   gs) : iter =    104 ; delta = 9.870745e-03 ; diff = 4.960475e-04 ; dt =  7806.4 sec ; nmult =    146
 iogs (   gs) : iter =    105 ; delta = 9.870745e-03 ; diff = 4.802563e-04 ; dt =  7860.1 sec ; nmult =    147
 iogs (   gs) : iter =    106 ; delta = 9.870745e-03 ; diff = 4.644406e-04 ; dt =  7913.8 sec ; nmult =    148
 iogs (   gs) : iter =    107 ; delta = 9.870745e-03 ; diff = 4.497080e-04 ; dt =  7967.6 sec ; nmult =    149
 iogs (   gs) : iter =    108 ; delta = 9.870745e-03 ; diff = 4.349837e-04 ; dt =  8021.3 sec ; nmult =    150
 iogs (   gs) : iter =    109 ; delta = 9.870745e-03 ; diff = 4.212526e-04 ; dt =  8075.1 sec ; nmult =    151
 iogs (   gs) : iter =    110 ; delta = 9.870745e-03 ; diff = 4.075522e-04 ; dt =  8128.8 sec ; nmult =    152
 iogs (   gs) : iter =    111 ; delta = 9.870745e-03 ; diff = 3.947496e-04 ; dt =  8182.6 sec ; nmult =    153
 iogs (   gs) : iter =    112 ; delta = 9.870745e-03 ; diff = 3.819897e-04 ; dt =  8236.3 sec ; nmult =    154
 iogs (   gs) : iter =    113 ; delta = 9.870745e-03 ; diff = 3.700421e-04 ; dt =  8290.2 sec ; nmult =    155
 iogs (   gs) : iter =    114 ; delta = 9.870745e-03 ; diff = 3.581471e-04 ; dt =  8343.9 sec ; nmult =    156
 iogs (   gs) : iter =    115 ; delta = 9.870745e-03 ; diff = 3.469857e-04 ; dt =  8397.7 sec ; nmult =    157
 iogs (   gs) : iter =    116 ; delta = 9.870745e-03 ; diff = 3.358839e-04 ; dt =  8451.5 sec ; nmult =    158
 iogs (   gs) : iter =    117 ; delta = 9.870745e-03 ; diff = 3.254477e-04 ; dt =  8505.3 sec ; nmult =    159
 iogs (   gs) : iter =    118 ; delta = 9.870745e-03 ; diff = 3.150826e-04 ; dt =  8559.2 sec ; nmult =    160
 iogs (   gs) : iter =    119 ; delta = 9.870745e-03 ; diff = 3.053269e-04 ; dt =  8613.0 sec ; nmult =    161
 iogs (   gs) : iter =    120 ; delta = 9.870745e-03 ; diff = 2.956487e-04 ; dt =  8666.7 sec ; nmult =    162
 iogs (   gs) : iter =    121 ; delta = 9.870745e-03 ; diff = 2.865248e-04 ; dt =  8720.4 sec ; nmult =    163
 iogs (   gs) : iter =    122 ; delta = 9.870745e-03 ; diff = 2.774846e-04 ; dt =  8774.1 sec ; nmult =    164
 iogs (   gs) : iter =    123 ; delta = 9.870745e-03 ; diff = 2.689490e-04 ; dt =  8827.8 sec ; nmult =    165
 iogs (   gs) : iter =    124 ; delta = 9.870745e-03 ; diff = 2.605014e-04 ; dt =  8881.6 sec ; nmult =    166
 iogs (   gs) : iter =    125 ; delta = 9.870745e-03 ; diff = 2.525199e-04 ; dt =  8935.3 sec ; nmult =    167
 iogs (   gs) : iter =    126 ; delta = 9.870745e-03 ; diff = 2.446268e-04 ; dt =  8989.0 sec ; nmult =    168
 iogs (   gs) : iter =    127 ; delta = 9.870745e-03 ; diff = 2.371604e-04 ; dt =  9042.7 sec ; nmult =    169
 iogs (   gs) : iter =    128 ; delta = 9.870745e-03 ; diff = 2.297843e-04 ; dt =  9096.5 sec ; nmult =    170
 iogs (   gs) : iter =    129 ; delta = 9.870745e-03 ; diff = 2.227930e-04 ; dt =  9150.3 sec ; nmult =    171
 iogs (   gs) : iter =    130 ; delta = 9.870745e-03 ; diff = 2.158930e-04 ; dt =  9204.1 sec ; nmult =    172
 iogs (   gs) : iter =    131 ; delta = 9.870745e-03 ; diff = 2.093489e-04 ; dt =  9258.0 sec ; nmult =    173
 iogs (   gs) : iter =    132 ; delta = 9.870745e-03 ; diff = 2.028950e-04 ; dt =  9312.9 sec ; nmult =    174
 iogs (   gs) : iter =    133 ; delta = 9.870745e-03 ; diff = 1.967647e-04 ; dt =  9366.5 sec ; nmult =    175
 iogs (   gs) : iter =    134 ; delta = 9.870745e-03 ; diff = 1.907232e-04 ; dt =  9420.1 sec ; nmult =    176
 iogs (   gs) : iter =    135 ; delta = 9.870745e-03 ; diff = 1.849777e-04 ; dt =  9473.8 sec ; nmult =    177
 iogs (   gs) : iter =    136 ; delta = 9.870745e-03 ; diff = 1.793199e-04 ; dt =  9527.4 sec ; nmult =    178
 iogs (   gs) : iter =    137 ; delta = 9.870745e-03 ; diff = 1.739359e-04 ; dt =  9581.2 sec ; nmult =    179
 iogs (   gs) : iter =    138 ; delta = 9.870745e-03 ; diff = 1.686405e-04 ; dt =  9634.8 sec ; nmult =    180
 iogs (   gs) : iter =    139 ; delta = 9.870745e-03 ; diff = 1.635974e-04 ; dt =  9688.5 sec ; nmult =    181
 iogs (   gs) : iter =    140 ; delta = 9.870745e-03 ; diff = 1.586389e-04 ; dt =  9742.2 sec ; nmult =    182
 iogs (   gs) : iter =    141 ; delta = 9.870745e-03 ; diff = 1.539098e-04 ; dt =  9795.9 sec ; nmult =    183
 iogs (   gs) : iter =    142 ; delta = 9.870745e-03 ; diff = 1.492621e-04 ; dt =  9849.7 sec ; nmult =    184
 iogs (   gs) : iter =    143 ; delta = 9.870745e-03 ; diff = 1.448279e-04 ; dt =  9903.4 sec ; nmult =    185
 iogs (   gs) : iter =    144 ; delta = 9.870745e-03 ; diff = 1.404730e-04 ; dt =  9957.2 sec ; nmult =    186
 iogs (   gs) : iter =    145 ; delta = 9.870745e-03 ; diff = 1.363143e-04 ; dt = 10011.0 sec ; nmult =    187
 iogs (   gs) : iter =    146 ; delta = 9.870745e-03 ; diff = 1.322322e-04 ; dt = 10064.7 sec ; nmult =    188
 iogs (   gs) : iter =    147 ; delta = 9.870745e-03 ; diff = 1.283293e-04 ; dt = 10118.6 sec ; nmult =    189
 iogs (   gs) : iter =    148 ; delta = 9.870745e-03 ; diff = 1.245012e-04 ; dt = 10172.2 sec ; nmult =    190
 iogs (   gs) : iter =    149 ; delta = 9.870745e-03 ; diff = 1.208460e-04 ; dt = 10225.9 sec ; nmult =    191
 iogs (   gs) : iter =    150 ; delta = 9.870745e-03 ; diff = 1.172656e-04 ; dt = 10279.5 sec ; nmult =    192
 iogs (   gs) : iter =    151 ; delta = 9.870745e-03 ; diff = 1.138388e-04 ; dt = 10333.1 sec ; nmult =    193
 iogs (   gs) : iter =    152 ; delta = 9.870745e-03 ; diff = 1.104793e-04 ; dt = 10386.7 sec ; nmult =    194
 iogs (   gs) : iter =    153 ; delta = 9.870745e-03 ; diff = 1.072604e-04 ; dt = 10440.4 sec ; nmult =    195
 iogs (   gs) : iter =    154 ; delta = 9.870745e-03 ; diff = 1.041082e-04 ; dt = 10494.0 sec ; nmult =    196
 iogs (   gs) : iter =    155 ; delta = 9.870745e-03 ; diff = 1.010877e-04 ; dt = 10547.7 sec ; nmult =    197
 iogs (   gs) : iter =    156 ; delta = 9.870745e-03 ; diff = 9.812829e-05 ; dt = 10601.3 sec ; nmult =    198
 iogs (   gs) : iter =    157 ; delta = 9.870745e-03 ; diff = 9.529043e-05 ; dt = 10655.0 sec ; nmult =    199
 iogs (   gs) : iter =    158 ; delta = 9.870745e-03 ; diff = 9.251231e-05 ; dt = 10708.5 sec ; nmult =    200
 iogs (   gs) : iter =    159 ; delta = 9.870745e-03 ; diff = 8.984635e-05 ; dt = 10762.1 sec ; nmult =    201
 iogs (   gs) : iter =    160 ; delta = 9.870745e-03 ; diff = 8.723807e-05 ; dt = 10815.8 sec ; nmult =    202
 iogs (   gs) : iter =    161 ; delta = 9.870745e-03 ; diff = 8.473475e-05 ; dt = 10869.3 sec ; nmult =    203
 iogs (   gs) : iter =    162 ; delta = 9.870745e-03 ; diff = 8.228502e-05 ; dt = 10922.9 sec ; nmult =    204
 iogs (   gs) : iter =    163 ; delta = 9.870745e-03 ; diff = 7.993253e-05 ; dt = 10976.4 sec ; nmult =    205
 iogs (   gs) : iter =    164 ; delta = 9.870745e-03 ; diff = 7.763149e-05 ; dt = 11029.9 sec ; nmult =    206
 iogs (   gs) : iter =    165 ; delta = 9.870745e-03 ; diff = 7.541874e-05 ; dt = 11083.4 sec ; nmult =    207
 iogs (   gs) : iter =    166 ; delta = 9.870745e-03 ; diff = 7.325565e-05 ; dt = 11136.8 sec ; nmult =    208
 iogs (   gs) : iter =    167 ; delta = 9.870745e-03 ; diff = 7.117564e-05 ; dt = 11190.4 sec ; nmult =    209
 iogs (   gs) : iter =    168 ; delta = 9.870745e-03 ; diff = 6.914424e-05 ; dt = 11244.0 sec ; nmult =    210
 iogs (   gs) : iter =    169 ; delta = 9.870745e-03 ; diff = 6.719129e-05 ; dt = 11297.6 sec ; nmult =    211
 iogs (   gs) : iter =    170 ; delta = 9.870745e-03 ; diff = 6.528369e-05 ; dt = 11351.2 sec ; nmult =    212
 iogs (   gs) : iter =    171 ; delta = 9.870745e-03 ; diff = 6.344633e-05 ; dt = 11404.8 sec ; nmult =    213
 iogs (   gs) : iter =    172 ; delta = 9.870745e-03 ; diff = 6.165127e-05 ; dt = 11458.4 sec ; nmult =    214
 iogs (   gs) : iter =    173 ; delta = 9.870745e-03 ; diff = 5.992302e-05 ; dt = 11512.0 sec ; nmult =    215
 iogs (   gs) : iter =    174 ; delta = 9.870745e-03 ; diff = 5.823465e-05 ; dt = 11565.6 sec ; nmult =    216
 iogs (   gs) : iter =    175 ; delta = 9.870745e-03 ; diff = 5.660840e-05 ; dt = 11623.5 sec ; nmult =    217
 iogs (   gs) : iter =    176 ; delta = 9.870745e-03 ; diff = 5.502315e-05 ; dt = 11677.5 sec ; nmult =    218
 iogs (   gs) : iter =    177 ; delta = 9.870745e-03 ; diff = 5.349757e-05 ; dt = 11731.4 sec ; nmult =    219
 iogs (   gs) : iter =    178 ; delta = 9.870745e-03 ; diff = 5.200927e-05 ; dt = 11785.4 sec ; nmult =    220
 iogs (   gs) : iter =    179 ; delta = 9.870745e-03 ; diff = 5.057218e-05 ; dt = 11839.2 sec ; nmult =    221
 iogs (   gs) : iter =    180 ; delta = 9.870745e-03 ; diff = 4.917684e-05 ; dt = 11893.2 sec ; nmult =    222
 iogs (   gs) : iter =    181 ; delta = 9.870745e-03 ; diff = 4.782181e-05 ; dt = 11947.1 sec ; nmult =    223
 iogs (   gs) : iter =    182 ; delta = 9.870745e-03 ; diff = 4.650754e-05 ; dt = 12001.0 sec ; nmult =    224
 iogs (   gs) : iter =    183 ; delta = 9.870745e-03 ; diff = 4.522982e-05 ; dt = 12054.9 sec ; nmult =    225
 iogs (   gs) : iter =    184 ; delta = 9.870745e-03 ; diff = 4.399027e-05 ; dt = 12109.0 sec ; nmult =    226
 iogs (   gs) : iter =    185 ; delta = 9.870745e-03 ; diff = 4.278621e-05 ; dt = 12162.8 sec ; nmult =    227
 iogs (   gs) : iter =    186 ; delta = 9.870745e-03 ; diff = 4.161717e-05 ; dt = 12216.8 sec ; nmult =    228
 iogs (   gs) : iter =    187 ; delta = 9.870745e-03 ; diff = 4.048146e-05 ; dt = 12270.7 sec ; nmult =    229
 iogs (   gs) : iter =    188 ; delta = 9.870745e-03 ; diff = 3.937898e-05 ; dt = 12324.6 sec ; nmult =    230
 iogs (   gs) : iter =    189 ; delta = 9.870745e-03 ; diff = 3.830820e-05 ; dt = 12378.4 sec ; nmult =    231
 iogs (   gs) : iter =    190 ; delta = 9.870745e-03 ; diff = 3.727008e-05 ; dt = 12432.5 sec ; nmult =    232
 iogs (   gs) : iter =    191 ; delta = 9.870745e-03 ; diff = 3.626279e-05 ; dt = 12486.4 sec ; nmult =    233
 iogs (   gs) : iter =    192 ; delta = 9.870745e-03 ; diff = 3.528415e-05 ; dt = 12540.3 sec ; nmult =    234
 iogs (   gs) : iter =    193 ; delta = 9.870745e-03 ; diff = 3.433442e-05 ; dt = 12594.2 sec ; nmult =    235
 iogs (   gs) : iter =    194 ; delta = 9.870745e-03 ; diff = 3.341169e-05 ; dt = 12648.1 sec ; nmult =    236
 iogs (   gs) : iter =    195 ; delta = 9.870745e-03 ; diff = 3.251516e-05 ; dt = 12701.9 sec ; nmult =    237
 iogs (   gs) : iter =    196 ; delta = 9.870745e-03 ; diff = 3.164398e-05 ; dt = 12755.8 sec ; nmult =    238
 iogs (   gs) : iter =    197 ; delta = 9.870745e-03 ; diff = 3.079818e-05 ; dt = 12809.6 sec ; nmult =    239
 iogs (   gs) : iter =    198 ; delta = 9.870745e-03 ; diff = 2.997625e-05 ; dt = 12863.5 sec ; nmult =    240
 iogs (   gs) : iter =    199 ; delta = 9.870745e-03 ; diff = 2.917860e-05 ; dt = 12917.4 sec ; nmult =    241
 iogs (   gs) : iter =    200 ; delta = 9.870745e-03 ; diff = 2.840289e-05 ; dt = 12971.4 sec ; nmult =    242
 iogs (   gs) : iter =    201 ; delta = 9.870745e-03 ; diff = 2.764923e-05 ; dt = 13025.3 sec ; nmult =    243
 iogs (   gs) : iter =    202 ; delta = 9.870745e-03 ; diff = 2.691593e-05 ; dt = 13079.2 sec ; nmult =    244
 iogs (   gs) : iter =    203 ; delta = 9.870745e-03 ; diff = 2.620392e-05 ; dt = 13133.0 sec ; nmult =    245
 iogs (   gs) : iter =    204 ; delta = 9.870745e-03 ; diff = 2.551067e-05 ; dt = 13186.9 sec ; nmult =    246
 iogs (   gs) : iter =    205 ; delta = 9.870745e-03 ; diff = 2.483760e-05 ; dt = 13240.7 sec ; nmult =    247
 iogs (   gs) : iter =    206 ; delta = 9.870745e-03 ; diff = 2.418244e-05 ; dt = 13294.8 sec ; nmult =    248
 iogs (   gs) : iter =    207 ; delta = 9.870745e-03 ; diff = 2.354605e-05 ; dt = 13348.6 sec ; nmult =    249
 iogs (   gs) : iter =    208 ; delta = 9.870745e-03 ; diff = 2.292650e-05 ; dt = 13402.6 sec ; nmult =    250
 iogs (   gs) : iter =    209 ; delta = 9.870745e-03 ; diff = 2.232512e-05 ; dt = 13456.5 sec ; nmult =    251
 iogs (   gs) : iter =    210 ; delta = 9.870745e-03 ; diff = 2.173932e-05 ; dt = 13510.4 sec ; nmult =    252
 iogs (   gs) : iter =    211 ; delta = 9.870745e-03 ; diff = 2.117068e-05 ; dt = 13564.3 sec ; nmult =    253
 iogs (   gs) : iter =    212 ; delta = 9.870745e-03 ; diff = 2.061686e-05 ; dt = 13618.3 sec ; nmult =    254
 iogs (   gs) : iter =    213 ; delta = 9.870745e-03 ; diff = 2.007895e-05 ; dt = 13672.2 sec ; nmult =    255
 iogs (   gs) : iter =    214 ; delta = 9.870745e-03 ; diff = 1.955501e-05 ; dt = 13726.0 sec ; nmult =    256
 iogs (   gs) : iter =    215 ; delta = 9.870745e-03 ; diff = 1.904653e-05 ; dt = 13780.0 sec ; nmult =    257
 iogs (   gs) : iter =    216 ; delta = 9.870745e-03 ; diff = 1.855084e-05 ; dt = 13833.8 sec ; nmult =    258
 iogs (   gs) : iter =    217 ; delta = 9.870745e-03 ; diff = 1.807073e-05 ; dt = 13887.7 sec ; nmult =    259
 iogs (   gs) : iter =    218 ; delta = 9.870745e-03 ; diff = 1.760369e-05 ; dt = 13941.5 sec ; nmult =    260
 iogs (   gs) : iter =    219 ; delta = 9.870745e-03 ; diff = 1.715030e-05 ; dt = 13995.5 sec ; nmult =    261
 iogs (   gs) : iter =    220 ; delta = 9.870745e-03 ; diff = 1.670852e-05 ; dt = 14049.4 sec ; nmult =    262
 iogs (   gs) : iter =    221 ; delta = 9.870745e-03 ; diff = 1.627985e-05 ; dt = 14103.4 sec ; nmult =    263
 iogs (   gs) : iter =    222 ; delta = 9.870745e-03 ; diff = 1.586171e-05 ; dt = 14157.3 sec ; nmult =    264
 iogs (   gs) : iter =    223 ; delta = 9.870745e-03 ; diff = 1.545591e-05 ; dt = 14211.3 sec ; nmult =    265
 iogs (   gs) : iter =    224 ; delta = 9.870745e-03 ; diff = 1.506020e-05 ; dt = 14265.2 sec ; nmult =    266
 iogs (   gs) : iter =    225 ; delta = 9.870745e-03 ; diff = 1.467586e-05 ; dt = 14319.2 sec ; nmult =    267
 iogs (   gs) : iter =    226 ; delta = 9.870745e-03 ; diff = 1.430097e-05 ; dt = 14373.0 sec ; nmult =    268
 iogs (   gs) : iter =    227 ; delta = 9.870745e-03 ; diff = 1.393711e-05 ; dt = 14427.0 sec ; nmult =    269
 iogs (   gs) : iter =    228 ; delta = 9.870745e-03 ; diff = 1.358191e-05 ; dt = 14480.8 sec ; nmult =    270
 iogs (   gs) : iter =    229 ; delta = 9.870745e-03 ; diff = 1.323716e-05 ; dt = 14534.8 sec ; nmult =    271
 iogs (   gs) : iter =    230 ; delta = 9.870745e-03 ; diff = 1.290075e-05 ; dt = 14588.8 sec ; nmult =    272
 iogs (   gs) : iter =    231 ; delta = 9.870745e-03 ; diff = 1.257401e-05 ; dt = 14642.9 sec ; nmult =    273
 iogs (   gs) : iter =    232 ; delta = 9.870745e-03 ; diff = 1.225518e-05 ; dt = 14696.9 sec ; nmult =    274
 iogs (   gs) : iter =    233 ; delta = 9.870745e-03 ; diff = 1.194573e-05 ; dt = 14751.1 sec ; nmult =    275
 iogs (   gs) : iter =    234 ; delta = 9.870745e-03 ; diff = 1.164344e-05 ; dt = 14805.0 sec ; nmult =    276
 iogs (   gs) : iter =    235 ; delta = 9.870745e-03 ; diff = 1.135006e-05 ; dt = 14859.2 sec ; nmult =    277
 iogs (   gs) : iter =    236 ; delta = 9.870745e-03 ; diff = 1.106368e-05 ; dt = 14913.2 sec ; nmult =    278
 iogs (   gs) : iter =    237 ; delta = 9.870745e-03 ; diff = 1.078554e-05 ; dt = 14967.4 sec ; nmult =    279
 iogs (   gs) : iter =    238 ; delta = 9.870745e-03 ; diff = 1.051399e-05 ; dt = 15021.4 sec ; nmult =    280
 iogs (   gs) : iter =    239 ; delta = 9.870745e-03 ; diff = 1.025046e-05 ; dt = 15075.5 sec ; nmult =    281
 iogs (   gs) : iter =    240 ; delta = 9.870745e-03 ; diff = 9.992931e-06 ; dt = 15129.5 sec ; nmult =    282
 iogs (   gs) : iter =    241 ; delta = 9.870745e-03 ; diff = 9.743022e-06 ; dt = 15183.6 sec ; nmult =    283
 iogs (   gs) : iter =    242 ; delta = 9.870745e-03 ; diff = 9.498929e-06 ; dt = 15237.6 sec ; nmult =    284
 iogs (   gs) : iter =    243 ; delta = 9.870745e-03 ; diff = 9.261855e-06 ; dt = 15291.7 sec ; nmult =    285
 iogs (   gs) : iter =    244 ; delta = 9.870745e-03 ; diff = 9.030298e-06 ; dt = 15345.8 sec ; nmult =    286
 iogs (   gs) : iter =    245 ; delta = 9.870745e-03 ; diff = 8.805603e-06 ; dt = 15399.9 sec ; nmult =    287
 iogs (   gs) : iter =    246 ; delta = 9.870745e-03 ; diff = 8.585910e-06 ; dt = 15454.6 sec ; nmult =    288
 iogs (   gs) : iter =    247 ; delta = 9.870745e-03 ; diff = 8.372723e-06 ; dt = 15508.6 sec ; nmult =    289
 iogs (   gs) : iter =    248 ; delta = 9.870745e-03 ; diff = 8.164437e-06 ; dt = 15562.7 sec ; nmult =    290
 iogs (   gs) : iter =    249 ; delta = 9.870745e-03 ; diff = 7.962183e-06 ; dt = 15616.6 sec ; nmult =    291
 iogs (   gs) : iter =    250 ; delta = 9.870745e-03 ; diff = 7.764725e-06 ; dt = 15670.7 sec ; nmult =    292
 iogs (   gs) : iter =    251 ; delta = 9.870745e-03 ; diff = 7.573171e-06 ; dt = 15724.6 sec ; nmult =    293
 iogs (   gs) : iter =    252 ; delta = 9.870745e-03 ; diff = 7.385783e-06 ; dt = 15778.8 sec ; nmult =    294
 iogs (   gs) : iter =    253 ; delta = 9.870745e-03 ; diff = 7.203951e-06 ; dt = 15832.7 sec ; nmult =    295
 iogs (   gs) : iter =    254 ; delta = 9.870745e-03 ; diff = 7.026190e-06 ; dt = 15886.7 sec ; nmult =    296
 iogs (   gs) : iter =    255 ; delta = 9.870745e-03 ; diff = 6.853542e-06 ; dt = 15940.7 sec ; nmult =    297
 iogs (   gs) : iter =    256 ; delta = 9.870745e-03 ; diff = 6.684760e-06 ; dt = 15994.8 sec ; nmult =    298
 iogs (   gs) : iter =    257 ; delta = 9.870745e-03 ; diff = 6.520989e-06 ; dt = 16048.8 sec ; nmult =    299
 iogs (   gs) : iter =    258 ; delta = 9.870745e-03 ; diff = 6.360684e-06 ; dt = 16102.9 sec ; nmult =    300
 iogs (   gs) : iter =    259 ; delta = 9.870745e-03 ; diff = 6.205158e-06 ; dt = 16156.9 sec ; nmult =    301
 iogs (   gs) : iter =    260 ; delta = 9.870745e-03 ; diff = 6.053096e-06 ; dt = 16210.9 sec ; nmult =    302
 iogs (   gs) : iter =    261 ; delta = 9.870745e-03 ; diff = 5.905465e-06 ; dt = 16264.8 sec ; nmult =    303
 iogs (   gs) : iter =    262 ; delta = 9.870745e-03 ; diff = 5.761154e-06 ; dt = 16319.0 sec ; nmult =    304
 iogs (   gs) : iter =    263 ; delta = 9.870745e-03 ; diff = 5.621144e-06 ; dt = 16372.9 sec ; nmult =    305
 iogs (   gs) : iter =    264 ; delta = 9.870745e-03 ; diff = 5.484042e-06 ; dt = 16427.0 sec ; nmult =    306
 iogs (   gs) : iter =    265 ; delta = 9.870745e-03 ; diff = 5.351030e-06 ; dt = 16481.0 sec ; nmult =    307
 iogs (   gs) : iter =    266 ; delta = 9.870745e-03 ; diff = 5.220878e-06 ; dt = 16535.2 sec ; nmult =    308
 iogs (   gs) : iter =    267 ; delta = 9.870745e-03 ; diff = 5.094483e-06 ; dt = 16589.2 sec ; nmult =    309
 iogs (   gs) : iter =    268 ; delta = 9.870745e-03 ; diff = 4.970839e-06 ; dt = 16643.3 sec ; nmult =    310
 iogs (   gs) : iter =    269 ; delta = 9.870745e-03 ; diff = 4.850991e-06 ; dt = 16697.2 sec ; nmult =    311
 iogs (   gs) : iter =    270 ; delta = 9.870745e-03 ; diff = 4.733619e-06 ; dt = 16751.4 sec ; nmult =    312
 iogs (   gs) : iter =    271 ; delta = 9.870745e-03 ; diff = 4.619766e-06 ; dt = 16805.3 sec ; nmult =    313
 iogs (   gs) : iter =    272 ; delta = 9.870745e-03 ; diff = 4.508323e-06 ; dt = 16859.4 sec ; nmult =    314
 iogs (   gs) : iter =    273 ; delta = 9.870745e-03 ; diff = 4.400089e-06 ; dt = 16913.3 sec ; nmult =    315
 iogs (   gs) : iter =    274 ; delta = 9.870745e-03 ; diff = 4.294117e-06 ; dt = 16967.4 sec ; nmult =    316
 iogs (   gs) : iter =    275 ; delta = 9.870745e-03 ; diff = 4.191316e-06 ; dt = 17022.1 sec ; nmult =    317
 iogs (   gs) : iter =    276 ; delta = 9.870745e-03 ; diff = 4.090546e-06 ; dt = 17075.4 sec ; nmult =    318
 iogs (   gs) : iter =    277 ; delta = 9.870745e-03 ; diff = 3.992798e-06 ; dt = 17128.6 sec ; nmult =    319
 iogs (   gs) : iter =    278 ; delta = 9.870745e-03 ; diff = 3.897062e-06 ; dt = 17181.9 sec ; nmult =    320
 iogs (   gs) : iter =    279 ; delta = 9.870745e-03 ; diff = 3.804088e-06 ; dt = 17235.2 sec ; nmult =    321
 iogs (   gs) : iter =    280 ; delta = 9.870745e-03 ; diff = 3.713030e-06 ; dt = 17288.7 sec ; nmult =    322
 iogs (   gs) : iter =    281 ; delta = 9.870745e-03 ; diff = 3.624706e-06 ; dt = 17341.8 sec ; nmult =    323
 iogs (   gs) : iter =    282 ; delta = 9.870745e-03 ; diff = 3.538074e-06 ; dt = 17394.3 sec ; nmult =    324
 iogs (   gs) : iter =    283 ; delta = 9.870745e-03 ; diff = 3.454048e-06 ; dt = 17447.4 sec ; nmult =    325
 iogs (   gs) : iter =    284 ; delta = 9.870745e-03 ; diff = 3.371724e-06 ; dt = 17500.0 sec ; nmult =    326
 iogs (   gs) : iter =    285 ; delta = 9.870745e-03 ; diff = 3.291780e-06 ; dt = 17550.9 sec ; nmult =    327
 iogs (   gs) : iter =    286 ; delta = 9.870745e-03 ; diff = 3.213434e-06 ; dt = 17602.0 sec ; nmult =    328
 iogs (   gs) : iter =    287 ; delta = 9.870745e-03 ; diff = 3.137450e-06 ; dt = 17653.1 sec ; nmult =    329
 iogs (   gs) : iter =    288 ; delta = 9.870745e-03 ; diff = 3.062891e-06 ; dt = 17704.1 sec ; nmult =    330
 iogs (   gs) : iter =    289 ; delta = 9.870745e-03 ; diff = 2.990590e-06 ; dt = 17755.2 sec ; nmult =    331
 iogs (   gs) : iter =    290 ; delta = 9.870745e-03 ; diff = 2.919709e-06 ; dt = 17806.3 sec ; nmult =    332
 iogs (   gs) : iter =    291 ; delta = 9.870745e-03 ; diff = 2.850887e-06 ; dt = 17857.4 sec ; nmult =    333
 iogs (   gs) : iter =    292 ; delta = 9.870745e-03 ; diff = 2.783424e-06 ; dt = 17909.2 sec ; nmult =    334
 iogs (   gs) : iter =    293 ; delta = 9.870745e-03 ; diff = 2.718008e-06 ; dt = 17960.7 sec ; nmult =    335
 iogs (   gs) : iter =    294 ; delta = 9.870745e-03 ; diff = 2.653776e-06 ; dt = 18012.0 sec ; nmult =    336
 iogs (   gs) : iter =    295 ; delta = 9.870745e-03 ; diff = 2.591498e-06 ; dt = 18063.1 sec ; nmult =    337
 iogs (   gs) : iter =    296 ; delta = 9.870745e-03 ; diff = 2.530426e-06 ; dt = 18114.2 sec ; nmult =    338
 iogs (   gs) : iter =    297 ; delta = 9.870745e-03 ; diff = 2.471135e-06 ; dt = 18165.4 sec ; nmult =    339
 iogs (   gs) : iter =    298 ; delta = 9.870745e-03 ; diff = 2.412978e-06 ; dt = 18216.5 sec ; nmult =    340
 iogs (   gs) : iter =    299 ; delta = 9.870745e-03 ; diff = 2.356598e-06 ; dt = 18268.0 sec ; nmult =    341
 iogs (   gs) : iter =    300 ; delta = 9.870745e-03 ; diff = 2.301223e-06 ; dt = 18319.1 sec ; nmult =    342
 iogs (   gs) : iter =    301 ; delta = 9.870745e-03 ; diff = 2.247548e-06 ; dt = 18370.3 sec ; nmult =    343
 iogs (   gs) : iter =    302 ; delta = 9.870745e-03 ; diff = 2.194881e-06 ; dt = 18421.4 sec ; nmult =    344
 iogs (   gs) : iter =    303 ; delta = 9.870745e-03 ; diff = 2.143758e-06 ; dt = 18472.5 sec ; nmult =    345
 iogs (   gs) : iter =    304 ; delta = 9.870745e-03 ; diff = 2.093602e-06 ; dt = 18523.7 sec ; nmult =    346
 iogs (   gs) : iter =    305 ; delta = 9.870745e-03 ; diff = 2.045019e-06 ; dt = 18574.9 sec ; nmult =    347
 iogs (   gs) : iter =    306 ; delta = 9.870745e-03 ; diff = 1.997269e-06 ; dt = 18626.0 sec ; nmult =    348
 iogs (   gs) : iter =    307 ; delta = 9.870745e-03 ; diff = 1.950991e-06 ; dt = 18677.3 sec ; nmult =    349
 iogs (   gs) : iter =    308 ; delta = 9.870745e-03 ; diff = 1.905563e-06 ; dt = 18728.5 sec ; nmult =    350
 iogs (   gs) : iter =    309 ; delta = 9.870745e-03 ; diff = 1.861471e-06 ; dt = 18779.8 sec ; nmult =    351
 iogs (   gs) : iter =    310 ; delta = 9.870745e-03 ; diff = 1.818178e-06 ; dt = 18831.0 sec ; nmult =    352
 iogs (   gs) : iter =    311 ; delta = 9.870745e-03 ; diff = 1.776224e-06 ; dt = 18882.2 sec ; nmult =    353
 iogs (   gs) : iter =    312 ; delta = 9.870745e-03 ; diff = 1.734967e-06 ; dt = 18933.4 sec ; nmult =    354
 iogs (   gs) : iter =    313 ; delta = 9.870745e-03 ; diff = 1.694991e-06 ; dt = 18984.6 sec ; nmult =    355
 iogs (   gs) : iter =    314 ; delta = 9.870745e-03 ; diff = 1.655723e-06 ; dt = 19035.8 sec ; nmult =    356
 iogs (   gs) : iter =    315 ; delta = 9.870745e-03 ; diff = 1.617618e-06 ; dt = 19086.9 sec ; nmult =    357
 iogs (   gs) : iter =    316 ; delta = 9.870745e-03 ; diff = 1.580192e-06 ; dt = 19138.7 sec ; nmult =    358
 iogs (   gs) : iter =    317 ; delta = 9.870745e-03 ; diff = 1.543934e-06 ; dt = 19189.9 sec ; nmult =    359
 iogs (   gs) : iter =    318 ; delta = 9.870745e-03 ; diff = 1.508250e-06 ; dt = 19240.7 sec ; nmult =    360
 iogs (   gs) : iter =    319 ; delta = 9.870745e-03 ; diff = 1.473683e-06 ; dt = 19291.9 sec ; nmult =    361
 iogs (   gs) : iter =    320 ; delta = 9.870745e-03 ; diff = 1.439718e-06 ; dt = 19343.1 sec ; nmult =    362
 iogs (   gs) : iter =    321 ; delta = 9.870745e-03 ; diff = 1.406765e-06 ; dt = 19394.2 sec ; nmult =    363
 iogs (   gs) : iter =    322 ; delta = 9.870745e-03 ; diff = 1.374377e-06 ; dt = 19445.4 sec ; nmult =    364
 iogs (   gs) : iter =    323 ; delta = 9.870745e-03 ; diff = 1.343008e-06 ; dt = 19496.4 sec ; nmult =    365
 iogs (   gs) : iter =    324 ; delta = 9.870745e-03 ; diff = 1.312128e-06 ; dt = 19547.6 sec ; nmult =    366
 iogs (   gs) : iter =    325 ; delta = 9.870745e-03 ; diff = 1.282223e-06 ; dt = 19598.9 sec ; nmult =    367
 iogs (   gs) : iter =    326 ; delta = 9.870745e-03 ; diff = 1.252817e-06 ; dt = 19650.0 sec ; nmult =    368
 iogs (   gs) : iter =    327 ; delta = 9.870745e-03 ; diff = 1.224293e-06 ; dt = 19700.8 sec ; nmult =    369
 iogs (   gs) : iter =    328 ; delta = 9.870745e-03 ; diff = 1.196248e-06 ; dt = 19751.9 sec ; nmult =    370
 iogs (   gs) : iter =    329 ; delta = 9.870745e-03 ; diff = 1.169093e-06 ; dt = 19803.1 sec ; nmult =    371
 iogs (   gs) : iter =    330 ; delta = 9.870745e-03 ; diff = 1.142337e-06 ; dt = 19853.7 sec ; nmult =    372
 iogs (   gs) : iter =    331 ; delta = 9.870745e-03 ; diff = 1.116434e-06 ; dt = 19904.9 sec ; nmult =    373
 iogs (   gs) : iter =    332 ; delta = 9.870745e-03 ; diff = 1.090956e-06 ; dt = 19956.1 sec ; nmult =    374
 iogs (   gs) : iter =    333 ; delta = 9.870745e-03 ; diff = 1.066251e-06 ; dt = 20007.2 sec ; nmult =    375
 iogs (   gs) : iter =    334 ; delta = 9.870745e-03 ; diff = 1.041943e-06 ; dt = 20058.4 sec ; nmult =    376
 iogs (   gs) : iter =    335 ; delta = 9.870745e-03 ; diff = 1.018413e-06 ; dt = 20109.6 sec ; nmult =    377
 iogs (   gs) : iter =    336 ; delta = 9.870745e-03 ; diff = 9.952183e-07 ; dt = 20160.9 sec ; nmult =    378
 iogs (   gs) : iter =    337 ; delta = 9.870745e-03 ; diff = 9.727710e-07 ; dt = 20212.0 sec ; nmult =    379
 iogs (   gs) : iter =    338 ; delta = 9.870745e-03 ; diff = 9.506730e-07 ; dt = 20263.2 sec ; nmult =    380
 iogs (   gs) : iter =    339 ; delta = 9.870745e-03 ; diff = 9.292501e-07 ; dt = 20314.5 sec ; nmult =    381
 iogs (   gs) : iter =    340 ; delta = 9.870745e-03 ; diff = 9.081658e-07 ; dt = 20365.7 sec ; nmult =    382
 iogs (   gs) : iter =    341 ; delta = 9.870745e-03 ; diff = 8.877682e-07 ; dt = 20417.0 sec ; nmult =    383
 iogs (   gs) : iter =    342 ; delta = 9.870745e-03 ; diff = 8.676441e-07 ; dt = 20468.2 sec ; nmult =    384
 iogs (   gs) : iter =    343 ; delta = 9.870745e-03 ; diff = 8.481760e-07 ; dt = 20519.4 sec ; nmult =    385
 iogs (   gs) : iter =    344 ; delta = 9.870745e-03 ; diff = 8.290037e-07 ; dt = 20570.6 sec ; nmult =    386
 iogs (   gs) : iter =    345 ; delta = 9.870745e-03 ; diff = 8.104217e-07 ; dt = 20621.8 sec ; nmult =    387
 iogs (   gs) : iter =    346 ; delta = 9.870745e-03 ; diff = 7.921163e-07 ; dt = 20673.0 sec ; nmult =    388
 iogs (   gs) : iter =    347 ; delta = 9.870745e-03 ; diff = 7.744104e-07 ; dt = 20724.1 sec ; nmult =    389
 iogs (   gs) : iter =    348 ; delta = 9.870745e-03 ; diff = 7.569333e-07 ; dt = 20775.1 sec ; nmult =    390
 iogs (   gs) : iter =    349 ; delta = 9.870745e-03 ; diff = 7.400325e-07 ; dt = 20826.2 sec ; nmult =    391
 iogs (   gs) : iter =    350 ; delta = 9.870745e-03 ; diff = 7.233745e-07 ; dt = 20877.2 sec ; nmult =    392
 iogs (   gs) : iter =    351 ; delta = 9.870745e-03 ; diff = 7.072349e-07 ; dt = 20928.3 sec ; nmult =    393
 iogs (   gs) : iter =    352 ; delta = 9.870745e-03 ; diff = 6.913296e-07 ; dt = 20979.4 sec ; nmult =    394
 iogs (   gs) : iter =    353 ; delta = 9.870745e-03 ; diff = 6.759516e-07 ; dt = 21030.3 sec ; nmult =    395
 iogs (   gs) : iter =    354 ; delta = 9.870745e-03 ; diff = 6.607579e-07 ; dt = 21081.4 sec ; nmult =    396
 iogs (   gs) : iter =    355 ; delta = 9.870745e-03 ; diff = 6.460715e-07 ; dt = 21132.6 sec ; nmult =    397
 iogs (   gs) : iter =    356 ; delta = 9.870745e-03 ; diff = 6.315908e-07 ; dt = 21183.6 sec ; nmult =    398
 iogs (   gs) : iter =    357 ; delta = 9.870745e-03 ; diff = 6.175657e-07 ; dt = 21234.7 sec ; nmult =    399
 iogs (   gs) : iter =    358 ; delta = 9.870745e-03 ; diff = 6.037322e-07 ; dt = 21285.8 sec ; nmult =    400
 iogs (   gs) : iter =    359 ; delta = 9.870745e-03 ; diff = 5.903631e-07 ; dt = 21336.9 sec ; nmult =    401
 iogs (   gs) : iter =    360 ; delta = 9.870745e-03 ; diff = 5.771487e-07 ; dt = 21387.9 sec ; nmult =    402
 iogs (   gs) : iter =    361 ; delta = 9.870745e-03 ; diff = 5.643813e-07 ; dt = 21439.2 sec ; nmult =    403
 iogs (   gs) : iter =    362 ; delta = 9.870745e-03 ; diff = 5.517819e-07 ; dt = 21489.9 sec ; nmult =    404
 iogs (   gs) : iter =    363 ; delta = 9.870745e-03 ; diff = 5.395840e-07 ; dt = 21541.1 sec ; nmult =    405
 iogs (   gs) : iter =    364 ; delta = 9.870745e-03 ; diff = 5.275492e-07 ; dt = 21592.2 sec ; nmult =    406
 iogs (   gs) : iter =    365 ; delta = 9.870745e-03 ; diff = 5.159242e-07 ; dt = 21642.9 sec ; nmult =    407
 iogs (   gs) : iter =    366 ; delta = 9.870745e-03 ; diff = 5.044226e-07 ; dt = 21694.1 sec ; nmult =    408
 iogs (   gs) : iter =    367 ; delta = 9.870745e-03 ; diff = 4.933156e-07 ; dt = 21745.2 sec ; nmult =    409
 iogs (   gs) : iter =    368 ; delta = 9.870745e-03 ; diff = 4.823506e-07 ; dt = 21796.3 sec ; nmult =    410
 iogs (   gs) : iter =    369 ; delta = 9.870745e-03 ; diff = 4.717386e-07 ; dt = 21847.5 sec ; nmult =    411
 iogs (   gs) : iter =    370 ; delta = 9.870745e-03 ; diff = 4.612584e-07 ; dt = 21898.6 sec ; nmult =    412
 iogs (   gs) : iter =    371 ; delta = 9.870745e-03 ; diff = 4.511394e-07 ; dt = 21949.7 sec ; nmult =    413
 iogs (   gs) : iter =    372 ; delta = 9.870745e-03 ; diff = 4.411227e-07 ; dt = 22000.9 sec ; nmult =    414
 iogs (   gs) : iter =    373 ; delta = 9.870745e-03 ; diff = 4.314541e-07 ; dt = 22052.1 sec ; nmult =    415
 iogs (   gs) : iter =    374 ; delta = 9.870745e-03 ; diff = 4.218992e-07 ; dt = 22103.1 sec ; nmult =    416
 iogs (   gs) : iter =    375 ; delta = 9.870745e-03 ; diff = 4.126562e-07 ; dt = 22154.2 sec ; nmult =    417
 iogs (   gs) : iter =    376 ; delta = 9.870745e-03 ; diff = 4.035238e-07 ; dt = 22205.4 sec ; nmult =    418
 iogs (   gs) : iter =    377 ; delta = 9.870745e-03 ; diff = 3.947108e-07 ; dt = 22257.2 sec ; nmult =    419
 iogs (   gs) : iter =    378 ; delta = 9.870745e-03 ; diff = 3.859775e-07 ; dt = 22308.2 sec ; nmult =    420
 iogs (   gs) : iter =    379 ; delta = 9.870745e-03 ; diff = 3.775522e-07 ; dt = 22359.3 sec ; nmult =    421
 iogs (   gs) : iter =    380 ; delta = 9.870745e-03 ; diff = 3.692230e-07 ; dt = 22410.5 sec ; nmult =    422
 iogs (   gs) : iter =    381 ; delta = 9.870745e-03 ; diff = 3.611690e-07 ; dt = 22461.5 sec ; nmult =    423
 iogs (   gs) : iter =    382 ; delta = 9.870745e-03 ; diff = 3.532041e-07 ; dt = 22512.6 sec ; nmult =    424
 iogs (   gs) : iter =    383 ; delta = 9.870745e-03 ; diff = 3.455223e-07 ; dt = 22563.7 sec ; nmult =    425
 iogs (   gs) : iter =    384 ; delta = 9.870745e-03 ; diff = 3.379060e-07 ; dt = 22614.7 sec ; nmult =    426
 iogs (   gs) : iter =    385 ; delta = 9.870745e-03 ; diff = 3.305625e-07 ; dt = 22665.9 sec ; nmult =    427
 iogs (   gs) : iter =    386 ; delta = 9.870745e-03 ; diff = 3.232954e-07 ; dt = 22717.0 sec ; nmult =    428
 iogs (   gs) : iter =    387 ; delta = 9.870745e-03 ; diff = 3.162718e-07 ; dt = 22768.1 sec ; nmult =    429
 iogs (   gs) : iter =    388 ; delta = 9.870745e-03 ; diff = 3.093226e-07 ; dt = 22819.1 sec ; nmult =    430
 iogs (   gs) : iter =    389 ; delta = 9.870745e-03 ; diff = 3.026240e-07 ; dt = 22870.2 sec ; nmult =    431
 iogs (   gs) : iter =    390 ; delta = 9.870745e-03 ; diff = 2.959753e-07 ; dt = 22921.3 sec ; nmult =    432
 iogs (   gs) : iter =    391 ; delta = 9.870745e-03 ; diff = 2.895682e-07 ; dt = 22972.1 sec ; nmult =    433
 iogs (   gs) : iter =    392 ; delta = 9.870745e-03 ; diff = 2.832253e-07 ; dt = 23023.3 sec ; nmult =    434
 iogs (   gs) : iter =    393 ; delta = 9.870745e-03 ; diff = 2.770980e-07 ; dt = 23074.4 sec ; nmult =    435
 iogs (   gs) : iter =    394 ; delta = 9.870745e-03 ; diff = 2.710294e-07 ; dt = 23125.4 sec ; nmult =    436
 iogs (   gs) : iter =    395 ; delta = 9.870745e-03 ; diff = 2.651831e-07 ; dt = 23176.6 sec ; nmult =    437
 iogs (   gs) : iter =    396 ; delta = 9.870745e-03 ; diff = 2.593776e-07 ; dt = 23227.6 sec ; nmult =    438
 iogs (   gs) : iter =    397 ; delta = 9.870745e-03 ; diff = 2.537866e-07 ; dt = 23278.7 sec ; nmult =    439
 iogs (   gs) : iter =    398 ; delta = 9.870745e-03 ; diff = 2.482452e-07 ; dt = 23329.8 sec ; nmult =    440
 iogs (   gs) : iter =    399 ; delta = 9.870745e-03 ; diff = 2.428953e-07 ; dt = 23381.0 sec ; nmult =    441
 iogs (   gs) : iter =    400 ; delta = 9.870745e-03 ; diff = 2.375941e-07 ; dt = 23431.8 sec ; nmult =    442
 iogs (   gs) : iter =    401 ; delta = 9.870745e-03 ; diff = 2.324904e-07 ; dt = 23482.9 sec ; nmult =    443
 iogs (   gs) : iter =    402 ; delta = 9.870745e-03 ; diff = 2.274161e-07 ; dt = 23533.9 sec ; nmult =    444
 iogs (   gs) : iter =    403 ; delta = 9.870745e-03 ; diff = 2.225323e-07 ; dt = 23585.0 sec ; nmult =    445
 iogs (   gs) : iter =    404 ; delta = 9.870745e-03 ; diff = 2.176902e-07 ; dt = 23636.1 sec ; nmult =    446
 iogs (   gs) : iter =    405 ; delta = 9.870745e-03 ; diff = 2.130175e-07 ; dt = 23687.2 sec ; nmult =    447
 iogs (   gs) : iter =    406 ; delta = 9.870745e-03 ; diff = 2.083827e-07 ; dt = 23738.2 sec ; nmult =    448
 iogs (   gs) : iter =    407 ; delta = 9.870745e-03 ; diff = 2.039235e-07 ; dt = 23789.4 sec ; nmult =    449
 iogs (   gs) : iter =    408 ; delta = 9.870745e-03 ; diff = 1.994876e-07 ; dt = 23840.5 sec ; nmult =    450
 iogs (   gs) : iter =    409 ; delta = 9.870745e-03 ; diff = 1.952211e-07 ; dt = 23891.7 sec ; nmult =    451
 iogs (   gs) : iter =    410 ; delta = 9.870745e-03 ; diff = 1.909861e-07 ; dt = 23942.8 sec ; nmult =    452
 iogs (   gs) : iter =    411 ; delta = 9.870745e-03 ; diff = 1.869019e-07 ; dt = 23993.9 sec ; nmult =    453
 iogs (   gs) : iter =    412 ; delta = 9.870745e-03 ; diff = 1.828490e-07 ; dt = 24045.1 sec ; nmult =    454
 iogs (   gs) : iter =    413 ; delta = 9.870745e-03 ; diff = 1.789523e-07 ; dt = 24096.1 sec ; nmult =    455
 iogs (   gs) : iter =    414 ; delta = 9.870745e-03 ; diff = 1.750710e-07 ; dt = 24147.3 sec ; nmult =    456
 iogs (   gs) : iter =    415 ; delta = 9.870745e-03 ; diff = 1.713406e-07 ; dt = 24198.4 sec ; nmult =    457
 iogs (   gs) : iter =    416 ; delta = 9.870745e-03 ; diff = 1.676359e-07 ; dt = 24249.6 sec ; nmult =    458
 iogs (   gs) : iter =    417 ; delta = 9.870745e-03 ; diff = 1.640650e-07 ; dt = 24300.6 sec ; nmult =    459
 iogs (   gs) : iter =    418 ; delta = 9.870745e-03 ; diff = 1.605173e-07 ; dt = 24351.8 sec ; nmult =    460
 iogs (   gs) : iter =    419 ; delta = 9.870745e-03 ; diff = 1.571085e-07 ; dt = 24402.9 sec ; nmult =    461
 iogs (   gs) : iter =    420 ; delta = 9.870745e-03 ; diff = 1.537113e-07 ; dt = 24454.0 sec ; nmult =    462
 iogs (   gs) : iter =    421 ; delta = 9.870745e-03 ; diff = 1.504486e-07 ; dt = 24505.2 sec ; nmult =    463
 iogs (   gs) : iter =    422 ; delta = 9.870745e-03 ; diff = 1.472045e-07 ; dt = 24556.2 sec ; nmult =    464
 iogs (   gs) : iter =    423 ; delta = 9.870745e-03 ; diff = 1.440795e-07 ; dt = 24607.5 sec ; nmult =    465
 iogs (   gs) : iter =    424 ; delta = 9.870745e-03 ; diff = 1.409735e-07 ; dt = 24658.6 sec ; nmult =    466
 iogs (   gs) : iter =    425 ; delta = 9.870745e-03 ; diff = 1.379916e-07 ; dt = 24709.8 sec ; nmult =    467
 iogs (   gs) : iter =    426 ; delta = 9.870745e-03 ; diff = 1.350157e-07 ; dt = 24760.9 sec ; nmult =    468
 iogs (   gs) : iter =    427 ; delta = 9.870745e-03 ; diff = 1.321599e-07 ; dt = 24812.0 sec ; nmult =    469
 iogs (   gs) : iter =    428 ; delta = 9.870745e-03 ; diff = 1.293190e-07 ; dt = 24863.1 sec ; nmult =    470
 iogs (   gs) : iter =    429 ; delta = 9.870745e-03 ; diff = 1.265843e-07 ; dt = 24914.2 sec ; nmult =    471
 iogs (   gs) : iter =    430 ; delta = 9.870745e-03 ; diff = 1.238624e-07 ; dt = 24965.4 sec ; nmult =    472
 iogs (   gs) : iter =    431 ; delta = 9.870745e-03 ; diff = 1.212513e-07 ; dt = 25016.4 sec ; nmult =    473
 iogs (   gs) : iter =    432 ; delta = 9.870745e-03 ; diff = 1.186442e-07 ; dt = 25067.3 sec ; nmult =    474
 iogs (   gs) : iter =    433 ; delta = 9.870745e-03 ; diff = 1.161443e-07 ; dt = 25118.0 sec ; nmult =    475
 iogs (   gs) : iter =    434 ; delta = 9.870745e-03 ; diff = 1.136541e-07 ; dt = 25169.1 sec ; nmult =    476
 iogs (   gs) : iter =    435 ; delta = 9.870745e-03 ; diff = 1.112588e-07 ; dt = 25220.7 sec ; nmult =    477
 iogs (   gs) : iter =    436 ; delta = 9.870745e-03 ; diff = 1.088735e-07 ; dt = 25272.4 sec ; nmult =    478
 iogs (   gs) : iter =    437 ; delta = 9.870745e-03 ; diff = 1.065872e-07 ; dt = 25324.7 sec ; nmult =    479
 iogs (   gs) : iter =    438 ; delta = 9.870745e-03 ; diff = 1.043010e-07 ; dt = 25375.8 sec ; nmult =    480
 iogs (   gs) : iter =    439 ; delta = 9.870745e-03 ; diff = 1.021104e-07 ; dt = 25426.8 sec ; nmult =    481
 iogs (   gs) : iter =    440 ; delta = 8.094796e-08 ; diff = 9.992720e-08 ; dt = 25478.0 sec ; nmult =    483
iogs : solved pagerank(a=0.9900) in   440 its,   482 sweeps, and   483 mults to 1.000000e-07 tol
output norm: 1.0000000000000000e+00
