Parameters: 
   graphfile = /var/tmp/dgleich/data/arabic-2005
      output = none
         alg = power
       alpha = 0.99
         tol = 1e-07
       maxit = 10000

nodes = 22744080
edges = 639999458
power : iter =      1 ; delta = 1.248935e+00 ; dt =    19.9 sec
power : iter =      2 ; delta = 5.404195e-01 ; dt =    39.9 sec
power : iter =      3 ; delta = 2.587350e-01 ; dt =    59.9 sec
power : iter =      4 ; delta = 1.492671e-01 ; dt =    79.9 sec
power : iter =      5 ; delta = 1.015631e-01 ; dt =    99.9 sec
power : iter =      6 ; delta = 7.834765e-02 ; dt =   119.9 sec
power : iter =      7 ; delta = 6.456396e-02 ; dt =   139.9 sec
power : iter =      8 ; delta = 5.550735e-02 ; dt =   159.9 sec
power : iter =      9 ; delta = 4.906235e-02 ; dt =   179.9 sec
power : iter =     10 ; delta = 4.401900e-02 ; dt =   199.9 sec
power : iter =     11 ; delta = 4.013291e-02 ; dt =   219.9 sec
power : iter =     12 ; delta = 3.695427e-02 ; dt =   239.9 sec
power : iter =     13 ; delta = 3.425086e-02 ; dt =   259.8 sec
power : iter =     14 ; delta = 3.199895e-02 ; dt =   279.8 sec
power : iter =     15 ; delta = 3.004303e-02 ; dt =   299.8 sec
power : iter =     16 ; delta = 2.831777e-02 ; dt =   319.8 sec
power : iter =     17 ; delta = 2.681200e-02 ; dt =   339.8 sec
power : iter =     18 ; delta = 2.548148e-02 ; dt =   359.8 sec
power : iter =     19 ; delta = 2.426134e-02 ; dt =   379.8 sec
power : iter =     20 ; delta = 2.317908e-02 ; dt =   399.8 sec
power : iter =     21 ; delta = 2.218785e-02 ; dt =   419.8 sec
power : iter =     22 ; delta = 2.127691e-02 ; dt =   439.8 sec
power : iter =     23 ; delta = 2.044026e-02 ; dt =   459.8 sec
power : iter =     24 ; delta = 1.967312e-02 ; dt =   479.8 sec
power : iter =     25 ; delta = 1.894498e-02 ; dt =   499.8 sec
power : iter =     26 ; delta = 1.827943e-02 ; dt =   519.8 sec
power : iter =     27 ; delta = 1.765036e-02 ; dt =   539.8 sec
power : iter =     28 ; delta = 1.706566e-02 ; dt =   559.8 sec
power : iter =     29 ; delta = 1.651167e-02 ; dt =   579.8 sec
power : iter =     30 ; delta = 1.599670e-02 ; dt =   599.8 sec
power : iter =     31 ; delta = 1.550315e-02 ; dt =   619.8 sec
power : iter =     32 ; delta = 1.504501e-02 ; dt =   639.7 sec
power : iter =     33 ; delta = 1.460571e-02 ; dt =   659.7 sec
power : iter =     34 ; delta = 1.419415e-02 ; dt =   679.7 sec
power : iter =     35 ; delta = 1.380014e-02 ; dt =   699.7 sec
power : iter =     36 ; delta = 1.343041e-02 ; dt =   719.7 sec
power : iter =     37 ; delta = 1.307205e-02 ; dt =   739.7 sec
power : iter =     38 ; delta = 1.273613e-02 ; dt =   759.7 sec
power : iter =     39 ; delta = 1.241062e-02 ; dt =   779.7 sec
power : iter =     40 ; delta = 1.210351e-02 ; dt =   799.7 sec
power : iter =     41 ; delta = 1.180504e-02 ; dt =   819.7 sec
power : iter =     42 ; delta = 1.152336e-02 ; dt =   839.7 sec
power : iter =     43 ; delta = 1.124919e-02 ; dt =   859.7 sec
power : iter =     44 ; delta = 1.099053e-02 ; dt =   879.7 sec
power : iter =     45 ; delta = 1.073902e-02 ; dt =   899.7 sec
power : iter =     46 ; delta = 1.050095e-02 ; dt =   919.7 sec
power : iter =     47 ; delta = 1.026870e-02 ; dt =   939.7 sec
power : iter =     48 ; delta = 1.004810e-02 ; dt =   959.7 sec
power : iter =     49 ; delta = 9.831596e-03 ; dt =   979.7 sec
power : iter =     50 ; delta = 9.626547e-03 ; dt =   999.7 sec
power : iter =     51 ; delta = 9.425144e-03 ; dt =  1019.7 sec
power : iter =     52 ; delta = 9.233646e-03 ; dt =  1039.7 sec
power : iter =     53 ; delta = 9.045390e-03 ; dt =  1059.7 sec
power : iter =     54 ; delta = 8.866064e-03 ; dt =  1079.7 sec
power : iter =     55 ; delta = 8.689080e-03 ; dt =  1099.7 sec
power : iter =     56 ; delta = 8.520555e-03 ; dt =  1119.7 sec
power : iter =     57 ; delta = 8.353950e-03 ; dt =  1139.7 sec
power : iter =     58 ; delta = 8.195277e-03 ; dt =  1159.7 sec
power : iter =     59 ; delta = 8.038851e-03 ; dt =  1179.6 sec
power : iter =     60 ; delta = 7.889735e-03 ; dt =  1199.6 sec
power : iter =     61 ; delta = 7.742068e-03 ; dt =  1219.6 sec
power : iter =     62 ; delta = 7.601437e-03 ; dt =  1239.5 sec
power : iter =     63 ; delta = 7.462352e-03 ; dt =  1259.5 sec
power : iter =     64 ; delta = 7.329543e-03 ; dt =  1279.4 sec
power : iter =     65 ; delta = 7.198023e-03 ; dt =  1299.4 sec
power : iter =     66 ; delta = 7.072400e-03 ; dt =  1319.4 sec
power : iter =     67 ; delta = 6.947614e-03 ; dt =  1339.4 sec
power : iter =     68 ; delta = 6.828303e-03 ; dt =  1359.4 sec
power : iter =     69 ; delta = 6.709556e-03 ; dt =  1379.3 sec
power : iter =     70 ; delta = 6.596000e-03 ; dt =  1399.3 sec
power : iter =     71 ; delta = 6.483062e-03 ; dt =  1419.3 sec
power : iter =     72 ; delta = 6.374898e-03 ; dt =  1439.3 sec
power : iter =     73 ; delta = 6.267289e-03 ; dt =  1459.3 sec
power : iter =     74 ; delta = 6.164189e-03 ; dt =  1479.3 sec
power : iter =     75 ; delta = 6.061478e-03 ; dt =  1499.3 sec
power : iter =     76 ; delta = 5.963274e-03 ; dt =  1519.3 sec
power : iter =     77 ; delta = 5.865700e-03 ; dt =  1539.3 sec
power : iter =     78 ; delta = 5.772074e-03 ; dt =  1559.3 sec
power : iter =     79 ; delta = 5.678897e-03 ; dt =  1579.2 sec
power : iter =     80 ; delta = 5.589444e-03 ; dt =  1599.2 sec
power : iter =     81 ; delta = 5.500245e-03 ; dt =  1619.2 sec
power : iter =     82 ; delta = 5.414589e-03 ; dt =  1639.2 sec
power : iter =     83 ; delta = 5.329214e-03 ; dt =  1659.2 sec
power : iter =     84 ; delta = 5.247157e-03 ; dt =  1679.2 sec
power : iter =     85 ; delta = 5.165340e-03 ; dt =  1699.2 sec
power : iter =     86 ; delta = 5.086634e-03 ; dt =  1719.2 sec
power : iter =     87 ; delta = 5.008072e-03 ; dt =  1739.2 sec
power : iter =     88 ; delta = 4.932568e-03 ; dt =  1759.2 sec
power : iter =     89 ; delta = 4.857212e-03 ; dt =  1779.2 sec
power : iter =     90 ; delta = 4.784725e-03 ; dt =  1799.1 sec
power : iter =     91 ; delta = 4.712428e-03 ; dt =  1819.1 sec
power : iter =     92 ; delta = 4.642892e-03 ; dt =  1839.1 sec
power : iter =     93 ; delta = 4.573433e-03 ; dt =  1859.1 sec
power : iter =     94 ; delta = 4.506547e-03 ; dt =  1879.1 sec
power : iter =     95 ; delta = 4.439684e-03 ; dt =  1899.1 sec
power : iter =     96 ; delta = 4.375281e-03 ; dt =  1919.1 sec
power : iter =     97 ; delta = 4.310948e-03 ; dt =  1939.1 sec
power : iter =     98 ; delta = 4.248925e-03 ; dt =  1959.1 sec
power : iter =     99 ; delta = 4.186934e-03 ; dt =  1979.1 sec
power : iter =    100 ; delta = 4.127180e-03 ; dt =  1999.1 sec
power : iter =    101 ; delta = 4.067390e-03 ; dt =  2019.0 sec
power : iter =    102 ; delta = 4.009784e-03 ; dt =  2039.0 sec
power : iter =    103 ; delta = 3.952200e-03 ; dt =  2059.0 sec
power : iter =    104 ; delta = 3.896629e-03 ; dt =  2079.1 sec
power : iter =    105 ; delta = 3.841069e-03 ; dt =  2099.1 sec
power : iter =    106 ; delta = 3.787526e-03 ; dt =  2119.1 sec
power : iter =    107 ; delta = 3.733958e-03 ; dt =  2139.1 sec
power : iter =    108 ; delta = 3.682332e-03 ; dt =  2159.1 sec
power : iter =    109 ; delta = 3.630717e-03 ; dt =  2179.1 sec
power : iter =    110 ; delta = 3.580955e-03 ; dt =  2199.1 sec
power : iter =    111 ; delta = 3.531219e-03 ; dt =  2219.1 sec
power : iter =    112 ; delta = 3.483246e-03 ; dt =  2239.1 sec
power : iter =    113 ; delta = 3.435200e-03 ; dt =  2259.0 sec
power : iter =    114 ; delta = 3.388857e-03 ; dt =  2279.0 sec
power : iter =    115 ; delta = 3.342462e-03 ; dt =  2299.0 sec
power : iter =    116 ; delta = 3.297657e-03 ; dt =  2319.0 sec
power : iter =    117 ; delta = 3.252791e-03 ; dt =  2339.0 sec
power : iter =    118 ; delta = 3.209440e-03 ; dt =  2359.0 sec
power : iter =    119 ; delta = 3.165990e-03 ; dt =  2379.0 sec
power : iter =    120 ; delta = 3.124040e-03 ; dt =  2399.0 sec
power : iter =    121 ; delta = 3.081990e-03 ; dt =  2419.0 sec
power : iter =    122 ; delta = 3.041339e-03 ; dt =  2439.0 sec
power : iter =    123 ; delta = 3.000629e-03 ; dt =  2459.0 sec
power : iter =    124 ; delta = 2.961294e-03 ; dt =  2479.0 sec
power : iter =    125 ; delta = 2.921839e-03 ; dt =  2499.0 sec
power : iter =    126 ; delta = 2.883730e-03 ; dt =  2519.0 sec
power : iter =    127 ; delta = 2.845526e-03 ; dt =  2539.0 sec
power : iter =    128 ; delta = 2.808571e-03 ; dt =  2559.0 sec
power : iter =    129 ; delta = 2.771542e-03 ; dt =  2579.0 sec
power : iter =    130 ; delta = 2.735741e-03 ; dt =  2599.0 sec
power : iter =    131 ; delta = 2.699819e-03 ; dt =  2619.0 sec
power : iter =    132 ; delta = 2.665105e-03 ; dt =  2639.0 sec
power : iter =    133 ; delta = 2.630296e-03 ; dt =  2659.0 sec
power : iter =    134 ; delta = 2.596614e-03 ; dt =  2679.0 sec
power : iter =    135 ; delta = 2.562843e-03 ; dt =  2699.0 sec
power : iter =    136 ; delta = 2.530177e-03 ; dt =  2719.0 sec
power : iter =    137 ; delta = 2.497386e-03 ; dt =  2739.0 sec
power : iter =    138 ; delta = 2.465675e-03 ; dt =  2759.0 sec
power : iter =    139 ; delta = 2.433855e-03 ; dt =  2778.9 sec
power : iter =    140 ; delta = 2.403048e-03 ; dt =  2798.9 sec
power : iter =    141 ; delta = 2.372156e-03 ; dt =  2818.9 sec
power : iter =    142 ; delta = 2.342269e-03 ; dt =  2838.9 sec
power : iter =    143 ; delta = 2.312267e-03 ; dt =  2858.9 sec
power : iter =    144 ; delta = 2.283258e-03 ; dt =  2878.9 sec
power : iter =    145 ; delta = 2.254151e-03 ; dt =  2898.9 sec
power : iter =    146 ; delta = 2.225962e-03 ; dt =  2918.9 sec
power : iter =    147 ; delta = 2.197679e-03 ; dt =  2938.9 sec
power : iter =    148 ; delta = 2.170312e-03 ; dt =  2958.9 sec
power : iter =    149 ; delta = 2.142830e-03 ; dt =  2978.9 sec
power : iter =    150 ; delta = 2.116242e-03 ; dt =  2998.9 sec
power : iter =    151 ; delta = 2.089561e-03 ; dt =  3018.8 sec
power : iter =    152 ; delta = 2.063717e-03 ; dt =  3038.8 sec
power : iter =    153 ; delta = 2.037791e-03 ; dt =  3058.8 sec
power : iter =    154 ; delta = 2.012687e-03 ; dt =  3078.8 sec
power : iter =    155 ; delta = 1.987466e-03 ; dt =  3098.8 sec
power : iter =    156 ; delta = 1.963054e-03 ; dt =  3118.8 sec
power : iter =    157 ; delta = 1.938548e-03 ; dt =  3138.8 sec
power : iter =    158 ; delta = 1.914806e-03 ; dt =  3158.8 sec
power : iter =    159 ; delta = 1.890975e-03 ; dt =  3178.9 sec
power : iter =    160 ; delta = 1.867891e-03 ; dt =  3198.9 sec
power : iter =    161 ; delta = 1.844694e-03 ; dt =  3218.9 sec
power : iter =    162 ; delta = 1.822234e-03 ; dt =  3238.9 sec
power : iter =    163 ; delta = 1.799677e-03 ; dt =  3258.9 sec
power : iter =    164 ; delta = 1.777816e-03 ; dt =  3278.9 sec
power : iter =    165 ; delta = 1.755865e-03 ; dt =  3298.9 sec
power : iter =    166 ; delta = 1.734606e-03 ; dt =  3318.9 sec
power : iter =    167 ; delta = 1.713247e-03 ; dt =  3338.9 sec
power : iter =    168 ; delta = 1.692575e-03 ; dt =  3358.9 sec
power : iter =    169 ; delta = 1.671810e-03 ; dt =  3378.9 sec
power : iter =    170 ; delta = 1.651690e-03 ; dt =  3398.9 sec
power : iter =    171 ; delta = 1.631483e-03 ; dt =  3418.9 sec
power : iter =    172 ; delta = 1.611918e-03 ; dt =  3438.9 sec
power : iter =    173 ; delta = 1.592246e-03 ; dt =  3458.9 sec
power : iter =    174 ; delta = 1.573201e-03 ; dt =  3478.9 sec
power : iter =    175 ; delta = 1.554063e-03 ; dt =  3498.9 sec
power : iter =    176 ; delta = 1.535523e-03 ; dt =  3518.9 sec
power : iter =    177 ; delta = 1.516894e-03 ; dt =  3538.9 sec
power : iter =    178 ; delta = 1.498854e-03 ; dt =  3558.9 sec
power : iter =    179 ; delta = 1.480711e-03 ; dt =  3578.9 sec
power : iter =    180 ; delta = 1.463146e-03 ; dt =  3598.9 sec
power : iter =    181 ; delta = 1.445489e-03 ; dt =  3618.9 sec
power : iter =    182 ; delta = 1.428377e-03 ; dt =  3638.9 sec
power : iter =    183 ; delta = 1.411181e-03 ; dt =  3658.9 sec
power : iter =    184 ; delta = 1.394523e-03 ; dt =  3678.9 sec
power : iter =    185 ; delta = 1.377764e-03 ; dt =  3698.9 sec
power : iter =    186 ; delta = 1.361532e-03 ; dt =  3718.9 sec
power : iter =    187 ; delta = 1.345213e-03 ; dt =  3738.9 sec
power : iter =    188 ; delta = 1.329395e-03 ; dt =  3758.9 sec
power : iter =    189 ; delta = 1.313497e-03 ; dt =  3778.9 sec
power : iter =    190 ; delta = 1.298094e-03 ; dt =  3798.9 sec
power : iter =    191 ; delta = 1.282592e-03 ; dt =  3818.8 sec
power : iter =    192 ; delta = 1.267579e-03 ; dt =  3838.8 sec
power : iter =    193 ; delta = 1.252478e-03 ; dt =  3858.9 sec
power : iter =    194 ; delta = 1.237837e-03 ; dt =  3878.9 sec
power : iter =    195 ; delta = 1.223116e-03 ; dt =  3898.9 sec
power : iter =    196 ; delta = 1.208853e-03 ; dt =  3918.9 sec
power : iter =    197 ; delta = 1.194495e-03 ; dt =  3938.8 sec
power : iter =    198 ; delta = 1.180588e-03 ; dt =  3958.8 sec
power : iter =    199 ; delta = 1.166597e-03 ; dt =  3978.8 sec
power : iter =    200 ; delta = 1.153032e-03 ; dt =  3998.8 sec
power : iter =    201 ; delta = 1.139389e-03 ; dt =  4018.8 sec
power : iter =    202 ; delta = 1.126171e-03 ; dt =  4038.8 sec
power : iter =    203 ; delta = 1.112863e-03 ; dt =  4058.8 sec
power : iter =    204 ; delta = 1.099975e-03 ; dt =  4078.8 sec
power : iter =    205 ; delta = 1.087010e-03 ; dt =  4098.8 sec
power : iter =    206 ; delta = 1.074439e-03 ; dt =  4118.8 sec
power : iter =    207 ; delta = 1.061795e-03 ; dt =  4138.8 sec
power : iter =    208 ; delta = 1.049542e-03 ; dt =  4158.8 sec
power : iter =    209 ; delta = 1.037204e-03 ; dt =  4178.8 sec
power : iter =    210 ; delta = 1.025255e-03 ; dt =  4198.7 sec
power : iter =    211 ; delta = 1.013229e-03 ; dt =  4218.7 sec
power : iter =    212 ; delta = 1.001572e-03 ; dt =  4238.7 sec
power : iter =    213 ; delta = 9.898469e-04 ; dt =  4258.7 sec
power : iter =    214 ; delta = 9.784848e-04 ; dt =  4278.7 sec
power : iter =    215 ; delta = 9.670413e-04 ; dt =  4298.7 sec
power : iter =    216 ; delta = 9.559565e-04 ; dt =  4318.8 sec
power : iter =    217 ; delta = 9.447996e-04 ; dt =  4338.8 sec
power : iter =    218 ; delta = 9.339802e-04 ; dt =  4358.7 sec
power : iter =    219 ; delta = 9.230950e-04 ; dt =  4378.7 sec
power : iter =    220 ; delta = 9.125462e-04 ; dt =  4398.7 sec
power : iter =    221 ; delta = 9.019221e-04 ; dt =  4418.8 sec
power : iter =    222 ; delta = 8.916311e-04 ; dt =  4438.8 sec
power : iter =    223 ; delta = 8.812719e-04 ; dt =  4458.8 sec
power : iter =    224 ; delta = 8.712260e-04 ; dt =  4478.8 sec
power : iter =    225 ; delta = 8.611177e-04 ; dt =  4498.8 sec
power : iter =    226 ; delta = 8.513208e-04 ; dt =  4518.8 sec
power : iter =    227 ; delta = 8.414513e-04 ; dt =  4538.8 sec
power : iter =    228 ; delta = 8.318903e-04 ; dt =  4558.8 sec
power : iter =    229 ; delta = 8.222644e-04 ; dt =  4578.8 sec
power : iter =    230 ; delta = 8.129283e-04 ; dt =  4598.8 sec
power : iter =    231 ; delta = 8.035329e-04 ; dt =  4618.8 sec
power : iter =    232 ; delta = 7.944270e-04 ; dt =  4638.8 sec
power : iter =    233 ; delta = 7.852516e-04 ; dt =  4658.7 sec
power : iter =    234 ; delta = 7.763626e-04 ; dt =  4678.7 sec
power : iter =    235 ; delta = 7.674120e-04 ; dt =  4698.7 sec
power : iter =    236 ; delta = 7.587311e-04 ; dt =  4718.7 sec
power : iter =    237 ; delta = 7.499939e-04 ; dt =  4738.7 sec
power : iter =    238 ; delta = 7.415260e-04 ; dt =  4758.7 sec
power : iter =    239 ; delta = 7.329931e-04 ; dt =  4778.7 sec
power : iter =    240 ; delta = 7.247262e-04 ; dt =  4798.7 sec
power : iter =    241 ; delta = 7.164011e-04 ; dt =  4818.7 sec
power : iter =    242 ; delta = 7.083259e-04 ; dt =  4838.7 sec
power : iter =    243 ; delta = 7.001979e-04 ; dt =  4858.7 sec
power : iter =    244 ; delta = 6.923195e-04 ; dt =  4878.6 sec
power : iter =    245 ; delta = 6.843803e-04 ; dt =  4898.6 sec
power : iter =    246 ; delta = 6.766884e-04 ; dt =  4918.6 sec
power : iter =    247 ; delta = 6.689419e-04 ; dt =  4938.6 sec
power : iter =    248 ; delta = 6.614276e-04 ; dt =  4958.6 sec
power : iter =    249 ; delta = 6.538636e-04 ; dt =  4978.6 sec
power : iter =    250 ; delta = 6.465315e-04 ; dt =  4998.5 sec
power : iter =    251 ; delta = 6.391416e-04 ; dt =  5018.5 sec
power : iter =    252 ; delta = 6.319829e-04 ; dt =  5038.5 sec
power : iter =    253 ; delta = 6.247733e-04 ; dt =  5058.4 sec
power : iter =    254 ; delta = 6.177802e-04 ; dt =  5078.4 sec
power : iter =    255 ; delta = 6.107406e-04 ; dt =  5098.4 sec
power : iter =    256 ; delta = 6.039167e-04 ; dt =  5118.4 sec
power : iter =    257 ; delta = 5.970387e-04 ; dt =  5138.4 sec
power : iter =    258 ; delta = 5.903743e-04 ; dt =  5158.4 sec
power : iter =    259 ; delta = 5.836622e-04 ; dt =  5178.4 sec
power : iter =    260 ; delta = 5.771505e-04 ; dt =  5198.4 sec
power : iter =    261 ; delta = 5.705972e-04 ; dt =  5218.4 sec
power : iter =    262 ; delta = 5.642449e-04 ; dt =  5238.4 sec
power : iter =    263 ; delta = 5.578417e-04 ; dt =  5258.4 sec
power : iter =    264 ; delta = 5.516370e-04 ; dt =  5278.4 sec
power : iter =    265 ; delta = 5.453872e-04 ; dt =  5298.4 sec
power : iter =    266 ; delta = 5.393238e-04 ; dt =  5318.4 sec
power : iter =    267 ; delta = 5.332192e-04 ; dt =  5338.4 sec
power : iter =    268 ; delta = 5.273010e-04 ; dt =  5358.4 sec
power : iter =    269 ; delta = 5.213351e-04 ; dt =  5378.5 sec
power : iter =    270 ; delta = 5.155538e-04 ; dt =  5398.5 sec
power : iter =    271 ; delta = 5.097302e-04 ; dt =  5418.5 sec
power : iter =    272 ; delta = 5.040797e-04 ; dt =  5438.5 sec
power : iter =    273 ; delta = 4.983906e-04 ; dt =  5458.5 sec
power : iter =    274 ; delta = 4.928747e-04 ; dt =  5478.5 sec
power : iter =    275 ; delta = 4.873142e-04 ; dt =  5498.5 sec
power : iter =    276 ; delta = 4.819256e-04 ; dt =  5518.5 sec
power : iter =    277 ; delta = 4.764973e-04 ; dt =  5538.5 sec
power : iter =    278 ; delta = 4.712298e-04 ; dt =  5558.5 sec
power : iter =    279 ; delta = 4.659265e-04 ; dt =  5578.5 sec
power : iter =    280 ; delta = 4.607841e-04 ; dt =  5598.5 sec
power : iter =    281 ; delta = 4.556000e-04 ; dt =  5618.5 sec
power : iter =    282 ; delta = 4.505754e-04 ; dt =  5638.5 sec
power : iter =    283 ; delta = 4.455138e-04 ; dt =  5658.5 sec
power : iter =    284 ; delta = 4.406020e-04 ; dt =  5678.5 sec
power : iter =    285 ; delta = 4.356563e-04 ; dt =  5698.5 sec
power : iter =    286 ; delta = 4.308601e-04 ; dt =  5718.5 sec
power : iter =    287 ; delta = 4.260247e-04 ; dt =  5738.5 sec
power : iter =    288 ; delta = 4.213381e-04 ; dt =  5758.4 sec
power : iter =    289 ; delta = 4.166175e-04 ; dt =  5778.4 sec
power : iter =    290 ; delta = 4.120368e-04 ; dt =  5798.4 sec
power : iter =    291 ; delta = 4.074249e-04 ; dt =  5818.4 sec
power : iter =    292 ; delta = 4.029525e-04 ; dt =  5838.4 sec
power : iter =    293 ; delta = 3.984434e-04 ; dt =  5858.4 sec
power : iter =    294 ; delta = 3.940727e-04 ; dt =  5878.3 sec
power : iter =    295 ; delta = 3.896694e-04 ; dt =  5898.3 sec
power : iter =    296 ; delta = 3.853959e-04 ; dt =  5918.3 sec
power : iter =    297 ; delta = 3.810927e-04 ; dt =  5938.3 sec
power : iter =    298 ; delta = 3.769195e-04 ; dt =  5958.3 sec
power : iter =    299 ; delta = 3.727122e-04 ; dt =  5978.3 sec
power : iter =    300 ; delta = 3.686338e-04 ; dt =  5998.3 sec
power : iter =    301 ; delta = 3.645247e-04 ; dt =  6018.3 sec
power : iter =    302 ; delta = 3.605366e-04 ; dt =  6038.3 sec
power : iter =    303 ; delta = 3.565205e-04 ; dt =  6058.3 sec
power : iter =    304 ; delta = 3.526253e-04 ; dt =  6078.2 sec
power : iter =    305 ; delta = 3.486978e-04 ; dt =  6098.2 sec
power : iter =    306 ; delta = 3.448904e-04 ; dt =  6118.1 sec
power : iter =    307 ; delta = 3.410544e-04 ; dt =  6138.1 sec
power : iter =    308 ; delta = 3.373308e-04 ; dt =  6158.1 sec
power : iter =    309 ; delta = 3.335813e-04 ; dt =  6178.1 sec
power : iter =    310 ; delta = 3.299443e-04 ; dt =  6198.1 sec
power : iter =    311 ; delta = 3.262773e-04 ; dt =  6218.1 sec
power : iter =    312 ; delta = 3.227222e-04 ; dt =  6238.1 sec
power : iter =    313 ; delta = 3.191404e-04 ; dt =  6258.1 sec
power : iter =    314 ; delta = 3.156636e-04 ; dt =  6278.1 sec
power : iter =    315 ; delta = 3.121625e-04 ; dt =  6298.1 sec
power : iter =    316 ; delta = 3.087667e-04 ; dt =  6318.1 sec
power : iter =    317 ; delta = 3.053425e-04 ; dt =  6338.1 sec
power : iter =    318 ; delta = 3.020229e-04 ; dt =  6358.1 sec
power : iter =    319 ; delta = 2.986779e-04 ; dt =  6378.1 sec
power : iter =    320 ; delta = 2.954309e-04 ; dt =  6398.1 sec
power : iter =    321 ; delta = 2.921610e-04 ; dt =  6418.0 sec
power : iter =    322 ; delta = 2.889890e-04 ; dt =  6438.0 sec
power : iter =    323 ; delta = 2.857904e-04 ; dt =  6458.0 sec
power : iter =    324 ; delta = 2.826893e-04 ; dt =  6478.0 sec
power : iter =    325 ; delta = 2.795645e-04 ; dt =  6498.0 sec
power : iter =    326 ; delta = 2.765310e-04 ; dt =  6518.0 sec
power : iter =    327 ; delta = 2.734759e-04 ; dt =  6538.0 sec
power : iter =    328 ; delta = 2.705124e-04 ; dt =  6558.0 sec
power : iter =    329 ; delta = 2.675239e-04 ; dt =  6578.0 sec
power : iter =    330 ; delta = 2.646266e-04 ; dt =  6598.0 sec
power : iter =    331 ; delta = 2.617071e-04 ; dt =  6618.0 sec
power : iter =    332 ; delta = 2.588727e-04 ; dt =  6638.0 sec
power : iter =    333 ; delta = 2.560181e-04 ; dt =  6657.9 sec
power : iter =    334 ; delta = 2.532489e-04 ; dt =  6677.9 sec
power : iter =    335 ; delta = 2.504563e-04 ; dt =  6697.9 sec
power : iter =    336 ; delta = 2.477487e-04 ; dt =  6717.9 sec
power : iter =    337 ; delta = 2.450202e-04 ; dt =  6737.9 sec
power : iter =    338 ; delta = 2.423712e-04 ; dt =  6757.8 sec
power : iter =    339 ; delta = 2.397033e-04 ; dt =  6777.8 sec
power : iter =    340 ; delta = 2.371151e-04 ; dt =  6797.8 sec
power : iter =    341 ; delta = 2.345051e-04 ; dt =  6817.8 sec
power : iter =    342 ; delta = 2.319747e-04 ; dt =  6837.8 sec
power : iter =    343 ; delta = 2.294251e-04 ; dt =  6857.8 sec
power : iter =    344 ; delta = 2.269499e-04 ; dt =  6877.8 sec
power : iter =    345 ; delta = 2.244569e-04 ; dt =  6897.8 sec
power : iter =    346 ; delta = 2.220383e-04 ; dt =  6917.8 sec
power : iter =    347 ; delta = 2.195994e-04 ; dt =  6937.8 sec
power : iter =    348 ; delta = 2.172345e-04 ; dt =  6957.8 sec
power : iter =    349 ; delta = 2.148515e-04 ; dt =  6977.8 sec
power : iter =    350 ; delta = 2.125377e-04 ; dt =  6997.8 sec
power : iter =    351 ; delta = 2.102076e-04 ; dt =  7017.8 sec
power : iter =    352 ; delta = 2.079467e-04 ; dt =  7037.8 sec
power : iter =    353 ; delta = 2.056668e-04 ; dt =  7057.8 sec
power : iter =    354 ; delta = 2.034557e-04 ; dt =  7077.8 sec
power : iter =    355 ; delta = 2.012277e-04 ; dt =  7097.7 sec
power : iter =    356 ; delta = 1.990642e-04 ; dt =  7117.7 sec
power : iter =    357 ; delta = 1.968853e-04 ; dt =  7137.7 sec
power : iter =    358 ; delta = 1.947712e-04 ; dt =  7157.6 sec
power : iter =    359 ; delta = 1.926393e-04 ; dt =  7177.6 sec
power : iter =    360 ; delta = 1.905719e-04 ; dt =  7197.6 sec
power : iter =    361 ; delta = 1.884886e-04 ; dt =  7217.6 sec
power : iter =    362 ; delta = 1.864654e-04 ; dt =  7237.6 sec
power : iter =    363 ; delta = 1.844279e-04 ; dt =  7257.6 sec
power : iter =    364 ; delta = 1.824507e-04 ; dt =  7277.6 sec
power : iter =    365 ; delta = 1.804569e-04 ; dt =  7297.6 sec
power : iter =    366 ; delta = 1.785233e-04 ; dt =  7317.6 sec
power : iter =    367 ; delta = 1.765752e-04 ; dt =  7337.6 sec
power : iter =    368 ; delta = 1.746834e-04 ; dt =  7357.6 sec
power : iter =    369 ; delta = 1.727784e-04 ; dt =  7377.6 sec
power : iter =    370 ; delta = 1.709295e-04 ; dt =  7397.5 sec
power : iter =    371 ; delta = 1.690652e-04 ; dt =  7417.5 sec
power : iter =    372 ; delta = 1.672567e-04 ; dt =  7437.5 sec
power : iter =    373 ; delta = 1.654345e-04 ; dt =  7457.5 sec
power : iter =    374 ; delta = 1.636646e-04 ; dt =  7477.5 sec
power : iter =    375 ; delta = 1.618822e-04 ; dt =  7497.5 sec
power : iter =    376 ; delta = 1.601522e-04 ; dt =  7517.5 sec
power : iter =    377 ; delta = 1.584079e-04 ; dt =  7537.5 sec
power : iter =    378 ; delta = 1.567156e-04 ; dt =  7557.5 sec
power : iter =    379 ; delta = 1.550107e-04 ; dt =  7577.5 sec
power : iter =    380 ; delta = 1.533544e-04 ; dt =  7597.5 sec
power : iter =    381 ; delta = 1.516867e-04 ; dt =  7617.5 sec
power : iter =    382 ; delta = 1.500678e-04 ; dt =  7637.5 sec
power : iter =    383 ; delta = 1.484354e-04 ; dt =  7657.5 sec
power : iter =    384 ; delta = 1.468518e-04 ; dt =  7677.5 sec
power : iter =    385 ; delta = 1.452563e-04 ; dt =  7697.5 sec
power : iter =    386 ; delta = 1.437063e-04 ; dt =  7717.5 sec
power : iter =    387 ; delta = 1.421454e-04 ; dt =  7737.5 sec
power : iter =    388 ; delta = 1.406303e-04 ; dt =  7757.5 sec
power : iter =    389 ; delta = 1.391026e-04 ; dt =  7777.5 sec
power : iter =    390 ; delta = 1.376204e-04 ; dt =  7797.5 sec
power : iter =    391 ; delta = 1.361271e-04 ; dt =  7817.5 sec
power : iter =    392 ; delta = 1.346763e-04 ; dt =  7837.5 sec
power : iter =    393 ; delta = 1.332156e-04 ; dt =  7857.5 sec
power : iter =    394 ; delta = 1.317976e-04 ; dt =  7877.5 sec
power : iter =    395 ; delta = 1.303680e-04 ; dt =  7897.4 sec
power : iter =    396 ; delta = 1.289808e-04 ; dt =  7917.4 sec
power : iter =    397 ; delta = 1.275834e-04 ; dt =  7937.4 sec
power : iter =    398 ; delta = 1.262256e-04 ; dt =  7957.4 sec
power : iter =    399 ; delta = 1.248586e-04 ; dt =  7977.4 sec
power : iter =    400 ; delta = 1.235313e-04 ; dt =  7997.4 sec
power : iter =    401 ; delta = 1.221932e-04 ; dt =  8017.4 sec
power : iter =    402 ; delta = 1.208947e-04 ; dt =  8037.4 sec
power : iter =    403 ; delta = 1.195868e-04 ; dt =  8057.4 sec
power : iter =    404 ; delta = 1.183158e-04 ; dt =  8077.4 sec
power : iter =    405 ; delta = 1.170362e-04 ; dt =  8097.4 sec
power : iter =    406 ; delta = 1.157938e-04 ; dt =  8117.4 sec
power : iter =    407 ; delta = 1.145413e-04 ; dt =  8137.4 sec
power : iter =    408 ; delta = 1.133258e-04 ; dt =  8157.4 sec
power : iter =    409 ; delta = 1.121014e-04 ; dt =  8177.4 sec
power : iter =    410 ; delta = 1.109114e-04 ; dt =  8197.4 sec
power : iter =    411 ; delta = 1.097135e-04 ; dt =  8217.4 sec
power : iter =    412 ; delta = 1.085501e-04 ; dt =  8237.4 sec
power : iter =    413 ; delta = 1.073774e-04 ; dt =  8257.3 sec
power : iter =    414 ; delta = 1.062391e-04 ; dt =  8277.3 sec
power : iter =    415 ; delta = 1.050926e-04 ; dt =  8297.3 sec
power : iter =    416 ; delta = 1.039782e-04 ; dt =  8317.3 sec
power : iter =    417 ; delta = 1.028564e-04 ; dt =  8337.3 sec
power : iter =    418 ; delta = 1.017669e-04 ; dt =  8357.3 sec
power : iter =    419 ; delta = 1.006686e-04 ; dt =  8377.3 sec
power : iter =    420 ; delta = 9.960264e-05 ; dt =  8397.3 sec
power : iter =    421 ; delta = 9.852899e-05 ; dt =  8417.3 sec
power : iter =    422 ; delta = 9.748540e-05 ; dt =  8437.3 sec
power : iter =    423 ; delta = 9.643487e-05 ; dt =  8457.3 sec
power : iter =    424 ; delta = 9.541450e-05 ; dt =  8477.3 sec
power : iter =    425 ; delta = 9.438602e-05 ; dt =  8497.3 sec
power : iter =    426 ; delta = 9.338757e-05 ; dt =  8517.3 sec
power : iter =    427 ; delta = 9.238198e-05 ; dt =  8537.3 sec
power : iter =    428 ; delta = 9.140444e-05 ; dt =  8557.3 sec
power : iter =    429 ; delta = 9.042051e-05 ; dt =  8577.3 sec
power : iter =    430 ; delta = 8.946474e-05 ; dt =  8597.3 sec
power : iter =    431 ; delta = 8.850145e-05 ; dt =  8617.3 sec
power : iter =    432 ; delta = 8.756617e-05 ; dt =  8637.3 sec
power : iter =    433 ; delta = 8.662440e-05 ; dt =  8657.3 sec
power : iter =    434 ; delta = 8.570869e-05 ; dt =  8677.3 sec
power : iter =    435 ; delta = 8.478716e-05 ; dt =  8697.3 sec
power : iter =    436 ; delta = 8.389177e-05 ; dt =  8717.3 sec
power : iter =    437 ; delta = 8.298954e-05 ; dt =  8737.3 sec
power : iter =    438 ; delta = 8.211335e-05 ; dt =  8757.3 sec
power : iter =    439 ; delta = 8.123126e-05 ; dt =  8777.3 sec
power : iter =    440 ; delta = 8.037347e-05 ; dt =  8797.3 sec
power : iter =    441 ; delta = 7.951028e-05 ; dt =  8817.3 sec
power : iter =    442 ; delta = 7.867150e-05 ; dt =  8837.3 sec
power : iter =    443 ; delta = 7.782636e-05 ; dt =  8857.3 sec
power : iter =    444 ; delta = 7.700552e-05 ; dt =  8877.3 sec
power : iter =    445 ; delta = 7.617911e-05 ; dt =  8897.3 sec
power : iter =    446 ; delta = 7.537541e-05 ; dt =  8917.3 sec
power : iter =    447 ; delta = 7.456670e-05 ; dt =  8937.3 sec
power : iter =    448 ; delta = 7.378080e-05 ; dt =  8957.3 sec
power : iter =    449 ; delta = 7.298897e-05 ; dt =  8977.3 sec
power : iter =    450 ; delta = 7.221987e-05 ; dt =  8997.3 sec
power : iter =    451 ; delta = 7.144559e-05 ; dt =  9017.3 sec
power : iter =    452 ; delta = 7.069252e-05 ; dt =  9037.3 sec
power : iter =    453 ; delta = 6.993477e-05 ; dt =  9057.3 sec
power : iter =    454 ; delta = 6.919835e-05 ; dt =  9077.3 sec
power : iter =    455 ; delta = 6.845642e-05 ; dt =  9097.3 sec
power : iter =    456 ; delta = 6.773573e-05 ; dt =  9117.3 sec
power : iter =    457 ; delta = 6.701021e-05 ; dt =  9137.3 sec
power : iter =    458 ; delta = 6.630452e-05 ; dt =  9157.3 sec
power : iter =    459 ; delta = 6.559449e-05 ; dt =  9177.3 sec
power : iter =    460 ; delta = 6.490438e-05 ; dt =  9197.3 sec
power : iter =    461 ; delta = 6.420913e-05 ; dt =  9217.3 sec
power : iter =    462 ; delta = 6.353371e-05 ; dt =  9237.3 sec
power : iter =    463 ; delta = 6.285381e-05 ; dt =  9257.3 sec
power : iter =    464 ; delta = 6.219243e-05 ; dt =  9277.3 sec
power : iter =    465 ; delta = 6.152701e-05 ; dt =  9297.3 sec
power : iter =    466 ; delta = 6.088021e-05 ; dt =  9317.3 sec
power : iter =    467 ; delta = 6.022863e-05 ; dt =  9337.3 sec
power : iter =    468 ; delta = 5.959560e-05 ; dt =  9357.3 sec
power : iter =    469 ; delta = 5.895838e-05 ; dt =  9377.3 sec
power : iter =    470 ; delta = 5.833849e-05 ; dt =  9397.3 sec
power : iter =    471 ; delta = 5.771485e-05 ; dt =  9417.3 sec
power : iter =    472 ; delta = 5.710861e-05 ; dt =  9437.2 sec
power : iter =    473 ; delta = 5.649792e-05 ; dt =  9457.2 sec
power : iter =    474 ; delta = 5.590456e-05 ; dt =  9477.2 sec
power : iter =    475 ; delta = 5.530732e-05 ; dt =  9497.2 sec
power : iter =    476 ; delta = 5.472627e-05 ; dt =  9517.2 sec
power : iter =    477 ; delta = 5.414173e-05 ; dt =  9537.2 sec
power : iter =    478 ; delta = 5.357345e-05 ; dt =  9557.2 sec
power : iter =    479 ; delta = 5.300105e-05 ; dt =  9577.2 sec
power : iter =    480 ; delta = 5.244485e-05 ; dt =  9597.2 sec
power : iter =    481 ; delta = 5.188505e-05 ; dt =  9617.2 sec
power : iter =    482 ; delta = 5.134038e-05 ; dt =  9637.2 sec
power : iter =    483 ; delta = 5.079248e-05 ; dt =  9657.2 sec
power : iter =    484 ; delta = 5.025979e-05 ; dt =  9677.2 sec
power : iter =    485 ; delta = 4.972328e-05 ; dt =  9697.2 sec
power : iter =    486 ; delta = 4.920192e-05 ; dt =  9717.2 sec
power : iter =    487 ; delta = 4.867721e-05 ; dt =  9737.2 sec
power : iter =    488 ; delta = 4.816665e-05 ; dt =  9757.2 sec
power : iter =    489 ; delta = 4.765308e-05 ; dt =  9777.2 sec
power : iter =    490 ; delta = 4.715372e-05 ; dt =  9797.2 sec
power : iter =    491 ; delta = 4.665079e-05 ; dt =  9817.2 sec
power : iter =    492 ; delta = 4.616202e-05 ; dt =  9837.2 sec
power : iter =    493 ; delta = 4.567013e-05 ; dt =  9857.2 sec
power : iter =    494 ; delta = 4.519147e-05 ; dt =  9877.1 sec
power : iter =    495 ; delta = 4.471000e-05 ; dt =  9897.1 sec
power : iter =    496 ; delta = 4.424183e-05 ; dt =  9917.1 sec
power : iter =    497 ; delta = 4.377032e-05 ; dt =  9937.1 sec
power : iter =    498 ; delta = 4.331207e-05 ; dt =  9957.1 sec
power : iter =    499 ; delta = 4.285090e-05 ; dt =  9977.1 sec
power : iter =    500 ; delta = 4.240212e-05 ; dt =  9997.1 sec
power : iter =    501 ; delta = 4.195075e-05 ; dt = 10017.1 sec
power : iter =    502 ; delta = 4.151182e-05 ; dt = 10037.1 sec
power : iter =    503 ; delta = 4.106979e-05 ; dt = 10057.1 sec
power : iter =    504 ; delta = 4.064016e-05 ; dt = 10077.1 sec
power : iter =    505 ; delta = 4.020787e-05 ; dt = 10097.1 sec
power : iter =    506 ; delta = 3.978722e-05 ; dt = 10117.1 sec
power : iter =    507 ; delta = 3.936415e-05 ; dt = 10137.1 sec
power : iter =    508 ; delta = 3.895271e-05 ; dt = 10157.0 sec
power : iter =    509 ; delta = 3.853839e-05 ; dt = 10177.0 sec
power : iter =    510 ; delta = 3.813563e-05 ; dt = 10197.0 sec
power : iter =    511 ; delta = 3.773036e-05 ; dt = 10217.0 sec
power : iter =    512 ; delta = 3.733592e-05 ; dt = 10237.0 sec
power : iter =    513 ; delta = 3.693921e-05 ; dt = 10257.0 sec
power : iter =    514 ; delta = 3.655338e-05 ; dt = 10277.0 sec
power : iter =    515 ; delta = 3.616486e-05 ; dt = 10297.0 sec
power : iter =    516 ; delta = 3.578718e-05 ; dt = 10317.0 sec
power : iter =    517 ; delta = 3.540715e-05 ; dt = 10337.0 sec
power : iter =    518 ; delta = 3.503726e-05 ; dt = 10357.0 sec
power : iter =    519 ; delta = 3.466527e-05 ; dt = 10376.9 sec
power : iter =    520 ; delta = 3.430344e-05 ; dt = 10396.9 sec
power : iter =    521 ; delta = 3.393911e-05 ; dt = 10416.9 sec
power : iter =    522 ; delta = 3.358491e-05 ; dt = 10436.9 sec
power : iter =    523 ; delta = 3.322853e-05 ; dt = 10456.9 sec
power : iter =    524 ; delta = 3.288161e-05 ; dt = 10476.9 sec
power : iter =    525 ; delta = 3.253275e-05 ; dt = 10496.9 sec
power : iter =    526 ; delta = 3.219339e-05 ; dt = 10516.9 sec
power : iter =    527 ; delta = 3.185172e-05 ; dt = 10536.9 sec
power : iter =    528 ; delta = 3.151950e-05 ; dt = 10556.9 sec
power : iter =    529 ; delta = 3.118527e-05 ; dt = 10576.9 sec
power : iter =    530 ; delta = 3.085988e-05 ; dt = 10596.9 sec
power : iter =    531 ; delta = 3.053269e-05 ; dt = 10616.9 sec
power : iter =    532 ; delta = 3.021438e-05 ; dt = 10636.9 sec
power : iter =    533 ; delta = 2.989392e-05 ; dt = 10656.9 sec
power : iter =    534 ; delta = 2.958231e-05 ; dt = 10676.8 sec
power : iter =    535 ; delta = 2.926883e-05 ; dt = 10696.8 sec
power : iter =    536 ; delta = 2.896362e-05 ; dt = 10716.8 sec
power : iter =    537 ; delta = 2.865674e-05 ; dt = 10736.8 sec
power : iter =    538 ; delta = 2.835817e-05 ; dt = 10756.8 sec
power : iter =    539 ; delta = 2.805760e-05 ; dt = 10776.8 sec
power : iter =    540 ; delta = 2.776531e-05 ; dt = 10796.8 sec
power : iter =    541 ; delta = 2.747128e-05 ; dt = 10816.8 sec
power : iter =    542 ; delta = 2.718498e-05 ; dt = 10836.8 sec
power : iter =    543 ; delta = 2.689714e-05 ; dt = 10856.8 sec
power : iter =    544 ; delta = 2.661707e-05 ; dt = 10876.8 sec
power : iter =    545 ; delta = 2.633513e-05 ; dt = 10896.8 sec
power : iter =    546 ; delta = 2.606094e-05 ; dt = 10916.8 sec
power : iter =    547 ; delta = 2.578514e-05 ; dt = 10936.8 sec
power : iter =    548 ; delta = 2.551657e-05 ; dt = 10956.9 sec
power : iter =    549 ; delta = 2.524656e-05 ; dt = 10976.8 sec
power : iter =    550 ; delta = 2.498384e-05 ; dt = 10996.8 sec
power : iter =    551 ; delta = 2.471938e-05 ; dt = 11016.8 sec
power : iter =    552 ; delta = 2.446218e-05 ; dt = 11036.8 sec
power : iter =    553 ; delta = 2.420347e-05 ; dt = 11056.8 sec
power : iter =    554 ; delta = 2.395154e-05 ; dt = 11076.8 sec
power : iter =    555 ; delta = 2.369827e-05 ; dt = 11096.8 sec
power : iter =    556 ; delta = 2.345180e-05 ; dt = 11116.8 sec
power : iter =    557 ; delta = 2.320373e-05 ; dt = 11136.8 sec
power : iter =    558 ; delta = 2.296243e-05 ; dt = 11156.8 sec
power : iter =    559 ; delta = 2.271974e-05 ; dt = 11176.8 sec
power : iter =    560 ; delta = 2.248339e-05 ; dt = 11196.8 sec
power : iter =    561 ; delta = 2.224578e-05 ; dt = 11216.8 sec
power : iter =    562 ; delta = 2.201455e-05 ; dt = 11236.8 sec
power : iter =    563 ; delta = 2.178182e-05 ; dt = 11256.8 sec
power : iter =    564 ; delta = 2.155543e-05 ; dt = 11276.8 sec
power : iter =    565 ; delta = 2.132774e-05 ; dt = 11296.8 sec
power : iter =    566 ; delta = 2.110599e-05 ; dt = 11316.8 sec
power : iter =    567 ; delta = 2.088308e-05 ; dt = 11336.8 sec
power : iter =    568 ; delta = 2.066614e-05 ; dt = 11356.8 sec
power : iter =    569 ; delta = 2.044780e-05 ; dt = 11376.8 sec
power : iter =    570 ; delta = 2.023541e-05 ; dt = 11396.8 sec
power : iter =    571 ; delta = 2.002181e-05 ; dt = 11416.8 sec
power : iter =    572 ; delta = 1.981376e-05 ; dt = 11436.8 sec
power : iter =    573 ; delta = 1.960464e-05 ; dt = 11456.8 sec
power : iter =    574 ; delta = 1.940109e-05 ; dt = 11476.8 sec
power : iter =    575 ; delta = 1.919625e-05 ; dt = 11496.8 sec
power : iter =    576 ; delta = 1.899695e-05 ; dt = 11516.8 sec
power : iter =    577 ; delta = 1.879655e-05 ; dt = 11536.8 sec
power : iter =    578 ; delta = 1.860132e-05 ; dt = 11556.8 sec
power : iter =    579 ; delta = 1.840511e-05 ; dt = 11576.7 sec
power : iter =    580 ; delta = 1.821411e-05 ; dt = 11596.7 sec
power : iter =    581 ; delta = 1.802191e-05 ; dt = 11616.7 sec
power : iter =    582 ; delta = 1.783489e-05 ; dt = 11636.6 sec
power : iter =    583 ; delta = 1.764685e-05 ; dt = 11656.6 sec
power : iter =    584 ; delta = 1.746366e-05 ; dt = 11676.6 sec
power : iter =    585 ; delta = 1.727955e-05 ; dt = 11696.6 sec
power : iter =    586 ; delta = 1.710032e-05 ; dt = 11716.5 sec
power : iter =    587 ; delta = 1.691997e-05 ; dt = 11736.5 sec
power : iter =    588 ; delta = 1.674448e-05 ; dt = 11756.5 sec
power : iter =    589 ; delta = 1.656803e-05 ; dt = 11776.5 sec
power : iter =    590 ; delta = 1.639613e-05 ; dt = 11796.5 sec
power : iter =    591 ; delta = 1.622337e-05 ; dt = 11816.5 sec
power : iter =    592 ; delta = 1.605517e-05 ; dt = 11836.5 sec
power : iter =    593 ; delta = 1.588594e-05 ; dt = 11856.4 sec
power : iter =    594 ; delta = 1.572125e-05 ; dt = 11876.4 sec
power : iter =    595 ; delta = 1.555568e-05 ; dt = 11896.4 sec
power : iter =    596 ; delta = 1.539435e-05 ; dt = 11916.4 sec
power : iter =    597 ; delta = 1.523224e-05 ; dt = 11936.4 sec
power : iter =    598 ; delta = 1.507439e-05 ; dt = 11956.4 sec
power : iter =    599 ; delta = 1.491559e-05 ; dt = 11976.4 sec
power : iter =    600 ; delta = 1.476103e-05 ; dt = 11996.4 sec
power : iter =    601 ; delta = 1.460566e-05 ; dt = 12016.4 sec
power : iter =    602 ; delta = 1.445425e-05 ; dt = 12036.4 sec
power : iter =    603 ; delta = 1.430212e-05 ; dt = 12056.4 sec
power : iter =    604 ; delta = 1.415398e-05 ; dt = 12076.4 sec
power : iter =    605 ; delta = 1.400495e-05 ; dt = 12096.4 sec
power : iter =    606 ; delta = 1.385990e-05 ; dt = 12116.4 sec
power : iter =    607 ; delta = 1.371408e-05 ; dt = 12136.3 sec
power : iter =    608 ; delta = 1.357199e-05 ; dt = 12156.3 sec
power : iter =    609 ; delta = 1.342921e-05 ; dt = 12176.3 sec
power : iter =    610 ; delta = 1.329018e-05 ; dt = 12196.3 sec
power : iter =    611 ; delta = 1.315032e-05 ; dt = 12216.3 sec
power : iter =    612 ; delta = 1.301417e-05 ; dt = 12236.2 sec
power : iter =    613 ; delta = 1.287733e-05 ; dt = 12256.2 sec
power : iter =    614 ; delta = 1.274396e-05 ; dt = 12276.2 sec
power : iter =    615 ; delta = 1.260997e-05 ; dt = 12296.2 sec
power : iter =    616 ; delta = 1.247947e-05 ; dt = 12316.2 sec
power : iter =    617 ; delta = 1.234821e-05 ; dt = 12336.2 sec
power : iter =    618 ; delta = 1.222043e-05 ; dt = 12356.2 sec
power : iter =    619 ; delta = 1.209200e-05 ; dt = 12376.2 sec
power : iter =    620 ; delta = 1.196682e-05 ; dt = 12396.2 sec
power : iter =    621 ; delta = 1.184107e-05 ; dt = 12416.2 sec
power : iter =    622 ; delta = 1.171859e-05 ; dt = 12436.2 sec
power : iter =    623 ; delta = 1.159540e-05 ; dt = 12456.2 sec
power : iter =    624 ; delta = 1.147547e-05 ; dt = 12476.2 sec
power : iter =    625 ; delta = 1.135493e-05 ; dt = 12496.3 sec
power : iter =    626 ; delta = 1.123743e-05 ; dt = 12516.3 sec
power : iter =    627 ; delta = 1.111941e-05 ; dt = 12536.3 sec
power : iter =    628 ; delta = 1.100444e-05 ; dt = 12556.3 sec
power : iter =    629 ; delta = 1.088881e-05 ; dt = 12576.3 sec
power : iter =    630 ; delta = 1.077623e-05 ; dt = 12596.3 sec
power : iter =    631 ; delta = 1.066309e-05 ; dt = 12616.3 sec
power : iter =    632 ; delta = 1.055280e-05 ; dt = 12636.3 sec
power : iter =    633 ; delta = 1.044202e-05 ; dt = 12656.2 sec
power : iter =    634 ; delta = 1.033410e-05 ; dt = 12676.2 sec
power : iter =    635 ; delta = 1.022557e-05 ; dt = 12696.2 sec
power : iter =    636 ; delta = 1.011989e-05 ; dt = 12716.2 sec
power : iter =    637 ; delta = 1.001370e-05 ; dt = 12736.2 sec
power : iter =    638 ; delta = 9.910173e-06 ; dt = 12756.2 sec
power : iter =    639 ; delta = 9.806189e-06 ; dt = 12776.2 sec
power : iter =    640 ; delta = 9.704884e-06 ; dt = 12796.2 sec
power : iter =    641 ; delta = 9.603018e-06 ; dt = 12816.2 sec
power : iter =    642 ; delta = 9.503819e-06 ; dt = 12836.2 sec
power : iter =    643 ; delta = 9.404143e-06 ; dt = 12856.2 sec
power : iter =    644 ; delta = 9.306961e-06 ; dt = 12876.2 sec
power : iter =    645 ; delta = 9.209356e-06 ; dt = 12896.2 sec
power : iter =    646 ; delta = 9.114257e-06 ; dt = 12916.2 sec
power : iter =    647 ; delta = 9.018637e-06 ; dt = 12936.2 sec
power : iter =    648 ; delta = 8.925512e-06 ; dt = 12956.2 sec
power : iter =    649 ; delta = 8.831943e-06 ; dt = 12976.2 sec
power : iter =    650 ; delta = 8.740709e-06 ; dt = 12996.2 sec
power : iter =    651 ; delta = 8.649084e-06 ; dt = 13016.2 sec
power : iter =    652 ; delta = 8.559804e-06 ; dt = 13036.1 sec
power : iter =    653 ; delta = 8.470041e-06 ; dt = 13056.1 sec
power : iter =    654 ; delta = 8.382614e-06 ; dt = 13076.2 sec
power : iter =    655 ; delta = 8.294776e-06 ; dt = 13096.2 sec
power : iter =    656 ; delta = 8.209122e-06 ; dt = 13116.2 sec
power : iter =    657 ; delta = 8.123108e-06 ; dt = 13136.2 sec
power : iter =    658 ; delta = 8.039288e-06 ; dt = 13156.2 sec
power : iter =    659 ; delta = 7.955021e-06 ; dt = 13176.2 sec
power : iter =    660 ; delta = 7.872939e-06 ; dt = 13196.2 sec
power : iter =    661 ; delta = 7.790478e-06 ; dt = 13216.2 sec
power : iter =    662 ; delta = 7.710061e-06 ; dt = 13236.2 sec
power : iter =    663 ; delta = 7.629311e-06 ; dt = 13256.2 sec
power : iter =    664 ; delta = 7.550615e-06 ; dt = 13276.2 sec
power : iter =    665 ; delta = 7.471505e-06 ; dt = 13296.2 sec
power : iter =    666 ; delta = 7.394440e-06 ; dt = 13316.1 sec
power : iter =    667 ; delta = 7.317023e-06 ; dt = 13336.1 sec
power : iter =    668 ; delta = 7.241521e-06 ; dt = 13356.0 sec
power : iter =    669 ; delta = 7.165710e-06 ; dt = 13376.0 sec
power : iter =    670 ; delta = 7.091822e-06 ; dt = 13396.0 sec
power : iter =    671 ; delta = 7.017551e-06 ; dt = 13416.0 sec
power : iter =    672 ; delta = 6.945192e-06 ; dt = 13436.0 sec
power : iter =    673 ; delta = 6.872510e-06 ; dt = 13456.0 sec
power : iter =    674 ; delta = 6.801621e-06 ; dt = 13476.0 sec
power : iter =    675 ; delta = 6.730449e-06 ; dt = 13496.0 sec
power : iter =    676 ; delta = 6.661075e-06 ; dt = 13516.0 sec
power : iter =    677 ; delta = 6.591348e-06 ; dt = 13536.0 sec
power : iter =    678 ; delta = 6.523410e-06 ; dt = 13556.0 sec
power : iter =    679 ; delta = 6.455174e-06 ; dt = 13576.0 sec
power : iter =    680 ; delta = 6.388615e-06 ; dt = 13596.0 sec
power : iter =    681 ; delta = 6.321794e-06 ; dt = 13616.0 sec
power : iter =    682 ; delta = 6.256656e-06 ; dt = 13636.0 sec
power : iter =    683 ; delta = 6.191191e-06 ; dt = 13656.0 sec
power : iter =    684 ; delta = 6.127401e-06 ; dt = 13676.0 sec
power : iter =    685 ; delta = 6.063336e-06 ; dt = 13695.9 sec
power : iter =    686 ; delta = 6.000840e-06 ; dt = 13715.9 sec
power : iter =    687 ; delta = 5.938102e-06 ; dt = 13735.9 sec
power : iter =    688 ; delta = 5.876940e-06 ; dt = 13755.9 sec
power : iter =    689 ; delta = 5.815474e-06 ; dt = 13775.9 sec
power : iter =    690 ; delta = 5.755576e-06 ; dt = 13795.9 sec
power : iter =    691 ; delta = 5.695423e-06 ; dt = 13815.9 sec
power : iter =    692 ; delta = 5.636739e-06 ; dt = 13835.9 sec
power : iter =    693 ; delta = 5.577832e-06 ; dt = 13855.8 sec
power : iter =    694 ; delta = 5.520400e-06 ; dt = 13875.8 sec
power : iter =    695 ; delta = 5.462687e-06 ; dt = 13895.8 sec
power : iter =    696 ; delta = 5.406442e-06 ; dt = 13915.8 sec
power : iter =    697 ; delta = 5.349961e-06 ; dt = 13935.8 sec
power : iter =    698 ; delta = 5.294854e-06 ; dt = 13955.8 sec
power : iter =    699 ; delta = 5.239542e-06 ; dt = 13975.8 sec
power : iter =    700 ; delta = 5.185610e-06 ; dt = 13995.8 sec
power : iter =    701 ; delta = 5.131419e-06 ; dt = 14015.8 sec
power : iter =    702 ; delta = 5.078603e-06 ; dt = 14035.8 sec
power : iter =    703 ; delta = 5.025568e-06 ; dt = 14055.8 sec
power : iter =    704 ; delta = 4.973821e-06 ; dt = 14075.8 sec
power : iter =    705 ; delta = 4.921885e-06 ; dt = 14095.8 sec
power : iter =    706 ; delta = 4.871241e-06 ; dt = 14115.8 sec
power : iter =    707 ; delta = 4.820358e-06 ; dt = 14135.8 sec
power : iter =    708 ; delta = 4.770760e-06 ; dt = 14155.8 sec
power : iter =    709 ; delta = 4.720961e-06 ; dt = 14175.8 sec
power : iter =    710 ; delta = 4.672366e-06 ; dt = 14195.9 sec
power : iter =    711 ; delta = 4.623597e-06 ; dt = 14215.8 sec
power : iter =    712 ; delta = 4.576037e-06 ; dt = 14235.8 sec
power : iter =    713 ; delta = 4.528256e-06 ; dt = 14255.8 sec
power : iter =    714 ; delta = 4.481678e-06 ; dt = 14275.8 sec
power : iter =    715 ; delta = 4.434915e-06 ; dt = 14295.8 sec
power : iter =    716 ; delta = 4.389279e-06 ; dt = 14315.8 sec
power : iter =    717 ; delta = 4.343482e-06 ; dt = 14335.8 sec
power : iter =    718 ; delta = 4.298818e-06 ; dt = 14355.7 sec
power : iter =    719 ; delta = 4.253949e-06 ; dt = 14375.7 sec
power : iter =    720 ; delta = 4.210206e-06 ; dt = 14395.7 sec
power : iter =    721 ; delta = 4.166293e-06 ; dt = 14415.8 sec
power : iter =    722 ; delta = 4.123434e-06 ; dt = 14435.8 sec
power : iter =    723 ; delta = 4.080428e-06 ; dt = 14455.7 sec
power : iter =    724 ; delta = 4.038480e-06 ; dt = 14475.7 sec
power : iter =    725 ; delta = 3.996346e-06 ; dt = 14495.7 sec
power : iter =    726 ; delta = 3.955265e-06 ; dt = 14515.7 sec
power : iter =    727 ; delta = 3.914028e-06 ; dt = 14535.7 sec
power : iter =    728 ; delta = 3.873778e-06 ; dt = 14555.7 sec
power : iter =    729 ; delta = 3.833393e-06 ; dt = 14575.7 sec
power : iter =    730 ; delta = 3.794001e-06 ; dt = 14595.7 sec
power : iter =    731 ; delta = 3.754433e-06 ; dt = 14615.7 sec
power : iter =    732 ; delta = 3.715852e-06 ; dt = 14635.6 sec
power : iter =    733 ; delta = 3.677127e-06 ; dt = 14655.6 sec
power : iter =    734 ; delta = 3.639325e-06 ; dt = 14675.6 sec
power : iter =    735 ; delta = 3.601398e-06 ; dt = 14695.6 sec
power : iter =    736 ; delta = 3.564400e-06 ; dt = 14715.5 sec
power : iter =    737 ; delta = 3.527242e-06 ; dt = 14735.5 sec
power : iter =    738 ; delta = 3.491006e-06 ; dt = 14755.5 sec
power : iter =    739 ; delta = 3.454637e-06 ; dt = 14775.5 sec
power : iter =    740 ; delta = 3.419134e-06 ; dt = 14795.5 sec
power : iter =    741 ; delta = 3.383515e-06 ; dt = 14815.5 sec
power : iter =    742 ; delta = 3.348765e-06 ; dt = 14835.4 sec
power : iter =    743 ; delta = 3.313867e-06 ; dt = 14855.4 sec
power : iter =    744 ; delta = 3.279833e-06 ; dt = 14875.4 sec
power : iter =    745 ; delta = 3.245677e-06 ; dt = 14895.4 sec
power : iter =    746 ; delta = 3.212331e-06 ; dt = 14915.4 sec
power : iter =    747 ; delta = 3.178879e-06 ; dt = 14935.4 sec
power : iter =    748 ; delta = 3.146241e-06 ; dt = 14955.4 sec
power : iter =    749 ; delta = 3.113465e-06 ; dt = 14975.4 sec
power : iter =    750 ; delta = 3.081498e-06 ; dt = 14995.4 sec
power : iter =    751 ; delta = 3.049419e-06 ; dt = 15015.4 sec
power : iter =    752 ; delta = 3.018098e-06 ; dt = 15035.4 sec
power : iter =    753 ; delta = 2.986680e-06 ; dt = 15055.4 sec
power : iter =    754 ; delta = 2.956024e-06 ; dt = 15075.4 sec
power : iter =    755 ; delta = 2.925241e-06 ; dt = 15095.4 sec
power : iter =    756 ; delta = 2.895215e-06 ; dt = 15115.4 sec
power : iter =    757 ; delta = 2.865085e-06 ; dt = 15135.4 sec
power : iter =    758 ; delta = 2.835665e-06 ; dt = 15155.4 sec
power : iter =    759 ; delta = 2.806156e-06 ; dt = 15175.4 sec
power : iter =    760 ; delta = 2.777360e-06 ; dt = 15195.4 sec
power : iter =    761 ; delta = 2.748447e-06 ; dt = 15215.4 sec
power : iter =    762 ; delta = 2.720244e-06 ; dt = 15235.4 sec
power : iter =    763 ; delta = 2.691944e-06 ; dt = 15255.4 sec
power : iter =    764 ; delta = 2.664310e-06 ; dt = 15275.4 sec
power : iter =    765 ; delta = 2.636593e-06 ; dt = 15295.4 sec
power : iter =    766 ; delta = 2.609544e-06 ; dt = 15315.4 sec
power : iter =    767 ; delta = 2.582388e-06 ; dt = 15335.4 sec
power : iter =    768 ; delta = 2.555896e-06 ; dt = 15355.4 sec
power : iter =    769 ; delta = 2.529316e-06 ; dt = 15375.4 sec
power : iter =    770 ; delta = 2.503358e-06 ; dt = 15395.4 sec
power : iter =    771 ; delta = 2.477325e-06 ; dt = 15415.4 sec
power : iter =    772 ; delta = 2.451917e-06 ; dt = 15435.4 sec
power : iter =    773 ; delta = 2.426410e-06 ; dt = 15455.4 sec
power : iter =    774 ; delta = 2.401525e-06 ; dt = 15475.4 sec
power : iter =    775 ; delta = 2.376559e-06 ; dt = 15495.4 sec
power : iter =    776 ; delta = 2.352175e-06 ; dt = 15515.4 sec
power : iter =    777 ; delta = 2.327722e-06 ; dt = 15535.4 sec
power : iter =    778 ; delta = 2.303854e-06 ; dt = 15555.4 sec
power : iter =    779 ; delta = 2.279896e-06 ; dt = 15575.4 sec
power : iter =    780 ; delta = 2.256519e-06 ; dt = 15595.3 sec
power : iter =    781 ; delta = 2.233067e-06 ; dt = 15615.3 sec
power : iter =    782 ; delta = 2.210161e-06 ; dt = 15635.3 sec
power : iter =    783 ; delta = 2.187193e-06 ; dt = 15655.3 sec
power : iter =    784 ; delta = 2.164772e-06 ; dt = 15675.3 sec
power : iter =    785 ; delta = 2.142267e-06 ; dt = 15695.3 sec
power : iter =    786 ; delta = 2.120306e-06 ; dt = 15715.3 sec
power : iter =    787 ; delta = 2.098278e-06 ; dt = 15735.3 sec
power : iter =    788 ; delta = 2.076760e-06 ; dt = 15755.3 sec
power : iter =    789 ; delta = 2.055185e-06 ; dt = 15775.3 sec
power : iter =    790 ; delta = 2.034122e-06 ; dt = 15795.3 sec
power : iter =    791 ; delta = 2.012982e-06 ; dt = 15815.2 sec
power : iter =    792 ; delta = 1.992352e-06 ; dt = 15835.2 sec
power : iter =    793 ; delta = 1.971660e-06 ; dt = 15855.2 sec
power : iter =    794 ; delta = 1.951446e-06 ; dt = 15875.2 sec
power : iter =    795 ; delta = 1.931179e-06 ; dt = 15895.2 sec
power : iter =    796 ; delta = 1.911392e-06 ; dt = 15915.1 sec
power : iter =    797 ; delta = 1.891533e-06 ; dt = 15935.1 sec
power : iter =    798 ; delta = 1.872153e-06 ; dt = 15955.1 sec
power : iter =    799 ; delta = 1.852714e-06 ; dt = 15975.1 sec
power : iter =    800 ; delta = 1.833724e-06 ; dt = 15995.1 sec
power : iter =    801 ; delta = 1.814685e-06 ; dt = 16015.1 sec
power : iter =    802 ; delta = 1.796096e-06 ; dt = 16035.0 sec
power : iter =    803 ; delta = 1.777441e-06 ; dt = 16055.0 sec
power : iter =    804 ; delta = 1.759234e-06 ; dt = 16075.0 sec
power : iter =    805 ; delta = 1.740973e-06 ; dt = 16095.0 sec
power : iter =    806 ; delta = 1.723132e-06 ; dt = 16115.0 sec
power : iter =    807 ; delta = 1.705247e-06 ; dt = 16135.0 sec
power : iter =    808 ; delta = 1.687783e-06 ; dt = 16155.0 sec
power : iter =    809 ; delta = 1.670258e-06 ; dt = 16175.0 sec
power : iter =    810 ; delta = 1.653152e-06 ; dt = 16195.0 sec
power : iter =    811 ; delta = 1.635998e-06 ; dt = 16215.0 sec
power : iter =    812 ; delta = 1.619236e-06 ; dt = 16235.0 sec
power : iter =    813 ; delta = 1.602435e-06 ; dt = 16255.0 sec
power : iter =    814 ; delta = 1.586027e-06 ; dt = 16275.0 sec
power : iter =    815 ; delta = 1.569564e-06 ; dt = 16294.9 sec
power : iter =    816 ; delta = 1.553493e-06 ; dt = 16314.9 sec
power : iter =    817 ; delta = 1.537378e-06 ; dt = 16334.9 sec
power : iter =    818 ; delta = 1.521630e-06 ; dt = 16354.9 sec
power : iter =    819 ; delta = 1.505847e-06 ; dt = 16374.9 sec
power : iter =    820 ; delta = 1.490432e-06 ; dt = 16394.9 sec
power : iter =    821 ; delta = 1.474966e-06 ; dt = 16414.9 sec
power : iter =    822 ; delta = 1.459867e-06 ; dt = 16434.9 sec
power : iter =    823 ; delta = 1.444728e-06 ; dt = 16454.9 sec
power : iter =    824 ; delta = 1.429933e-06 ; dt = 16474.9 sec
power : iter =    825 ; delta = 1.415105e-06 ; dt = 16494.9 sec
power : iter =    826 ; delta = 1.400622e-06 ; dt = 16514.9 sec
power : iter =    827 ; delta = 1.386093e-06 ; dt = 16534.9 sec
power : iter =    828 ; delta = 1.371907e-06 ; dt = 16554.9 sec
power : iter =    829 ; delta = 1.357685e-06 ; dt = 16574.8 sec
power : iter =    830 ; delta = 1.343785e-06 ; dt = 16594.8 sec
power : iter =    831 ; delta = 1.329854e-06 ; dt = 16614.7 sec
power : iter =    832 ; delta = 1.316247e-06 ; dt = 16634.7 sec
power : iter =    833 ; delta = 1.302597e-06 ; dt = 16654.7 sec
power : iter =    834 ; delta = 1.289269e-06 ; dt = 16674.7 sec
power : iter =    835 ; delta = 1.275907e-06 ; dt = 16694.6 sec
power : iter =    836 ; delta = 1.262847e-06 ; dt = 16714.6 sec
power : iter =    837 ; delta = 1.249760e-06 ; dt = 16734.6 sec
power : iter =    838 ; delta = 1.236975e-06 ; dt = 16754.6 sec
power : iter =    839 ; delta = 1.224151e-06 ; dt = 16774.5 sec
power : iter =    840 ; delta = 1.211628e-06 ; dt = 16794.5 sec
power : iter =    841 ; delta = 1.199074e-06 ; dt = 16814.5 sec
power : iter =    842 ; delta = 1.186803e-06 ; dt = 16834.5 sec
power : iter =    843 ; delta = 1.174506e-06 ; dt = 16854.4 sec
power : iter =    844 ; delta = 1.162494e-06 ; dt = 16874.4 sec
power : iter =    845 ; delta = 1.150445e-06 ; dt = 16894.4 sec
power : iter =    846 ; delta = 1.138678e-06 ; dt = 16914.4 sec
power : iter =    847 ; delta = 1.126884e-06 ; dt = 16934.4 sec
power : iter =    848 ; delta = 1.115353e-06 ; dt = 16954.4 sec
power : iter =    849 ; delta = 1.103801e-06 ; dt = 16974.4 sec
power : iter =    850 ; delta = 1.092513e-06 ; dt = 16994.4 sec
power : iter =    851 ; delta = 1.081193e-06 ; dt = 17014.4 sec
power : iter =    852 ; delta = 1.070137e-06 ; dt = 17034.4 sec
power : iter =    853 ; delta = 1.059055e-06 ; dt = 17054.4 sec
power : iter =    854 ; delta = 1.048221e-06 ; dt = 17074.4 sec
power : iter =    855 ; delta = 1.037366e-06 ; dt = 17094.4 sec
power : iter =    856 ; delta = 1.026760e-06 ; dt = 17114.3 sec
power : iter =    857 ; delta = 1.016124e-06 ; dt = 17134.3 sec
power : iter =    858 ; delta = 1.005735e-06 ; dt = 17154.3 sec
power : iter =    859 ; delta = 9.953233e-07 ; dt = 17174.2 sec
power : iter =    860 ; delta = 9.851432e-07 ; dt = 17194.2 sec
power : iter =    861 ; delta = 9.749446e-07 ; dt = 17214.1 sec
power : iter =    862 ; delta = 9.649786e-07 ; dt = 17234.1 sec
power : iter =    863 ; delta = 9.549853e-07 ; dt = 17254.1 sec
power : iter =    864 ; delta = 9.452232e-07 ; dt = 17274.1 sec
power : iter =    865 ; delta = 9.354403e-07 ; dt = 17294.0 sec
power : iter =    866 ; delta = 9.258744e-07 ; dt = 17314.0 sec
power : iter =    867 ; delta = 9.162920e-07 ; dt = 17334.0 sec
power : iter =    868 ; delta = 9.069272e-07 ; dt = 17354.0 sec
power : iter =    869 ; delta = 8.975376e-07 ; dt = 17374.0 sec
power : iter =    870 ; delta = 8.883645e-07 ; dt = 17394.0 sec
power : iter =    871 ; delta = 8.791725e-07 ; dt = 17414.0 sec
power : iter =    872 ; delta = 8.701836e-07 ; dt = 17434.0 sec
power : iter =    873 ; delta = 8.611799e-07 ; dt = 17454.0 sec
power : iter =    874 ; delta = 8.523800e-07 ; dt = 17474.0 sec
power : iter =    875 ; delta = 8.435575e-07 ; dt = 17494.0 sec
power : iter =    876 ; delta = 8.349376e-07 ; dt = 17514.0 sec
power : iter =    877 ; delta = 8.263006e-07 ; dt = 17534.0 sec
power : iter =    878 ; delta = 8.178539e-07 ; dt = 17553.9 sec
power : iter =    879 ; delta = 8.093938e-07 ; dt = 17573.9 sec
power : iter =    880 ; delta = 8.011246e-07 ; dt = 17593.9 sec
power : iter =    881 ; delta = 7.928347e-07 ; dt = 17613.9 sec
power : iter =    882 ; delta = 7.847346e-07 ; dt = 17633.9 sec
power : iter =    883 ; delta = 7.766190e-07 ; dt = 17653.9 sec
power : iter =    884 ; delta = 7.686817e-07 ; dt = 17673.9 sec
power : iter =    885 ; delta = 7.607322e-07 ; dt = 17693.9 sec
power : iter =    886 ; delta = 7.529616e-07 ; dt = 17713.9 sec
power : iter =    887 ; delta = 7.451720e-07 ; dt = 17733.9 sec
power : iter =    888 ; delta = 7.375602e-07 ; dt = 17753.9 sec
power : iter =    889 ; delta = 7.299345e-07 ; dt = 17773.9 sec
power : iter =    890 ; delta = 7.224756e-07 ; dt = 17793.8 sec
power : iter =    891 ; delta = 7.150060e-07 ; dt = 17813.8 sec
power : iter =    892 ; delta = 7.077037e-07 ; dt = 17833.8 sec
power : iter =    893 ; delta = 7.003843e-07 ; dt = 17853.8 sec
power : iter =    894 ; delta = 6.932313e-07 ; dt = 17873.8 sec
power : iter =    895 ; delta = 6.860657e-07 ; dt = 17893.8 sec
power : iter =    896 ; delta = 6.790564e-07 ; dt = 17913.7 sec
power : iter =    897 ; delta = 6.720374e-07 ; dt = 17933.7 sec
power : iter =    898 ; delta = 6.651752e-07 ; dt = 17953.7 sec
power : iter =    899 ; delta = 6.582974e-07 ; dt = 17973.7 sec
power : iter =    900 ; delta = 6.515754e-07 ; dt = 17993.7 sec
power : iter =    901 ; delta = 6.448421e-07 ; dt = 18013.7 sec
power : iter =    902 ; delta = 6.382551e-07 ; dt = 18033.7 sec
power : iter =    903 ; delta = 6.316595e-07 ; dt = 18053.7 sec
power : iter =    904 ; delta = 6.252107e-07 ; dt = 18073.6 sec
power : iter =    905 ; delta = 6.187478e-07 ; dt = 18093.6 sec
power : iter =    906 ; delta = 6.124308e-07 ; dt = 18113.6 sec
power : iter =    907 ; delta = 6.061037e-07 ; dt = 18133.6 sec
power : iter =    908 ; delta = 5.999135e-07 ; dt = 18153.6 sec
power : iter =    909 ; delta = 5.937158e-07 ; dt = 18173.6 sec
power : iter =    910 ; delta = 5.876555e-07 ; dt = 18193.6 sec
power : iter =    911 ; delta = 5.815823e-07 ; dt = 18213.5 sec
power : iter =    912 ; delta = 5.756457e-07 ; dt = 18233.5 sec
power : iter =    913 ; delta = 5.697001e-07 ; dt = 18253.5 sec
power : iter =    914 ; delta = 5.638827e-07 ; dt = 18273.5 sec
power : iter =    915 ; delta = 5.580586e-07 ; dt = 18293.5 sec
power : iter =    916 ; delta = 5.523631e-07 ; dt = 18313.5 sec
power : iter =    917 ; delta = 5.466561e-07 ; dt = 18333.5 sec
power : iter =    918 ; delta = 5.410769e-07 ; dt = 18353.5 sec
power : iter =    919 ; delta = 5.354896e-07 ; dt = 18373.5 sec
power : iter =    920 ; delta = 5.300225e-07 ; dt = 18393.5 sec
power : iter =    921 ; delta = 5.245494e-07 ; dt = 18413.4 sec
power : iter =    922 ; delta = 5.191969e-07 ; dt = 18433.4 sec
power : iter =    923 ; delta = 5.138338e-07 ; dt = 18453.4 sec
power : iter =    924 ; delta = 5.085905e-07 ; dt = 18473.4 sec
power : iter =    925 ; delta = 5.033399e-07 ; dt = 18493.4 sec
power : iter =    926 ; delta = 4.982019e-07 ; dt = 18513.4 sec
power : iter =    927 ; delta = 4.930586e-07 ; dt = 18533.5 sec
power : iter =    928 ; delta = 4.880282e-07 ; dt = 18553.5 sec
power : iter =    929 ; delta = 4.829883e-07 ; dt = 18573.5 sec
power : iter =    930 ; delta = 4.780605e-07 ; dt = 18593.4 sec
power : iter =    931 ; delta = 4.731263e-07 ; dt = 18613.4 sec
power : iter =    932 ; delta = 4.682974e-07 ; dt = 18633.4 sec
power : iter =    933 ; delta = 4.634640e-07 ; dt = 18653.4 sec
power : iter =    934 ; delta = 4.587363e-07 ; dt = 18673.4 sec
power : iter =    935 ; delta = 4.540000e-07 ; dt = 18693.4 sec
power : iter =    936 ; delta = 4.493687e-07 ; dt = 18713.4 sec
power : iter =    937 ; delta = 4.447316e-07 ; dt = 18733.4 sec
power : iter =    938 ; delta = 4.401933e-07 ; dt = 18753.3 sec
power : iter =    939 ; delta = 4.356510e-07 ; dt = 18773.3 sec
power : iter =    940 ; delta = 4.312076e-07 ; dt = 18793.3 sec
power : iter =    941 ; delta = 4.267566e-07 ; dt = 18813.3 sec
power : iter =    942 ; delta = 4.224039e-07 ; dt = 18833.3 sec
power : iter =    943 ; delta = 4.180461e-07 ; dt = 18853.3 sec
power : iter =    944 ; delta = 4.137807e-07 ; dt = 18873.3 sec
power : iter =    945 ; delta = 4.095119e-07 ; dt = 18893.3 sec
power : iter =    946 ; delta = 4.053358e-07 ; dt = 18913.3 sec
power : iter =    947 ; delta = 4.011528e-07 ; dt = 18933.3 sec
power : iter =    948 ; delta = 3.970619e-07 ; dt = 18953.3 sec
power : iter =    949 ; delta = 3.929664e-07 ; dt = 18973.3 sec
power : iter =    950 ; delta = 3.889576e-07 ; dt = 18993.3 sec
power : iter =    951 ; delta = 3.849458e-07 ; dt = 19013.3 sec
power : iter =    952 ; delta = 3.810208e-07 ; dt = 19033.3 sec
power : iter =    953 ; delta = 3.770896e-07 ; dt = 19053.3 sec
power : iter =    954 ; delta = 3.732446e-07 ; dt = 19073.3 sec
power : iter =    955 ; delta = 3.693957e-07 ; dt = 19093.3 sec
power : iter =    956 ; delta = 3.656279e-07 ; dt = 19113.3 sec
power : iter =    957 ; delta = 3.618575e-07 ; dt = 19133.3 sec
power : iter =    958 ; delta = 3.581685e-07 ; dt = 19153.3 sec
power : iter =    959 ; delta = 3.544739e-07 ; dt = 19173.3 sec
power : iter =    960 ; delta = 3.508600e-07 ; dt = 19193.3 sec
power : iter =    961 ; delta = 3.472427e-07 ; dt = 19213.3 sec
power : iter =    962 ; delta = 3.437014e-07 ; dt = 19233.3 sec
power : iter =    963 ; delta = 3.401579e-07 ; dt = 19253.3 sec
power : iter =    964 ; delta = 3.366906e-07 ; dt = 19273.3 sec
power : iter =    965 ; delta = 3.332183e-07 ; dt = 19293.2 sec
power : iter =    966 ; delta = 3.298216e-07 ; dt = 19313.2 sec
power : iter =    967 ; delta = 3.264219e-07 ; dt = 19333.2 sec
power : iter =    968 ; delta = 3.230934e-07 ; dt = 19353.2 sec
power : iter =    969 ; delta = 3.197631e-07 ; dt = 19373.2 sec
power : iter =    970 ; delta = 3.165041e-07 ; dt = 19393.2 sec
power : iter =    971 ; delta = 3.132407e-07 ; dt = 19413.2 sec
power : iter =    972 ; delta = 3.100481e-07 ; dt = 19433.2 sec
power : iter =    973 ; delta = 3.068530e-07 ; dt = 19453.2 sec
power : iter =    974 ; delta = 3.037245e-07 ; dt = 19473.2 sec
power : iter =    975 ; delta = 3.005945e-07 ; dt = 19493.2 sec
power : iter =    976 ; delta = 2.975313e-07 ; dt = 19513.2 sec
power : iter =    977 ; delta = 2.944642e-07 ; dt = 19533.2 sec
power : iter =    978 ; delta = 2.914635e-07 ; dt = 19553.1 sec
power : iter =    979 ; delta = 2.884605e-07 ; dt = 19573.1 sec
power : iter =    980 ; delta = 2.855199e-07 ; dt = 19593.1 sec
power : iter =    981 ; delta = 2.825782e-07 ; dt = 19613.2 sec
power : iter =    982 ; delta = 2.796990e-07 ; dt = 19633.2 sec
power : iter =    983 ; delta = 2.768163e-07 ; dt = 19653.2 sec
power : iter =    984 ; delta = 2.739957e-07 ; dt = 19673.2 sec
power : iter =    985 ; delta = 2.711733e-07 ; dt = 19693.2 sec
power : iter =    986 ; delta = 2.684093e-07 ; dt = 19713.1 sec
power : iter =    987 ; delta = 2.656445e-07 ; dt = 19733.1 sec
power : iter =    988 ; delta = 2.629382e-07 ; dt = 19753.1 sec
power : iter =    989 ; delta = 2.602289e-07 ; dt = 19773.1 sec
power : iter =    990 ; delta = 2.575777e-07 ; dt = 19793.1 sec
power : iter =    991 ; delta = 2.549250e-07 ; dt = 19813.1 sec
power : iter =    992 ; delta = 2.523270e-07 ; dt = 19833.1 sec
power : iter =    993 ; delta = 2.497284e-07 ; dt = 19853.1 sec
power : iter =    994 ; delta = 2.471846e-07 ; dt = 19873.1 sec
power : iter =    995 ; delta = 2.446382e-07 ; dt = 19893.1 sec
power : iter =    996 ; delta = 2.421462e-07 ; dt = 19913.1 sec
power : iter =    997 ; delta = 2.396529e-07 ; dt = 19933.1 sec
power : iter =    998 ; delta = 2.372109e-07 ; dt = 19953.1 sec
power : iter =    999 ; delta = 2.347685e-07 ; dt = 19973.1 sec
power : iter =   1000 ; delta = 2.323774e-07 ; dt = 19993.1 sec
power : iter =   1001 ; delta = 2.299840e-07 ; dt = 20013.0 sec
power : iter =   1002 ; delta = 2.276416e-07 ; dt = 20033.0 sec
power : iter =   1003 ; delta = 2.252982e-07 ; dt = 20053.0 sec
power : iter =   1004 ; delta = 2.230028e-07 ; dt = 20073.0 sec
power : iter =   1005 ; delta = 2.207071e-07 ; dt = 20093.0 sec
power : iter =   1006 ; delta = 2.184595e-07 ; dt = 20113.0 sec
power : iter =   1007 ; delta = 2.162099e-07 ; dt = 20133.0 sec
power : iter =   1008 ; delta = 2.140081e-07 ; dt = 20153.0 sec
power : iter =   1009 ; delta = 2.118055e-07 ; dt = 20173.0 sec
power : iter =   1010 ; delta = 2.096478e-07 ; dt = 20193.0 sec
power : iter =   1011 ; delta = 2.074901e-07 ; dt = 20213.0 sec
power : iter =   1012 ; delta = 2.053774e-07 ; dt = 20233.0 sec
power : iter =   1013 ; delta = 2.032629e-07 ; dt = 20252.9 sec
power : iter =   1014 ; delta = 2.011932e-07 ; dt = 20272.9 sec
power : iter =   1015 ; delta = 1.991229e-07 ; dt = 20292.9 sec
power : iter =   1016 ; delta = 1.970947e-07 ; dt = 20312.9 sec
power : iter =   1017 ; delta = 1.950665e-07 ; dt = 20332.9 sec
power : iter =   1018 ; delta = 1.930806e-07 ; dt = 20353.0 sec
power : iter =   1019 ; delta = 1.910931e-07 ; dt = 20373.0 sec
power : iter =   1020 ; delta = 1.891476e-07 ; dt = 20393.0 sec
power : iter =   1021 ; delta = 1.872016e-07 ; dt = 20413.0 sec
power : iter =   1022 ; delta = 1.852950e-07 ; dt = 20433.0 sec
power : iter =   1023 ; delta = 1.833887e-07 ; dt = 20453.0 sec
power : iter =   1024 ; delta = 1.815220e-07 ; dt = 20473.0 sec
power : iter =   1025 ; delta = 1.796539e-07 ; dt = 20493.0 sec
power : iter =   1026 ; delta = 1.778252e-07 ; dt = 20513.0 sec
power : iter =   1027 ; delta = 1.759961e-07 ; dt = 20532.9 sec
power : iter =   1028 ; delta = 1.742040e-07 ; dt = 20552.9 sec
power : iter =   1029 ; delta = 1.724123e-07 ; dt = 20572.9 sec
power : iter =   1030 ; delta = 1.706575e-07 ; dt = 20592.9 sec
power : iter =   1031 ; delta = 1.689017e-07 ; dt = 20612.9 sec
power : iter =   1032 ; delta = 1.671826e-07 ; dt = 20632.9 sec
power : iter =   1033 ; delta = 1.654634e-07 ; dt = 20652.8 sec
power : iter =   1034 ; delta = 1.637788e-07 ; dt = 20672.8 sec
power : iter =   1035 ; delta = 1.620946e-07 ; dt = 20692.8 sec
power : iter =   1036 ; delta = 1.604450e-07 ; dt = 20712.9 sec
power : iter =   1037 ; delta = 1.587946e-07 ; dt = 20732.9 sec
power : iter =   1038 ; delta = 1.571786e-07 ; dt = 20752.9 sec
power : iter =   1039 ; delta = 1.555625e-07 ; dt = 20772.9 sec
power : iter =   1040 ; delta = 1.539789e-07 ; dt = 20792.9 sec
power : iter =   1041 ; delta = 1.523957e-07 ; dt = 20812.9 sec
power : iter =   1042 ; delta = 1.508451e-07 ; dt = 20832.9 sec
power : iter =   1043 ; delta = 1.492937e-07 ; dt = 20852.9 sec
power : iter =   1044 ; delta = 1.477746e-07 ; dt = 20872.9 sec
power : iter =   1045 ; delta = 1.462555e-07 ; dt = 20892.9 sec
power : iter =   1046 ; delta = 1.447668e-07 ; dt = 20912.9 sec
power : iter =   1047 ; delta = 1.432786e-07 ; dt = 20932.9 sec
power : iter =   1048 ; delta = 1.418209e-07 ; dt = 20952.9 sec
power : iter =   1049 ; delta = 1.403626e-07 ; dt = 20972.8 sec
power : iter =   1050 ; delta = 1.389345e-07 ; dt = 20992.8 sec
power : iter =   1051 ; delta = 1.375066e-07 ; dt = 21012.8 sec
power : iter =   1052 ; delta = 1.361071e-07 ; dt = 21032.7 sec
power : iter =   1053 ; delta = 1.347082e-07 ; dt = 21052.7 sec
power : iter =   1054 ; delta = 1.333379e-07 ; dt = 21072.7 sec
power : iter =   1055 ; delta = 1.319671e-07 ; dt = 21092.7 sec
power : iter =   1056 ; delta = 1.306245e-07 ; dt = 21112.7 sec
power : iter =   1057 ; delta = 1.292823e-07 ; dt = 21132.7 sec
power : iter =   1058 ; delta = 1.279666e-07 ; dt = 21152.7 sec
power : iter =   1059 ; delta = 1.266517e-07 ; dt = 21172.7 sec
power : iter =   1060 ; delta = 1.253634e-07 ; dt = 21192.7 sec
power : iter =   1061 ; delta = 1.240748e-07 ; dt = 21212.7 sec
power : iter =   1062 ; delta = 1.228127e-07 ; dt = 21232.6 sec
power : iter =   1063 ; delta = 1.215510e-07 ; dt = 21252.6 sec
power : iter =   1064 ; delta = 1.203141e-07 ; dt = 21272.6 sec
power : iter =   1065 ; delta = 1.190781e-07 ; dt = 21292.6 sec
power : iter =   1066 ; delta = 1.178670e-07 ; dt = 21312.6 sec
power : iter =   1067 ; delta = 1.166556e-07 ; dt = 21332.6 sec
power : iter =   1068 ; delta = 1.154692e-07 ; dt = 21352.6 sec
power : iter =   1069 ; delta = 1.142831e-07 ; dt = 21372.6 sec
power : iter =   1070 ; delta = 1.131203e-07 ; dt = 21392.6 sec
power : iter =   1071 ; delta = 1.119583e-07 ; dt = 21412.6 sec
power : iter =   1072 ; delta = 1.108198e-07 ; dt = 21432.6 sec
power : iter =   1073 ; delta = 1.096811e-07 ; dt = 21452.6 sec
power : iter =   1074 ; delta = 1.085657e-07 ; dt = 21472.6 sec
power : iter =   1075 ; delta = 1.074507e-07 ; dt = 21492.6 sec
power : iter =   1076 ; delta = 1.063576e-07 ; dt = 21512.6 sec
power : iter =   1077 ; delta = 1.052653e-07 ; dt = 21532.6 sec
power : iter =   1078 ; delta = 1.041949e-07 ; dt = 21552.6 sec
power : iter =   1079 ; delta = 1.031245e-07 ; dt = 21572.6 sec
power : iter =   1080 ; delta = 1.020758e-07 ; dt = 21592.6 sec
power : iter =   1081 ; delta = 1.010277e-07 ; dt = 21612.6 sec
power : iter =   1082 ; delta = 1.000000e-07 ; dt = 21632.5 sec
power : iter =   1083 ; delta = 9.897319e-08 ; dt = 21652.5 sec
power : solved pagerank(a=0.9900) in  1083 mults to 1.000000e-07 tol
output norm: 1.0000000000000000e+00
real 21654.16
user 21652.88
sys 1.37
