Parameters: 
   graphfile = /var/tmp/dgleich/data/uk-2007-05
      output = none
         alg = power
       alpha = 0.85
         tol = 1e-07
       maxit = 10000

nodes = 105896555
edges = -556233648
power : iter =      1 ; delta = 1.178088e+00 ; dt =   112.0 sec
power : iter =      2 ; delta = 4.397313e-01 ; dt =   224.3 sec
power : iter =      3 ; delta = 1.732776e-01 ; dt =   336.6 sec
power : iter =      4 ; delta = 8.111094e-02 ; dt =   449.1 sec
power : iter =      5 ; delta = 4.493058e-02 ; dt =   561.4 sec
power : iter =      6 ; delta = 2.835059e-02 ; dt =   673.8 sec
power : iter =      7 ; delta = 1.946656e-02 ; dt =   786.2 sec
power : iter =      8 ; delta = 1.404588e-02 ; dt =   898.6 sec
power : iter =      9 ; delta = 1.044834e-02 ; dt =  1010.9 sec
power : iter =     10 ; delta = 7.930510e-03 ; dt =  1123.3 sec
power : iter =     11 ; delta = 6.098089e-03 ; dt =  1235.7 sec
power : iter =     12 ; delta = 4.770461e-03 ; dt =  1348.1 sec
power : iter =     13 ; delta = 3.747198e-03 ; dt =  1460.4 sec
power : iter =     14 ; delta = 2.977321e-03 ; dt =  1572.8 sec
power : iter =     15 ; delta = 2.375699e-03 ; dt =  1685.2 sec
power : iter =     16 ; delta = 1.899117e-03 ; dt =  1797.6 sec
power : iter =     17 ; delta = 1.527776e-03 ; dt =  1911.3 sec
power : iter =     18 ; delta = 1.235937e-03 ; dt =  2023.8 sec
power : iter =     19 ; delta = 9.995958e-04 ; dt =  2136.1 sec
power : iter =     20 ; delta = 8.126848e-04 ; dt =  2248.6 sec
power : iter =     21 ; delta = 6.602162e-04 ; dt =  2360.9 sec
power : iter =     22 ; delta = 5.386787e-04 ; dt =  2473.3 sec
power : iter =     23 ; delta = 4.403070e-04 ; dt =  2585.6 sec
power : iter =     24 ; delta = 3.612668e-04 ; dt =  2698.0 sec
power : iter =     25 ; delta = 2.959571e-04 ; dt =  2810.3 sec
power : iter =     26 ; delta = 2.429397e-04 ; dt =  2922.7 sec
power : iter =     27 ; delta = 1.999759e-04 ; dt =  3035.1 sec
power : iter =     28 ; delta = 1.647136e-04 ; dt =  3147.5 sec
power : iter =     29 ; delta = 1.359333e-04 ; dt =  3259.9 sec
power : iter =     30 ; delta = 1.123180e-04 ; dt =  3372.3 sec
power : iter =     31 ; delta = 9.255115e-05 ; dt =  3484.7 sec
power : iter =     32 ; delta = 7.665190e-05 ; dt =  3597.1 sec
power : iter =     33 ; delta = 6.344043e-05 ; dt =  3709.5 sec
power : iter =     34 ; delta = 5.258069e-05 ; dt =  3821.9 sec
power : iter =     35 ; delta = 4.360794e-05 ; dt =  3934.3 sec
power : iter =     36 ; delta = 3.613963e-05 ; dt =  4046.7 sec
power : iter =     37 ; delta = 3.000539e-05 ; dt =  4159.1 sec
power : iter =     38 ; delta = 2.493525e-05 ; dt =  4271.5 sec
power : iter =     39 ; delta = 2.074674e-05 ; dt =  4383.9 sec
power : iter =     40 ; delta = 1.726413e-05 ; dt =  4496.3 sec
power : iter =     41 ; delta = 1.434758e-05 ; dt =  4608.7 sec
power : iter =     42 ; delta = 1.196122e-05 ; dt =  4723.1 sec
power : iter =     43 ; delta = 9.958862e-06 ; dt =  4835.5 sec
power : iter =     44 ; delta = 8.311128e-06 ; dt =  4947.9 sec
power : iter =     45 ; delta = 6.933880e-06 ; dt =  5060.3 sec
power : iter =     46 ; delta = 5.776655e-06 ; dt =  5172.7 sec
power : iter =     47 ; delta = 4.824298e-06 ; dt =  5285.0 sec
power : iter =     48 ; delta = 4.027403e-06 ; dt =  5397.4 sec
power : iter =     49 ; delta = 3.365889e-06 ; dt =  5509.8 sec
power : iter =     50 ; delta = 2.814571e-06 ; dt =  5622.7 sec
power : iter =     51 ; delta = 2.350972e-06 ; dt =  5735.0 sec
power : iter =     52 ; delta = 1.967297e-06 ; dt =  5847.4 sec
power : iter =     53 ; delta = 1.645235e-06 ; dt =  5959.8 sec
power : iter =     54 ; delta = 1.378162e-06 ; dt =  6072.2 sec
power : iter =     55 ; delta = 1.153897e-06 ; dt =  6184.5 sec
power : iter =     56 ; delta = 9.672563e-07 ; dt =  6296.9 sec
power : iter =     57 ; delta = 8.106474e-07 ; dt =  6409.2 sec
power : iter =     58 ; delta = 6.797361e-07 ; dt =  6521.6 sec
power : iter =     59 ; delta = 5.701459e-07 ; dt =  6634.0 sec
power : iter =     60 ; delta = 4.781296e-07 ; dt =  6746.4 sec
power : iter =     61 ; delta = 4.012249e-07 ; dt =  6858.8 sec
power : iter =     62 ; delta = 3.366698e-07 ; dt =  6971.2 sec
power : iter =     63 ; delta = 2.826509e-07 ; dt =  7083.6 sec
power : iter =     64 ; delta = 2.373753e-07 ; dt =  7196.0 sec
power : iter =     65 ; delta = 1.992274e-07 ; dt =  7308.4 sec
power : iter =     66 ; delta = 1.673938e-07 ; dt =  7420.8 sec
power : iter =     67 ; delta = 1.405673e-07 ; dt =  7541.3 sec
power : iter =     68 ; delta = 1.181498e-07 ; dt =  7653.7 sec
power : iter =     69 ; delta = 9.930333e-08 ; dt =  7766.1 sec
power : solved pagerank(a=0.8500) in    69 mults to 1.000000e-07 tol
output norm: 9.9999999999999989e-01
