Parameters: 
   graphfile = /var/tmp/dgleich/data/uk-2005
      output = none
         alg = power
       alpha = 0.99
         tol = 1e-07
       maxit = 10000

nodes = 39459925
edges = 936364282
power : iter =      1 ; delta = 1.169106e+00 ; dt =    28.7 sec
power : iter =      2 ; delta = 4.190457e-01 ; dt =    57.5 sec
power : iter =      3 ; delta = 2.084852e-01 ; dt =    86.3 sec
power : iter =      4 ; delta = 1.309713e-01 ; dt =   115.1 sec
power : iter =      5 ; delta = 9.605569e-02 ; dt =   143.9 sec
power : iter =      6 ; delta = 7.745738e-02 ; dt =   172.8 sec
power : iter =      7 ; delta = 6.542019e-02 ; dt =   201.6 sec
power : iter =      8 ; delta = 5.717302e-02 ; dt =   230.7 sec
power : iter =      9 ; delta = 5.087929e-02 ; dt =   259.5 sec
power : iter =     10 ; delta = 4.604925e-02 ; dt =   288.3 sec
power : iter =     11 ; delta = 4.205628e-02 ; dt =   317.2 sec
power : iter =     12 ; delta = 3.882879e-02 ; dt =   346.0 sec
power : iter =     13 ; delta = 3.602259e-02 ; dt =   374.8 sec
power : iter =     14 ; delta = 3.363326e-02 ; dt =   403.6 sec
power : iter =     15 ; delta = 3.154641e-02 ; dt =   432.5 sec
power : iter =     16 ; delta = 2.971790e-02 ; dt =   461.3 sec
power : iter =     17 ; delta = 2.805312e-02 ; dt =   490.2 sec
power : iter =     18 ; delta = 2.661239e-02 ; dt =   519.2 sec
power : iter =     19 ; delta = 2.527823e-02 ; dt =   548.2 sec
power : iter =     20 ; delta = 2.406736e-02 ; dt =   577.2 sec
power : iter =     21 ; delta = 2.297206e-02 ; dt =   606.0 sec
power : iter =     22 ; delta = 2.196895e-02 ; dt =   634.8 sec
power : iter =     23 ; delta = 2.102190e-02 ; dt =   663.6 sec
power : iter =     24 ; delta = 2.018398e-02 ; dt =   692.5 sec
power : iter =     25 ; delta = 1.938506e-02 ; dt =   721.3 sec
power : iter =     26 ; delta = 1.863905e-02 ; dt =   750.1 sec
power : iter =     27 ; delta = 1.795773e-02 ; dt =   779.2 sec
power : iter =     28 ; delta = 1.731681e-02 ; dt =   808.5 sec
power : iter =     29 ; delta = 1.669882e-02 ; dt =   837.7 sec
power : iter =     30 ; delta = 1.614485e-02 ; dt =   866.7 sec
power : iter =     31 ; delta = 1.560734e-02 ; dt =   895.7 sec
power : iter =     32 ; delta = 1.509744e-02 ; dt =   924.7 sec
power : iter =     33 ; delta = 1.462714e-02 ; dt =   954.0 sec
power : iter =     34 ; delta = 1.417699e-02 ; dt =   983.1 sec
power : iter =     35 ; delta = 1.373900e-02 ; dt =  1012.1 sec
power : iter =     36 ; delta = 1.334203e-02 ; dt =  1041.0 sec
power : iter =     37 ; delta = 1.295219e-02 ; dt =  1070.1 sec
power : iter =     38 ; delta = 1.258014e-02 ; dt =  1099.1 sec
power : iter =     39 ; delta = 1.223470e-02 ; dt =  1128.1 sec
power : iter =     40 ; delta = 1.190046e-02 ; dt =  1157.5 sec
power : iter =     41 ; delta = 1.157402e-02 ; dt =  1187.2 sec
power : iter =     42 ; delta = 1.127744e-02 ; dt =  1216.9 sec
power : iter =     43 ; delta = 1.098307e-02 ; dt =  1245.7 sec
power : iter =     44 ; delta = 1.070061e-02 ; dt =  1274.5 sec
power : iter =     45 ; delta = 1.043671e-02 ; dt =  1303.3 sec
power : iter =     46 ; delta = 1.017920e-02 ; dt =  1332.1 sec
power : iter =     47 ; delta = 9.926368e-03 ; dt =  1361.2 sec
power : iter =     48 ; delta = 9.694680e-03 ; dt =  1390.3 sec
power : iter =     49 ; delta = 9.463429e-03 ; dt =  1419.1 sec
power : iter =     50 ; delta = 9.241025e-03 ; dt =  1447.8 sec
power : iter =     51 ; delta = 9.032039e-03 ; dt =  1476.7 sec
power : iter =     52 ; delta = 8.827318e-03 ; dt =  1505.5 sec
power : iter =     53 ; delta = 8.626709e-03 ; dt =  1534.3 sec
power : iter =     54 ; delta = 8.441412e-03 ; dt =  1563.2 sec
power : iter =     55 ; delta = 8.255311e-03 ; dt =  1592.0 sec
power : iter =     56 ; delta = 8.075990e-03 ; dt =  1620.8 sec
power : iter =     57 ; delta = 7.906506e-03 ; dt =  1649.6 sec
power : iter =     58 ; delta = 7.739507e-03 ; dt =  1678.5 sec
power : iter =     59 ; delta = 7.575305e-03 ; dt =  1707.3 sec
power : iter =     60 ; delta = 7.422677e-03 ; dt =  1736.0 sec
power : iter =     61 ; delta = 7.269062e-03 ; dt =  1764.9 sec
power : iter =     62 ; delta = 7.121508e-03 ; dt =  1793.7 sec
power : iter =     63 ; delta = 6.980581e-03 ; dt =  1822.6 sec
power : iter =     64 ; delta = 6.841367e-03 ; dt =  1851.4 sec
power : iter =     65 ; delta = 6.709043e-03 ; dt =  1880.2 sec
power : iter =     66 ; delta = 6.581094e-03 ; dt =  1909.0 sec
power : iter =     67 ; delta = 6.452199e-03 ; dt =  1937.8 sec
power : iter =     68 ; delta = 6.331783e-03 ; dt =  1966.5 sec
power : iter =     69 ; delta = 6.212805e-03 ; dt =  1995.2 sec
power : iter =     70 ; delta = 6.095298e-03 ; dt =  2024.1 sec
power : iter =     71 ; delta = 5.983083e-03 ; dt =  2053.5 sec
power : iter =     72 ; delta = 5.873994e-03 ; dt =  2082.7 sec
power : iter =     73 ; delta = 5.764338e-03 ; dt =  2112.3 sec
power : iter =     74 ; delta = 5.661333e-03 ; dt =  2141.5 sec
power : iter =     75 ; delta = 5.559197e-03 ; dt =  2170.8 sec
power : iter =     76 ; delta = 5.458419e-03 ; dt =  2199.9 sec
power : iter =     77 ; delta = 5.361894e-03 ; dt =  2229.0 sec
power : iter =     78 ; delta = 5.267775e-03 ; dt =  2258.0 sec
power : iter =     79 ; delta = 5.173349e-03 ; dt =  2287.1 sec
power : iter =     80 ; delta = 5.084311e-03 ; dt =  2316.2 sec
power : iter =     81 ; delta = 4.995858e-03 ; dt =  2345.6 sec
power : iter =     82 ; delta = 4.908786e-03 ; dt =  2375.1 sec
power : iter =     83 ; delta = 4.825062e-03 ; dt =  2404.8 sec
power : iter =     84 ; delta = 4.743196e-03 ; dt =  2434.4 sec
power : iter =     85 ; delta = 4.661289e-03 ; dt =  2464.1 sec
power : iter =     86 ; delta = 4.583755e-03 ; dt =  2493.8 sec
power : iter =     87 ; delta = 4.506623e-03 ; dt =  2523.1 sec
power : iter =     88 ; delta = 4.430783e-03 ; dt =  2552.1 sec
power : iter =     89 ; delta = 4.357714e-03 ; dt =  2581.1 sec
power : iter =     90 ; delta = 4.286145e-03 ; dt =  2610.1 sec
power : iter =     91 ; delta = 4.214829e-03 ; dt =  2639.2 sec
power : iter =     92 ; delta = 4.147068e-03 ; dt =  2668.2 sec
power : iter =     93 ; delta = 4.079607e-03 ; dt =  2697.2 sec
power : iter =     94 ; delta = 4.013364e-03 ; dt =  2726.2 sec
power : iter =     95 ; delta = 3.949306e-03 ; dt =  2755.2 sec
power : iter =     96 ; delta = 3.886408e-03 ; dt =  2784.2 sec
power : iter =     97 ; delta = 3.823788e-03 ; dt =  2813.3 sec
power : iter =     98 ; delta = 3.764025e-03 ; dt =  2842.3 sec
power : iter =     99 ; delta = 3.704461e-03 ; dt =  2871.3 sec
power : iter =    100 ; delta = 3.646032e-03 ; dt =  2900.3 sec
power : iter =    101 ; delta = 3.589364e-03 ; dt =  2929.3 sec
power : iter =    102 ; delta = 3.533679e-03 ; dt =  2958.3 sec
power : iter =    103 ; delta = 3.478304e-03 ; dt =  2987.2 sec
power : iter =    104 ; delta = 3.425256e-03 ; dt =  3016.3 sec
power : iter =    105 ; delta = 3.372377e-03 ; dt =  3045.5 sec
power : iter =    106 ; delta = 3.320590e-03 ; dt =  3074.6 sec
power : iter =    107 ; delta = 3.270232e-03 ; dt =  3103.6 sec
power : iter =    108 ; delta = 3.220705e-03 ; dt =  3132.9 sec
power : iter =    109 ; delta = 3.171523e-03 ; dt =  3162.0 sec
power : iter =    110 ; delta = 3.124277e-03 ; dt =  3191.0 sec
power : iter =    111 ; delta = 3.077154e-03 ; dt =  3219.9 sec
power : iter =    112 ; delta = 3.031037e-03 ; dt =  3248.9 sec
power : iter =    113 ; delta = 2.986039e-03 ; dt =  3277.9 sec
power : iter =    114 ; delta = 2.941783e-03 ; dt =  3306.9 sec
power : iter =    115 ; delta = 2.897872e-03 ; dt =  3335.9 sec
power : iter =    116 ; delta = 2.855563e-03 ; dt =  3365.0 sec
power : iter =    117 ; delta = 2.813369e-03 ; dt =  3394.0 sec
power : iter =    118 ; delta = 2.772103e-03 ; dt =  3423.2 sec
power : iter =    119 ; delta = 2.731751e-03 ; dt =  3452.5 sec
power : iter =    120 ; delta = 2.692066e-03 ; dt =  3481.6 sec
power : iter =    121 ; delta = 2.652733e-03 ; dt =  3510.6 sec
power : iter =    122 ; delta = 2.614748e-03 ; dt =  3539.7 sec
power : iter =    123 ; delta = 2.576870e-03 ; dt =  3568.9 sec
power : iter =    124 ; delta = 2.539827e-03 ; dt =  3597.9 sec
power : iter =    125 ; delta = 2.503524e-03 ; dt =  3626.8 sec
power : iter =    126 ; delta = 2.467813e-03 ; dt =  3656.1 sec
power : iter =    127 ; delta = 2.432437e-03 ; dt =  3685.3 sec
power : iter =    128 ; delta = 2.398183e-03 ; dt =  3714.3 sec
power : iter =    129 ; delta = 2.364054e-03 ; dt =  3743.3 sec
power : iter =    130 ; delta = 2.330692e-03 ; dt =  3772.3 sec
power : iter =    131 ; delta = 2.297929e-03 ; dt =  3801.2 sec
power : iter =    132 ; delta = 2.265712e-03 ; dt =  3830.3 sec
power : iter =    133 ; delta = 2.233803e-03 ; dt =  3859.2 sec
power : iter =    134 ; delta = 2.202839e-03 ; dt =  3888.2 sec
power : iter =    135 ; delta = 2.172024e-03 ; dt =  3918.0 sec
power : iter =    136 ; delta = 2.141874e-03 ; dt =  3947.0 sec
power : iter =    137 ; delta = 2.112223e-03 ; dt =  3975.9 sec
power : iter =    138 ; delta = 2.083079e-03 ; dt =  4004.9 sec
power : iter =    139 ; delta = 2.054227e-03 ; dt =  4034.2 sec
power : iter =    140 ; delta = 2.026158e-03 ; dt =  4063.2 sec
power : iter =    141 ; delta = 1.998247e-03 ; dt =  4092.4 sec
power : iter =    142 ; delta = 1.971048e-03 ; dt =  4121.2 sec
power : iter =    143 ; delta = 1.944148e-03 ; dt =  4150.2 sec
power : iter =    144 ; delta = 1.917708e-03 ; dt =  4179.1 sec
power : iter =    145 ; delta = 1.891622e-03 ; dt =  4208.4 sec
power : iter =    146 ; delta = 1.866118e-03 ; dt =  4237.8 sec
power : iter =    147 ; delta = 1.840771e-03 ; dt =  4266.9 sec
power : iter =    148 ; delta = 1.816031e-03 ; dt =  4295.7 sec
power : iter =    149 ; delta = 1.791562e-03 ; dt =  4324.5 sec
power : iter =    150 ; delta = 1.767517e-03 ; dt =  4353.4 sec
power : iter =    151 ; delta = 1.743788e-03 ; dt =  4382.2 sec
power : iter =    152 ; delta = 1.720583e-03 ; dt =  4411.1 sec
power : iter =    153 ; delta = 1.697534e-03 ; dt =  4440.0 sec
power : iter =    154 ; delta = 1.675015e-03 ; dt =  4468.8 sec
power : iter =    155 ; delta = 1.652735e-03 ; dt =  4497.6 sec
power : iter =    156 ; delta = 1.630844e-03 ; dt =  4526.4 sec
power : iter =    157 ; delta = 1.609215e-03 ; dt =  4555.3 sec
power : iter =    158 ; delta = 1.588047e-03 ; dt =  4584.2 sec
power : iter =    159 ; delta = 1.567025e-03 ; dt =  4613.0 sec
power : iter =    160 ; delta = 1.546465e-03 ; dt =  4641.9 sec
power : iter =    161 ; delta = 1.526123e-03 ; dt =  4670.9 sec
power : iter =    162 ; delta = 1.506135e-03 ; dt =  4699.7 sec
power : iter =    163 ; delta = 1.486376e-03 ; dt =  4728.5 sec
power : iter =    164 ; delta = 1.467027e-03 ; dt =  4757.4 sec
power : iter =    165 ; delta = 1.447820e-03 ; dt =  4786.2 sec
power : iter =    166 ; delta = 1.429015e-03 ; dt =  4815.1 sec
power : iter =    167 ; delta = 1.410416e-03 ; dt =  4843.9 sec
power : iter =    168 ; delta = 1.392138e-03 ; dt =  4872.8 sec
power : iter =    169 ; delta = 1.374061e-03 ; dt =  4901.8 sec
power : iter =    170 ; delta = 1.356349e-03 ; dt =  4930.7 sec
power : iter =    171 ; delta = 1.338778e-03 ; dt =  4959.5 sec
power : iter =    172 ; delta = 1.321557e-03 ; dt =  4988.3 sec
power : iter =    173 ; delta = 1.304525e-03 ; dt =  5017.1 sec
power : iter =    174 ; delta = 1.287835e-03 ; dt =  5046.0 sec
power : iter =    175 ; delta = 1.271271e-03 ; dt =  5074.8 sec
power : iter =    176 ; delta = 1.255037e-03 ; dt =  5103.6 sec
power : iter =    177 ; delta = 1.238993e-03 ; dt =  5132.5 sec
power : iter =    178 ; delta = 1.223196e-03 ; dt =  5161.3 sec
power : iter =    179 ; delta = 1.207572e-03 ; dt =  5190.2 sec
power : iter =    180 ; delta = 1.192272e-03 ; dt =  5219.0 sec
power : iter =    181 ; delta = 1.177076e-03 ; dt =  5247.9 sec
power : iter =    182 ; delta = 1.162182e-03 ; dt =  5276.7 sec
power : iter =    183 ; delta = 1.147465e-03 ; dt =  5305.7 sec
power : iter =    184 ; delta = 1.132967e-03 ; dt =  5334.6 sec
power : iter =    185 ; delta = 1.118631e-03 ; dt =  5363.4 sec
power : iter =    186 ; delta = 1.104583e-03 ; dt =  5392.3 sec
power : iter =    187 ; delta = 1.090623e-03 ; dt =  5421.2 sec
power : iter =    188 ; delta = 1.076938e-03 ; dt =  5450.0 sec
power : iter =    189 ; delta = 1.063412e-03 ; dt =  5478.8 sec
power : iter =    190 ; delta = 1.050083e-03 ; dt =  5507.7 sec
power : iter =    191 ; delta = 1.036906e-03 ; dt =  5536.5 sec
power : iter =    192 ; delta = 1.023986e-03 ; dt =  5565.4 sec
power : iter =    193 ; delta = 1.011146e-03 ; dt =  5594.2 sec
power : iter =    194 ; delta = 9.985577e-04 ; dt =  5623.1 sec
power : iter =    195 ; delta = 9.861119e-04 ; dt =  5652.2 sec
power : iter =    196 ; delta = 9.738404e-04 ; dt =  5681.6 sec
power : iter =    197 ; delta = 9.617109e-04 ; dt =  5710.7 sec
power : iter =    198 ; delta = 9.498126e-04 ; dt =  5739.7 sec
power : iter =    199 ; delta = 9.379873e-04 ; dt =  5768.7 sec
power : iter =    200 ; delta = 9.263913e-04 ; dt =  5797.7 sec
power : iter =    201 ; delta = 9.149254e-04 ; dt =  5826.7 sec
power : iter =    202 ; delta = 9.036171e-04 ; dt =  5856.0 sec
power : iter =    203 ; delta = 8.924426e-04 ; dt =  5885.2 sec
power : iter =    204 ; delta = 8.814772e-04 ; dt =  5914.2 sec
power : iter =    205 ; delta = 8.705827e-04 ; dt =  5943.2 sec
power : iter =    206 ; delta = 8.598934e-04 ; dt =  5972.1 sec
power : iter =    207 ; delta = 8.493216e-04 ; dt =  6001.2 sec
power : iter =    208 ; delta = 8.389071e-04 ; dt =  6030.2 sec
power : iter =    209 ; delta = 8.286027e-04 ; dt =  6059.1 sec
power : iter =    210 ; delta = 8.184860e-04 ; dt =  6088.1 sec
power : iter =    211 ; delta = 8.084455e-04 ; dt =  6117.0 sec
power : iter =    212 ; delta = 7.985830e-04 ; dt =  6146.0 sec
power : iter =    213 ; delta = 7.888282e-04 ; dt =  6175.0 sec
power : iter =    214 ; delta = 7.792171e-04 ; dt =  6204.0 sec
power : iter =    215 ; delta = 7.697081e-04 ; dt =  6233.0 sec
power : iter =    216 ; delta = 7.603692e-04 ; dt =  6261.9 sec
power : iter =    217 ; delta = 7.511008e-04 ; dt =  6291.0 sec
power : iter =    218 ; delta = 7.419944e-04 ; dt =  6320.1 sec
power : iter =    219 ; delta = 7.329874e-04 ; dt =  6349.1 sec
power : iter =    220 ; delta = 7.241104e-04 ; dt =  6378.1 sec
power : iter =    221 ; delta = 7.153275e-04 ; dt =  6407.0 sec
power : iter =    222 ; delta = 7.066986e-04 ; dt =  6436.6 sec
power : iter =    223 ; delta = 6.981362e-04 ; dt =  6465.8 sec
power : iter =    224 ; delta = 6.897210e-04 ; dt =  6494.9 sec
power : iter =    225 ; delta = 6.813975e-04 ; dt =  6523.8 sec
power : iter =    226 ; delta = 6.731919e-04 ; dt =  6552.6 sec
power : iter =    227 ; delta = 6.650742e-04 ; dt =  6581.5 sec
power : iter =    228 ; delta = 6.570963e-04 ; dt =  6610.5 sec
power : iter =    229 ; delta = 6.491799e-04 ; dt =  6639.4 sec
power : iter =    230 ; delta = 6.413978e-04 ; dt =  6668.3 sec
power : iter =    231 ; delta = 6.337008e-04 ; dt =  6697.1 sec
power : iter =    232 ; delta = 6.261112e-04 ; dt =  6725.9 sec
power : iter =    233 ; delta = 6.186027e-04 ; dt =  6754.8 sec
power : iter =    234 ; delta = 6.112219e-04 ; dt =  6783.6 sec
power : iter =    235 ; delta = 6.038986e-04 ; dt =  6812.5 sec
power : iter =    236 ; delta = 5.966977e-04 ; dt =  6841.3 sec
power : iter =    237 ; delta = 5.895752e-04 ; dt =  6870.2 sec
power : iter =    238 ; delta = 5.825507e-04 ; dt =  6899.3 sec
power : iter =    239 ; delta = 5.756020e-04 ; dt =  6928.4 sec
power : iter =    240 ; delta = 5.687698e-04 ; dt =  6957.2 sec
power : iter =    241 ; delta = 5.619913e-04 ; dt =  6986.1 sec
power : iter =    242 ; delta = 5.553251e-04 ; dt =  7015.1 sec
power : iter =    243 ; delta = 5.487316e-04 ; dt =  7044.1 sec
power : iter =    244 ; delta = 5.422279e-04 ; dt =  7073.1 sec
power : iter =    245 ; delta = 5.357939e-04 ; dt =  7102.1 sec
power : iter =    246 ; delta = 5.294671e-04 ; dt =  7131.3 sec
power : iter =    247 ; delta = 5.231931e-04 ; dt =  7160.6 sec
power : iter =    248 ; delta = 5.170217e-04 ; dt =  7189.5 sec
power : iter =    249 ; delta = 5.109169e-04 ; dt =  7218.5 sec
power : iter =    250 ; delta = 5.048945e-04 ; dt =  7247.5 sec
power : iter =    251 ; delta = 4.989360e-04 ; dt =  7276.4 sec
power : iter =    252 ; delta = 4.930750e-04 ; dt =  7305.4 sec
power : iter =    253 ; delta = 4.872601e-04 ; dt =  7334.4 sec
power : iter =    254 ; delta = 4.815393e-04 ; dt =  7363.5 sec
power : iter =    255 ; delta = 4.758803e-04 ; dt =  7392.6 sec
power : iter =    256 ; delta = 4.702972e-04 ; dt =  7421.6 sec
power : iter =    257 ; delta = 4.647729e-04 ; dt =  7450.6 sec
power : iter =    258 ; delta = 4.593382e-04 ; dt =  7479.5 sec
power : iter =    259 ; delta = 4.539462e-04 ; dt =  7508.6 sec
power : iter =    260 ; delta = 4.486411e-04 ; dt =  7537.7 sec
power : iter =    261 ; delta = 4.433929e-04 ; dt =  7566.7 sec
power : iter =    262 ; delta = 4.382150e-04 ; dt =  7595.7 sec
power : iter =    263 ; delta = 4.330916e-04 ; dt =  7624.7 sec
power : iter =    264 ; delta = 4.280506e-04 ; dt =  7653.7 sec
power : iter =    265 ; delta = 4.230497e-04 ; dt =  7682.8 sec
power : iter =    266 ; delta = 4.181278e-04 ; dt =  7711.8 sec
power : iter =    267 ; delta = 4.132587e-04 ; dt =  7740.7 sec
power : iter =    268 ; delta = 4.084536e-04 ; dt =  7769.7 sec
power : iter =    269 ; delta = 4.036989e-04 ; dt =  7798.7 sec
power : iter =    270 ; delta = 3.990198e-04 ; dt =  7827.8 sec
power : iter =    271 ; delta = 3.943781e-04 ; dt =  7856.8 sec
power : iter =    272 ; delta = 3.898087e-04 ; dt =  7885.8 sec
power : iter =    273 ; delta = 3.852878e-04 ; dt =  7914.8 sec
power : iter =    274 ; delta = 3.808264e-04 ; dt =  7943.9 sec
power : iter =    275 ; delta = 3.764112e-04 ; dt =  7972.8 sec
power : iter =    276 ; delta = 3.720656e-04 ; dt =  8001.8 sec
power : iter =    277 ; delta = 3.677548e-04 ; dt =  8030.8 sec
power : iter =    278 ; delta = 3.635105e-04 ; dt =  8059.8 sec
power : iter =    279 ; delta = 3.593115e-04 ; dt =  8089.0 sec
power : iter =    280 ; delta = 3.551675e-04 ; dt =  8118.0 sec
power : iter =    281 ; delta = 3.510661e-04 ; dt =  8147.1 sec
power : iter =    282 ; delta = 3.470287e-04 ; dt =  8176.1 sec
power : iter =    283 ; delta = 3.430235e-04 ; dt =  8205.2 sec
power : iter =    284 ; delta = 3.390801e-04 ; dt =  8234.5 sec
power : iter =    285 ; delta = 3.351780e-04 ; dt =  8263.9 sec
power : iter =    286 ; delta = 3.313265e-04 ; dt =  8293.1 sec
power : iter =    287 ; delta = 3.275151e-04 ; dt =  8322.1 sec
power : iter =    288 ; delta = 3.237623e-04 ; dt =  8351.1 sec
power : iter =    289 ; delta = 3.200400e-04 ; dt =  8380.1 sec
power : iter =    290 ; delta = 3.163753e-04 ; dt =  8409.0 sec
power : iter =    291 ; delta = 3.127487e-04 ; dt =  8438.0 sec
power : iter =    292 ; delta = 3.091692e-04 ; dt =  8467.0 sec
power : iter =    293 ; delta = 3.056267e-04 ; dt =  8496.0 sec
power : iter =    294 ; delta = 3.021380e-04 ; dt =  8525.0 sec
power : iter =    295 ; delta = 2.986775e-04 ; dt =  8554.0 sec
power : iter =    296 ; delta = 2.952693e-04 ; dt =  8583.0 sec
power : iter =    297 ; delta = 2.918966e-04 ; dt =  8612.0 sec
power : iter =    298 ; delta = 2.885672e-04 ; dt =  8641.1 sec
power : iter =    299 ; delta = 2.852719e-04 ; dt =  8670.1 sec
power : iter =    300 ; delta = 2.820266e-04 ; dt =  8699.1 sec
power : iter =    301 ; delta = 2.788075e-04 ; dt =  8728.1 sec
power : iter =    302 ; delta = 2.756366e-04 ; dt =  8757.1 sec
power : iter =    303 ; delta = 2.724985e-04 ; dt =  8786.4 sec
power : iter =    304 ; delta = 2.694007e-04 ; dt =  8815.4 sec
power : iter =    305 ; delta = 2.663345e-04 ; dt =  8844.4 sec
power : iter =    306 ; delta = 2.633142e-04 ; dt =  8873.5 sec
power : iter =    307 ; delta = 2.603186e-04 ; dt =  8902.7 sec
power : iter =    308 ; delta = 2.573672e-04 ; dt =  8932.0 sec
power : iter =    309 ; delta = 2.544464e-04 ; dt =  8961.2 sec
power : iter =    310 ; delta = 2.515627e-04 ; dt =  8990.4 sec
power : iter =    311 ; delta = 2.487082e-04 ; dt =  9019.7 sec
power : iter =    312 ; delta = 2.458965e-04 ; dt =  9048.7 sec
power : iter =    313 ; delta = 2.431075e-04 ; dt =  9077.7 sec
power : iter =    314 ; delta = 2.403596e-04 ; dt =  9106.6 sec
power : iter =    315 ; delta = 2.376401e-04 ; dt =  9135.8 sec
power : iter =    316 ; delta = 2.349552e-04 ; dt =  9164.9 sec
power : iter =    317 ; delta = 2.322973e-04 ; dt =  9193.9 sec
power : iter =    318 ; delta = 2.296788e-04 ; dt =  9223.0 sec
power : iter =    319 ; delta = 2.270817e-04 ; dt =  9252.0 sec
power : iter =    320 ; delta = 2.245224e-04 ; dt =  9281.2 sec
power : iter =    321 ; delta = 2.219895e-04 ; dt =  9310.2 sec
power : iter =    322 ; delta = 2.194885e-04 ; dt =  9339.3 sec
power : iter =    323 ; delta = 2.170127e-04 ; dt =  9368.2 sec
power : iter =    324 ; delta = 2.145734e-04 ; dt =  9397.2 sec
power : iter =    325 ; delta = 2.121540e-04 ; dt =  9426.2 sec
power : iter =    326 ; delta = 2.097695e-04 ; dt =  9455.2 sec
power : iter =    327 ; delta = 2.074096e-04 ; dt =  9484.1 sec
power : iter =    328 ; delta = 2.050795e-04 ; dt =  9513.1 sec
power : iter =    329 ; delta = 2.027725e-04 ; dt =  9542.1 sec
power : iter =    330 ; delta = 2.004994e-04 ; dt =  9571.0 sec
power : iter =    331 ; delta = 1.982450e-04 ; dt =  9600.3 sec
power : iter =    332 ; delta = 1.960228e-04 ; dt =  9629.6 sec
power : iter =    333 ; delta = 1.938235e-04 ; dt =  9658.7 sec
power : iter =    334 ; delta = 1.916518e-04 ; dt =  9687.7 sec
power : iter =    335 ; delta = 1.895017e-04 ; dt =  9716.7 sec
power : iter =    336 ; delta = 1.873829e-04 ; dt =  9745.7 sec
power : iter =    337 ; delta = 1.852816e-04 ; dt =  9774.7 sec
power : iter =    338 ; delta = 1.832101e-04 ; dt =  9803.8 sec
power : iter =    339 ; delta = 1.811599e-04 ; dt =  9833.0 sec
power : iter =    340 ; delta = 1.791354e-04 ; dt =  9862.0 sec
power : iter =    341 ; delta = 1.771309e-04 ; dt =  9891.0 sec
power : iter =    342 ; delta = 1.751555e-04 ; dt =  9919.9 sec
power : iter =    343 ; delta = 1.731965e-04 ; dt =  9948.9 sec
power : iter =    344 ; delta = 1.712649e-04 ; dt =  9977.9 sec
power : iter =    345 ; delta = 1.693533e-04 ; dt = 10007.0 sec
power : iter =    346 ; delta = 1.674654e-04 ; dt = 10036.0 sec
power : iter =    347 ; delta = 1.655961e-04 ; dt = 10065.0 sec
power : iter =    348 ; delta = 1.637538e-04 ; dt = 10093.9 sec
power : iter =    349 ; delta = 1.619268e-04 ; dt = 10122.9 sec
power : iter =    350 ; delta = 1.601253e-04 ; dt = 10151.9 sec
power : iter =    351 ; delta = 1.583423e-04 ; dt = 10180.8 sec
power : iter =    352 ; delta = 1.565815e-04 ; dt = 10210.0 sec
power : iter =    353 ; delta = 1.548379e-04 ; dt = 10239.0 sec
power : iter =    354 ; delta = 1.531193e-04 ; dt = 10268.0 sec
power : iter =    355 ; delta = 1.514151e-04 ; dt = 10297.0 sec
power : iter =    356 ; delta = 1.497344e-04 ; dt = 10325.9 sec
power : iter =    357 ; delta = 1.480711e-04 ; dt = 10355.0 sec
power : iter =    358 ; delta = 1.464283e-04 ; dt = 10384.0 sec
power : iter =    359 ; delta = 1.448016e-04 ; dt = 10412.9 sec
power : iter =    360 ; delta = 1.431981e-04 ; dt = 10441.9 sec
power : iter =    361 ; delta = 1.416081e-04 ; dt = 10470.9 sec
power : iter =    362 ; delta = 1.400399e-04 ; dt = 10499.8 sec
power : iter =    363 ; delta = 1.384877e-04 ; dt = 10528.6 sec
power : iter =    364 ; delta = 1.369548e-04 ; dt = 10557.4 sec
power : iter =    365 ; delta = 1.354367e-04 ; dt = 10586.1 sec
power : iter =    366 ; delta = 1.339402e-04 ; dt = 10614.9 sec
power : iter =    367 ; delta = 1.324563e-04 ; dt = 10643.7 sec
power : iter =    368 ; delta = 1.309926e-04 ; dt = 10672.5 sec
power : iter =    369 ; delta = 1.295439e-04 ; dt = 10701.3 sec
power : iter =    370 ; delta = 1.281131e-04 ; dt = 10730.1 sec
power : iter =    371 ; delta = 1.266961e-04 ; dt = 10758.8 sec
power : iter =    372 ; delta = 1.252992e-04 ; dt = 10787.6 sec
power : iter =    373 ; delta = 1.239143e-04 ; dt = 10816.3 sec
power : iter =    374 ; delta = 1.225478e-04 ; dt = 10845.1 sec
power : iter =    375 ; delta = 1.211953e-04 ; dt = 10873.9 sec
power : iter =    376 ; delta = 1.198597e-04 ; dt = 10902.7 sec
power : iter =    377 ; delta = 1.185368e-04 ; dt = 10931.5 sec
power : iter =    378 ; delta = 1.172324e-04 ; dt = 10960.3 sec
power : iter =    379 ; delta = 1.159393e-04 ; dt = 10989.0 sec
power : iter =    380 ; delta = 1.146634e-04 ; dt = 11017.8 sec
power : iter =    381 ; delta = 1.134005e-04 ; dt = 11046.6 sec
power : iter =    382 ; delta = 1.121533e-04 ; dt = 11075.4 sec
power : iter =    383 ; delta = 1.109179e-04 ; dt = 11104.1 sec
power : iter =    384 ; delta = 1.096998e-04 ; dt = 11132.9 sec
power : iter =    385 ; delta = 1.084923e-04 ; dt = 11161.7 sec
power : iter =    386 ; delta = 1.073006e-04 ; dt = 11190.5 sec
power : iter =    387 ; delta = 1.061212e-04 ; dt = 11219.3 sec
power : iter =    388 ; delta = 1.049564e-04 ; dt = 11248.1 sec
power : iter =    389 ; delta = 1.038025e-04 ; dt = 11276.9 sec
power : iter =    390 ; delta = 1.026647e-04 ; dt = 11305.7 sec
power : iter =    391 ; delta = 1.015368e-04 ; dt = 11334.3 sec
power : iter =    392 ; delta = 1.004237e-04 ; dt = 11363.1 sec
power : iter =    393 ; delta = 9.932188e-05 ; dt = 11391.9 sec
power : iter =    394 ; delta = 9.823379e-05 ; dt = 11420.7 sec
power : iter =    395 ; delta = 9.715586e-05 ; dt = 11449.5 sec
power : iter =    396 ; delta = 9.609289e-05 ; dt = 11478.2 sec
power : iter =    397 ; delta = 9.503925e-05 ; dt = 11507.0 sec
power : iter =    398 ; delta = 9.399926e-05 ; dt = 11535.8 sec
power : iter =    399 ; delta = 9.296990e-05 ; dt = 11564.6 sec
power : iter =    400 ; delta = 9.195334e-05 ; dt = 11593.3 sec
power : iter =    401 ; delta = 9.094621e-05 ; dt = 11622.0 sec
power : iter =    402 ; delta = 8.995300e-05 ; dt = 11650.8 sec
power : iter =    403 ; delta = 8.896854e-05 ; dt = 11679.5 sec
power : iter =    404 ; delta = 8.799675e-05 ; dt = 11708.3 sec
power : iter =    405 ; delta = 8.703488e-05 ; dt = 11737.1 sec
power : iter =    406 ; delta = 8.608496e-05 ; dt = 11765.9 sec
power : iter =    407 ; delta = 8.514383e-05 ; dt = 11794.7 sec
power : iter =    408 ; delta = 8.421574e-05 ; dt = 11823.5 sec
power : iter =    409 ; delta = 8.329577e-05 ; dt = 11852.3 sec
power : iter =    410 ; delta = 8.238755e-05 ; dt = 11881.0 sec
power : iter =    411 ; delta = 8.148874e-05 ; dt = 11909.8 sec
power : iter =    412 ; delta = 8.060092e-05 ; dt = 11938.5 sec
power : iter =    413 ; delta = 7.972129e-05 ; dt = 11967.3 sec
power : iter =    414 ; delta = 7.885385e-05 ; dt = 11996.0 sec
power : iter =    415 ; delta = 7.799394e-05 ; dt = 12024.7 sec
power : iter =    416 ; delta = 7.714498e-05 ; dt = 12053.5 sec
power : iter =    417 ; delta = 7.630480e-05 ; dt = 12082.3 sec
power : iter =    418 ; delta = 7.547487e-05 ; dt = 12111.1 sec
power : iter =    419 ; delta = 7.465257e-05 ; dt = 12139.9 sec
power : iter =    420 ; delta = 7.384164e-05 ; dt = 12168.7 sec
power : iter =    421 ; delta = 7.303777e-05 ; dt = 12197.5 sec
power : iter =    422 ; delta = 7.224408e-05 ; dt = 12226.3 sec
power : iter =    423 ; delta = 7.145858e-05 ; dt = 12255.0 sec
power : iter =    424 ; delta = 7.068266e-05 ; dt = 12283.8 sec
power : iter =    425 ; delta = 6.991386e-05 ; dt = 12312.6 sec
power : iter =    426 ; delta = 6.915565e-05 ; dt = 12341.4 sec
power : iter =    427 ; delta = 6.840413e-05 ; dt = 12370.2 sec
power : iter =    428 ; delta = 6.766201e-05 ; dt = 12399.0 sec
power : iter =    429 ; delta = 6.692753e-05 ; dt = 12427.8 sec
power : iter =    430 ; delta = 6.620208e-05 ; dt = 12456.5 sec
power : iter =    431 ; delta = 6.548316e-05 ; dt = 12485.3 sec
power : iter =    432 ; delta = 6.477412e-05 ; dt = 12514.1 sec
power : iter =    433 ; delta = 6.407134e-05 ; dt = 12542.9 sec
power : iter =    434 ; delta = 6.337731e-05 ; dt = 12571.6 sec
power : iter =    435 ; delta = 6.269041e-05 ; dt = 12600.4 sec
power : iter =    436 ; delta = 6.201194e-05 ; dt = 12629.2 sec
power : iter =    437 ; delta = 6.133956e-05 ; dt = 12658.0 sec
power : iter =    438 ; delta = 6.067640e-05 ; dt = 12686.7 sec
power : iter =    439 ; delta = 6.001909e-05 ; dt = 12715.5 sec
power : iter =    440 ; delta = 5.936997e-05 ; dt = 12744.3 sec
power : iter =    441 ; delta = 5.872749e-05 ; dt = 12773.1 sec
power : iter =    442 ; delta = 5.809291e-05 ; dt = 12801.9 sec
power : iter =    443 ; delta = 5.746400e-05 ; dt = 12830.7 sec
power : iter =    444 ; delta = 5.684369e-05 ; dt = 12859.5 sec
power : iter =    445 ; delta = 5.622886e-05 ; dt = 12888.2 sec
power : iter =    446 ; delta = 5.562165e-05 ; dt = 12917.0 sec
power : iter =    447 ; delta = 5.502063e-05 ; dt = 12945.8 sec
power : iter =    448 ; delta = 5.442698e-05 ; dt = 12974.5 sec
power : iter =    449 ; delta = 5.383865e-05 ; dt = 13003.3 sec
power : iter =    450 ; delta = 5.325832e-05 ; dt = 13032.0 sec
power : iter =    451 ; delta = 5.268312e-05 ; dt = 13060.8 sec
power : iter =    452 ; delta = 5.211501e-05 ; dt = 13089.6 sec
power : iter =    453 ; delta = 5.155271e-05 ; dt = 13118.4 sec
power : iter =    454 ; delta = 5.099727e-05 ; dt = 13147.2 sec
power : iter =    455 ; delta = 5.044679e-05 ; dt = 13176.0 sec
power : iter =    456 ; delta = 4.990378e-05 ; dt = 13204.8 sec
power : iter =    457 ; delta = 4.936558e-05 ; dt = 13233.5 sec
power : iter =    458 ; delta = 4.883398e-05 ; dt = 13262.3 sec
power : iter =    459 ; delta = 4.830781e-05 ; dt = 13291.1 sec
power : iter =    460 ; delta = 4.778806e-05 ; dt = 13319.8 sec
power : iter =    461 ; delta = 4.727295e-05 ; dt = 13348.6 sec
power : iter =    462 ; delta = 4.676482e-05 ; dt = 13377.4 sec
power : iter =    463 ; delta = 4.626118e-05 ; dt = 13406.2 sec
power : iter =    464 ; delta = 4.576372e-05 ; dt = 13434.9 sec
power : iter =    465 ; delta = 4.527132e-05 ; dt = 13463.7 sec
power : iter =    466 ; delta = 4.478492e-05 ; dt = 13492.4 sec
power : iter =    467 ; delta = 4.430286e-05 ; dt = 13521.2 sec
power : iter =    468 ; delta = 4.382729e-05 ; dt = 13549.9 sec
power : iter =    469 ; delta = 4.335594e-05 ; dt = 13578.7 sec
power : iter =    470 ; delta = 4.289035e-05 ; dt = 13607.5 sec
power : iter =    471 ; delta = 4.242948e-05 ; dt = 13636.2 sec
power : iter =    472 ; delta = 4.197423e-05 ; dt = 13665.0 sec
power : iter =    473 ; delta = 4.152302e-05 ; dt = 13693.7 sec
power : iter =    474 ; delta = 4.107787e-05 ; dt = 13722.4 sec
power : iter =    475 ; delta = 4.063667e-05 ; dt = 13751.2 sec
power : iter =    476 ; delta = 4.020084e-05 ; dt = 13780.0 sec
power : iter =    477 ; delta = 3.976943e-05 ; dt = 13808.7 sec
power : iter =    478 ; delta = 3.934324e-05 ; dt = 13837.5 sec
power : iter =    479 ; delta = 3.892086e-05 ; dt = 13866.2 sec
power : iter =    480 ; delta = 3.850412e-05 ; dt = 13895.0 sec
power : iter =    481 ; delta = 3.809109e-05 ; dt = 13923.8 sec
power : iter =    482 ; delta = 3.768307e-05 ; dt = 13952.6 sec
power : iter =    483 ; delta = 3.727918e-05 ; dt = 13981.4 sec
power : iter =    484 ; delta = 3.688020e-05 ; dt = 14010.1 sec
power : iter =    485 ; delta = 3.648477e-05 ; dt = 14038.9 sec
power : iter =    486 ; delta = 3.609460e-05 ; dt = 14067.7 sec
power : iter =    487 ; delta = 3.570791e-05 ; dt = 14096.5 sec
power : iter =    488 ; delta = 3.532590e-05 ; dt = 14125.2 sec
power : iter =    489 ; delta = 3.494776e-05 ; dt = 14153.9 sec
power : iter =    490 ; delta = 3.457418e-05 ; dt = 14182.6 sec
power : iter =    491 ; delta = 3.420394e-05 ; dt = 14211.3 sec
power : iter =    492 ; delta = 3.383861e-05 ; dt = 14240.0 sec
power : iter =    493 ; delta = 3.347653e-05 ; dt = 14268.7 sec
power : iter =    494 ; delta = 3.311883e-05 ; dt = 14297.4 sec
power : iter =    495 ; delta = 3.276474e-05 ; dt = 14326.1 sec
power : iter =    496 ; delta = 3.241493e-05 ; dt = 14354.7 sec
power : iter =    497 ; delta = 3.206823e-05 ; dt = 14383.4 sec
power : iter =    498 ; delta = 3.172612e-05 ; dt = 14412.2 sec
power : iter =    499 ; delta = 3.138706e-05 ; dt = 14440.9 sec
power : iter =    500 ; delta = 3.105208e-05 ; dt = 14469.6 sec
power : iter =    501 ; delta = 3.072048e-05 ; dt = 14498.4 sec
power : iter =    502 ; delta = 3.039288e-05 ; dt = 14527.2 sec
power : iter =    503 ; delta = 3.006820e-05 ; dt = 14555.9 sec
power : iter =    504 ; delta = 2.974780e-05 ; dt = 14584.7 sec
power : iter =    505 ; delta = 2.943026e-05 ; dt = 14613.5 sec
power : iter =    506 ; delta = 2.911653e-05 ; dt = 14642.3 sec
power : iter =    507 ; delta = 2.880596e-05 ; dt = 14671.1 sec
power : iter =    508 ; delta = 2.849913e-05 ; dt = 14699.9 sec
power : iter =    509 ; delta = 2.819503e-05 ; dt = 14728.7 sec
power : iter =    510 ; delta = 2.789492e-05 ; dt = 14757.5 sec
power : iter =    511 ; delta = 2.759750e-05 ; dt = 14786.2 sec
power : iter =    512 ; delta = 2.730364e-05 ; dt = 14815.0 sec
power : iter =    513 ; delta = 2.701274e-05 ; dt = 14843.7 sec
power : iter =    514 ; delta = 2.672532e-05 ; dt = 14872.5 sec
power : iter =    515 ; delta = 2.644047e-05 ; dt = 14901.3 sec
power : iter =    516 ; delta = 2.615934e-05 ; dt = 14930.1 sec
power : iter =    517 ; delta = 2.588073e-05 ; dt = 14958.8 sec
power : iter =    518 ; delta = 2.560546e-05 ; dt = 14987.5 sec
power : iter =    519 ; delta = 2.533294e-05 ; dt = 15016.2 sec
power : iter =    520 ; delta = 2.506369e-05 ; dt = 15044.9 sec
power : iter =    521 ; delta = 2.479685e-05 ; dt = 15073.6 sec
power : iter =    522 ; delta = 2.453348e-05 ; dt = 15102.3 sec
power : iter =    523 ; delta = 2.427248e-05 ; dt = 15131.0 sec
power : iter =    524 ; delta = 2.401458e-05 ; dt = 15159.7 sec
power : iter =    525 ; delta = 2.375928e-05 ; dt = 15188.4 sec
power : iter =    526 ; delta = 2.350703e-05 ; dt = 15217.1 sec
power : iter =    527 ; delta = 2.325703e-05 ; dt = 15245.8 sec
power : iter =    528 ; delta = 2.301028e-05 ; dt = 15274.4 sec
power : iter =    529 ; delta = 2.276575e-05 ; dt = 15303.2 sec
power : iter =    530 ; delta = 2.252412e-05 ; dt = 15331.9 sec
power : iter =    531 ; delta = 2.228491e-05 ; dt = 15360.5 sec
power : iter =    532 ; delta = 2.204856e-05 ; dt = 15389.2 sec
power : iter =    533 ; delta = 2.181432e-05 ; dt = 15417.9 sec
power : iter =    534 ; delta = 2.158310e-05 ; dt = 15446.6 sec
power : iter =    535 ; delta = 2.135397e-05 ; dt = 15475.3 sec
power : iter =    536 ; delta = 2.112756e-05 ; dt = 15504.0 sec
power : iter =    537 ; delta = 2.090342e-05 ; dt = 15532.7 sec
power : iter =    538 ; delta = 2.068194e-05 ; dt = 15561.3 sec
power : iter =    539 ; delta = 2.046244e-05 ; dt = 15590.0 sec
power : iter =    540 ; delta = 2.024577e-05 ; dt = 15618.7 sec
power : iter =    541 ; delta = 2.003106e-05 ; dt = 15647.4 sec
power : iter =    542 ; delta = 1.981889e-05 ; dt = 15676.0 sec
power : iter =    543 ; delta = 1.960884e-05 ; dt = 15704.6 sec
power : iter =    544 ; delta = 1.940128e-05 ; dt = 15733.3 sec
power : iter =    545 ; delta = 1.919559e-05 ; dt = 15762.0 sec
power : iter =    546 ; delta = 1.899253e-05 ; dt = 15790.7 sec
power : iter =    547 ; delta = 1.879131e-05 ; dt = 15819.4 sec
power : iter =    548 ; delta = 1.859246e-05 ; dt = 15848.1 sec
power : iter =    549 ; delta = 1.839560e-05 ; dt = 15876.8 sec
power : iter =    550 ; delta = 1.820107e-05 ; dt = 15905.4 sec
power : iter =    551 ; delta = 1.800829e-05 ; dt = 15934.1 sec
power : iter =    552 ; delta = 1.781798e-05 ; dt = 15962.8 sec
power : iter =    553 ; delta = 1.762941e-05 ; dt = 15991.4 sec
power : iter =    554 ; delta = 1.744304e-05 ; dt = 16020.1 sec
power : iter =    555 ; delta = 1.725856e-05 ; dt = 16048.8 sec
power : iter =    556 ; delta = 1.707624e-05 ; dt = 16077.5 sec
power : iter =    557 ; delta = 1.689557e-05 ; dt = 16106.2 sec
power : iter =    558 ; delta = 1.671719e-05 ; dt = 16134.9 sec
power : iter =    559 ; delta = 1.654044e-05 ; dt = 16163.6 sec
power : iter =    560 ; delta = 1.636575e-05 ; dt = 16192.3 sec
power : iter =    561 ; delta = 1.619282e-05 ; dt = 16221.0 sec
power : iter =    562 ; delta = 1.602192e-05 ; dt = 16249.7 sec
power : iter =    563 ; delta = 1.585256e-05 ; dt = 16278.3 sec
power : iter =    564 ; delta = 1.568535e-05 ; dt = 16307.0 sec
power : iter =    565 ; delta = 1.551966e-05 ; dt = 16335.7 sec
power : iter =    566 ; delta = 1.535590e-05 ; dt = 16364.4 sec
power : iter =    567 ; delta = 1.519378e-05 ; dt = 16393.1 sec
power : iter =    568 ; delta = 1.503357e-05 ; dt = 16421.8 sec
power : iter =    569 ; delta = 1.487481e-05 ; dt = 16450.5 sec
power : iter =    570 ; delta = 1.471805e-05 ; dt = 16479.2 sec
power : iter =    571 ; delta = 1.456273e-05 ; dt = 16507.9 sec
power : iter =    572 ; delta = 1.440921e-05 ; dt = 16536.6 sec
power : iter =    573 ; delta = 1.425724e-05 ; dt = 16565.3 sec
power : iter =    574 ; delta = 1.410704e-05 ; dt = 16593.9 sec
power : iter =    575 ; delta = 1.395820e-05 ; dt = 16622.6 sec
power : iter =    576 ; delta = 1.381124e-05 ; dt = 16651.3 sec
power : iter =    577 ; delta = 1.366562e-05 ; dt = 16679.9 sec
power : iter =    578 ; delta = 1.352168e-05 ; dt = 16708.6 sec
power : iter =    579 ; delta = 1.337919e-05 ; dt = 16737.3 sec
power : iter =    580 ; delta = 1.323837e-05 ; dt = 16765.9 sec
power : iter =    581 ; delta = 1.309882e-05 ; dt = 16794.6 sec
power : iter =    582 ; delta = 1.296102e-05 ; dt = 16823.3 sec
power : iter =    583 ; delta = 1.282448e-05 ; dt = 16852.0 sec
power : iter =    584 ; delta = 1.268952e-05 ; dt = 16880.7 sec
power : iter =    585 ; delta = 1.255591e-05 ; dt = 16909.4 sec
power : iter =    586 ; delta = 1.242386e-05 ; dt = 16938.1 sec
power : iter =    587 ; delta = 1.229301e-05 ; dt = 16966.7 sec
power : iter =    588 ; delta = 1.216379e-05 ; dt = 16995.4 sec
power : iter =    589 ; delta = 1.203576e-05 ; dt = 17024.1 sec
power : iter =    590 ; delta = 1.190921e-05 ; dt = 17052.8 sec
power : iter =    591 ; delta = 1.178392e-05 ; dt = 17081.5 sec
power : iter =    592 ; delta = 1.166009e-05 ; dt = 17110.2 sec
power : iter =    593 ; delta = 1.153739e-05 ; dt = 17138.8 sec
power : iter =    594 ; delta = 1.141621e-05 ; dt = 17167.5 sec
power : iter =    595 ; delta = 1.129615e-05 ; dt = 17196.2 sec
power : iter =    596 ; delta = 1.117747e-05 ; dt = 17224.9 sec
power : iter =    597 ; delta = 1.105997e-05 ; dt = 17253.6 sec
power : iter =    598 ; delta = 1.094385e-05 ; dt = 17282.3 sec
power : iter =    599 ; delta = 1.082877e-05 ; dt = 17311.0 sec
power : iter =    600 ; delta = 1.071512e-05 ; dt = 17339.7 sec
power : iter =    601 ; delta = 1.060253e-05 ; dt = 17368.4 sec
power : iter =    602 ; delta = 1.049122e-05 ; dt = 17397.0 sec
power : iter =    603 ; delta = 1.038103e-05 ; dt = 17425.7 sec
power : iter =    604 ; delta = 1.027216e-05 ; dt = 17454.4 sec
power : iter =    605 ; delta = 1.016424e-05 ; dt = 17483.0 sec
power : iter =    606 ; delta = 1.005765e-05 ; dt = 17511.7 sec
power : iter =    607 ; delta = 9.952098e-06 ; dt = 17540.4 sec
power : iter =    608 ; delta = 9.847702e-06 ; dt = 17569.2 sec
power : iter =    609 ; delta = 9.744354e-06 ; dt = 17597.8 sec
power : iter =    610 ; delta = 9.642248e-06 ; dt = 17626.5 sec
power : iter =    611 ; delta = 9.541024e-06 ; dt = 17655.2 sec
power : iter =    612 ; delta = 9.441047e-06 ; dt = 17683.9 sec
power : iter =    613 ; delta = 9.342042e-06 ; dt = 17712.5 sec
power : iter =    614 ; delta = 9.244119e-06 ; dt = 17741.2 sec
power : iter =    615 ; delta = 9.147179e-06 ; dt = 17769.9 sec
power : iter =    616 ; delta = 9.051401e-06 ; dt = 17798.6 sec
power : iter =    617 ; delta = 8.956452e-06 ; dt = 17827.3 sec
power : iter =    618 ; delta = 8.862669e-06 ; dt = 17856.0 sec
power : iter =    619 ; delta = 8.769800e-06 ; dt = 17884.7 sec
power : iter =    620 ; delta = 8.677943e-06 ; dt = 17913.4 sec
power : iter =    621 ; delta = 8.587008e-06 ; dt = 17942.1 sec
power : iter =    622 ; delta = 8.497161e-06 ; dt = 17970.8 sec
power : iter =    623 ; delta = 8.408093e-06 ; dt = 17999.5 sec
power : iter =    624 ; delta = 8.320116e-06 ; dt = 18028.2 sec
power : iter =    625 ; delta = 8.232997e-06 ; dt = 18056.9 sec
power : iter =    626 ; delta = 8.146825e-06 ; dt = 18085.6 sec
power : iter =    627 ; delta = 8.061518e-06 ; dt = 18114.3 sec
power : iter =    628 ; delta = 7.977229e-06 ; dt = 18143.0 sec
power : iter =    629 ; delta = 7.893672e-06 ; dt = 18171.7 sec
power : iter =    630 ; delta = 7.811135e-06 ; dt = 18200.4 sec
power : iter =    631 ; delta = 7.729403e-06 ; dt = 18229.1 sec
power : iter =    632 ; delta = 7.648560e-06 ; dt = 18257.8 sec
power : iter =    633 ; delta = 7.568526e-06 ; dt = 18286.5 sec
power : iter =    634 ; delta = 7.489446e-06 ; dt = 18315.2 sec
power : iter =    635 ; delta = 7.411055e-06 ; dt = 18343.9 sec
power : iter =    636 ; delta = 7.333618e-06 ; dt = 18372.6 sec
power : iter =    637 ; delta = 7.256938e-06 ; dt = 18401.3 sec
power : iter =    638 ; delta = 7.181092e-06 ; dt = 18430.0 sec
power : iter =    639 ; delta = 7.106004e-06 ; dt = 18458.7 sec
power : iter =    640 ; delta = 7.031810e-06 ; dt = 18487.4 sec
power : iter =    641 ; delta = 6.958263e-06 ; dt = 18516.1 sec
power : iter =    642 ; delta = 6.885608e-06 ; dt = 18544.8 sec
power : iter =    643 ; delta = 6.813663e-06 ; dt = 18573.5 sec
power : iter =    644 ; delta = 6.742499e-06 ; dt = 18602.2 sec
power : iter =    645 ; delta = 6.672045e-06 ; dt = 18630.8 sec
power : iter =    646 ; delta = 6.602429e-06 ; dt = 18659.5 sec
power : iter =    647 ; delta = 6.533420e-06 ; dt = 18688.1 sec
power : iter =    648 ; delta = 6.465245e-06 ; dt = 18716.8 sec
power : iter =    649 ; delta = 6.397738e-06 ; dt = 18745.5 sec
power : iter =    650 ; delta = 6.330961e-06 ; dt = 18774.2 sec
power : iter =    651 ; delta = 6.264852e-06 ; dt = 18802.8 sec
power : iter =    652 ; delta = 6.199527e-06 ; dt = 18831.6 sec
power : iter =    653 ; delta = 6.134773e-06 ; dt = 18860.3 sec
power : iter =    654 ; delta = 6.070800e-06 ; dt = 18889.0 sec
power : iter =    655 ; delta = 6.007453e-06 ; dt = 18917.7 sec
power : iter =    656 ; delta = 5.944791e-06 ; dt = 18946.4 sec
power : iter =    657 ; delta = 5.882755e-06 ; dt = 18975.1 sec
power : iter =    658 ; delta = 5.821454e-06 ; dt = 19003.8 sec
power : iter =    659 ; delta = 5.760689e-06 ; dt = 19032.4 sec
power : iter =    660 ; delta = 5.700656e-06 ; dt = 19061.1 sec
power : iter =    661 ; delta = 5.641209e-06 ; dt = 19089.8 sec
power : iter =    662 ; delta = 5.582406e-06 ; dt = 19118.5 sec
power : iter =    663 ; delta = 5.524189e-06 ; dt = 19147.2 sec
power : iter =    664 ; delta = 5.466661e-06 ; dt = 19175.9 sec
power : iter =    665 ; delta = 5.409638e-06 ; dt = 19204.5 sec
power : iter =    666 ; delta = 5.353298e-06 ; dt = 19233.2 sec
power : iter =    667 ; delta = 5.297511e-06 ; dt = 19261.9 sec
power : iter =    668 ; delta = 5.242326e-06 ; dt = 19290.6 sec
power : iter =    669 ; delta = 5.187690e-06 ; dt = 19319.3 sec
power : iter =    670 ; delta = 5.133701e-06 ; dt = 19348.0 sec
power : iter =    671 ; delta = 5.080185e-06 ; dt = 19376.6 sec
power : iter =    672 ; delta = 5.027309e-06 ; dt = 19405.3 sec
power : iter =    673 ; delta = 4.974952e-06 ; dt = 19434.0 sec
power : iter =    674 ; delta = 4.923159e-06 ; dt = 19462.7 sec
power : iter =    675 ; delta = 4.871882e-06 ; dt = 19491.4 sec
power : iter =    676 ; delta = 4.821210e-06 ; dt = 19520.0 sec
power : iter =    677 ; delta = 4.770983e-06 ; dt = 19548.7 sec
power : iter =    678 ; delta = 4.721356e-06 ; dt = 19577.4 sec
power : iter =    679 ; delta = 4.672215e-06 ; dt = 19606.1 sec
power : iter =    680 ; delta = 4.623605e-06 ; dt = 19634.8 sec
power : iter =    681 ; delta = 4.575477e-06 ; dt = 19663.5 sec
power : iter =    682 ; delta = 4.527916e-06 ; dt = 19692.2 sec
power : iter =    683 ; delta = 4.480774e-06 ; dt = 19720.9 sec
power : iter =    684 ; delta = 4.434193e-06 ; dt = 19749.6 sec
power : iter =    685 ; delta = 4.388070e-06 ; dt = 19778.3 sec
power : iter =    686 ; delta = 4.342442e-06 ; dt = 19806.9 sec
power : iter =    687 ; delta = 4.297268e-06 ; dt = 19835.6 sec
power : iter =    688 ; delta = 4.252625e-06 ; dt = 19864.3 sec
power : iter =    689 ; delta = 4.208377e-06 ; dt = 19893.0 sec
power : iter =    690 ; delta = 4.164653e-06 ; dt = 19921.7 sec
power : iter =    691 ; delta = 4.121359e-06 ; dt = 19950.4 sec
power : iter =    692 ; delta = 4.078531e-06 ; dt = 19979.1 sec
power : iter =    693 ; delta = 4.036128e-06 ; dt = 20007.8 sec
power : iter =    694 ; delta = 3.994223e-06 ; dt = 20036.5 sec
power : iter =    695 ; delta = 3.952689e-06 ; dt = 20065.2 sec
power : iter =    696 ; delta = 3.911645e-06 ; dt = 20093.9 sec
power : iter =    697 ; delta = 3.871005e-06 ; dt = 20122.6 sec
power : iter =    698 ; delta = 3.830802e-06 ; dt = 20151.3 sec
power : iter =    699 ; delta = 3.790998e-06 ; dt = 20180.0 sec
power : iter =    700 ; delta = 3.751660e-06 ; dt = 20208.6 sec
power : iter =    701 ; delta = 3.712670e-06 ; dt = 20237.2 sec
power : iter =    702 ; delta = 3.674141e-06 ; dt = 20266.0 sec
power : iter =    703 ; delta = 3.635991e-06 ; dt = 20294.7 sec
power : iter =    704 ; delta = 3.598250e-06 ; dt = 20323.4 sec
power : iter =    705 ; delta = 3.560883e-06 ; dt = 20352.1 sec
power : iter =    706 ; delta = 3.523954e-06 ; dt = 20380.8 sec
power : iter =    707 ; delta = 3.487352e-06 ; dt = 20409.5 sec
power : iter =    708 ; delta = 3.451182e-06 ; dt = 20438.1 sec
power : iter =    709 ; delta = 3.415367e-06 ; dt = 20466.8 sec
power : iter =    710 ; delta = 3.379938e-06 ; dt = 20495.5 sec
power : iter =    711 ; delta = 3.344858e-06 ; dt = 20524.2 sec
power : iter =    712 ; delta = 3.310189e-06 ; dt = 20552.9 sec
power : iter =    713 ; delta = 3.275829e-06 ; dt = 20581.6 sec
power : iter =    714 ; delta = 3.241871e-06 ; dt = 20610.3 sec
power : iter =    715 ; delta = 3.208247e-06 ; dt = 20639.0 sec
power : iter =    716 ; delta = 3.174986e-06 ; dt = 20667.7 sec
power : iter =    717 ; delta = 3.142052e-06 ; dt = 20696.3 sec
power : iter =    718 ; delta = 3.109502e-06 ; dt = 20725.0 sec
power : iter =    719 ; delta = 3.077243e-06 ; dt = 20753.7 sec
power : iter =    720 ; delta = 3.045361e-06 ; dt = 20782.3 sec
power : iter =    721 ; delta = 3.013792e-06 ; dt = 20811.0 sec
power : iter =    722 ; delta = 2.982564e-06 ; dt = 20839.7 sec
power : iter =    723 ; delta = 2.951642e-06 ; dt = 20868.4 sec
power : iter =    724 ; delta = 2.921081e-06 ; dt = 20897.1 sec
power : iter =    725 ; delta = 2.890793e-06 ; dt = 20925.8 sec
power : iter =    726 ; delta = 2.860858e-06 ; dt = 20954.4 sec
power : iter =    727 ; delta = 2.831218e-06 ; dt = 20983.1 sec
power : iter =    728 ; delta = 2.801896e-06 ; dt = 21011.8 sec
power : iter =    729 ; delta = 2.772863e-06 ; dt = 21040.4 sec
power : iter =    730 ; delta = 2.744168e-06 ; dt = 21069.1 sec
power : iter =    731 ; delta = 2.715729e-06 ; dt = 21097.8 sec
power : iter =    732 ; delta = 2.687622e-06 ; dt = 21126.5 sec
power : iter =    733 ; delta = 2.659791e-06 ; dt = 21155.2 sec
power : iter =    734 ; delta = 2.632259e-06 ; dt = 21183.9 sec
power : iter =    735 ; delta = 2.604997e-06 ; dt = 21212.6 sec
power : iter =    736 ; delta = 2.578053e-06 ; dt = 21241.2 sec
power : iter =    737 ; delta = 2.551350e-06 ; dt = 21269.9 sec
power : iter =    738 ; delta = 2.524957e-06 ; dt = 21298.5 sec
power : iter =    739 ; delta = 2.498824e-06 ; dt = 21327.2 sec
power : iter =    740 ; delta = 2.472971e-06 ; dt = 21355.9 sec
power : iter =    741 ; delta = 2.447373e-06 ; dt = 21384.5 sec
power : iter =    742 ; delta = 2.422071e-06 ; dt = 21413.2 sec
power : iter =    743 ; delta = 2.396997e-06 ; dt = 21441.9 sec
power : iter =    744 ; delta = 2.372213e-06 ; dt = 21470.5 sec
power : iter =    745 ; delta = 2.347673e-06 ; dt = 21499.2 sec
power : iter =    746 ; delta = 2.323396e-06 ; dt = 21527.9 sec
power : iter =    747 ; delta = 2.299358e-06 ; dt = 21556.6 sec
power : iter =    748 ; delta = 2.275599e-06 ; dt = 21585.3 sec
power : iter =    749 ; delta = 2.252053e-06 ; dt = 21614.5 sec
power : iter =    750 ; delta = 2.228778e-06 ; dt = 21644.1 sec
power : iter =    751 ; delta = 2.205734e-06 ; dt = 21673.7 sec
power : iter =    752 ; delta = 2.182936e-06 ; dt = 21703.3 sec
power : iter =    753 ; delta = 2.160361e-06 ; dt = 21732.9 sec
power : iter =    754 ; delta = 2.138049e-06 ; dt = 21762.5 sec
power : iter =    755 ; delta = 2.115936e-06 ; dt = 21792.1 sec
power : iter =    756 ; delta = 2.094079e-06 ; dt = 21821.6 sec
power : iter =    757 ; delta = 2.072437e-06 ; dt = 21851.2 sec
power : iter =    758 ; delta = 2.051027e-06 ; dt = 21880.8 sec
power : iter =    759 ; delta = 2.029827e-06 ; dt = 21910.5 sec
power : iter =    760 ; delta = 2.008872e-06 ; dt = 21940.1 sec
power : iter =    761 ; delta = 1.988105e-06 ; dt = 21969.6 sec
power : iter =    762 ; delta = 1.967578e-06 ; dt = 21999.2 sec
power : iter =    763 ; delta = 1.947253e-06 ; dt = 22028.8 sec
power : iter =    764 ; delta = 1.927145e-06 ; dt = 22058.4 sec
power : iter =    765 ; delta = 1.907235e-06 ; dt = 22088.1 sec
power : iter =    766 ; delta = 1.887555e-06 ; dt = 22117.7 sec
power : iter =    767 ; delta = 1.868052e-06 ; dt = 22147.3 sec
power : iter =    768 ; delta = 1.848773e-06 ; dt = 22176.9 sec
power : iter =    769 ; delta = 1.829684e-06 ; dt = 22206.5 sec
power : iter =    770 ; delta = 1.810800e-06 ; dt = 22236.1 sec
power : iter =    771 ; delta = 1.792100e-06 ; dt = 22265.6 sec
power : iter =    772 ; delta = 1.773616e-06 ; dt = 22295.2 sec
power : iter =    773 ; delta = 1.755299e-06 ; dt = 22324.8 sec
power : iter =    774 ; delta = 1.737192e-06 ; dt = 22354.4 sec
power : iter =    775 ; delta = 1.719263e-06 ; dt = 22384.0 sec
power : iter =    776 ; delta = 1.701526e-06 ; dt = 22413.6 sec
power : iter =    777 ; delta = 1.683963e-06 ; dt = 22443.2 sec
power : iter =    778 ; delta = 1.666602e-06 ; dt = 22472.8 sec
power : iter =    779 ; delta = 1.649398e-06 ; dt = 22502.4 sec
power : iter =    780 ; delta = 1.632391e-06 ; dt = 22532.2 sec
power : iter =    781 ; delta = 1.615551e-06 ; dt = 22561.8 sec
power : iter =    782 ; delta = 1.598892e-06 ; dt = 22591.4 sec
power : iter =    783 ; delta = 1.582395e-06 ; dt = 22620.9 sec
power : iter =    784 ; delta = 1.566089e-06 ; dt = 22650.5 sec
power : iter =    785 ; delta = 1.549929e-06 ; dt = 22680.0 sec
power : iter =    786 ; delta = 1.533955e-06 ; dt = 22709.5 sec
power : iter =    787 ; delta = 1.518137e-06 ; dt = 22739.1 sec
power : iter =    788 ; delta = 1.502489e-06 ; dt = 22768.7 sec
power : iter =    789 ; delta = 1.486994e-06 ; dt = 22798.3 sec
power : iter =    790 ; delta = 1.471677e-06 ; dt = 22827.9 sec
power : iter =    791 ; delta = 1.456498e-06 ; dt = 22857.5 sec
power : iter =    792 ; delta = 1.441493e-06 ; dt = 22887.1 sec
power : iter =    793 ; delta = 1.426635e-06 ; dt = 22916.6 sec
power : iter =    794 ; delta = 1.411937e-06 ; dt = 22946.2 sec
power : iter =    795 ; delta = 1.397381e-06 ; dt = 22975.8 sec
power : iter =    796 ; delta = 1.382993e-06 ; dt = 23005.4 sec
power : iter =    797 ; delta = 1.368735e-06 ; dt = 23035.0 sec
power : iter =    798 ; delta = 1.354640e-06 ; dt = 23064.5 sec
power : iter =    799 ; delta = 1.340683e-06 ; dt = 23094.0 sec
power : iter =    800 ; delta = 1.326876e-06 ; dt = 23123.6 sec
power : iter =    801 ; delta = 1.313203e-06 ; dt = 23153.2 sec
power : iter =    802 ; delta = 1.299687e-06 ; dt = 23182.8 sec
power : iter =    803 ; delta = 1.286294e-06 ; dt = 23212.3 sec
power : iter =    804 ; delta = 1.273053e-06 ; dt = 23241.9 sec
power : iter =    805 ; delta = 1.259942e-06 ; dt = 23271.5 sec
power : iter =    806 ; delta = 1.246971e-06 ; dt = 23301.2 sec
power : iter =    807 ; delta = 1.234127e-06 ; dt = 23330.8 sec
power : iter =    808 ; delta = 1.221431e-06 ; dt = 23360.4 sec
power : iter =    809 ; delta = 1.208849e-06 ; dt = 23390.0 sec
power : iter =    810 ; delta = 1.196410e-06 ; dt = 23419.6 sec
power : iter =    811 ; delta = 1.184094e-06 ; dt = 23449.1 sec
power : iter =    812 ; delta = 1.171909e-06 ; dt = 23478.7 sec
power : iter =    813 ; delta = 1.159843e-06 ; dt = 23508.2 sec
power : iter =    814 ; delta = 1.147915e-06 ; dt = 23537.7 sec
power : iter =    815 ; delta = 1.136095e-06 ; dt = 23567.3 sec
power : iter =    816 ; delta = 1.124410e-06 ; dt = 23596.9 sec
power : iter =    817 ; delta = 1.112839e-06 ; dt = 23626.4 sec
power : iter =    818 ; delta = 1.101392e-06 ; dt = 23656.0 sec
power : iter =    819 ; delta = 1.090057e-06 ; dt = 23685.6 sec
power : iter =    820 ; delta = 1.078851e-06 ; dt = 23715.3 sec
power : iter =    821 ; delta = 1.067747e-06 ; dt = 23744.9 sec
power : iter =    822 ; delta = 1.056768e-06 ; dt = 23774.6 sec
power : iter =    823 ; delta = 1.045898e-06 ; dt = 23804.2 sec
power : iter =    824 ; delta = 1.035144e-06 ; dt = 23833.8 sec
power : iter =    825 ; delta = 1.024495e-06 ; dt = 23863.4 sec
power : iter =    826 ; delta = 1.013967e-06 ; dt = 23892.9 sec
power : iter =    827 ; delta = 1.003535e-06 ; dt = 23922.4 sec
power : iter =    828 ; delta = 9.932210e-07 ; dt = 23952.0 sec
power : iter =    829 ; delta = 9.830085e-07 ; dt = 23981.6 sec
power : iter =    830 ; delta = 9.729050e-07 ; dt = 24011.2 sec
power : iter =    831 ; delta = 9.628998e-07 ; dt = 24040.8 sec
power : iter =    832 ; delta = 9.530087e-07 ; dt = 24070.4 sec
power : iter =    833 ; delta = 9.432077e-07 ; dt = 24100.0 sec
power : iter =    834 ; delta = 9.335173e-07 ; dt = 24129.6 sec
power : iter =    835 ; delta = 9.239223e-07 ; dt = 24159.2 sec
power : iter =    836 ; delta = 9.144298e-07 ; dt = 24188.8 sec
power : iter =    837 ; delta = 9.050295e-07 ; dt = 24218.4 sec
power : iter =    838 ; delta = 8.957363e-07 ; dt = 24248.0 sec
power : iter =    839 ; delta = 8.865280e-07 ; dt = 24277.6 sec
power : iter =    840 ; delta = 8.774233e-07 ; dt = 24307.2 sec
power : iter =    841 ; delta = 8.684082e-07 ; dt = 24336.8 sec
power : iter =    842 ; delta = 8.594896e-07 ; dt = 24366.3 sec
power : iter =    843 ; delta = 8.506574e-07 ; dt = 24395.8 sec
power : iter =    844 ; delta = 8.419257e-07 ; dt = 24425.4 sec
power : iter =    845 ; delta = 8.332739e-07 ; dt = 24455.0 sec
power : iter =    846 ; delta = 8.247192e-07 ; dt = 24484.6 sec
power : iter =    847 ; delta = 8.162486e-07 ; dt = 24514.1 sec
power : iter =    848 ; delta = 8.078687e-07 ; dt = 24543.8 sec
power : iter =    849 ; delta = 7.995699e-07 ; dt = 24573.4 sec
power : iter =    850 ; delta = 7.913654e-07 ; dt = 24603.0 sec
power : iter =    851 ; delta = 7.832362e-07 ; dt = 24632.6 sec
power : iter =    852 ; delta = 7.751980e-07 ; dt = 24662.2 sec
power : iter =    853 ; delta = 7.672389e-07 ; dt = 24691.7 sec
power : iter =    854 ; delta = 7.593649e-07 ; dt = 24721.3 sec
power : iter =    855 ; delta = 7.515672e-07 ; dt = 24750.9 sec
power : iter =    856 ; delta = 7.438580e-07 ; dt = 24780.4 sec
power : iter =    857 ; delta = 7.362195e-07 ; dt = 24809.9 sec
power : iter =    858 ; delta = 7.286665e-07 ; dt = 24839.5 sec
power : iter =    859 ; delta = 7.211879e-07 ; dt = 24869.0 sec
power : iter =    860 ; delta = 7.137891e-07 ; dt = 24898.6 sec
power : iter =    861 ; delta = 7.064619e-07 ; dt = 24928.3 sec
power : iter =    862 ; delta = 6.992179e-07 ; dt = 24957.9 sec
power : iter =    863 ; delta = 6.920404e-07 ; dt = 24987.5 sec
power : iter =    864 ; delta = 6.849430e-07 ; dt = 25017.1 sec
power : iter =    865 ; delta = 6.779155e-07 ; dt = 25046.7 sec
power : iter =    866 ; delta = 6.709630e-07 ; dt = 25076.2 sec
power : iter =    867 ; delta = 6.640779e-07 ; dt = 25105.8 sec
power : iter =    868 ; delta = 6.572707e-07 ; dt = 25135.5 sec
power : iter =    869 ; delta = 6.505261e-07 ; dt = 25165.0 sec
power : iter =    870 ; delta = 6.438567e-07 ; dt = 25194.6 sec
power : iter =    871 ; delta = 6.372530e-07 ; dt = 25224.1 sec
power : iter =    872 ; delta = 6.307198e-07 ; dt = 25253.6 sec
power : iter =    873 ; delta = 6.242498e-07 ; dt = 25283.2 sec
power : iter =    874 ; delta = 6.178530e-07 ; dt = 25312.8 sec
power : iter =    875 ; delta = 6.115151e-07 ; dt = 25342.3 sec
power : iter =    876 ; delta = 6.052477e-07 ; dt = 25371.9 sec
power : iter =    877 ; delta = 5.990421e-07 ; dt = 25401.6 sec
power : iter =    878 ; delta = 5.929027e-07 ; dt = 25431.2 sec
power : iter =    879 ; delta = 5.868226e-07 ; dt = 25460.8 sec
power : iter =    880 ; delta = 5.808113e-07 ; dt = 25490.3 sec
power : iter =    881 ; delta = 5.748553e-07 ; dt = 25520.1 sec
power : iter =    882 ; delta = 5.689656e-07 ; dt = 25549.7 sec
power : iter =    883 ; delta = 5.631340e-07 ; dt = 25579.3 sec
power : iter =    884 ; delta = 5.573644e-07 ; dt = 25608.9 sec
power : iter =    885 ; delta = 5.516507e-07 ; dt = 25638.4 sec
power : iter =    886 ; delta = 5.460015e-07 ; dt = 25667.9 sec
power : iter =    887 ; delta = 5.404043e-07 ; dt = 25697.4 sec
power : iter =    888 ; delta = 5.348694e-07 ; dt = 25726.9 sec
power : iter =    889 ; delta = 5.293890e-07 ; dt = 25756.5 sec
power : iter =    890 ; delta = 5.239669e-07 ; dt = 25786.1 sec
power : iter =    891 ; delta = 5.185973e-07 ; dt = 25815.7 sec
power : iter =    892 ; delta = 5.132883e-07 ; dt = 25845.3 sec
power : iter =    893 ; delta = 5.080282e-07 ; dt = 25874.9 sec
power : iter =    894 ; delta = 5.028265e-07 ; dt = 25904.5 sec
power : iter =    895 ; delta = 4.976761e-07 ; dt = 25934.1 sec
power : iter =    896 ; delta = 4.925805e-07 ; dt = 25963.7 sec
power : iter =    897 ; delta = 4.875341e-07 ; dt = 25993.3 sec
power : iter =    898 ; delta = 4.825447e-07 ; dt = 26022.9 sec
power : iter =    899 ; delta = 4.776012e-07 ; dt = 26052.4 sec
power : iter =    900 ; delta = 4.727126e-07 ; dt = 26081.9 sec
power : iter =    901 ; delta = 4.678721e-07 ; dt = 26111.6 sec
power : iter =    902 ; delta = 4.630831e-07 ; dt = 26141.1 sec
power : iter =    903 ; delta = 4.583404e-07 ; dt = 26170.7 sec
power : iter =    904 ; delta = 4.536512e-07 ; dt = 26200.3 sec
power : iter =    905 ; delta = 4.490052e-07 ; dt = 26229.9 sec
power : iter =    906 ; delta = 4.444106e-07 ; dt = 26259.5 sec
power : iter =    907 ; delta = 4.398614e-07 ; dt = 26289.1 sec
power : iter =    908 ; delta = 4.353604e-07 ; dt = 26318.7 sec
power : iter =    909 ; delta = 4.309031e-07 ; dt = 26348.3 sec
power : iter =    910 ; delta = 4.264958e-07 ; dt = 26377.9 sec
power : iter =    911 ; delta = 4.221293e-07 ; dt = 26407.5 sec
power : iter =    912 ; delta = 4.178111e-07 ; dt = 26437.1 sec
power : iter =    913 ; delta = 4.135354e-07 ; dt = 26466.6 sec
power : iter =    914 ; delta = 4.093051e-07 ; dt = 26496.1 sec
power : iter =    915 ; delta = 4.051158e-07 ; dt = 26525.6 sec
power : iter =    916 ; delta = 4.009736e-07 ; dt = 26555.1 sec
power : iter =    917 ; delta = 3.968696e-07 ; dt = 26584.7 sec
power : iter =    918 ; delta = 3.928110e-07 ; dt = 26614.3 sec
power : iter =    919 ; delta = 3.887923e-07 ; dt = 26643.9 sec
power : iter =    920 ; delta = 3.848164e-07 ; dt = 26673.5 sec
power : iter =    921 ; delta = 3.808789e-07 ; dt = 26703.1 sec
power : iter =    922 ; delta = 3.769855e-07 ; dt = 26732.8 sec
power : iter =    923 ; delta = 3.731282e-07 ; dt = 26762.5 sec
power : iter =    924 ; delta = 3.693135e-07 ; dt = 26792.1 sec
power : iter =    925 ; delta = 3.655364e-07 ; dt = 26821.7 sec
power : iter =    926 ; delta = 3.617993e-07 ; dt = 26851.3 sec
power : iter =    927 ; delta = 3.580984e-07 ; dt = 26880.9 sec
power : iter =    928 ; delta = 3.544390e-07 ; dt = 26910.5 sec
power : iter =    929 ; delta = 3.508135e-07 ; dt = 26940.0 sec
power : iter =    930 ; delta = 3.472279e-07 ; dt = 26969.5 sec
power : iter =    931 ; delta = 3.436776e-07 ; dt = 26999.1 sec
power : iter =    932 ; delta = 3.401651e-07 ; dt = 27028.6 sec
power : iter =    933 ; delta = 3.366868e-07 ; dt = 27058.2 sec
power : iter =    934 ; delta = 3.332472e-07 ; dt = 27087.8 sec
power : iter =    935 ; delta = 3.298394e-07 ; dt = 27117.4 sec
power : iter =    936 ; delta = 3.264699e-07 ; dt = 27147.0 sec
power : iter =    937 ; delta = 3.231328e-07 ; dt = 27176.6 sec
power : iter =    938 ; delta = 3.198312e-07 ; dt = 27206.2 sec
power : iter =    939 ; delta = 3.165621e-07 ; dt = 27235.8 sec
power : iter =    940 ; delta = 3.133290e-07 ; dt = 27265.4 sec
power : iter =    941 ; delta = 3.101258e-07 ; dt = 27295.0 sec
power : iter =    942 ; delta = 3.069585e-07 ; dt = 27325.3 sec
power : iter =    943 ; delta = 3.038218e-07 ; dt = 27354.9 sec
power : iter =    944 ; delta = 3.007183e-07 ; dt = 27384.4 sec
power : iter =    945 ; delta = 2.976455e-07 ; dt = 27413.9 sec
power : iter =    946 ; delta = 2.946064e-07 ; dt = 27443.5 sec
power : iter =    947 ; delta = 2.915955e-07 ; dt = 27473.1 sec
power : iter =    948 ; delta = 2.886183e-07 ; dt = 27502.6 sec
power : iter =    949 ; delta = 2.856698e-07 ; dt = 27532.2 sec
power : iter =    950 ; delta = 2.827525e-07 ; dt = 27561.8 sec
power : iter =    951 ; delta = 2.798641e-07 ; dt = 27591.3 sec
power : iter =    952 ; delta = 2.770073e-07 ; dt = 27620.9 sec
power : iter =    953 ; delta = 2.741770e-07 ; dt = 27650.5 sec
power : iter =    954 ; delta = 2.713784e-07 ; dt = 27680.1 sec
power : iter =    955 ; delta = 2.686068e-07 ; dt = 27709.7 sec
power : iter =    956 ; delta = 2.658645e-07 ; dt = 27739.2 sec
power : iter =    957 ; delta = 2.631493e-07 ; dt = 27768.7 sec
power : iter =    958 ; delta = 2.604638e-07 ; dt = 27798.2 sec
power : iter =    959 ; delta = 2.578033e-07 ; dt = 27827.7 sec
power : iter =    960 ; delta = 2.551725e-07 ; dt = 27857.3 sec
power : iter =    961 ; delta = 2.525670e-07 ; dt = 27886.9 sec
power : iter =    962 ; delta = 2.499892e-07 ; dt = 27917.2 sec
power : iter =    963 ; delta = 2.474368e-07 ; dt = 27946.8 sec
power : iter =    964 ; delta = 2.449123e-07 ; dt = 27976.4 sec
power : iter =    965 ; delta = 2.424113e-07 ; dt = 28006.0 sec
power : iter =    966 ; delta = 2.399382e-07 ; dt = 28035.6 sec
power : iter =    967 ; delta = 2.374890e-07 ; dt = 28065.3 sec
power : iter =    968 ; delta = 2.350656e-07 ; dt = 28094.8 sec
power : iter =    969 ; delta = 2.326663e-07 ; dt = 28124.4 sec
power : iter =    970 ; delta = 2.302931e-07 ; dt = 28153.9 sec
power : iter =    971 ; delta = 2.279420e-07 ; dt = 28183.5 sec
power : iter =    972 ; delta = 2.256171e-07 ; dt = 28213.0 sec
power : iter =    973 ; delta = 2.233146e-07 ; dt = 28242.5 sec
power : iter =    974 ; delta = 2.210365e-07 ; dt = 28272.0 sec
power : iter =    975 ; delta = 2.187809e-07 ; dt = 28301.6 sec
power : iter =    976 ; delta = 2.165499e-07 ; dt = 28331.1 sec
power : iter =    977 ; delta = 2.143397e-07 ; dt = 28360.7 sec
power : iter =    978 ; delta = 2.121541e-07 ; dt = 28390.3 sec
power : iter =    979 ; delta = 2.099896e-07 ; dt = 28419.9 sec
power : iter =    980 ; delta = 2.078479e-07 ; dt = 28449.5 sec
power : iter =    981 ; delta = 2.057275e-07 ; dt = 28479.1 sec
power : iter =    982 ; delta = 2.036301e-07 ; dt = 28508.9 sec
power : iter =    983 ; delta = 2.015523e-07 ; dt = 28538.4 sec
power : iter =    984 ; delta = 1.994976e-07 ; dt = 28568.0 sec
power : iter =    985 ; delta = 1.974627e-07 ; dt = 28597.5 sec
power : iter =    986 ; delta = 1.954493e-07 ; dt = 28627.1 sec
power : iter =    987 ; delta = 1.934558e-07 ; dt = 28656.6 sec
power : iter =    988 ; delta = 1.914840e-07 ; dt = 28686.3 sec
power : iter =    989 ; delta = 1.895307e-07 ; dt = 28715.9 sec
power : iter =    990 ; delta = 1.875990e-07 ; dt = 28745.5 sec
power : iter =    991 ; delta = 1.856859e-07 ; dt = 28775.1 sec
power : iter =    992 ; delta = 1.837931e-07 ; dt = 28804.9 sec
power : iter =    993 ; delta = 1.819190e-07 ; dt = 28834.6 sec
power : iter =    994 ; delta = 1.800652e-07 ; dt = 28864.3 sec
power : iter =    995 ; delta = 1.782288e-07 ; dt = 28893.9 sec
power : iter =    996 ; delta = 1.764127e-07 ; dt = 28923.6 sec
power : iter =    997 ; delta = 1.746142e-07 ; dt = 28953.2 sec
power : iter =    998 ; delta = 1.728347e-07 ; dt = 28982.8 sec
power : iter =    999 ; delta = 1.710727e-07 ; dt = 29012.4 sec
power : iter =   1000 ; delta = 1.693299e-07 ; dt = 29042.0 sec
power : iter =   1001 ; delta = 1.676034e-07 ; dt = 29071.6 sec
power : iter =   1002 ; delta = 1.658960e-07 ; dt = 29101.2 sec
power : iter =   1003 ; delta = 1.642051e-07 ; dt = 29131.0 sec
power : iter =   1004 ; delta = 1.625320e-07 ; dt = 29160.6 sec
power : iter =   1005 ; delta = 1.608755e-07 ; dt = 29190.2 sec
power : iter =   1006 ; delta = 1.592369e-07 ; dt = 29219.9 sec
power : iter =   1007 ; delta = 1.576137e-07 ; dt = 29249.5 sec
power : iter =   1008 ; delta = 1.560085e-07 ; dt = 29279.2 sec
power : iter =   1009 ; delta = 1.544187e-07 ; dt = 29308.9 sec
power : iter =   1010 ; delta = 1.528457e-07 ; dt = 29338.5 sec
power : iter =   1011 ; delta = 1.512883e-07 ; dt = 29368.1 sec
power : iter =   1012 ; delta = 1.497477e-07 ; dt = 29397.7 sec
power : iter =   1013 ; delta = 1.482216e-07 ; dt = 29427.2 sec
power : iter =   1014 ; delta = 1.467123e-07 ; dt = 29456.7 sec
power : iter =   1015 ; delta = 1.452177e-07 ; dt = 29486.3 sec
power : iter =   1016 ; delta = 1.437388e-07 ; dt = 29515.9 sec
power : iter =   1017 ; delta = 1.422744e-07 ; dt = 29545.5 sec
power : iter =   1018 ; delta = 1.408260e-07 ; dt = 29575.8 sec
power : iter =   1019 ; delta = 1.393911e-07 ; dt = 29605.5 sec
power : iter =   1020 ; delta = 1.379721e-07 ; dt = 29635.1 sec
power : iter =   1021 ; delta = 1.365668e-07 ; dt = 29664.8 sec
power : iter =   1022 ; delta = 1.351763e-07 ; dt = 29694.5 sec
power : iter =   1023 ; delta = 1.337995e-07 ; dt = 29724.3 sec
power : iter =   1024 ; delta = 1.324376e-07 ; dt = 29753.9 sec
power : iter =   1025 ; delta = 1.310886e-07 ; dt = 29783.5 sec
power : iter =   1026 ; delta = 1.297543e-07 ; dt = 29813.1 sec
power : iter =   1027 ; delta = 1.284330e-07 ; dt = 29842.6 sec
power : iter =   1028 ; delta = 1.271256e-07 ; dt = 29872.1 sec
power : iter =   1029 ; delta = 1.258311e-07 ; dt = 29901.6 sec
power : iter =   1030 ; delta = 1.245507e-07 ; dt = 29931.1 sec
power : iter =   1031 ; delta = 1.232822e-07 ; dt = 29960.7 sec
power : iter =   1032 ; delta = 1.220277e-07 ; dt = 29990.2 sec
power : iter =   1033 ; delta = 1.207854e-07 ; dt = 30019.8 sec
power : iter =   1034 ; delta = 1.195561e-07 ; dt = 30049.4 sec
power : iter =   1035 ; delta = 1.183389e-07 ; dt = 30079.0 sec
power : iter =   1036 ; delta = 1.171350e-07 ; dt = 30108.6 sec
power : iter =   1037 ; delta = 1.159423e-07 ; dt = 30138.2 sec
power : iter =   1038 ; delta = 1.147627e-07 ; dt = 30167.8 sec
power : iter =   1039 ; delta = 1.135946e-07 ; dt = 30197.4 sec
power : iter =   1040 ; delta = 1.124387e-07 ; dt = 30227.0 sec
power : iter =   1041 ; delta = 1.112943e-07 ; dt = 30256.6 sec
power : iter =   1042 ; delta = 1.101622e-07 ; dt = 30286.2 sec
power : iter =   1043 ; delta = 1.090408e-07 ; dt = 30315.8 sec
power : iter =   1044 ; delta = 1.079317e-07 ; dt = 30345.4 sec
power : iter =   1045 ; delta = 1.068333e-07 ; dt = 30374.9 sec
power : iter =   1046 ; delta = 1.057465e-07 ; dt = 30404.5 sec
power : iter =   1047 ; delta = 1.046704e-07 ; dt = 30434.1 sec
power : iter =   1048 ; delta = 1.036060e-07 ; dt = 30463.6 sec
power : iter =   1049 ; delta = 1.025515e-07 ; dt = 30493.2 sec
power : iter =   1050 ; delta = 1.015086e-07 ; dt = 30522.8 sec
power : iter =   1051 ; delta = 1.004758e-07 ; dt = 30552.4 sec
power : iter =   1052 ; delta = 9.945390e-08 ; dt = 30582.0 sec
power : solved pagerank(a=0.9900) in  1052 mults to 1.000000e-07 tol
output norm: 1.0000000000000000e+00
real 30584.23
user 30552.96
sys 3.51
