Parameters: 
   graphfile = /var/tmp/dgleich/data/wb-cs.stanford
      output = none
         alg = power
       alpha = 0.99
         tol = 1e-07
       maxit = 10000

nodes = 9914
edges = 36854
power : iter =      1 ; delta = 6.850501e-01 ; dt =     0.0 sec
power : iter =      2 ; delta = 3.886095e-01 ; dt =     0.0 sec
power : iter =      3 ; delta = 2.418492e-01 ; dt =     0.0 sec
power : iter =      4 ; delta = 1.636777e-01 ; dt =     0.0 sec
power : iter =      5 ; delta = 1.162033e-01 ; dt =     0.0 sec
power : iter =      6 ; delta = 9.077667e-02 ; dt =     0.0 sec
power : iter =      7 ; delta = 7.328296e-02 ; dt =     0.0 sec
power : iter =      8 ; delta = 6.262220e-02 ; dt =     0.0 sec
power : iter =      9 ; delta = 5.500588e-02 ; dt =     0.0 sec
power : iter =     10 ; delta = 4.922951e-02 ; dt =     0.0 sec
power : iter =     11 ; delta = 4.492089e-02 ; dt =     0.0 sec
power : iter =     12 ; delta = 4.109500e-02 ; dt =     0.0 sec
power : iter =     13 ; delta = 3.791011e-02 ; dt =     0.0 sec
power : iter =     14 ; delta = 3.501659e-02 ; dt =     0.0 sec
power : iter =     15 ; delta = 3.257603e-02 ; dt =     0.0 sec
power : iter =     16 ; delta = 3.015862e-02 ; dt =     0.0 sec
power : iter =     17 ; delta = 2.822215e-02 ; dt =     0.0 sec
power : iter =     18 ; delta = 2.628382e-02 ; dt =     0.1 sec
power : iter =     19 ; delta = 2.460651e-02 ; dt =     0.1 sec
power : iter =     20 ; delta = 2.303296e-02 ; dt =     0.1 sec
power : iter =     21 ; delta = 2.163544e-02 ; dt =     0.1 sec
power : iter =     22 ; delta = 2.023772e-02 ; dt =     0.1 sec
power : iter =     23 ; delta = 1.909200e-02 ; dt =     0.1 sec
power : iter =     24 ; delta = 1.791407e-02 ; dt =     0.1 sec
power : iter =     25 ; delta = 1.688352e-02 ; dt =     0.1 sec
power : iter =     26 ; delta = 1.591778e-02 ; dt =     0.1 sec
power : iter =     27 ; delta = 1.503378e-02 ; dt =     0.1 sec
power : iter =     28 ; delta = 1.416544e-02 ; dt =     0.1 sec
power : iter =     29 ; delta = 1.343314e-02 ; dt =     0.1 sec
power : iter =     30 ; delta = 1.267745e-02 ; dt =     0.1 sec
power : iter =     31 ; delta = 1.200913e-02 ; dt =     0.1 sec
power : iter =     32 ; delta = 1.137949e-02 ; dt =     0.1 sec
power : iter =     33 ; delta = 1.078699e-02 ; dt =     0.1 sec
power : iter =     34 ; delta = 1.021566e-02 ; dt =     0.1 sec
power : iter =     35 ; delta = 9.717292e-03 ; dt =     0.1 sec
power : iter =     36 ; delta = 9.209338e-03 ; dt =     0.1 sec
power : iter =     37 ; delta = 8.757241e-03 ; dt =     0.1 sec
power : iter =     38 ; delta = 8.331545e-03 ; dt =     0.1 sec
power : iter =     39 ; delta = 7.924409e-03 ; dt =     0.1 sec
power : iter =     40 ; delta = 7.537976e-03 ; dt =     0.1 sec
power : iter =     41 ; delta = 7.192126e-03 ; dt =     0.1 sec
power : iter =     42 ; delta = 6.842636e-03 ; dt =     0.1 sec
power : iter =     43 ; delta = 6.527815e-03 ; dt =     0.1 sec
power : iter =     44 ; delta = 6.230750e-03 ; dt =     0.1 sec
power : iter =     45 ; delta = 5.943584e-03 ; dt =     0.1 sec
power : iter =     46 ; delta = 5.676853e-03 ; dt =     0.1 sec
power : iter =     47 ; delta = 5.433160e-03 ; dt =     0.1 sec
power : iter =     48 ; delta = 5.188570e-03 ; dt =     0.1 sec
power : iter =     49 ; delta = 4.968623e-03 ; dt =     0.1 sec
power : iter =     50 ; delta = 4.760864e-03 ; dt =     0.1 sec
power : iter =     51 ; delta = 4.562050e-03 ; dt =     0.1 sec
power : iter =     52 ; delta = 4.378197e-03 ; dt =     0.2 sec
power : iter =     53 ; delta = 4.207237e-03 ; dt =     0.2 sec
power : iter =     54 ; delta = 4.036251e-03 ; dt =     0.2 sec
power : iter =     55 ; delta = 3.880907e-03 ; dt =     0.2 sec
power : iter =     56 ; delta = 3.731630e-03 ; dt =     0.2 sec
power : iter =     57 ; delta = 3.587848e-03 ; dt =     0.2 sec
power : iter =     58 ; delta = 3.451820e-03 ; dt =     0.2 sec
power : iter =     59 ; delta = 3.324749e-03 ; dt =     0.2 sec
power : iter =     60 ; delta = 3.200016e-03 ; dt =     0.2 sec
power : iter =     61 ; delta = 3.083416e-03 ; dt =     0.2 sec
power : iter =     62 ; delta = 2.972311e-03 ; dt =     0.2 sec
power : iter =     63 ; delta = 2.865875e-03 ; dt =     0.2 sec
power : iter =     64 ; delta = 2.764406e-03 ; dt =     0.2 sec
power : iter =     65 ; delta = 2.669240e-03 ; dt =     0.2 sec
power : iter =     66 ; delta = 2.577872e-03 ; dt =     0.2 sec
power : iter =     67 ; delta = 2.490173e-03 ; dt =     0.2 sec
power : iter =     68 ; delta = 2.408188e-03 ; dt =     0.2 sec
power : iter =     69 ; delta = 2.329353e-03 ; dt =     0.2 sec
power : iter =     70 ; delta = 2.254275e-03 ; dt =     0.2 sec
power : iter =     71 ; delta = 2.182138e-03 ; dt =     0.2 sec
power : iter =     72 ; delta = 2.113358e-03 ; dt =     0.2 sec
power : iter =     73 ; delta = 2.048625e-03 ; dt =     0.2 sec
power : iter =     74 ; delta = 1.985330e-03 ; dt =     0.2 sec
power : iter =     75 ; delta = 1.925967e-03 ; dt =     0.2 sec
power : iter =     76 ; delta = 1.869620e-03 ; dt =     0.2 sec
power : iter =     77 ; delta = 1.817151e-03 ; dt =     0.2 sec
power : iter =     78 ; delta = 1.765676e-03 ; dt =     0.2 sec
power : iter =     79 ; delta = 1.717124e-03 ; dt =     0.2 sec
power : iter =     80 ; delta = 1.669504e-03 ; dt =     0.2 sec
power : iter =     81 ; delta = 1.624436e-03 ; dt =     0.2 sec
power : iter =     82 ; delta = 1.580293e-03 ; dt =     0.2 sec
power : iter =     83 ; delta = 1.538527e-03 ; dt =     0.2 sec
power : iter =     84 ; delta = 1.497494e-03 ; dt =     0.2 sec
power : iter =     85 ; delta = 1.458711e-03 ; dt =     0.2 sec
power : iter =     86 ; delta = 1.420619e-03 ; dt =     0.3 sec
power : iter =     87 ; delta = 1.384514e-03 ; dt =     0.3 sec
power : iter =     88 ; delta = 1.349089e-03 ; dt =     0.3 sec
power : iter =     89 ; delta = 1.315509e-03 ; dt =     0.3 sec
power : iter =     90 ; delta = 1.282489e-03 ; dt =     0.3 sec
power : iter =     91 ; delta = 1.251198e-03 ; dt =     0.3 sec
power : iter =     92 ; delta = 1.220444e-03 ; dt =     0.3 sec
power : iter =     93 ; delta = 1.191224e-03 ; dt =     0.3 sec
power : iter =     94 ; delta = 1.162530e-03 ; dt =     0.3 sec
power : iter =     95 ; delta = 1.135258e-03 ; dt =     0.3 sec
power : iter =     96 ; delta = 1.108433e-03 ; dt =     0.3 sec
power : iter =     97 ; delta = 1.082934e-03 ; dt =     0.3 sec
power : iter =     98 ; delta = 1.057867e-03 ; dt =     0.3 sec
power : iter =     99 ; delta = 1.033983e-03 ; dt =     0.3 sec
power : iter =    100 ; delta = 1.010519e-03 ; dt =     0.3 sec
power : iter =    101 ; delta = 9.881511e-04 ; dt =     0.3 sec
power : iter =    102 ; delta = 9.661516e-04 ; dt =     0.3 sec
power : iter =    103 ; delta = 9.451684e-04 ; dt =     0.3 sec
power : iter =    104 ; delta = 9.245425e-04 ; dt =     0.3 sec
power : iter =    105 ; delta = 9.048275e-04 ; dt =     0.3 sec
power : iter =    106 ; delta = 8.854600e-04 ; dt =     0.3 sec
power : iter =    107 ; delta = 8.669336e-04 ; dt =     0.3 sec
power : iter =    108 ; delta = 8.487208e-04 ; dt =     0.3 sec
power : iter =    109 ; delta = 8.312851e-04 ; dt =     0.3 sec
power : iter =    110 ; delta = 8.141543e-04 ; dt =     0.3 sec
power : iter =    111 ; delta = 7.977222e-04 ; dt =     0.3 sec
power : iter =    112 ; delta = 7.815864e-04 ; dt =     0.3 sec
power : iter =    113 ; delta = 7.660946e-04 ; dt =     0.3 sec
power : iter =    114 ; delta = 7.508761e-04 ; dt =     0.3 sec
power : iter =    115 ; delta = 7.362501e-04 ; dt =     0.3 sec
power : iter =    116 ; delta = 7.218908e-04 ; dt =     0.3 sec
power : iter =    117 ; delta = 7.080653e-04 ; dt =     0.3 sec
power : iter =    118 ; delta = 6.944990e-04 ; dt =     0.3 sec
power : iter =    119 ; delta = 6.814234e-04 ; dt =     0.3 sec
power : iter =    120 ; delta = 6.685912e-04 ; dt =     0.3 sec
power : iter =    121 ; delta = 6.562091e-04 ; dt =     0.4 sec
power : iter =    122 ; delta = 6.440646e-04 ; dt =     0.4 sec
power : iter =    123 ; delta = 6.323260e-04 ; dt =     0.4 sec
power : iter =    124 ; delta = 6.208185e-04 ; dt =     0.4 sec
power : iter =    125 ; delta = 6.096832e-04 ; dt =     0.4 sec
power : iter =    126 ; delta = 5.987678e-04 ; dt =     0.4 sec
power : iter =    127 ; delta = 5.882006e-04 ; dt =     0.4 sec
power : iter =    128 ; delta = 5.778323e-04 ; dt =     0.4 sec
power : iter =    129 ; delta = 5.677949e-04 ; dt =     0.4 sec
power : iter =    130 ; delta = 5.579345e-04 ; dt =     0.4 sec
power : iter =    131 ; delta = 5.483939e-04 ; dt =     0.4 sec
power : iter =    132 ; delta = 5.390076e-04 ; dt =     0.4 sec
power : iter =    133 ; delta = 5.299298e-04 ; dt =     0.4 sec
power : iter =    134 ; delta = 5.209891e-04 ; dt =     0.4 sec
power : iter =    135 ; delta = 5.123431e-04 ; dt =     0.4 sec
power : iter =    136 ; delta = 5.038184e-04 ; dt =     0.4 sec
power : iter =    137 ; delta = 4.955779e-04 ; dt =     0.4 sec
power : iter =    138 ; delta = 4.874427e-04 ; dt =     0.4 sec
power : iter =    139 ; delta = 4.795812e-04 ; dt =     0.4 sec
power : iter =    140 ; delta = 4.718125e-04 ; dt =     0.4 sec
power : iter =    141 ; delta = 4.643061e-04 ; dt =     0.4 sec
power : iter =    142 ; delta = 4.568807e-04 ; dt =     0.4 sec
power : iter =    143 ; delta = 4.497085e-04 ; dt =     0.4 sec
power : iter =    144 ; delta = 4.426055e-04 ; dt =     0.4 sec
power : iter =    145 ; delta = 4.357465e-04 ; dt =     0.4 sec
power : iter =    146 ; delta = 4.289475e-04 ; dt =     0.4 sec
power : iter =    147 ; delta = 4.223829e-04 ; dt =     0.4 sec
power : iter =    148 ; delta = 4.158696e-04 ; dt =     0.4 sec
power : iter =    149 ; delta = 4.095827e-04 ; dt =     0.4 sec
power : iter =    150 ; delta = 4.033385e-04 ; dt =     0.4 sec
power : iter =    151 ; delta = 3.973126e-04 ; dt =     0.4 sec
power : iter =    152 ; delta = 3.913227e-04 ; dt =     0.4 sec
power : iter =    153 ; delta = 3.855428e-04 ; dt =     0.4 sec
power : iter =    154 ; delta = 3.797927e-04 ; dt =     0.4 sec
power : iter =    155 ; delta = 3.742452e-04 ; dt =     0.4 sec
power : iter =    156 ; delta = 3.687215e-04 ; dt =     0.5 sec
power : iter =    157 ; delta = 3.633934e-04 ; dt =     0.5 sec
power : iter =    158 ; delta = 3.580854e-04 ; dt =     0.5 sec
power : iter =    159 ; delta = 3.529648e-04 ; dt =     0.5 sec
power : iter =    160 ; delta = 3.478596e-04 ; dt =     0.5 sec
power : iter =    161 ; delta = 3.429369e-04 ; dt =     0.5 sec
power : iter =    162 ; delta = 3.380230e-04 ; dt =     0.5 sec
power : iter =    163 ; delta = 3.332863e-04 ; dt =     0.5 sec
power : iter =    164 ; delta = 3.285541e-04 ; dt =     0.5 sec
power : iter =    165 ; delta = 3.239936e-04 ; dt =     0.5 sec
power : iter =    166 ; delta = 3.194336e-04 ; dt =     0.5 sec
power : iter =    167 ; delta = 3.150403e-04 ; dt =     0.5 sec
power : iter =    168 ; delta = 3.106440e-04 ; dt =     0.5 sec
power : iter =    169 ; delta = 3.064093e-04 ; dt =     0.5 sec
power : iter =    170 ; delta = 3.021686e-04 ; dt =     0.5 sec
power : iter =    171 ; delta = 2.980846e-04 ; dt =     0.5 sec
power : iter =    172 ; delta = 2.939920e-04 ; dt =     0.5 sec
power : iter =    173 ; delta = 2.900512e-04 ; dt =     0.5 sec
power : iter =    174 ; delta = 2.860996e-04 ; dt =     0.5 sec
power : iter =    175 ; delta = 2.822951e-04 ; dt =     0.5 sec
power : iter =    176 ; delta = 2.784778e-04 ; dt =     0.5 sec
power : iter =    177 ; delta = 2.748031e-04 ; dt =     0.5 sec
power : iter =    178 ; delta = 2.711139e-04 ; dt =     0.5 sec
power : iter =    179 ; delta = 2.675628e-04 ; dt =     0.5 sec
power : iter =    180 ; delta = 2.639959e-04 ; dt =     0.5 sec
power : iter =    181 ; delta = 2.605627e-04 ; dt =     0.5 sec
power : iter =    182 ; delta = 2.571126e-04 ; dt =     0.5 sec
power : iter =    183 ; delta = 2.537920e-04 ; dt =     0.5 sec
power : iter =    184 ; delta = 2.504534e-04 ; dt =     0.5 sec
power : iter =    185 ; delta = 2.472403e-04 ; dt =     0.5 sec
power : iter =    186 ; delta = 2.440084e-04 ; dt =     0.5 sec
power : iter =    187 ; delta = 2.408980e-04 ; dt =     0.5 sec
power : iter =    188 ; delta = 2.377683e-04 ; dt =     0.5 sec
power : iter =    189 ; delta = 2.347562e-04 ; dt =     0.5 sec
power : iter =    190 ; delta = 2.317243e-04 ; dt =     0.6 sec
power : iter =    191 ; delta = 2.288062e-04 ; dt =     0.6 sec
power : iter =    192 ; delta = 2.258680e-04 ; dt =     0.6 sec
power : iter =    193 ; delta = 2.230400e-04 ; dt =     0.6 sec
power : iter =    194 ; delta = 2.201917e-04 ; dt =     0.6 sec
power : iter =    195 ; delta = 2.174499e-04 ; dt =     0.6 sec
power : iter =    196 ; delta = 2.146891e-04 ; dt =     0.6 sec
power : iter =    197 ; delta = 2.120289e-04 ; dt =     0.6 sec
power : iter =    198 ; delta = 2.093520e-04 ; dt =     0.6 sec
power : iter =    199 ; delta = 2.067710e-04 ; dt =     0.6 sec
power : iter =    200 ; delta = 2.041739e-04 ; dt =     0.6 sec
power : iter =    201 ; delta = 2.016692e-04 ; dt =     0.6 sec
power : iter =    202 ; delta = 1.991489e-04 ; dt =     0.6 sec
power : iter =    203 ; delta = 1.967176e-04 ; dt =     0.6 sec
power : iter =    204 ; delta = 1.942711e-04 ; dt =     0.6 sec
power : iter =    205 ; delta = 1.919118e-04 ; dt =     0.6 sec
power : iter =    206 ; delta = 1.895355e-04 ; dt =     0.6 sec
power : iter =    207 ; delta = 1.872455e-04 ; dt =     0.6 sec
power : iter =    208 ; delta = 1.849392e-04 ; dt =     0.6 sec
power : iter =    209 ; delta = 1.827121e-04 ; dt =     0.6 sec
power : iter =    210 ; delta = 1.804730e-04 ; dt =     0.6 sec
power : iter =    211 ; delta = 1.783065e-04 ; dt =     0.6 sec
power : iter =    212 ; delta = 1.761320e-04 ; dt =     0.6 sec
power : iter =    213 ; delta = 1.740241e-04 ; dt =     0.6 sec
power : iter =    214 ; delta = 1.719117e-04 ; dt =     0.6 sec
power : iter =    215 ; delta = 1.698605e-04 ; dt =     0.6 sec
power : iter =    216 ; delta = 1.678080e-04 ; dt =     0.6 sec
power : iter =    217 ; delta = 1.658115e-04 ; dt =     0.6 sec
power : iter =    218 ; delta = 1.638166e-04 ; dt =     0.6 sec
power : iter =    219 ; delta = 1.618731e-04 ; dt =     0.6 sec
power : iter =    220 ; delta = 1.599338e-04 ; dt =     0.6 sec
power : iter =    221 ; delta = 1.580415e-04 ; dt =     0.6 sec
power : iter =    222 ; delta = 1.561557e-04 ; dt =     0.6 sec
power : iter =    223 ; delta = 1.543131e-04 ; dt =     0.6 sec
power : iter =    224 ; delta = 1.524789e-04 ; dt =     0.7 sec
power : iter =    225 ; delta = 1.506843e-04 ; dt =     0.7 sec
power : iter =    226 ; delta = 1.489000e-04 ; dt =     0.7 sec
power : iter =    227 ; delta = 1.471518e-04 ; dt =     0.7 sec
power : iter =    228 ; delta = 1.454166e-04 ; dt =     0.7 sec
power : iter =    229 ; delta = 1.437126e-04 ; dt =     0.7 sec
power : iter =    230 ; delta = 1.420251e-04 ; dt =     0.7 sec
power : iter =    231 ; delta = 1.403635e-04 ; dt =     0.7 sec
power : iter =    232 ; delta = 1.387220e-04 ; dt =     0.7 sec
power : iter =    233 ; delta = 1.371017e-04 ; dt =     0.7 sec
power : iter =    234 ; delta = 1.355046e-04 ; dt =     0.7 sec
power : iter =    235 ; delta = 1.339244e-04 ; dt =     0.7 sec
power : iter =    236 ; delta = 1.323701e-04 ; dt =     0.7 sec
power : iter =    237 ; delta = 1.308289e-04 ; dt =     0.7 sec
power : iter =    238 ; delta = 1.293160e-04 ; dt =     0.7 sec
power : iter =    239 ; delta = 1.278127e-04 ; dt =     0.7 sec
power : iter =    240 ; delta = 1.263397e-04 ; dt =     0.7 sec
power : iter =    241 ; delta = 1.248733e-04 ; dt =     0.7 sec
power : iter =    242 ; delta = 1.234391e-04 ; dt =     0.7 sec
power : iter =    243 ; delta = 1.220233e-04 ; dt =     0.7 sec
power : iter =    244 ; delta = 1.206257e-04 ; dt =     0.7 sec
power : iter =    245 ; delta = 1.192448e-04 ; dt =     0.7 sec
power : iter =    246 ; delta = 1.178816e-04 ; dt =     0.7 sec
power : iter =    247 ; delta = 1.165348e-04 ; dt =     0.7 sec
power : iter =    248 ; delta = 1.152051e-04 ; dt =     0.7 sec
power : iter =    249 ; delta = 1.138912e-04 ; dt =     0.7 sec
power : iter =    250 ; delta = 1.125941e-04 ; dt =     0.7 sec
power : iter =    251 ; delta = 1.113124e-04 ; dt =     0.7 sec
power : iter =    252 ; delta = 1.100468e-04 ; dt =     0.7 sec
power : iter =    253 ; delta = 1.087963e-04 ; dt =     0.7 sec
power : iter =    254 ; delta = 1.075615e-04 ; dt =     0.7 sec
power : iter =    255 ; delta = 1.063413e-04 ; dt =     0.7 sec
power : iter =    256 ; delta = 1.051364e-04 ; dt =     0.7 sec
power : iter =    257 ; delta = 1.039457e-04 ; dt =     0.7 sec
power : iter =    258 ; delta = 1.027699e-04 ; dt =     0.7 sec
power : iter =    259 ; delta = 1.016079e-04 ; dt =     0.8 sec
power : iter =    260 ; delta = 1.004604e-04 ; dt =     0.8 sec
power : iter =    261 ; delta = 9.932624e-05 ; dt =     0.8 sec
power : iter =    262 ; delta = 9.820623e-05 ; dt =     0.8 sec
power : iter =    263 ; delta = 9.709927e-05 ; dt =     0.8 sec
power : iter =    264 ; delta = 9.600603e-05 ; dt =     0.8 sec
power : iter =    265 ; delta = 9.492550e-05 ; dt =     0.8 sec
power : iter =    266 ; delta = 9.385831e-05 ; dt =     0.8 sec
power : iter =    267 ; delta = 9.280349e-05 ; dt =     0.8 sec
power : iter =    268 ; delta = 9.176167e-05 ; dt =     0.8 sec
power : iter =    269 ; delta = 9.073189e-05 ; dt =     0.8 sec
power : iter =    270 ; delta = 8.971475e-05 ; dt =     0.8 sec
power : iter =    271 ; delta = 8.870935e-05 ; dt =     0.8 sec
power : iter =    272 ; delta = 8.771624e-05 ; dt =     0.8 sec
power : iter =    273 ; delta = 8.673457e-05 ; dt =     0.8 sec
power : iter =    274 ; delta = 8.576488e-05 ; dt =     0.8 sec
power : iter =    275 ; delta = 8.480632e-05 ; dt =     0.8 sec
power : iter =    276 ; delta = 8.385942e-05 ; dt =     0.8 sec
power : iter =    277 ; delta = 8.292338e-05 ; dt =     0.8 sec
power : iter =    278 ; delta = 8.199868e-05 ; dt =     0.8 sec
power : iter =    279 ; delta = 8.108456e-05 ; dt =     0.8 sec
power : iter =    280 ; delta = 8.018150e-05 ; dt =     0.8 sec
power : iter =    281 ; delta = 7.928875e-05 ; dt =     0.8 sec
power : iter =    282 ; delta = 7.840677e-05 ; dt =     0.8 sec
power : iter =    283 ; delta = 7.753482e-05 ; dt =     0.8 sec
power : iter =    284 ; delta = 7.667338e-05 ; dt =     0.8 sec
power : iter =    285 ; delta = 7.582172e-05 ; dt =     0.8 sec
power : iter =    286 ; delta = 7.498029e-05 ; dt =     0.8 sec
power : iter =    287 ; delta = 7.414840e-05 ; dt =     0.8 sec
power : iter =    288 ; delta = 7.332647e-05 ; dt =     0.8 sec
power : iter =    289 ; delta = 7.251385e-05 ; dt =     0.8 sec
power : iter =    290 ; delta = 7.171093e-05 ; dt =     0.8 sec
power : iter =    291 ; delta = 7.091709e-05 ; dt =     0.8 sec
power : iter =    292 ; delta = 7.013271e-05 ; dt =     0.8 sec
power : iter =    293 ; delta = 6.935718e-05 ; dt =     0.8 sec
power : iter =    294 ; delta = 6.859087e-05 ; dt =     0.9 sec
power : iter =    295 ; delta = 6.783319e-05 ; dt =     0.9 sec
power : iter =    296 ; delta = 6.708450e-05 ; dt =     0.9 sec
power : iter =    297 ; delta = 6.634422e-05 ; dt =     0.9 sec
power : iter =    298 ; delta = 6.561271e-05 ; dt =     0.9 sec
power : iter =    299 ; delta = 6.488942e-05 ; dt =     0.9 sec
power : iter =    300 ; delta = 6.417466e-05 ; dt =     0.9 sec
power : iter =    301 ; delta = 6.346792e-05 ; dt =     0.9 sec
power : iter =    302 ; delta = 6.276951e-05 ; dt =     0.9 sec
power : iter =    303 ; delta = 6.207891e-05 ; dt =     0.9 sec
power : iter =    304 ; delta = 6.139644e-05 ; dt =     0.9 sec
power : iter =    305 ; delta = 6.072159e-05 ; dt =     0.9 sec
power : iter =    306 ; delta = 6.005467e-05 ; dt =     0.9 sec
power : iter =    307 ; delta = 5.939518e-05 ; dt =     0.9 sec
power : iter =    308 ; delta = 5.874343e-05 ; dt =     0.9 sec
power : iter =    309 ; delta = 5.809893e-05 ; dt =     0.9 sec
power : iter =    310 ; delta = 5.746198e-05 ; dt =     0.9 sec
power : iter =    311 ; delta = 5.683211e-05 ; dt =     0.9 sec
power : iter =    312 ; delta = 5.620959e-05 ; dt =     0.9 sec
power : iter =    313 ; delta = 5.559399e-05 ; dt =     0.9 sec
power : iter =    314 ; delta = 5.498556e-05 ; dt =     0.9 sec
power : iter =    315 ; delta = 5.438389e-05 ; dt =     0.9 sec
power : iter =    316 ; delta = 5.378921e-05 ; dt =     0.9 sec
power : iter =    317 ; delta = 5.320113e-05 ; dt =     0.9 sec
power : iter =    318 ; delta = 5.261987e-05 ; dt =     0.9 sec
power : iter =    319 ; delta = 5.204504e-05 ; dt =     0.9 sec
power : iter =    320 ; delta = 5.147688e-05 ; dt =     0.9 sec
power : iter =    321 ; delta = 5.091500e-05 ; dt =     0.9 sec
power : iter =    322 ; delta = 5.035962e-05 ; dt =     0.9 sec
power : iter =    323 ; delta = 4.981038e-05 ; dt =     0.9 sec
power : iter =    324 ; delta = 4.926748e-05 ; dt =     0.9 sec
power : iter =    325 ; delta = 4.873056e-05 ; dt =     0.9 sec
power : iter =    326 ; delta = 4.819984e-05 ; dt =     0.9 sec
power : iter =    327 ; delta = 4.767497e-05 ; dt =     0.9 sec
power : iter =    328 ; delta = 4.715614e-05 ; dt =     1.0 sec
power : iter =    329 ; delta = 4.664302e-05 ; dt =     1.0 sec
power : iter =    330 ; delta = 4.613580e-05 ; dt =     1.0 sec
power : iter =    331 ; delta = 4.563416e-05 ; dt =     1.0 sec
power : iter =    332 ; delta = 4.513827e-05 ; dt =     1.0 sec
power : iter =    333 ; delta = 4.464783e-05 ; dt =     1.0 sec
power : iter =    334 ; delta = 4.416302e-05 ; dt =     1.0 sec
power : iter =    335 ; delta = 4.368352e-05 ; dt =     1.0 sec
power : iter =    336 ; delta = 4.320951e-05 ; dt =     1.0 sec
power : iter =    337 ; delta = 4.274069e-05 ; dt =     1.0 sec
power : iter =    338 ; delta = 4.227724e-05 ; dt =     1.0 sec
power : iter =    339 ; delta = 4.181885e-05 ; dt =     1.0 sec
power : iter =    340 ; delta = 4.136570e-05 ; dt =     1.0 sec
power : iter =    341 ; delta = 4.091751e-05 ; dt =     1.0 sec
power : iter =    342 ; delta = 4.047443e-05 ; dt =     1.0 sec
power : iter =    343 ; delta = 4.003618e-05 ; dt =     1.0 sec
power : iter =    344 ; delta = 3.960293e-05 ; dt =     1.0 sec
power : iter =    345 ; delta = 3.917441e-05 ; dt =     1.0 sec
power : iter =    346 ; delta = 3.875075e-05 ; dt =     1.0 sec
power : iter =    347 ; delta = 3.833172e-05 ; dt =     1.0 sec
power : iter =    348 ; delta = 3.791745e-05 ; dt =     1.0 sec
power : iter =    349 ; delta = 3.750769e-05 ; dt =     1.0 sec
power : iter =    350 ; delta = 3.710258e-05 ; dt =     1.0 sec
power : iter =    351 ; delta = 3.670188e-05 ; dt =     1.0 sec
power : iter =    352 ; delta = 3.630571e-05 ; dt =     1.0 sec
power : iter =    353 ; delta = 3.591386e-05 ; dt =     1.0 sec
power : iter =    354 ; delta = 3.552644e-05 ; dt =     1.0 sec
power : iter =    355 ; delta = 3.514323e-05 ; dt =     1.0 sec
power : iter =    356 ; delta = 3.476435e-05 ; dt =     1.0 sec
power : iter =    357 ; delta = 3.438958e-05 ; dt =     1.0 sec
power : iter =    358 ; delta = 3.401905e-05 ; dt =     1.0 sec
power : iter =    359 ; delta = 3.365253e-05 ; dt =     1.0 sec
power : iter =    360 ; delta = 3.329015e-05 ; dt =     1.0 sec
power : iter =    361 ; delta = 3.293169e-05 ; dt =     1.0 sec
power : iter =    362 ; delta = 3.257728e-05 ; dt =     1.0 sec
power : iter =    363 ; delta = 3.222670e-05 ; dt =     1.1 sec
power : iter =    364 ; delta = 3.188006e-05 ; dt =     1.1 sec
power : iter =    365 ; delta = 3.153718e-05 ; dt =     1.1 sec
power : iter =    366 ; delta = 3.119815e-05 ; dt =     1.1 sec
power : iter =    367 ; delta = 3.086279e-05 ; dt =     1.1 sec
power : iter =    368 ; delta = 3.053119e-05 ; dt =     1.1 sec
power : iter =    369 ; delta = 3.020318e-05 ; dt =     1.1 sec
power : iter =    370 ; delta = 2.987884e-05 ; dt =     1.1 sec
power : iter =    371 ; delta = 2.955801e-05 ; dt =     1.1 sec
power : iter =    372 ; delta = 2.924077e-05 ; dt =     1.1 sec
power : iter =    373 ; delta = 2.892696e-05 ; dt =     1.1 sec
power : iter =    374 ; delta = 2.861665e-05 ; dt =     1.1 sec
power : iter =    375 ; delta = 2.830970e-05 ; dt =     1.1 sec
power : iter =    376 ; delta = 2.800617e-05 ; dt =     1.1 sec
power : iter =    377 ; delta = 2.770592e-05 ; dt =     1.1 sec
power : iter =    378 ; delta = 2.740902e-05 ; dt =     1.1 sec
power : iter =    379 ; delta = 2.711531e-05 ; dt =     1.1 sec
power : iter =    380 ; delta = 2.682489e-05 ; dt =     1.1 sec
power : iter =    381 ; delta = 2.653759e-05 ; dt =     1.1 sec
power : iter =    382 ; delta = 2.625349e-05 ; dt =     1.1 sec
power : iter =    383 ; delta = 2.597245e-05 ; dt =     1.1 sec
power : iter =    384 ; delta = 2.569454e-05 ; dt =     1.1 sec
power : iter =    385 ; delta = 2.541962e-05 ; dt =     1.1 sec
power : iter =    386 ; delta = 2.514775e-05 ; dt =     1.1 sec
power : iter =    387 ; delta = 2.487881e-05 ; dt =     1.1 sec
power : iter =    388 ; delta = 2.461285e-05 ; dt =     1.1 sec
power : iter =    389 ; delta = 2.434976e-05 ; dt =     1.1 sec
power : iter =    390 ; delta = 2.408958e-05 ; dt =     1.1 sec
power : iter =    391 ; delta = 2.383220e-05 ; dt =     1.1 sec
power : iter =    392 ; delta = 2.357767e-05 ; dt =     1.1 sec
power : iter =    393 ; delta = 2.332587e-05 ; dt =     1.1 sec
power : iter =    394 ; delta = 2.307686e-05 ; dt =     1.1 sec
power : iter =    395 ; delta = 2.283052e-05 ; dt =     1.1 sec
power : iter =    396 ; delta = 2.258691e-05 ; dt =     1.1 sec
power : iter =    397 ; delta = 2.234591e-05 ; dt =     1.2 sec
power : iter =    398 ; delta = 2.210758e-05 ; dt =     1.2 sec
power : iter =    399 ; delta = 2.187180e-05 ; dt =     1.2 sec
power : iter =    400 ; delta = 2.163862e-05 ; dt =     1.2 sec
power : iter =    401 ; delta = 2.140794e-05 ; dt =     1.2 sec
power : iter =    402 ; delta = 2.117981e-05 ; dt =     1.2 sec
power : iter =    403 ; delta = 2.095412e-05 ; dt =     1.2 sec
power : iter =    404 ; delta = 2.073092e-05 ; dt =     1.2 sec
power : iter =    405 ; delta = 2.051011e-05 ; dt =     1.2 sec
power : iter =    406 ; delta = 2.029173e-05 ; dt =     1.2 sec
power : iter =    407 ; delta = 2.007569e-05 ; dt =     1.2 sec
power : iter =    408 ; delta = 1.986203e-05 ; dt =     1.2 sec
power : iter =    409 ; delta = 1.965065e-05 ; dt =     1.2 sec
power : iter =    410 ; delta = 1.944159e-05 ; dt =     1.2 sec
power : iter =    411 ; delta = 1.923477e-05 ; dt =     1.2 sec
power : iter =    412 ; delta = 1.903023e-05 ; dt =     1.2 sec
power : iter =    413 ; delta = 1.882786e-05 ; dt =     1.2 sec
power : iter =    414 ; delta = 1.862773e-05 ; dt =     1.2 sec
power : iter =    415 ; delta = 1.842972e-05 ; dt =     1.2 sec
power : iter =    416 ; delta = 1.823389e-05 ; dt =     1.2 sec
power : iter =    417 ; delta = 1.804016e-05 ; dt =     1.2 sec
power : iter =    418 ; delta = 1.784854e-05 ; dt =     1.2 sec
power : iter =    419 ; delta = 1.765897e-05 ; dt =     1.2 sec
power : iter =    420 ; delta = 1.747148e-05 ; dt =     1.2 sec
power : iter =    421 ; delta = 1.728598e-05 ; dt =     1.2 sec
power : iter =    422 ; delta = 1.710252e-05 ; dt =     1.2 sec
power : iter =    423 ; delta = 1.692101e-05 ; dt =     1.2 sec
power : iter =    424 ; delta = 1.674149e-05 ; dt =     1.2 sec
power : iter =    425 ; delta = 1.656388e-05 ; dt =     1.2 sec
power : iter =    426 ; delta = 1.638822e-05 ; dt =     1.2 sec
power : iter =    427 ; delta = 1.621442e-05 ; dt =     1.2 sec
power : iter =    428 ; delta = 1.604252e-05 ; dt =     1.2 sec
power : iter =    429 ; delta = 1.587246e-05 ; dt =     1.2 sec
power : iter =    430 ; delta = 1.570425e-05 ; dt =     1.2 sec
power : iter =    431 ; delta = 1.553783e-05 ; dt =     1.2 sec
power : iter =    432 ; delta = 1.537322e-05 ; dt =     1.3 sec
power : iter =    433 ; delta = 1.521037e-05 ; dt =     1.3 sec
power : iter =    434 ; delta = 1.504929e-05 ; dt =     1.3 sec
power : iter =    435 ; delta = 1.488992e-05 ; dt =     1.3 sec
power : iter =    436 ; delta = 1.473230e-05 ; dt =     1.3 sec
power : iter =    437 ; delta = 1.457634e-05 ; dt =     1.3 sec
power : iter =    438 ; delta = 1.442209e-05 ; dt =     1.3 sec
power : iter =    439 ; delta = 1.426947e-05 ; dt =     1.3 sec
power : iter =    440 ; delta = 1.411852e-05 ; dt =     1.3 sec
power : iter =    441 ; delta = 1.396916e-05 ; dt =     1.3 sec
power : iter =    442 ; delta = 1.382144e-05 ; dt =     1.3 sec
power : iter =    443 ; delta = 1.367527e-05 ; dt =     1.3 sec
power : iter =    444 ; delta = 1.353070e-05 ; dt =     1.3 sec
power : iter =    445 ; delta = 1.338767e-05 ; dt =     1.3 sec
power : iter =    446 ; delta = 1.324618e-05 ; dt =     1.3 sec
power : iter =    447 ; delta = 1.310620e-05 ; dt =     1.3 sec
power : iter =    448 ; delta = 1.296774e-05 ; dt =     1.3 sec
power : iter =    449 ; delta = 1.283074e-05 ; dt =     1.3 sec
power : iter =    450 ; delta = 1.269524e-05 ; dt =     1.3 sec
power : iter =    451 ; delta = 1.256116e-05 ; dt =     1.3 sec
power : iter =    452 ; delta = 1.242854e-05 ; dt =     1.3 sec
power : iter =    453 ; delta = 1.229733e-05 ; dt =     1.3 sec
power : iter =    454 ; delta = 1.216754e-05 ; dt =     1.3 sec
power : iter =    455 ; delta = 1.203912e-05 ; dt =     1.3 sec
power : iter =    456 ; delta = 1.191210e-05 ; dt =     1.3 sec
power : iter =    457 ; delta = 1.178642e-05 ; dt =     1.3 sec
power : iter =    458 ; delta = 1.166210e-05 ; dt =     1.3 sec
power : iter =    459 ; delta = 1.153909e-05 ; dt =     1.3 sec
power : iter =    460 ; delta = 1.141742e-05 ; dt =     1.3 sec
power : iter =    461 ; delta = 1.129703e-05 ; dt =     1.3 sec
power : iter =    462 ; delta = 1.117795e-05 ; dt =     1.3 sec
power : iter =    463 ; delta = 1.106012e-05 ; dt =     1.3 sec
power : iter =    464 ; delta = 1.094357e-05 ; dt =     1.3 sec
power : iter =    465 ; delta = 1.082825e-05 ; dt =     1.3 sec
power : iter =    466 ; delta = 1.071418e-05 ; dt =     1.4 sec
power : iter =    467 ; delta = 1.060131e-05 ; dt =     1.4 sec
power : iter =    468 ; delta = 1.048966e-05 ; dt =     1.4 sec
power : iter =    469 ; delta = 1.037919e-05 ; dt =     1.4 sec
power : iter =    470 ; delta = 1.026991e-05 ; dt =     1.4 sec
power : iter =    471 ; delta = 1.016179e-05 ; dt =     1.4 sec
power : iter =    472 ; delta = 1.005483e-05 ; dt =     1.4 sec
power : iter =    473 ; delta = 9.948999e-06 ; dt =     1.4 sec
power : iter =    474 ; delta = 9.844311e-06 ; dt =     1.4 sec
power : iter =    475 ; delta = 9.740728e-06 ; dt =     1.4 sec
power : iter =    476 ; delta = 9.638261e-06 ; dt =     1.4 sec
power : iter =    477 ; delta = 9.536875e-06 ; dt =     1.4 sec
power : iter =    478 ; delta = 9.436582e-06 ; dt =     1.4 sec
power : iter =    479 ; delta = 9.337345e-06 ; dt =     1.4 sec
power : iter =    480 ; delta = 9.239177e-06 ; dt =     1.4 sec
power : iter =    481 ; delta = 9.142044e-06 ; dt =     1.4 sec
power : iter =    482 ; delta = 9.045957e-06 ; dt =     1.4 sec
power : iter =    483 ; delta = 8.950881e-06 ; dt =     1.4 sec
power : iter =    484 ; delta = 8.856829e-06 ; dt =     1.4 sec
power : iter =    485 ; delta = 8.763767e-06 ; dt =     1.4 sec
power : iter =    486 ; delta = 8.671706e-06 ; dt =     1.4 sec
power : iter =    487 ; delta = 8.580614e-06 ; dt =     1.4 sec
power : iter =    488 ; delta = 8.490502e-06 ; dt =     1.4 sec
power : iter =    489 ; delta = 8.401338e-06 ; dt =     1.4 sec
power : iter =    490 ; delta = 8.313132e-06 ; dt =     1.4 sec
power : iter =    491 ; delta = 8.225854e-06 ; dt =     1.4 sec
power : iter =    492 ; delta = 8.139513e-06 ; dt =     1.4 sec
power : iter =    493 ; delta = 8.054080e-06 ; dt =     1.4 sec
power : iter =    494 ; delta = 7.969565e-06 ; dt =     1.4 sec
power : iter =    495 ; delta = 7.885938e-06 ; dt =     1.4 sec
power : iter =    496 ; delta = 7.803209e-06 ; dt =     1.4 sec
power : iter =    497 ; delta = 7.721349e-06 ; dt =     1.4 sec
power : iter =    498 ; delta = 7.640368e-06 ; dt =     1.4 sec
power : iter =    499 ; delta = 7.560237e-06 ; dt =     1.4 sec
power : iter =    500 ; delta = 7.480965e-06 ; dt =     1.4 sec
power : iter =    501 ; delta = 7.402527e-06 ; dt =     1.5 sec
power : iter =    502 ; delta = 7.324929e-06 ; dt =     1.5 sec
power : iter =    503 ; delta = 7.248146e-06 ; dt =     1.5 sec
power : iter =    504 ; delta = 7.172185e-06 ; dt =     1.5 sec
power : iter =    505 ; delta = 7.097022e-06 ; dt =     1.5 sec
power : iter =    506 ; delta = 7.022664e-06 ; dt =     1.5 sec
power : iter =    507 ; delta = 6.949086e-06 ; dt =     1.5 sec
power : iter =    508 ; delta = 6.876296e-06 ; dt =     1.5 sec
power : iter =    509 ; delta = 6.804270e-06 ; dt =     1.5 sec
power : iter =    510 ; delta = 6.733014e-06 ; dt =     1.5 sec
power : iter =    511 ; delta = 6.662506e-06 ; dt =     1.5 sec
power : iter =    512 ; delta = 6.592751e-06 ; dt =     1.5 sec
power : iter =    513 ; delta = 6.523729e-06 ; dt =     1.5 sec
power : iter =    514 ; delta = 6.455444e-06 ; dt =     1.5 sec
power : iter =    515 ; delta = 6.387876e-06 ; dt =     1.5 sec
power : iter =    516 ; delta = 6.321029e-06 ; dt =     1.5 sec
power : iter =    517 ; delta = 6.254883e-06 ; dt =     1.5 sec
power : iter =    518 ; delta = 6.189444e-06 ; dt =     1.5 sec
power : iter =    519 ; delta = 6.124690e-06 ; dt =     1.5 sec
power : iter =    520 ; delta = 6.060628e-06 ; dt =     1.5 sec
power : iter =    521 ; delta = 5.997237e-06 ; dt =     1.5 sec
power : iter =    522 ; delta = 5.934523e-06 ; dt =     1.5 sec
power : iter =    523 ; delta = 5.872465e-06 ; dt =     1.5 sec
power : iter =    524 ; delta = 5.811070e-06 ; dt =     1.5 sec
power : iter =    525 ; delta = 5.750317e-06 ; dt =     1.5 sec
power : iter =    526 ; delta = 5.690213e-06 ; dt =     1.5 sec
power : iter =    527 ; delta = 5.630738e-06 ; dt =     1.5 sec
power : iter =    528 ; delta = 5.571896e-06 ; dt =     1.5 sec
power : iter =    529 ; delta = 5.513671e-06 ; dt =     1.5 sec
power : iter =    530 ; delta = 5.456066e-06 ; dt =     1.5 sec
power : iter =    531 ; delta = 5.399064e-06 ; dt =     1.5 sec
power : iter =    532 ; delta = 5.342669e-06 ; dt =     1.5 sec
power : iter =    533 ; delta = 5.286865e-06 ; dt =     1.5 sec
power : iter =    534 ; delta = 5.231654e-06 ; dt =     1.5 sec
power : iter =    535 ; delta = 5.177021e-06 ; dt =     1.5 sec
power : iter =    536 ; delta = 5.122969e-06 ; dt =     1.6 sec
power : iter =    537 ; delta = 5.069483e-06 ; dt =     1.6 sec
power : iter =    538 ; delta = 5.016566e-06 ; dt =     1.6 sec
power : iter =    539 ; delta = 4.964202e-06 ; dt =     1.6 sec
power : iter =    540 ; delta = 4.912395e-06 ; dt =     1.6 sec
power : iter =    541 ; delta = 4.861130e-06 ; dt =     1.6 sec
power : iter =    542 ; delta = 4.810409e-06 ; dt =     1.6 sec
power : iter =    543 ; delta = 4.760219e-06 ; dt =     1.6 sec
power : iter =    544 ; delta = 4.710562e-06 ; dt =     1.6 sec
power : iter =    545 ; delta = 4.661424e-06 ; dt =     1.6 sec
power : iter =    546 ; delta = 4.612808e-06 ; dt =     1.6 sec
power : iter =    547 ; delta = 4.564700e-06 ; dt =     1.6 sec
power : iter =    548 ; delta = 4.517103e-06 ; dt =     1.6 sec
power : iter =    549 ; delta = 4.470003e-06 ; dt =     1.6 sec
power : iter =    550 ; delta = 4.423403e-06 ; dt =     1.6 sec
power : iter =    551 ; delta = 4.377290e-06 ; dt =     1.6 sec
power : iter =    552 ; delta = 4.331666e-06 ; dt =     1.6 sec
power : iter =    553 ; delta = 4.286518e-06 ; dt =     1.6 sec
power : iter =    554 ; delta = 4.241849e-06 ; dt =     1.6 sec
power : iter =    555 ; delta = 4.197647e-06 ; dt =     1.6 sec
power : iter =    556 ; delta = 4.153913e-06 ; dt =     1.6 sec
power : iter =    557 ; delta = 4.110636e-06 ; dt =     1.6 sec
power : iter =    558 ; delta = 4.067818e-06 ; dt =     1.6 sec
power : iter =    559 ; delta = 4.025446e-06 ; dt =     1.6 sec
power : iter =    560 ; delta = 3.983523e-06 ; dt =     1.6 sec
power : iter =    561 ; delta = 3.942038e-06 ; dt =     1.6 sec
power : iter =    562 ; delta = 3.900992e-06 ; dt =     1.6 sec
power : iter =    563 ; delta = 3.860375e-06 ; dt =     1.6 sec
power : iter =    564 ; delta = 3.820187e-06 ; dt =     1.6 sec
power : iter =    565 ; delta = 3.780419e-06 ; dt =     1.6 sec
power : iter =    566 ; delta = 3.741072e-06 ; dt =     1.6 sec
power : iter =    567 ; delta = 3.702134e-06 ; dt =     1.6 sec
power : iter =    568 ; delta = 3.663609e-06 ; dt =     1.6 sec
power : iter =    569 ; delta = 3.625486e-06 ; dt =     1.6 sec
power : iter =    570 ; delta = 3.587766e-06 ; dt =     1.7 sec
power : iter =    571 ; delta = 3.550439e-06 ; dt =     1.7 sec
power : iter =    572 ; delta = 3.513507e-06 ; dt =     1.7 sec
power : iter =    573 ; delta = 3.476959e-06 ; dt =     1.7 sec
power : iter =    574 ; delta = 3.440798e-06 ; dt =     1.7 sec
power : iter =    575 ; delta = 3.405014e-06 ; dt =     1.7 sec
power : iter =    576 ; delta = 3.369608e-06 ; dt =     1.7 sec
power : iter =    577 ; delta = 3.334571e-06 ; dt =     1.7 sec
power : iter =    578 ; delta = 3.299904e-06 ; dt =     1.7 sec
power : iter =    579 ; delta = 3.265598e-06 ; dt =     1.7 sec
power : iter =    580 ; delta = 3.231654e-06 ; dt =     1.7 sec
power : iter =    581 ; delta = 3.198064e-06 ; dt =     1.7 sec
power : iter =    582 ; delta = 3.164829e-06 ; dt =     1.7 sec
power : iter =    583 ; delta = 3.131939e-06 ; dt =     1.7 sec
power : iter =    584 ; delta = 3.099397e-06 ; dt =     1.7 sec
power : iter =    585 ; delta = 3.067194e-06 ; dt =     1.7 sec
power : iter =    586 ; delta = 3.035330e-06 ; dt =     1.7 sec
power : iter =    587 ; delta = 3.003798e-06 ; dt =     1.7 sec
power : iter =    588 ; delta = 2.972598e-06 ; dt =     1.7 sec
power : iter =    589 ; delta = 2.941724e-06 ; dt =     1.7 sec
power : iter =    590 ; delta = 2.911175e-06 ; dt =     1.7 sec
power : iter =    591 ; delta = 2.880943e-06 ; dt =     1.7 sec
power : iter =    592 ; delta = 2.851031e-06 ; dt =     1.7 sec
power : iter =    593 ; delta = 2.821429e-06 ; dt =     1.7 sec
power : iter =    594 ; delta = 2.792140e-06 ; dt =     1.7 sec
power : iter =    595 ; delta = 2.763155e-06 ; dt =     1.7 sec
power : iter =    596 ; delta = 2.734475e-06 ; dt =     1.7 sec
power : iter =    597 ; delta = 2.706094e-06 ; dt =     1.7 sec
power : iter =    598 ; delta = 2.678012e-06 ; dt =     1.7 sec
power : iter =    599 ; delta = 2.650222e-06 ; dt =     1.7 sec
power : iter =    600 ; delta = 2.622724e-06 ; dt =     1.7 sec
power : iter =    601 ; delta = 2.595512e-06 ; dt =     1.7 sec
power : iter =    602 ; delta = 2.568587e-06 ; dt =     1.7 sec
power : iter =    603 ; delta = 2.541941e-06 ; dt =     1.7 sec
power : iter =    604 ; delta = 2.515576e-06 ; dt =     1.7 sec
power : iter =    605 ; delta = 2.489485e-06 ; dt =     1.8 sec
power : iter =    606 ; delta = 2.463669e-06 ; dt =     1.8 sec
power : iter =    607 ; delta = 2.438120e-06 ; dt =     1.8 sec
power : iter =    608 ; delta = 2.412841e-06 ; dt =     1.8 sec
power : iter =    609 ; delta = 2.387824e-06 ; dt =     1.8 sec
power : iter =    610 ; delta = 2.363070e-06 ; dt =     1.8 sec
power : iter =    611 ; delta = 2.338573e-06 ; dt =     1.8 sec
power : iter =    612 ; delta = 2.314334e-06 ; dt =     1.8 sec
power : iter =    613 ; delta = 2.290346e-06 ; dt =     1.8 sec
power : iter =    614 ; delta = 2.266611e-06 ; dt =     1.8 sec
power : iter =    615 ; delta = 2.243122e-06 ; dt =     1.8 sec
power : iter =    616 ; delta = 2.219879e-06 ; dt =     1.8 sec
power : iter =    617 ; delta = 2.196879e-06 ; dt =     1.8 sec
power : iter =    618 ; delta = 2.174119e-06 ; dt =     1.8 sec
power : iter =    619 ; delta = 2.151596e-06 ; dt =     1.8 sec
power : iter =    620 ; delta = 2.129310e-06 ; dt =     1.8 sec
power : iter =    621 ; delta = 2.107254e-06 ; dt =     1.8 sec
power : iter =    622 ; delta = 2.085430e-06 ; dt =     1.8 sec
power : iter =    623 ; delta = 2.063833e-06 ; dt =     1.8 sec
power : iter =    624 ; delta = 2.042463e-06 ; dt =     1.8 sec
power : iter =    625 ; delta = 2.021314e-06 ; dt =     1.8 sec
power : iter =    626 ; delta = 2.000387e-06 ; dt =     1.8 sec
power : iter =    627 ; delta = 1.979677e-06 ; dt =     1.8 sec
power : iter =    628 ; delta = 1.959184e-06 ; dt =     1.8 sec
power : iter =    629 ; delta = 1.938904e-06 ; dt =     1.8 sec
power : iter =    630 ; delta = 1.918837e-06 ; dt =     1.8 sec
power : iter =    631 ; delta = 1.898977e-06 ; dt =     1.8 sec
power : iter =    632 ; delta = 1.879326e-06 ; dt =     1.8 sec
power : iter =    633 ; delta = 1.859879e-06 ; dt =     1.8 sec
power : iter =    634 ; delta = 1.840635e-06 ; dt =     1.8 sec
power : iter =    635 ; delta = 1.821591e-06 ; dt =     1.8 sec
power : iter =    636 ; delta = 1.802747e-06 ; dt =     1.8 sec
power : iter =    637 ; delta = 1.784098e-06 ; dt =     1.8 sec
power : iter =    638 ; delta = 1.765644e-06 ; dt =     1.8 sec
power : iter =    639 ; delta = 1.747382e-06 ; dt =     1.9 sec
power : iter =    640 ; delta = 1.729311e-06 ; dt =     1.9 sec
power : iter =    641 ; delta = 1.711427e-06 ; dt =     1.9 sec
power : iter =    642 ; delta = 1.693730e-06 ; dt =     1.9 sec
power : iter =    643 ; delta = 1.676217e-06 ; dt =     1.9 sec
power : iter =    644 ; delta = 1.658887e-06 ; dt =     1.9 sec
power : iter =    645 ; delta = 1.641736e-06 ; dt =     1.9 sec
power : iter =    646 ; delta = 1.624765e-06 ; dt =     1.9 sec
power : iter =    647 ; delta = 1.607970e-06 ; dt =     1.9 sec
power : iter =    648 ; delta = 1.591351e-06 ; dt =     1.9 sec
power : iter =    649 ; delta = 1.574904e-06 ; dt =     1.9 sec
power : iter =    650 ; delta = 1.558628e-06 ; dt =     1.9 sec
power : iter =    651 ; delta = 1.542522e-06 ; dt =     1.9 sec
power : iter =    652 ; delta = 1.526584e-06 ; dt =     1.9 sec
power : iter =    653 ; delta = 1.510810e-06 ; dt =     1.9 sec
power : iter =    654 ; delta = 1.495202e-06 ; dt =     1.9 sec
power : iter =    655 ; delta = 1.479755e-06 ; dt =     1.9 sec
power : iter =    656 ; delta = 1.464470e-06 ; dt =     1.9 sec
power : iter =    657 ; delta = 1.449343e-06 ; dt =     1.9 sec
power : iter =    658 ; delta = 1.434374e-06 ; dt =     1.9 sec
power : iter =    659 ; delta = 1.419560e-06 ; dt =     1.9 sec
power : iter =    660 ; delta = 1.404901e-06 ; dt =     1.9 sec
power : iter =    661 ; delta = 1.390394e-06 ; dt =     1.9 sec
power : iter =    662 ; delta = 1.376038e-06 ; dt =     1.9 sec
power : iter =    663 ; delta = 1.361830e-06 ; dt =     1.9 sec
power : iter =    664 ; delta = 1.347771e-06 ; dt =     1.9 sec
power : iter =    665 ; delta = 1.333858e-06 ; dt =     1.9 sec
power : iter =    666 ; delta = 1.320089e-06 ; dt =     1.9 sec
power : iter =    667 ; delta = 1.306463e-06 ; dt =     1.9 sec
power : iter =    668 ; delta = 1.292980e-06 ; dt =     1.9 sec
power : iter =    669 ; delta = 1.279636e-06 ; dt =     1.9 sec
power : iter =    670 ; delta = 1.266431e-06 ; dt =     1.9 sec
power : iter =    671 ; delta = 1.253362e-06 ; dt =     1.9 sec
power : iter =    672 ; delta = 1.240430e-06 ; dt =     1.9 sec
power : iter =    673 ; delta = 1.227632e-06 ; dt =     1.9 sec
power : iter =    674 ; delta = 1.214967e-06 ; dt =     2.0 sec
power : iter =    675 ; delta = 1.202433e-06 ; dt =     2.0 sec
power : iter =    676 ; delta = 1.190030e-06 ; dt =     2.0 sec
power : iter =    677 ; delta = 1.177755e-06 ; dt =     2.0 sec
power : iter =    678 ; delta = 1.165608e-06 ; dt =     2.0 sec
power : iter =    679 ; delta = 1.153587e-06 ; dt =     2.0 sec
power : iter =    680 ; delta = 1.141691e-06 ; dt =     2.0 sec
power : iter =    681 ; delta = 1.129918e-06 ; dt =     2.0 sec
power : iter =    682 ; delta = 1.118268e-06 ; dt =     2.0 sec
power : iter =    683 ; delta = 1.106738e-06 ; dt =     2.0 sec
power : iter =    684 ; delta = 1.095328e-06 ; dt =     2.0 sec
power : iter =    685 ; delta = 1.084036e-06 ; dt =     2.0 sec
power : iter =    686 ; delta = 1.072861e-06 ; dt =     2.0 sec
power : iter =    687 ; delta = 1.061803e-06 ; dt =     2.0 sec
power : iter =    688 ; delta = 1.050859e-06 ; dt =     2.0 sec
power : iter =    689 ; delta = 1.040028e-06 ; dt =     2.0 sec
power : iter =    690 ; delta = 1.029310e-06 ; dt =     2.0 sec
power : iter =    691 ; delta = 1.018703e-06 ; dt =     2.0 sec
power : iter =    692 ; delta = 1.008206e-06 ; dt =     2.0 sec
power : iter =    693 ; delta = 9.978181e-07 ; dt =     2.0 sec
power : iter =    694 ; delta = 9.875380e-07 ; dt =     2.0 sec
power : iter =    695 ; delta = 9.773639e-07 ; dt =     2.0 sec
power : iter =    696 ; delta = 9.672958e-07 ; dt =     2.0 sec
power : iter =    697 ; delta = 9.573316e-07 ; dt =     2.0 sec
power : iter =    698 ; delta = 9.474711e-07 ; dt =     2.0 sec
power : iter =    699 ; delta = 9.377123e-07 ; dt =     2.0 sec
power : iter =    700 ; delta = 9.280551e-07 ; dt =     2.0 sec
power : iter =    701 ; delta = 9.184976e-07 ; dt =     2.0 sec
power : iter =    702 ; delta = 9.090395e-07 ; dt =     2.0 sec
power : iter =    703 ; delta = 8.996789e-07 ; dt =     2.0 sec
power : iter =    704 ; delta = 8.904158e-07 ; dt =     2.0 sec
power : iter =    705 ; delta = 8.812482e-07 ; dt =     2.0 sec
power : iter =    706 ; delta = 8.721760e-07 ; dt =     2.0 sec
power : iter =    707 ; delta = 8.631973e-07 ; dt =     2.0 sec
power : iter =    708 ; delta = 8.543120e-07 ; dt =     2.0 sec
power : iter =    709 ; delta = 8.455183e-07 ; dt =     2.1 sec
power : iter =    710 ; delta = 8.368161e-07 ; dt =     2.1 sec
power : iter =    711 ; delta = 8.282035e-07 ; dt =     2.1 sec
power : iter =    712 ; delta = 8.196806e-07 ; dt =     2.1 sec
power : iter =    713 ; delta = 8.112454e-07 ; dt =     2.1 sec
power : iter =    714 ; delta = 8.028980e-07 ; dt =     2.1 sec
power : iter =    715 ; delta = 7.946366e-07 ; dt =     2.1 sec
power : iter =    716 ; delta = 7.864611e-07 ; dt =     2.1 sec
power : iter =    717 ; delta = 7.783698e-07 ; dt =     2.1 sec
power : iter =    718 ; delta = 7.703626e-07 ; dt =     2.1 sec
power : iter =    719 ; delta = 7.624379e-07 ; dt =     2.1 sec
power : iter =    720 ; delta = 7.545955e-07 ; dt =     2.1 sec
power : iter =    721 ; delta = 7.468339e-07 ; dt =     2.1 sec
power : iter =    722 ; delta = 7.391530e-07 ; dt =     2.1 sec
power : iter =    723 ; delta = 7.315512e-07 ; dt =     2.1 sec
power : iter =    724 ; delta = 7.240283e-07 ; dt =     2.1 sec
power : iter =    725 ; delta = 7.165829e-07 ; dt =     2.1 sec
power : iter =    726 ; delta = 7.092149e-07 ; dt =     2.1 sec
power : iter =    727 ; delta = 7.019227e-07 ; dt =     2.1 sec
power : iter =    728 ; delta = 6.947062e-07 ; dt =     2.1 sec
power : iter =    729 ; delta = 6.875641e-07 ; dt =     2.1 sec
power : iter =    730 ; delta = 6.804961e-07 ; dt =     2.1 sec
power : iter =    731 ; delta = 6.735008e-07 ; dt =     2.1 sec
power : iter =    732 ; delta = 6.665782e-07 ; dt =     2.1 sec
power : iter =    733 ; delta = 6.597268e-07 ; dt =     2.1 sec
power : iter =    734 ; delta = 6.529465e-07 ; dt =     2.1 sec
power : iter =    735 ; delta = 6.462360e-07 ; dt =     2.1 sec
power : iter =    736 ; delta = 6.395952e-07 ; dt =     2.1 sec
power : iter =    737 ; delta = 6.330227e-07 ; dt =     2.1 sec
power : iter =    738 ; delta = 6.265183e-07 ; dt =     2.1 sec
power : iter =    739 ; delta = 6.200809e-07 ; dt =     2.1 sec
power : iter =    740 ; delta = 6.137103e-07 ; dt =     2.1 sec
power : iter =    741 ; delta = 6.074053e-07 ; dt =     2.1 sec
power : iter =    742 ; delta = 6.011656e-07 ; dt =     2.1 sec
power : iter =    743 ; delta = 5.949901e-07 ; dt =     2.2 sec
power : iter =    744 ; delta = 5.888786e-07 ; dt =     2.2 sec
power : iter =    745 ; delta = 5.828300e-07 ; dt =     2.2 sec
power : iter =    746 ; delta = 5.768442e-07 ; dt =     2.2 sec
power : iter =    747 ; delta = 5.709198e-07 ; dt =     2.2 sec
power : iter =    748 ; delta = 5.650569e-07 ; dt =     2.2 sec
power : iter =    749 ; delta = 5.592543e-07 ; dt =     2.2 sec
power : iter =    750 ; delta = 5.535119e-07 ; dt =     2.2 sec
power : iter =    751 ; delta = 5.478285e-07 ; dt =     2.2 sec
power : iter =    752 ; delta = 5.422039e-07 ; dt =     2.2 sec
power : iter =    753 ; delta = 5.366372e-07 ; dt =     2.2 sec
power : iter =    754 ; delta = 5.311282e-07 ; dt =     2.2 sec
power : iter =    755 ; delta = 5.256758e-07 ; dt =     2.2 sec
power : iter =    756 ; delta = 5.202799e-07 ; dt =     2.2 sec
power : iter =    757 ; delta = 5.149395e-07 ; dt =     2.2 sec
power : iter =    758 ; delta = 5.096544e-07 ; dt =     2.2 sec
power : iter =    759 ; delta = 5.044236e-07 ; dt =     2.2 sec
power : iter =    760 ; delta = 4.992470e-07 ; dt =     2.2 sec
power : iter =    761 ; delta = 4.941235e-07 ; dt =     2.2 sec
power : iter =    762 ; delta = 4.890532e-07 ; dt =     2.2 sec
power : iter =    763 ; delta = 4.840349e-07 ; dt =     2.2 sec
power : iter =    764 ; delta = 4.790686e-07 ; dt =     2.2 sec
power : iter =    765 ; delta = 4.741533e-07 ; dt =     2.2 sec
power : iter =    766 ; delta = 4.692889e-07 ; dt =     2.2 sec
power : iter =    767 ; delta = 4.644744e-07 ; dt =     2.2 sec
power : iter =    768 ; delta = 4.597098e-07 ; dt =     2.2 sec
power : iter =    769 ; delta = 4.549941e-07 ; dt =     2.2 sec
power : iter =    770 ; delta = 4.503273e-07 ; dt =     2.2 sec
power : iter =    771 ; delta = 4.457083e-07 ; dt =     2.2 sec
power : iter =    772 ; delta = 4.411372e-07 ; dt =     2.2 sec
power : iter =    773 ; delta = 4.366130e-07 ; dt =     2.2 sec
power : iter =    774 ; delta = 4.321356e-07 ; dt =     2.2 sec
power : iter =    775 ; delta = 4.277042e-07 ; dt =     2.2 sec
power : iter =    776 ; delta = 4.233186e-07 ; dt =     2.2 sec
power : iter =    777 ; delta = 4.189780e-07 ; dt =     2.2 sec
power : iter =    778 ; delta = 4.146824e-07 ; dt =     2.3 sec
power : iter =    779 ; delta = 4.104308e-07 ; dt =     2.3 sec
power : iter =    780 ; delta = 4.062232e-07 ; dt =     2.3 sec
power : iter =    781 ; delta = 4.020588e-07 ; dt =     2.3 sec
power : iter =    782 ; delta = 3.979374e-07 ; dt =     2.3 sec
power : iter =    783 ; delta = 3.938584e-07 ; dt =     2.3 sec
power : iter =    784 ; delta = 3.898215e-07 ; dt =     2.3 sec
power : iter =    785 ; delta = 3.858261e-07 ; dt =     2.3 sec
power : iter =    786 ; delta = 3.818719e-07 ; dt =     2.3 sec
power : iter =    787 ; delta = 3.779583e-07 ; dt =     2.3 sec
power : iter =    788 ; delta = 3.740852e-07 ; dt =     2.3 sec
power : iter =    789 ; delta = 3.702518e-07 ; dt =     2.3 sec
power : iter =    790 ; delta = 3.664580e-07 ; dt =     2.3 sec
power : iter =    791 ; delta = 3.627032e-07 ; dt =     2.3 sec
power : iter =    792 ; delta = 3.589871e-07 ; dt =     2.3 sec
power : iter =    793 ; delta = 3.553092e-07 ; dt =     2.3 sec
power : iter =    794 ; delta = 3.516692e-07 ; dt =     2.3 sec
power : iter =    795 ; delta = 3.480666e-07 ; dt =     2.3 sec
power : iter =    796 ; delta = 3.445012e-07 ; dt =     2.3 sec
power : iter =    797 ; delta = 3.409724e-07 ; dt =     2.3 sec
power : iter =    798 ; delta = 3.374800e-07 ; dt =     2.3 sec
power : iter =    799 ; delta = 3.340234e-07 ; dt =     2.3 sec
power : iter =    800 ; delta = 3.306025e-07 ; dt =     2.3 sec
power : iter =    801 ; delta = 3.272167e-07 ; dt =     2.3 sec
power : iter =    802 ; delta = 3.238659e-07 ; dt =     2.3 sec
power : iter =    803 ; delta = 3.205494e-07 ; dt =     2.3 sec
power : iter =    804 ; delta = 3.172671e-07 ; dt =     2.3 sec
power : iter =    805 ; delta = 3.140185e-07 ; dt =     2.3 sec
power : iter =    806 ; delta = 3.108035e-07 ; dt =     2.3 sec
power : iter =    807 ; delta = 3.076214e-07 ; dt =     2.3 sec
power : iter =    808 ; delta = 3.044721e-07 ; dt =     2.3 sec
power : iter =    809 ; delta = 3.013551e-07 ; dt =     2.3 sec
power : iter =    810 ; delta = 2.982703e-07 ; dt =     2.3 sec
power : iter =    811 ; delta = 2.952171e-07 ; dt =     2.3 sec
power : iter =    812 ; delta = 2.921953e-07 ; dt =     2.4 sec
power : iter =    813 ; delta = 2.892046e-07 ; dt =     2.4 sec
power : iter =    814 ; delta = 2.862447e-07 ; dt =     2.4 sec
power : iter =    815 ; delta = 2.833151e-07 ; dt =     2.4 sec
power : iter =    816 ; delta = 2.804158e-07 ; dt =     2.4 sec
power : iter =    817 ; delta = 2.775462e-07 ; dt =     2.4 sec
power : iter =    818 ; delta = 2.747061e-07 ; dt =     2.4 sec
power : iter =    819 ; delta = 2.718952e-07 ; dt =     2.4 sec
power : iter =    820 ; delta = 2.691132e-07 ; dt =     2.4 sec
power : iter =    821 ; delta = 2.663597e-07 ; dt =     2.4 sec
power : iter =    822 ; delta = 2.636347e-07 ; dt =     2.4 sec
power : iter =    823 ; delta = 2.609375e-07 ; dt =     2.4 sec
power : iter =    824 ; delta = 2.582682e-07 ; dt =     2.4 sec
power : iter =    825 ; delta = 2.556262e-07 ; dt =     2.4 sec
power : iter =    826 ; delta = 2.530114e-07 ; dt =     2.4 sec
power : iter =    827 ; delta = 2.504234e-07 ; dt =     2.4 sec
power : iter =    828 ; delta = 2.478620e-07 ; dt =     2.4 sec
power : iter =    829 ; delta = 2.453269e-07 ; dt =     2.4 sec
power : iter =    830 ; delta = 2.428180e-07 ; dt =     2.4 sec
power : iter =    831 ; delta = 2.403347e-07 ; dt =     2.4 sec
power : iter =    832 ; delta = 2.378770e-07 ; dt =     2.4 sec
power : iter =    833 ; delta = 2.354444e-07 ; dt =     2.4 sec
power : iter =    834 ; delta = 2.330370e-07 ; dt =     2.4 sec
power : iter =    835 ; delta = 2.306541e-07 ; dt =     2.4 sec
power : iter =    836 ; delta = 2.282959e-07 ; dt =     2.4 sec
power : iter =    837 ; delta = 2.259617e-07 ; dt =     2.4 sec
power : iter =    838 ; delta = 2.236516e-07 ; dt =     2.4 sec
power : iter =    839 ; delta = 2.213652e-07 ; dt =     2.4 sec
power : iter =    840 ; delta = 2.191022e-07 ; dt =     2.4 sec
power : iter =    841 ; delta = 2.168625e-07 ; dt =     2.4 sec
power : iter =    842 ; delta = 2.146458e-07 ; dt =     2.4 sec
power : iter =    843 ; delta = 2.124518e-07 ; dt =     2.4 sec
power : iter =    844 ; delta = 2.102804e-07 ; dt =     2.4 sec
power : iter =    845 ; delta = 2.081312e-07 ; dt =     2.4 sec
power : iter =    846 ; delta = 2.060041e-07 ; dt =     2.4 sec
power : iter =    847 ; delta = 2.038988e-07 ; dt =     2.5 sec
power : iter =    848 ; delta = 2.018152e-07 ; dt =     2.5 sec
power : iter =    849 ; delta = 1.997529e-07 ; dt =     2.5 sec
power : iter =    850 ; delta = 1.977118e-07 ; dt =     2.5 sec
power : iter =    851 ; delta = 1.956916e-07 ; dt =     2.5 sec
power : iter =    852 ; delta = 1.936921e-07 ; dt =     2.5 sec
power : iter =    853 ; delta = 1.917132e-07 ; dt =     2.5 sec
power : iter =    854 ; delta = 1.897546e-07 ; dt =     2.5 sec
power : iter =    855 ; delta = 1.878160e-07 ; dt =     2.5 sec
power : iter =    856 ; delta = 1.858974e-07 ; dt =     2.5 sec
power : iter =    857 ; delta = 1.839984e-07 ; dt =     2.5 sec
power : iter =    858 ; delta = 1.821189e-07 ; dt =     2.5 sec
power : iter =    859 ; delta = 1.802586e-07 ; dt =     2.5 sec
power : iter =    860 ; delta = 1.784175e-07 ; dt =     2.5 sec
power : iter =    861 ; delta = 1.765952e-07 ; dt =     2.5 sec
power : iter =    862 ; delta = 1.747917e-07 ; dt =     2.5 sec
power : iter =    863 ; delta = 1.730066e-07 ; dt =     2.5 sec
power : iter =    864 ; delta = 1.712398e-07 ; dt =     2.5 sec
power : iter =    865 ; delta = 1.694911e-07 ; dt =     2.5 sec
power : iter =    866 ; delta = 1.677604e-07 ; dt =     2.5 sec
power : iter =    867 ; delta = 1.660474e-07 ; dt =     2.5 sec
power : iter =    868 ; delta = 1.643520e-07 ; dt =     2.5 sec
power : iter =    869 ; delta = 1.626739e-07 ; dt =     2.5 sec
power : iter =    870 ; delta = 1.610131e-07 ; dt =     2.5 sec
power : iter =    871 ; delta = 1.593692e-07 ; dt =     2.5 sec
power : iter =    872 ; delta = 1.577423e-07 ; dt =     2.5 sec
power : iter =    873 ; delta = 1.561319e-07 ; dt =     2.5 sec
power : iter =    874 ; delta = 1.545382e-07 ; dt =     2.5 sec
power : iter =    875 ; delta = 1.529607e-07 ; dt =     2.5 sec
power : iter =    876 ; delta = 1.513994e-07 ; dt =     2.5 sec
power : iter =    877 ; delta = 1.498541e-07 ; dt =     2.5 sec
power : iter =    878 ; delta = 1.483246e-07 ; dt =     2.5 sec
power : iter =    879 ; delta = 1.468108e-07 ; dt =     2.5 sec
power : iter =    880 ; delta = 1.453125e-07 ; dt =     2.5 sec
power : iter =    881 ; delta = 1.438296e-07 ; dt =     2.6 sec
power : iter =    882 ; delta = 1.423618e-07 ; dt =     2.6 sec
power : iter =    883 ; delta = 1.409091e-07 ; dt =     2.6 sec
power : iter =    884 ; delta = 1.394713e-07 ; dt =     2.6 sec
power : iter =    885 ; delta = 1.380482e-07 ; dt =     2.6 sec
power : iter =    886 ; delta = 1.366397e-07 ; dt =     2.6 sec
power : iter =    887 ; delta = 1.352456e-07 ; dt =     2.6 sec
power : iter =    888 ; delta = 1.338657e-07 ; dt =     2.6 sec
power : iter =    889 ; delta = 1.325000e-07 ; dt =     2.6 sec
power : iter =    890 ; delta = 1.311484e-07 ; dt =     2.6 sec
power : iter =    891 ; delta = 1.298105e-07 ; dt =     2.6 sec
power : iter =    892 ; delta = 1.284863e-07 ; dt =     2.6 sec
power : iter =    893 ; delta = 1.271757e-07 ; dt =     2.6 sec
power : iter =    894 ; delta = 1.258785e-07 ; dt =     2.6 sec
power : iter =    895 ; delta = 1.245946e-07 ; dt =     2.6 sec
power : iter =    896 ; delta = 1.233239e-07 ; dt =     2.6 sec
power : iter =    897 ; delta = 1.220661e-07 ; dt =     2.6 sec
power : iter =    898 ; delta = 1.208212e-07 ; dt =     2.6 sec
power : iter =    899 ; delta = 1.195891e-07 ; dt =     2.6 sec
power : iter =    900 ; delta = 1.183696e-07 ; dt =     2.6 sec
power : iter =    901 ; delta = 1.171625e-07 ; dt =     2.6 sec
power : iter =    902 ; delta = 1.159678e-07 ; dt =     2.6 sec
power : iter =    903 ; delta = 1.147853e-07 ; dt =     2.6 sec
power : iter =    904 ; delta = 1.136150e-07 ; dt =     2.6 sec
power : iter =    905 ; delta = 1.124566e-07 ; dt =     2.6 sec
power : iter =    906 ; delta = 1.113101e-07 ; dt =     2.6 sec
power : iter =    907 ; delta = 1.101753e-07 ; dt =     2.6 sec
power : iter =    908 ; delta = 1.090521e-07 ; dt =     2.6 sec
power : iter =    909 ; delta = 1.079404e-07 ; dt =     2.6 sec
power : iter =    910 ; delta = 1.068401e-07 ; dt =     2.6 sec
power : iter =    911 ; delta = 1.057510e-07 ; dt =     2.6 sec
power : iter =    912 ; delta = 1.046731e-07 ; dt =     2.6 sec
power : iter =    913 ; delta = 1.036062e-07 ; dt =     2.6 sec
power : iter =    914 ; delta = 1.025502e-07 ; dt =     2.6 sec
power : iter =    915 ; delta = 1.015050e-07 ; dt =     2.6 sec
power : iter =    916 ; delta = 1.004705e-07 ; dt =     2.7 sec
power : iter =    917 ; delta = 9.944659e-08 ; dt =     2.7 sec
power : solved pagerank(a=0.9900) in   917 mults to 1.000000e-07 tol
output norm: 1.0000000000000000e+00
2.65user 0.00system 0:02.65elapsed 99%CPU (0avgtext+0avgdata 0maxresident)k
0inputs+0outputs (0major+421minor)pagefaults 0swaps
