Parameters: 
   graphfile = /var/tmp/dgleich/data/cnr-2000
      output = none
         alg = power
       alpha = 0.99
         tol = 1e-07
       maxit = 10000

nodes = 325557
edges = 3216152
power : iter =      1 ; delta = 9.501273e-01 ; dt =     0.4 sec
power : iter =      2 ; delta = 5.009439e-01 ; dt =     0.7 sec
power : iter =      3 ; delta = 3.026058e-01 ; dt =     0.8 sec
power : iter =      4 ; delta = 1.977313e-01 ; dt =     0.9 sec
power : iter =      5 ; delta = 1.468286e-01 ; dt =     1.1 sec
power : iter =      6 ; delta = 1.140811e-01 ; dt =     1.2 sec
power : iter =      7 ; delta = 9.428759e-02 ; dt =     1.4 sec
power : iter =      8 ; delta = 8.127644e-02 ; dt =     1.5 sec
power : iter =      9 ; delta = 7.232723e-02 ; dt =     1.7 sec
power : iter =     10 ; delta = 6.461632e-02 ; dt =     1.8 sec
power : iter =     11 ; delta = 5.877490e-02 ; dt =     2.0 sec
power : iter =     12 ; delta = 5.302916e-02 ; dt =     2.1 sec
power : iter =     13 ; delta = 4.894333e-02 ; dt =     2.2 sec
power : iter =     14 ; delta = 4.520608e-02 ; dt =     2.4 sec
power : iter =     15 ; delta = 4.217942e-02 ; dt =     2.5 sec
power : iter =     16 ; delta = 3.935474e-02 ; dt =     2.7 sec
power : iter =     17 ; delta = 3.704387e-02 ; dt =     2.8 sec
power : iter =     18 ; delta = 3.487561e-02 ; dt =     3.0 sec
power : iter =     19 ; delta = 3.303190e-02 ; dt =     3.1 sec
power : iter =     20 ; delta = 3.137428e-02 ; dt =     3.3 sec
power : iter =     21 ; delta = 2.990078e-02 ; dt =     3.4 sec
power : iter =     22 ; delta = 2.855492e-02 ; dt =     3.5 sec
power : iter =     23 ; delta = 2.737288e-02 ; dt =     3.7 sec
power : iter =     24 ; delta = 2.629535e-02 ; dt =     3.8 sec
power : iter =     25 ; delta = 2.528170e-02 ; dt =     4.0 sec
power : iter =     26 ; delta = 2.435235e-02 ; dt =     4.1 sec
power : iter =     27 ; delta = 2.349929e-02 ; dt =     4.3 sec
power : iter =     28 ; delta = 2.271948e-02 ; dt =     4.4 sec
power : iter =     29 ; delta = 2.198455e-02 ; dt =     4.5 sec
power : iter =     30 ; delta = 2.129846e-02 ; dt =     4.7 sec
power : iter =     31 ; delta = 2.065174e-02 ; dt =     4.8 sec
power : iter =     32 ; delta = 2.004796e-02 ; dt =     5.0 sec
power : iter =     33 ; delta = 1.947648e-02 ; dt =     5.1 sec
power : iter =     34 ; delta = 1.893844e-02 ; dt =     5.3 sec
power : iter =     35 ; delta = 1.842448e-02 ; dt =     5.4 sec
power : iter =     36 ; delta = 1.794009e-02 ; dt =     5.6 sec
power : iter =     37 ; delta = 1.747958e-02 ; dt =     5.7 sec
power : iter =     38 ; delta = 1.705568e-02 ; dt =     5.8 sec
power : iter =     39 ; delta = 1.665333e-02 ; dt =     6.0 sec
power : iter =     40 ; delta = 1.627498e-02 ; dt =     6.1 sec
power : iter =     41 ; delta = 1.590809e-02 ; dt =     6.3 sec
power : iter =     42 ; delta = 1.555719e-02 ; dt =     6.4 sec
power : iter =     43 ; delta = 1.521877e-02 ; dt =     6.6 sec
power : iter =     44 ; delta = 1.489331e-02 ; dt =     6.7 sec
power : iter =     45 ; delta = 1.457643e-02 ; dt =     6.9 sec
power : iter =     46 ; delta = 1.427176e-02 ; dt =     7.0 sec
power : iter =     47 ; delta = 1.397523e-02 ; dt =     7.1 sec
power : iter =     48 ; delta = 1.368851e-02 ; dt =     7.3 sec
power : iter =     49 ; delta = 1.341124e-02 ; dt =     7.4 sec
power : iter =     50 ; delta = 1.314293e-02 ; dt =     7.6 sec
power : iter =     51 ; delta = 1.288134e-02 ; dt =     7.7 sec
power : iter =     52 ; delta = 1.262846e-02 ; dt =     7.9 sec
power : iter =     53 ; delta = 1.238244e-02 ; dt =     8.0 sec
power : iter =     54 ; delta = 1.214318e-02 ; dt =     8.1 sec
power : iter =     55 ; delta = 1.191158e-02 ; dt =     8.3 sec
power : iter =     56 ; delta = 1.168737e-02 ; dt =     8.4 sec
power : iter =     57 ; delta = 1.146786e-02 ; dt =     8.6 sec
power : iter =     58 ; delta = 1.125503e-02 ; dt =     8.7 sec
power : iter =     59 ; delta = 1.104775e-02 ; dt =     8.9 sec
power : iter =     60 ; delta = 1.084505e-02 ; dt =     9.0 sec
power : iter =     61 ; delta = 1.064881e-02 ; dt =     9.2 sec
power : iter =     62 ; delta = 1.045705e-02 ; dt =     9.3 sec
power : iter =     63 ; delta = 1.026987e-02 ; dt =     9.5 sec
power : iter =     64 ; delta = 1.008751e-02 ; dt =     9.6 sec
power : iter =     65 ; delta = 9.910512e-03 ; dt =     9.8 sec
power : iter =     66 ; delta = 9.736606e-03 ; dt =     9.9 sec
power : iter =     67 ; delta = 9.568490e-03 ; dt =    10.0 sec
power : iter =     68 ; delta = 9.403581e-03 ; dt =    10.2 sec
power : iter =     69 ; delta = 9.242710e-03 ; dt =    10.3 sec
power : iter =     70 ; delta = 9.085416e-03 ; dt =    10.5 sec
power : iter =     71 ; delta = 8.932544e-03 ; dt =    10.6 sec
power : iter =     72 ; delta = 8.782054e-03 ; dt =    10.8 sec
power : iter =     73 ; delta = 8.636592e-03 ; dt =    10.9 sec
power : iter =     74 ; delta = 8.493580e-03 ; dt =    11.1 sec
power : iter =     75 ; delta = 8.354162e-03 ; dt =    11.2 sec
power : iter =     76 ; delta = 8.217474e-03 ; dt =    11.4 sec
power : iter =     77 ; delta = 8.084523e-03 ; dt =    11.5 sec
power : iter =     78 ; delta = 7.953418e-03 ; dt =    11.6 sec
power : iter =     79 ; delta = 7.826375e-03 ; dt =    11.8 sec
power : iter =     80 ; delta = 7.701375e-03 ; dt =    11.9 sec
power : iter =     81 ; delta = 7.579280e-03 ; dt =    12.1 sec
power : iter =     82 ; delta = 7.459549e-03 ; dt =    12.2 sec
power : iter =     83 ; delta = 7.342797e-03 ; dt =    12.4 sec
power : iter =     84 ; delta = 7.227612e-03 ; dt =    12.5 sec
power : iter =     85 ; delta = 7.115719e-03 ; dt =    12.6 sec
power : iter =     86 ; delta = 7.005624e-03 ; dt =    12.8 sec
power : iter =     87 ; delta = 6.897992e-03 ; dt =    12.9 sec
power : iter =     88 ; delta = 6.792494e-03 ; dt =    13.1 sec
power : iter =     89 ; delta = 6.689475e-03 ; dt =    13.2 sec
power : iter =     90 ; delta = 6.587926e-03 ; dt =    13.4 sec
power : iter =     91 ; delta = 6.488976e-03 ; dt =    13.5 sec
power : iter =     92 ; delta = 6.391643e-03 ; dt =    13.7 sec
power : iter =     93 ; delta = 6.296229e-03 ; dt =    13.8 sec
power : iter =     94 ; delta = 6.202693e-03 ; dt =    13.9 sec
power : iter =     95 ; delta = 6.111050e-03 ; dt =    14.1 sec
power : iter =     96 ; delta = 6.020908e-03 ; dt =    14.2 sec
power : iter =     97 ; delta = 5.932872e-03 ; dt =    14.4 sec
power : iter =     98 ; delta = 5.846295e-03 ; dt =    14.5 sec
power : iter =     99 ; delta = 5.761344e-03 ; dt =    14.7 sec
power : iter =    100 ; delta = 5.677999e-03 ; dt =    14.8 sec
power : iter =    101 ; delta = 5.596312e-03 ; dt =    15.0 sec
power : iter =    102 ; delta = 5.515885e-03 ; dt =    15.1 sec
power : iter =    103 ; delta = 5.437208e-03 ; dt =    15.2 sec
power : iter =    104 ; delta = 5.359885e-03 ; dt =    15.4 sec
power : iter =    105 ; delta = 5.283947e-03 ; dt =    15.5 sec
power : iter =    106 ; delta = 5.209390e-03 ; dt =    15.7 sec
power : iter =    107 ; delta = 5.136225e-03 ; dt =    15.8 sec
power : iter =    108 ; delta = 5.064345e-03 ; dt =    16.0 sec
power : iter =    109 ; delta = 4.994012e-03 ; dt =    16.1 sec
power : iter =    110 ; delta = 4.924814e-03 ; dt =    16.2 sec
power : iter =    111 ; delta = 4.856788e-03 ; dt =    16.4 sec
power : iter =    112 ; delta = 4.789942e-03 ; dt =    16.5 sec
power : iter =    113 ; delta = 4.724290e-03 ; dt =    16.7 sec
power : iter =    114 ; delta = 4.659615e-03 ; dt =    16.8 sec
power : iter =    115 ; delta = 4.596164e-03 ; dt =    17.0 sec
power : iter =    116 ; delta = 4.533735e-03 ; dt =    17.1 sec
power : iter =    117 ; delta = 4.472314e-03 ; dt =    17.3 sec
power : iter =    118 ; delta = 4.411945e-03 ; dt =    17.4 sec
power : iter =    119 ; delta = 4.352588e-03 ; dt =    17.6 sec
power : iter =    120 ; delta = 4.294130e-03 ; dt =    17.7 sec
power : iter =    121 ; delta = 4.236726e-03 ; dt =    17.8 sec
power : iter =    122 ; delta = 4.180228e-03 ; dt =    18.0 sec
power : iter =    123 ; delta = 4.124625e-03 ; dt =    18.1 sec
power : iter =    124 ; delta = 4.069945e-03 ; dt =    18.3 sec
power : iter =    125 ; delta = 4.016140e-03 ; dt =    18.4 sec
power : iter =    126 ; delta = 3.963181e-03 ; dt =    18.6 sec
power : iter =    127 ; delta = 3.911077e-03 ; dt =    18.7 sec
power : iter =    128 ; delta = 3.859839e-03 ; dt =    18.8 sec
power : iter =    129 ; delta = 3.809314e-03 ; dt =    19.0 sec
power : iter =    130 ; delta = 3.759679e-03 ; dt =    19.1 sec
power : iter =    131 ; delta = 3.710736e-03 ; dt =    19.3 sec
power : iter =    132 ; delta = 3.662606e-03 ; dt =    19.4 sec
power : iter =    133 ; delta = 3.615171e-03 ; dt =    19.6 sec
power : iter =    134 ; delta = 3.568546e-03 ; dt =    19.7 sec
power : iter =    135 ; delta = 3.522525e-03 ; dt =    19.8 sec
power : iter =    136 ; delta = 3.477319e-03 ; dt =    20.0 sec
power : iter =    137 ; delta = 3.432701e-03 ; dt =    20.1 sec
power : iter =    138 ; delta = 3.388845e-03 ; dt =    20.3 sec
power : iter =    139 ; delta = 3.345559e-03 ; dt =    20.4 sec
power : iter =    140 ; delta = 3.303035e-03 ; dt =    20.6 sec
power : iter =    141 ; delta = 3.261010e-03 ; dt =    20.7 sec
power : iter =    142 ; delta = 3.219750e-03 ; dt =    20.9 sec
power : iter =    143 ; delta = 3.178978e-03 ; dt =    21.0 sec
power : iter =    144 ; delta = 3.138918e-03 ; dt =    21.2 sec
power : iter =    145 ; delta = 3.099358e-03 ; dt =    21.3 sec
power : iter =    146 ; delta = 3.060503e-03 ; dt =    21.4 sec
power : iter =    147 ; delta = 3.022087e-03 ; dt =    21.6 sec
power : iter =    148 ; delta = 2.984358e-03 ; dt =    21.7 sec
power : iter =    149 ; delta = 2.947049e-03 ; dt =    21.9 sec
power : iter =    150 ; delta = 2.910394e-03 ; dt =    22.0 sec
power : iter =    151 ; delta = 2.874140e-03 ; dt =    22.2 sec
power : iter =    152 ; delta = 2.838543e-03 ; dt =    22.3 sec
power : iter =    153 ; delta = 2.803305e-03 ; dt =    22.4 sec
power : iter =    154 ; delta = 2.768726e-03 ; dt =    22.6 sec
power : iter =    155 ; delta = 2.734493e-03 ; dt =    22.7 sec
power : iter =    156 ; delta = 2.700895e-03 ; dt =    22.9 sec
power : iter =    157 ; delta = 2.667627e-03 ; dt =    23.0 sec
power : iter =    158 ; delta = 2.634982e-03 ; dt =    23.2 sec
power : iter =    159 ; delta = 2.602633e-03 ; dt =    23.3 sec
power : iter =    160 ; delta = 2.570894e-03 ; dt =    23.5 sec
power : iter =    161 ; delta = 2.539434e-03 ; dt =    23.6 sec
power : iter =    162 ; delta = 2.508568e-03 ; dt =    23.8 sec
power : iter =    163 ; delta = 2.477964e-03 ; dt =    23.9 sec
power : iter =    164 ; delta = 2.447947e-03 ; dt =    24.0 sec
power : iter =    165 ; delta = 2.418173e-03 ; dt =    24.2 sec
power : iter =    166 ; delta = 2.388976e-03 ; dt =    24.3 sec
power : iter =    167 ; delta = 2.360015e-03 ; dt =    24.5 sec
power : iter =    168 ; delta = 2.331606e-03 ; dt =    24.6 sec
power : iter =    169 ; delta = 2.303430e-03 ; dt =    24.8 sec
power : iter =    170 ; delta = 2.275789e-03 ; dt =    24.9 sec
power : iter =    171 ; delta = 2.248365e-03 ; dt =    25.1 sec
power : iter =    172 ; delta = 2.221467e-03 ; dt =    25.2 sec
power : iter =    173 ; delta = 2.194785e-03 ; dt =    25.4 sec
power : iter =    174 ; delta = 2.168604e-03 ; dt =    25.5 sec
power : iter =    175 ; delta = 2.142630e-03 ; dt =    25.7 sec
power : iter =    176 ; delta = 2.117146e-03 ; dt =    25.8 sec
power : iter =    177 ; delta = 2.091861e-03 ; dt =    25.9 sec
power : iter =    178 ; delta = 2.067051e-03 ; dt =    26.1 sec
power : iter =    179 ; delta = 2.042430e-03 ; dt =    26.2 sec
power : iter =    180 ; delta = 2.018271e-03 ; dt =    26.4 sec
power : iter =    181 ; delta = 1.994292e-03 ; dt =    26.5 sec
power : iter =    182 ; delta = 1.970770e-03 ; dt =    26.7 sec
power : iter =    183 ; delta = 1.947412e-03 ; dt =    26.8 sec
power : iter =    184 ; delta = 1.924504e-03 ; dt =    27.0 sec
power : iter =    185 ; delta = 1.901747e-03 ; dt =    27.1 sec
power : iter =    186 ; delta = 1.879433e-03 ; dt =    27.3 sec
power : iter =    187 ; delta = 1.857259e-03 ; dt =    27.4 sec
power : iter =    188 ; delta = 1.835521e-03 ; dt =    27.6 sec
power : iter =    189 ; delta = 1.813911e-03 ; dt =    27.7 sec
power : iter =    190 ; delta = 1.792734e-03 ; dt =    27.8 sec
power : iter =    191 ; delta = 1.771672e-03 ; dt =    28.0 sec
power : iter =    192 ; delta = 1.751036e-03 ; dt =    28.1 sec
power : iter =    193 ; delta = 1.730508e-03 ; dt =    28.3 sec
power : iter =    194 ; delta = 1.710402e-03 ; dt =    28.4 sec
power : iter =    195 ; delta = 1.690393e-03 ; dt =    28.6 sec
power : iter =    196 ; delta = 1.670802e-03 ; dt =    28.7 sec
power : iter =    197 ; delta = 1.651303e-03 ; dt =    28.9 sec
power : iter =    198 ; delta = 1.632223e-03 ; dt =    29.0 sec
power : iter =    199 ; delta = 1.613226e-03 ; dt =    29.2 sec
power : iter =    200 ; delta = 1.594637e-03 ; dt =    29.3 sec
power : iter =    201 ; delta = 1.576115e-03 ; dt =    29.4 sec
power : iter =    202 ; delta = 1.557992e-03 ; dt =    29.6 sec
power : iter =    203 ; delta = 1.539929e-03 ; dt =    29.7 sec
power : iter =    204 ; delta = 1.522257e-03 ; dt =    29.9 sec
power : iter =    205 ; delta = 1.504642e-03 ; dt =    30.0 sec
power : iter =    206 ; delta = 1.487409e-03 ; dt =    30.2 sec
power : iter =    207 ; delta = 1.470230e-03 ; dt =    30.3 sec
power : iter =    208 ; delta = 1.453425e-03 ; dt =    30.5 sec
power : iter =    209 ; delta = 1.436669e-03 ; dt =    30.6 sec
power : iter =    210 ; delta = 1.420282e-03 ; dt =    30.8 sec
power : iter =    211 ; delta = 1.403942e-03 ; dt =    30.9 sec
power : iter =    212 ; delta = 1.387959e-03 ; dt =    31.1 sec
power : iter =    213 ; delta = 1.372018e-03 ; dt =    31.2 sec
power : iter =    214 ; delta = 1.356428e-03 ; dt =    31.3 sec
power : iter =    215 ; delta = 1.340875e-03 ; dt =    31.5 sec
power : iter =    216 ; delta = 1.325666e-03 ; dt =    31.6 sec
power : iter =    217 ; delta = 1.310492e-03 ; dt =    31.8 sec
power : iter =    218 ; delta = 1.295652e-03 ; dt =    31.9 sec
power : iter =    219 ; delta = 1.280845e-03 ; dt =    32.1 sec
power : iter =    220 ; delta = 1.266365e-03 ; dt =    32.2 sec
power : iter =    221 ; delta = 1.251915e-03 ; dt =    32.4 sec
power : iter =    222 ; delta = 1.237786e-03 ; dt =    32.5 sec
power : iter =    223 ; delta = 1.223686e-03 ; dt =    32.7 sec
power : iter =    224 ; delta = 1.209898e-03 ; dt =    32.8 sec
power : iter =    225 ; delta = 1.196139e-03 ; dt =    33.0 sec
power : iter =    226 ; delta = 1.182686e-03 ; dt =    33.1 sec
power : iter =    227 ; delta = 1.169256e-03 ; dt =    33.2 sec
power : iter =    228 ; delta = 1.156126e-03 ; dt =    33.4 sec
power : iter =    229 ; delta = 1.143017e-03 ; dt =    33.5 sec
power : iter =    230 ; delta = 1.130200e-03 ; dt =    33.7 sec
power : iter =    231 ; delta = 1.117404e-03 ; dt =    33.8 sec
power : iter =    232 ; delta = 1.104893e-03 ; dt =    34.0 sec
power : iter =    233 ; delta = 1.092400e-03 ; dt =    34.1 sec
power : iter =    234 ; delta = 1.080186e-03 ; dt =    34.3 sec
power : iter =    235 ; delta = 1.067990e-03 ; dt =    34.4 sec
power : iter =    236 ; delta = 1.056066e-03 ; dt =    34.6 sec
power : iter =    237 ; delta = 1.044158e-03 ; dt =    34.7 sec
power : iter =    238 ; delta = 1.032516e-03 ; dt =    34.8 sec
power : iter =    239 ; delta = 1.020890e-03 ; dt =    35.0 sec
power : iter =    240 ; delta = 1.009523e-03 ; dt =    35.1 sec
power : iter =    241 ; delta = 9.981695e-04 ; dt =    35.3 sec
power : iter =    242 ; delta = 9.870703e-04 ; dt =    35.4 sec
power : iter =    243 ; delta = 9.759882e-04 ; dt =    35.6 sec
power : iter =    244 ; delta = 9.651504e-04 ; dt =    35.7 sec
power : iter =    245 ; delta = 9.543285e-04 ; dt =    35.9 sec
power : iter =    246 ; delta = 9.437448e-04 ; dt =    36.0 sec
power : iter =    247 ; delta = 9.331770e-04 ; dt =    36.2 sec
power : iter =    248 ; delta = 9.228409e-04 ; dt =    36.3 sec
power : iter =    249 ; delta = 9.125202e-04 ; dt =    36.5 sec
power : iter =    250 ; delta = 9.024268e-04 ; dt =    36.6 sec
power : iter =    251 ; delta = 8.923467e-04 ; dt =    36.7 sec
power : iter =    252 ; delta = 8.824885e-04 ; dt =    36.9 sec
power : iter =    253 ; delta = 8.726426e-04 ; dt =    37.0 sec
power : iter =    254 ; delta = 8.630136e-04 ; dt =    37.2 sec
power : iter =    255 ; delta = 8.533956e-04 ; dt =    37.3 sec
power : iter =    256 ; delta = 8.439903e-04 ; dt =    37.5 sec
power : iter =    257 ; delta = 8.345957e-04 ; dt =    37.6 sec
power : iter =    258 ; delta = 8.254092e-04 ; dt =    37.8 sec
power : iter =    259 ; delta = 8.162320e-04 ; dt =    37.9 sec
power : iter =    260 ; delta = 8.072582e-04 ; dt =    38.1 sec
power : iter =    261 ; delta = 7.982929e-04 ; dt =    38.2 sec
power : iter =    262 ; delta = 7.895263e-04 ; dt =    38.3 sec
power : iter =    263 ; delta = 7.807670e-04 ; dt =    38.5 sec
power : iter =    264 ; delta = 7.722026e-04 ; dt =    38.6 sec
power : iter =    265 ; delta = 7.636445e-04 ; dt =    38.8 sec
power : iter =    266 ; delta = 7.552770e-04 ; dt =    38.9 sec
power : iter =    267 ; delta = 7.469153e-04 ; dt =    39.1 sec
power : iter =    268 ; delta = 7.387400e-04 ; dt =    39.2 sec
power : iter =    269 ; delta = 7.305694e-04 ; dt =    39.4 sec
power : iter =    270 ; delta = 7.225819e-04 ; dt =    39.5 sec
power : iter =    271 ; delta = 7.145999e-04 ; dt =    39.7 sec
power : iter =    272 ; delta = 7.067980e-04 ; dt =    39.8 sec
power : iter =    273 ; delta = 6.989996e-04 ; dt =    40.0 sec
power : iter =    274 ; delta = 6.913759e-04 ; dt =    40.1 sec
power : iter =    275 ; delta = 6.837549e-04 ; dt =    40.2 sec
power : iter =    276 ; delta = 6.763049e-04 ; dt =    40.4 sec
power : iter =    277 ; delta = 6.688577e-04 ; dt =    40.5 sec
power : iter =    278 ; delta = 6.615778e-04 ; dt =    40.7 sec
power : iter =    279 ; delta = 6.542997e-04 ; dt =    40.8 sec
power : iter =    280 ; delta = 6.471859e-04 ; dt =    41.0 sec
power : iter =    281 ; delta = 6.400726e-04 ; dt =    41.1 sec
power : iter =    282 ; delta = 6.331207e-04 ; dt =    41.3 sec
power : iter =    283 ; delta = 6.261686e-04 ; dt =    41.4 sec
power : iter =    284 ; delta = 6.193743e-04 ; dt =    41.6 sec
power : iter =    285 ; delta = 6.125795e-04 ; dt =    41.7 sec
power : iter =    286 ; delta = 6.059390e-04 ; dt =    41.8 sec
power : iter =    287 ; delta = 5.992974e-04 ; dt =    42.0 sec
power : iter =    288 ; delta = 5.928070e-04 ; dt =    42.1 sec
power : iter =    289 ; delta = 5.863151e-04 ; dt =    42.3 sec
power : iter =    290 ; delta = 5.799708e-04 ; dt =    42.4 sec
power : iter =    291 ; delta = 5.736247e-04 ; dt =    42.6 sec
power : iter =    292 ; delta = 5.674237e-04 ; dt =    42.7 sec
power : iter =    293 ; delta = 5.612197e-04 ; dt =    42.9 sec
power : iter =    294 ; delta = 5.551585e-04 ; dt =    43.0 sec
power : iter =    295 ; delta = 5.490938e-04 ; dt =    43.2 sec
power : iter =    296 ; delta = 5.431688e-04 ; dt =    43.3 sec
power : iter =    297 ; delta = 5.372399e-04 ; dt =    43.4 sec
power : iter =    298 ; delta = 5.314482e-04 ; dt =    43.6 sec
power : iter =    299 ; delta = 5.256521e-04 ; dt =    43.7 sec
power : iter =    300 ; delta = 5.199901e-04 ; dt =    43.9 sec
power : iter =    301 ; delta = 5.143236e-04 ; dt =    44.0 sec
power : iter =    302 ; delta = 5.087883e-04 ; dt =    44.2 sec
power : iter =    303 ; delta = 5.032487e-04 ; dt =    44.3 sec
power : iter =    304 ; delta = 4.978374e-04 ; dt =    44.5 sec
power : iter =    305 ; delta = 4.924212e-04 ; dt =    44.6 sec
power : iter =    306 ; delta = 4.871308e-04 ; dt =    44.8 sec
power : iter =    307 ; delta = 4.818351e-04 ; dt =    44.9 sec
power : iter =    308 ; delta = 4.766625e-04 ; dt =    45.1 sec
power : iter =    309 ; delta = 4.714845e-04 ; dt =    45.2 sec
power : iter =    310 ; delta = 4.664274e-04 ; dt =    45.3 sec
power : iter =    311 ; delta = 4.613651e-04 ; dt =    45.5 sec
power : iter =    312 ; delta = 4.564211e-04 ; dt =    45.6 sec
power : iter =    313 ; delta = 4.514718e-04 ; dt =    45.8 sec
power : iter =    314 ; delta = 4.466377e-04 ; dt =    45.9 sec
power : iter =    315 ; delta = 4.417981e-04 ; dt =    46.1 sec
power : iter =    316 ; delta = 4.370711e-04 ; dt =    46.2 sec
power : iter =    317 ; delta = 4.323385e-04 ; dt =    46.4 sec
power : iter =    318 ; delta = 4.277159e-04 ; dt =    46.5 sec
power : iter =    319 ; delta = 4.230878e-04 ; dt =    46.7 sec
power : iter =    320 ; delta = 4.185675e-04 ; dt =    46.8 sec
power : iter =    321 ; delta = 4.140415e-04 ; dt =    46.9 sec
power : iter =    322 ; delta = 4.096211e-04 ; dt =    47.1 sec
power : iter =    323 ; delta = 4.051947e-04 ; dt =    47.2 sec
power : iter =    324 ; delta = 4.008719e-04 ; dt =    47.4 sec
power : iter =    325 ; delta = 3.965428e-04 ; dt =    47.5 sec
power : iter =    326 ; delta = 3.923151e-04 ; dt =    47.7 sec
power : iter =    327 ; delta = 3.880813e-04 ; dt =    47.8 sec
power : iter =    328 ; delta = 3.839467e-04 ; dt =    48.0 sec
power : iter =    329 ; delta = 3.798059e-04 ; dt =    48.1 sec
power : iter =    330 ; delta = 3.757621e-04 ; dt =    48.3 sec
power : iter =    331 ; delta = 3.717122e-04 ; dt =    48.4 sec
power : iter =    332 ; delta = 3.677572e-04 ; dt =    48.5 sec
power : iter =    333 ; delta = 3.637960e-04 ; dt =    48.7 sec
power : iter =    334 ; delta = 3.599280e-04 ; dt =    48.8 sec
power : iter =    335 ; delta = 3.560533e-04 ; dt =    49.0 sec
power : iter =    336 ; delta = 3.522702e-04 ; dt =    49.1 sec
power : iter =    337 ; delta = 3.484804e-04 ; dt =    49.3 sec
power : iter =    338 ; delta = 3.447802e-04 ; dt =    49.4 sec
power : iter =    339 ; delta = 3.410731e-04 ; dt =    49.6 sec
power : iter =    340 ; delta = 3.374540e-04 ; dt =    49.7 sec
power : iter =    341 ; delta = 3.338279e-04 ; dt =    49.9 sec
power : iter =    342 ; delta = 3.302880e-04 ; dt =    50.0 sec
power : iter =    343 ; delta = 3.267409e-04 ; dt =    50.2 sec
power : iter =    344 ; delta = 3.232784e-04 ; dt =    50.3 sec
power : iter =    345 ; delta = 3.198089e-04 ; dt =    50.4 sec
power : iter =    346 ; delta = 3.164221e-04 ; dt =    50.6 sec
power : iter =    347 ; delta = 3.130283e-04 ; dt =    50.7 sec
power : iter =    348 ; delta = 3.097155e-04 ; dt =    50.9 sec
power : iter =    349 ; delta = 3.063956e-04 ; dt =    51.0 sec
power : iter =    350 ; delta = 3.031550e-04 ; dt =    51.2 sec
power : iter =    351 ; delta = 2.999072e-04 ; dt =    51.3 sec
power : iter =    352 ; delta = 2.967372e-04 ; dt =    51.5 sec
power : iter =    353 ; delta = 2.935599e-04 ; dt =    51.6 sec
power : iter =    354 ; delta = 2.904588e-04 ; dt =    51.8 sec
power : iter =    355 ; delta = 2.873505e-04 ; dt =    51.9 sec
power : iter =    356 ; delta = 2.843167e-04 ; dt =    52.0 sec
power : iter =    357 ; delta = 2.812757e-04 ; dt =    52.2 sec
power : iter =    358 ; delta = 2.783077e-04 ; dt =    52.3 sec
power : iter =    359 ; delta = 2.753325e-04 ; dt =    52.5 sec
power : iter =    360 ; delta = 2.724289e-04 ; dt =    52.6 sec
power : iter =    361 ; delta = 2.695181e-04 ; dt =    52.8 sec
power : iter =    362 ; delta = 2.666773e-04 ; dt =    52.9 sec
power : iter =    363 ; delta = 2.638294e-04 ; dt =    53.1 sec
power : iter =    364 ; delta = 2.610501e-04 ; dt =    53.2 sec
power : iter =    365 ; delta = 2.582636e-04 ; dt =    53.4 sec
power : iter =    366 ; delta = 2.555444e-04 ; dt =    53.5 sec
power : iter =    367 ; delta = 2.528180e-04 ; dt =    53.6 sec
power : iter =    368 ; delta = 2.501575e-04 ; dt =    53.8 sec
power : iter =    369 ; delta = 2.474900e-04 ; dt =    53.9 sec
power : iter =    370 ; delta = 2.448869e-04 ; dt =    54.1 sec
power : iter =    371 ; delta = 2.422768e-04 ; dt =    54.2 sec
power : iter =    372 ; delta = 2.397299e-04 ; dt =    54.4 sec
power : iter =    373 ; delta = 2.371760e-04 ; dt =    54.5 sec
power : iter =    374 ; delta = 2.346838e-04 ; dt =    54.7 sec
power : iter =    375 ; delta = 2.321849e-04 ; dt =    54.8 sec
power : iter =    376 ; delta = 2.297465e-04 ; dt =    55.0 sec
power : iter =    377 ; delta = 2.273013e-04 ; dt =    55.1 sec
power : iter =    378 ; delta = 2.249153e-04 ; dt =    55.3 sec
power : iter =    379 ; delta = 2.225227e-04 ; dt =    55.4 sec
power : iter =    380 ; delta = 2.201879e-04 ; dt =    55.5 sec
power : iter =    381 ; delta = 2.178466e-04 ; dt =    55.7 sec
power : iter =    382 ; delta = 2.155621e-04 ; dt =    55.8 sec
power : iter =    383 ; delta = 2.132710e-04 ; dt =    56.0 sec
power : iter =    384 ; delta = 2.110355e-04 ; dt =    56.1 sec
power : iter =    385 ; delta = 2.087936e-04 ; dt =    56.3 sec
power : iter =    386 ; delta = 2.066060e-04 ; dt =    56.4 sec
power : iter =    387 ; delta = 2.044122e-04 ; dt =    56.6 sec
power : iter =    388 ; delta = 2.022714e-04 ; dt =    56.7 sec
power : iter =    389 ; delta = 2.001245e-04 ; dt =    56.9 sec
power : iter =    390 ; delta = 1.980297e-04 ; dt =    57.0 sec
power : iter =    391 ; delta = 1.959288e-04 ; dt =    57.1 sec
power : iter =    392 ; delta = 1.938788e-04 ; dt =    57.3 sec
power : iter =    393 ; delta = 1.918228e-04 ; dt =    57.4 sec
power : iter =    394 ; delta = 1.898167e-04 ; dt =    57.6 sec
power : iter =    395 ; delta = 1.878047e-04 ; dt =    57.7 sec
power : iter =    396 ; delta = 1.858415e-04 ; dt =    57.9 sec
power : iter =    397 ; delta = 1.838724e-04 ; dt =    58.0 sec
power : iter =    398 ; delta = 1.819512e-04 ; dt =    58.2 sec
power : iter =    399 ; delta = 1.800241e-04 ; dt =    58.3 sec
power : iter =    400 ; delta = 1.781439e-04 ; dt =    58.5 sec
power : iter =    401 ; delta = 1.762579e-04 ; dt =    58.6 sec
power : iter =    402 ; delta = 1.744178e-04 ; dt =    58.7 sec
power : iter =    403 ; delta = 1.725720e-04 ; dt =    58.9 sec
power : iter =    404 ; delta = 1.707712e-04 ; dt =    59.0 sec
power : iter =    405 ; delta = 1.689647e-04 ; dt =    59.2 sec
power : iter =    406 ; delta = 1.672022e-04 ; dt =    59.3 sec
power : iter =    407 ; delta = 1.654342e-04 ; dt =    59.5 sec
power : iter =    408 ; delta = 1.637093e-04 ; dt =    59.6 sec
power : iter =    409 ; delta = 1.619789e-04 ; dt =    59.8 sec
power : iter =    410 ; delta = 1.602907e-04 ; dt =    59.9 sec
power : iter =    411 ; delta = 1.585971e-04 ; dt =    60.1 sec
power : iter =    412 ; delta = 1.569448e-04 ; dt =    60.2 sec
power : iter =    413 ; delta = 1.552872e-04 ; dt =    60.4 sec
power : iter =    414 ; delta = 1.536701e-04 ; dt =    60.5 sec
power : iter =    415 ; delta = 1.520477e-04 ; dt =    60.6 sec
power : iter =    416 ; delta = 1.504648e-04 ; dt =    60.8 sec
power : iter =    417 ; delta = 1.488768e-04 ; dt =    60.9 sec
power : iter =    418 ; delta = 1.473277e-04 ; dt =    61.1 sec
power : iter =    419 ; delta = 1.457734e-04 ; dt =    61.2 sec
power : iter =    420 ; delta = 1.442571e-04 ; dt =    61.4 sec
power : iter =    421 ; delta = 1.427357e-04 ; dt =    61.5 sec
power : iter =    422 ; delta = 1.412516e-04 ; dt =    61.7 sec
power : iter =    423 ; delta = 1.397624e-04 ; dt =    61.8 sec
power : iter =    424 ; delta = 1.383098e-04 ; dt =    62.0 sec
power : iter =    425 ; delta = 1.368522e-04 ; dt =    62.1 sec
power : iter =    426 ; delta = 1.354303e-04 ; dt =    62.2 sec
power : iter =    427 ; delta = 1.340036e-04 ; dt =    62.4 sec
power : iter =    428 ; delta = 1.326118e-04 ; dt =    62.5 sec
power : iter =    429 ; delta = 1.312153e-04 ; dt =    62.7 sec
power : iter =    430 ; delta = 1.298529e-04 ; dt =    62.8 sec
power : iter =    431 ; delta = 1.284859e-04 ; dt =    63.0 sec
power : iter =    432 ; delta = 1.271523e-04 ; dt =    63.1 sec
power : iter =    433 ; delta = 1.258142e-04 ; dt =    63.3 sec
power : iter =    434 ; delta = 1.245089e-04 ; dt =    63.4 sec
power : iter =    435 ; delta = 1.231991e-04 ; dt =    63.6 sec
power : iter =    436 ; delta = 1.219213e-04 ; dt =    63.7 sec
power : iter =    437 ; delta = 1.206391e-04 ; dt =    63.8 sec
power : iter =    438 ; delta = 1.193883e-04 ; dt =    64.0 sec
power : iter =    439 ; delta = 1.181332e-04 ; dt =    64.1 sec
power : iter =    440 ; delta = 1.169087e-04 ; dt =    64.3 sec
power : iter =    441 ; delta = 1.156801e-04 ; dt =    64.4 sec
power : iter =    442 ; delta = 1.144815e-04 ; dt =    64.6 sec
power : iter =    443 ; delta = 1.132788e-04 ; dt =    64.7 sec
power : iter =    444 ; delta = 1.121054e-04 ; dt =    64.9 sec
power : iter =    445 ; delta = 1.109281e-04 ; dt =    65.0 sec
power : iter =    446 ; delta = 1.097795e-04 ; dt =    65.2 sec
power : iter =    447 ; delta = 1.086269e-04 ; dt =    65.3 sec
power : iter =    448 ; delta = 1.075025e-04 ; dt =    65.4 sec
power : iter =    449 ; delta = 1.063742e-04 ; dt =    65.6 sec
power : iter =    450 ; delta = 1.052734e-04 ; dt =    65.7 sec
power : iter =    451 ; delta = 1.041688e-04 ; dt =    65.9 sec
power : iter =    452 ; delta = 1.030912e-04 ; dt =    66.0 sec
power : iter =    453 ; delta = 1.020099e-04 ; dt =    66.2 sec
power : iter =    454 ; delta = 1.009550e-04 ; dt =    66.3 sec
power : iter =    455 ; delta = 9.989640e-05 ; dt =    66.5 sec
power : iter =    456 ; delta = 9.886366e-05 ; dt =    66.6 sec
power : iter =    457 ; delta = 9.782731e-05 ; dt =    66.8 sec
power : iter =    458 ; delta = 9.681626e-05 ; dt =    66.9 sec
power : iter =    459 ; delta = 9.580168e-05 ; dt =    67.1 sec
power : iter =    460 ; delta = 9.481188e-05 ; dt =    67.2 sec
power : iter =    461 ; delta = 9.381860e-05 ; dt =    67.3 sec
power : iter =    462 ; delta = 9.284958e-05 ; dt =    67.5 sec
power : iter =    463 ; delta = 9.187716e-05 ; dt =    67.6 sec
power : iter =    464 ; delta = 9.092846e-05 ; dt =    67.8 sec
power : iter =    465 ; delta = 8.997643e-05 ; dt =    67.9 sec
power : iter =    466 ; delta = 8.904763e-05 ; dt =    68.1 sec
power : iter =    467 ; delta = 8.811559e-05 ; dt =    68.2 sec
power : iter =    468 ; delta = 8.720626e-05 ; dt =    68.4 sec
power : iter =    469 ; delta = 8.629375e-05 ; dt =    68.5 sec
power : iter =    470 ; delta = 8.540347e-05 ; dt =    68.7 sec
power : iter =    471 ; delta = 8.451008e-05 ; dt =    68.8 sec
power : iter =    472 ; delta = 8.363844e-05 ; dt =    68.9 sec
power : iter =    473 ; delta = 8.276376e-05 ; dt =    69.1 sec
power : iter =    474 ; delta = 8.191039e-05 ; dt =    69.2 sec
power : iter =    475 ; delta = 8.105403e-05 ; dt =    69.4 sec
power : iter =    476 ; delta = 8.021852e-05 ; dt =    69.5 sec
power : iter =    477 ; delta = 7.938008e-05 ; dt =    69.7 sec
power : iter =    478 ; delta = 7.856205e-05 ; dt =    69.8 sec
power : iter =    479 ; delta = 7.774114e-05 ; dt =    70.0 sec
power : iter =    480 ; delta = 7.694022e-05 ; dt =    70.1 sec
power : iter =    481 ; delta = 7.613648e-05 ; dt =    70.3 sec
power : iter =    482 ; delta = 7.535230e-05 ; dt =    70.4 sec
power : iter =    483 ; delta = 7.456535e-05 ; dt =    70.5 sec
power : iter =    484 ; delta = 7.379757e-05 ; dt =    70.7 sec
power : iter =    485 ; delta = 7.302706e-05 ; dt =    70.8 sec
power : iter =    486 ; delta = 7.227530e-05 ; dt =    71.0 sec
power : iter =    487 ; delta = 7.152089e-05 ; dt =    71.1 sec
power : iter =    488 ; delta = 7.078483e-05 ; dt =    71.3 sec
power : iter =    489 ; delta = 7.004620e-05 ; dt =    71.4 sec
power : iter =    490 ; delta = 6.932550e-05 ; dt =    71.6 sec
power : iter =    491 ; delta = 6.860229e-05 ; dt =    71.7 sec
power : iter =    492 ; delta = 6.789662e-05 ; dt =    71.9 sec
power : iter =    493 ; delta = 6.718849e-05 ; dt =    72.0 sec
power : iter =    494 ; delta = 6.649753e-05 ; dt =    72.2 sec
power : iter =    495 ; delta = 6.580418e-05 ; dt =    72.3 sec
power : iter =    496 ; delta = 6.512763e-05 ; dt =    72.4 sec
power : iter =    497 ; delta = 6.444873e-05 ; dt =    72.6 sec
power : iter =    498 ; delta = 6.378628e-05 ; dt =    72.7 sec
power : iter =    499 ; delta = 6.312153e-05 ; dt =    72.9 sec
power : iter =    500 ; delta = 6.247287e-05 ; dt =    73.0 sec
power : iter =    501 ; delta = 6.182196e-05 ; dt =    73.2 sec
power : iter =    502 ; delta = 6.118683e-05 ; dt =    73.3 sec
power : iter =    503 ; delta = 6.054947e-05 ; dt =    73.5 sec
power : iter =    504 ; delta = 5.992756e-05 ; dt =    73.6 sec
power : iter =    505 ; delta = 5.930347e-05 ; dt =    73.8 sec
power : iter =    506 ; delta = 5.869450e-05 ; dt =    73.9 sec
power : iter =    507 ; delta = 5.808339e-05 ; dt =    74.0 sec
power : iter =    508 ; delta = 5.748708e-05 ; dt =    74.2 sec
power : iter =    509 ; delta = 5.688869e-05 ; dt =    74.3 sec
power : iter =    510 ; delta = 5.630479e-05 ; dt =    74.5 sec
power : iter =    511 ; delta = 5.571884e-05 ; dt =    74.6 sec
power : iter =    512 ; delta = 5.514708e-05 ; dt =    74.8 sec
power : iter =    513 ; delta = 5.457331e-05 ; dt =    74.9 sec
power : iter =    514 ; delta = 5.401343e-05 ; dt =    75.1 sec
power : iter =    515 ; delta = 5.345159e-05 ; dt =    75.2 sec
power : iter =    516 ; delta = 5.290334e-05 ; dt =    75.4 sec
power : iter =    517 ; delta = 5.235319e-05 ; dt =    75.5 sec
power : iter =    518 ; delta = 5.181634e-05 ; dt =    75.7 sec
power : iter =    519 ; delta = 5.127761e-05 ; dt =    75.8 sec
power : iter =    520 ; delta = 5.075190e-05 ; dt =    75.9 sec
power : iter =    521 ; delta = 5.022435e-05 ; dt =    76.1 sec
power : iter =    522 ; delta = 4.970956e-05 ; dt =    76.2 sec
power : iter =    523 ; delta = 4.919296e-05 ; dt =    76.4 sec
power : iter =    524 ; delta = 4.868884e-05 ; dt =    76.5 sec
power : iter =    525 ; delta = 4.818296e-05 ; dt =    76.7 sec
power : iter =    526 ; delta = 4.768930e-05 ; dt =    76.8 sec
power : iter =    527 ; delta = 4.719391e-05 ; dt =    77.0 sec
power : iter =    528 ; delta = 4.671048e-05 ; dt =    77.1 sec
power : iter =    529 ; delta = 4.622537e-05 ; dt =    77.3 sec
power : iter =    530 ; delta = 4.575196e-05 ; dt =    77.4 sec
power : iter =    531 ; delta = 4.527691e-05 ; dt =    77.5 sec
power : iter =    532 ; delta = 4.481331e-05 ; dt =    77.7 sec
power : iter =    533 ; delta = 4.434810e-05 ; dt =    77.8 sec
power : iter =    534 ; delta = 4.389411e-05 ; dt =    78.0 sec
power : iter =    535 ; delta = 4.343853e-05 ; dt =    78.1 sec
power : iter =    536 ; delta = 4.299393e-05 ; dt =    78.3 sec
power : iter =    537 ; delta = 4.254779e-05 ; dt =    78.4 sec
power : iter =    538 ; delta = 4.211240e-05 ; dt =    78.6 sec
power : iter =    539 ; delta = 4.167550e-05 ; dt =    78.7 sec
power : iter =    540 ; delta = 4.124912e-05 ; dt =    78.9 sec
power : iter =    541 ; delta = 4.082126e-05 ; dt =    79.0 sec
power : iter =    542 ; delta = 4.040370e-05 ; dt =    79.1 sec
power : iter =    543 ; delta = 3.998469e-05 ; dt =    79.3 sec
power : iter =    544 ; delta = 3.957577e-05 ; dt =    79.4 sec
power : iter =    545 ; delta = 3.916543e-05 ; dt =    79.6 sec
power : iter =    546 ; delta = 3.876496e-05 ; dt =    79.7 sec
power : iter =    547 ; delta = 3.836311e-05 ; dt =    79.9 sec
power : iter =    548 ; delta = 3.797092e-05 ; dt =    80.0 sec
power : iter =    549 ; delta = 3.757737e-05 ; dt =    80.2 sec
power : iter =    550 ; delta = 3.719328e-05 ; dt =    80.3 sec
power : iter =    551 ; delta = 3.680788e-05 ; dt =    80.5 sec
power : iter =    552 ; delta = 3.643172e-05 ; dt =    80.6 sec
power : iter =    553 ; delta = 3.605428e-05 ; dt =    80.7 sec
power : iter =    554 ; delta = 3.568589e-05 ; dt =    80.9 sec
power : iter =    555 ; delta = 3.531625e-05 ; dt =    81.0 sec
power : iter =    556 ; delta = 3.495546e-05 ; dt =    81.2 sec
power : iter =    557 ; delta = 3.459346e-05 ; dt =    81.3 sec
power : iter =    558 ; delta = 3.424013e-05 ; dt =    81.5 sec
power : iter =    559 ; delta = 3.388560e-05 ; dt =    81.6 sec
power : iter =    560 ; delta = 3.353955e-05 ; dt =    81.8 sec
power : iter =    561 ; delta = 3.319234e-05 ; dt =    81.9 sec
power : iter =    562 ; delta = 3.285343e-05 ; dt =    82.1 sec
power : iter =    563 ; delta = 3.251338e-05 ; dt =    82.2 sec
power : iter =    564 ; delta = 3.218147e-05 ; dt =    82.3 sec
power : iter =    565 ; delta = 3.184844e-05 ; dt =    82.5 sec
power : iter =    566 ; delta = 3.152336e-05 ; dt =    82.6 sec
power : iter =    567 ; delta = 3.119720e-05 ; dt =    82.8 sec
power : iter =    568 ; delta = 3.087883e-05 ; dt =    82.9 sec
power : iter =    569 ; delta = 3.055939e-05 ; dt =    83.1 sec
power : iter =    570 ; delta = 3.024757e-05 ; dt =    83.2 sec
power : iter =    571 ; delta = 2.993472e-05 ; dt =    83.4 sec
power : iter =    572 ; delta = 2.962933e-05 ; dt =    83.5 sec
power : iter =    573 ; delta = 2.932293e-05 ; dt =    83.7 sec
power : iter =    574 ; delta = 2.902383e-05 ; dt =    83.8 sec
power : iter =    575 ; delta = 2.872374e-05 ; dt =    83.9 sec
power : iter =    576 ; delta = 2.843080e-05 ; dt =    84.1 sec
power : iter =    577 ; delta = 2.813689e-05 ; dt =    84.2 sec
power : iter =    578 ; delta = 2.784998e-05 ; dt =    84.4 sec
power : iter =    579 ; delta = 2.756213e-05 ; dt =    84.5 sec
power : iter =    580 ; delta = 2.728112e-05 ; dt =    84.7 sec
power : iter =    581 ; delta = 2.699919e-05 ; dt =    84.8 sec
power : iter =    582 ; delta = 2.672397e-05 ; dt =    85.0 sec
power : iter =    583 ; delta = 2.644785e-05 ; dt =    85.1 sec
power : iter =    584 ; delta = 2.617828e-05 ; dt =    85.3 sec
power : iter =    585 ; delta = 2.590785e-05 ; dt =    85.4 sec
power : iter =    586 ; delta = 2.564383e-05 ; dt =    85.5 sec
power : iter =    587 ; delta = 2.537895e-05 ; dt =    85.7 sec
power : iter =    588 ; delta = 2.512036e-05 ; dt =    85.8 sec
power : iter =    589 ; delta = 2.486094e-05 ; dt =    86.0 sec
power : iter =    590 ; delta = 2.460766e-05 ; dt =    86.1 sec
power : iter =    591 ; delta = 2.435357e-05 ; dt =    86.3 sec
power : iter =    592 ; delta = 2.410551e-05 ; dt =    86.4 sec
power : iter =    593 ; delta = 2.385664e-05 ; dt =    86.6 sec
power : iter =    594 ; delta = 2.361367e-05 ; dt =    86.7 sec
power : iter =    595 ; delta = 2.336993e-05 ; dt =    86.9 sec
power : iter =    596 ; delta = 2.313195e-05 ; dt =    87.0 sec
power : iter =    597 ; delta = 2.289321e-05 ; dt =    87.2 sec
power : iter =    598 ; delta = 2.266012e-05 ; dt =    87.3 sec
power : iter =    599 ; delta = 2.242629e-05 ; dt =    87.4 sec
power : iter =    600 ; delta = 2.219799e-05 ; dt =    87.6 sec
power : iter =    601 ; delta = 2.196896e-05 ; dt =    87.7 sec
power : iter =    602 ; delta = 2.174535e-05 ; dt =    87.9 sec
power : iter =    603 ; delta = 2.152103e-05 ; dt =    88.0 sec
power : iter =    604 ; delta = 2.130200e-05 ; dt =    88.2 sec
power : iter =    605 ; delta = 2.108229e-05 ; dt =    88.3 sec
power : iter =    606 ; delta = 2.086776e-05 ; dt =    88.5 sec
power : iter =    607 ; delta = 2.065257e-05 ; dt =    88.6 sec
power : iter =    608 ; delta = 2.044244e-05 ; dt =    88.8 sec
power : iter =    609 ; delta = 2.023167e-05 ; dt =    88.9 sec
power : iter =    610 ; delta = 2.002586e-05 ; dt =    89.0 sec
power : iter =    611 ; delta = 1.981941e-05 ; dt =    89.2 sec
power : iter =    612 ; delta = 1.961782e-05 ; dt =    89.3 sec
power : iter =    613 ; delta = 1.941561e-05 ; dt =    89.5 sec
power : iter =    614 ; delta = 1.921816e-05 ; dt =    89.6 sec
power : iter =    615 ; delta = 1.902009e-05 ; dt =    89.8 sec
power : iter =    616 ; delta = 1.882669e-05 ; dt =    89.9 sec
power : iter =    617 ; delta = 1.863269e-05 ; dt =    90.1 sec
power : iter =    618 ; delta = 1.844325e-05 ; dt =    90.2 sec
power : iter =    619 ; delta = 1.825322e-05 ; dt =    90.4 sec
power : iter =    620 ; delta = 1.806766e-05 ; dt =    90.5 sec
power : iter =    621 ; delta = 1.788154e-05 ; dt =    90.6 sec
power : iter =    622 ; delta = 1.769978e-05 ; dt =    90.8 sec
power : iter =    623 ; delta = 1.751747e-05 ; dt =    90.9 sec
power : iter =    624 ; delta = 1.733943e-05 ; dt =    91.1 sec
power : iter =    625 ; delta = 1.716086e-05 ; dt =    91.2 sec
power : iter =    626 ; delta = 1.698647e-05 ; dt =    91.4 sec
power : iter =    627 ; delta = 1.681155e-05 ; dt =    91.5 sec
power : iter =    628 ; delta = 1.664073e-05 ; dt =    91.7 sec
power : iter =    629 ; delta = 1.646940e-05 ; dt =    91.8 sec
power : iter =    630 ; delta = 1.630208e-05 ; dt =    92.0 sec
power : iter =    631 ; delta = 1.613426e-05 ; dt =    92.1 sec
power : iter =    632 ; delta = 1.597036e-05 ; dt =    92.2 sec
power : iter =    633 ; delta = 1.580598e-05 ; dt =    92.4 sec
power : iter =    634 ; delta = 1.564543e-05 ; dt =    92.5 sec
power : iter =    635 ; delta = 1.548442e-05 ; dt =    92.7 sec
power : iter =    636 ; delta = 1.532716e-05 ; dt =    92.8 sec
power : iter =    637 ; delta = 1.516944e-05 ; dt =    93.0 sec
power : iter =    638 ; delta = 1.501539e-05 ; dt =    93.1 sec
power : iter =    639 ; delta = 1.486090e-05 ; dt =    93.3 sec
power : iter =    640 ; delta = 1.471001e-05 ; dt =    93.4 sec
power : iter =    641 ; delta = 1.455868e-05 ; dt =    93.6 sec
power : iter =    642 ; delta = 1.441087e-05 ; dt =    93.7 sec
power : iter =    643 ; delta = 1.426264e-05 ; dt =    93.8 sec
power : iter =    644 ; delta = 1.411785e-05 ; dt =    94.0 sec
power : iter =    645 ; delta = 1.397265e-05 ; dt =    94.1 sec
power : iter =    646 ; delta = 1.383083e-05 ; dt =    94.3 sec
power : iter =    647 ; delta = 1.368860e-05 ; dt =    94.4 sec
power : iter =    648 ; delta = 1.354967e-05 ; dt =    94.6 sec
power : iter =    649 ; delta = 1.341035e-05 ; dt =    94.7 sec
power : iter =    650 ; delta = 1.327426e-05 ; dt =    94.9 sec
power : iter =    651 ; delta = 1.313779e-05 ; dt =    95.0 sec
power : iter =    652 ; delta = 1.300448e-05 ; dt =    95.2 sec
power : iter =    653 ; delta = 1.287080e-05 ; dt =    95.3 sec
power : iter =    654 ; delta = 1.274022e-05 ; dt =    95.4 sec
power : iter =    655 ; delta = 1.260927e-05 ; dt =    95.6 sec
power : iter =    656 ; delta = 1.248135e-05 ; dt =    95.7 sec
power : iter =    657 ; delta = 1.235308e-05 ; dt =    95.9 sec
power : iter =    658 ; delta = 1.222778e-05 ; dt =    96.0 sec
power : iter =    659 ; delta = 1.210213e-05 ; dt =    96.2 sec
power : iter =    660 ; delta = 1.197938e-05 ; dt =    96.3 sec
power : iter =    661 ; delta = 1.185630e-05 ; dt =    96.5 sec
power : iter =    662 ; delta = 1.173606e-05 ; dt =    96.6 sec
power : iter =    663 ; delta = 1.161549e-05 ; dt =    96.8 sec
power : iter =    664 ; delta = 1.149770e-05 ; dt =    96.9 sec
power : iter =    665 ; delta = 1.137960e-05 ; dt =    97.1 sec
power : iter =    666 ; delta = 1.126422e-05 ; dt =    97.2 sec
power : iter =    667 ; delta = 1.114852e-05 ; dt =    97.3 sec
power : iter =    668 ; delta = 1.103550e-05 ; dt =    97.5 sec
power : iter =    669 ; delta = 1.092217e-05 ; dt =    97.6 sec
power : iter =    670 ; delta = 1.081145e-05 ; dt =    97.8 sec
power : iter =    671 ; delta = 1.070044e-05 ; dt =    97.9 sec
power : iter =    672 ; delta = 1.059198e-05 ; dt =    98.1 sec
power : iter =    673 ; delta = 1.048323e-05 ; dt =    98.2 sec
power : iter =    674 ; delta = 1.037699e-05 ; dt =    98.4 sec
power : iter =    675 ; delta = 1.027046e-05 ; dt =    98.5 sec
power : iter =    676 ; delta = 1.016638e-05 ; dt =    98.7 sec
power : iter =    677 ; delta = 1.006203e-05 ; dt =    98.8 sec
power : iter =    678 ; delta = 9.960068e-06 ; dt =    98.9 sec
power : iter =    679 ; delta = 9.857843e-06 ; dt =    99.1 sec
power : iter =    680 ; delta = 9.757964e-06 ; dt =    99.2 sec
power : iter =    681 ; delta = 9.657825e-06 ; dt =    99.4 sec
power : iter =    682 ; delta = 9.559981e-06 ; dt =    99.5 sec
power : iter =    683 ; delta = 9.461884e-06 ; dt =    99.7 sec
power : iter =    684 ; delta = 9.366035e-06 ; dt =    99.8 sec
power : iter =    685 ; delta = 9.269939e-06 ; dt =   100.0 sec
power : iter =    686 ; delta = 9.176043e-06 ; dt =   100.1 sec
power : iter =    687 ; delta = 9.081906e-06 ; dt =   100.3 sec
power : iter =    688 ; delta = 8.989923e-06 ; dt =   100.4 sec
power : iter =    689 ; delta = 8.897706e-06 ; dt =   100.5 sec
power : iter =    690 ; delta = 8.807596e-06 ; dt =   100.7 sec
power : iter =    691 ; delta = 8.717259e-06 ; dt =   100.8 sec
power : iter =    692 ; delta = 8.628985e-06 ; dt =   101.0 sec
power : iter =    693 ; delta = 8.540490e-06 ; dt =   101.1 sec
power : iter =    694 ; delta = 8.454013e-06 ; dt =   101.3 sec
power : iter =    695 ; delta = 8.367321e-06 ; dt =   101.4 sec
power : iter =    696 ; delta = 8.282606e-06 ; dt =   101.6 sec
power : iter =    697 ; delta = 8.197680e-06 ; dt =   101.7 sec
power : iter =    698 ; delta = 8.114690e-06 ; dt =   101.9 sec
power : iter =    699 ; delta = 8.031495e-06 ; dt =   102.0 sec
power : iter =    700 ; delta = 7.950194e-06 ; dt =   102.1 sec
power : iter =    701 ; delta = 7.868694e-06 ; dt =   102.3 sec
power : iter =    702 ; delta = 7.789047e-06 ; dt =   102.4 sec
power : iter =    703 ; delta = 7.709207e-06 ; dt =   102.6 sec
power : iter =    704 ; delta = 7.631182e-06 ; dt =   102.7 sec
power : iter =    705 ; delta = 7.552968e-06 ; dt =   102.9 sec
power : iter =    706 ; delta = 7.476530e-06 ; dt =   103.0 sec
power : iter =    707 ; delta = 7.399910e-06 ; dt =   103.2 sec
power : iter =    708 ; delta = 7.325027e-06 ; dt =   103.3 sec
power : iter =    709 ; delta = 7.249967e-06 ; dt =   103.5 sec
power : iter =    710 ; delta = 7.176607e-06 ; dt =   103.6 sec
power : iter =    711 ; delta = 7.103075e-06 ; dt =   103.7 sec
power : iter =    712 ; delta = 7.031208e-06 ; dt =   103.9 sec
power : iter =    713 ; delta = 6.959173e-06 ; dt =   104.0 sec
power : iter =    714 ; delta = 6.888767e-06 ; dt =   104.2 sec
power : iter =    715 ; delta = 6.818198e-06 ; dt =   104.3 sec
power : iter =    716 ; delta = 6.749224e-06 ; dt =   104.5 sec
power : iter =    717 ; delta = 6.680092e-06 ; dt =   104.6 sec
power : iter =    718 ; delta = 6.612520e-06 ; dt =   104.8 sec
power : iter =    719 ; delta = 6.544795e-06 ; dt =   104.9 sec
power : iter =    720 ; delta = 6.478597e-06 ; dt =   105.1 sec
power : iter =    721 ; delta = 6.412249e-06 ; dt =   105.2 sec
power : iter =    722 ; delta = 6.347397e-06 ; dt =   105.3 sec
power : iter =    723 ; delta = 6.282400e-06 ; dt =   105.5 sec
power : iter =    724 ; delta = 6.218866e-06 ; dt =   105.6 sec
power : iter =    725 ; delta = 6.155190e-06 ; dt =   105.8 sec
power : iter =    726 ; delta = 6.092948e-06 ; dt =   105.9 sec
power : iter =    727 ; delta = 6.030567e-06 ; dt =   106.1 sec
power : iter =    728 ; delta = 5.969590e-06 ; dt =   106.2 sec
power : iter =    729 ; delta = 5.908478e-06 ; dt =   106.4 sec
power : iter =    730 ; delta = 5.848739e-06 ; dt =   106.5 sec
power : iter =    731 ; delta = 5.788870e-06 ; dt =   106.7 sec
power : iter =    732 ; delta = 5.730345e-06 ; dt =   106.8 sec
power : iter =    733 ; delta = 5.671693e-06 ; dt =   106.9 sec
power : iter =    734 ; delta = 5.614357e-06 ; dt =   107.1 sec
power : iter =    735 ; delta = 5.556898e-06 ; dt =   107.2 sec
power : iter =    736 ; delta = 5.500727e-06 ; dt =   107.4 sec
power : iter =    737 ; delta = 5.444435e-06 ; dt =   107.5 sec
power : iter =    738 ; delta = 5.389404e-06 ; dt =   107.7 sec
power : iter =    739 ; delta = 5.334258e-06 ; dt =   107.8 sec
power : iter =    740 ; delta = 5.280344e-06 ; dt =   108.0 sec
power : iter =    741 ; delta = 5.226318e-06 ; dt =   108.1 sec
power : iter =    742 ; delta = 5.173500e-06 ; dt =   108.3 sec
power : iter =    743 ; delta = 5.120572e-06 ; dt =   108.4 sec
power : iter =    744 ; delta = 5.068825e-06 ; dt =   108.5 sec
power : iter =    745 ; delta = 5.016973e-06 ; dt =   108.7 sec
power : iter =    746 ; delta = 4.966277e-06 ; dt =   108.8 sec
power : iter =    747 ; delta = 4.915478e-06 ; dt =   109.0 sec
power : iter =    748 ; delta = 4.865811e-06 ; dt =   109.1 sec
power : iter =    749 ; delta = 4.816044e-06 ; dt =   109.3 sec
power : iter =    750 ; delta = 4.767385e-06 ; dt =   109.4 sec
power : iter =    751 ; delta = 4.718629e-06 ; dt =   109.6 sec
power : iter =    752 ; delta = 4.670957e-06 ; dt =   109.7 sec
power : iter =    753 ; delta = 4.623191e-06 ; dt =   109.9 sec
power : iter =    754 ; delta = 4.576487e-06 ; dt =   110.0 sec
power : iter =    755 ; delta = 4.529692e-06 ; dt =   110.2 sec
power : iter =    756 ; delta = 4.483935e-06 ; dt =   110.3 sec
power : iter =    757 ; delta = 4.438090e-06 ; dt =   110.4 sec
power : iter =    758 ; delta = 4.393261e-06 ; dt =   110.6 sec
power : iter =    759 ; delta = 4.348347e-06 ; dt =   110.7 sec
power : iter =    760 ; delta = 4.304428e-06 ; dt =   110.9 sec
power : iter =    761 ; delta = 4.260425e-06 ; dt =   111.0 sec
power : iter =    762 ; delta = 4.217397e-06 ; dt =   111.2 sec
power : iter =    763 ; delta = 4.174288e-06 ; dt =   111.3 sec
power : iter =    764 ; delta = 4.132132e-06 ; dt =   111.5 sec
power : iter =    765 ; delta = 4.089898e-06 ; dt =   111.6 sec
power : iter =    766 ; delta = 4.048597e-06 ; dt =   111.8 sec
power : iter =    767 ; delta = 4.007220e-06 ; dt =   111.9 sec
power : iter =    768 ; delta = 3.966757e-06 ; dt =   112.1 sec
power : iter =    769 ; delta = 3.926220e-06 ; dt =   112.2 sec
power : iter =    770 ; delta = 3.886577e-06 ; dt =   112.4 sec
power : iter =    771 ; delta = 3.846862e-06 ; dt =   112.5 sec
power : iter =    772 ; delta = 3.808023e-06 ; dt =   112.7 sec
power : iter =    773 ; delta = 3.769114e-06 ; dt =   112.8 sec
power : iter =    774 ; delta = 3.731062e-06 ; dt =   112.9 sec
power : iter =    775 ; delta = 3.692943e-06 ; dt =   113.1 sec
power : iter =    776 ; delta = 3.655662e-06 ; dt =   113.2 sec
power : iter =    777 ; delta = 3.618316e-06 ; dt =   113.4 sec
power : iter =    778 ; delta = 3.581791e-06 ; dt =   113.5 sec
power : iter =    779 ; delta = 3.545202e-06 ; dt =   113.7 sec
power : iter =    780 ; delta = 3.509417e-06 ; dt =   113.8 sec
power : iter =    781 ; delta = 3.473571e-06 ; dt =   114.0 sec
power : iter =    782 ; delta = 3.438511e-06 ; dt =   114.1 sec
power : iter =    783 ; delta = 3.403392e-06 ; dt =   114.3 sec
power : iter =    784 ; delta = 3.369042e-06 ; dt =   114.4 sec
power : iter =    785 ; delta = 3.334635e-06 ; dt =   114.6 sec
power : iter =    786 ; delta = 3.300982e-06 ; dt =   114.7 sec
power : iter =    787 ; delta = 3.267272e-06 ; dt =   114.9 sec
power : iter =    788 ; delta = 3.234300e-06 ; dt =   115.0 sec
power : iter =    789 ; delta = 3.201274e-06 ; dt =   115.1 sec
power : iter =    790 ; delta = 3.168971e-06 ; dt =   115.3 sec
power : iter =    791 ; delta = 3.136614e-06 ; dt =   115.4 sec
power : iter =    792 ; delta = 3.104965e-06 ; dt =   115.6 sec
power : iter =    793 ; delta = 3.073264e-06 ; dt =   115.7 sec
power : iter =    794 ; delta = 3.042256e-06 ; dt =   115.9 sec
power : iter =    795 ; delta = 3.011198e-06 ; dt =   116.0 sec
power : iter =    796 ; delta = 2.980817e-06 ; dt =   116.2 sec
power : iter =    797 ; delta = 2.950389e-06 ; dt =   116.3 sec
power : iter =    798 ; delta = 2.920624e-06 ; dt =   116.5 sec
power : iter =    799 ; delta = 2.890812e-06 ; dt =   116.6 sec
power : iter =    800 ; delta = 2.861649e-06 ; dt =   116.8 sec
power : iter =    801 ; delta = 2.832441e-06 ; dt =   116.9 sec
power : iter =    802 ; delta = 2.803869e-06 ; dt =   117.1 sec
power : iter =    803 ; delta = 2.775253e-06 ; dt =   117.2 sec
power : iter =    804 ; delta = 2.747259e-06 ; dt =   117.4 sec
power : iter =    805 ; delta = 2.719223e-06 ; dt =   117.5 sec
power : iter =    806 ; delta = 2.691796e-06 ; dt =   117.6 sec
power : iter =    807 ; delta = 2.664328e-06 ; dt =   117.8 sec
power : iter =    808 ; delta = 2.637456e-06 ; dt =   117.9 sec
power : iter =    809 ; delta = 2.610544e-06 ; dt =   118.1 sec
power : iter =    810 ; delta = 2.584216e-06 ; dt =   118.2 sec
power : iter =    811 ; delta = 2.557849e-06 ; dt =   118.4 sec
power : iter =    812 ; delta = 2.532053e-06 ; dt =   118.5 sec
power : iter =    813 ; delta = 2.506221e-06 ; dt =   118.7 sec
power : iter =    814 ; delta = 2.480947e-06 ; dt =   118.8 sec
power : iter =    815 ; delta = 2.455638e-06 ; dt =   119.0 sec
power : iter =    816 ; delta = 2.430876e-06 ; dt =   119.1 sec
power : iter =    817 ; delta = 2.406079e-06 ; dt =   119.3 sec
power : iter =    818 ; delta = 2.381818e-06 ; dt =   119.4 sec
power : iter =    819 ; delta = 2.357523e-06 ; dt =   119.6 sec
power : iter =    820 ; delta = 2.333753e-06 ; dt =   119.7 sec
power : iter =    821 ; delta = 2.309950e-06 ; dt =   119.9 sec
power : iter =    822 ; delta = 2.286660e-06 ; dt =   120.0 sec
power : iter =    823 ; delta = 2.263339e-06 ; dt =   120.1 sec
power : iter =    824 ; delta = 2.240521e-06 ; dt =   120.3 sec
power : iter =    825 ; delta = 2.217672e-06 ; dt =   120.4 sec
power : iter =    826 ; delta = 2.195315e-06 ; dt =   120.6 sec
power : iter =    827 ; delta = 2.172929e-06 ; dt =   120.7 sec
power : iter =    828 ; delta = 2.151024e-06 ; dt =   120.9 sec
power : iter =    829 ; delta = 2.129091e-06 ; dt =   121.0 sec
power : iter =    830 ; delta = 2.107629e-06 ; dt =   121.2 sec
power : iter =    831 ; delta = 2.086140e-06 ; dt =   121.3 sec
power : iter =    832 ; delta = 2.065112e-06 ; dt =   121.5 sec
power : iter =    833 ; delta = 2.044057e-06 ; dt =   121.6 sec
power : iter =    834 ; delta = 2.023455e-06 ; dt =   121.8 sec
power : iter =    835 ; delta = 2.002826e-06 ; dt =   121.9 sec
power : iter =    836 ; delta = 1.982640e-06 ; dt =   122.1 sec
power : iter =    837 ; delta = 1.962429e-06 ; dt =   122.2 sec
power : iter =    838 ; delta = 1.942651e-06 ; dt =   122.4 sec
power : iter =    839 ; delta = 1.922849e-06 ; dt =   122.5 sec
power : iter =    840 ; delta = 1.903471e-06 ; dt =   122.6 sec
power : iter =    841 ; delta = 1.884070e-06 ; dt =   122.8 sec
power : iter =    842 ; delta = 1.865083e-06 ; dt =   122.9 sec
power : iter =    843 ; delta = 1.846074e-06 ; dt =   123.1 sec
power : iter =    844 ; delta = 1.827471e-06 ; dt =   123.2 sec
power : iter =    845 ; delta = 1.808847e-06 ; dt =   123.4 sec
power : iter =    846 ; delta = 1.790620e-06 ; dt =   123.5 sec
power : iter =    847 ; delta = 1.772372e-06 ; dt =   123.7 sec
power : iter =    848 ; delta = 1.754513e-06 ; dt =   123.8 sec
power : iter =    849 ; delta = 1.736635e-06 ; dt =   124.0 sec
power : iter =    850 ; delta = 1.719137e-06 ; dt =   124.1 sec
power : iter =    851 ; delta = 1.701620e-06 ; dt =   124.3 sec
power : iter =    852 ; delta = 1.684476e-06 ; dt =   124.4 sec
power : iter =    853 ; delta = 1.667314e-06 ; dt =   124.6 sec
power : iter =    854 ; delta = 1.650516e-06 ; dt =   124.7 sec
power : iter =    855 ; delta = 1.633700e-06 ; dt =   124.9 sec
power : iter =    856 ; delta = 1.617242e-06 ; dt =   125.0 sec
power : iter =    857 ; delta = 1.600766e-06 ; dt =   125.1 sec
power : iter =    858 ; delta = 1.584640e-06 ; dt =   125.3 sec
power : iter =    859 ; delta = 1.568498e-06 ; dt =   125.4 sec
power : iter =    860 ; delta = 1.552697e-06 ; dt =   125.6 sec
power : iter =    861 ; delta = 1.536881e-06 ; dt =   125.7 sec
power : iter =    862 ; delta = 1.521400e-06 ; dt =   125.9 sec
power : iter =    863 ; delta = 1.505904e-06 ; dt =   126.0 sec
power : iter =    864 ; delta = 1.490735e-06 ; dt =   126.2 sec
power : iter =    865 ; delta = 1.475552e-06 ; dt =   126.3 sec
power : iter =    866 ; delta = 1.460690e-06 ; dt =   126.5 sec
power : iter =    867 ; delta = 1.445814e-06 ; dt =   126.6 sec
power : iter =    868 ; delta = 1.431252e-06 ; dt =   126.8 sec
power : iter =    869 ; delta = 1.416677e-06 ; dt =   126.9 sec
power : iter =    870 ; delta = 1.402409e-06 ; dt =   127.1 sec
power : iter =    871 ; delta = 1.388128e-06 ; dt =   127.2 sec
power : iter =    872 ; delta = 1.374148e-06 ; dt =   127.3 sec
power : iter =    873 ; delta = 1.360156e-06 ; dt =   127.5 sec
power : iter =    874 ; delta = 1.346458e-06 ; dt =   127.6 sec
power : iter =    875 ; delta = 1.332749e-06 ; dt =   127.8 sec
power : iter =    876 ; delta = 1.319327e-06 ; dt =   127.9 sec
power : iter =    877 ; delta = 1.305895e-06 ; dt =   128.1 sec
power : iter =    878 ; delta = 1.292745e-06 ; dt =   128.2 sec
power : iter =    879 ; delta = 1.279584e-06 ; dt =   128.4 sec
power : iter =    880 ; delta = 1.266699e-06 ; dt =   128.5 sec
power : iter =    881 ; delta = 1.253804e-06 ; dt =   128.7 sec
power : iter =    882 ; delta = 1.241179e-06 ; dt =   128.8 sec
power : iter =    883 ; delta = 1.228545e-06 ; dt =   129.0 sec
power : iter =    884 ; delta = 1.216175e-06 ; dt =   129.1 sec
power : iter =    885 ; delta = 1.203796e-06 ; dt =   129.3 sec
power : iter =    886 ; delta = 1.191675e-06 ; dt =   129.4 sec
power : iter =    887 ; delta = 1.179546e-06 ; dt =   129.6 sec
power : iter =    888 ; delta = 1.167670e-06 ; dt =   129.7 sec
power : iter =    889 ; delta = 1.155786e-06 ; dt =   129.8 sec
power : iter =    890 ; delta = 1.144150e-06 ; dt =   130.0 sec
power : iter =    891 ; delta = 1.132506e-06 ; dt =   130.1 sec
power : iter =    892 ; delta = 1.121105e-06 ; dt =   130.3 sec
power : iter =    893 ; delta = 1.109696e-06 ; dt =   130.4 sec
power : iter =    894 ; delta = 1.098525e-06 ; dt =   130.6 sec
power : iter =    895 ; delta = 1.087346e-06 ; dt =   130.7 sec
power : iter =    896 ; delta = 1.076400e-06 ; dt =   130.9 sec
power : iter =    897 ; delta = 1.065448e-06 ; dt =   131.0 sec
power : iter =    898 ; delta = 1.054723e-06 ; dt =   131.2 sec
power : iter =    899 ; delta = 1.043991e-06 ; dt =   131.3 sec
power : iter =    900 ; delta = 1.033482e-06 ; dt =   131.5 sec
power : iter =    901 ; delta = 1.022967e-06 ; dt =   131.6 sec
power : iter =    902 ; delta = 1.012671e-06 ; dt =   131.8 sec
power : iter =    903 ; delta = 1.002368e-06 ; dt =   131.9 sec
power : iter =    904 ; delta = 9.922792e-07 ; dt =   132.0 sec
power : iter =    905 ; delta = 9.821845e-07 ; dt =   132.2 sec
power : iter =    906 ; delta = 9.722991e-07 ; dt =   132.3 sec
power : iter =    907 ; delta = 9.624082e-07 ; dt =   132.5 sec
power : iter =    908 ; delta = 9.527222e-07 ; dt =   132.6 sec
power : iter =    909 ; delta = 9.430310e-07 ; dt =   132.8 sec
power : iter =    910 ; delta = 9.335403e-07 ; dt =   132.9 sec
power : iter =    911 ; delta = 9.240447e-07 ; dt =   133.1 sec
power : iter =    912 ; delta = 9.147455e-07 ; dt =   133.2 sec
power : iter =    913 ; delta = 9.054415e-07 ; dt =   133.4 sec
power : iter =    914 ; delta = 8.963298e-07 ; dt =   133.5 sec
power : iter =    915 ; delta = 8.872136e-07 ; dt =   133.7 sec
power : iter =    916 ; delta = 8.782856e-07 ; dt =   133.8 sec
power : iter =    917 ; delta = 8.693535e-07 ; dt =   134.0 sec
power : iter =    918 ; delta = 8.606054e-07 ; dt =   134.1 sec
power : iter =    919 ; delta = 8.518536e-07 ; dt =   134.3 sec
power : iter =    920 ; delta = 8.432819e-07 ; dt =   134.4 sec
power : iter =    921 ; delta = 8.347066e-07 ; dt =   134.5 sec
power : iter =    922 ; delta = 8.263078e-07 ; dt =   134.7 sec
power : iter =    923 ; delta = 8.179056e-07 ; dt =   134.8 sec
power : iter =    924 ; delta = 8.096761e-07 ; dt =   135.0 sec
power : iter =    925 ; delta = 8.014434e-07 ; dt =   135.1 sec
power : iter =    926 ; delta = 7.933798e-07 ; dt =   135.3 sec
power : iter =    927 ; delta = 7.853132e-07 ; dt =   135.4 sec
power : iter =    928 ; delta = 7.774121e-07 ; dt =   135.6 sec
power : iter =    929 ; delta = 7.695083e-07 ; dt =   135.7 sec
power : iter =    930 ; delta = 7.617665e-07 ; dt =   135.9 sec
power : iter =    931 ; delta = 7.540221e-07 ; dt =   136.0 sec
power : iter =    932 ; delta = 7.464363e-07 ; dt =   136.2 sec
power : iter =    933 ; delta = 7.388482e-07 ; dt =   136.3 sec
power : iter =    934 ; delta = 7.314153e-07 ; dt =   136.5 sec
power : iter =    935 ; delta = 7.239803e-07 ; dt =   136.6 sec
power : iter =    936 ; delta = 7.166972e-07 ; dt =   136.8 sec
power : iter =    937 ; delta = 7.094121e-07 ; dt =   136.9 sec
power : iter =    938 ; delta = 7.022758e-07 ; dt =   137.0 sec
power : iter =    939 ; delta = 6.951376e-07 ; dt =   137.2 sec
power : iter =    940 ; delta = 6.881451e-07 ; dt =   137.3 sec
power : iter =    941 ; delta = 6.811509e-07 ; dt =   137.5 sec
power : iter =    942 ; delta = 6.742993e-07 ; dt =   137.6 sec
power : iter =    943 ; delta = 6.674462e-07 ; dt =   137.8 sec
power : iter =    944 ; delta = 6.607327e-07 ; dt =   137.9 sec
power : iter =    945 ; delta = 6.540178e-07 ; dt =   138.1 sec
power : iter =    946 ; delta = 6.474395e-07 ; dt =   138.2 sec
power : iter =    947 ; delta = 6.408601e-07 ; dt =   138.4 sec
power : iter =    948 ; delta = 6.344143e-07 ; dt =   138.5 sec
power : iter =    949 ; delta = 6.279675e-07 ; dt =   138.7 sec
power : iter =    950 ; delta = 6.216516e-07 ; dt =   138.8 sec
power : iter =    951 ; delta = 6.153348e-07 ; dt =   139.0 sec
power : iter =    952 ; delta = 6.091461e-07 ; dt =   139.1 sec
power : iter =    953 ; delta = 6.029567e-07 ; dt =   139.3 sec
power : iter =    954 ; delta = 5.968927e-07 ; dt =   139.4 sec
power : iter =    955 ; delta = 5.908281e-07 ; dt =   139.5 sec
power : iter =    956 ; delta = 5.848862e-07 ; dt =   139.7 sec
power : iter =    957 ; delta = 5.789439e-07 ; dt =   139.8 sec
power : iter =    958 ; delta = 5.731217e-07 ; dt =   140.0 sec
power : iter =    959 ; delta = 5.672991e-07 ; dt =   140.1 sec
power : iter =    960 ; delta = 5.615942e-07 ; dt =   140.3 sec
power : iter =    961 ; delta = 5.558891e-07 ; dt =   140.4 sec
power : iter =    962 ; delta = 5.502990e-07 ; dt =   140.6 sec
power : iter =    963 ; delta = 5.447089e-07 ; dt =   140.7 sec
power : iter =    964 ; delta = 5.392314e-07 ; dt =   140.9 sec
power : iter =    965 ; delta = 5.337540e-07 ; dt =   141.0 sec
power : iter =    966 ; delta = 5.283868e-07 ; dt =   141.2 sec
power : iter =    967 ; delta = 5.230198e-07 ; dt =   141.3 sec
power : iter =    968 ; delta = 5.177607e-07 ; dt =   141.5 sec
power : iter =    969 ; delta = 5.125018e-07 ; dt =   141.6 sec
power : iter =    970 ; delta = 5.073486e-07 ; dt =   141.8 sec
power : iter =    971 ; delta = 5.021958e-07 ; dt =   141.9 sec
power : iter =    972 ; delta = 4.971463e-07 ; dt =   142.0 sec
power : iter =    973 ; delta = 4.920973e-07 ; dt =   142.2 sec
power : iter =    974 ; delta = 4.871495e-07 ; dt =   142.3 sec
power : iter =    975 ; delta = 4.822023e-07 ; dt =   142.5 sec
power : iter =    976 ; delta = 4.773541e-07 ; dt =   142.6 sec
power : iter =    977 ; delta = 4.725066e-07 ; dt =   142.8 sec
power : iter =    978 ; delta = 4.677560e-07 ; dt =   142.9 sec
power : iter =    979 ; delta = 4.630062e-07 ; dt =   143.1 sec
power : iter =    980 ; delta = 4.583512e-07 ; dt =   143.2 sec
power : iter =    981 ; delta = 4.536971e-07 ; dt =   143.4 sec
power : iter =    982 ; delta = 4.491358e-07 ; dt =   143.5 sec
power : iter =    983 ; delta = 4.445756e-07 ; dt =   143.7 sec
power : iter =    984 ; delta = 4.401061e-07 ; dt =   143.8 sec
power : iter =    985 ; delta = 4.356377e-07 ; dt =   144.0 sec
power : iter =    986 ; delta = 4.312581e-07 ; dt =   144.1 sec
power : iter =    987 ; delta = 4.268798e-07 ; dt =   144.3 sec
power : iter =    988 ; delta = 4.225884e-07 ; dt =   144.4 sec
power : iter =    989 ; delta = 4.182983e-07 ; dt =   144.5 sec
power : iter =    990 ; delta = 4.140932e-07 ; dt =   144.7 sec
power : iter =    991 ; delta = 4.098895e-07 ; dt =   144.8 sec
power : iter =    992 ; delta = 4.057691e-07 ; dt =   145.0 sec
power : iter =    993 ; delta = 4.016501e-07 ; dt =   145.1 sec
power : iter =    994 ; delta = 3.976126e-07 ; dt =   145.3 sec
power : iter =    995 ; delta = 3.935766e-07 ; dt =   145.4 sec
power : iter =    996 ; delta = 3.896203e-07 ; dt =   145.6 sec
power : iter =    997 ; delta = 3.856656e-07 ; dt =   145.7 sec
power : iter =    998 ; delta = 3.817889e-07 ; dt =   145.9 sec
power : iter =    999 ; delta = 3.779139e-07 ; dt =   146.0 sec
power : iter =   1000 ; delta = 3.741152e-07 ; dt =   146.2 sec
power : iter =   1001 ; delta = 3.703183e-07 ; dt =   146.3 sec
power : iter =   1002 ; delta = 3.665960e-07 ; dt =   146.5 sec
power : iter =   1003 ; delta = 3.628756e-07 ; dt =   146.6 sec
power : iter =   1004 ; delta = 3.592282e-07 ; dt =   146.7 sec
power : iter =   1005 ; delta = 3.555827e-07 ; dt =   146.9 sec
power : iter =   1006 ; delta = 3.520086e-07 ; dt =   147.0 sec
power : iter =   1007 ; delta = 3.484365e-07 ; dt =   147.2 sec
power : iter =   1008 ; delta = 3.449344e-07 ; dt =   147.3 sec
power : iter =   1009 ; delta = 3.414343e-07 ; dt =   147.5 sec
power : iter =   1010 ; delta = 3.380026e-07 ; dt =   147.6 sec
power : iter =   1011 ; delta = 3.345729e-07 ; dt =   147.8 sec
power : iter =   1012 ; delta = 3.312103e-07 ; dt =   147.9 sec
power : iter =   1013 ; delta = 3.278497e-07 ; dt =   148.1 sec
power : iter =   1014 ; delta = 3.245547e-07 ; dt =   148.2 sec
power : iter =   1015 ; delta = 3.212618e-07 ; dt =   148.4 sec
power : iter =   1016 ; delta = 3.180331e-07 ; dt =   148.5 sec
power : iter =   1017 ; delta = 3.148065e-07 ; dt =   148.7 sec
power : iter =   1018 ; delta = 3.116427e-07 ; dt =   148.8 sec
power : iter =   1019 ; delta = 3.084811e-07 ; dt =   149.0 sec
power : iter =   1020 ; delta = 3.053809e-07 ; dt =   149.1 sec
power : iter =   1021 ; delta = 3.022829e-07 ; dt =   149.2 sec
power : iter =   1022 ; delta = 2.992451e-07 ; dt =   149.4 sec
power : iter =   1023 ; delta = 2.962095e-07 ; dt =   149.5 sec
power : iter =   1024 ; delta = 2.932328e-07 ; dt =   149.7 sec
power : iter =   1025 ; delta = 2.902584e-07 ; dt =   149.8 sec
power : iter =   1026 ; delta = 2.873414e-07 ; dt =   150.0 sec
power : iter =   1027 ; delta = 2.844269e-07 ; dt =   150.1 sec
power : iter =   1028 ; delta = 2.815686e-07 ; dt =   150.3 sec
power : iter =   1029 ; delta = 2.787128e-07 ; dt =   150.4 sec
power : iter =   1030 ; delta = 2.759120e-07 ; dt =   150.6 sec
power : iter =   1031 ; delta = 2.731137e-07 ; dt =   150.7 sec
power : iter =   1032 ; delta = 2.703691e-07 ; dt =   150.9 sec
power : iter =   1033 ; delta = 2.676272e-07 ; dt =   151.0 sec
power : iter =   1034 ; delta = 2.649378e-07 ; dt =   151.2 sec
power : iter =   1035 ; delta = 2.622510e-07 ; dt =   151.3 sec
power : iter =   1036 ; delta = 2.596157e-07 ; dt =   151.5 sec
power : iter =   1037 ; delta = 2.569831e-07 ; dt =   151.6 sec
power : iter =   1038 ; delta = 2.544008e-07 ; dt =   151.7 sec
power : iter =   1039 ; delta = 2.518211e-07 ; dt =   151.9 sec
power : iter =   1040 ; delta = 2.492907e-07 ; dt =   152.0 sec
power : iter =   1041 ; delta = 2.467629e-07 ; dt =   152.2 sec
power : iter =   1042 ; delta = 2.442834e-07 ; dt =   152.3 sec
power : iter =   1043 ; delta = 2.418065e-07 ; dt =   152.5 sec
power : iter =   1044 ; delta = 2.393768e-07 ; dt =   152.6 sec
power : iter =   1045 ; delta = 2.369498e-07 ; dt =   152.8 sec
power : iter =   1046 ; delta = 2.345689e-07 ; dt =   152.9 sec
power : iter =   1047 ; delta = 2.321908e-07 ; dt =   153.1 sec
power : iter =   1048 ; delta = 2.298578e-07 ; dt =   153.2 sec
power : iter =   1049 ; delta = 2.275275e-07 ; dt =   153.4 sec
power : iter =   1050 ; delta = 2.252413e-07 ; dt =   153.5 sec
power : iter =   1051 ; delta = 2.229580e-07 ; dt =   153.7 sec
power : iter =   1052 ; delta = 2.207178e-07 ; dt =   153.8 sec
power : iter =   1053 ; delta = 2.184804e-07 ; dt =   153.9 sec
power : iter =   1054 ; delta = 2.162852e-07 ; dt =   154.1 sec
power : iter =   1055 ; delta = 2.140928e-07 ; dt =   154.2 sec
power : iter =   1056 ; delta = 2.119417e-07 ; dt =   154.4 sec
power : iter =   1057 ; delta = 2.097935e-07 ; dt =   154.5 sec
power : iter =   1058 ; delta = 2.076856e-07 ; dt =   154.7 sec
power : iter =   1059 ; delta = 2.055806e-07 ; dt =   154.8 sec
power : iter =   1060 ; delta = 2.035151e-07 ; dt =   155.0 sec
power : iter =   1061 ; delta = 2.014524e-07 ; dt =   155.1 sec
power : iter =   1062 ; delta = 1.994284e-07 ; dt =   155.3 sec
power : iter =   1063 ; delta = 1.974073e-07 ; dt =   155.4 sec
power : iter =   1064 ; delta = 1.954239e-07 ; dt =   155.6 sec
power : iter =   1065 ; delta = 1.934435e-07 ; dt =   155.7 sec
power : iter =   1066 ; delta = 1.915000e-07 ; dt =   155.9 sec
power : iter =   1067 ; delta = 1.895593e-07 ; dt =   156.0 sec
power : iter =   1068 ; delta = 1.876549e-07 ; dt =   156.2 sec
power : iter =   1069 ; delta = 1.857533e-07 ; dt =   156.3 sec
power : iter =   1070 ; delta = 1.838871e-07 ; dt =   156.4 sec
power : iter =   1071 ; delta = 1.820238e-07 ; dt =   156.6 sec
power : iter =   1072 ; delta = 1.801951e-07 ; dt =   156.7 sec
power : iter =   1073 ; delta = 1.783693e-07 ; dt =   156.9 sec
power : iter =   1074 ; delta = 1.765773e-07 ; dt =   157.0 sec
power : iter =   1075 ; delta = 1.747882e-07 ; dt =   157.2 sec
power : iter =   1076 ; delta = 1.730323e-07 ; dt =   157.3 sec
power : iter =   1077 ; delta = 1.712792e-07 ; dt =   157.5 sec
power : iter =   1078 ; delta = 1.695585e-07 ; dt =   157.6 sec
power : iter =   1079 ; delta = 1.678406e-07 ; dt =   157.8 sec
power : iter =   1080 ; delta = 1.661545e-07 ; dt =   157.9 sec
power : iter =   1081 ; delta = 1.644712e-07 ; dt =   158.1 sec
power : iter =   1082 ; delta = 1.628190e-07 ; dt =   158.2 sec
power : iter =   1083 ; delta = 1.611696e-07 ; dt =   158.4 sec
power : iter =   1084 ; delta = 1.595505e-07 ; dt =   158.5 sec
power : iter =   1085 ; delta = 1.579343e-07 ; dt =   158.7 sec
power : iter =   1086 ; delta = 1.563477e-07 ; dt =   158.8 sec
power : iter =   1087 ; delta = 1.547640e-07 ; dt =   159.0 sec
power : iter =   1088 ; delta = 1.532093e-07 ; dt =   159.1 sec
power : iter =   1089 ; delta = 1.516574e-07 ; dt =   159.2 sec
power : iter =   1090 ; delta = 1.501339e-07 ; dt =   159.4 sec
power : iter =   1091 ; delta = 1.486133e-07 ; dt =   159.5 sec
power : iter =   1092 ; delta = 1.471204e-07 ; dt =   159.7 sec
power : iter =   1093 ; delta = 1.456304e-07 ; dt =   159.8 sec
power : iter =   1094 ; delta = 1.441675e-07 ; dt =   160.0 sec
power : iter =   1095 ; delta = 1.427074e-07 ; dt =   160.1 sec
power : iter =   1096 ; delta = 1.412738e-07 ; dt =   160.3 sec
power : iter =   1097 ; delta = 1.398431e-07 ; dt =   160.4 sec
power : iter =   1098 ; delta = 1.384384e-07 ; dt =   160.6 sec
power : iter =   1099 ; delta = 1.370364e-07 ; dt =   160.7 sec
power : iter =   1100 ; delta = 1.356599e-07 ; dt =   160.9 sec
power : iter =   1101 ; delta = 1.342861e-07 ; dt =   161.0 sec
power : iter =   1102 ; delta = 1.329372e-07 ; dt =   161.2 sec
power : iter =   1103 ; delta = 1.315911e-07 ; dt =   161.3 sec
power : iter =   1104 ; delta = 1.302693e-07 ; dt =   161.4 sec
power : iter =   1105 ; delta = 1.289502e-07 ; dt =   161.6 sec
power : iter =   1106 ; delta = 1.276550e-07 ; dt =   161.7 sec
power : iter =   1107 ; delta = 1.263624e-07 ; dt =   161.9 sec
power : iter =   1108 ; delta = 1.250931e-07 ; dt =   162.0 sec
power : iter =   1109 ; delta = 1.238266e-07 ; dt =   162.2 sec
power : iter =   1110 ; delta = 1.225828e-07 ; dt =   162.3 sec
power : iter =   1111 ; delta = 1.213417e-07 ; dt =   162.5 sec
power : iter =   1112 ; delta = 1.201229e-07 ; dt =   162.6 sec
power : iter =   1113 ; delta = 1.189068e-07 ; dt =   162.8 sec
power : iter =   1114 ; delta = 1.177125e-07 ; dt =   162.9 sec
power : iter =   1115 ; delta = 1.165208e-07 ; dt =   163.1 sec
power : iter =   1116 ; delta = 1.153504e-07 ; dt =   163.2 sec
power : iter =   1117 ; delta = 1.141827e-07 ; dt =   163.4 sec
power : iter =   1118 ; delta = 1.130358e-07 ; dt =   163.5 sec
power : iter =   1119 ; delta = 1.118916e-07 ; dt =   163.7 sec
power : iter =   1120 ; delta = 1.107677e-07 ; dt =   163.8 sec
power : iter =   1121 ; delta = 1.096465e-07 ; dt =   164.0 sec
power : iter =   1122 ; delta = 1.085452e-07 ; dt =   164.1 sec
power : iter =   1123 ; delta = 1.074465e-07 ; dt =   164.2 sec
power : iter =   1124 ; delta = 1.063673e-07 ; dt =   164.4 sec
power : iter =   1125 ; delta = 1.052907e-07 ; dt =   164.5 sec
power : iter =   1126 ; delta = 1.042332e-07 ; dt =   164.7 sec
power : iter =   1127 ; delta = 1.031782e-07 ; dt =   164.8 sec
power : iter =   1128 ; delta = 1.021420e-07 ; dt =   165.0 sec
power : iter =   1129 ; delta = 1.011082e-07 ; dt =   165.1 sec
power : iter =   1130 ; delta = 1.000927e-07 ; dt =   165.3 sec
power : iter =   1131 ; delta = 9.907970e-08 ; dt =   165.4 sec
power : solved pagerank(a=0.9900) in  1131 mults to 1.000000e-07 tol
output norm: 1.0000000000000000e+00
165.36user 0.00system 2:45.46elapsed 99%CPU (0avgtext+0avgdata 0maxresident)k
0inputs+0outputs (0major+2021minor)pagefaults 0swaps
