Parameters: 
   graphfile = /var/tmp/dgleich/data/wb-stanford
      output = none
         alg = power
       alpha = 0.99
         tol = 1e-07
       maxit = 10000

nodes = 275689
edges = 1623817
power : iter =      1 ; delta = 8.111634e-01 ; dt =     0.3 sec
power : iter =      2 ; delta = 4.299143e-01 ; dt =     0.5 sec
power : iter =      3 ; delta = 2.664215e-01 ; dt =     0.7 sec
power : iter =      4 ; delta = 1.734155e-01 ; dt =     0.8 sec
power : iter =      5 ; delta = 1.214605e-01 ; dt =     0.9 sec
power : iter =      6 ; delta = 9.604188e-02 ; dt =     1.0 sec
power : iter =      7 ; delta = 7.863341e-02 ; dt =     1.1 sec
power : iter =      8 ; delta = 6.771911e-02 ; dt =     1.2 sec
power : iter =      9 ; delta = 5.961687e-02 ; dt =     1.3 sec
power : iter =     10 ; delta = 5.350281e-02 ; dt =     1.4 sec
power : iter =     11 ; delta = 4.873888e-02 ; dt =     1.5 sec
power : iter =     12 ; delta = 4.480030e-02 ; dt =     1.6 sec
power : iter =     13 ; delta = 4.156074e-02 ; dt =     1.7 sec
power : iter =     14 ; delta = 3.878084e-02 ; dt =     1.8 sec
power : iter =     15 ; delta = 3.641277e-02 ; dt =     1.9 sec
power : iter =     16 ; delta = 3.428268e-02 ; dt =     2.0 sec
power : iter =     17 ; delta = 3.244029e-02 ; dt =     2.1 sec
power : iter =     18 ; delta = 3.076955e-02 ; dt =     2.2 sec
power : iter =     19 ; delta = 2.929367e-02 ; dt =     2.3 sec
power : iter =     20 ; delta = 2.793550e-02 ; dt =     2.4 sec
power : iter =     21 ; delta = 2.671793e-02 ; dt =     2.5 sec
power : iter =     22 ; delta = 2.557806e-02 ; dt =     2.6 sec
power : iter =     23 ; delta = 2.455484e-02 ; dt =     2.7 sec
power : iter =     24 ; delta = 2.360622e-02 ; dt =     2.7 sec
power : iter =     25 ; delta = 2.273416e-02 ; dt =     2.8 sec
power : iter =     26 ; delta = 2.192042e-02 ; dt =     2.9 sec
power : iter =     27 ; delta = 2.116227e-02 ; dt =     3.0 sec
power : iter =     28 ; delta = 2.044534e-02 ; dt =     3.1 sec
power : iter =     29 ; delta = 1.977311e-02 ; dt =     3.2 sec
power : iter =     30 ; delta = 1.913663e-02 ; dt =     3.3 sec
power : iter =     31 ; delta = 1.853209e-02 ; dt =     3.4 sec
power : iter =     32 ; delta = 1.796233e-02 ; dt =     3.5 sec
power : iter =     33 ; delta = 1.742010e-02 ; dt =     3.6 sec
power : iter =     34 ; delta = 1.690371e-02 ; dt =     3.7 sec
power : iter =     35 ; delta = 1.641307e-02 ; dt =     3.8 sec
power : iter =     36 ; delta = 1.594465e-02 ; dt =     3.9 sec
power : iter =     37 ; delta = 1.549725e-02 ; dt =     4.0 sec
power : iter =     38 ; delta = 1.507210e-02 ; dt =     4.1 sec
power : iter =     39 ; delta = 1.466494e-02 ; dt =     4.2 sec
power : iter =     40 ; delta = 1.427596e-02 ; dt =     4.3 sec
power : iter =     41 ; delta = 1.390356e-02 ; dt =     4.4 sec
power : iter =     42 ; delta = 1.354692e-02 ; dt =     4.5 sec
power : iter =     43 ; delta = 1.320400e-02 ; dt =     4.6 sec
power : iter =     44 ; delta = 1.287589e-02 ; dt =     4.7 sec
power : iter =     45 ; delta = 1.255982e-02 ; dt =     4.8 sec
power : iter =     46 ; delta = 1.225621e-02 ; dt =     4.9 sec
power : iter =     47 ; delta = 1.196460e-02 ; dt =     5.0 sec
power : iter =     48 ; delta = 1.168405e-02 ; dt =     5.1 sec
power : iter =     49 ; delta = 1.141376e-02 ; dt =     5.2 sec
power : iter =     50 ; delta = 1.115663e-02 ; dt =     5.3 sec
power : iter =     51 ; delta = 1.090783e-02 ; dt =     5.4 sec
power : iter =     52 ; delta = 1.067004e-02 ; dt =     5.5 sec
power : iter =     53 ; delta = 1.043916e-02 ; dt =     5.6 sec
power : iter =     54 ; delta = 1.021799e-02 ; dt =     5.7 sec
power : iter =     55 ; delta = 1.000201e-02 ; dt =     5.8 sec
power : iter =     56 ; delta = 9.794067e-03 ; dt =     5.9 sec
power : iter =     57 ; delta = 9.591741e-03 ; dt =     6.0 sec
power : iter =     58 ; delta = 9.396714e-03 ; dt =     6.1 sec
power : iter =     59 ; delta = 9.206982e-03 ; dt =     6.2 sec
power : iter =     60 ; delta = 9.023828e-03 ; dt =     6.3 sec
power : iter =     61 ; delta = 8.845515e-03 ; dt =     6.4 sec
power : iter =     62 ; delta = 8.673098e-03 ; dt =     6.5 sec
power : iter =     63 ; delta = 8.505448e-03 ; dt =     6.6 sec
power : iter =     64 ; delta = 8.342654e-03 ; dt =     6.7 sec
power : iter =     65 ; delta = 8.184694e-03 ; dt =     6.8 sec
power : iter =     66 ; delta = 8.030908e-03 ; dt =     6.9 sec
power : iter =     67 ; delta = 7.881384e-03 ; dt =     7.0 sec
power : iter =     68 ; delta = 7.735739e-03 ; dt =     7.1 sec
power : iter =     69 ; delta = 7.594352e-03 ; dt =     7.2 sec
power : iter =     70 ; delta = 7.456061e-03 ; dt =     7.3 sec
power : iter =     71 ; delta = 7.322057e-03 ; dt =     7.4 sec
power : iter =     72 ; delta = 7.190939e-03 ; dt =     7.5 sec
power : iter =     73 ; delta = 7.063637e-03 ; dt =     7.6 sec
power : iter =     74 ; delta = 6.939145e-03 ; dt =     7.7 sec
power : iter =     75 ; delta = 6.818403e-03 ; dt =     7.8 sec
power : iter =     76 ; delta = 6.700007e-03 ; dt =     7.9 sec
power : iter =     77 ; delta = 6.585266e-03 ; dt =     8.0 sec
power : iter =     78 ; delta = 6.472506e-03 ; dt =     8.1 sec
power : iter =     79 ; delta = 6.363080e-03 ; dt =     8.2 sec
power : iter =     80 ; delta = 6.255458e-03 ; dt =     8.3 sec
power : iter =     81 ; delta = 6.151109e-03 ; dt =     8.4 sec
power : iter =     82 ; delta = 6.048256e-03 ; dt =     8.5 sec
power : iter =     83 ; delta = 5.948610e-03 ; dt =     8.6 sec
power : iter =     84 ; delta = 5.850278e-03 ; dt =     8.7 sec
power : iter =     85 ; delta = 5.754962e-03 ; dt =     8.8 sec
power : iter =     86 ; delta = 5.660890e-03 ; dt =     8.9 sec
power : iter =     87 ; delta = 5.569699e-03 ; dt =     9.0 sec
power : iter =     88 ; delta = 5.479600e-03 ; dt =     9.1 sec
power : iter =     89 ; delta = 5.392250e-03 ; dt =     9.2 sec
power : iter =     90 ; delta = 5.305936e-03 ; dt =     9.3 sec
power : iter =     91 ; delta = 5.222220e-03 ; dt =     9.4 sec
power : iter =     92 ; delta = 5.139473e-03 ; dt =     9.5 sec
power : iter =     93 ; delta = 5.059233e-03 ; dt =     9.6 sec
power : iter =     94 ; delta = 4.979847e-03 ; dt =     9.7 sec
power : iter =     95 ; delta = 4.902847e-03 ; dt =     9.8 sec
power : iter =     96 ; delta = 4.826606e-03 ; dt =     9.9 sec
power : iter =     97 ; delta = 4.752664e-03 ; dt =    10.0 sec
power : iter =     98 ; delta = 4.679409e-03 ; dt =    10.1 sec
power : iter =     99 ; delta = 4.608415e-03 ; dt =    10.2 sec
power : iter =    100 ; delta = 4.538080e-03 ; dt =    10.3 sec
power : iter =    101 ; delta = 4.469885e-03 ; dt =    10.4 sec
power : iter =    102 ; delta = 4.402254e-03 ; dt =    10.5 sec
power : iter =    103 ; delta = 4.336631e-03 ; dt =    10.6 sec
power : iter =    104 ; delta = 4.271534e-03 ; dt =    10.7 sec
power : iter =    105 ; delta = 4.208359e-03 ; dt =    10.8 sec
power : iter =    106 ; delta = 4.145688e-03 ; dt =    10.9 sec
power : iter =    107 ; delta = 4.084823e-03 ; dt =    11.0 sec
power : iter =    108 ; delta = 4.024528e-03 ; dt =    11.1 sec
power : iter =    109 ; delta = 3.965872e-03 ; dt =    11.2 sec
power : iter =    110 ; delta = 3.907828e-03 ; dt =    11.3 sec
power : iter =    111 ; delta = 3.851351e-03 ; dt =    11.4 sec
power : iter =    112 ; delta = 3.795434e-03 ; dt =    11.5 sec
power : iter =    113 ; delta = 3.740975e-03 ; dt =    11.6 sec
power : iter =    114 ; delta = 3.687043e-03 ; dt =    11.7 sec
power : iter =    115 ; delta = 3.634483e-03 ; dt =    11.8 sec
power : iter =    116 ; delta = 3.582431e-03 ; dt =    11.9 sec
power : iter =    117 ; delta = 3.531691e-03 ; dt =    12.0 sec
power : iter =    118 ; delta = 3.481454e-03 ; dt =    12.1 sec
power : iter =    119 ; delta = 3.432477e-03 ; dt =    12.2 sec
power : iter =    120 ; delta = 3.383988e-03 ; dt =    12.3 sec
power : iter =    121 ; delta = 3.336653e-03 ; dt =    12.4 sec
power : iter =    122 ; delta = 3.289888e-03 ; dt =    12.5 sec
power : iter =    123 ; delta = 3.244113e-03 ; dt =    12.6 sec
power : iter =    124 ; delta = 3.198932e-03 ; dt =    12.7 sec
power : iter =    125 ; delta = 3.154682e-03 ; dt =    12.8 sec
power : iter =    126 ; delta = 3.111014e-03 ; dt =    12.9 sec
power : iter =    127 ; delta = 3.068224e-03 ; dt =    13.0 sec
power : iter =    128 ; delta = 3.025994e-03 ; dt =    13.1 sec
power : iter =    129 ; delta = 2.984598e-03 ; dt =    13.2 sec
power : iter =    130 ; delta = 2.943737e-03 ; dt =    13.3 sec
power : iter =    131 ; delta = 2.903672e-03 ; dt =    13.3 sec
power : iter =    132 ; delta = 2.864131e-03 ; dt =    13.4 sec
power : iter =    133 ; delta = 2.825376e-03 ; dt =    13.5 sec
power : iter =    134 ; delta = 2.787090e-03 ; dt =    13.6 sec
power : iter =    135 ; delta = 2.749575e-03 ; dt =    13.7 sec
power : iter =    136 ; delta = 2.712542e-03 ; dt =    13.8 sec
power : iter =    137 ; delta = 2.676206e-03 ; dt =    13.9 sec
power : iter =    138 ; delta = 2.640382e-03 ; dt =    14.0 sec
power : iter =    139 ; delta = 2.605196e-03 ; dt =    14.1 sec
power : iter =    140 ; delta = 2.570495e-03 ; dt =    14.2 sec
power : iter =    141 ; delta = 2.536403e-03 ; dt =    14.3 sec
power : iter =    142 ; delta = 2.502769e-03 ; dt =    14.4 sec
power : iter =    143 ; delta = 2.469720e-03 ; dt =    14.5 sec
power : iter =    144 ; delta = 2.437116e-03 ; dt =    14.6 sec
power : iter =    145 ; delta = 2.405069e-03 ; dt =    14.7 sec
power : iter =    146 ; delta = 2.373457e-03 ; dt =    14.8 sec
power : iter =    147 ; delta = 2.342378e-03 ; dt =    14.9 sec
power : iter =    148 ; delta = 2.311723e-03 ; dt =    15.0 sec
power : iter =    149 ; delta = 2.281577e-03 ; dt =    15.1 sec
power : iter =    150 ; delta = 2.251844e-03 ; dt =    15.2 sec
power : iter =    151 ; delta = 2.222592e-03 ; dt =    15.3 sec
power : iter =    152 ; delta = 2.193746e-03 ; dt =    15.4 sec
power : iter =    153 ; delta = 2.165358e-03 ; dt =    15.5 sec
power : iter =    154 ; delta = 2.137364e-03 ; dt =    15.6 sec
power : iter =    155 ; delta = 2.109809e-03 ; dt =    15.7 sec
power : iter =    156 ; delta = 2.082640e-03 ; dt =    15.8 sec
power : iter =    157 ; delta = 2.055889e-03 ; dt =    15.9 sec
power : iter =    158 ; delta = 2.029513e-03 ; dt =    16.0 sec
power : iter =    159 ; delta = 2.003541e-03 ; dt =    16.1 sec
power : iter =    160 ; delta = 1.977929e-03 ; dt =    16.2 sec
power : iter =    161 ; delta = 1.952707e-03 ; dt =    16.3 sec
power : iter =    162 ; delta = 1.927835e-03 ; dt =    16.4 sec
power : iter =    163 ; delta = 1.903336e-03 ; dt =    16.5 sec
power : iter =    164 ; delta = 1.879178e-03 ; dt =    16.6 sec
power : iter =    165 ; delta = 1.855380e-03 ; dt =    16.7 sec
power : iter =    166 ; delta = 1.831911e-03 ; dt =    16.8 sec
power : iter =    167 ; delta = 1.808790e-03 ; dt =    16.9 sec
power : iter =    168 ; delta = 1.785988e-03 ; dt =    17.0 sec
power : iter =    169 ; delta = 1.763519e-03 ; dt =    17.1 sec
power : iter =    170 ; delta = 1.741360e-03 ; dt =    17.2 sec
power : iter =    171 ; delta = 1.719525e-03 ; dt =    17.3 sec
power : iter =    172 ; delta = 1.697988e-03 ; dt =    17.4 sec
power : iter =    173 ; delta = 1.676764e-03 ; dt =    17.5 sec
power : iter =    174 ; delta = 1.655829e-03 ; dt =    17.6 sec
power : iter =    175 ; delta = 1.635196e-03 ; dt =    17.7 sec
power : iter =    176 ; delta = 1.614843e-03 ; dt =    17.8 sec
power : iter =    177 ; delta = 1.594782e-03 ; dt =    17.9 sec
power : iter =    178 ; delta = 1.574991e-03 ; dt =    18.0 sec
power : iter =    179 ; delta = 1.555484e-03 ; dt =    18.1 sec
power : iter =    180 ; delta = 1.536238e-03 ; dt =    18.2 sec
power : iter =    181 ; delta = 1.517267e-03 ; dt =    18.3 sec
power : iter =    182 ; delta = 1.498549e-03 ; dt =    18.4 sec
power : iter =    183 ; delta = 1.480097e-03 ; dt =    18.5 sec
power : iter =    184 ; delta = 1.461891e-03 ; dt =    18.6 sec
power : iter =    185 ; delta = 1.443946e-03 ; dt =    18.7 sec
power : iter =    186 ; delta = 1.426237e-03 ; dt =    18.8 sec
power : iter =    187 ; delta = 1.408780e-03 ; dt =    18.9 sec
power : iter =    188 ; delta = 1.391552e-03 ; dt =    19.0 sec
power : iter =    189 ; delta = 1.374568e-03 ; dt =    19.1 sec
power : iter =    190 ; delta = 1.357802e-03 ; dt =    19.2 sec
power : iter =    191 ; delta = 1.341274e-03 ; dt =    19.3 sec
power : iter =    192 ; delta = 1.324957e-03 ; dt =    19.4 sec
power : iter =    193 ; delta = 1.308871e-03 ; dt =    19.5 sec
power : iter =    194 ; delta = 1.292989e-03 ; dt =    19.6 sec
power : iter =    195 ; delta = 1.277331e-03 ; dt =    19.7 sec
power : iter =    196 ; delta = 1.261871e-03 ; dt =    19.8 sec
power : iter =    197 ; delta = 1.246628e-03 ; dt =    19.9 sec
power : iter =    198 ; delta = 1.231578e-03 ; dt =    20.0 sec
power : iter =    199 ; delta = 1.216741e-03 ; dt =    20.1 sec
power : iter =    200 ; delta = 1.202093e-03 ; dt =    20.2 sec
power : iter =    201 ; delta = 1.187653e-03 ; dt =    20.3 sec
power : iter =    202 ; delta = 1.173398e-03 ; dt =    20.4 sec
power : iter =    203 ; delta = 1.159346e-03 ; dt =    20.5 sec
power : iter =    204 ; delta = 1.145467e-03 ; dt =    20.6 sec
power : iter =    205 ; delta = 1.131784e-03 ; dt =    20.7 sec
power : iter =    206 ; delta = 1.118270e-03 ; dt =    20.8 sec
power : iter =    207 ; delta = 1.104946e-03 ; dt =    20.9 sec
power : iter =    208 ; delta = 1.091783e-03 ; dt =    21.0 sec
power : iter =    209 ; delta = 1.078806e-03 ; dt =    21.1 sec
power : iter =    210 ; delta = 1.065985e-03 ; dt =    21.2 sec
power : iter =    211 ; delta = 1.053342e-03 ; dt =    21.3 sec
power : iter =    212 ; delta = 1.040850e-03 ; dt =    21.4 sec
power : iter =    213 ; delta = 1.028532e-03 ; dt =    21.5 sec
power : iter =    214 ; delta = 1.016359e-03 ; dt =    21.6 sec
power : iter =    215 ; delta = 1.004357e-03 ; dt =    21.7 sec
power : iter =    216 ; delta = 9.924952e-04 ; dt =    21.8 sec
power : iter =    217 ; delta = 9.807998e-04 ; dt =    21.9 sec
power : iter =    218 ; delta = 9.692400e-04 ; dt =    22.0 sec
power : iter =    219 ; delta = 9.578430e-04 ; dt =    22.1 sec
power : iter =    220 ; delta = 9.465757e-04 ; dt =    22.2 sec
power : iter =    221 ; delta = 9.354679e-04 ; dt =    22.3 sec
power : iter =    222 ; delta = 9.244855e-04 ; dt =    22.4 sec
power : iter =    223 ; delta = 9.136583e-04 ; dt =    22.5 sec
power : iter =    224 ; delta = 9.029523e-04 ; dt =    22.6 sec
power : iter =    225 ; delta = 8.923986e-04 ; dt =    22.7 sec
power : iter =    226 ; delta = 8.819607e-04 ; dt =    22.8 sec
power : iter =    227 ; delta = 8.716740e-04 ; dt =    22.9 sec
power : iter =    228 ; delta = 8.614974e-04 ; dt =    23.0 sec
power : iter =    229 ; delta = 8.514714e-04 ; dt =    23.1 sec
power : iter =    230 ; delta = 8.415485e-04 ; dt =    23.2 sec
power : iter =    231 ; delta = 8.317731e-04 ; dt =    23.2 sec
power : iter =    232 ; delta = 8.220967e-04 ; dt =    23.3 sec
power : iter =    233 ; delta = 8.125647e-04 ; dt =    23.4 sec
power : iter =    234 ; delta = 8.031283e-04 ; dt =    23.5 sec
power : iter =    235 ; delta = 7.938327e-04 ; dt =    23.6 sec
power : iter =    236 ; delta = 7.846297e-04 ; dt =    23.7 sec
power : iter =    237 ; delta = 7.755647e-04 ; dt =    23.8 sec
power : iter =    238 ; delta = 7.665894e-04 ; dt =    23.9 sec
power : iter =    239 ; delta = 7.577497e-04 ; dt =    24.0 sec
power : iter =    240 ; delta = 7.489949e-04 ; dt =    24.1 sec
power : iter =    241 ; delta = 7.403728e-04 ; dt =    24.2 sec
power : iter =    242 ; delta = 7.318326e-04 ; dt =    24.3 sec
power : iter =    243 ; delta = 7.234236e-04 ; dt =    24.4 sec
power : iter =    244 ; delta = 7.150925e-04 ; dt =    24.5 sec
power : iter =    245 ; delta = 7.068895e-04 ; dt =    24.6 sec
power : iter =    246 ; delta = 6.987614e-04 ; dt =    24.7 sec
power : iter =    247 ; delta = 6.907587e-04 ; dt =    24.8 sec
power : iter =    248 ; delta = 6.828279e-04 ; dt =    24.9 sec
power : iter =    249 ; delta = 6.750206e-04 ; dt =    25.0 sec
power : iter =    250 ; delta = 6.672817e-04 ; dt =    25.1 sec
power : iter =    251 ; delta = 6.596643e-04 ; dt =    25.2 sec
power : iter =    252 ; delta = 6.521126e-04 ; dt =    25.3 sec
power : iter =    253 ; delta = 6.446799e-04 ; dt =    25.4 sec
power : iter =    254 ; delta = 6.373102e-04 ; dt =    25.5 sec
power : iter =    255 ; delta = 6.300576e-04 ; dt =    25.6 sec
power : iter =    256 ; delta = 6.228650e-04 ; dt =    25.7 sec
power : iter =    257 ; delta = 6.157876e-04 ; dt =    25.8 sec
power : iter =    258 ; delta = 6.087679e-04 ; dt =    25.9 sec
power : iter =    259 ; delta = 6.018608e-04 ; dt =    26.0 sec
power : iter =    260 ; delta = 5.950093e-04 ; dt =    26.1 sec
power : iter =    261 ; delta = 5.882684e-04 ; dt =    26.2 sec
power : iter =    262 ; delta = 5.815805e-04 ; dt =    26.3 sec
power : iter =    263 ; delta = 5.750013e-04 ; dt =    26.4 sec
power : iter =    264 ; delta = 5.684731e-04 ; dt =    26.5 sec
power : iter =    265 ; delta = 5.620512e-04 ; dt =    26.6 sec
power : iter =    266 ; delta = 5.556783e-04 ; dt =    26.7 sec
power : iter =    267 ; delta = 5.494099e-04 ; dt =    26.8 sec
power : iter =    268 ; delta = 5.431882e-04 ; dt =    26.9 sec
power : iter =    269 ; delta = 5.370692e-04 ; dt =    27.0 sec
power : iter =    270 ; delta = 5.309950e-04 ; dt =    27.1 sec
power : iter =    271 ; delta = 5.250214e-04 ; dt =    27.2 sec
power : iter =    272 ; delta = 5.190909e-04 ; dt =    27.3 sec
power : iter =    273 ; delta = 5.132592e-04 ; dt =    27.4 sec
power : iter =    274 ; delta = 5.074687e-04 ; dt =    27.5 sec
power : iter =    275 ; delta = 5.017755e-04 ; dt =    27.6 sec
power : iter =    276 ; delta = 4.961217e-04 ; dt =    27.7 sec
power : iter =    277 ; delta = 4.905632e-04 ; dt =    27.8 sec
power : iter =    278 ; delta = 4.850424e-04 ; dt =    27.9 sec
power : iter =    279 ; delta = 4.796151e-04 ; dt =    28.0 sec
power : iter =    280 ; delta = 4.742238e-04 ; dt =    28.1 sec
power : iter =    281 ; delta = 4.689244e-04 ; dt =    28.2 sec
power : iter =    282 ; delta = 4.636597e-04 ; dt =    28.3 sec
power : iter =    283 ; delta = 4.584848e-04 ; dt =    28.4 sec
power : iter =    284 ; delta = 4.533431e-04 ; dt =    28.5 sec
power : iter =    285 ; delta = 4.482897e-04 ; dt =    28.6 sec
power : iter =    286 ; delta = 4.432679e-04 ; dt =    28.7 sec
power : iter =    287 ; delta = 4.383327e-04 ; dt =    28.8 sec
power : iter =    288 ; delta = 4.334280e-04 ; dt =    28.9 sec
power : iter =    289 ; delta = 4.286080e-04 ; dt =    29.0 sec
power : iter =    290 ; delta = 4.238173e-04 ; dt =    29.1 sec
power : iter =    291 ; delta = 4.191097e-04 ; dt =    29.2 sec
power : iter =    292 ; delta = 4.144301e-04 ; dt =    29.3 sec
power : iter =    293 ; delta = 4.098321e-04 ; dt =    29.4 sec
power : iter =    294 ; delta = 4.052609e-04 ; dt =    29.5 sec
power : iter =    295 ; delta = 4.007697e-04 ; dt =    29.6 sec
power : iter =    296 ; delta = 3.963042e-04 ; dt =    29.7 sec
power : iter =    297 ; delta = 3.919173e-04 ; dt =    29.8 sec
power : iter =    298 ; delta = 3.875547e-04 ; dt =    29.9 sec
power : iter =    299 ; delta = 3.832694e-04 ; dt =    30.0 sec
power : iter =    300 ; delta = 3.790074e-04 ; dt =    30.1 sec
power : iter =    301 ; delta = 3.748210e-04 ; dt =    30.2 sec
power : iter =    302 ; delta = 3.706571e-04 ; dt =    30.3 sec
power : iter =    303 ; delta = 3.665675e-04 ; dt =    30.4 sec
power : iter =    304 ; delta = 3.624991e-04 ; dt =    30.5 sec
power : iter =    305 ; delta = 3.585037e-04 ; dt =    30.6 sec
power : iter =    306 ; delta = 3.545287e-04 ; dt =    30.7 sec
power : iter =    307 ; delta = 3.506251e-04 ; dt =    30.8 sec
power : iter =    308 ; delta = 3.467412e-04 ; dt =    30.9 sec
power : iter =    309 ; delta = 3.429273e-04 ; dt =    31.0 sec
power : iter =    310 ; delta = 3.391321e-04 ; dt =    31.1 sec
power : iter =    311 ; delta = 3.354057e-04 ; dt =    31.2 sec
power : iter =    312 ; delta = 3.316972e-04 ; dt =    31.3 sec
power : iter =    313 ; delta = 3.280560e-04 ; dt =    31.4 sec
power : iter =    314 ; delta = 3.244321e-04 ; dt =    31.5 sec
power : iter =    315 ; delta = 3.208742e-04 ; dt =    31.6 sec
power : iter =    316 ; delta = 3.173327e-04 ; dt =    31.7 sec
power : iter =    317 ; delta = 3.138561e-04 ; dt =    31.8 sec
power : iter =    318 ; delta = 3.103951e-04 ; dt =    31.9 sec
power : iter =    319 ; delta = 3.069977e-04 ; dt =    32.0 sec
power : iter =    320 ; delta = 3.036153e-04 ; dt =    32.1 sec
power : iter =    321 ; delta = 3.002952e-04 ; dt =    32.2 sec
power : iter =    322 ; delta = 2.969895e-04 ; dt =    32.3 sec
power : iter =    323 ; delta = 2.937448e-04 ; dt =    32.4 sec
power : iter =    324 ; delta = 2.905140e-04 ; dt =    32.5 sec
power : iter =    325 ; delta = 2.873431e-04 ; dt =    32.6 sec
power : iter =    326 ; delta = 2.841851e-04 ; dt =    32.7 sec
power : iter =    327 ; delta = 2.810866e-04 ; dt =    32.7 sec
power : iter =    328 ; delta = 2.779994e-04 ; dt =    32.8 sec
power : iter =    329 ; delta = 2.749714e-04 ; dt =    32.9 sec
power : iter =    330 ; delta = 2.719535e-04 ; dt =    33.0 sec
power : iter =    331 ; delta = 2.689944e-04 ; dt =    33.1 sec
power : iter =    332 ; delta = 2.660442e-04 ; dt =    33.2 sec
power : iter =    333 ; delta = 2.631524e-04 ; dt =    33.3 sec
power : iter =    334 ; delta = 2.602683e-04 ; dt =    33.4 sec
power : iter =    335 ; delta = 2.574425e-04 ; dt =    33.5 sec
power : iter =    336 ; delta = 2.546235e-04 ; dt =    33.6 sec
power : iter =    337 ; delta = 2.518613e-04 ; dt =    33.7 sec
power : iter =    338 ; delta = 2.491056e-04 ; dt =    33.8 sec
power : iter =    339 ; delta = 2.464054e-04 ; dt =    33.9 sec
power : iter =    340 ; delta = 2.437114e-04 ; dt =    34.0 sec
power : iter =    341 ; delta = 2.410718e-04 ; dt =    34.1 sec
power : iter =    342 ; delta = 2.384383e-04 ; dt =    34.2 sec
power : iter =    343 ; delta = 2.358588e-04 ; dt =    34.3 sec
power : iter =    344 ; delta = 2.332841e-04 ; dt =    34.4 sec
power : iter =    345 ; delta = 2.307623e-04 ; dt =    34.5 sec
power : iter =    346 ; delta = 2.282450e-04 ; dt =    34.6 sec
power : iter =    347 ; delta = 2.257796e-04 ; dt =    34.7 sec
power : iter =    348 ; delta = 2.233184e-04 ; dt =    34.8 sec
power : iter =    349 ; delta = 2.209080e-04 ; dt =    34.9 sec
power : iter =    350 ; delta = 2.185016e-04 ; dt =    35.0 sec
power : iter =    351 ; delta = 2.161449e-04 ; dt =    35.1 sec
power : iter =    352 ; delta = 2.137920e-04 ; dt =    35.2 sec
power : iter =    353 ; delta = 2.114877e-04 ; dt =    35.3 sec
power : iter =    354 ; delta = 2.091871e-04 ; dt =    35.4 sec
power : iter =    355 ; delta = 2.069341e-04 ; dt =    35.5 sec
power : iter =    356 ; delta = 2.046846e-04 ; dt =    35.6 sec
power : iter =    357 ; delta = 2.024817e-04 ; dt =    35.7 sec
power : iter =    358 ; delta = 2.002827e-04 ; dt =    35.8 sec
power : iter =    359 ; delta = 1.981284e-04 ; dt =    35.9 sec
power : iter =    360 ; delta = 1.959788e-04 ; dt =    36.0 sec
power : iter =    361 ; delta = 1.938724e-04 ; dt =    36.1 sec
power : iter =    362 ; delta = 1.917709e-04 ; dt =    36.2 sec
power : iter =    363 ; delta = 1.897109e-04 ; dt =    36.3 sec
power : iter =    364 ; delta = 1.876559e-04 ; dt =    36.4 sec
power : iter =    365 ; delta = 1.856414e-04 ; dt =    36.5 sec
power : iter =    366 ; delta = 1.836319e-04 ; dt =    36.6 sec
power : iter =    367 ; delta = 1.816618e-04 ; dt =    36.7 sec
power : iter =    368 ; delta = 1.796966e-04 ; dt =    36.8 sec
power : iter =    369 ; delta = 1.777699e-04 ; dt =    36.9 sec
power : iter =    370 ; delta = 1.758481e-04 ; dt =    37.0 sec
power : iter =    371 ; delta = 1.739646e-04 ; dt =    37.1 sec
power : iter =    372 ; delta = 1.720849e-04 ; dt =    37.2 sec
power : iter =    373 ; delta = 1.702437e-04 ; dt =    37.3 sec
power : iter =    374 ; delta = 1.684054e-04 ; dt =    37.4 sec
power : iter =    375 ; delta = 1.666047e-04 ; dt =    37.5 sec
power : iter =    376 ; delta = 1.648068e-04 ; dt =    37.6 sec
power : iter =    377 ; delta = 1.630456e-04 ; dt =    37.7 sec
power : iter =    378 ; delta = 1.612871e-04 ; dt =    37.8 sec
power : iter =    379 ; delta = 1.595646e-04 ; dt =    37.9 sec
power : iter =    380 ; delta = 1.578447e-04 ; dt =    38.0 sec
power : iter =    381 ; delta = 1.561599e-04 ; dt =    38.1 sec
power : iter =    382 ; delta = 1.544776e-04 ; dt =    38.2 sec
power : iter =    383 ; delta = 1.528298e-04 ; dt =    38.3 sec
power : iter =    384 ; delta = 1.511843e-04 ; dt =    38.4 sec
power : iter =    385 ; delta = 1.495725e-04 ; dt =    38.5 sec
power : iter =    386 ; delta = 1.479630e-04 ; dt =    38.6 sec
power : iter =    387 ; delta = 1.463865e-04 ; dt =    38.7 sec
power : iter =    388 ; delta = 1.448121e-04 ; dt =    38.8 sec
power : iter =    389 ; delta = 1.432700e-04 ; dt =    38.9 sec
power : iter =    390 ; delta = 1.417300e-04 ; dt =    39.0 sec
power : iter =    391 ; delta = 1.402215e-04 ; dt =    39.1 sec
power : iter =    392 ; delta = 1.387151e-04 ; dt =    39.2 sec
power : iter =    393 ; delta = 1.372395e-04 ; dt =    39.3 sec
power : iter =    394 ; delta = 1.357662e-04 ; dt =    39.4 sec
power : iter =    395 ; delta = 1.343225e-04 ; dt =    39.5 sec
power : iter =    396 ; delta = 1.328818e-04 ; dt =    39.6 sec
power : iter =    397 ; delta = 1.314695e-04 ; dt =    39.7 sec
power : iter =    398 ; delta = 1.300604e-04 ; dt =    39.8 sec
power : iter =    399 ; delta = 1.286789e-04 ; dt =    39.9 sec
power : iter =    400 ; delta = 1.273004e-04 ; dt =    40.0 sec
power : iter =    401 ; delta = 1.259490e-04 ; dt =    40.1 sec
power : iter =    402 ; delta = 1.246005e-04 ; dt =    40.2 sec
power : iter =    403 ; delta = 1.232785e-04 ; dt =    40.3 sec
power : iter =    404 ; delta = 1.219593e-04 ; dt =    40.4 sec
power : iter =    405 ; delta = 1.206660e-04 ; dt =    40.5 sec
power : iter =    406 ; delta = 1.193754e-04 ; dt =    40.6 sec
power : iter =    407 ; delta = 1.181100e-04 ; dt =    40.7 sec
power : iter =    408 ; delta = 1.168475e-04 ; dt =    40.8 sec
power : iter =    409 ; delta = 1.156095e-04 ; dt =    40.9 sec
power : iter =    410 ; delta = 1.143743e-04 ; dt =    41.0 sec
power : iter =    411 ; delta = 1.131633e-04 ; dt =    41.1 sec
power : iter =    412 ; delta = 1.119545e-04 ; dt =    41.2 sec
power : iter =    413 ; delta = 1.107702e-04 ; dt =    41.3 sec
power : iter =    414 ; delta = 1.095875e-04 ; dt =    41.4 sec
power : iter =    415 ; delta = 1.084290e-04 ; dt =    41.5 sec
power : iter =    416 ; delta = 1.072719e-04 ; dt =    41.6 sec
power : iter =    417 ; delta = 1.061385e-04 ; dt =    41.7 sec
power : iter =    418 ; delta = 1.050064e-04 ; dt =    41.8 sec
power : iter =    419 ; delta = 1.038975e-04 ; dt =    41.9 sec
power : iter =    420 ; delta = 1.027898e-04 ; dt =    42.0 sec
power : iter =    421 ; delta = 1.017048e-04 ; dt =    42.1 sec
power : iter =    422 ; delta = 1.006211e-04 ; dt =    42.2 sec
power : iter =    423 ; delta = 9.955947e-05 ; dt =    42.3 sec
power : iter =    424 ; delta = 9.849905e-05 ; dt =    42.4 sec
power : iter =    425 ; delta = 9.746028e-05 ; dt =    42.5 sec
power : iter =    426 ; delta = 9.642267e-05 ; dt =    42.6 sec
power : iter =    427 ; delta = 9.540624e-05 ; dt =    42.7 sec
power : iter =    428 ; delta = 9.439092e-05 ; dt =    42.8 sec
power : iter =    429 ; delta = 9.339635e-05 ; dt =    42.9 sec
power : iter =    430 ; delta = 9.240283e-05 ; dt =    43.0 sec
power : iter =    431 ; delta = 9.142963e-05 ; dt =    43.1 sec
power : iter =    432 ; delta = 9.045744e-05 ; dt =    43.1 sec
power : iter =    433 ; delta = 8.950512e-05 ; dt =    43.2 sec
power : iter =    434 ; delta = 8.855378e-05 ; dt =    43.3 sec
power : iter =    435 ; delta = 8.762190e-05 ; dt =    43.4 sec
power : iter =    436 ; delta = 8.669094e-05 ; dt =    43.5 sec
power : iter =    437 ; delta = 8.577904e-05 ; dt =    43.6 sec
power : iter =    438 ; delta = 8.486803e-05 ; dt =    43.7 sec
power : iter =    439 ; delta = 8.397567e-05 ; dt =    43.8 sec
power : iter =    440 ; delta = 8.308416e-05 ; dt =    43.9 sec
power : iter =    441 ; delta = 8.221091e-05 ; dt =    44.0 sec
power : iter =    442 ; delta = 8.133846e-05 ; dt =    44.1 sec
power : iter =    443 ; delta = 8.048390e-05 ; dt =    44.2 sec
power : iter =    444 ; delta = 7.963012e-05 ; dt =    44.3 sec
power : iter =    445 ; delta = 7.879383e-05 ; dt =    44.4 sec
power : iter =    446 ; delta = 7.795829e-05 ; dt =    44.5 sec
power : iter =    447 ; delta = 7.713988e-05 ; dt =    44.6 sec
power : iter =    448 ; delta = 7.632218e-05 ; dt =    44.7 sec
power : iter =    449 ; delta = 7.552126e-05 ; dt =    44.8 sec
power : iter =    450 ; delta = 7.472101e-05 ; dt =    44.9 sec
power : iter =    451 ; delta = 7.393718e-05 ; dt =    45.0 sec
power : iter =    452 ; delta = 7.315401e-05 ; dt =    45.1 sec
power : iter =    453 ; delta = 7.238691e-05 ; dt =    45.2 sec
power : iter =    454 ; delta = 7.162042e-05 ; dt =    45.3 sec
power : iter =    455 ; delta = 7.086968e-05 ; dt =    45.4 sec
power : iter =    456 ; delta = 7.011954e-05 ; dt =    45.5 sec
power : iter =    457 ; delta = 6.938479e-05 ; dt =    45.6 sec
power : iter =    458 ; delta = 6.865089e-05 ; dt =    45.7 sec
power : iter =    459 ; delta = 6.793153e-05 ; dt =    45.8 sec
power : iter =    460 ; delta = 6.721376e-05 ; dt =    45.9 sec
power : iter =    461 ; delta = 6.650968e-05 ; dt =    46.0 sec
power : iter =    462 ; delta = 6.580744e-05 ; dt =    46.1 sec
power : iter =    463 ; delta = 6.511849e-05 ; dt =    46.2 sec
power : iter =    464 ; delta = 6.443124e-05 ; dt =    46.3 sec
power : iter =    465 ; delta = 6.375689e-05 ; dt =    46.4 sec
power : iter =    466 ; delta = 6.308428e-05 ; dt =    46.5 sec
power : iter =    467 ; delta = 6.242430e-05 ; dt =    46.6 sec
power : iter =    468 ; delta = 6.176600e-05 ; dt =    46.7 sec
power : iter =    469 ; delta = 6.112007e-05 ; dt =    46.8 sec
power : iter =    470 ; delta = 6.047575e-05 ; dt =    46.9 sec
power : iter =    471 ; delta = 5.984364e-05 ; dt =    47.0 sec
power : iter =    472 ; delta = 5.921286e-05 ; dt =    47.1 sec
power : iter =    473 ; delta = 5.859459e-05 ; dt =    47.2 sec
power : iter =    474 ; delta = 5.797696e-05 ; dt =    47.3 sec
power : iter =    475 ; delta = 5.737210e-05 ; dt =    47.4 sec
power : iter =    476 ; delta = 5.676780e-05 ; dt =    47.5 sec
power : iter =    477 ; delta = 5.617578e-05 ; dt =    47.6 sec
power : iter =    478 ; delta = 5.558426e-05 ; dt =    47.7 sec
power : iter =    479 ; delta = 5.500480e-05 ; dt =    47.8 sec
power : iter =    480 ; delta = 5.442579e-05 ; dt =    47.9 sec
power : iter =    481 ; delta = 5.385860e-05 ; dt =    48.0 sec
power : iter =    482 ; delta = 5.329191e-05 ; dt =    48.1 sec
power : iter =    483 ; delta = 5.273670e-05 ; dt =    48.2 sec
power : iter =    484 ; delta = 5.218198e-05 ; dt =    48.3 sec
power : iter =    485 ; delta = 5.163851e-05 ; dt =    48.4 sec
power : iter =    486 ; delta = 5.109551e-05 ; dt =    48.5 sec
power : iter =    487 ; delta = 5.056351e-05 ; dt =    48.6 sec
power : iter =    488 ; delta = 5.003197e-05 ; dt =    48.7 sec
power : iter =    489 ; delta = 4.951120e-05 ; dt =    48.8 sec
power : iter =    490 ; delta = 4.899087e-05 ; dt =    48.9 sec
power : iter =    491 ; delta = 4.848109e-05 ; dt =    49.0 sec
power : iter =    492 ; delta = 4.797173e-05 ; dt =    49.1 sec
power : iter =    493 ; delta = 4.747270e-05 ; dt =    49.2 sec
power : iter =    494 ; delta = 4.697408e-05 ; dt =    49.3 sec
power : iter =    495 ; delta = 4.648556e-05 ; dt =    49.4 sec
power : iter =    496 ; delta = 4.599745e-05 ; dt =    49.5 sec
power : iter =    497 ; delta = 4.551923e-05 ; dt =    49.6 sec
power : iter =    498 ; delta = 4.504139e-05 ; dt =    49.7 sec
power : iter =    499 ; delta = 4.457324e-05 ; dt =    49.8 sec
power : iter =    500 ; delta = 4.410546e-05 ; dt =    49.9 sec
power : iter =    501 ; delta = 4.364717e-05 ; dt =    50.0 sec
power : iter =    502 ; delta = 4.318923e-05 ; dt =    50.1 sec
power : iter =    503 ; delta = 4.274058e-05 ; dt =    50.2 sec
power : iter =    504 ; delta = 4.229228e-05 ; dt =    50.3 sec
power : iter =    505 ; delta = 4.185307e-05 ; dt =    50.4 sec
power : iter =    506 ; delta = 4.141419e-05 ; dt =    50.5 sec
power : iter =    507 ; delta = 4.098421e-05 ; dt =    50.6 sec
power : iter =    508 ; delta = 4.055456e-05 ; dt =    50.7 sec
power : iter =    509 ; delta = 4.013361e-05 ; dt =    50.8 sec
power : iter =    510 ; delta = 3.971299e-05 ; dt =    50.9 sec
power : iter =    511 ; delta = 3.930089e-05 ; dt =    51.0 sec
power : iter =    512 ; delta = 3.888910e-05 ; dt =    51.1 sec
power : iter =    513 ; delta = 3.848565e-05 ; dt =    51.2 sec
power : iter =    514 ; delta = 3.808250e-05 ; dt =    51.3 sec
power : iter =    515 ; delta = 3.768752e-05 ; dt =    51.4 sec
power : iter =    516 ; delta = 3.729283e-05 ; dt =    51.5 sec
power : iter =    517 ; delta = 3.690614e-05 ; dt =    51.6 sec
power : iter =    518 ; delta = 3.651973e-05 ; dt =    51.7 sec
power : iter =    519 ; delta = 3.614115e-05 ; dt =    51.8 sec
power : iter =    520 ; delta = 3.576284e-05 ; dt =    51.9 sec
power : iter =    521 ; delta = 3.539220e-05 ; dt =    52.0 sec
power : iter =    522 ; delta = 3.502183e-05 ; dt =    52.1 sec
power : iter =    523 ; delta = 3.465895e-05 ; dt =    52.2 sec
power : iter =    524 ; delta = 3.429633e-05 ; dt =    52.3 sec
power : iter =    525 ; delta = 3.394106e-05 ; dt =    52.4 sec
power : iter =    526 ; delta = 3.358604e-05 ; dt =    52.5 sec
power : iter =    527 ; delta = 3.323821e-05 ; dt =    52.6 sec
power : iter =    528 ; delta = 3.289062e-05 ; dt =    52.7 sec
power : iter =    529 ; delta = 3.255007e-05 ; dt =    52.8 sec
power : iter =    530 ; delta = 3.220976e-05 ; dt =    52.9 sec
power : iter =    531 ; delta = 3.187633e-05 ; dt =    53.0 sec
power : iter =    532 ; delta = 3.154315e-05 ; dt =    53.1 sec
power : iter =    533 ; delta = 3.121669e-05 ; dt =    53.2 sec
power : iter =    534 ; delta = 3.089048e-05 ; dt =    53.3 sec
power : iter =    535 ; delta = 3.057085e-05 ; dt =    53.4 sec
power : iter =    536 ; delta = 3.025147e-05 ; dt =    53.5 sec
power : iter =    537 ; delta = 2.993851e-05 ; dt =    53.6 sec
power : iter =    538 ; delta = 2.962596e-05 ; dt =    53.7 sec
power : iter =    539 ; delta = 2.931942e-05 ; dt =    53.8 sec
power : iter =    540 ; delta = 2.901353e-05 ; dt =    53.9 sec
power : iter =    541 ; delta = 2.871344e-05 ; dt =    54.0 sec
power : iter =    542 ; delta = 2.841397e-05 ; dt =    54.1 sec
power : iter =    543 ; delta = 2.812014e-05 ; dt =    54.2 sec
power : iter =    544 ; delta = 2.782696e-05 ; dt =    54.3 sec
power : iter =    545 ; delta = 2.753923e-05 ; dt =    54.3 sec
power : iter =    546 ; delta = 2.725219e-05 ; dt =    54.4 sec
power : iter =    547 ; delta = 2.697056e-05 ; dt =    54.5 sec
power : iter =    548 ; delta = 2.668941e-05 ; dt =    54.6 sec
power : iter =    549 ; delta = 2.641376e-05 ; dt =    54.7 sec
power : iter =    550 ; delta = 2.613854e-05 ; dt =    54.8 sec
power : iter =    551 ; delta = 2.586865e-05 ; dt =    54.9 sec
power : iter =    552 ; delta = 2.559919e-05 ; dt =    55.0 sec
power : iter =    553 ; delta = 2.533491e-05 ; dt =    55.1 sec
power : iter =    554 ; delta = 2.507106e-05 ; dt =    55.2 sec
power : iter =    555 ; delta = 2.481229e-05 ; dt =    55.3 sec
power : iter =    556 ; delta = 2.455394e-05 ; dt =    55.4 sec
power : iter =    557 ; delta = 2.430055e-05 ; dt =    55.5 sec
power : iter =    558 ; delta = 2.404758e-05 ; dt =    55.6 sec
power : iter =    559 ; delta = 2.379947e-05 ; dt =    55.7 sec
power : iter =    560 ; delta = 2.355176e-05 ; dt =    55.8 sec
power : iter =    561 ; delta = 2.330881e-05 ; dt =    55.9 sec
power : iter =    562 ; delta = 2.306625e-05 ; dt =    56.0 sec
power : iter =    563 ; delta = 2.282841e-05 ; dt =    56.1 sec
power : iter =    564 ; delta = 2.259090e-05 ; dt =    56.2 sec
power : iter =    565 ; delta = 2.235806e-05 ; dt =    56.3 sec
power : iter =    566 ; delta = 2.212547e-05 ; dt =    56.4 sec
power : iter =    567 ; delta = 2.189748e-05 ; dt =    56.5 sec
power : iter =    568 ; delta = 2.166972e-05 ; dt =    56.6 sec
power : iter =    569 ; delta = 2.144647e-05 ; dt =    56.7 sec
power : iter =    570 ; delta = 2.122344e-05 ; dt =    56.8 sec
power : iter =    571 ; delta = 2.100483e-05 ; dt =    56.9 sec
power : iter =    572 ; delta = 2.078646e-05 ; dt =    57.0 sec
power : iter =    573 ; delta = 2.057239e-05 ; dt =    57.1 sec
power : iter =    574 ; delta = 2.035861e-05 ; dt =    57.2 sec
power : iter =    575 ; delta = 2.014899e-05 ; dt =    57.3 sec
power : iter =    576 ; delta = 1.993965e-05 ; dt =    57.4 sec
power : iter =    577 ; delta = 1.973437e-05 ; dt =    57.5 sec
power : iter =    578 ; delta = 1.952938e-05 ; dt =    57.6 sec
power : iter =    579 ; delta = 1.932836e-05 ; dt =    57.7 sec
power : iter =    580 ; delta = 1.912761e-05 ; dt =    57.8 sec
power : iter =    581 ; delta = 1.893077e-05 ; dt =    57.9 sec
power : iter =    582 ; delta = 1.873419e-05 ; dt =    58.0 sec
power : iter =    583 ; delta = 1.854142e-05 ; dt =    58.1 sec
power : iter =    584 ; delta = 1.834891e-05 ; dt =    58.2 sec
power : iter =    585 ; delta = 1.816014e-05 ; dt =    58.3 sec
power : iter =    586 ; delta = 1.797163e-05 ; dt =    58.4 sec
power : iter =    587 ; delta = 1.778677e-05 ; dt =    58.5 sec
power : iter =    588 ; delta = 1.760216e-05 ; dt =    58.6 sec
power : iter =    589 ; delta = 1.742113e-05 ; dt =    58.7 sec
power : iter =    590 ; delta = 1.724034e-05 ; dt =    58.8 sec
power : iter =    591 ; delta = 1.706315e-05 ; dt =    58.9 sec
power : iter =    592 ; delta = 1.688610e-05 ; dt =    59.0 sec
power : iter =    593 ; delta = 1.671265e-05 ; dt =    59.1 sec
power : iter =    594 ; delta = 1.653927e-05 ; dt =    59.2 sec
power : iter =    595 ; delta = 1.636940e-05 ; dt =    59.3 sec
power : iter =    596 ; delta = 1.619960e-05 ; dt =    59.4 sec
power : iter =    597 ; delta = 1.603326e-05 ; dt =    59.5 sec
power : iter =    598 ; delta = 1.586697e-05 ; dt =    59.6 sec
power : iter =    599 ; delta = 1.570407e-05 ; dt =    59.7 sec
power : iter =    600 ; delta = 1.554126e-05 ; dt =    59.8 sec
power : iter =    601 ; delta = 1.538173e-05 ; dt =    59.9 sec
power : iter =    602 ; delta = 1.522237e-05 ; dt =    60.0 sec
power : iter =    603 ; delta = 1.506614e-05 ; dt =    60.1 sec
power : iter =    604 ; delta = 1.491008e-05 ; dt =    60.2 sec
power : iter =    605 ; delta = 1.475707e-05 ; dt =    60.3 sec
power : iter =    606 ; delta = 1.460423e-05 ; dt =    60.4 sec
power : iter =    607 ; delta = 1.445438e-05 ; dt =    60.5 sec
power : iter =    608 ; delta = 1.430470e-05 ; dt =    60.6 sec
power : iter =    609 ; delta = 1.415795e-05 ; dt =    60.7 sec
power : iter =    610 ; delta = 1.401136e-05 ; dt =    60.8 sec
power : iter =    611 ; delta = 1.386763e-05 ; dt =    60.9 sec
power : iter =    612 ; delta = 1.372407e-05 ; dt =    61.0 sec
power : iter =    613 ; delta = 1.358331e-05 ; dt =    61.1 sec
power : iter =    614 ; delta = 1.344271e-05 ; dt =    61.2 sec
power : iter =    615 ; delta = 1.330486e-05 ; dt =    61.3 sec
power : iter =    616 ; delta = 1.316716e-05 ; dt =    61.4 sec
power : iter =    617 ; delta = 1.303215e-05 ; dt =    61.5 sec
power : iter =    618 ; delta = 1.289729e-05 ; dt =    61.6 sec
power : iter =    619 ; delta = 1.276506e-05 ; dt =    61.7 sec
power : iter =    620 ; delta = 1.263299e-05 ; dt =    61.8 sec
power : iter =    621 ; delta = 1.250349e-05 ; dt =    61.9 sec
power : iter =    622 ; delta = 1.237414e-05 ; dt =    62.0 sec
power : iter =    623 ; delta = 1.224731e-05 ; dt =    62.1 sec
power : iter =    624 ; delta = 1.212063e-05 ; dt =    62.2 sec
power : iter =    625 ; delta = 1.199641e-05 ; dt =    62.3 sec
power : iter =    626 ; delta = 1.187234e-05 ; dt =    62.4 sec
power : iter =    627 ; delta = 1.175068e-05 ; dt =    62.5 sec
power : iter =    628 ; delta = 1.162917e-05 ; dt =    62.6 sec
power : iter =    629 ; delta = 1.151002e-05 ; dt =    62.7 sec
power : iter =    630 ; delta = 1.139102e-05 ; dt =    62.8 sec
power : iter =    631 ; delta = 1.127432e-05 ; dt =    62.9 sec
power : iter =    632 ; delta = 1.115776e-05 ; dt =    63.0 sec
power : iter =    633 ; delta = 1.104347e-05 ; dt =    63.1 sec
power : iter =    634 ; delta = 1.092932e-05 ; dt =    63.2 sec
power : iter =    635 ; delta = 1.081738e-05 ; dt =    63.3 sec
power : iter =    636 ; delta = 1.070558e-05 ; dt =    63.4 sec
power : iter =    637 ; delta = 1.059594e-05 ; dt =    63.5 sec
power : iter =    638 ; delta = 1.048644e-05 ; dt =    63.6 sec
power : iter =    639 ; delta = 1.037906e-05 ; dt =    63.7 sec
power : iter =    640 ; delta = 1.027182e-05 ; dt =    63.8 sec
power : iter =    641 ; delta = 1.016665e-05 ; dt =    63.9 sec
power : iter =    642 ; delta = 1.006162e-05 ; dt =    64.0 sec
power : iter =    643 ; delta = 9.958611e-06 ; dt =    64.1 sec
power : iter =    644 ; delta = 9.855741e-06 ; dt =    64.2 sec
power : iter =    645 ; delta = 9.754853e-06 ; dt =    64.2 sec
power : iter =    646 ; delta = 9.654100e-06 ; dt =    64.3 sec
power : iter =    647 ; delta = 9.555287e-06 ; dt =    64.4 sec
power : iter =    648 ; delta = 9.456608e-06 ; dt =    64.5 sec
power : iter =    649 ; delta = 9.359827e-06 ; dt =    64.6 sec
power : iter =    650 ; delta = 9.263179e-06 ; dt =    64.7 sec
power : iter =    651 ; delta = 9.168387e-06 ; dt =    64.8 sec
power : iter =    652 ; delta = 9.073727e-06 ; dt =    64.9 sec
power : iter =    653 ; delta = 8.980885e-06 ; dt =    65.0 sec
power : iter =    654 ; delta = 8.888172e-06 ; dt =    65.1 sec
power : iter =    655 ; delta = 8.797237e-06 ; dt =    65.2 sec
power : iter =    656 ; delta = 8.706432e-06 ; dt =    65.3 sec
power : iter =    657 ; delta = 8.617366e-06 ; dt =    65.4 sec
power : iter =    658 ; delta = 8.528428e-06 ; dt =    65.5 sec
power : iter =    659 ; delta = 8.441192e-06 ; dt =    65.6 sec
power : iter =    660 ; delta = 8.354083e-06 ; dt =    65.7 sec
power : iter =    661 ; delta = 8.268639e-06 ; dt =    65.8 sec
power : iter =    662 ; delta = 8.183320e-06 ; dt =    65.9 sec
power : iter =    663 ; delta = 8.099632e-06 ; dt =    66.0 sec
power : iter =    664 ; delta = 8.016067e-06 ; dt =    66.1 sec
power : iter =    665 ; delta = 7.934097e-06 ; dt =    66.2 sec
power : iter =    666 ; delta = 7.852249e-06 ; dt =    66.3 sec
power : iter =    667 ; delta = 7.771962e-06 ; dt =    66.4 sec
power : iter =    668 ; delta = 7.691797e-06 ; dt =    66.5 sec
power : iter =    669 ; delta = 7.613158e-06 ; dt =    66.6 sec
power : iter =    670 ; delta = 7.534640e-06 ; dt =    66.7 sec
power : iter =    671 ; delta = 7.457616e-06 ; dt =    66.8 sec
power : iter =    672 ; delta = 7.380710e-06 ; dt =    66.9 sec
power : iter =    673 ; delta = 7.305267e-06 ; dt =    67.0 sec
power : iter =    674 ; delta = 7.229941e-06 ; dt =    67.1 sec
power : iter =    675 ; delta = 7.156046e-06 ; dt =    67.2 sec
power : iter =    676 ; delta = 7.082267e-06 ; dt =    67.3 sec
power : iter =    677 ; delta = 7.009888e-06 ; dt =    67.4 sec
power : iter =    678 ; delta = 6.937624e-06 ; dt =    67.5 sec
power : iter =    679 ; delta = 6.866730e-06 ; dt =    67.6 sec
power : iter =    680 ; delta = 6.795950e-06 ; dt =    67.7 sec
power : iter =    681 ; delta = 6.726511e-06 ; dt =    67.8 sec
power : iter =    682 ; delta = 6.657184e-06 ; dt =    67.9 sec
power : iter =    683 ; delta = 6.589169e-06 ; dt =    68.0 sec
power : iter =    684 ; delta = 6.521265e-06 ; dt =    68.1 sec
power : iter =    685 ; delta = 6.454645e-06 ; dt =    68.2 sec
power : iter =    686 ; delta = 6.388134e-06 ; dt =    68.3 sec
power : iter =    687 ; delta = 6.322880e-06 ; dt =    68.4 sec
power : iter =    688 ; delta = 6.257734e-06 ; dt =    68.5 sec
power : iter =    689 ; delta = 6.193817e-06 ; dt =    68.6 sec
power : iter =    690 ; delta = 6.130008e-06 ; dt =    68.7 sec
power : iter =    691 ; delta = 6.067402e-06 ; dt =    68.8 sec
power : iter =    692 ; delta = 6.004901e-06 ; dt =    68.9 sec
power : iter =    693 ; delta = 5.943578e-06 ; dt =    69.0 sec
power : iter =    694 ; delta = 5.882359e-06 ; dt =    69.1 sec
power : iter =    695 ; delta = 5.822293e-06 ; dt =    69.2 sec
power : iter =    696 ; delta = 5.762330e-06 ; dt =    69.3 sec
power : iter =    697 ; delta = 5.703494e-06 ; dt =    69.4 sec
power : iter =    698 ; delta = 5.644761e-06 ; dt =    69.5 sec
power : iter =    699 ; delta = 5.587131e-06 ; dt =    69.6 sec
power : iter =    700 ; delta = 5.529601e-06 ; dt =    69.7 sec
power : iter =    701 ; delta = 5.473152e-06 ; dt =    69.8 sec
power : iter =    702 ; delta = 5.416802e-06 ; dt =    69.9 sec
power : iter =    703 ; delta = 5.361508e-06 ; dt =    70.0 sec
power : iter =    704 ; delta = 5.306313e-06 ; dt =    70.1 sec
power : iter =    705 ; delta = 5.252152e-06 ; dt =    70.2 sec
power : iter =    706 ; delta = 5.198088e-06 ; dt =    70.3 sec
power : iter =    707 ; delta = 5.145037e-06 ; dt =    70.4 sec
power : iter =    708 ; delta = 5.092081e-06 ; dt =    70.5 sec
power : iter =    709 ; delta = 5.040115e-06 ; dt =    70.6 sec
power : iter =    710 ; delta = 4.988244e-06 ; dt =    70.7 sec
power : iter =    711 ; delta = 4.937343e-06 ; dt =    70.8 sec
power : iter =    712 ; delta = 4.886534e-06 ; dt =    70.9 sec
power : iter =    713 ; delta = 4.836675e-06 ; dt =    71.0 sec
power : iter =    714 ; delta = 4.786907e-06 ; dt =    71.1 sec
power : iter =    715 ; delta = 4.738068e-06 ; dt =    71.2 sec
power : iter =    716 ; delta = 4.689319e-06 ; dt =    71.3 sec
power : iter =    717 ; delta = 4.641479e-06 ; dt =    71.4 sec
power : iter =    718 ; delta = 4.593729e-06 ; dt =    71.5 sec
power : iter =    719 ; delta = 4.546868e-06 ; dt =    71.6 sec
power : iter =    720 ; delta = 4.500096e-06 ; dt =    71.7 sec
power : iter =    721 ; delta = 4.454193e-06 ; dt =    71.8 sec
power : iter =    722 ; delta = 4.408379e-06 ; dt =    71.9 sec
power : iter =    723 ; delta = 4.363415e-06 ; dt =    72.0 sec
power : iter =    724 ; delta = 4.318539e-06 ; dt =    72.1 sec
power : iter =    725 ; delta = 4.274495e-06 ; dt =    72.2 sec
power : iter =    726 ; delta = 4.230537e-06 ; dt =    72.3 sec
power : iter =    727 ; delta = 4.187394e-06 ; dt =    72.4 sec
power : iter =    728 ; delta = 4.144335e-06 ; dt =    72.5 sec
power : iter =    729 ; delta = 4.102074e-06 ; dt =    72.6 sec
power : iter =    730 ; delta = 4.059897e-06 ; dt =    72.7 sec
power : iter =    731 ; delta = 4.018500e-06 ; dt =    72.8 sec
power : iter =    732 ; delta = 3.977186e-06 ; dt =    72.9 sec
power : iter =    733 ; delta = 3.936636e-06 ; dt =    73.0 sec
power : iter =    734 ; delta = 3.896167e-06 ; dt =    73.1 sec
power : iter =    735 ; delta = 3.856445e-06 ; dt =    73.2 sec
power : iter =    736 ; delta = 3.816804e-06 ; dt =    73.3 sec
power : iter =    737 ; delta = 3.777894e-06 ; dt =    73.4 sec
power : iter =    738 ; delta = 3.739064e-06 ; dt =    73.5 sec
power : iter =    739 ; delta = 3.700950e-06 ; dt =    73.6 sec
power : iter =    740 ; delta = 3.662914e-06 ; dt =    73.7 sec
power : iter =    741 ; delta = 3.625578e-06 ; dt =    73.8 sec
power : iter =    742 ; delta = 3.588320e-06 ; dt =    73.9 sec
power : iter =    743 ; delta = 3.551748e-06 ; dt =    74.0 sec
power : iter =    744 ; delta = 3.515251e-06 ; dt =    74.1 sec
power : iter =    745 ; delta = 3.479426e-06 ; dt =    74.2 sec
power : iter =    746 ; delta = 3.443676e-06 ; dt =    74.3 sec
power : iter =    747 ; delta = 3.408582e-06 ; dt =    74.4 sec
power : iter =    748 ; delta = 3.373563e-06 ; dt =    74.4 sec
power : iter =    749 ; delta = 3.339187e-06 ; dt =    74.5 sec
power : iter =    750 ; delta = 3.304883e-06 ; dt =    74.6 sec
power : iter =    751 ; delta = 3.271209e-06 ; dt =    74.7 sec
power : iter =    752 ; delta = 3.237607e-06 ; dt =    74.8 sec
power : iter =    753 ; delta = 3.204620e-06 ; dt =    74.9 sec
power : iter =    754 ; delta = 3.171705e-06 ; dt =    75.0 sec
power : iter =    755 ; delta = 3.139391e-06 ; dt =    75.1 sec
power : iter =    756 ; delta = 3.107149e-06 ; dt =    75.2 sec
power : iter =    757 ; delta = 3.075495e-06 ; dt =    75.3 sec
power : iter =    758 ; delta = 3.043911e-06 ; dt =    75.4 sec
power : iter =    759 ; delta = 3.012904e-06 ; dt =    75.5 sec
power : iter =    760 ; delta = 2.981966e-06 ; dt =    75.6 sec
power : iter =    761 ; delta = 2.951591e-06 ; dt =    75.7 sec
power : iter =    762 ; delta = 2.921285e-06 ; dt =    75.8 sec
power : iter =    763 ; delta = 2.891531e-06 ; dt =    75.9 sec
power : iter =    764 ; delta = 2.861843e-06 ; dt =    76.0 sec
power : iter =    765 ; delta = 2.832696e-06 ; dt =    76.1 sec
power : iter =    766 ; delta = 2.803615e-06 ; dt =    76.2 sec
power : iter =    767 ; delta = 2.775063e-06 ; dt =    76.3 sec
power : iter =    768 ; delta = 2.746576e-06 ; dt =    76.4 sec
power : iter =    769 ; delta = 2.718607e-06 ; dt =    76.5 sec
power : iter =    770 ; delta = 2.690702e-06 ; dt =    76.6 sec
power : iter =    771 ; delta = 2.663303e-06 ; dt =    76.7 sec
power : iter =    772 ; delta = 2.635967e-06 ; dt =    76.8 sec
power : iter =    773 ; delta = 2.609128e-06 ; dt =    76.9 sec
power : iter =    774 ; delta = 2.582350e-06 ; dt =    77.0 sec
power : iter =    775 ; delta = 2.556058e-06 ; dt =    77.1 sec
power : iter =    776 ; delta = 2.529828e-06 ; dt =    77.2 sec
power : iter =    777 ; delta = 2.504072e-06 ; dt =    77.3 sec
power : iter =    778 ; delta = 2.478377e-06 ; dt =    77.4 sec
power : iter =    779 ; delta = 2.453146e-06 ; dt =    77.5 sec
power : iter =    780 ; delta = 2.427975e-06 ; dt =    77.6 sec
power : iter =    781 ; delta = 2.403259e-06 ; dt =    77.7 sec
power : iter =    782 ; delta = 2.378603e-06 ; dt =    77.8 sec
power : iter =    783 ; delta = 2.354391e-06 ; dt =    77.9 sec
power : iter =    784 ; delta = 2.330237e-06 ; dt =    78.0 sec
power : iter =    785 ; delta = 2.306519e-06 ; dt =    78.1 sec
power : iter =    786 ; delta = 2.282858e-06 ; dt =    78.2 sec
power : iter =    787 ; delta = 2.259623e-06 ; dt =    78.3 sec
power : iter =    788 ; delta = 2.236445e-06 ; dt =    78.4 sec
power : iter =    789 ; delta = 2.213684e-06 ; dt =    78.5 sec
power : iter =    790 ; delta = 2.190979e-06 ; dt =    78.6 sec
power : iter =    791 ; delta = 2.168682e-06 ; dt =    78.7 sec
power : iter =    792 ; delta = 2.146441e-06 ; dt =    78.8 sec
power : iter =    793 ; delta = 2.124598e-06 ; dt =    78.9 sec
power : iter =    794 ; delta = 2.102810e-06 ; dt =    79.0 sec
power : iter =    795 ; delta = 2.081413e-06 ; dt =    79.1 sec
power : iter =    796 ; delta = 2.060069e-06 ; dt =    79.2 sec
power : iter =    797 ; delta = 2.039108e-06 ; dt =    79.3 sec
power : iter =    798 ; delta = 2.018200e-06 ; dt =    79.4 sec
power : iter =    799 ; delta = 1.997666e-06 ; dt =    79.5 sec
power : iter =    800 ; delta = 1.977184e-06 ; dt =    79.6 sec
power : iter =    801 ; delta = 1.957068e-06 ; dt =    79.7 sec
power : iter =    802 ; delta = 1.937004e-06 ; dt =    79.8 sec
power : iter =    803 ; delta = 1.917298e-06 ; dt =    79.9 sec
power : iter =    804 ; delta = 1.897643e-06 ; dt =    80.0 sec
power : iter =    805 ; delta = 1.878339e-06 ; dt =    80.1 sec
power : iter =    806 ; delta = 1.859085e-06 ; dt =    80.2 sec
power : iter =    807 ; delta = 1.840174e-06 ; dt =    80.3 sec
power : iter =    808 ; delta = 1.821312e-06 ; dt =    80.4 sec
power : iter =    809 ; delta = 1.802786e-06 ; dt =    80.5 sec
power : iter =    810 ; delta = 1.784309e-06 ; dt =    80.6 sec
power : iter =    811 ; delta = 1.766161e-06 ; dt =    80.7 sec
power : iter =    812 ; delta = 1.748060e-06 ; dt =    80.8 sec
power : iter =    813 ; delta = 1.730281e-06 ; dt =    80.9 sec
power : iter =    814 ; delta = 1.712550e-06 ; dt =    81.0 sec
power : iter =    815 ; delta = 1.695133e-06 ; dt =    81.1 sec
power : iter =    816 ; delta = 1.677763e-06 ; dt =    81.2 sec
power : iter =    817 ; delta = 1.660700e-06 ; dt =    81.3 sec
power : iter =    818 ; delta = 1.643684e-06 ; dt =    81.4 sec
power : iter =    819 ; delta = 1.626970e-06 ; dt =    81.5 sec
power : iter =    820 ; delta = 1.610300e-06 ; dt =    81.6 sec
power : iter =    821 ; delta = 1.593926e-06 ; dt =    81.7 sec
power : iter =    822 ; delta = 1.577596e-06 ; dt =    81.8 sec
power : iter =    823 ; delta = 1.561555e-06 ; dt =    81.9 sec
power : iter =    824 ; delta = 1.545558e-06 ; dt =    82.0 sec
power : iter =    825 ; delta = 1.529844e-06 ; dt =    82.0 sec
power : iter =    826 ; delta = 1.514173e-06 ; dt =    82.1 sec
power : iter =    827 ; delta = 1.498778e-06 ; dt =    82.2 sec
power : iter =    828 ; delta = 1.483426e-06 ; dt =    82.3 sec
power : iter =    829 ; delta = 1.468345e-06 ; dt =    82.4 sec
power : iter =    830 ; delta = 1.453306e-06 ; dt =    82.5 sec
power : iter =    831 ; delta = 1.438531e-06 ; dt =    82.6 sec
power : iter =    832 ; delta = 1.423799e-06 ; dt =    82.7 sec
power : iter =    833 ; delta = 1.409325e-06 ; dt =    82.8 sec
power : iter =    834 ; delta = 1.394892e-06 ; dt =    82.9 sec
power : iter =    835 ; delta = 1.380713e-06 ; dt =    83.0 sec
power : iter =    836 ; delta = 1.366574e-06 ; dt =    83.1 sec
power : iter =    837 ; delta = 1.352684e-06 ; dt =    83.2 sec
power : iter =    838 ; delta = 1.338833e-06 ; dt =    83.3 sec
power : iter =    839 ; delta = 1.325225e-06 ; dt =    83.4 sec
power : iter =    840 ; delta = 1.311656e-06 ; dt =    83.5 sec
power : iter =    841 ; delta = 1.298325e-06 ; dt =    83.6 sec
power : iter =    842 ; delta = 1.285033e-06 ; dt =    83.7 sec
power : iter =    843 ; delta = 1.271973e-06 ; dt =    83.8 sec
power : iter =    844 ; delta = 1.258951e-06 ; dt =    83.9 sec
power : iter =    845 ; delta = 1.246156e-06 ; dt =    84.0 sec
power : iter =    846 ; delta = 1.233400e-06 ; dt =    84.1 sec
power : iter =    847 ; delta = 1.220866e-06 ; dt =    84.2 sec
power : iter =    848 ; delta = 1.208369e-06 ; dt =    84.3 sec
power : iter =    849 ; delta = 1.196089e-06 ; dt =    84.4 sec
power : iter =    850 ; delta = 1.183847e-06 ; dt =    84.5 sec
power : iter =    851 ; delta = 1.171817e-06 ; dt =    84.6 sec
power : iter =    852 ; delta = 1.159824e-06 ; dt =    84.7 sec
power : iter =    853 ; delta = 1.148039e-06 ; dt =    84.8 sec
power : iter =    854 ; delta = 1.136290e-06 ; dt =    84.9 sec
power : iter =    855 ; delta = 1.124745e-06 ; dt =    85.0 sec
power : iter =    856 ; delta = 1.113235e-06 ; dt =    85.1 sec
power : iter =    857 ; delta = 1.101924e-06 ; dt =    85.2 sec
power : iter =    858 ; delta = 1.090648e-06 ; dt =    85.3 sec
power : iter =    859 ; delta = 1.079568e-06 ; dt =    85.4 sec
power : iter =    860 ; delta = 1.068521e-06 ; dt =    85.5 sec
power : iter =    861 ; delta = 1.057666e-06 ; dt =    85.6 sec
power : iter =    862 ; delta = 1.046844e-06 ; dt =    85.7 sec
power : iter =    863 ; delta = 1.036210e-06 ; dt =    85.8 sec
power : iter =    864 ; delta = 1.025608e-06 ; dt =    85.9 sec
power : iter =    865 ; delta = 1.015190e-06 ; dt =    86.0 sec
power : iter =    866 ; delta = 1.004804e-06 ; dt =    86.1 sec
power : iter =    867 ; delta = 9.945976e-07 ; dt =    86.2 sec
power : iter =    868 ; delta = 9.844230e-07 ; dt =    86.3 sec
power : iter =    869 ; delta = 9.744240e-07 ; dt =    86.4 sec
power : iter =    870 ; delta = 9.644563e-07 ; dt =    86.5 sec
power : iter =    871 ; delta = 9.546605e-07 ; dt =    86.6 sec
power : iter =    872 ; delta = 9.448956e-07 ; dt =    86.7 sec
power : iter =    873 ; delta = 9.352988e-07 ; dt =    86.8 sec
power : iter =    874 ; delta = 9.257325e-07 ; dt =    86.9 sec
power : iter =    875 ; delta = 9.163308e-07 ; dt =    87.0 sec
power : iter =    876 ; delta = 9.069591e-07 ; dt =    87.1 sec
power : iter =    877 ; delta = 8.977484e-07 ; dt =    87.2 sec
power : iter =    878 ; delta = 8.885673e-07 ; dt =    87.3 sec
power : iter =    879 ; delta = 8.795438e-07 ; dt =    87.4 sec
power : iter =    880 ; delta = 8.705493e-07 ; dt =    87.5 sec
power : iter =    881 ; delta = 8.617091e-07 ; dt =    87.6 sec
power : iter =    882 ; delta = 8.528976e-07 ; dt =    87.7 sec
power : iter =    883 ; delta = 8.442370e-07 ; dt =    87.8 sec
power : iter =    884 ; delta = 8.356046e-07 ; dt =    87.9 sec
power : iter =    885 ; delta = 8.271200e-07 ; dt =    88.0 sec
power : iter =    886 ; delta = 8.186631e-07 ; dt =    88.1 sec
power : iter =    887 ; delta = 8.103508e-07 ; dt =    88.2 sec
power : iter =    888 ; delta = 8.020658e-07 ; dt =    88.2 sec
power : iter =    889 ; delta = 7.939224e-07 ; dt =    88.3 sec
power : iter =    890 ; delta = 7.858059e-07 ; dt =    88.4 sec
power : iter =    891 ; delta = 7.778279e-07 ; dt =    88.5 sec
power : iter =    892 ; delta = 7.698763e-07 ; dt =    88.6 sec
power : iter =    893 ; delta = 7.620603e-07 ; dt =    88.7 sec
power : iter =    894 ; delta = 7.542704e-07 ; dt =    88.8 sec
power : iter =    895 ; delta = 7.466132e-07 ; dt =    88.9 sec
power : iter =    896 ; delta = 7.389816e-07 ; dt =    89.0 sec
power : iter =    897 ; delta = 7.314798e-07 ; dt =    89.1 sec
power : iter =    898 ; delta = 7.240033e-07 ; dt =    89.2 sec
power : iter =    899 ; delta = 7.166539e-07 ; dt =    89.3 sec
power : iter =    900 ; delta = 7.093294e-07 ; dt =    89.4 sec
power : iter =    901 ; delta = 7.021292e-07 ; dt =    89.5 sec
power : iter =    902 ; delta = 6.949535e-07 ; dt =    89.6 sec
power : iter =    903 ; delta = 6.878995e-07 ; dt =    89.7 sec
power : iter =    904 ; delta = 6.808696e-07 ; dt =    89.8 sec
power : iter =    905 ; delta = 6.739589e-07 ; dt =    89.9 sec
power : iter =    906 ; delta = 6.670718e-07 ; dt =    90.0 sec
power : iter =    907 ; delta = 6.603014e-07 ; dt =    90.1 sec
power : iter =    908 ; delta = 6.535543e-07 ; dt =    90.2 sec
power : iter =    909 ; delta = 6.469213e-07 ; dt =    90.3 sec
power : iter =    910 ; delta = 6.403112e-07 ; dt =    90.4 sec
power : iter =    911 ; delta = 6.338129e-07 ; dt =    90.5 sec
power : iter =    912 ; delta = 6.273371e-07 ; dt =    90.6 sec
power : iter =    913 ; delta = 6.209707e-07 ; dt =    90.7 sec
power : iter =    914 ; delta = 6.146265e-07 ; dt =    90.8 sec
power : iter =    915 ; delta = 6.083893e-07 ; dt =    90.9 sec
power : iter =    916 ; delta = 6.021739e-07 ; dt =    91.0 sec
power : iter =    917 ; delta = 5.960633e-07 ; dt =    91.1 sec
power : iter =    918 ; delta = 5.899742e-07 ; dt =    91.2 sec
power : iter =    919 ; delta = 5.839876e-07 ; dt =    91.3 sec
power : iter =    920 ; delta = 5.780222e-07 ; dt =    91.4 sec
power : iter =    921 ; delta = 5.721571e-07 ; dt =    91.5 sec
power : iter =    922 ; delta = 5.663128e-07 ; dt =    91.6 sec
power : iter =    923 ; delta = 5.605667e-07 ; dt =    91.7 sec
power : iter =    924 ; delta = 5.548411e-07 ; dt =    91.8 sec
power : iter =    925 ; delta = 5.492116e-07 ; dt =    91.9 sec
power : iter =    926 ; delta = 5.436023e-07 ; dt =    92.0 sec
power : iter =    927 ; delta = 5.380871e-07 ; dt =    92.1 sec
power : iter =    928 ; delta = 5.325917e-07 ; dt =    92.2 sec
power : iter =    929 ; delta = 5.271883e-07 ; dt =    92.3 sec
power : iter =    930 ; delta = 5.218045e-07 ; dt =    92.4 sec
power : iter =    931 ; delta = 5.165107e-07 ; dt =    92.5 sec
power : iter =    932 ; delta = 5.112362e-07 ; dt =    92.6 sec
power : iter =    933 ; delta = 5.060499e-07 ; dt =    92.7 sec
power : iter =    934 ; delta = 5.008825e-07 ; dt =    92.8 sec
power : iter =    935 ; delta = 4.958014e-07 ; dt =    92.9 sec
power : iter =    936 ; delta = 4.907389e-07 ; dt =    93.0 sec
power : iter =    937 ; delta = 4.857608e-07 ; dt =    93.1 sec
power : iter =    938 ; delta = 4.808011e-07 ; dt =    93.2 sec
power : iter =    939 ; delta = 4.759240e-07 ; dt =    93.3 sec
power : iter =    940 ; delta = 4.710650e-07 ; dt =    93.4 sec
power : iter =    941 ; delta = 4.662868e-07 ; dt =    93.5 sec
power : iter =    942 ; delta = 4.615264e-07 ; dt =    93.6 sec
power : iter =    943 ; delta = 4.568451e-07 ; dt =    93.7 sec
power : iter =    944 ; delta = 4.521813e-07 ; dt =    93.8 sec
power : iter =    945 ; delta = 4.475950e-07 ; dt =    93.9 sec
power : iter =    946 ; delta = 4.430259e-07 ; dt =    94.0 sec
power : iter =    947 ; delta = 4.385326e-07 ; dt =    94.1 sec
power : iter =    948 ; delta = 4.340562e-07 ; dt =    94.2 sec
power : iter =    949 ; delta = 4.296541e-07 ; dt =    94.3 sec
power : iter =    950 ; delta = 4.252685e-07 ; dt =    94.4 sec
power : iter =    951 ; delta = 4.209556e-07 ; dt =    94.5 sec
power : iter =    952 ; delta = 4.166590e-07 ; dt =    94.6 sec
power : iter =    953 ; delta = 4.124336e-07 ; dt =    94.7 sec
power : iter =    954 ; delta = 4.082242e-07 ; dt =    94.8 sec
power : iter =    955 ; delta = 4.040845e-07 ; dt =    94.9 sec
power : iter =    956 ; delta = 3.999605e-07 ; dt =    95.0 sec
power : iter =    957 ; delta = 3.959047e-07 ; dt =    95.1 sec
power : iter =    958 ; delta = 3.918644e-07 ; dt =    95.2 sec
power : iter =    959 ; delta = 3.878908e-07 ; dt =    95.2 sec
power : iter =    960 ; delta = 3.839325e-07 ; dt =    95.3 sec
power : iter =    961 ; delta = 3.800394e-07 ; dt =    95.4 sec
power : iter =    962 ; delta = 3.761614e-07 ; dt =    95.5 sec
power : iter =    963 ; delta = 3.723473e-07 ; dt =    95.6 sec
power : iter =    964 ; delta = 3.685480e-07 ; dt =    95.7 sec
power : iter =    965 ; delta = 3.648112e-07 ; dt =    95.8 sec
power : iter =    966 ; delta = 3.610889e-07 ; dt =    95.9 sec
power : iter =    967 ; delta = 3.574278e-07 ; dt =    96.0 sec
power : iter =    968 ; delta = 3.537811e-07 ; dt =    96.1 sec
power : iter =    969 ; delta = 3.501942e-07 ; dt =    96.2 sec
power : iter =    970 ; delta = 3.466215e-07 ; dt =    96.3 sec
power : iter =    971 ; delta = 3.431073e-07 ; dt =    96.4 sec
power : iter =    972 ; delta = 3.396070e-07 ; dt =    96.5 sec
power : iter =    973 ; delta = 3.361641e-07 ; dt =    96.6 sec
power : iter =    974 ; delta = 3.327347e-07 ; dt =    96.7 sec
power : iter =    975 ; delta = 3.293616e-07 ; dt =    96.8 sec
power : iter =    976 ; delta = 3.260018e-07 ; dt =    96.9 sec
power : iter =    977 ; delta = 3.226970e-07 ; dt =    97.0 sec
power : iter =    978 ; delta = 3.194054e-07 ; dt =    97.1 sec
power : iter =    979 ; delta = 3.161676e-07 ; dt =    97.2 sec
power : iter =    980 ; delta = 3.129427e-07 ; dt =    97.3 sec
power : iter =    981 ; delta = 3.097705e-07 ; dt =    97.4 sec
power : iter =    982 ; delta = 3.066110e-07 ; dt =    97.5 sec
power : iter =    983 ; delta = 3.035031e-07 ; dt =    97.6 sec
power : iter =    984 ; delta = 3.004076e-07 ; dt =    97.7 sec
power : iter =    985 ; delta = 2.973627e-07 ; dt =    97.8 sec
power : iter =    986 ; delta = 2.943300e-07 ; dt =    97.9 sec
power : iter =    987 ; delta = 2.913467e-07 ; dt =    98.0 sec
power : iter =    988 ; delta = 2.883756e-07 ; dt =    98.1 sec
power : iter =    989 ; delta = 2.854527e-07 ; dt =    98.2 sec
power : iter =    990 ; delta = 2.825418e-07 ; dt =    98.3 sec
power : iter =    991 ; delta = 2.796782e-07 ; dt =    98.4 sec
power : iter =    992 ; delta = 2.768263e-07 ; dt =    98.5 sec
power : iter =    993 ; delta = 2.740207e-07 ; dt =    98.6 sec
power : iter =    994 ; delta = 2.712266e-07 ; dt =    98.7 sec
power : iter =    995 ; delta = 2.684778e-07 ; dt =    98.8 sec
power : iter =    996 ; delta = 2.657404e-07 ; dt =    98.9 sec
power : iter =    997 ; delta = 2.630473e-07 ; dt =    99.0 sec
power : iter =    998 ; delta = 2.603653e-07 ; dt =    99.1 sec
power : iter =    999 ; delta = 2.577268e-07 ; dt =    99.2 sec
power : iter =   1000 ; delta = 2.550992e-07 ; dt =    99.3 sec
power : iter =   1001 ; delta = 2.525141e-07 ; dt =    99.4 sec
power : iter =   1002 ; delta = 2.499397e-07 ; dt =    99.5 sec
power : iter =   1003 ; delta = 2.474070e-07 ; dt =    99.6 sec
power : iter =   1004 ; delta = 2.448848e-07 ; dt =    99.7 sec
power : iter =   1005 ; delta = 2.424034e-07 ; dt =    99.8 sec
power : iter =   1006 ; delta = 2.399323e-07 ; dt =    99.9 sec
power : iter =   1007 ; delta = 2.375011e-07 ; dt =   100.0 sec
power : iter =   1008 ; delta = 2.350802e-07 ; dt =   100.1 sec
power : iter =   1009 ; delta = 2.326982e-07 ; dt =   100.2 sec
power : iter =   1010 ; delta = 2.303263e-07 ; dt =   100.3 sec
power : iter =   1011 ; delta = 2.279926e-07 ; dt =   100.4 sec
power : iter =   1012 ; delta = 2.256687e-07 ; dt =   100.5 sec
power : iter =   1013 ; delta = 2.233822e-07 ; dt =   100.6 sec
power : iter =   1014 ; delta = 2.211055e-07 ; dt =   100.7 sec
power : iter =   1015 ; delta = 2.188653e-07 ; dt =   100.8 sec
power : iter =   1016 ; delta = 2.166347e-07 ; dt =   100.9 sec
power : iter =   1017 ; delta = 2.144399e-07 ; dt =   101.0 sec
power : iter =   1018 ; delta = 2.122545e-07 ; dt =   101.1 sec
power : iter =   1019 ; delta = 2.101041e-07 ; dt =   101.2 sec
power : iter =   1020 ; delta = 2.079629e-07 ; dt =   101.3 sec
power : iter =   1021 ; delta = 2.058561e-07 ; dt =   101.4 sec
power : iter =   1022 ; delta = 2.037583e-07 ; dt =   101.5 sec
power : iter =   1023 ; delta = 2.016941e-07 ; dt =   101.6 sec
power : iter =   1024 ; delta = 1.996389e-07 ; dt =   101.7 sec
power : iter =   1025 ; delta = 1.976165e-07 ; dt =   101.8 sec
power : iter =   1026 ; delta = 1.956029e-07 ; dt =   101.9 sec
power : iter =   1027 ; delta = 1.936214e-07 ; dt =   102.0 sec
power : iter =   1028 ; delta = 1.916486e-07 ; dt =   102.1 sec
power : iter =   1029 ; delta = 1.897072e-07 ; dt =   102.2 sec
power : iter =   1030 ; delta = 1.877743e-07 ; dt =   102.3 sec
power : iter =   1031 ; delta = 1.858723e-07 ; dt =   102.3 sec
power : iter =   1032 ; delta = 1.839786e-07 ; dt =   102.4 sec
power : iter =   1033 ; delta = 1.821150e-07 ; dt =   102.5 sec
power : iter =   1034 ; delta = 1.802596e-07 ; dt =   102.6 sec
power : iter =   1035 ; delta = 1.784338e-07 ; dt =   102.7 sec
power : iter =   1036 ; delta = 1.766160e-07 ; dt =   102.8 sec
power : iter =   1037 ; delta = 1.748271e-07 ; dt =   102.9 sec
power : iter =   1038 ; delta = 1.730462e-07 ; dt =   103.0 sec
power : iter =   1039 ; delta = 1.712935e-07 ; dt =   103.1 sec
power : iter =   1040 ; delta = 1.695486e-07 ; dt =   103.2 sec
power : iter =   1041 ; delta = 1.678314e-07 ; dt =   103.3 sec
power : iter =   1042 ; delta = 1.661218e-07 ; dt =   103.4 sec
power : iter =   1043 ; delta = 1.644393e-07 ; dt =   103.5 sec
power : iter =   1044 ; delta = 1.627644e-07 ; dt =   103.6 sec
power : iter =   1045 ; delta = 1.611160e-07 ; dt =   103.7 sec
power : iter =   1046 ; delta = 1.594750e-07 ; dt =   103.8 sec
power : iter =   1047 ; delta = 1.578599e-07 ; dt =   103.9 sec
power : iter =   1048 ; delta = 1.562521e-07 ; dt =   104.0 sec
power : iter =   1049 ; delta = 1.546697e-07 ; dt =   104.1 sec
power : iter =   1050 ; delta = 1.530945e-07 ; dt =   104.2 sec
power : iter =   1051 ; delta = 1.515441e-07 ; dt =   104.3 sec
power : iter =   1052 ; delta = 1.500008e-07 ; dt =   104.4 sec
power : iter =   1053 ; delta = 1.484818e-07 ; dt =   104.5 sec
power : iter =   1054 ; delta = 1.469697e-07 ; dt =   104.6 sec
power : iter =   1055 ; delta = 1.454814e-07 ; dt =   104.7 sec
power : iter =   1056 ; delta = 1.440000e-07 ; dt =   104.8 sec
power : iter =   1057 ; delta = 1.425418e-07 ; dt =   104.9 sec
power : iter =   1058 ; delta = 1.410903e-07 ; dt =   105.0 sec
power : iter =   1059 ; delta = 1.396617e-07 ; dt =   105.1 sec
power : iter =   1060 ; delta = 1.382396e-07 ; dt =   105.2 sec
power : iter =   1061 ; delta = 1.368398e-07 ; dt =   105.3 sec
power : iter =   1062 ; delta = 1.354465e-07 ; dt =   105.4 sec
power : iter =   1063 ; delta = 1.340751e-07 ; dt =   105.5 sec
power : iter =   1064 ; delta = 1.327099e-07 ; dt =   105.6 sec
power : iter =   1065 ; delta = 1.313662e-07 ; dt =   105.7 sec
power : iter =   1066 ; delta = 1.300288e-07 ; dt =   105.8 sec
power : iter =   1067 ; delta = 1.287123e-07 ; dt =   105.9 sec
power : iter =   1068 ; delta = 1.274018e-07 ; dt =   106.0 sec
power : iter =   1069 ; delta = 1.261120e-07 ; dt =   106.1 sec
power : iter =   1070 ; delta = 1.248281e-07 ; dt =   106.2 sec
power : iter =   1071 ; delta = 1.235643e-07 ; dt =   106.3 sec
power : iter =   1072 ; delta = 1.223064e-07 ; dt =   106.4 sec
power : iter =   1073 ; delta = 1.210681e-07 ; dt =   106.5 sec
power : iter =   1074 ; delta = 1.198357e-07 ; dt =   106.6 sec
power : iter =   1075 ; delta = 1.186225e-07 ; dt =   106.7 sec
power : iter =   1076 ; delta = 1.174150e-07 ; dt =   106.8 sec
power : iter =   1077 ; delta = 1.162264e-07 ; dt =   106.9 sec
power : iter =   1078 ; delta = 1.150433e-07 ; dt =   107.0 sec
power : iter =   1079 ; delta = 1.138787e-07 ; dt =   107.1 sec
power : iter =   1080 ; delta = 1.127195e-07 ; dt =   107.2 sec
power : iter =   1081 ; delta = 1.115785e-07 ; dt =   107.3 sec
power : iter =   1082 ; delta = 1.104428e-07 ; dt =   107.4 sec
power : iter =   1083 ; delta = 1.093248e-07 ; dt =   107.5 sec
power : iter =   1084 ; delta = 1.082121e-07 ; dt =   107.6 sec
power : iter =   1085 ; delta = 1.071168e-07 ; dt =   107.7 sec
power : iter =   1086 ; delta = 1.060266e-07 ; dt =   107.8 sec
power : iter =   1087 ; delta = 1.049533e-07 ; dt =   107.9 sec
power : iter =   1088 ; delta = 1.038852e-07 ; dt =   108.0 sec
power : iter =   1089 ; delta = 1.028337e-07 ; dt =   108.1 sec
power : iter =   1090 ; delta = 1.017872e-07 ; dt =   108.2 sec
power : iter =   1091 ; delta = 1.007569e-07 ; dt =   108.3 sec
power : iter =   1092 ; delta = 9.973158e-08 ; dt =   108.4 sec
power : solved pagerank(a=0.9900) in  1092 mults to 1.000000e-07 tol
output norm: 1.0000000000000000e+00
108.35user 0.00system 1:48.39elapsed 99%CPU (0avgtext+0avgdata 0maxresident)k
0inputs+0outputs (0major+1706minor)pagefaults 0swaps
