Parameters: 
   graphfile = /var/tmp/dgleich/data/uk-2006-05
      output = none
         alg = power
       alpha = 0.99
         tol = 1e-07
       maxit = 10000

nodes = 77741046
edges = -1329769956
power : iter =      1 ; delta = 1.314742e+00 ; dt =    86.3 sec
power : iter =      2 ; delta = 5.770537e-01 ; dt =   172.9 sec
power : iter =      3 ; delta = 2.861100e-01 ; dt =   259.6 sec
power : iter =      4 ; delta = 1.603779e-01 ; dt =   346.2 sec
power : iter =      5 ; delta = 1.046920e-01 ; dt =   432.9 sec
power : iter =      6 ; delta = 7.600091e-02 ; dt =   519.6 sec
power : iter =      7 ; delta = 5.993641e-02 ; dt =   606.2 sec
power : iter =      8 ; delta = 4.978700e-02 ; dt =   692.8 sec
power : iter =      9 ; delta = 4.280500e-02 ; dt =   779.4 sec
power : iter =     10 ; delta = 3.766595e-02 ; dt =   866.1 sec
power : iter =     11 ; delta = 3.364638e-02 ; dt =   952.8 sec
power : iter =     12 ; delta = 3.050064e-02 ; dt =  1039.4 sec
power : iter =     13 ; delta = 2.792497e-02 ; dt =  1126.0 sec
power : iter =     14 ; delta = 2.574095e-02 ; dt =  1212.6 sec
power : iter =     15 ; delta = 2.388848e-02 ; dt =  1299.2 sec
power : iter =     16 ; delta = 2.228820e-02 ; dt =  1385.8 sec
power : iter =     17 ; delta = 2.087232e-02 ; dt =  1472.4 sec
power : iter =     18 ; delta = 1.964150e-02 ; dt =  1559.0 sec
power : iter =     19 ; delta = 1.855942e-02 ; dt =  1645.9 sec
power : iter =     20 ; delta = 1.755682e-02 ; dt =  1732.5 sec
power : iter =     21 ; delta = 1.666437e-02 ; dt =  1819.2 sec
power : iter =     22 ; delta = 1.586647e-02 ; dt =  1905.7 sec
power : iter =     23 ; delta = 1.511081e-02 ; dt =  1992.4 sec
power : iter =     24 ; delta = 1.443627e-02 ; dt =  2079.0 sec
power : iter =     25 ; delta = 1.382564e-02 ; dt =  2165.6 sec
power : iter =     26 ; delta = 1.323480e-02 ; dt =  2252.1 sec
power : iter =     27 ; delta = 1.271192e-02 ; dt =  2338.8 sec
power : iter =     28 ; delta = 1.222782e-02 ; dt =  2425.4 sec
power : iter =     29 ; delta = 1.175304e-02 ; dt =  2512.0 sec
power : iter =     30 ; delta = 1.132748e-02 ; dt =  2598.6 sec
power : iter =     31 ; delta = 1.093188e-02 ; dt =  2685.2 sec
power : iter =     32 ; delta = 1.053546e-02 ; dt =  2771.8 sec
power : iter =     33 ; delta = 1.018306e-02 ; dt =  2858.5 sec
power : iter =     34 ; delta = 9.850441e-03 ; dt =  2945.1 sec
power : iter =     35 ; delta = 9.517205e-03 ; dt =  3031.7 sec
power : iter =     36 ; delta = 9.220543e-03 ; dt =  3118.3 sec
power : iter =     37 ; delta = 8.939529e-03 ; dt =  3204.9 sec
power : iter =     38 ; delta = 8.664570e-03 ; dt =  3291.5 sec
power : iter =     39 ; delta = 8.412108e-03 ; dt =  3378.2 sec
power : iter =     40 ; delta = 8.169360e-03 ; dt =  3464.8 sec
power : iter =     41 ; delta = 7.933949e-03 ; dt =  3551.4 sec
power : iter =     42 ; delta = 7.714868e-03 ; dt =  3638.0 sec
power : iter =     43 ; delta = 7.503703e-03 ; dt =  3724.6 sec
power : iter =     44 ; delta = 7.299970e-03 ; dt =  3811.2 sec
power : iter =     45 ; delta = 7.110290e-03 ; dt =  3897.9 sec
power : iter =     46 ; delta = 6.924284e-03 ; dt =  3984.5 sec
power : iter =     47 ; delta = 6.746171e-03 ; dt =  4071.1 sec
power : iter =     48 ; delta = 6.578571e-03 ; dt =  4157.7 sec
power : iter =     49 ; delta = 6.412513e-03 ; dt =  4244.3 sec
power : iter =     50 ; delta = 6.254112e-03 ; dt =  4330.9 sec
power : iter =     51 ; delta = 6.104532e-03 ; dt =  4417.5 sec
power : iter =     52 ; delta = 5.955448e-03 ; dt =  4504.0 sec
power : iter =     53 ; delta = 5.814276e-03 ; dt =  4590.6 sec
power : iter =     54 ; delta = 5.679809e-03 ; dt =  4677.1 sec
power : iter =     55 ; delta = 5.545310e-03 ; dt =  4763.7 sec
power : iter =     56 ; delta = 5.418888e-03 ; dt =  4850.3 sec
power : iter =     57 ; delta = 5.298094e-03 ; dt =  4936.9 sec
power : iter =     58 ; delta = 5.176477e-03 ; dt =  5023.5 sec
power : iter =     59 ; delta = 5.062775e-03 ; dt =  5110.1 sec
power : iter =     60 ; delta = 4.953541e-03 ; dt =  5196.7 sec
power : iter =     61 ; delta = 4.843554e-03 ; dt =  5283.3 sec
power : iter =     62 ; delta = 4.740734e-03 ; dt =  5369.9 sec
power : iter =     63 ; delta = 4.641397e-03 ; dt =  5456.5 sec
power : iter =     64 ; delta = 4.540890e-03 ; dt =  5543.1 sec
power : iter =     65 ; delta = 4.447110e-03 ; dt =  5629.7 sec
power : iter =     66 ; delta = 4.356080e-03 ; dt =  5716.3 sec
power : iter =     67 ; delta = 4.263968e-03 ; dt =  5802.9 sec
power : iter =     68 ; delta = 4.178243e-03 ; dt =  5889.5 sec
power : iter =     69 ; delta = 4.094541e-03 ; dt =  5976.1 sec
power : iter =     70 ; delta = 4.010052e-03 ; dt =  6062.7 sec
power : iter =     71 ; delta = 3.931043e-03 ; dt =  6149.3 sec
power : iter =     72 ; delta = 3.853721e-03 ; dt =  6235.9 sec
power : iter =     73 ; delta = 3.776715e-03 ; dt =  6322.5 sec
power : iter =     74 ; delta = 3.703830e-03 ; dt =  6409.1 sec
power : iter =     75 ; delta = 3.632022e-03 ; dt =  6495.7 sec
power : iter =     76 ; delta = 3.561508e-03 ; dt =  6582.3 sec
power : iter =     77 ; delta = 3.493942e-03 ; dt =  6668.9 sec
power : iter =     78 ; delta = 3.427236e-03 ; dt =  6755.5 sec
power : iter =     79 ; delta = 3.361884e-03 ; dt =  6842.1 sec
power : iter =     80 ; delta = 3.299347e-03 ; dt =  6928.7 sec
power : iter =     81 ; delta = 3.237161e-03 ; dt =  7015.3 sec
power : iter =     82 ; delta = 3.176621e-03 ; dt =  7102.0 sec
power : iter =     83 ; delta = 3.118401e-03 ; dt =  7188.6 sec
power : iter =     84 ; delta = 3.060590e-03 ; dt =  7275.2 sec
power : iter =     85 ; delta = 3.004332e-03 ; dt =  7361.8 sec
power : iter =     86 ; delta = 2.950273e-03 ; dt =  7448.4 sec
power : iter =     87 ; delta = 2.896359e-03 ; dt =  7535.0 sec
power : iter =     88 ; delta = 2.844182e-03 ; dt =  7621.6 sec
power : iter =     89 ; delta = 2.793714e-03 ; dt =  7708.2 sec
power : iter =     90 ; delta = 2.743462e-03 ; dt =  7794.8 sec
power : iter =     91 ; delta = 2.694884e-03 ; dt =  7881.4 sec
power : iter =     92 ; delta = 2.647978e-03 ; dt =  7968.0 sec
power : iter =     93 ; delta = 2.601011e-03 ; dt =  8054.6 sec
power : iter =     94 ; delta = 2.555698e-03 ; dt =  8141.2 sec
power : iter =     95 ; delta = 2.511770e-03 ; dt =  8227.8 sec
power : iter =     96 ; delta = 2.467884e-03 ; dt =  8314.4 sec
power : iter =     97 ; delta = 2.425459e-03 ; dt =  8401.1 sec
power : iter =     98 ; delta = 2.384332e-03 ; dt =  8487.5 sec
power : iter =     99 ; delta = 2.343302e-03 ; dt =  8574.1 sec
power : iter =    100 ; delta = 2.303589e-03 ; dt =  8660.7 sec
power : iter =    101 ; delta = 2.264954e-03 ; dt =  8747.3 sec
power : iter =    102 ; delta = 2.226758e-03 ; dt =  8833.9 sec
power : iter =    103 ; delta = 2.189523e-03 ; dt =  8920.5 sec
power : iter =    104 ; delta = 2.153317e-03 ; dt =  9007.2 sec
power : iter =    105 ; delta = 2.117469e-03 ; dt =  9093.8 sec
power : iter =    106 ; delta = 2.082550e-03 ; dt =  9180.4 sec
power : iter =    107 ; delta = 2.048520e-03 ; dt =  9267.0 sec
power : iter =    108 ; delta = 2.014944e-03 ; dt =  9353.6 sec
power : iter =    109 ; delta = 1.982113e-03 ; dt =  9440.2 sec
power : iter =    110 ; delta = 1.950209e-03 ; dt =  9526.8 sec
power : iter =    111 ; delta = 1.918616e-03 ; dt =  9613.4 sec
power : iter =    112 ; delta = 1.887788e-03 ; dt =  9700.0 sec
power : iter =    113 ; delta = 1.857642e-03 ; dt =  9786.6 sec
power : iter =    114 ; delta = 1.827889e-03 ; dt =  9873.2 sec
power : iter =    115 ; delta = 1.798759e-03 ; dt =  9959.9 sec
power : iter =    116 ; delta = 1.770373e-03 ; dt = 10046.5 sec
power : iter =    117 ; delta = 1.742286e-03 ; dt = 10133.1 sec
power : iter =    118 ; delta = 1.714873e-03 ; dt = 10219.7 sec
power : iter =    119 ; delta = 1.688062e-03 ; dt = 10306.3 sec
power : iter =    120 ; delta = 1.661589e-03 ; dt = 10392.9 sec
power : iter =    121 ; delta = 1.635603e-03 ; dt = 10479.5 sec
power : iter =    122 ; delta = 1.610286e-03 ; dt = 10566.1 sec
power : iter =    123 ; delta = 1.585219e-03 ; dt = 10652.7 sec
power : iter =    124 ; delta = 1.560662e-03 ; dt = 10739.3 sec
power : iter =    125 ; delta = 1.536660e-03 ; dt = 10825.9 sec
power : iter =    126 ; delta = 1.512965e-03 ; dt = 10912.5 sec
power : iter =    127 ; delta = 1.489679e-03 ; dt = 10999.1 sec
power : iter =    128 ; delta = 1.466996e-03 ; dt = 11085.7 sec
power : iter =    129 ; delta = 1.444527e-03 ; dt = 11172.4 sec
power : iter =    130 ; delta = 1.422484e-03 ; dt = 11259.0 sec
power : iter =    131 ; delta = 1.400980e-03 ; dt = 11345.6 sec
power : iter =    132 ; delta = 1.379731e-03 ; dt = 11432.3 sec
power : iter =    133 ; delta = 1.358803e-03 ; dt = 11518.9 sec
power : iter =    134 ; delta = 1.338445e-03 ; dt = 11605.5 sec
power : iter =    135 ; delta = 1.318282e-03 ; dt = 11692.2 sec
power : iter =    136 ; delta = 1.298454e-03 ; dt = 11778.9 sec
power : iter =    137 ; delta = 1.279110e-03 ; dt = 11865.6 sec
power : iter =    138 ; delta = 1.260000e-03 ; dt = 11952.2 sec
power : iter =    139 ; delta = 1.241166e-03 ; dt = 12038.8 sec
power : iter =    140 ; delta = 1.222835e-03 ; dt = 12125.4 sec
power : iter =    141 ; delta = 1.204676e-03 ; dt = 12212.2 sec
power : iter =    142 ; delta = 1.186871e-03 ; dt = 12298.8 sec
power : iter =    143 ; delta = 1.169449e-03 ; dt = 12385.4 sec
power : iter =    144 ; delta = 1.152216e-03 ; dt = 12472.0 sec
power : iter =    145 ; delta = 1.135278e-03 ; dt = 12558.6 sec
power : iter =    146 ; delta = 1.118751e-03 ; dt = 12645.3 sec
power : iter =    147 ; delta = 1.102385e-03 ; dt = 12731.9 sec
power : iter =    148 ; delta = 1.086327e-03 ; dt = 12818.5 sec
power : iter =    149 ; delta = 1.070615e-03 ; dt = 12905.1 sec
power : iter =    150 ; delta = 1.055113e-03 ; dt = 12991.7 sec
power : iter =    151 ; delta = 1.039882e-03 ; dt = 13078.3 sec
power : iter =    152 ; delta = 1.024986e-03 ; dt = 13164.9 sec
power : iter =    153 ; delta = 1.010230e-03 ; dt = 13251.5 sec
power : iter =    154 ; delta = 9.957658e-04 ; dt = 13338.2 sec
power : iter =    155 ; delta = 9.816355e-04 ; dt = 13424.8 sec
power : iter =    156 ; delta = 9.676575e-04 ; dt = 13511.4 sec
power : iter =    157 ; delta = 9.539147e-04 ; dt = 13598.0 sec
power : iter =    158 ; delta = 9.404816e-04 ; dt = 13684.6 sec
power : iter =    159 ; delta = 9.271735e-04 ; dt = 13771.3 sec
power : iter =    160 ; delta = 9.140977e-04 ; dt = 13857.9 sec
power : iter =    161 ; delta = 9.012729e-04 ; dt = 13944.3 sec
power : iter =    162 ; delta = 8.885931e-04 ; dt = 14030.9 sec
power : iter =    163 ; delta = 8.761274e-04 ; dt = 14117.5 sec
power : iter =    164 ; delta = 8.639406e-04 ; dt = 14204.1 sec
power : iter =    165 ; delta = 8.518407e-04 ; dt = 14290.8 sec
power : iter =    166 ; delta = 8.399633e-04 ; dt = 14377.3 sec
power : iter =    167 ; delta = 8.283557e-04 ; dt = 14464.0 sec
power : iter =    168 ; delta = 8.168265e-04 ; dt = 14550.6 sec
power : iter =    169 ; delta = 8.055119e-04 ; dt = 14637.2 sec
power : iter =    170 ; delta = 7.944807e-04 ; dt = 14723.8 sec
power : iter =    171 ; delta = 7.835303e-04 ; dt = 14810.4 sec
power : iter =    172 ; delta = 7.727722e-04 ; dt = 14897.0 sec
power : iter =    173 ; delta = 7.622473e-04 ; dt = 14983.6 sec
power : iter =    174 ; delta = 7.517984e-04 ; dt = 15070.2 sec
power : iter =    175 ; delta = 7.415570e-04 ; dt = 15156.8 sec
power : iter =    176 ; delta = 7.315090e-04 ; dt = 15243.4 sec
power : iter =    177 ; delta = 7.215215e-04 ; dt = 15330.0 sec
power : iter =    178 ; delta = 7.117564e-04 ; dt = 15416.6 sec
power : iter =    179 ; delta = 7.021615e-04 ; dt = 15503.2 sec
power : iter =    180 ; delta = 6.926223e-04 ; dt = 15589.9 sec
power : iter =    181 ; delta = 6.832775e-04 ; dt = 15676.5 sec
power : iter =    182 ; delta = 6.741045e-04 ; dt = 15763.1 sec
power : iter =    183 ; delta = 6.649824e-04 ; dt = 15849.7 sec
power : iter =    184 ; delta = 6.560502e-04 ; dt = 15936.3 sec
power : iter =    185 ; delta = 6.472665e-04 ; dt = 16022.9 sec
power : iter =    186 ; delta = 6.385432e-04 ; dt = 16109.5 sec
power : iter =    187 ; delta = 6.300027e-04 ; dt = 16196.1 sec
power : iter =    188 ; delta = 6.216077e-04 ; dt = 16282.7 sec
power : iter =    189 ; delta = 6.132604e-04 ; dt = 16369.3 sec
power : iter =    190 ; delta = 6.050930e-04 ; dt = 16455.9 sec
power : iter =    191 ; delta = 5.970616e-04 ; dt = 16542.6 sec
power : iter =    192 ; delta = 5.890751e-04 ; dt = 16629.2 sec
power : iter =    193 ; delta = 5.812521e-04 ; dt = 16715.8 sec
power : iter =    194 ; delta = 5.735745e-04 ; dt = 16802.4 sec
power : iter =    195 ; delta = 5.659327e-04 ; dt = 16889.0 sec
power : iter =    196 ; delta = 5.584523e-04 ; dt = 16975.6 sec
power : iter =    197 ; delta = 5.510875e-04 ; dt = 17062.3 sec
power : iter =    198 ; delta = 5.437778e-04 ; dt = 17148.9 sec
power : iter =    199 ; delta = 5.366131e-04 ; dt = 17235.5 sec
power : iter =    200 ; delta = 5.295696e-04 ; dt = 17322.1 sec
power : iter =    201 ; delta = 5.225580e-04 ; dt = 17408.7 sec
power : iter =    202 ; delta = 5.157011e-04 ; dt = 17495.3 sec
power : iter =    203 ; delta = 5.089495e-04 ; dt = 17581.9 sec
power : iter =    204 ; delta = 5.022375e-04 ; dt = 17668.5 sec
power : iter =    205 ; delta = 4.956584e-04 ; dt = 17755.1 sec
power : iter =    206 ; delta = 4.891970e-04 ; dt = 17841.7 sec
power : iter =    207 ; delta = 4.827673e-04 ; dt = 17928.3 sec
power : iter =    208 ; delta = 4.764711e-04 ; dt = 18015.0 sec
power : iter =    209 ; delta = 4.702700e-04 ; dt = 18101.6 sec
power : iter =    210 ; delta = 4.641125e-04 ; dt = 18188.2 sec
power : iter =    211 ; delta = 4.580758e-04 ; dt = 18274.8 sec
power : iter =    212 ; delta = 4.521377e-04 ; dt = 18361.4 sec
power : iter =    213 ; delta = 4.462277e-04 ; dt = 18448.1 sec
power : iter =    214 ; delta = 4.404467e-04 ; dt = 18534.6 sec
power : iter =    215 ; delta = 4.347529e-04 ; dt = 18621.2 sec
power : iter =    216 ; delta = 4.290928e-04 ; dt = 18707.8 sec
power : iter =    217 ; delta = 4.235449e-04 ; dt = 18794.4 sec
power : iter =    218 ; delta = 4.180959e-04 ; dt = 18881.0 sec
power : iter =    219 ; delta = 4.126776e-04 ; dt = 18967.6 sec
power : iter =    220 ; delta = 4.073705e-04 ; dt = 19054.3 sec
power : iter =    221 ; delta = 4.021398e-04 ; dt = 19140.9 sec
power : iter =    222 ; delta = 3.969467e-04 ; dt = 19227.5 sec
power : iter =    223 ; delta = 3.918544e-04 ; dt = 19314.1 sec
power : iter =    224 ; delta = 3.868456e-04 ; dt = 19400.7 sec
power : iter =    225 ; delta = 3.818623e-04 ; dt = 19487.4 sec
power : iter =    226 ; delta = 3.769866e-04 ; dt = 19574.0 sec
power : iter =    227 ; delta = 3.721828e-04 ; dt = 19660.6 sec
power : iter =    228 ; delta = 3.674052e-04 ; dt = 19747.2 sec
power : iter =    229 ; delta = 3.627197e-04 ; dt = 19833.8 sec
power : iter =    230 ; delta = 3.581113e-04 ; dt = 19920.4 sec
power : iter =    231 ; delta = 3.535257e-04 ; dt = 20007.0 sec
power : iter =    232 ; delta = 3.490306e-04 ; dt = 20093.7 sec
power : iter =    233 ; delta = 3.446009e-04 ; dt = 20180.3 sec
power : iter =    234 ; delta = 3.402025e-04 ; dt = 20266.9 sec
power : iter =    235 ; delta = 3.358898e-04 ; dt = 20353.5 sec
power : iter =    236 ; delta = 3.316418e-04 ; dt = 20440.2 sec
power : iter =    237 ; delta = 3.274149e-04 ; dt = 20526.8 sec
power : iter =    238 ; delta = 3.232742e-04 ; dt = 20613.3 sec
power : iter =    239 ; delta = 3.191952e-04 ; dt = 20699.9 sec
power : iter =    240 ; delta = 3.151381e-04 ; dt = 20786.5 sec
power : iter =    241 ; delta = 3.111589e-04 ; dt = 20873.2 sec
power : iter =    242 ; delta = 3.072434e-04 ; dt = 20959.8 sec
power : iter =    243 ; delta = 3.033478e-04 ; dt = 21046.4 sec
power : iter =    244 ; delta = 2.995284e-04 ; dt = 21133.0 sec
power : iter =    245 ; delta = 2.957641e-04 ; dt = 21219.6 sec
power : iter =    246 ; delta = 2.920251e-04 ; dt = 21306.2 sec
power : iter =    247 ; delta = 2.883578e-04 ; dt = 21392.8 sec
power : iter =    248 ; delta = 2.847437e-04 ; dt = 21479.4 sec
power : iter =    249 ; delta = 2.811489e-04 ; dt = 21566.0 sec
power : iter =    250 ; delta = 2.776273e-04 ; dt = 21652.5 sec
power : iter =    251 ; delta = 2.741571e-04 ; dt = 21739.1 sec
power : iter =    252 ; delta = 2.707062e-04 ; dt = 21825.7 sec
power : iter =    253 ; delta = 2.673214e-04 ; dt = 21912.3 sec
power : iter =    254 ; delta = 2.639899e-04 ; dt = 21998.9 sec
power : iter =    255 ; delta = 2.606774e-04 ; dt = 22085.5 sec
power : iter =    256 ; delta = 2.574262e-04 ; dt = 22172.2 sec
power : iter =    257 ; delta = 2.542216e-04 ; dt = 22258.8 sec
power : iter =    258 ; delta = 2.510391e-04 ; dt = 22345.4 sec
power : iter =    259 ; delta = 2.479160e-04 ; dt = 22432.0 sec
power : iter =    260 ; delta = 2.448369e-04 ; dt = 22518.6 sec
power : iter =    261 ; delta = 2.417754e-04 ; dt = 22605.2 sec
power : iter =    262 ; delta = 2.387747e-04 ; dt = 22691.9 sec
power : iter =    263 ; delta = 2.358161e-04 ; dt = 22778.6 sec
power : iter =    264 ; delta = 2.328740e-04 ; dt = 22865.2 sec
power : iter =    265 ; delta = 2.299866e-04 ; dt = 22951.8 sec
power : iter =    266 ; delta = 2.271438e-04 ; dt = 23038.4 sec
power : iter =    267 ; delta = 2.243176e-04 ; dt = 23125.1 sec
power : iter =    268 ; delta = 2.215432e-04 ; dt = 23211.9 sec
power : iter =    269 ; delta = 2.188061e-04 ; dt = 23298.5 sec
power : iter =    270 ; delta = 2.160907e-04 ; dt = 23385.1 sec
power : iter =    271 ; delta = 2.134251e-04 ; dt = 23471.7 sec
power : iter =    272 ; delta = 2.107966e-04 ; dt = 23558.4 sec
power : iter =    273 ; delta = 2.081838e-04 ; dt = 23645.1 sec
power : iter =    274 ; delta = 2.056220e-04 ; dt = 23731.7 sec
power : iter =    275 ; delta = 2.030956e-04 ; dt = 23818.3 sec
power : iter =    276 ; delta = 2.005839e-04 ; dt = 23904.9 sec
power : iter =    277 ; delta = 1.981176e-04 ; dt = 23991.6 sec
power : iter =    278 ; delta = 1.956886e-04 ; dt = 24078.2 sec
power : iter =    279 ; delta = 1.932740e-04 ; dt = 24164.8 sec
power : iter =    280 ; delta = 1.909026e-04 ; dt = 24251.4 sec
power : iter =    281 ; delta = 1.885638e-04 ; dt = 24338.0 sec
power : iter =    282 ; delta = 1.862425e-04 ; dt = 24424.6 sec
power : iter =    283 ; delta = 1.839635e-04 ; dt = 24511.2 sec
power : iter =    284 ; delta = 1.817162e-04 ; dt = 24597.8 sec
power : iter =    285 ; delta = 1.794832e-04 ; dt = 24684.4 sec
power : iter =    286 ; delta = 1.772932e-04 ; dt = 24771.0 sec
power : iter =    287 ; delta = 1.751328e-04 ; dt = 24857.6 sec
power : iter =    288 ; delta = 1.729853e-04 ; dt = 24944.2 sec
power : iter =    289 ; delta = 1.708760e-04 ; dt = 25030.8 sec
power : iter =    290 ; delta = 1.687981e-04 ; dt = 25117.4 sec
power : iter =    291 ; delta = 1.667330e-04 ; dt = 25204.0 sec
power : iter =    292 ; delta = 1.647038e-04 ; dt = 25290.6 sec
power : iter =    293 ; delta = 1.627046e-04 ; dt = 25377.2 sec
power : iter =    294 ; delta = 1.607179e-04 ; dt = 25463.8 sec
power : iter =    295 ; delta = 1.587662e-04 ; dt = 25550.4 sec
power : iter =    296 ; delta = 1.568441e-04 ; dt = 25637.0 sec
power : iter =    297 ; delta = 1.549307e-04 ; dt = 25723.6 sec
power : iter =    298 ; delta = 1.530524e-04 ; dt = 25810.2 sec
power : iter =    299 ; delta = 1.512035e-04 ; dt = 25896.8 sec
power : iter =    300 ; delta = 1.493626e-04 ; dt = 25983.4 sec
power : iter =    301 ; delta = 1.475538e-04 ; dt = 26070.0 sec
power : iter =    302 ; delta = 1.457749e-04 ; dt = 26156.7 sec
power : iter =    303 ; delta = 1.440046e-04 ; dt = 26243.3 sec
power : iter =    304 ; delta = 1.422643e-04 ; dt = 26329.9 sec
power : iter =    305 ; delta = 1.405506e-04 ; dt = 26416.5 sec
power : iter =    306 ; delta = 1.388472e-04 ; dt = 26503.1 sec
power : iter =    307 ; delta = 1.371728e-04 ; dt = 26589.7 sec
power : iter =    308 ; delta = 1.355233e-04 ; dt = 26676.3 sec
power : iter =    309 ; delta = 1.338821e-04 ; dt = 26763.0 sec
power : iter =    310 ; delta = 1.322703e-04 ; dt = 26849.6 sec
power : iter =    311 ; delta = 1.306828e-04 ; dt = 26936.2 sec
power : iter =    312 ; delta = 1.291027e-04 ; dt = 27022.8 sec
power : iter =    313 ; delta = 1.275493e-04 ; dt = 27109.4 sec
power : iter =    314 ; delta = 1.260210e-04 ; dt = 27196.0 sec
power : iter =    315 ; delta = 1.245007e-04 ; dt = 27282.6 sec
power : iter =    316 ; delta = 1.230050e-04 ; dt = 27369.2 sec
power : iter =    317 ; delta = 1.215319e-04 ; dt = 27455.9 sec
power : iter =    318 ; delta = 1.200683e-04 ; dt = 27542.4 sec
power : iter =    319 ; delta = 1.186288e-04 ; dt = 27629.1 sec
power : iter =    320 ; delta = 1.172101e-04 ; dt = 27715.7 sec
power : iter =    321 ; delta = 1.157995e-04 ; dt = 27802.3 sec
power : iter =    322 ; delta = 1.144135e-04 ; dt = 27888.9 sec
power : iter =    323 ; delta = 1.130481e-04 ; dt = 27975.5 sec
power : iter =    324 ; delta = 1.116897e-04 ; dt = 28062.1 sec
power : iter =    325 ; delta = 1.103536e-04 ; dt = 28148.7 sec
power : iter =    326 ; delta = 1.090387e-04 ; dt = 28235.3 sec
power : iter =    327 ; delta = 1.077314e-04 ; dt = 28321.9 sec
power : iter =    328 ; delta = 1.064447e-04 ; dt = 28408.5 sec
power : iter =    329 ; delta = 1.051771e-04 ; dt = 28495.1 sec
power : iter =    330 ; delta = 1.039183e-04 ; dt = 28581.8 sec
power : iter =    331 ; delta = 1.026797e-04 ; dt = 28668.4 sec
power : iter =    332 ; delta = 1.014590e-04 ; dt = 28754.9 sec
power : iter =    333 ; delta = 1.002467e-04 ; dt = 28841.5 sec
power : iter =    334 ; delta = 9.905525e-05 ; dt = 28928.1 sec
power : iter =    335 ; delta = 9.788139e-05 ; dt = 29014.8 sec
power : iter =    336 ; delta = 9.671500e-05 ; dt = 29101.4 sec
power : iter =    337 ; delta = 9.556644e-05 ; dt = 29188.0 sec
power : iter =    338 ; delta = 9.443586e-05 ; dt = 29274.6 sec
power : iter =    339 ; delta = 9.331292e-05 ; dt = 29361.2 sec
power : iter =    340 ; delta = 9.220643e-05 ; dt = 29447.8 sec
power : iter =    341 ; delta = 9.111602e-05 ; dt = 29534.4 sec
power : iter =    342 ; delta = 9.003431e-05 ; dt = 29621.0 sec
power : iter =    343 ; delta = 8.896881e-05 ; dt = 29707.7 sec
power : iter =    344 ; delta = 8.791831e-05 ; dt = 29794.3 sec
power : iter =    345 ; delta = 8.687526e-05 ; dt = 29880.9 sec
power : iter =    346 ; delta = 8.584797e-05 ; dt = 29967.5 sec
power : iter =    347 ; delta = 8.483623e-05 ; dt = 30054.2 sec
power : iter =    348 ; delta = 8.383131e-05 ; dt = 30140.9 sec
power : iter =    349 ; delta = 8.284234e-05 ; dt = 30227.5 sec
power : iter =    350 ; delta = 8.186788e-05 ; dt = 30314.1 sec
power : iter =    351 ; delta = 8.090053e-05 ; dt = 30400.7 sec
power : iter =    352 ; delta = 7.994786e-05 ; dt = 30487.5 sec
power : iter =    353 ; delta = 7.900806e-05 ; dt = 30574.2 sec
power : iter =    354 ; delta = 7.807614e-05 ; dt = 30660.8 sec
power : iter =    355 ; delta = 7.715848e-05 ; dt = 30747.4 sec
power : iter =    356 ; delta = 7.625264e-05 ; dt = 30834.0 sec
power : iter =    357 ; delta = 7.535367e-05 ; dt = 30920.8 sec
power : iter =    358 ; delta = 7.446937e-05 ; dt = 31007.4 sec
power : iter =    359 ; delta = 7.359671e-05 ; dt = 31094.0 sec
power : iter =    360 ; delta = 7.273030e-05 ; dt = 31180.6 sec
power : iter =    361 ; delta = 7.187702e-05 ; dt = 31267.2 sec
power : iter =    362 ; delta = 7.103596e-05 ; dt = 31353.9 sec
power : iter =    363 ; delta = 7.020130e-05 ; dt = 31440.5 sec
power : iter =    364 ; delta = 6.937876e-05 ; dt = 31527.1 sec
power : iter =    365 ; delta = 6.856702e-05 ; dt = 31613.5 sec
power : iter =    366 ; delta = 6.776252e-05 ; dt = 31700.1 sec
power : iter =    367 ; delta = 6.696981e-05 ; dt = 31786.7 sec
power : iter =    368 ; delta = 6.618723e-05 ; dt = 31873.4 sec
power : iter =    369 ; delta = 6.541093e-05 ; dt = 31960.0 sec
power : iter =    370 ; delta = 6.464686e-05 ; dt = 32046.6 sec
power : iter =    371 ; delta = 6.389272e-05 ; dt = 32133.2 sec
power : iter =    372 ; delta = 6.314433e-05 ; dt = 32219.8 sec
power : iter =    373 ; delta = 6.240696e-05 ; dt = 32306.4 sec
power : iter =    374 ; delta = 6.168000e-05 ; dt = 32393.0 sec
power : iter =    375 ; delta = 6.095882e-05 ; dt = 32479.6 sec
power : iter =    376 ; delta = 6.024793e-05 ; dt = 32566.2 sec
power : iter =    377 ; delta = 5.954633e-05 ; dt = 32652.8 sec
power : iter =    378 ; delta = 5.885100e-05 ; dt = 32739.3 sec
power : iter =    379 ; delta = 5.816591e-05 ; dt = 32825.9 sec
power : iter =    380 ; delta = 5.748940e-05 ; dt = 32912.4 sec
power : iter =    381 ; delta = 5.681880e-05 ; dt = 32999.1 sec
power : iter =    382 ; delta = 5.615832e-05 ; dt = 33085.7 sec
power : iter =    383 ; delta = 5.550648e-05 ; dt = 33172.3 sec
power : iter =    384 ; delta = 5.485966e-05 ; dt = 33258.8 sec
power : iter =    385 ; delta = 5.422222e-05 ; dt = 33345.5 sec
power : iter =    386 ; delta = 5.359348e-05 ; dt = 33432.1 sec
power : iter =    387 ; delta = 5.297030e-05 ; dt = 33518.7 sec
power : iter =    388 ; delta = 5.235561e-05 ; dt = 33605.2 sec
power : iter =    389 ; delta = 5.174907e-05 ; dt = 33691.8 sec
power : iter =    390 ; delta = 5.114822e-05 ; dt = 33778.5 sec
power : iter =    391 ; delta = 5.055588e-05 ; dt = 33865.1 sec
power : iter =    392 ; delta = 4.997068e-05 ; dt = 33951.7 sec
power : iter =    393 ; delta = 4.939085e-05 ; dt = 34038.2 sec
power : iter =    394 ; delta = 4.881945e-05 ; dt = 34124.9 sec
power : iter =    395 ; delta = 4.825544e-05 ; dt = 34211.5 sec
power : iter =    396 ; delta = 4.769598e-05 ; dt = 34298.1 sec
power : iter =    397 ; delta = 4.714441e-05 ; dt = 34384.7 sec
power : iter =    398 ; delta = 4.660035e-05 ; dt = 34471.3 sec
power : iter =    399 ; delta = 4.606130e-05 ; dt = 34557.9 sec
power : iter =    400 ; delta = 4.552922e-05 ; dt = 34644.5 sec
power : iter =    401 ; delta = 4.500409e-05 ; dt = 34731.1 sec
power : iter =    402 ; delta = 4.448407e-05 ; dt = 34817.7 sec
power : iter =    403 ; delta = 4.397127e-05 ; dt = 34904.3 sec
power : iter =    404 ; delta = 4.346457e-05 ; dt = 34990.9 sec
power : iter =    405 ; delta = 4.296269e-05 ; dt = 35077.5 sec
power : iter =    406 ; delta = 4.246795e-05 ; dt = 35164.1 sec
power : iter =    407 ; delta = 4.197957e-05 ; dt = 35250.7 sec
power : iter =    408 ; delta = 4.149533e-05 ; dt = 35337.3 sec
power : iter =    409 ; delta = 4.101777e-05 ; dt = 35423.9 sec
power : iter =    410 ; delta = 4.054653e-05 ; dt = 35510.5 sec
power : iter =    411 ; delta = 4.007980e-05 ; dt = 35597.1 sec
power : iter =    412 ; delta = 3.961885e-05 ; dt = 35683.7 sec
power : iter =    413 ; delta = 3.916388e-05 ; dt = 35770.3 sec
power : iter =    414 ; delta = 3.871347e-05 ; dt = 35856.9 sec
power : iter =    415 ; delta = 3.826905e-05 ; dt = 35943.5 sec
power : iter =    416 ; delta = 3.782986e-05 ; dt = 36030.1 sec
power : iter =    417 ; delta = 3.739502e-05 ; dt = 36116.7 sec
power : iter =    418 ; delta = 3.696615e-05 ; dt = 36203.3 sec
power : iter =    419 ; delta = 3.654271e-05 ; dt = 36290.0 sec
power : iter =    420 ; delta = 3.612295e-05 ; dt = 36376.6 sec
power : iter =    421 ; delta = 3.570883e-05 ; dt = 36463.2 sec
power : iter =    422 ; delta = 3.530014e-05 ; dt = 36549.8 sec
power : iter =    423 ; delta = 3.489514e-05 ; dt = 36636.4 sec
power : iter =    424 ; delta = 3.449536e-05 ; dt = 36723.0 sec
power : iter =    425 ; delta = 3.410069e-05 ; dt = 36809.6 sec
power : iter =    426 ; delta = 3.371009e-05 ; dt = 36896.3 sec
power : iter =    427 ; delta = 3.332460e-05 ; dt = 36982.9 sec
power : iter =    428 ; delta = 3.294355e-05 ; dt = 37069.5 sec
power : iter =    429 ; delta = 3.256640e-05 ; dt = 37156.1 sec
power : iter =    430 ; delta = 3.219429e-05 ; dt = 37242.7 sec
power : iter =    431 ; delta = 3.182687e-05 ; dt = 37329.3 sec
power : iter =    432 ; delta = 3.146273e-05 ; dt = 37415.9 sec
power : iter =    433 ; delta = 3.110336e-05 ; dt = 37502.5 sec
power : iter =    434 ; delta = 3.074866e-05 ; dt = 37589.1 sec
power : iter =    435 ; delta = 3.039757e-05 ; dt = 37675.7 sec
power : iter =    436 ; delta = 3.005058e-05 ; dt = 37762.3 sec
power : iter =    437 ; delta = 2.970802e-05 ; dt = 37849.0 sec
power : iter =    438 ; delta = 2.936908e-05 ; dt = 37935.6 sec
power : iter =    439 ; delta = 2.903453e-05 ; dt = 38022.2 sec
power : iter =    440 ; delta = 2.870383e-05 ; dt = 38108.8 sec
power : iter =    441 ; delta = 2.837660e-05 ; dt = 38195.4 sec
power : iter =    442 ; delta = 2.805363e-05 ; dt = 38282.0 sec
power : iter =    443 ; delta = 2.773469e-05 ; dt = 38368.6 sec
power : iter =    444 ; delta = 2.741867e-05 ; dt = 38455.1 sec
power : iter =    445 ; delta = 2.710670e-05 ; dt = 38541.7 sec
power : iter =    446 ; delta = 2.679877e-05 ; dt = 38628.3 sec
power : iter =    447 ; delta = 2.649406e-05 ; dt = 38714.9 sec
power : iter =    448 ; delta = 2.619282e-05 ; dt = 38801.5 sec
power : iter =    449 ; delta = 2.589537e-05 ; dt = 38888.1 sec
power : iter =    450 ; delta = 2.560113e-05 ; dt = 38974.7 sec
power : iter =    451 ; delta = 2.531059e-05 ; dt = 39061.3 sec
power : iter =    452 ; delta = 2.502328e-05 ; dt = 39147.9 sec
power : iter =    453 ; delta = 2.473913e-05 ; dt = 39234.5 sec
power : iter =    454 ; delta = 2.445860e-05 ; dt = 39321.1 sec
power : iter =    455 ; delta = 2.418154e-05 ; dt = 39407.7 sec
power : iter =    456 ; delta = 2.390708e-05 ; dt = 39494.3 sec
power : iter =    457 ; delta = 2.363607e-05 ; dt = 39580.9 sec
power : iter =    458 ; delta = 2.336848e-05 ; dt = 39667.5 sec
power : iter =    459 ; delta = 2.310376e-05 ; dt = 39754.2 sec
power : iter =    460 ; delta = 2.284196e-05 ; dt = 39840.8 sec
power : iter =    461 ; delta = 2.258348e-05 ; dt = 39927.4 sec
power : iter =    462 ; delta = 2.232788e-05 ; dt = 40014.0 sec
power : iter =    463 ; delta = 2.207544e-05 ; dt = 40100.6 sec
power : iter =    464 ; delta = 2.182585e-05 ; dt = 40187.2 sec
power : iter =    465 ; delta = 2.157901e-05 ; dt = 40273.8 sec
power : iter =    466 ; delta = 2.133523e-05 ; dt = 40360.4 sec
power : iter =    467 ; delta = 2.109444e-05 ; dt = 40447.0 sec
power : iter =    468 ; delta = 2.085596e-05 ; dt = 40533.6 sec
power : iter =    469 ; delta = 2.062054e-05 ; dt = 40620.2 sec
power : iter =    470 ; delta = 2.038800e-05 ; dt = 40706.8 sec
power : iter =    471 ; delta = 2.015798e-05 ; dt = 40793.4 sec
power : iter =    472 ; delta = 1.993060e-05 ; dt = 40880.1 sec
power : iter =    473 ; delta = 1.970592e-05 ; dt = 40966.7 sec
power : iter =    474 ; delta = 1.948373e-05 ; dt = 41053.4 sec
power : iter =    475 ; delta = 1.926433e-05 ; dt = 41140.6 sec
power : iter =    476 ; delta = 1.904727e-05 ; dt = 41228.6 sec
power : iter =    477 ; delta = 1.883263e-05 ; dt = 41315.9 sec
power : iter =    478 ; delta = 1.862072e-05 ; dt = 41402.5 sec
power : iter =    479 ; delta = 1.841128e-05 ; dt = 41489.3 sec
power : iter =    480 ; delta = 1.820388e-05 ; dt = 41575.9 sec
power : iter =    481 ; delta = 1.799912e-05 ; dt = 41662.5 sec
power : iter =    482 ; delta = 1.779685e-05 ; dt = 41749.1 sec
power : iter =    483 ; delta = 1.759678e-05 ; dt = 41835.8 sec
power : iter =    484 ; delta = 1.739897e-05 ; dt = 41922.6 sec
power : iter =    485 ; delta = 1.720351e-05 ; dt = 42009.2 sec
power : iter =    486 ; delta = 1.701024e-05 ; dt = 42095.8 sec
power : iter =    487 ; delta = 1.681937e-05 ; dt = 42182.4 sec
power : iter =    488 ; delta = 1.663053e-05 ; dt = 42269.2 sec
power : iter =    489 ; delta = 1.644381e-05 ; dt = 42355.8 sec
power : iter =    490 ; delta = 1.625945e-05 ; dt = 42442.4 sec
power : iter =    491 ; delta = 1.607723e-05 ; dt = 42529.1 sec
power : iter =    492 ; delta = 1.589681e-05 ; dt = 42615.7 sec
power : iter =    493 ; delta = 1.571863e-05 ; dt = 42702.3 sec
power : iter =    494 ; delta = 1.554260e-05 ; dt = 42788.9 sec
power : iter =    495 ; delta = 1.536852e-05 ; dt = 42875.5 sec
power : iter =    496 ; delta = 1.519636e-05 ; dt = 42962.1 sec
power : iter =    497 ; delta = 1.502625e-05 ; dt = 43048.7 sec
power : iter =    498 ; delta = 1.485808e-05 ; dt = 43135.3 sec
power : iter =    499 ; delta = 1.469197e-05 ; dt = 43221.9 sec
power : iter =    500 ; delta = 1.452749e-05 ; dt = 43308.5 sec
power : iter =    501 ; delta = 1.436503e-05 ; dt = 43395.1 sec
power : iter =    502 ; delta = 1.420454e-05 ; dt = 43481.7 sec
power : iter =    503 ; delta = 1.404590e-05 ; dt = 43568.4 sec
power : iter =    504 ; delta = 1.388889e-05 ; dt = 43655.0 sec
power : iter =    505 ; delta = 1.373375e-05 ; dt = 43741.6 sec
power : iter =    506 ; delta = 1.358047e-05 ; dt = 43828.2 sec
power : iter =    507 ; delta = 1.342894e-05 ; dt = 43914.8 sec
power : iter =    508 ; delta = 1.327900e-05 ; dt = 44001.4 sec
power : iter =    509 ; delta = 1.313083e-05 ; dt = 44088.0 sec
power : iter =    510 ; delta = 1.298439e-05 ; dt = 44174.6 sec
power : iter =    511 ; delta = 1.283966e-05 ; dt = 44261.3 sec
power : iter =    512 ; delta = 1.269645e-05 ; dt = 44349.2 sec
power : iter =    513 ; delta = 1.255492e-05 ; dt = 44436.5 sec
power : iter =    514 ; delta = 1.241508e-05 ; dt = 44523.1 sec
power : iter =    515 ; delta = 1.227684e-05 ; dt = 44609.8 sec
power : iter =    516 ; delta = 1.214003e-05 ; dt = 44696.4 sec
power : iter =    517 ; delta = 1.200483e-05 ; dt = 44783.0 sec
power : iter =    518 ; delta = 1.187125e-05 ; dt = 44869.6 sec
power : iter =    519 ; delta = 1.173919e-05 ; dt = 44956.2 sec
power : iter =    520 ; delta = 1.160851e-05 ; dt = 45042.8 sec
power : iter =    521 ; delta = 1.147935e-05 ; dt = 45129.4 sec
power : iter =    522 ; delta = 1.135171e-05 ; dt = 45216.0 sec
power : iter =    523 ; delta = 1.122554e-05 ; dt = 45302.5 sec
power : iter =    524 ; delta = 1.110069e-05 ; dt = 45389.1 sec
power : iter =    525 ; delta = 1.097730e-05 ; dt = 45475.7 sec
power : iter =    526 ; delta = 1.085537e-05 ; dt = 45562.1 sec
power : iter =    527 ; delta = 1.073483e-05 ; dt = 45648.8 sec
power : iter =    528 ; delta = 1.061554e-05 ; dt = 45735.4 sec
power : iter =    529 ; delta = 1.049761e-05 ; dt = 45822.0 sec
power : iter =    530 ; delta = 1.038111e-05 ; dt = 45908.6 sec
power : iter =    531 ; delta = 1.026595e-05 ; dt = 45995.2 sec
power : iter =    532 ; delta = 1.015198e-05 ; dt = 46081.8 sec
power : iter =    533 ; delta = 1.003933e-05 ; dt = 46168.5 sec
power : iter =    534 ; delta = 9.928015e-06 ; dt = 46255.0 sec
power : iter =    535 ; delta = 9.817960e-06 ; dt = 46341.6 sec
power : iter =    536 ; delta = 9.709060e-06 ; dt = 46428.2 sec
power : iter =    537 ; delta = 9.601431e-06 ; dt = 46514.9 sec
power : iter =    538 ; delta = 9.495060e-06 ; dt = 46601.5 sec
power : iter =    539 ; delta = 9.389905e-06 ; dt = 46688.1 sec
power : iter =    540 ; delta = 9.285845e-06 ; dt = 46774.7 sec
power : iter =    541 ; delta = 9.182986e-06 ; dt = 46861.3 sec
power : iter =    542 ; delta = 9.081351e-06 ; dt = 46947.9 sec
power : iter =    543 ; delta = 8.980883e-06 ; dt = 47034.5 sec
power : iter =    544 ; delta = 8.881438e-06 ; dt = 47121.0 sec
power : iter =    545 ; delta = 8.783153e-06 ; dt = 47207.6 sec
power : iter =    546 ; delta = 8.686032e-06 ; dt = 47294.2 sec
power : iter =    547 ; delta = 8.589998e-06 ; dt = 47380.8 sec
power : iter =    548 ; delta = 8.494972e-06 ; dt = 47467.4 sec
power : iter =    549 ; delta = 8.401063e-06 ; dt = 47555.4 sec
power : iter =    550 ; delta = 8.308236e-06 ; dt = 47642.6 sec
power : iter =    551 ; delta = 8.216461e-06 ; dt = 47729.3 sec
power : iter =    552 ; delta = 8.125653e-06 ; dt = 47815.9 sec
power : iter =    553 ; delta = 8.035879e-06 ; dt = 47902.5 sec
power : iter =    554 ; delta = 7.947173e-06 ; dt = 47989.1 sec
power : iter =    555 ; delta = 7.859486e-06 ; dt = 48075.7 sec
power : iter =    556 ; delta = 7.772683e-06 ; dt = 48162.3 sec
power : iter =    557 ; delta = 7.686894e-06 ; dt = 48248.9 sec
power : iter =    558 ; delta = 7.602125e-06 ; dt = 48335.5 sec
power : iter =    559 ; delta = 7.518300e-06 ; dt = 48422.1 sec
power : iter =    560 ; delta = 7.435356e-06 ; dt = 48508.7 sec
power : iter =    561 ; delta = 7.353390e-06 ; dt = 48595.3 sec
power : iter =    562 ; delta = 7.272358e-06 ; dt = 48682.0 sec
power : iter =    563 ; delta = 7.192245e-06 ; dt = 48768.6 sec
power : iter =    564 ; delta = 7.112976e-06 ; dt = 48855.2 sec
power : iter =    565 ; delta = 7.034606e-06 ; dt = 48941.8 sec
power : iter =    566 ; delta = 6.957165e-06 ; dt = 49028.4 sec
power : iter =    567 ; delta = 6.880617e-06 ; dt = 49115.0 sec
power : iter =    568 ; delta = 6.804834e-06 ; dt = 49201.6 sec
power : iter =    569 ; delta = 6.729934e-06 ; dt = 49288.2 sec
power : iter =    570 ; delta = 6.655931e-06 ; dt = 49374.8 sec
power : iter =    571 ; delta = 6.582741e-06 ; dt = 49461.4 sec
power : iter =    572 ; delta = 6.510316e-06 ; dt = 49548.0 sec
power : iter =    573 ; delta = 6.438746e-06 ; dt = 49634.7 sec
power : iter =    574 ; delta = 6.367985e-06 ; dt = 49721.3 sec
power : iter =    575 ; delta = 6.298025e-06 ; dt = 49807.9 sec
power : iter =    576 ; delta = 6.228801e-06 ; dt = 49894.5 sec
power : iter =    577 ; delta = 6.160299e-06 ; dt = 49981.1 sec
power : iter =    578 ; delta = 6.092660e-06 ; dt = 50067.7 sec
power : iter =    579 ; delta = 6.025800e-06 ; dt = 50154.3 sec
power : iter =    580 ; delta = 5.959607e-06 ; dt = 50240.9 sec
power : iter =    581 ; delta = 5.894182e-06 ; dt = 50327.5 sec
power : iter =    582 ; delta = 5.829535e-06 ; dt = 50414.1 sec
power : iter =    583 ; delta = 5.765592e-06 ; dt = 50500.7 sec
power : iter =    584 ; delta = 5.702316e-06 ; dt = 50587.3 sec
power : iter =    585 ; delta = 5.639786e-06 ; dt = 50676.0 sec
power : iter =    586 ; delta = 5.577959e-06 ; dt = 50763.9 sec
power : iter =    587 ; delta = 5.516833e-06 ; dt = 50850.4 sec
power : iter =    588 ; delta = 5.456349e-06 ; dt = 50937.0 sec
power : iter =    589 ; delta = 5.396543e-06 ; dt = 51023.6 sec
power : iter =    590 ; delta = 5.337439e-06 ; dt = 51110.2 sec
power : iter =    591 ; delta = 5.279018e-06 ; dt = 51196.8 sec
power : iter =    592 ; delta = 5.221168e-06 ; dt = 51283.4 sec
power : iter =    593 ; delta = 5.163990e-06 ; dt = 51370.1 sec
power : iter =    594 ; delta = 5.107489e-06 ; dt = 51456.7 sec
power : iter =    595 ; delta = 5.051599e-06 ; dt = 51543.3 sec
power : iter =    596 ; delta = 4.996290e-06 ; dt = 51629.9 sec
power : iter =    597 ; delta = 4.941639e-06 ; dt = 51716.5 sec
power : iter =    598 ; delta = 4.887591e-06 ; dt = 51803.1 sec
power : iter =    599 ; delta = 4.834149e-06 ; dt = 51889.7 sec
power : iter =    600 ; delta = 4.781275e-06 ; dt = 51976.4 sec
power : iter =    601 ; delta = 4.728986e-06 ; dt = 52063.0 sec
power : iter =    602 ; delta = 4.677309e-06 ; dt = 52149.5 sec
power : iter =    603 ; delta = 4.626231e-06 ; dt = 52236.0 sec
power : iter =    604 ; delta = 4.575648e-06 ; dt = 52322.6 sec
power : iter =    605 ; delta = 4.525652e-06 ; dt = 52409.2 sec
power : iter =    606 ; delta = 4.476233e-06 ; dt = 52495.9 sec
power : iter =    607 ; delta = 4.427358e-06 ; dt = 52582.5 sec
power : iter =    608 ; delta = 4.378992e-06 ; dt = 52669.0 sec
power : iter =    609 ; delta = 4.331199e-06 ; dt = 52755.7 sec
power : iter =    610 ; delta = 4.283932e-06 ; dt = 52842.4 sec
power : iter =    611 ; delta = 4.237197e-06 ; dt = 52929.0 sec
power : iter =    612 ; delta = 4.190954e-06 ; dt = 53015.6 sec
power : iter =    613 ; delta = 4.145220e-06 ; dt = 53102.2 sec
power : iter =    614 ; delta = 4.100021e-06 ; dt = 53188.9 sec
power : iter =    615 ; delta = 4.055344e-06 ; dt = 53275.7 sec
power : iter =    616 ; delta = 4.011099e-06 ; dt = 53362.3 sec
power : iter =    617 ; delta = 3.967365e-06 ; dt = 53448.9 sec
power : iter =    618 ; delta = 3.924150e-06 ; dt = 53535.5 sec
power : iter =    619 ; delta = 3.881395e-06 ; dt = 53622.2 sec
power : iter =    620 ; delta = 3.839087e-06 ; dt = 53708.8 sec
power : iter =    621 ; delta = 3.797279e-06 ; dt = 53796.1 sec
power : iter =    622 ; delta = 3.755931e-06 ; dt = 53884.1 sec
power : iter =    623 ; delta = 3.715048e-06 ; dt = 53970.6 sec
power : iter =    624 ; delta = 3.674604e-06 ; dt = 54057.3 sec
power : iter =    625 ; delta = 3.634603e-06 ; dt = 54143.9 sec
power : iter =    626 ; delta = 3.595074e-06 ; dt = 54230.5 sec
power : iter =    627 ; delta = 3.556006e-06 ; dt = 54317.2 sec
power : iter =    628 ; delta = 3.517308e-06 ; dt = 54403.8 sec
power : iter =    629 ; delta = 3.479059e-06 ; dt = 54490.4 sec
power : iter =    630 ; delta = 3.441269e-06 ; dt = 54577.0 sec
power : iter =    631 ; delta = 3.403868e-06 ; dt = 54663.6 sec
power : iter =    632 ; delta = 3.366860e-06 ; dt = 54750.2 sec
power : iter =    633 ; delta = 3.330297e-06 ; dt = 54836.8 sec
power : iter =    634 ; delta = 3.294121e-06 ; dt = 54923.4 sec
power : iter =    635 ; delta = 3.258352e-06 ; dt = 55010.0 sec
power : iter =    636 ; delta = 3.222970e-06 ; dt = 55096.6 sec
power : iter =    637 ; delta = 3.187960e-06 ; dt = 55183.3 sec
power : iter =    638 ; delta = 3.153363e-06 ; dt = 55269.9 sec
power : iter =    639 ; delta = 3.119170e-06 ; dt = 55356.5 sec
power : iter =    640 ; delta = 3.085296e-06 ; dt = 55443.1 sec
power : iter =    641 ; delta = 3.051814e-06 ; dt = 55529.7 sec
power : iter =    642 ; delta = 3.018736e-06 ; dt = 55616.1 sec
power : iter =    643 ; delta = 2.985996e-06 ; dt = 55702.8 sec
power : iter =    644 ; delta = 2.953599e-06 ; dt = 55789.4 sec
power : iter =    645 ; delta = 2.921593e-06 ; dt = 55876.0 sec
power : iter =    646 ; delta = 2.889927e-06 ; dt = 55962.6 sec
power : iter =    647 ; delta = 2.858615e-06 ; dt = 56049.2 sec
power : iter =    648 ; delta = 2.827643e-06 ; dt = 56135.8 sec
power : iter =    649 ; delta = 2.796995e-06 ; dt = 56222.4 sec
power : iter =    650 ; delta = 2.766707e-06 ; dt = 56309.0 sec
power : iter =    651 ; delta = 2.736773e-06 ; dt = 56395.6 sec
power : iter =    652 ; delta = 2.707117e-06 ; dt = 56482.2 sec
power : iter =    653 ; delta = 2.677802e-06 ; dt = 56568.9 sec
power : iter =    654 ; delta = 2.648819e-06 ; dt = 56655.3 sec
power : iter =    655 ; delta = 2.620152e-06 ; dt = 56742.0 sec
power : iter =    656 ; delta = 2.591784e-06 ; dt = 56828.6 sec
power : iter =    657 ; delta = 2.563757e-06 ; dt = 56915.8 sec
power : iter =    658 ; delta = 2.536024e-06 ; dt = 57003.8 sec
power : iter =    659 ; delta = 2.508602e-06 ; dt = 57091.8 sec
power : iter =    660 ; delta = 2.481477e-06 ; dt = 57178.4 sec
power : iter =    661 ; delta = 2.454635e-06 ; dt = 57265.0 sec
power : iter =    662 ; delta = 2.428105e-06 ; dt = 57351.6 sec
power : iter =    663 ; delta = 2.401887e-06 ; dt = 57438.2 sec
power : iter =    664 ; delta = 2.375913e-06 ; dt = 57524.8 sec
power : iter =    665 ; delta = 2.350237e-06 ; dt = 57611.4 sec
power : iter =    666 ; delta = 2.324870e-06 ; dt = 57698.0 sec
power : iter =    667 ; delta = 2.299759e-06 ; dt = 57784.6 sec
power : iter =    668 ; delta = 2.274910e-06 ; dt = 57871.1 sec
power : iter =    669 ; delta = 2.250359e-06 ; dt = 57957.8 sec
power : iter =    670 ; delta = 2.226066e-06 ; dt = 58044.4 sec
power : iter =    671 ; delta = 2.202042e-06 ; dt = 58131.0 sec
power : iter =    672 ; delta = 2.178278e-06 ; dt = 58217.6 sec
power : iter =    673 ; delta = 2.154761e-06 ; dt = 58304.2 sec
power : iter =    674 ; delta = 2.131519e-06 ; dt = 58390.9 sec
power : iter =    675 ; delta = 2.108547e-06 ; dt = 58477.6 sec
power : iter =    676 ; delta = 2.085784e-06 ; dt = 58564.3 sec
power : iter =    677 ; delta = 2.063284e-06 ; dt = 58651.0 sec
power : iter =    678 ; delta = 2.041055e-06 ; dt = 58737.7 sec
power : iter =    679 ; delta = 2.019051e-06 ; dt = 58824.5 sec
power : iter =    680 ; delta = 1.997276e-06 ; dt = 58911.2 sec
power : iter =    681 ; delta = 1.975763e-06 ; dt = 58997.8 sec
power : iter =    682 ; delta = 1.954475e-06 ; dt = 59084.5 sec
power : iter =    683 ; delta = 1.933416e-06 ; dt = 59171.2 sec
power : iter =    684 ; delta = 1.912592e-06 ; dt = 59257.9 sec
power : iter =    685 ; delta = 1.891984e-06 ; dt = 59344.6 sec
power : iter =    686 ; delta = 1.871615e-06 ; dt = 59431.3 sec
power : iter =    687 ; delta = 1.851484e-06 ; dt = 59518.0 sec
power : iter =    688 ; delta = 1.831539e-06 ; dt = 59604.7 sec
power : iter =    689 ; delta = 1.811821e-06 ; dt = 59691.4 sec
power : iter =    690 ; delta = 1.792339e-06 ; dt = 59778.1 sec
power : iter =    691 ; delta = 1.773053e-06 ; dt = 59864.8 sec
power : iter =    692 ; delta = 1.753968e-06 ; dt = 59951.5 sec
power : iter =    693 ; delta = 1.735111e-06 ; dt = 60038.2 sec
power : iter =    694 ; delta = 1.716451e-06 ; dt = 60124.9 sec
power : iter =    695 ; delta = 1.697996e-06 ; dt = 60211.6 sec
power : iter =    696 ; delta = 1.679741e-06 ; dt = 60298.3 sec
power : iter =    697 ; delta = 1.661675e-06 ; dt = 60385.0 sec
power : iter =    698 ; delta = 1.643819e-06 ; dt = 60471.7 sec
power : iter =    699 ; delta = 1.626171e-06 ; dt = 60558.4 sec
power : iter =    700 ; delta = 1.608686e-06 ; dt = 60645.1 sec
power : iter =    701 ; delta = 1.591399e-06 ; dt = 60731.8 sec
power : iter =    702 ; delta = 1.574319e-06 ; dt = 60818.5 sec
power : iter =    703 ; delta = 1.557410e-06 ; dt = 60905.2 sec
power : iter =    704 ; delta = 1.540677e-06 ; dt = 60991.9 sec
power : iter =    705 ; delta = 1.524143e-06 ; dt = 61078.7 sec
power : iter =    706 ; delta = 1.507780e-06 ; dt = 61165.4 sec
power : iter =    707 ; delta = 1.491598e-06 ; dt = 61252.0 sec
power : iter =    708 ; delta = 1.475590e-06 ; dt = 61338.7 sec
power : iter =    709 ; delta = 1.459748e-06 ; dt = 61425.5 sec
power : iter =    710 ; delta = 1.444088e-06 ; dt = 61512.2 sec
power : iter =    711 ; delta = 1.428611e-06 ; dt = 61598.9 sec
power : iter =    712 ; delta = 1.413279e-06 ; dt = 61685.6 sec
power : iter =    713 ; delta = 1.398120e-06 ; dt = 61772.3 sec
power : iter =    714 ; delta = 1.383143e-06 ; dt = 61859.0 sec
power : iter =    715 ; delta = 1.368315e-06 ; dt = 61945.7 sec
power : iter =    716 ; delta = 1.353641e-06 ; dt = 62032.4 sec
power : iter =    717 ; delta = 1.339142e-06 ; dt = 62119.1 sec
power : iter =    718 ; delta = 1.324793e-06 ; dt = 62205.8 sec
power : iter =    719 ; delta = 1.310601e-06 ; dt = 62292.5 sec
power : iter =    720 ; delta = 1.296563e-06 ; dt = 62379.2 sec
power : iter =    721 ; delta = 1.282670e-06 ; dt = 62465.9 sec
power : iter =    722 ; delta = 1.268938e-06 ; dt = 62552.6 sec
power : iter =    723 ; delta = 1.255365e-06 ; dt = 62639.3 sec
power : iter =    724 ; delta = 1.241917e-06 ; dt = 62726.0 sec
power : iter =    725 ; delta = 1.228621e-06 ; dt = 62812.7 sec
power : iter =    726 ; delta = 1.215484e-06 ; dt = 62899.4 sec
power : iter =    727 ; delta = 1.202479e-06 ; dt = 62986.1 sec
power : iter =    728 ; delta = 1.189607e-06 ; dt = 63072.8 sec
power : iter =    729 ; delta = 1.176889e-06 ; dt = 63159.5 sec
power : iter =    730 ; delta = 1.164303e-06 ; dt = 63246.2 sec
power : iter =    731 ; delta = 1.151845e-06 ; dt = 63332.9 sec
power : iter =    732 ; delta = 1.139530e-06 ; dt = 63419.6 sec
power : iter =    733 ; delta = 1.127343e-06 ; dt = 63506.3 sec
power : iter =    734 ; delta = 1.115294e-06 ; dt = 63593.0 sec
power : iter =    735 ; delta = 1.103385e-06 ; dt = 63679.7 sec
power : iter =    736 ; delta = 1.091585e-06 ; dt = 63766.5 sec
power : iter =    737 ; delta = 1.079917e-06 ; dt = 63853.2 sec
power : iter =    738 ; delta = 1.068389e-06 ; dt = 63939.9 sec
power : iter =    739 ; delta = 1.056974e-06 ; dt = 64026.6 sec
power : iter =    740 ; delta = 1.045677e-06 ; dt = 64113.3 sec
power : iter =    741 ; delta = 1.034515e-06 ; dt = 64200.1 sec
power : iter =    742 ; delta = 1.023469e-06 ; dt = 64286.8 sec
power : iter =    743 ; delta = 1.012542e-06 ; dt = 64373.5 sec
power : iter =    744 ; delta = 1.001734e-06 ; dt = 64460.2 sec
power : iter =    745 ; delta = 9.910371e-07 ; dt = 64547.1 sec
power : iter =    746 ; delta = 9.804614e-07 ; dt = 64633.8 sec
power : iter =    747 ; delta = 9.700085e-07 ; dt = 64720.5 sec
power : iter =    748 ; delta = 9.596516e-07 ; dt = 64807.3 sec
power : iter =    749 ; delta = 9.494104e-07 ; dt = 64894.0 sec
power : iter =    750 ; delta = 9.392910e-07 ; dt = 64980.8 sec
power : iter =    751 ; delta = 9.292727e-07 ; dt = 65067.5 sec
power : iter =    752 ; delta = 9.193573e-07 ; dt = 65154.2 sec
power : iter =    753 ; delta = 9.095593e-07 ; dt = 65240.9 sec
power : iter =    754 ; delta = 8.998628e-07 ; dt = 65327.6 sec
power : iter =    755 ; delta = 8.902714e-07 ; dt = 65414.4 sec
power : iter =    756 ; delta = 8.807836e-07 ; dt = 65501.0 sec
power : iter =    757 ; delta = 8.713936e-07 ; dt = 65587.7 sec
power : iter =    758 ; delta = 8.621092e-07 ; dt = 65674.4 sec
power : iter =    759 ; delta = 8.529329e-07 ; dt = 65761.2 sec
power : iter =    760 ; delta = 8.438375e-07 ; dt = 65847.8 sec
power : iter =    761 ; delta = 8.348466e-07 ; dt = 65934.5 sec
power : iter =    762 ; delta = 8.259624e-07 ; dt = 66021.2 sec
power : iter =    763 ; delta = 8.171665e-07 ; dt = 66107.9 sec
power : iter =    764 ; delta = 8.084604e-07 ; dt = 66194.7 sec
power : iter =    765 ; delta = 7.998591e-07 ; dt = 66281.4 sec
power : iter =    766 ; delta = 7.913441e-07 ; dt = 66368.1 sec
power : iter =    767 ; delta = 7.829222e-07 ; dt = 66454.7 sec
power : iter =    768 ; delta = 7.745912e-07 ; dt = 66541.5 sec
power : iter =    769 ; delta = 7.663453e-07 ; dt = 66628.9 sec
power : iter =    770 ; delta = 7.581921e-07 ; dt = 66715.6 sec
power : iter =    771 ; delta = 7.501344e-07 ; dt = 66802.2 sec
power : iter =    772 ; delta = 7.421489e-07 ; dt = 66888.9 sec
power : iter =    773 ; delta = 7.342533e-07 ; dt = 66975.6 sec
power : iter =    774 ; delta = 7.264510e-07 ; dt = 67062.3 sec
power : iter =    775 ; delta = 7.187258e-07 ; dt = 67149.1 sec
power : iter =    776 ; delta = 7.110794e-07 ; dt = 67235.8 sec
power : iter =    777 ; delta = 7.035251e-07 ; dt = 67322.5 sec
power : iter =    778 ; delta = 6.960465e-07 ; dt = 67409.2 sec
power : iter =    779 ; delta = 6.886496e-07 ; dt = 67495.9 sec
power : iter =    780 ; delta = 6.813324e-07 ; dt = 67582.4 sec
power : iter =    781 ; delta = 6.740899e-07 ; dt = 67669.2 sec
power : iter =    782 ; delta = 6.669286e-07 ; dt = 67755.9 sec
power : iter =    783 ; delta = 6.598511e-07 ; dt = 67842.6 sec
power : iter =    784 ; delta = 6.528368e-07 ; dt = 67929.3 sec
power : iter =    785 ; delta = 6.459021e-07 ; dt = 68016.0 sec
power : iter =    786 ; delta = 6.390493e-07 ; dt = 68102.7 sec
power : iter =    787 ; delta = 6.322634e-07 ; dt = 68189.3 sec
power : iter =    788 ; delta = 6.255473e-07 ; dt = 68276.0 sec
power : iter =    789 ; delta = 6.189120e-07 ; dt = 68362.7 sec
power : iter =    790 ; delta = 6.123426e-07 ; dt = 68449.4 sec
power : iter =    791 ; delta = 6.058450e-07 ; dt = 68536.1 sec
power : iter =    792 ; delta = 5.994172e-07 ; dt = 68622.7 sec
power : iter =    793 ; delta = 5.930550e-07 ; dt = 68709.4 sec
power : iter =    794 ; delta = 5.867639e-07 ; dt = 68796.1 sec
power : iter =    795 ; delta = 5.805464e-07 ; dt = 68882.8 sec
power : iter =    796 ; delta = 5.743844e-07 ; dt = 68969.5 sec
power : iter =    797 ; delta = 5.682917e-07 ; dt = 69056.2 sec
power : iter =    798 ; delta = 5.622705e-07 ; dt = 69142.9 sec
power : iter =    799 ; delta = 5.563087e-07 ; dt = 69229.6 sec
power : iter =    800 ; delta = 5.504075e-07 ; dt = 69316.3 sec
power : iter =    801 ; delta = 5.445770e-07 ; dt = 69403.0 sec
power : iter =    802 ; delta = 5.388044e-07 ; dt = 69489.7 sec
power : iter =    803 ; delta = 5.330948e-07 ; dt = 69576.4 sec
power : iter =    804 ; delta = 5.274465e-07 ; dt = 69663.1 sec
power : iter =    805 ; delta = 5.218558e-07 ; dt = 69749.8 sec
power : iter =    806 ; delta = 5.163272e-07 ; dt = 69836.5 sec
power : iter =    807 ; delta = 5.108633e-07 ; dt = 69923.2 sec
power : iter =    808 ; delta = 5.054446e-07 ; dt = 70009.9 sec
power : iter =    809 ; delta = 5.000902e-07 ; dt = 70096.7 sec
power : iter =    810 ; delta = 4.947986e-07 ; dt = 70183.4 sec
power : iter =    811 ; delta = 4.895591e-07 ; dt = 70270.1 sec
power : iter =    812 ; delta = 4.843728e-07 ; dt = 70356.8 sec
power : iter =    813 ; delta = 4.792486e-07 ; dt = 70443.5 sec
power : iter =    814 ; delta = 4.741750e-07 ; dt = 70530.2 sec
power : iter =    815 ; delta = 4.691568e-07 ; dt = 70616.9 sec
power : iter =    816 ; delta = 4.641925e-07 ; dt = 70703.6 sec
power : iter =    817 ; delta = 4.592785e-07 ; dt = 70790.3 sec
power : iter =    818 ; delta = 4.544193e-07 ; dt = 70877.0 sec
power : iter =    819 ; delta = 4.496166e-07 ; dt = 70963.7 sec
power : iter =    820 ; delta = 4.448567e-07 ; dt = 71050.4 sec
power : iter =    821 ; delta = 4.401502e-07 ; dt = 71137.1 sec
power : iter =    822 ; delta = 4.354987e-07 ; dt = 71223.8 sec
power : iter =    823 ; delta = 4.308929e-07 ; dt = 71310.5 sec
power : iter =    824 ; delta = 4.263338e-07 ; dt = 71397.2 sec
power : iter =    825 ; delta = 4.218294e-07 ; dt = 71483.9 sec
power : iter =    826 ; delta = 4.173693e-07 ; dt = 71570.5 sec
power : iter =    827 ; delta = 4.129577e-07 ; dt = 71657.3 sec
power : iter =    828 ; delta = 4.085936e-07 ; dt = 71744.0 sec
power : iter =    829 ; delta = 4.042736e-07 ; dt = 71830.7 sec
power : iter =    830 ; delta = 4.000012e-07 ; dt = 71917.4 sec
power : iter =    831 ; delta = 3.957789e-07 ; dt = 72004.1 sec
power : iter =    832 ; delta = 3.915942e-07 ; dt = 72090.8 sec
power : iter =    833 ; delta = 3.874565e-07 ; dt = 72177.5 sec
power : iter =    834 ; delta = 3.833672e-07 ; dt = 72264.2 sec
power : iter =    835 ; delta = 3.793178e-07 ; dt = 72350.9 sec
power : iter =    836 ; delta = 3.753096e-07 ; dt = 72437.6 sec
power : iter =    837 ; delta = 3.713482e-07 ; dt = 72524.3 sec
power : iter =    838 ; delta = 3.674270e-07 ; dt = 72611.0 sec
power : iter =    839 ; delta = 3.635485e-07 ; dt = 72697.8 sec
power : iter =    840 ; delta = 3.597118e-07 ; dt = 72784.3 sec
power : iter =    841 ; delta = 3.559140e-07 ; dt = 72871.0 sec
power : iter =    842 ; delta = 3.521591e-07 ; dt = 72957.7 sec
power : iter =    843 ; delta = 3.484477e-07 ; dt = 73044.4 sec
power : iter =    844 ; delta = 3.447695e-07 ; dt = 73131.1 sec
power : iter =    845 ; delta = 3.411326e-07 ; dt = 73217.8 sec
power : iter =    846 ; delta = 3.375384e-07 ; dt = 73304.5 sec
power : iter =    847 ; delta = 3.339795e-07 ; dt = 73391.2 sec
power : iter =    848 ; delta = 3.304572e-07 ; dt = 73477.9 sec
power : iter =    849 ; delta = 3.269769e-07 ; dt = 73564.7 sec
power : iter =    850 ; delta = 3.235308e-07 ; dt = 73651.3 sec
power : iter =    851 ; delta = 3.201220e-07 ; dt = 73738.0 sec
power : iter =    852 ; delta = 3.167499e-07 ; dt = 73824.7 sec
power : iter =    853 ; delta = 3.134117e-07 ; dt = 73911.5 sec
power : iter =    854 ; delta = 3.101105e-07 ; dt = 73998.2 sec
power : iter =    855 ; delta = 3.068474e-07 ; dt = 74084.9 sec
power : iter =    856 ; delta = 3.036133e-07 ; dt = 74171.6 sec
power : iter =    857 ; delta = 3.004153e-07 ; dt = 74258.3 sec
power : iter =    858 ; delta = 2.972545e-07 ; dt = 74345.0 sec
power : iter =    859 ; delta = 2.941243e-07 ; dt = 74431.7 sec
power : iter =    860 ; delta = 2.910261e-07 ; dt = 74518.4 sec
power : iter =    861 ; delta = 2.879646e-07 ; dt = 74605.1 sec
power : iter =    862 ; delta = 2.849331e-07 ; dt = 74691.8 sec
power : iter =    863 ; delta = 2.819344e-07 ; dt = 74778.6 sec
power : iter =    864 ; delta = 2.789676e-07 ; dt = 74865.4 sec
power : iter =    865 ; delta = 2.760310e-07 ; dt = 74952.1 sec
power : iter =    866 ; delta = 2.731270e-07 ; dt = 75038.8 sec
power : iter =    867 ; delta = 2.702565e-07 ; dt = 75125.5 sec
power : iter =    868 ; delta = 2.674116e-07 ; dt = 75212.2 sec
power : iter =    869 ; delta = 2.645982e-07 ; dt = 75299.0 sec
power : iter =    870 ; delta = 2.618176e-07 ; dt = 75385.8 sec
power : iter =    871 ; delta = 2.590639e-07 ; dt = 75472.5 sec
power : iter =    872 ; delta = 2.563383e-07 ; dt = 75559.3 sec
power : iter =    873 ; delta = 2.536449e-07 ; dt = 75646.1 sec
power : iter =    874 ; delta = 2.509779e-07 ; dt = 75732.6 sec
power : iter =    875 ; delta = 2.483396e-07 ; dt = 75819.4 sec
power : iter =    876 ; delta = 2.457297e-07 ; dt = 75906.2 sec
power : iter =    877 ; delta = 2.431459e-07 ; dt = 75993.1 sec
power : iter =    878 ; delta = 2.405906e-07 ; dt = 76079.8 sec
power : iter =    879 ; delta = 2.380649e-07 ; dt = 76166.5 sec
power : iter =    880 ; delta = 2.355615e-07 ; dt = 76253.3 sec
power : iter =    881 ; delta = 2.330860e-07 ; dt = 76340.1 sec
power : iter =    882 ; delta = 2.306392e-07 ; dt = 76427.0 sec
power : iter =    883 ; delta = 2.282160e-07 ; dt = 76513.7 sec
power : iter =    884 ; delta = 2.258176e-07 ; dt = 76600.5 sec
power : iter =    885 ; delta = 2.234462e-07 ; dt = 76687.2 sec
power : iter =    886 ; delta = 2.210994e-07 ; dt = 76774.1 sec
power : iter =    887 ; delta = 2.187778e-07 ; dt = 76860.9 sec
power : iter =    888 ; delta = 2.164813e-07 ; dt = 76947.6 sec
power : iter =    889 ; delta = 2.142076e-07 ; dt = 77034.4 sec
power : iter =    890 ; delta = 2.119591e-07 ; dt = 77121.1 sec
power : iter =    891 ; delta = 2.097364e-07 ; dt = 77208.0 sec
power : iter =    892 ; delta = 2.075335e-07 ; dt = 77294.7 sec
power : iter =    893 ; delta = 2.053550e-07 ; dt = 77381.5 sec
power : iter =    894 ; delta = 2.032017e-07 ; dt = 77468.2 sec
power : iter =    895 ; delta = 2.010692e-07 ; dt = 77554.9 sec
power : iter =    896 ; delta = 1.989585e-07 ; dt = 77641.6 sec
power : iter =    897 ; delta = 1.968733e-07 ; dt = 77728.4 sec
power : iter =    898 ; delta = 1.948078e-07 ; dt = 77815.2 sec
power : iter =    899 ; delta = 1.927641e-07 ; dt = 77901.9 sec
power : iter =    900 ; delta = 1.907432e-07 ; dt = 77988.6 sec
power : iter =    901 ; delta = 1.887427e-07 ; dt = 78075.4 sec
power : iter =    902 ; delta = 1.867635e-07 ; dt = 78162.1 sec
power : iter =    903 ; delta = 1.848068e-07 ; dt = 78248.9 sec
power : iter =    904 ; delta = 1.828681e-07 ; dt = 78335.6 sec
power : iter =    905 ; delta = 1.809512e-07 ; dt = 78422.4 sec
power : iter =    906 ; delta = 1.790558e-07 ; dt = 78509.1 sec
power : iter =    907 ; delta = 1.771782e-07 ; dt = 78595.9 sec
power : iter =    908 ; delta = 1.753206e-07 ; dt = 78682.6 sec
power : iter =    909 ; delta = 1.734852e-07 ; dt = 78769.4 sec
power : iter =    910 ; delta = 1.716670e-07 ; dt = 78856.1 sec
power : iter =    911 ; delta = 1.698682e-07 ; dt = 78942.9 sec
power : iter =    912 ; delta = 1.680891e-07 ; dt = 79029.6 sec
power : iter =    913 ; delta = 1.663282e-07 ; dt = 79116.3 sec
power : iter =    914 ; delta = 1.645856e-07 ; dt = 79203.1 sec
power : iter =    915 ; delta = 1.628632e-07 ; dt = 79289.8 sec
power : iter =    916 ; delta = 1.611567e-07 ; dt = 79376.5 sec
power : iter =    917 ; delta = 1.594693e-07 ; dt = 79463.3 sec
power : iter =    918 ; delta = 1.578009e-07 ; dt = 79550.0 sec
power : iter =    919 ; delta = 1.561482e-07 ; dt = 79636.7 sec
power : iter =    920 ; delta = 1.545129e-07 ; dt = 79723.5 sec
power : iter =    921 ; delta = 1.528971e-07 ; dt = 79810.2 sec
power : iter =    922 ; delta = 1.512964e-07 ; dt = 79897.0 sec
power : iter =    923 ; delta = 1.497126e-07 ; dt = 79983.7 sec
power : iter =    924 ; delta = 1.481464e-07 ; dt = 80070.4 sec
power : iter =    925 ; delta = 1.465959e-07 ; dt = 80157.2 sec
power : iter =    926 ; delta = 1.450620e-07 ; dt = 80243.9 sec
power : iter =    927 ; delta = 1.435453e-07 ; dt = 80330.6 sec
power : iter =    928 ; delta = 1.420427e-07 ; dt = 80417.4 sec
power : iter =    929 ; delta = 1.405568e-07 ; dt = 80504.1 sec
power : iter =    930 ; delta = 1.390877e-07 ; dt = 80590.9 sec
power : iter =    931 ; delta = 1.376323e-07 ; dt = 80677.6 sec
power : iter =    932 ; delta = 1.361923e-07 ; dt = 80764.4 sec
power : iter =    933 ; delta = 1.347694e-07 ; dt = 80851.1 sec
power : iter =    934 ; delta = 1.333599e-07 ; dt = 80937.8 sec
power : iter =    935 ; delta = 1.319651e-07 ; dt = 81024.5 sec
power : iter =    936 ; delta = 1.305859e-07 ; dt = 81111.3 sec
power : iter =    937 ; delta = 1.292204e-07 ; dt = 81198.0 sec
power : iter =    938 ; delta = 1.278696e-07 ; dt = 81284.7 sec
power : iter =    939 ; delta = 1.265339e-07 ; dt = 81371.5 sec
power : iter =    940 ; delta = 1.252106e-07 ; dt = 81458.2 sec
power : iter =    941 ; delta = 1.239020e-07 ; dt = 81545.0 sec
power : iter =    942 ; delta = 1.226082e-07 ; dt = 81631.7 sec
power : iter =    943 ; delta = 1.213264e-07 ; dt = 81718.4 sec
power : iter =    944 ; delta = 1.200582e-07 ; dt = 81805.2 sec
power : iter =    945 ; delta = 1.188051e-07 ; dt = 81891.9 sec
power : iter =    946 ; delta = 1.175636e-07 ; dt = 81978.7 sec
power : iter =    947 ; delta = 1.163352e-07 ; dt = 82065.5 sec
power : iter =    948 ; delta = 1.151205e-07 ; dt = 82152.3 sec
power : iter =    949 ; delta = 1.139179e-07 ; dt = 82239.0 sec
power : iter =    950 ; delta = 1.127281e-07 ; dt = 82325.7 sec
power : iter =    951 ; delta = 1.115517e-07 ; dt = 82412.4 sec
power : iter =    952 ; delta = 1.103862e-07 ; dt = 82499.2 sec
power : iter =    953 ; delta = 1.092336e-07 ; dt = 82586.0 sec
power : iter =    954 ; delta = 1.080939e-07 ; dt = 82672.7 sec
power : iter =    955 ; delta = 1.069649e-07 ; dt = 82759.4 sec
power : iter =    956 ; delta = 1.058479e-07 ; dt = 82846.2 sec
power : iter =    957 ; delta = 1.047440e-07 ; dt = 82932.9 sec
power : iter =    958 ; delta = 1.036505e-07 ; dt = 83019.6 sec
power : iter =    959 ; delta = 1.025685e-07 ; dt = 83106.4 sec
power : iter =    960 ; delta = 1.014985e-07 ; dt = 83193.1 sec
power : iter =    961 ; delta = 1.004391e-07 ; dt = 83279.9 sec
power : iter =    962 ; delta = 9.939053e-08 ; dt = 83366.6 sec
power : solved pagerank(a=0.9900) in   962 mults to 1.000000e-07 tol
output norm: 9.9999999999999989e-01
real 83371.19
user 83366.99
sys 4.25
