Parameters: 
   graphfile = /var/tmp/dgleich/data/sk-2005
      output = none
         alg = inout
       alpha = 0.99
         tol = 1e-07
       maxit = 10000

nodes = 50636154
edges = 1949412601
inout(0.9900,0.5000,1.000000e-02) with tol=1.000000e-07 and maxit= 10000 iterations
inout (outer) : iter =      5 ; odelta = 3.229728e-01 ; dt =   310.9
inout (outer) : iter =      8 ; odelta = 1.153052e-01 ; dt =   499.3
inout (outer) : iter =     11 ; odelta = 6.670141e-02 ; dt =   687.8
inout (outer) : iter =     14 ; odelta = 4.819787e-02 ; dt =   874.3
inout (outer) : iter =     16 ; odelta = 3.901355e-02 ; dt =   999.7
inout (outer) : iter =     18 ; odelta = 3.281311e-02 ; dt =  1124.4
inout (outer) : iter =     20 ; odelta = 2.834606e-02 ; dt =  1249.1
inout (outer) : iter =     22 ; odelta = 2.494401e-02 ; dt =  1375.2
inout (outer) : iter =     24 ; odelta = 2.221415e-02 ; dt =  1500.6
inout (outer) : iter =     26 ; odelta = 1.997004e-02 ; dt =  1625.9
inout (outer) : iter =     27 ; odelta = 1.868479e-02 ; dt =  1688.8
inout (outer) : iter =     28 ; odelta = 1.754980e-02 ; dt =  1752.4
inout (outer) : iter =     29 ; odelta = 1.653710e-02 ; dt =  1815.9
inout (outer) : iter =     30 ; odelta = 1.562237e-02 ; dt =  1878.8
inout (outer) : iter =     31 ; odelta = 1.478985e-02 ; dt =  1942.3
inout (outer) : iter =     32 ; odelta = 1.402966e-02 ; dt =  2005.8
inout (outer) : iter =     33 ; odelta = 1.333930e-02 ; dt =  2068.7
inout (outer) : iter =     34 ; odelta = 1.271117e-02 ; dt =  2132.0
inout (outer) : iter =     35 ; odelta = 1.213336e-02 ; dt =  2195.0
inout (outer) : iter =     36 ; odelta = 1.159698e-02 ; dt =  2258.6
inout (outer) : iter =     37 ; odelta = 1.109723e-02 ; dt =  2321.5
inout (outer) : iter =     38 ; odelta = 1.063009e-02 ; dt =  2384.3
inout (outer) : iter =     39 ; odelta = 1.019346e-02 ; dt =  2447.2
inout (outer) : iter =     40 ; odelta = 9.784596e-03 ; dt =  2510.1
inout (power) : iter =     41 ; delta = 9.400801e-03 ; dt =  2572.4
inout (power) : iter =     42 ; delta = 9.038671e-03 ; dt =  2633.7
inout (power) : iter =     43 ; delta = 8.696763e-03 ; dt =  2695.1
inout (power) : iter =     44 ; delta = 8.374403e-03 ; dt =  2756.4
inout (power) : iter =     45 ; delta = 8.069964e-03 ; dt =  2818.4
inout (power) : iter =     46 ; delta = 7.781271e-03 ; dt =  2880.4
inout (power) : iter =     47 ; delta = 7.507099e-03 ; dt =  2941.8
inout (power) : iter =     48 ; delta = 7.248173e-03 ; dt =  3003.1
inout (power) : iter =     49 ; delta = 7.005032e-03 ; dt =  3065.1
inout (power) : iter =     50 ; delta = 6.775543e-03 ; dt =  3127.1
inout (power) : iter =     51 ; delta = 6.559172e-03 ; dt =  3188.5
inout (power) : iter =     52 ; delta = 6.354582e-03 ; dt =  3249.8
inout (power) : iter =     53 ; delta = 6.161250e-03 ; dt =  3311.1
inout (power) : iter =     54 ; delta = 5.976825e-03 ; dt =  3372.5
inout (power) : iter =     55 ; delta = 5.803340e-03 ; dt =  3433.8
inout (power) : iter =     56 ; delta = 5.637907e-03 ; dt =  3495.2
inout (power) : iter =     57 ; delta = 5.480853e-03 ; dt =  3556.5
inout (power) : iter =     58 ; delta = 5.332294e-03 ; dt =  3619.2
inout (power) : iter =     59 ; delta = 5.194561e-03 ; dt =  3680.5
inout (power) : iter =     60 ; delta = 5.065776e-03 ; dt =  3742.5
inout (power) : iter =     61 ; delta = 4.944284e-03 ; dt =  3803.9
inout (power) : iter =     62 ; delta = 4.827245e-03 ; dt =  3865.2
inout (power) : iter =     63 ; delta = 4.714005e-03 ; dt =  3926.6
inout (power) : iter =     64 ; delta = 4.604410e-03 ; dt =  3987.9
inout (power) : iter =     65 ; delta = 4.498315e-03 ; dt =  4049.2
inout (power) : iter =     66 ; delta = 4.395529e-03 ; dt =  4110.6
inout (power) : iter =     67 ; delta = 4.295904e-03 ; dt =  4171.9
inout (power) : iter =     68 ; delta = 4.199418e-03 ; dt =  4233.2
inout (power) : iter =     69 ; delta = 4.106065e-03 ; dt =  4294.6
inout (power) : iter =     70 ; delta = 4.015550e-03 ; dt =  4356.6
inout (power) : iter =     71 ; delta = 3.928114e-03 ; dt =  4418.6
inout (power) : iter =     72 ; delta = 3.843305e-03 ; dt =  4479.9
inout (power) : iter =     73 ; delta = 3.760867e-03 ; dt =  4541.2
inout (power) : iter =     74 ; delta = 3.680809e-03 ; dt =  4603.2
inout (power) : iter =     75 ; delta = 3.602883e-03 ; dt =  4664.6
inout (power) : iter =     76 ; delta = 3.527000e-03 ; dt =  4725.9
inout (power) : iter =     77 ; delta = 3.453152e-03 ; dt =  4787.3
inout (power) : iter =     78 ; delta = 3.381288e-03 ; dt =  4848.6
inout (power) : iter =     79 ; delta = 3.311361e-03 ; dt =  4910.0
inout (power) : iter =     80 ; delta = 3.243211e-03 ; dt =  4972.7
inout (power) : iter =     81 ; delta = 3.176731e-03 ; dt =  5034.0
inout (power) : iter =     82 ; delta = 3.111920e-03 ; dt =  5095.4
inout (power) : iter =     83 ; delta = 3.048918e-03 ; dt =  5156.7
inout (power) : iter =     84 ; delta = 2.987428e-03 ; dt =  5218.0
inout (power) : iter =     85 ; delta = 2.927403e-03 ; dt =  5280.0
inout (power) : iter =     86 ; delta = 2.868810e-03 ; dt =  5341.4
inout (power) : iter =     87 ; delta = 2.811599e-03 ; dt =  5402.7
inout (power) : iter =     88 ; delta = 2.755718e-03 ; dt =  5464.0
inout (power) : iter =     89 ; delta = 2.701139e-03 ; dt =  5525.4
inout (power) : iter =     90 ; delta = 2.647847e-03 ; dt =  5586.7
inout (power) : iter =     91 ; delta = 2.596060e-03 ; dt =  5648.0
inout (power) : iter =     92 ; delta = 2.545609e-03 ; dt =  5709.4
inout (power) : iter =     93 ; delta = 2.496339e-03 ; dt =  5771.4
inout (power) : iter =     94 ; delta = 2.448357e-03 ; dt =  5832.7
inout (power) : iter =     95 ; delta = 2.401524e-03 ; dt =  5894.0
inout (power) : iter =     96 ; delta = 2.355752e-03 ; dt =  5956.0
inout (power) : iter =     97 ; delta = 2.311017e-03 ; dt =  6018.1
inout (power) : iter =     98 ; delta = 2.267276e-03 ; dt =  6079.4
inout (power) : iter =     99 ; delta = 2.224498e-03 ; dt =  6141.4
inout (power) : iter =    100 ; delta = 2.182651e-03 ; dt =  6202.7
inout (power) : iter =    101 ; delta = 2.141702e-03 ; dt =  6264.1
inout (power) : iter =    102 ; delta = 2.101631e-03 ; dt =  6325.4
inout (power) : iter =    103 ; delta = 2.062426e-03 ; dt =  6386.7
inout (power) : iter =    104 ; delta = 2.024066e-03 ; dt =  6448.1
inout (power) : iter =    105 ; delta = 1.986536e-03 ; dt =  6509.4
inout (power) : iter =    106 ; delta = 1.949796e-03 ; dt =  6570.7
inout (power) : iter =    107 ; delta = 1.913807e-03 ; dt =  6632.1
inout (power) : iter =    108 ; delta = 1.878544e-03 ; dt =  6693.4
inout (power) : iter =    109 ; delta = 1.844028e-03 ; dt =  6755.5
inout (power) : iter =    110 ; delta = 1.810210e-03 ; dt =  6816.8
inout (power) : iter =    111 ; delta = 1.777110e-03 ; dt =  6878.1
inout (power) : iter =    112 ; delta = 1.744717e-03 ; dt =  6940.1
inout (power) : iter =    113 ; delta = 1.713015e-03 ; dt =  7002.8
inout (power) : iter =    114 ; delta = 1.681950e-03 ; dt =  7064.1
inout (power) : iter =    115 ; delta = 1.651532e-03 ; dt =  7126.1
inout (power) : iter =    116 ; delta = 1.621727e-03 ; dt =  7188.1
inout (power) : iter =    117 ; delta = 1.592514e-03 ; dt =  7249.5
inout (power) : iter =    118 ; delta = 1.563883e-03 ; dt =  7310.8
inout (power) : iter =    119 ; delta = 1.535816e-03 ; dt =  7372.2
inout (power) : iter =    120 ; delta = 1.508305e-03 ; dt =  7433.5
inout (power) : iter =    121 ; delta = 1.481333e-03 ; dt =  7495.5
inout (power) : iter =    122 ; delta = 1.454896e-03 ; dt =  7556.8
inout (power) : iter =    123 ; delta = 1.428984e-03 ; dt =  7618.2
inout (power) : iter =    124 ; delta = 1.403590e-03 ; dt =  7679.5
inout (power) : iter =    125 ; delta = 1.378747e-03 ; dt =  7740.8
inout (power) : iter =    126 ; delta = 1.354465e-03 ; dt =  7802.2
inout (power) : iter =    127 ; delta = 1.330691e-03 ; dt =  7863.5
inout (power) : iter =    128 ; delta = 1.307387e-03 ; dt =  7924.9
inout (power) : iter =    129 ; delta = 1.284541e-03 ; dt =  7986.2
inout (power) : iter =    130 ; delta = 1.262128e-03 ; dt =  8047.5
inout (power) : iter =    131 ; delta = 1.240138e-03 ; dt =  8108.8
inout (power) : iter =    132 ; delta = 1.218564e-03 ; dt =  8171.5
inout (power) : iter =    133 ; delta = 1.197403e-03 ; dt =  8233.5
inout (power) : iter =    134 ; delta = 1.176694e-03 ; dt =  8296.2
inout (power) : iter =    135 ; delta = 1.156397e-03 ; dt =  8357.6
inout (power) : iter =    136 ; delta = 1.136487e-03 ; dt =  8418.9
inout (power) : iter =    137 ; delta = 1.116970e-03 ; dt =  8480.2
inout (power) : iter =    138 ; delta = 1.097829e-03 ; dt =  8541.6
inout (power) : iter =    139 ; delta = 1.079073e-03 ; dt =  8602.9
inout (power) : iter =    140 ; delta = 1.060720e-03 ; dt =  8664.2
inout (power) : iter =    141 ; delta = 1.042723e-03 ; dt =  8725.6
inout (power) : iter =    142 ; delta = 1.025056e-03 ; dt =  8787.6
inout (power) : iter =    143 ; delta = 1.007721e-03 ; dt =  8848.9
inout (power) : iter =    144 ; delta = 9.907170e-04 ; dt =  8910.2
inout (power) : iter =    145 ; delta = 9.740340e-04 ; dt =  8972.3
inout (power) : iter =    146 ; delta = 9.576822e-04 ; dt =  9033.6
inout (power) : iter =    147 ; delta = 9.416351e-04 ; dt =  9094.9
inout (power) : iter =    148 ; delta = 9.258849e-04 ; dt =  9156.3
inout (power) : iter =    149 ; delta = 9.104228e-04 ; dt =  9217.6
inout (power) : iter =    150 ; delta = 8.952418e-04 ; dt =  9278.9
inout (power) : iter =    151 ; delta = 8.803377e-04 ; dt =  9340.3
inout (power) : iter =    152 ; delta = 8.657002e-04 ; dt =  9402.9
inout (power) : iter =    153 ; delta = 8.513253e-04 ; dt =  9464.3
inout (power) : iter =    154 ; delta = 8.372105e-04 ; dt =  9525.6
inout (power) : iter =    155 ; delta = 8.233452e-04 ; dt =  9586.9
inout (power) : iter =    156 ; delta = 8.097234e-04 ; dt =  9648.3
inout (power) : iter =    157 ; delta = 7.963404e-04 ; dt =  9709.6
inout (power) : iter =    158 ; delta = 7.831917e-04 ; dt =  9770.9
inout (power) : iter =    159 ; delta = 7.702742e-04 ; dt =  9832.3
inout (power) : iter =    160 ; delta = 7.575937e-04 ; dt =  9893.6
inout (power) : iter =    161 ; delta = 7.451395e-04 ; dt =  9955.0
inout (power) : iter =    162 ; delta = 7.329061e-04 ; dt = 10016.3
inout (power) : iter =    163 ; delta = 7.208925e-04 ; dt = 10077.7
inout (power) : iter =    164 ; delta = 7.090931e-04 ; dt = 10139.0
inout (power) : iter =    165 ; delta = 6.975079e-04 ; dt = 10201.0
inout (power) : iter =    166 ; delta = 6.861315e-04 ; dt = 10262.3
inout (power) : iter =    167 ; delta = 6.749583e-04 ; dt = 10323.7
inout (power) : iter =    168 ; delta = 6.639835e-04 ; dt = 10385.7
inout (power) : iter =    169 ; delta = 6.532048e-04 ; dt = 10447.0
inout (power) : iter =    170 ; delta = 6.426190e-04 ; dt = 10509.0
inout (power) : iter =    171 ; delta = 6.322216e-04 ; dt = 10570.3
inout (power) : iter =    172 ; delta = 6.220167e-04 ; dt = 10632.4
inout (power) : iter =    173 ; delta = 6.119989e-04 ; dt = 10695.7
inout (power) : iter =    174 ; delta = 6.021595e-04 ; dt = 10757.1
inout (power) : iter =    175 ; delta = 5.924982e-04 ; dt = 10818.4
inout (power) : iter =    176 ; delta = 5.830151e-04 ; dt = 10879.7
inout (power) : iter =    177 ; delta = 5.737091e-04 ; dt = 10941.1
inout (power) : iter =    178 ; delta = 5.645631e-04 ; dt = 11002.4
inout (power) : iter =    179 ; delta = 5.555762e-04 ; dt = 11063.8
inout (power) : iter =    180 ; delta = 5.467596e-04 ; dt = 11125.1
inout (power) : iter =    181 ; delta = 5.381067e-04 ; dt = 11186.4
inout (power) : iter =    182 ; delta = 5.296049e-04 ; dt = 11247.8
inout (power) : iter =    183 ; delta = 5.212482e-04 ; dt = 11309.1
inout (power) : iter =    184 ; delta = 5.130352e-04 ; dt = 11370.5
inout (power) : iter =    185 ; delta = 5.049589e-04 ; dt = 11431.8
inout (power) : iter =    186 ; delta = 4.970189e-04 ; dt = 11493.8
inout (power) : iter =    187 ; delta = 4.892132e-04 ; dt = 11555.2
inout (power) : iter =    188 ; delta = 4.815369e-04 ; dt = 11617.2
inout (power) : iter =    189 ; delta = 4.739876e-04 ; dt = 11678.5
inout (power) : iter =    190 ; delta = 4.665802e-04 ; dt = 11739.8
inout (power) : iter =    191 ; delta = 4.593039e-04 ; dt = 11801.2
inout (power) : iter =    192 ; delta = 4.521467e-04 ; dt = 11862.5
inout (power) : iter =    193 ; delta = 4.451075e-04 ; dt = 11923.9
inout (power) : iter =    194 ; delta = 4.381844e-04 ; dt = 11985.2
inout (power) : iter =    195 ; delta = 4.313752e-04 ; dt = 12046.5
inout (power) : iter =    196 ; delta = 4.246798e-04 ; dt = 12107.9
inout (power) : iter =    197 ; delta = 4.181094e-04 ; dt = 12169.2
inout (power) : iter =    198 ; delta = 4.116497e-04 ; dt = 12230.6
inout (power) : iter =    199 ; delta = 4.052952e-04 ; dt = 12291.9
inout (power) : iter =    200 ; delta = 3.990442e-04 ; dt = 12353.9
inout (power) : iter =    201 ; delta = 3.928944e-04 ; dt = 12415.2
inout (power) : iter =    202 ; delta = 3.868453e-04 ; dt = 12476.6
inout (power) : iter =    203 ; delta = 3.808948e-04 ; dt = 12538.6
inout (power) : iter =    204 ; delta = 3.750404e-04 ; dt = 12599.9
inout (power) : iter =    205 ; delta = 3.692812e-04 ; dt = 12661.3
inout (power) : iter =    206 ; delta = 3.636143e-04 ; dt = 12722.6
inout (power) : iter =    207 ; delta = 3.580382e-04 ; dt = 12784.0
inout (power) : iter =    208 ; delta = 3.525512e-04 ; dt = 12845.3
inout (power) : iter =    209 ; delta = 3.471562e-04 ; dt = 12906.6
inout (power) : iter =    210 ; delta = 3.418497e-04 ; dt = 12967.9
inout (power) : iter =    211 ; delta = 3.366294e-04 ; dt = 13029.9
inout (power) : iter =    212 ; delta = 3.314933e-04 ; dt = 13091.3
inout (power) : iter =    213 ; delta = 3.264431e-04 ; dt = 13152.6
inout (power) : iter =    214 ; delta = 3.214736e-04 ; dt = 13213.9
inout (power) : iter =    215 ; delta = 3.165842e-04 ; dt = 13275.3
inout (power) : iter =    216 ; delta = 3.117737e-04 ; dt = 13336.6
inout (power) : iter =    217 ; delta = 3.070398e-04 ; dt = 13398.0
inout (power) : iter =    218 ; delta = 3.023813e-04 ; dt = 13459.3
inout (power) : iter =    219 ; delta = 2.977980e-04 ; dt = 13520.7
inout (power) : iter =    220 ; delta = 2.932885e-04 ; dt = 13582.0
inout (power) : iter =    221 ; delta = 2.888529e-04 ; dt = 13643.3
inout (power) : iter =    222 ; delta = 2.844877e-04 ; dt = 13704.7
inout (power) : iter =    223 ; delta = 2.801915e-04 ; dt = 13766.0
inout (power) : iter =    224 ; delta = 2.759631e-04 ; dt = 13827.3
inout (power) : iter =    225 ; delta = 2.718014e-04 ; dt = 13888.7
inout (power) : iter =    226 ; delta = 2.677058e-04 ; dt = 13950.0
inout (power) : iter =    227 ; delta = 2.636749e-04 ; dt = 14011.3
inout (power) : iter =    228 ; delta = 2.597074e-04 ; dt = 14072.7
inout (power) : iter =    229 ; delta = 2.558020e-04 ; dt = 14134.0
inout (power) : iter =    230 ; delta = 2.519587e-04 ; dt = 14195.4
inout (power) : iter =    231 ; delta = 2.481756e-04 ; dt = 14256.7
inout (power) : iter =    232 ; delta = 2.444523e-04 ; dt = 14318.0
inout (power) : iter =    233 ; delta = 2.407877e-04 ; dt = 14379.4
inout (power) : iter =    234 ; delta = 2.371802e-04 ; dt = 14440.7
inout (power) : iter =    235 ; delta = 2.336295e-04 ; dt = 14502.0
inout (power) : iter =    236 ; delta = 2.301343e-04 ; dt = 14563.3
inout (power) : iter =    237 ; delta = 2.266940e-04 ; dt = 14624.7
inout (power) : iter =    238 ; delta = 2.233083e-04 ; dt = 14686.7
inout (power) : iter =    239 ; delta = 2.199762e-04 ; dt = 14748.7
inout (power) : iter =    240 ; delta = 2.166959e-04 ; dt = 14810.1
inout (power) : iter =    241 ; delta = 2.134666e-04 ; dt = 14871.4
inout (power) : iter =    242 ; delta = 2.102874e-04 ; dt = 14932.7
inout (power) : iter =    243 ; delta = 2.071576e-04 ; dt = 14994.0
inout (power) : iter =    244 ; delta = 2.040769e-04 ; dt = 15055.4
inout (power) : iter =    245 ; delta = 2.010441e-04 ; dt = 15116.7
inout (power) : iter =    246 ; delta = 1.980582e-04 ; dt = 15178.7
inout (power) : iter =    247 ; delta = 1.951189e-04 ; dt = 15240.0
inout (power) : iter =    248 ; delta = 1.922260e-04 ; dt = 15301.4
inout (power) : iter =    249 ; delta = 1.893775e-04 ; dt = 15362.7
inout (power) : iter =    250 ; delta = 1.865729e-04 ; dt = 15424.1
inout (power) : iter =    251 ; delta = 1.838115e-04 ; dt = 15486.1
inout (power) : iter =    252 ; delta = 1.810925e-04 ; dt = 15547.4
inout (power) : iter =    253 ; delta = 1.784158e-04 ; dt = 15610.1
inout (power) : iter =    254 ; delta = 1.757806e-04 ; dt = 15672.1
inout (power) : iter =    255 ; delta = 1.731866e-04 ; dt = 15733.4
inout (power) : iter =    256 ; delta = 1.706333e-04 ; dt = 15794.8
inout (power) : iter =    257 ; delta = 1.681192e-04 ; dt = 15856.1
inout (power) : iter =    258 ; delta = 1.656436e-04 ; dt = 15917.4
inout (power) : iter =    259 ; delta = 1.632059e-04 ; dt = 15978.8
inout (power) : iter =    260 ; delta = 1.608055e-04 ; dt = 16040.1
inout (power) : iter =    261 ; delta = 1.584416e-04 ; dt = 16102.2
inout (power) : iter =    262 ; delta = 1.561136e-04 ; dt = 16163.5
inout (power) : iter =    263 ; delta = 1.538212e-04 ; dt = 16224.8
inout (power) : iter =    264 ; delta = 1.515638e-04 ; dt = 16286.2
inout (power) : iter =    265 ; delta = 1.493410e-04 ; dt = 16347.5
inout (power) : iter =    266 ; delta = 1.471519e-04 ; dt = 16409.5
inout (power) : iter =    267 ; delta = 1.449961e-04 ; dt = 16471.5
inout (power) : iter =    268 ; delta = 1.428731e-04 ; dt = 16532.9
inout (power) : iter =    269 ; delta = 1.407827e-04 ; dt = 16594.2
inout (power) : iter =    270 ; delta = 1.387243e-04 ; dt = 16656.2
inout (power) : iter =    271 ; delta = 1.366975e-04 ; dt = 16717.6
inout (power) : iter =    272 ; delta = 1.347019e-04 ; dt = 16778.9
inout (power) : iter =    273 ; delta = 1.327368e-04 ; dt = 16840.2
inout (power) : iter =    274 ; delta = 1.308016e-04 ; dt = 16901.6
inout (power) : iter =    275 ; delta = 1.288956e-04 ; dt = 16962.9
inout (power) : iter =    276 ; delta = 1.270184e-04 ; dt = 17024.3
inout (power) : iter =    277 ; delta = 1.251707e-04 ; dt = 17085.6
inout (power) : iter =    278 ; delta = 1.233511e-04 ; dt = 17147.0
inout (power) : iter =    279 ; delta = 1.215610e-04 ; dt = 17208.3
inout (power) : iter =    280 ; delta = 1.197996e-04 ; dt = 17269.6
inout (power) : iter =    281 ; delta = 1.180656e-04 ; dt = 17331.6
inout (power) : iter =    282 ; delta = 1.163580e-04 ; dt = 17393.6
inout (power) : iter =    283 ; delta = 1.146760e-04 ; dt = 17455.0
inout (power) : iter =    284 ; delta = 1.130196e-04 ; dt = 17516.3
inout (power) : iter =    285 ; delta = 1.113880e-04 ; dt = 17577.6
inout (power) : iter =    286 ; delta = 1.097810e-04 ; dt = 17638.9
inout (power) : iter =    287 ; delta = 1.081980e-04 ; dt = 17700.3
inout (power) : iter =    288 ; delta = 1.066387e-04 ; dt = 17761.6
inout (power) : iter =    289 ; delta = 1.051031e-04 ; dt = 17823.0
inout (power) : iter =    290 ; delta = 1.035909e-04 ; dt = 17885.0
inout (power) : iter =    291 ; delta = 1.021013e-04 ; dt = 17946.3
inout (power) : iter =    292 ; delta = 1.006340e-04 ; dt = 18008.3
inout (power) : iter =    293 ; delta = 9.918869e-05 ; dt = 18069.6
inout (power) : iter =    294 ; delta = 9.776565e-05 ; dt = 18131.0
inout (power) : iter =    295 ; delta = 9.636491e-05 ; dt = 18192.3
inout (power) : iter =    296 ; delta = 9.498572e-05 ; dt = 18253.6
inout (power) : iter =    297 ; delta = 9.362729e-05 ; dt = 18315.0
inout (power) : iter =    298 ; delta = 9.228907e-05 ; dt = 18376.3
inout (power) : iter =    299 ; delta = 9.097078e-05 ; dt = 18437.6
inout (power) : iter =    300 ; delta = 8.967194e-05 ; dt = 18499.6
inout (power) : iter =    301 ; delta = 8.839236e-05 ; dt = 18561.0
inout (power) : iter =    302 ; delta = 8.713193e-05 ; dt = 18622.3
inout (power) : iter =    303 ; delta = 8.589024e-05 ; dt = 18684.3
inout (power) : iter =    304 ; delta = 8.466696e-05 ; dt = 18745.7
inout (power) : iter =    305 ; delta = 8.346326e-05 ; dt = 18807.0
inout (power) : iter =    306 ; delta = 8.228036e-05 ; dt = 18868.3
inout (power) : iter =    307 ; delta = 8.111640e-05 ; dt = 18929.7
inout (power) : iter =    308 ; delta = 7.997018e-05 ; dt = 18991.0
inout (power) : iter =    309 ; delta = 7.884128e-05 ; dt = 19052.4
inout (power) : iter =    310 ; delta = 7.772894e-05 ; dt = 19113.7
inout (power) : iter =    311 ; delta = 7.663286e-05 ; dt = 19175.7
inout (power) : iter =    312 ; delta = 7.555286e-05 ; dt = 19237.7
inout (power) : iter =    313 ; delta = 7.448862e-05 ; dt = 19299.0
inout (power) : iter =    314 ; delta = 7.344068e-05 ; dt = 19360.4
inout (power) : iter =    315 ; delta = 7.240841e-05 ; dt = 19421.7
inout (power) : iter =    316 ; delta = 7.139121e-05 ; dt = 19483.0
inout (power) : iter =    317 ; delta = 7.038928e-05 ; dt = 19544.4
inout (power) : iter =    318 ; delta = 6.940202e-05 ; dt = 19605.7
inout (power) : iter =    319 ; delta = 6.842914e-05 ; dt = 19667.1
inout (power) : iter =    320 ; delta = 6.747050e-05 ; dt = 19728.4
inout (power) : iter =    321 ; delta = 6.652592e-05 ; dt = 19789.7
inout (power) : iter =    322 ; delta = 6.559536e-05 ; dt = 19851.7
inout (power) : iter =    323 ; delta = 6.467830e-05 ; dt = 19913.1
inout (power) : iter =    324 ; delta = 6.377448e-05 ; dt = 19974.4
inout (power) : iter =    325 ; delta = 6.288368e-05 ; dt = 20035.8
inout (power) : iter =    326 ; delta = 6.200570e-05 ; dt = 20097.1
inout (power) : iter =    327 ; delta = 6.114034e-05 ; dt = 20158.5
inout (power) : iter =    328 ; delta = 6.028766e-05 ; dt = 20219.8
inout (power) : iter =    329 ; delta = 5.944741e-05 ; dt = 20281.8
inout (power) : iter =    330 ; delta = 5.861927e-05 ; dt = 20343.8
inout (power) : iter =    331 ; delta = 5.780316e-05 ; dt = 20405.2
inout (power) : iter =    332 ; delta = 5.699910e-05 ; dt = 20466.5
inout (power) : iter =    333 ; delta = 5.620663e-05 ; dt = 20527.8
inout (power) : iter =    334 ; delta = 5.542550e-05 ; dt = 20589.9
inout (power) : iter =    335 ; delta = 5.465556e-05 ; dt = 20651.2
inout (power) : iter =    336 ; delta = 5.389660e-05 ; dt = 20713.9
inout (power) : iter =    337 ; delta = 5.314849e-05 ; dt = 20775.2
inout (power) : iter =    338 ; delta = 5.241110e-05 ; dt = 20837.2
inout (power) : iter =    339 ; delta = 5.168428e-05 ; dt = 20898.6
inout (power) : iter =    340 ; delta = 5.096786e-05 ; dt = 20959.9
inout (power) : iter =    341 ; delta = 5.026168e-05 ; dt = 21021.3
inout (power) : iter =    342 ; delta = 4.956561e-05 ; dt = 21082.6
inout (power) : iter =    343 ; delta = 4.887951e-05 ; dt = 21143.9
inout (power) : iter =    344 ; delta = 4.820319e-05 ; dt = 21205.3
inout (power) : iter =    345 ; delta = 4.753663e-05 ; dt = 21266.6
inout (power) : iter =    346 ; delta = 4.687960e-05 ; dt = 21328.0
inout (power) : iter =    347 ; delta = 4.623194e-05 ; dt = 21390.0
inout (power) : iter =    348 ; delta = 4.559345e-05 ; dt = 21451.3
inout (power) : iter =    349 ; delta = 4.496402e-05 ; dt = 21513.3
inout (power) : iter =    350 ; delta = 4.434353e-05 ; dt = 21574.6
inout (power) : iter =    351 ; delta = 4.373185e-05 ; dt = 21636.0
inout (power) : iter =    352 ; delta = 4.312887e-05 ; dt = 21697.3
inout (power) : iter =    353 ; delta = 4.253450e-05 ; dt = 21758.6
inout (power) : iter =    354 ; delta = 4.194862e-05 ; dt = 21819.9
inout (power) : iter =    355 ; delta = 4.137115e-05 ; dt = 21881.3
inout (power) : iter =    356 ; delta = 4.080189e-05 ; dt = 21943.3
inout (power) : iter =    357 ; delta = 4.024074e-05 ; dt = 22004.6
inout (power) : iter =    358 ; delta = 3.968754e-05 ; dt = 22066.0
inout (power) : iter =    359 ; delta = 3.914218e-05 ; dt = 22127.3
inout (power) : iter =    360 ; delta = 3.860453e-05 ; dt = 22188.7
inout (power) : iter =    361 ; delta = 3.807449e-05 ; dt = 22250.6
inout (power) : iter =    362 ; delta = 3.755195e-05 ; dt = 22312.0
inout (power) : iter =    363 ; delta = 3.703678e-05 ; dt = 22373.3
inout (power) : iter =    364 ; delta = 3.652889e-05 ; dt = 22434.7
inout (power) : iter =    365 ; delta = 3.602815e-05 ; dt = 22496.0
inout (power) : iter =    366 ; delta = 3.553447e-05 ; dt = 22557.4
inout (power) : iter =    367 ; delta = 3.504778e-05 ; dt = 22620.0
inout (power) : iter =    368 ; delta = 3.456798e-05 ; dt = 22682.7
inout (power) : iter =    369 ; delta = 3.409492e-05 ; dt = 22744.1
inout (power) : iter =    370 ; delta = 3.362852e-05 ; dt = 22805.4
inout (power) : iter =    371 ; delta = 3.316866e-05 ; dt = 22867.4
inout (power) : iter =    372 ; delta = 3.271525e-05 ; dt = 22929.4
inout (power) : iter =    373 ; delta = 3.226820e-05 ; dt = 22990.7
inout (power) : iter =    374 ; delta = 3.182743e-05 ; dt = 23054.1
inout (power) : iter =    375 ; delta = 3.139285e-05 ; dt = 23115.4
inout (power) : iter =    376 ; delta = 3.096437e-05 ; dt = 23176.7
inout (power) : iter =    377 ; delta = 3.054189e-05 ; dt = 23238.7
inout (power) : iter =    378 ; delta = 3.012532e-05 ; dt = 23300.1
inout (power) : iter =    379 ; delta = 2.971459e-05 ; dt = 23361.4
inout (power) : iter =    380 ; delta = 2.930961e-05 ; dt = 23423.4
inout (power) : iter =    381 ; delta = 2.891031e-05 ; dt = 23485.4
inout (power) : iter =    382 ; delta = 2.851661e-05 ; dt = 23546.8
inout (power) : iter =    383 ; delta = 2.812841e-05 ; dt = 23609.4
inout (power) : iter =    384 ; delta = 2.774563e-05 ; dt = 23670.8
inout (power) : iter =    385 ; delta = 2.736820e-05 ; dt = 23732.1
inout (power) : iter =    386 ; delta = 2.699606e-05 ; dt = 23793.4
inout (power) : iter =    387 ; delta = 2.662915e-05 ; dt = 23855.4
inout (power) : iter =    388 ; delta = 2.626737e-05 ; dt = 23917.5
inout (power) : iter =    389 ; delta = 2.591069e-05 ; dt = 23978.8
inout (power) : iter =    390 ; delta = 2.555899e-05 ; dt = 24040.8
inout (power) : iter =    391 ; delta = 2.521222e-05 ; dt = 24102.2
inout (power) : iter =    392 ; delta = 2.487028e-05 ; dt = 24163.5
inout (power) : iter =    393 ; delta = 2.453311e-05 ; dt = 24225.5
inout (power) : iter =    394 ; delta = 2.420063e-05 ; dt = 24287.6
inout (power) : iter =    395 ; delta = 2.387279e-05 ; dt = 24349.5
inout (power) : iter =    396 ; delta = 2.354953e-05 ; dt = 24410.9
inout (power) : iter =    397 ; delta = 2.323080e-05 ; dt = 24472.2
inout (power) : iter =    398 ; delta = 2.291653e-05 ; dt = 24533.6
inout (power) : iter =    399 ; delta = 2.260672e-05 ; dt = 24594.9
inout (power) : iter =    400 ; delta = 2.230128e-05 ; dt = 24656.9
inout (power) : iter =    401 ; delta = 2.200009e-05 ; dt = 24718.2
inout (power) : iter =    402 ; delta = 2.170308e-05 ; dt = 24780.3
inout (power) : iter =    403 ; delta = 2.141019e-05 ; dt = 24841.6
inout (power) : iter =    404 ; delta = 2.112135e-05 ; dt = 24903.0
inout (power) : iter =    405 ; delta = 2.083652e-05 ; dt = 24964.3
inout (power) : iter =    406 ; delta = 2.055564e-05 ; dt = 25025.6
inout (power) : iter =    407 ; delta = 2.027866e-05 ; dt = 25087.0
inout (power) : iter =    408 ; delta = 2.000556e-05 ; dt = 25148.3
inout (power) : iter =    409 ; delta = 1.973626e-05 ; dt = 25209.6
inout (power) : iter =    410 ; delta = 1.947074e-05 ; dt = 25270.9
inout (power) : iter =    411 ; delta = 1.920895e-05 ; dt = 25332.3
inout (power) : iter =    412 ; delta = 1.895079e-05 ; dt = 25393.6
inout (power) : iter =    413 ; delta = 1.869619e-05 ; dt = 25455.0
inout (power) : iter =    414 ; delta = 1.844510e-05 ; dt = 25516.3
inout (power) : iter =    415 ; delta = 1.819747e-05 ; dt = 25577.6
inout (power) : iter =    416 ; delta = 1.795325e-05 ; dt = 25639.6
inout (power) : iter =    417 ; delta = 1.771240e-05 ; dt = 25701.6
inout (power) : iter =    418 ; delta = 1.747486e-05 ; dt = 25762.9
inout (power) : iter =    419 ; delta = 1.724059e-05 ; dt = 25824.3
inout (power) : iter =    420 ; delta = 1.700952e-05 ; dt = 25885.6
inout (power) : iter =    421 ; delta = 1.678163e-05 ; dt = 25947.6
inout (power) : iter =    422 ; delta = 1.655687e-05 ; dt = 26009.6
inout (power) : iter =    423 ; delta = 1.633518e-05 ; dt = 26071.6
inout (power) : iter =    424 ; delta = 1.611654e-05 ; dt = 26133.6
inout (power) : iter =    425 ; delta = 1.590090e-05 ; dt = 26195.0
inout (power) : iter =    426 ; delta = 1.568822e-05 ; dt = 26257.0
inout (power) : iter =    427 ; delta = 1.547845e-05 ; dt = 26318.3
inout (power) : iter =    428 ; delta = 1.527155e-05 ; dt = 26379.6
inout (power) : iter =    429 ; delta = 1.506749e-05 ; dt = 26441.0
inout (power) : iter =    430 ; delta = 1.486621e-05 ; dt = 26502.3
inout (power) : iter =    431 ; delta = 1.466773e-05 ; dt = 26564.3
inout (power) : iter =    432 ; delta = 1.447203e-05 ; dt = 26626.3
inout (power) : iter =    433 ; delta = 1.427902e-05 ; dt = 26689.7
inout (power) : iter =    434 ; delta = 1.408864e-05 ; dt = 26751.0
inout (power) : iter =    435 ; delta = 1.390085e-05 ; dt = 26812.3
inout (power) : iter =    436 ; delta = 1.371563e-05 ; dt = 26873.7
inout (power) : iter =    437 ; delta = 1.353294e-05 ; dt = 26935.0
inout (power) : iter =    438 ; delta = 1.335274e-05 ; dt = 26996.3
inout (power) : iter =    439 ; delta = 1.317500e-05 ; dt = 27057.7
inout (power) : iter =    440 ; delta = 1.299969e-05 ; dt = 27120.3
inout (power) : iter =    441 ; delta = 1.282677e-05 ; dt = 27181.7
inout (power) : iter =    442 ; delta = 1.265625e-05 ; dt = 27243.0
inout (power) : iter =    443 ; delta = 1.248808e-05 ; dt = 27304.3
inout (power) : iter =    444 ; delta = 1.232220e-05 ; dt = 27365.7
inout (power) : iter =    445 ; delta = 1.215858e-05 ; dt = 27427.0
inout (power) : iter =    446 ; delta = 1.199729e-05 ; dt = 27488.3
inout (power) : iter =    447 ; delta = 1.183834e-05 ; dt = 27549.7
inout (power) : iter =    448 ; delta = 1.168156e-05 ; dt = 27611.0
inout (power) : iter =    449 ; delta = 1.152690e-05 ; dt = 27672.3
inout (power) : iter =    450 ; delta = 1.137434e-05 ; dt = 27734.3
inout (power) : iter =    451 ; delta = 1.122385e-05 ; dt = 27795.7
inout (power) : iter =    452 ; delta = 1.107540e-05 ; dt = 27857.0
inout (power) : iter =    453 ; delta = 1.092895e-05 ; dt = 27918.3
inout (power) : iter =    454 ; delta = 1.078449e-05 ; dt = 27980.3
inout (power) : iter =    455 ; delta = 1.064198e-05 ; dt = 28042.3
inout (power) : iter =    456 ; delta = 1.050139e-05 ; dt = 28103.7
inout (power) : iter =    457 ; delta = 1.036271e-05 ; dt = 28165.0
inout (power) : iter =    458 ; delta = 1.022590e-05 ; dt = 28227.0
inout (power) : iter =    459 ; delta = 1.009095e-05 ; dt = 28288.4
inout (power) : iter =    460 ; delta = 9.957848e-06 ; dt = 28349.7
inout (power) : iter =    461 ; delta = 9.826575e-06 ; dt = 28411.7
inout (power) : iter =    462 ; delta = 9.697147e-06 ; dt = 28473.1
inout (power) : iter =    463 ; delta = 9.569568e-06 ; dt = 28534.4
inout (power) : iter =    464 ; delta = 9.443787e-06 ; dt = 28595.7
inout (power) : iter =    465 ; delta = 9.319747e-06 ; dt = 28657.1
inout (power) : iter =    466 ; delta = 9.197391e-06 ; dt = 28719.1
inout (power) : iter =    467 ; delta = 9.076683e-06 ; dt = 28780.4
inout (power) : iter =    468 ; delta = 8.957596e-06 ; dt = 28841.8
inout (power) : iter =    469 ; delta = 8.840108e-06 ; dt = 28903.1
inout (power) : iter =    470 ; delta = 8.724194e-06 ; dt = 28964.5
inout (power) : iter =    471 ; delta = 8.609833e-06 ; dt = 29025.8
inout (power) : iter =    472 ; delta = 8.497005e-06 ; dt = 29087.8
inout (power) : iter =    473 ; delta = 8.385688e-06 ; dt = 29149.8
inout (power) : iter =    474 ; delta = 8.275870e-06 ; dt = 29211.2
inout (power) : iter =    475 ; delta = 8.167568e-06 ; dt = 29272.5
inout (power) : iter =    476 ; delta = 8.060720e-06 ; dt = 29334.5
inout (power) : iter =    477 ; delta = 7.955300e-06 ; dt = 29395.8
inout (power) : iter =    478 ; delta = 7.851294e-06 ; dt = 29457.2
inout (power) : iter =    479 ; delta = 7.748693e-06 ; dt = 29518.5
inout (power) : iter =    480 ; delta = 7.647463e-06 ; dt = 29579.9
inout (power) : iter =    481 ; delta = 7.547589e-06 ; dt = 29641.2
inout (power) : iter =    482 ; delta = 7.449096e-06 ; dt = 29702.5
inout (power) : iter =    483 ; delta = 7.351955e-06 ; dt = 29765.2
inout (power) : iter =    484 ; delta = 7.256156e-06 ; dt = 29826.5
inout (power) : iter =    485 ; delta = 7.161643e-06 ; dt = 29887.9
inout (power) : iter =    486 ; delta = 7.068396e-06 ; dt = 29949.2
inout (power) : iter =    487 ; delta = 6.976392e-06 ; dt = 30010.6
inout (power) : iter =    488 ; delta = 6.885613e-06 ; dt = 30071.9
inout (power) : iter =    489 ; delta = 6.796046e-06 ; dt = 30133.3
inout (power) : iter =    490 ; delta = 6.707705e-06 ; dt = 30194.6
inout (power) : iter =    491 ; delta = 6.620646e-06 ; dt = 30255.9
inout (power) : iter =    492 ; delta = 6.534784e-06 ; dt = 30317.3
inout (power) : iter =    493 ; delta = 6.450091e-06 ; dt = 30378.6
inout (power) : iter =    494 ; delta = 6.366534e-06 ; dt = 30440.6
inout (power) : iter =    495 ; delta = 6.284092e-06 ; dt = 30502.6
inout (power) : iter =    496 ; delta = 6.202742e-06 ; dt = 30564.0
inout (power) : iter =    497 ; delta = 6.122469e-06 ; dt = 30625.3
inout (power) : iter =    498 ; delta = 6.043265e-06 ; dt = 30686.6
inout (power) : iter =    499 ; delta = 5.965124e-06 ; dt = 30748.0
inout (power) : iter =    500 ; delta = 5.888032e-06 ; dt = 30809.3
inout (power) : iter =    501 ; delta = 5.811960e-06 ; dt = 30870.6
inout (power) : iter =    502 ; delta = 5.736893e-06 ; dt = 30932.0
inout (power) : iter =    503 ; delta = 5.662820e-06 ; dt = 30993.3
inout (power) : iter =    504 ; delta = 5.589726e-06 ; dt = 31054.7
inout (power) : iter =    505 ; delta = 5.517600e-06 ; dt = 31116.0
inout (power) : iter =    506 ; delta = 5.446433e-06 ; dt = 31178.7
inout (power) : iter =    507 ; delta = 5.376217e-06 ; dt = 31240.0
inout (power) : iter =    508 ; delta = 5.306935e-06 ; dt = 31301.3
inout (power) : iter =    509 ; delta = 5.238576e-06 ; dt = 31362.7
inout (power) : iter =    510 ; delta = 5.171130e-06 ; dt = 31424.0
inout (power) : iter =    511 ; delta = 5.104585e-06 ; dt = 31485.4
inout (power) : iter =    512 ; delta = 5.038924e-06 ; dt = 31546.7
inout (power) : iter =    513 ; delta = 4.974141e-06 ; dt = 31608.1
inout (power) : iter =    514 ; delta = 4.910221e-06 ; dt = 31669.4
inout (power) : iter =    515 ; delta = 4.847154e-06 ; dt = 31730.8
inout (power) : iter =    516 ; delta = 4.784918e-06 ; dt = 31792.1
inout (power) : iter =    517 ; delta = 4.723502e-06 ; dt = 31853.4
inout (power) : iter =    518 ; delta = 4.662898e-06 ; dt = 31914.8
inout (power) : iter =    519 ; delta = 4.603090e-06 ; dt = 31976.1
inout (power) : iter =    520 ; delta = 4.544067e-06 ; dt = 32037.5
inout (power) : iter =    521 ; delta = 4.485818e-06 ; dt = 32099.5
inout (power) : iter =    522 ; delta = 4.428336e-06 ; dt = 32160.8
inout (power) : iter =    523 ; delta = 4.371613e-06 ; dt = 32222.2
inout (power) : iter =    524 ; delta = 4.315645e-06 ; dt = 32283.5
inout (power) : iter =    525 ; delta = 4.260413e-06 ; dt = 32344.9
inout (power) : iter =    526 ; delta = 4.205911e-06 ; dt = 32406.2
inout (power) : iter =    527 ; delta = 4.152122e-06 ; dt = 32468.2
inout (power) : iter =    528 ; delta = 4.099033e-06 ; dt = 32530.2
inout (power) : iter =    529 ; delta = 4.046636e-06 ; dt = 32592.2
inout (power) : iter =    530 ; delta = 3.994923e-06 ; dt = 32654.2
inout (power) : iter =    531 ; delta = 3.943883e-06 ; dt = 32716.9
inout (power) : iter =    532 ; delta = 3.893509e-06 ; dt = 32778.2
inout (power) : iter =    533 ; delta = 3.843791e-06 ; dt = 32839.5
inout (power) : iter =    534 ; delta = 3.794723e-06 ; dt = 32901.6
inout (power) : iter =    535 ; delta = 3.746294e-06 ; dt = 32963.6
inout (power) : iter =    536 ; delta = 3.698496e-06 ; dt = 33024.9
inout (power) : iter =    537 ; delta = 3.651319e-06 ; dt = 33086.2
inout (power) : iter =    538 ; delta = 3.604758e-06 ; dt = 33147.6
inout (power) : iter =    539 ; delta = 3.558802e-06 ; dt = 33208.9
inout (power) : iter =    540 ; delta = 3.513443e-06 ; dt = 33270.2
inout (power) : iter =    541 ; delta = 3.468674e-06 ; dt = 33331.6
inout (power) : iter =    542 ; delta = 3.424486e-06 ; dt = 33392.9
inout (power) : iter =    543 ; delta = 3.380873e-06 ; dt = 33454.2
inout (power) : iter =    544 ; delta = 3.337827e-06 ; dt = 33515.6
inout (power) : iter =    545 ; delta = 3.295342e-06 ; dt = 33576.9
inout (power) : iter =    546 ; delta = 3.253409e-06 ; dt = 33638.3
inout (power) : iter =    547 ; delta = 3.212022e-06 ; dt = 33699.6
inout (power) : iter =    548 ; delta = 3.171171e-06 ; dt = 33761.0
inout (power) : iter =    549 ; delta = 3.130849e-06 ; dt = 33822.3
inout (power) : iter =    550 ; delta = 3.091051e-06 ; dt = 33883.6
inout (power) : iter =    551 ; delta = 3.051767e-06 ; dt = 33945.0
inout (power) : iter =    552 ; delta = 3.012994e-06 ; dt = 34006.3
inout (power) : iter =    553 ; delta = 2.974729e-06 ; dt = 34067.6
inout (power) : iter =    554 ; delta = 2.936959e-06 ; dt = 34129.0
inout (power) : iter =    555 ; delta = 2.899678e-06 ; dt = 34190.3
inout (power) : iter =    556 ; delta = 2.862880e-06 ; dt = 34251.7
inout (power) : iter =    557 ; delta = 2.826558e-06 ; dt = 34313.0
inout (power) : iter =    558 ; delta = 2.790706e-06 ; dt = 34374.3
inout (power) : iter =    559 ; delta = 2.755320e-06 ; dt = 34435.7
inout (power) : iter =    560 ; delta = 2.720391e-06 ; dt = 34497.0
inout (power) : iter =    561 ; delta = 2.685916e-06 ; dt = 34559.0
inout (power) : iter =    562 ; delta = 2.651891e-06 ; dt = 34620.4
inout (power) : iter =    563 ; delta = 2.618307e-06 ; dt = 34681.7
inout (power) : iter =    564 ; delta = 2.585155e-06 ; dt = 34743.1
inout (power) : iter =    565 ; delta = 2.552433e-06 ; dt = 34804.4
inout (power) : iter =    566 ; delta = 2.520133e-06 ; dt = 34865.8
inout (power) : iter =    567 ; delta = 2.488250e-06 ; dt = 34927.1
inout (power) : iter =    568 ; delta = 2.456782e-06 ; dt = 34989.7
inout (power) : iter =    569 ; delta = 2.425726e-06 ; dt = 35051.1
inout (power) : iter =    570 ; delta = 2.395073e-06 ; dt = 35112.4
inout (power) : iter =    571 ; delta = 2.364820e-06 ; dt = 35174.5
inout (power) : iter =    572 ; delta = 2.334962e-06 ; dt = 35235.8
inout (power) : iter =    573 ; delta = 2.305492e-06 ; dt = 35297.2
inout (power) : iter =    574 ; delta = 2.276402e-06 ; dt = 35358.5
inout (power) : iter =    575 ; delta = 2.247686e-06 ; dt = 35419.8
inout (power) : iter =    576 ; delta = 2.219339e-06 ; dt = 35481.2
inout (power) : iter =    577 ; delta = 2.191356e-06 ; dt = 35542.5
inout (power) : iter =    578 ; delta = 2.163733e-06 ; dt = 35603.9
inout (power) : iter =    579 ; delta = 2.136465e-06 ; dt = 35665.2
inout (power) : iter =    580 ; delta = 2.109548e-06 ; dt = 35726.5
inout (power) : iter =    581 ; delta = 2.082977e-06 ; dt = 35788.5
inout (power) : iter =    582 ; delta = 2.056748e-06 ; dt = 35849.9
inout (power) : iter =    583 ; delta = 2.030855e-06 ; dt = 35911.2
inout (power) : iter =    584 ; delta = 2.005294e-06 ; dt = 35973.2
inout (power) : iter =    585 ; delta = 1.980062e-06 ; dt = 36035.2
inout (power) : iter =    586 ; delta = 1.955154e-06 ; dt = 36096.5
inout (power) : iter =    587 ; delta = 1.930565e-06 ; dt = 36157.9
inout (power) : iter =    588 ; delta = 1.906291e-06 ; dt = 36219.9
inout (power) : iter =    589 ; delta = 1.882328e-06 ; dt = 36281.2
inout (power) : iter =    590 ; delta = 1.858672e-06 ; dt = 36343.9
inout (power) : iter =    591 ; delta = 1.835318e-06 ; dt = 36405.2
inout (power) : iter =    592 ; delta = 1.812264e-06 ; dt = 36467.2
inout (power) : iter =    593 ; delta = 1.789505e-06 ; dt = 36528.6
inout (power) : iter =    594 ; delta = 1.767037e-06 ; dt = 36589.9
inout (power) : iter =    595 ; delta = 1.744856e-06 ; dt = 36651.2
inout (power) : iter =    596 ; delta = 1.722960e-06 ; dt = 36712.6
inout (power) : iter =    597 ; delta = 1.701343e-06 ; dt = 36773.9
inout (power) : iter =    598 ; delta = 1.680003e-06 ; dt = 36835.3
inout (power) : iter =    599 ; delta = 1.658935e-06 ; dt = 36896.6
inout (power) : iter =    600 ; delta = 1.638135e-06 ; dt = 36959.3
inout (power) : iter =    601 ; delta = 1.617601e-06 ; dt = 37020.6
inout (power) : iter =    602 ; delta = 1.597330e-06 ; dt = 37082.0
inout (power) : iter =    603 ; delta = 1.577317e-06 ; dt = 37143.3
inout (power) : iter =    604 ; delta = 1.557561e-06 ; dt = 37205.3
inout (power) : iter =    605 ; delta = 1.538058e-06 ; dt = 37267.3
inout (power) : iter =    606 ; delta = 1.518803e-06 ; dt = 37328.7
inout (power) : iter =    607 ; delta = 1.499794e-06 ; dt = 37390.0
inout (power) : iter =    608 ; delta = 1.481027e-06 ; dt = 37451.3
inout (power) : iter =    609 ; delta = 1.462500e-06 ; dt = 37512.7
inout (power) : iter =    610 ; delta = 1.444208e-06 ; dt = 37574.0
inout (power) : iter =    611 ; delta = 1.426149e-06 ; dt = 37635.3
inout (power) : iter =    612 ; delta = 1.408320e-06 ; dt = 37697.4
inout (power) : iter =    613 ; delta = 1.390718e-06 ; dt = 37758.7
inout (power) : iter =    614 ; delta = 1.373340e-06 ; dt = 37820.7
inout (power) : iter =    615 ; delta = 1.356183e-06 ; dt = 37882.0
inout (power) : iter =    616 ; delta = 1.339244e-06 ; dt = 37943.4
inout (power) : iter =    617 ; delta = 1.322521e-06 ; dt = 38004.7
inout (power) : iter =    618 ; delta = 1.306014e-06 ; dt = 38066.1
inout (power) : iter =    619 ; delta = 1.289716e-06 ; dt = 38127.4
inout (power) : iter =    620 ; delta = 1.273626e-06 ; dt = 38188.8
inout (power) : iter =    621 ; delta = 1.257741e-06 ; dt = 38250.1
inout (power) : iter =    622 ; delta = 1.242058e-06 ; dt = 38312.8
inout (power) : iter =    623 ; delta = 1.226574e-06 ; dt = 38374.1
inout (power) : iter =    624 ; delta = 1.211288e-06 ; dt = 38436.1
inout (power) : iter =    625 ; delta = 1.196197e-06 ; dt = 38497.4
inout (power) : iter =    626 ; delta = 1.181301e-06 ; dt = 38560.1
inout (power) : iter =    627 ; delta = 1.166594e-06 ; dt = 38621.5
inout (power) : iter =    628 ; delta = 1.152074e-06 ; dt = 38682.8
inout (power) : iter =    629 ; delta = 1.137737e-06 ; dt = 38744.1
inout (power) : iter =    630 ; delta = 1.123583e-06 ; dt = 38806.2
inout (power) : iter =    631 ; delta = 1.109608e-06 ; dt = 38868.2
inout (power) : iter =    632 ; delta = 1.095809e-06 ; dt = 38929.5
inout (power) : iter =    633 ; delta = 1.082186e-06 ; dt = 38990.9
inout (power) : iter =    634 ; delta = 1.068735e-06 ; dt = 39052.9
inout (power) : iter =    635 ; delta = 1.055455e-06 ; dt = 39114.2
inout (power) : iter =    636 ; delta = 1.042346e-06 ; dt = 39175.6
inout (power) : iter =    637 ; delta = 1.029405e-06 ; dt = 39236.9
inout (power) : iter =    638 ; delta = 1.016627e-06 ; dt = 39299.6
inout (power) : iter =    639 ; delta = 1.004011e-06 ; dt = 39360.9
inout (power) : iter =    640 ; delta = 9.915544e-07 ; dt = 39422.3
inout (power) : iter =    641 ; delta = 9.792550e-07 ; dt = 39483.6
inout (power) : iter =    642 ; delta = 9.671112e-07 ; dt = 39545.0
inout (power) : iter =    643 ; delta = 9.551206e-07 ; dt = 39607.6
inout (power) : iter =    644 ; delta = 9.432812e-07 ; dt = 39669.0
inout (power) : iter =    645 ; delta = 9.315910e-07 ; dt = 39730.3
inout (power) : iter =    646 ; delta = 9.200483e-07 ; dt = 39792.3
inout (power) : iter =    647 ; delta = 9.086510e-07 ; dt = 39853.6
inout (power) : iter =    648 ; delta = 8.973975e-07 ; dt = 39915.6
inout (power) : iter =    649 ; delta = 8.862861e-07 ; dt = 39977.0
inout (power) : iter =    650 ; delta = 8.753145e-07 ; dt = 40038.3
inout (power) : iter =    651 ; delta = 8.644811e-07 ; dt = 40100.3
inout (power) : iter =    652 ; delta = 8.537840e-07 ; dt = 40161.7
inout (power) : iter =    653 ; delta = 8.432218e-07 ; dt = 40223.7
inout (power) : iter =    654 ; delta = 8.327927e-07 ; dt = 40285.7
inout (power) : iter =    655 ; delta = 8.224949e-07 ; dt = 40347.7
inout (power) : iter =    656 ; delta = 8.123265e-07 ; dt = 40409.1
inout (power) : iter =    657 ; delta = 8.022859e-07 ; dt = 40470.4
inout (power) : iter =    658 ; delta = 7.923714e-07 ; dt = 40531.7
inout (power) : iter =    659 ; delta = 7.825815e-07 ; dt = 40593.1
inout (power) : iter =    660 ; delta = 7.729142e-07 ; dt = 40654.4
inout (power) : iter =    661 ; delta = 7.633684e-07 ; dt = 40715.7
inout (power) : iter =    662 ; delta = 7.539423e-07 ; dt = 40777.7
inout (power) : iter =    663 ; delta = 7.446346e-07 ; dt = 40839.8
inout (power) : iter =    664 ; delta = 7.354437e-07 ; dt = 40901.1
inout (power) : iter =    665 ; delta = 7.263680e-07 ; dt = 40962.4
inout (power) : iter =    666 ; delta = 7.174064e-07 ; dt = 41023.8
inout (power) : iter =    667 ; delta = 7.085572e-07 ; dt = 41085.1
inout (power) : iter =    668 ; delta = 6.998188e-07 ; dt = 41146.5
inout (power) : iter =    669 ; delta = 6.911900e-07 ; dt = 41207.8
inout (power) : iter =    670 ; delta = 6.826693e-07 ; dt = 41269.2
inout (power) : iter =    671 ; delta = 6.742553e-07 ; dt = 41331.2
inout (power) : iter =    672 ; delta = 6.659465e-07 ; dt = 41392.5
inout (power) : iter =    673 ; delta = 6.577417e-07 ; dt = 41453.9
inout (power) : iter =    674 ; delta = 6.496397e-07 ; dt = 41515.2
inout (power) : iter =    675 ; delta = 6.416390e-07 ; dt = 41576.6
inout (power) : iter =    676 ; delta = 6.337385e-07 ; dt = 41637.9
inout (power) : iter =    677 ; delta = 6.259368e-07 ; dt = 41699.2
inout (power) : iter =    678 ; delta = 6.182329e-07 ; dt = 41760.6
inout (power) : iter =    679 ; delta = 6.106255e-07 ; dt = 41821.9
inout (power) : iter =    680 ; delta = 6.031133e-07 ; dt = 41883.3
inout (power) : iter =    681 ; delta = 5.956951e-07 ; dt = 41944.6
inout (power) : iter =    682 ; delta = 5.883696e-07 ; dt = 42006.6
inout (power) : iter =    683 ; delta = 5.811357e-07 ; dt = 42067.9
inout (power) : iter =    684 ; delta = 5.739923e-07 ; dt = 42129.3
inout (power) : iter =    685 ; delta = 5.669382e-07 ; dt = 42190.6
inout (power) : iter =    686 ; delta = 5.599720e-07 ; dt = 42253.3
inout (power) : iter =    687 ; delta = 5.530928e-07 ; dt = 42314.6
inout (power) : iter =    688 ; delta = 5.462994e-07 ; dt = 42376.0
inout (power) : iter =    689 ; delta = 5.395909e-07 ; dt = 42438.0
inout (power) : iter =    690 ; delta = 5.329662e-07 ; dt = 42500.0
inout (power) : iter =    691 ; delta = 5.264240e-07 ; dt = 42562.0
inout (power) : iter =    692 ; delta = 5.199635e-07 ; dt = 42623.3
inout (power) : iter =    693 ; delta = 5.135836e-07 ; dt = 42684.7
inout (power) : iter =    694 ; delta = 5.072832e-07 ; dt = 42746.0
inout (power) : iter =    695 ; delta = 5.010613e-07 ; dt = 42807.3
inout (power) : iter =    696 ; delta = 4.949168e-07 ; dt = 42868.7
inout (power) : iter =    697 ; delta = 4.888490e-07 ; dt = 42930.0
inout (power) : iter =    698 ; delta = 4.828567e-07 ; dt = 42991.4
inout (power) : iter =    699 ; delta = 4.769393e-07 ; dt = 43052.7
inout (power) : iter =    700 ; delta = 4.710956e-07 ; dt = 43114.7
inout (power) : iter =    701 ; delta = 4.653247e-07 ; dt = 43176.1
inout (power) : iter =    702 ; delta = 4.596261e-07 ; dt = 43237.4
inout (power) : iter =    703 ; delta = 4.539984e-07 ; dt = 43298.7
inout (power) : iter =    704 ; delta = 4.484407e-07 ; dt = 43360.1
inout (power) : iter =    705 ; delta = 4.429521e-07 ; dt = 43422.1
inout (power) : iter =    706 ; delta = 4.375318e-07 ; dt = 43483.4
inout (power) : iter =    707 ; delta = 4.321790e-07 ; dt = 43544.8
inout (power) : iter =    708 ; delta = 4.268926e-07 ; dt = 43607.5
inout (power) : iter =    709 ; delta = 4.216719e-07 ; dt = 43668.8
inout (power) : iter =    710 ; delta = 4.165159e-07 ; dt = 43730.8
inout (power) : iter =    711 ; delta = 4.114250e-07 ; dt = 43792.1
inout (power) : iter =    712 ; delta = 4.063982e-07 ; dt = 43853.5
inout (power) : iter =    713 ; delta = 4.014339e-07 ; dt = 43914.8
inout (power) : iter =    714 ; delta = 3.965315e-07 ; dt = 43976.1
inout (power) : iter =    715 ; delta = 3.916901e-07 ; dt = 44037.5
inout (power) : iter =    716 ; delta = 3.869089e-07 ; dt = 44100.2
inout (power) : iter =    717 ; delta = 3.821874e-07 ; dt = 44161.5
inout (power) : iter =    718 ; delta = 3.775243e-07 ; dt = 44222.8
inout (power) : iter =    719 ; delta = 3.729191e-07 ; dt = 44285.5
inout (power) : iter =    720 ; delta = 3.683710e-07 ; dt = 44346.9
inout (power) : iter =    721 ; delta = 3.638791e-07 ; dt = 44408.2
inout (power) : iter =    722 ; delta = 3.594429e-07 ; dt = 44469.5
inout (power) : iter =    723 ; delta = 3.550616e-07 ; dt = 44530.9
inout (power) : iter =    724 ; delta = 3.507345e-07 ; dt = 44592.9
inout (power) : iter =    725 ; delta = 3.464610e-07 ; dt = 44654.2
inout (power) : iter =    726 ; delta = 3.422405e-07 ; dt = 44716.2
inout (power) : iter =    727 ; delta = 3.380722e-07 ; dt = 44777.6
inout (power) : iter =    728 ; delta = 3.339555e-07 ; dt = 44838.9
inout (power) : iter =    729 ; delta = 3.298897e-07 ; dt = 44900.3
inout (power) : iter =    730 ; delta = 3.258742e-07 ; dt = 44961.6
inout (power) : iter =    731 ; delta = 3.219083e-07 ; dt = 45023.6
inout (power) : iter =    732 ; delta = 3.179914e-07 ; dt = 45085.0
inout (power) : iter =    733 ; delta = 3.141228e-07 ; dt = 45147.0
inout (power) : iter =    734 ; delta = 3.103020e-07 ; dt = 45209.0
inout (power) : iter =    735 ; delta = 3.065284e-07 ; dt = 45270.3
inout (power) : iter =    736 ; delta = 3.028014e-07 ; dt = 45333.0
inout (power) : iter =    737 ; delta = 2.991203e-07 ; dt = 45394.3
inout (power) : iter =    738 ; delta = 2.954849e-07 ; dt = 45455.7
inout (power) : iter =    739 ; delta = 2.918943e-07 ; dt = 45517.0
inout (power) : iter =    740 ; delta = 2.883480e-07 ; dt = 45578.3
inout (power) : iter =    741 ; delta = 2.848454e-07 ; dt = 45639.7
inout (power) : iter =    742 ; delta = 2.813860e-07 ; dt = 45701.0
inout (power) : iter =    743 ; delta = 2.779693e-07 ; dt = 45762.4
inout (power) : iter =    744 ; delta = 2.745947e-07 ; dt = 45824.4
inout (power) : iter =    745 ; delta = 2.712617e-07 ; dt = 45885.7
inout (power) : iter =    746 ; delta = 2.679698e-07 ; dt = 45947.0
inout (power) : iter =    747 ; delta = 2.647185e-07 ; dt = 46008.4
inout (power) : iter =    748 ; delta = 2.615073e-07 ; dt = 46069.7
inout (power) : iter =    749 ; delta = 2.583358e-07 ; dt = 46131.8
inout (power) : iter =    750 ; delta = 2.552034e-07 ; dt = 46193.1
inout (power) : iter =    751 ; delta = 2.521099e-07 ; dt = 46254.4
inout (power) : iter =    752 ; delta = 2.490555e-07 ; dt = 46315.8
inout (power) : iter =    753 ; delta = 2.460399e-07 ; dt = 46377.8
inout (power) : iter =    754 ; delta = 2.430621e-07 ; dt = 46439.1
inout (power) : iter =    755 ; delta = 2.401213e-07 ; dt = 46501.1
inout (power) : iter =    756 ; delta = 2.372167e-07 ; dt = 46563.1
inout (power) : iter =    757 ; delta = 2.343477e-07 ; dt = 46624.4
inout (power) : iter =    758 ; delta = 2.315139e-07 ; dt = 46685.8
inout (power) : iter =    759 ; delta = 2.287149e-07 ; dt = 46747.1
inout (power) : iter =    760 ; delta = 2.259503e-07 ; dt = 46808.5
inout (power) : iter =    761 ; delta = 2.232195e-07 ; dt = 46869.8
inout (power) : iter =    762 ; delta = 2.205223e-07 ; dt = 46931.1
inout (power) : iter =    763 ; delta = 2.178582e-07 ; dt = 46992.5
inout (power) : iter =    764 ; delta = 2.152267e-07 ; dt = 47053.8
inout (power) : iter =    765 ; delta = 2.126276e-07 ; dt = 47115.1
inout (power) : iter =    766 ; delta = 2.100604e-07 ; dt = 47176.5
inout (power) : iter =    767 ; delta = 2.075247e-07 ; dt = 47237.8
inout (power) : iter =    768 ; delta = 2.050201e-07 ; dt = 47299.1
inout (power) : iter =    769 ; delta = 2.025462e-07 ; dt = 47361.1
inout (power) : iter =    770 ; delta = 2.001025e-07 ; dt = 47422.4
inout (power) : iter =    771 ; delta = 1.976887e-07 ; dt = 47483.8
inout (power) : iter =    772 ; delta = 1.953045e-07 ; dt = 47545.1
inout (power) : iter =    773 ; delta = 1.929494e-07 ; dt = 47608.5
inout (power) : iter =    774 ; delta = 1.906232e-07 ; dt = 47669.8
inout (power) : iter =    775 ; delta = 1.883255e-07 ; dt = 47731.1
inout (power) : iter =    776 ; delta = 1.860558e-07 ; dt = 47792.5
inout (power) : iter =    777 ; delta = 1.838139e-07 ; dt = 47853.8
inout (power) : iter =    778 ; delta = 1.815994e-07 ; dt = 47915.1
inout (power) : iter =    779 ; delta = 1.794119e-07 ; dt = 47976.5
inout (power) : iter =    780 ; delta = 1.772512e-07 ; dt = 48037.8
inout (power) : iter =    781 ; delta = 1.751169e-07 ; dt = 48099.2
inout (power) : iter =    782 ; delta = 1.730087e-07 ; dt = 48160.5
inout (power) : iter =    783 ; delta = 1.709262e-07 ; dt = 48221.9
inout (power) : iter =    784 ; delta = 1.688692e-07 ; dt = 48283.2
inout (power) : iter =    785 ; delta = 1.668372e-07 ; dt = 48344.6
inout (power) : iter =    786 ; delta = 1.648301e-07 ; dt = 48406.6
inout (power) : iter =    787 ; delta = 1.628476e-07 ; dt = 48467.9
inout (power) : iter =    788 ; delta = 1.608892e-07 ; dt = 48529.2
inout (power) : iter =    789 ; delta = 1.589547e-07 ; dt = 48591.2
inout (power) : iter =    790 ; delta = 1.570438e-07 ; dt = 48652.6
inout (power) : iter =    791 ; delta = 1.551563e-07 ; dt = 48713.9
inout (power) : iter =    792 ; delta = 1.532921e-07 ; dt = 48775.9
inout (power) : iter =    793 ; delta = 1.514507e-07 ; dt = 48837.9
inout (power) : iter =    794 ; delta = 1.496317e-07 ; dt = 48899.3
inout (power) : iter =    795 ; delta = 1.478350e-07 ; dt = 48961.9
inout (power) : iter =    796 ; delta = 1.460601e-07 ; dt = 49023.3
inout (power) : iter =    797 ; delta = 1.443069e-07 ; dt = 49085.3
inout (power) : iter =    798 ; delta = 1.425750e-07 ; dt = 49146.6
inout (power) : iter =    799 ; delta = 1.408642e-07 ; dt = 49208.6
inout (power) : iter =    800 ; delta = 1.391742e-07 ; dt = 49270.0
inout (power) : iter =    801 ; delta = 1.375048e-07 ; dt = 49331.9
inout (power) : iter =    802 ; delta = 1.358557e-07 ; dt = 49394.0
inout (power) : iter =    803 ; delta = 1.342266e-07 ; dt = 49456.0
inout (power) : iter =    804 ; delta = 1.326174e-07 ; dt = 49517.3
inout (power) : iter =    805 ; delta = 1.310276e-07 ; dt = 49579.3
inout (power) : iter =    806 ; delta = 1.294572e-07 ; dt = 49640.6
inout (power) : iter =    807 ; delta = 1.279059e-07 ; dt = 49702.0
inout (power) : iter =    808 ; delta = 1.263735e-07 ; dt = 49763.3
inout (power) : iter =    809 ; delta = 1.248596e-07 ; dt = 49824.7
inout (power) : iter =    810 ; delta = 1.233642e-07 ; dt = 49886.0
inout (power) : iter =    811 ; delta = 1.218869e-07 ; dt = 49947.3
inout (power) : iter =    812 ; delta = 1.204276e-07 ; dt = 50008.7
inout (power) : iter =    813 ; delta = 1.189860e-07 ; dt = 50070.0
inout (power) : iter =    814 ; delta = 1.175619e-07 ; dt = 50132.1
inout (power) : iter =    815 ; delta = 1.161551e-07 ; dt = 50193.4
inout (power) : iter =    816 ; delta = 1.147653e-07 ; dt = 50254.7
inout (power) : iter =    817 ; delta = 1.133923e-07 ; dt = 50316.1
inout (power) : iter =    818 ; delta = 1.120360e-07 ; dt = 50377.4
inout (power) : iter =    819 ; delta = 1.106963e-07 ; dt = 50439.4
inout (power) : iter =    820 ; delta = 1.093729e-07 ; dt = 50500.7
inout (power) : iter =    821 ; delta = 1.080656e-07 ; dt = 50562.0
inout (power) : iter =    822 ; delta = 1.067743e-07 ; dt = 50623.4
inout (power) : iter =    823 ; delta = 1.054986e-07 ; dt = 50684.7
inout (power) : iter =    824 ; delta = 1.042383e-07 ; dt = 50746.1
inout (power) : iter =    825 ; delta = 1.029934e-07 ; dt = 50807.4
inout (power) : iter =    826 ; delta = 1.017636e-07 ; dt = 50868.8
inout (power) : iter =    827 ; delta = 1.005488e-07 ; dt = 50930.8
inout (power) : iter =    828 ; delta = 9.934873e-08 ; dt = 50992.2
inout(b=0.5000,it=1.000000e-02) : solved pagerank(a=0.9900) in   828 mults to 1.000000e-07 tol
output norm: 1.0000000000000000e+00
