Parameters: 
   graphfile = /var/tmp/dgleich/data/uk-2006-05
      output = none
         alg = inout
       alpha = 0.99
         tol = 1e-07
       maxit = 10000

nodes = 77741046
edges = -1329769956
inout(0.9900,0.5000,1.000000e-02) with tol=1.000000e-07 and maxit= 10000 iterations
inout (outer) : iter =      5 ; odelta = 3.117392e-01 ; dt =   437.8
inout (outer) : iter =      8 ; odelta = 1.082942e-01 ; dt =   701.9
inout (outer) : iter =     11 ; odelta = 5.726927e-02 ; dt =   966.1
inout (outer) : iter =     13 ; odelta = 4.101055e-02 ; dt =  1142.3
inout (outer) : iter =     15 ; odelta = 3.246454e-02 ; dt =  1318.5
inout (outer) : iter =     17 ; odelta = 2.696285e-02 ; dt =  1494.7
inout (outer) : iter =     19 ; odelta = 2.307070e-02 ; dt =  1670.9
inout (outer) : iter =     21 ; odelta = 2.014704e-02 ; dt =  1847.1
inout (outer) : iter =     22 ; odelta = 1.855246e-02 ; dt =  1936.0
inout (outer) : iter =     23 ; odelta = 1.717732e-02 ; dt =  2024.9
inout (outer) : iter =     24 ; odelta = 1.598329e-02 ; dt =  2113.8
inout (outer) : iter =     25 ; odelta = 1.493996e-02 ; dt =  2202.7
inout (outer) : iter =     26 ; odelta = 1.401487e-02 ; dt =  2291.6
inout (outer) : iter =     27 ; odelta = 1.318875e-02 ; dt =  2380.5
inout (outer) : iter =     28 ; odelta = 1.244329e-02 ; dt =  2469.4
inout (outer) : iter =     29 ; odelta = 1.177091e-02 ; dt =  2558.3
inout (outer) : iter =     30 ; odelta = 1.116055e-02 ; dt =  2647.2
inout (outer) : iter =     31 ; odelta = 1.060491e-02 ; dt =  2736.8
inout (outer) : iter =     32 ; odelta = 1.009626e-02 ; dt =  2825.7
inout (outer) : iter =     33 ; odelta = 9.630307e-03 ; dt =  2914.6
inout (power) : iter =     34 ; delta = 9.202196e-03 ; dt =  3003.3
inout (power) : iter =     35 ; delta = 8.806174e-03 ; dt =  3090.5
inout (power) : iter =     36 ; delta = 8.438677e-03 ; dt =  3177.1
inout (power) : iter =     37 ; delta = 8.096026e-03 ; dt =  3263.6
inout (power) : iter =     38 ; delta = 7.775718e-03 ; dt =  3350.2
inout (power) : iter =     39 ; delta = 7.475494e-03 ; dt =  3436.6
inout (power) : iter =     40 ; delta = 7.193192e-03 ; dt =  3523.1
inout (power) : iter =     41 ; delta = 6.927540e-03 ; dt =  3609.7
inout (power) : iter =     42 ; delta = 6.677125e-03 ; dt =  3696.2
inout (power) : iter =     43 ; delta = 6.441474e-03 ; dt =  3783.5
inout (power) : iter =     44 ; delta = 6.219316e-03 ; dt =  3870.0
inout (power) : iter =     45 ; delta = 6.009370e-03 ; dt =  3956.6
inout (power) : iter =     46 ; delta = 5.810941e-03 ; dt =  4043.1
inout (power) : iter =     47 ; delta = 5.622882e-03 ; dt =  4129.7
inout (power) : iter =     48 ; delta = 5.444458e-03 ; dt =  4216.2
inout (power) : iter =     49 ; delta = 5.274963e-03 ; dt =  4302.8
inout (power) : iter =     50 ; delta = 5.114215e-03 ; dt =  4389.3
inout (power) : iter =     51 ; delta = 4.961540e-03 ; dt =  4475.7
inout (power) : iter =     52 ; delta = 4.816196e-03 ; dt =  4562.2
inout (power) : iter =     53 ; delta = 4.677652e-03 ; dt =  4650.2
inout (power) : iter =     54 ; delta = 4.545087e-03 ; dt =  4737.4
inout (power) : iter =     55 ; delta = 4.418062e-03 ; dt =  4823.9
inout (power) : iter =     56 ; delta = 4.296047e-03 ; dt =  4910.5
inout (power) : iter =     57 ; delta = 4.178952e-03 ; dt =  4997.0
inout (power) : iter =     58 ; delta = 4.066535e-03 ; dt =  5083.6
inout (power) : iter =     59 ; delta = 3.958477e-03 ; dt =  5170.1
inout (power) : iter =     60 ; delta = 3.854602e-03 ; dt =  5256.7
inout (power) : iter =     61 ; delta = 3.754557e-03 ; dt =  5343.2
inout (power) : iter =     62 ; delta = 3.658220e-03 ; dt =  5429.8
inout (power) : iter =     63 ; delta = 3.565632e-03 ; dt =  5517.0
inout (power) : iter =     64 ; delta = 3.476515e-03 ; dt =  5604.2
inout (power) : iter =     65 ; delta = 3.390607e-03 ; dt =  5690.8
inout (power) : iter =     66 ; delta = 3.307826e-03 ; dt =  5777.4
inout (power) : iter =     67 ; delta = 3.227939e-03 ; dt =  5863.9
inout (power) : iter =     68 ; delta = 3.151076e-03 ; dt =  5951.1
inout (power) : iter =     69 ; delta = 3.076743e-03 ; dt =  6037.6
inout (power) : iter =     70 ; delta = 3.004750e-03 ; dt =  6124.2
inout (power) : iter =     71 ; delta = 2.934990e-03 ; dt =  6210.7
inout (power) : iter =     72 ; delta = 2.867420e-03 ; dt =  6297.3
inout (power) : iter =     73 ; delta = 2.801897e-03 ; dt =  6383.8
inout (power) : iter =     74 ; delta = 2.738397e-03 ; dt =  6470.4
inout (power) : iter =     75 ; delta = 2.676774e-03 ; dt =  6557.6
inout (power) : iter =     76 ; delta = 2.616958e-03 ; dt =  6644.2
inout (power) : iter =     77 ; delta = 2.558833e-03 ; dt =  6730.7
inout (power) : iter =     78 ; delta = 2.502313e-03 ; dt =  6817.3
inout (power) : iter =     79 ; delta = 2.447388e-03 ; dt =  6903.8
inout (power) : iter =     80 ; delta = 2.393994e-03 ; dt =  6990.4
inout (power) : iter =     81 ; delta = 2.342090e-03 ; dt =  7076.9
inout (power) : iter =     82 ; delta = 2.291611e-03 ; dt =  7164.1
inout (power) : iter =     83 ; delta = 2.242519e-03 ; dt =  7250.7
inout (power) : iter =     84 ; delta = 2.194748e-03 ; dt =  7337.2
inout (power) : iter =     85 ; delta = 2.148254e-03 ; dt =  7424.5
inout (power) : iter =     86 ; delta = 2.102994e-03 ; dt =  7511.0
inout (power) : iter =     87 ; delta = 2.058919e-03 ; dt =  7597.6
inout (power) : iter =     88 ; delta = 2.016001e-03 ; dt =  7684.1
inout (power) : iter =     89 ; delta = 1.974214e-03 ; dt =  7771.4
inout (power) : iter =     90 ; delta = 1.933497e-03 ; dt =  7858.6
inout (power) : iter =     91 ; delta = 1.893842e-03 ; dt =  7945.1
inout (power) : iter =     92 ; delta = 1.855221e-03 ; dt =  8031.7
inout (power) : iter =     93 ; delta = 1.817643e-03 ; dt =  8118.2
inout (power) : iter =     94 ; delta = 1.781025e-03 ; dt =  8204.8
inout (power) : iter =     95 ; delta = 1.745327e-03 ; dt =  8291.3
inout (power) : iter =     96 ; delta = 1.710520e-03 ; dt =  8377.9
inout (power) : iter =     97 ; delta = 1.676606e-03 ; dt =  8464.5
inout (power) : iter =     98 ; delta = 1.643590e-03 ; dt =  8551.7
inout (power) : iter =     99 ; delta = 1.611409e-03 ; dt =  8638.9
inout (power) : iter =    100 ; delta = 1.579993e-03 ; dt =  8726.1
inout (power) : iter =    101 ; delta = 1.549320e-03 ; dt =  8812.7
inout (power) : iter =    102 ; delta = 1.519383e-03 ; dt =  8899.2
inout (power) : iter =    103 ; delta = 1.490158e-03 ; dt =  8986.5
inout (power) : iter =    104 ; delta = 1.461620e-03 ; dt =  9073.0
inout (power) : iter =    105 ; delta = 1.433734e-03 ; dt =  9159.6
inout (power) : iter =    106 ; delta = 1.406480e-03 ; dt =  9246.1
inout (power) : iter =    107 ; delta = 1.379846e-03 ; dt =  9334.0
inout (power) : iter =    108 ; delta = 1.353854e-03 ; dt =  9421.9
inout (power) : iter =    109 ; delta = 1.328468e-03 ; dt =  9508.5
inout (power) : iter =    110 ; delta = 1.303679e-03 ; dt =  9595.0
inout (power) : iter =    111 ; delta = 1.279476e-03 ; dt =  9681.6
inout (power) : iter =    112 ; delta = 1.255830e-03 ; dt =  9768.1
inout (power) : iter =    113 ; delta = 1.232739e-03 ; dt =  9854.7
inout (power) : iter =    114 ; delta = 1.210168e-03 ; dt =  9941.2
inout (power) : iter =    115 ; delta = 1.188130e-03 ; dt = 10027.8
inout (power) : iter =    116 ; delta = 1.166575e-03 ; dt = 10114.3
inout (power) : iter =    117 ; delta = 1.145539e-03 ; dt = 10200.9
inout (power) : iter =    118 ; delta = 1.124968e-03 ; dt = 10287.4
inout (power) : iter =    119 ; delta = 1.104829e-03 ; dt = 10374.0
inout (power) : iter =    120 ; delta = 1.085117e-03 ; dt = 10461.2
inout (power) : iter =    121 ; delta = 1.065817e-03 ; dt = 10547.8
inout (power) : iter =    122 ; delta = 1.046920e-03 ; dt = 10634.3
inout (power) : iter =    123 ; delta = 1.028431e-03 ; dt = 10720.9
inout (power) : iter =    124 ; delta = 1.010359e-03 ; dt = 10807.4
inout (power) : iter =    125 ; delta = 9.926642e-04 ; dt = 10893.9
inout (power) : iter =    126 ; delta = 9.753355e-04 ; dt = 10981.2
inout (power) : iter =    127 ; delta = 9.583551e-04 ; dt = 11067.7
inout (power) : iter =    128 ; delta = 9.417147e-04 ; dt = 11154.3
inout (power) : iter =    129 ; delta = 9.254071e-04 ; dt = 11240.9
inout (power) : iter =    130 ; delta = 9.094282e-04 ; dt = 11327.4
inout (power) : iter =    131 ; delta = 8.937630e-04 ; dt = 11414.0
inout (power) : iter =    132 ; delta = 8.784076e-04 ; dt = 11500.5
inout (power) : iter =    133 ; delta = 8.633555e-04 ; dt = 11587.1
inout (power) : iter =    134 ; delta = 8.486031e-04 ; dt = 11673.7
inout (power) : iter =    135 ; delta = 8.341379e-04 ; dt = 11760.2
inout (power) : iter =    136 ; delta = 8.199567e-04 ; dt = 11846.8
inout (power) : iter =    137 ; delta = 8.060525e-04 ; dt = 11933.4
inout (power) : iter =    138 ; delta = 7.924200e-04 ; dt = 12019.9
inout (power) : iter =    139 ; delta = 7.790544e-04 ; dt = 12106.5
inout (power) : iter =    140 ; delta = 7.659509e-04 ; dt = 12193.1
inout (power) : iter =    141 ; delta = 7.530988e-04 ; dt = 12279.6
inout (power) : iter =    142 ; delta = 7.404906e-04 ; dt = 12366.2
inout (power) : iter =    143 ; delta = 7.281251e-04 ; dt = 12452.8
inout (power) : iter =    144 ; delta = 7.159935e-04 ; dt = 12539.4
inout (power) : iter =    145 ; delta = 7.040903e-04 ; dt = 12625.9
inout (power) : iter =    146 ; delta = 6.924125e-04 ; dt = 12712.5
inout (power) : iter =    147 ; delta = 6.809574e-04 ; dt = 12799.1
inout (power) : iter =    148 ; delta = 6.697236e-04 ; dt = 12885.6
inout (power) : iter =    149 ; delta = 6.587030e-04 ; dt = 12972.2
inout (power) : iter =    150 ; delta = 6.478841e-04 ; dt = 13058.8
inout (power) : iter =    151 ; delta = 6.372715e-04 ; dt = 13145.3
inout (power) : iter =    152 ; delta = 6.268572e-04 ; dt = 13232.6
inout (power) : iter =    153 ; delta = 6.166435e-04 ; dt = 13319.1
inout (power) : iter =    154 ; delta = 6.066235e-04 ; dt = 13406.4
inout (power) : iter =    155 ; delta = 5.967957e-04 ; dt = 13492.9
inout (power) : iter =    156 ; delta = 5.871627e-04 ; dt = 13579.5
inout (power) : iter =    157 ; delta = 5.777300e-04 ; dt = 13666.1
inout (power) : iter =    158 ; delta = 5.684804e-04 ; dt = 13752.7
inout (power) : iter =    159 ; delta = 5.594002e-04 ; dt = 13839.2
inout (power) : iter =    160 ; delta = 5.504877e-04 ; dt = 13925.8
inout (power) : iter =    161 ; delta = 5.417412e-04 ; dt = 14012.3
inout (power) : iter =    162 ; delta = 5.331993e-04 ; dt = 14098.9
inout (power) : iter =    163 ; delta = 5.248121e-04 ; dt = 14185.4
inout (power) : iter =    164 ; delta = 5.165789e-04 ; dt = 14272.0
inout (power) : iter =    165 ; delta = 5.084983e-04 ; dt = 14358.5
inout (power) : iter =    166 ; delta = 5.005611e-04 ; dt = 14445.1
inout (power) : iter =    167 ; delta = 4.927600e-04 ; dt = 14531.7
inout (power) : iter =    168 ; delta = 4.850923e-04 ; dt = 14618.2
inout (power) : iter =    169 ; delta = 4.775595e-04 ; dt = 14704.6
inout (power) : iter =    170 ; delta = 4.701586e-04 ; dt = 14791.2
inout (power) : iter =    171 ; delta = 4.628869e-04 ; dt = 14877.7
inout (power) : iter =    172 ; delta = 4.557438e-04 ; dt = 14964.3
inout (power) : iter =    173 ; delta = 4.487241e-04 ; dt = 15050.9
inout (power) : iter =    174 ; delta = 4.418267e-04 ; dt = 15137.3
inout (power) : iter =    175 ; delta = 4.350499e-04 ; dt = 15223.9
inout (power) : iter =    176 ; delta = 4.284077e-04 ; dt = 15310.4
inout (power) : iter =    177 ; delta = 4.218961e-04 ; dt = 15397.0
inout (power) : iter =    178 ; delta = 4.155114e-04 ; dt = 15483.5
inout (power) : iter =    179 ; delta = 4.092372e-04 ; dt = 15570.8
inout (power) : iter =    180 ; delta = 4.030695e-04 ; dt = 15657.4
inout (power) : iter =    181 ; delta = 3.970058e-04 ; dt = 15743.9
inout (power) : iter =    182 ; delta = 3.910437e-04 ; dt = 15830.5
inout (power) : iter =    183 ; delta = 3.851789e-04 ; dt = 15917.0
inout (power) : iter =    184 ; delta = 3.794145e-04 ; dt = 16003.6
inout (power) : iter =    185 ; delta = 3.737482e-04 ; dt = 16090.1
inout (power) : iter =    186 ; delta = 3.681764e-04 ; dt = 16176.7
inout (power) : iter =    187 ; delta = 3.626949e-04 ; dt = 16263.9
inout (power) : iter =    188 ; delta = 3.573015e-04 ; dt = 16350.5
inout (power) : iter =    189 ; delta = 3.519948e-04 ; dt = 16437.0
inout (power) : iter =    190 ; delta = 3.467737e-04 ; dt = 16523.6
inout (power) : iter =    191 ; delta = 3.416370e-04 ; dt = 16610.1
inout (power) : iter =    192 ; delta = 3.365823e-04 ; dt = 16696.5
inout (power) : iter =    193 ; delta = 3.316093e-04 ; dt = 16783.1
inout (power) : iter =    194 ; delta = 3.267185e-04 ; dt = 16869.5
inout (power) : iter =    195 ; delta = 3.219067e-04 ; dt = 16956.1
inout (power) : iter =    196 ; delta = 3.171736e-04 ; dt = 17042.6
inout (power) : iter =    197 ; delta = 3.125158e-04 ; dt = 17129.2
inout (power) : iter =    198 ; delta = 3.079322e-04 ; dt = 17215.7
inout (power) : iter =    199 ; delta = 3.034217e-04 ; dt = 17302.3
inout (power) : iter =    200 ; delta = 2.989823e-04 ; dt = 17388.9
inout (power) : iter =    201 ; delta = 2.946139e-04 ; dt = 17475.4
inout (power) : iter =    202 ; delta = 2.903144e-04 ; dt = 17562.7
inout (power) : iter =    203 ; delta = 2.860820e-04 ; dt = 17649.2
inout (power) : iter =    204 ; delta = 2.819158e-04 ; dt = 17735.8
inout (power) : iter =    205 ; delta = 2.778161e-04 ; dt = 17823.0
inout (power) : iter =    206 ; delta = 2.737817e-04 ; dt = 17909.6
inout (power) : iter =    207 ; delta = 2.698102e-04 ; dt = 17996.1
inout (power) : iter =    208 ; delta = 2.659002e-04 ; dt = 18082.7
inout (power) : iter =    209 ; delta = 2.620508e-04 ; dt = 18169.3
inout (power) : iter =    210 ; delta = 2.582607e-04 ; dt = 18255.8
inout (power) : iter =    211 ; delta = 2.545288e-04 ; dt = 18342.4
inout (power) : iter =    212 ; delta = 2.508560e-04 ; dt = 18428.9
inout (power) : iter =    213 ; delta = 2.472409e-04 ; dt = 18515.5
inout (power) : iter =    214 ; delta = 2.436828e-04 ; dt = 18602.7
inout (power) : iter =    215 ; delta = 2.401796e-04 ; dt = 18689.3
inout (power) : iter =    216 ; delta = 2.367301e-04 ; dt = 18775.8
inout (power) : iter =    217 ; delta = 2.333335e-04 ; dt = 18862.4
inout (power) : iter =    218 ; delta = 2.299890e-04 ; dt = 18948.9
inout (power) : iter =    219 ; delta = 2.266958e-04 ; dt = 19035.5
inout (power) : iter =    220 ; delta = 2.234537e-04 ; dt = 19122.1
inout (power) : iter =    221 ; delta = 2.202613e-04 ; dt = 19208.5
inout (power) : iter =    222 ; delta = 2.171177e-04 ; dt = 19295.7
inout (power) : iter =    223 ; delta = 2.140225e-04 ; dt = 19382.3
inout (power) : iter =    224 ; delta = 2.109765e-04 ; dt = 19468.9
inout (power) : iter =    225 ; delta = 2.079802e-04 ; dt = 19555.4
inout (power) : iter =    226 ; delta = 2.050337e-04 ; dt = 19642.0
inout (power) : iter =    227 ; delta = 2.021328e-04 ; dt = 19728.6
inout (power) : iter =    228 ; delta = 1.992753e-04 ; dt = 19815.2
inout (power) : iter =    229 ; delta = 1.964607e-04 ; dt = 19901.8
inout (power) : iter =    230 ; delta = 1.936881e-04 ; dt = 19988.4
inout (power) : iter =    231 ; delta = 1.909604e-04 ; dt = 20074.9
inout (power) : iter =    232 ; delta = 1.882755e-04 ; dt = 20161.5
inout (power) : iter =    233 ; delta = 1.856320e-04 ; dt = 20248.1
inout (power) : iter =    234 ; delta = 1.830279e-04 ; dt = 20334.7
inout (power) : iter =    235 ; delta = 1.804625e-04 ; dt = 20421.3
inout (power) : iter =    236 ; delta = 1.779348e-04 ; dt = 20507.8
inout (power) : iter =    237 ; delta = 1.754442e-04 ; dt = 20594.4
inout (power) : iter =    238 ; delta = 1.729903e-04 ; dt = 20681.6
inout (power) : iter =    239 ; delta = 1.705723e-04 ; dt = 20768.9
inout (power) : iter =    240 ; delta = 1.681898e-04 ; dt = 20855.4
inout (power) : iter =    241 ; delta = 1.658437e-04 ; dt = 20942.5
inout (power) : iter =    242 ; delta = 1.635331e-04 ; dt = 21029.1
inout (power) : iter =    243 ; delta = 1.612564e-04 ; dt = 21115.7
inout (power) : iter =    244 ; delta = 1.590130e-04 ; dt = 21202.2
inout (power) : iter =    245 ; delta = 1.568024e-04 ; dt = 21288.8
inout (power) : iter =    246 ; delta = 1.546243e-04 ; dt = 21375.4
inout (power) : iter =    247 ; delta = 1.524778e-04 ; dt = 21462.0
inout (power) : iter =    248 ; delta = 1.503625e-04 ; dt = 21548.6
inout (power) : iter =    249 ; delta = 1.482780e-04 ; dt = 21635.9
inout (power) : iter =    250 ; delta = 1.462238e-04 ; dt = 21722.4
inout (power) : iter =    251 ; delta = 1.441999e-04 ; dt = 21808.9
inout (power) : iter =    252 ; delta = 1.422057e-04 ; dt = 21896.1
inout (power) : iter =    253 ; delta = 1.402406e-04 ; dt = 21982.7
inout (power) : iter =    254 ; delta = 1.383042e-04 ; dt = 22069.3
inout (power) : iter =    255 ; delta = 1.363959e-04 ; dt = 22155.8
inout (power) : iter =    256 ; delta = 1.345154e-04 ; dt = 22242.4
inout (power) : iter =    257 ; delta = 1.326624e-04 ; dt = 22329.0
inout (power) : iter =    258 ; delta = 1.308368e-04 ; dt = 22416.9
inout (power) : iter =    259 ; delta = 1.290377e-04 ; dt = 22503.5
inout (power) : iter =    260 ; delta = 1.272655e-04 ; dt = 22590.1
inout (power) : iter =    261 ; delta = 1.255192e-04 ; dt = 22676.7
inout (power) : iter =    262 ; delta = 1.237984e-04 ; dt = 22763.3
inout (power) : iter =    263 ; delta = 1.221022e-04 ; dt = 22849.9
inout (power) : iter =    264 ; delta = 1.204304e-04 ; dt = 22936.5
inout (power) : iter =    265 ; delta = 1.187824e-04 ; dt = 23023.1
inout (power) : iter =    266 ; delta = 1.171580e-04 ; dt = 23109.7
inout (power) : iter =    267 ; delta = 1.155568e-04 ; dt = 23196.2
inout (power) : iter =    268 ; delta = 1.139787e-04 ; dt = 23282.7
inout (power) : iter =    269 ; delta = 1.124230e-04 ; dt = 23369.1
inout (power) : iter =    270 ; delta = 1.108895e-04 ; dt = 23456.9
inout (power) : iter =    271 ; delta = 1.093777e-04 ; dt = 23543.3
inout (power) : iter =    272 ; delta = 1.078876e-04 ; dt = 23629.7
inout (power) : iter =    273 ; delta = 1.064190e-04 ; dt = 23716.2
inout (power) : iter =    274 ; delta = 1.049715e-04 ; dt = 23802.7
inout (power) : iter =    275 ; delta = 1.035445e-04 ; dt = 23889.2
inout (power) : iter =    276 ; delta = 1.021386e-04 ; dt = 23976.3
inout (power) : iter =    277 ; delta = 1.007527e-04 ; dt = 24063.5
inout (power) : iter =    278 ; delta = 9.938662e-05 ; dt = 24151.3
inout (power) : iter =    279 ; delta = 9.803999e-05 ; dt = 24238.5
inout (power) : iter =    280 ; delta = 9.671264e-05 ; dt = 24325.7
inout (power) : iter =    281 ; delta = 9.540414e-05 ; dt = 24412.1
inout (power) : iter =    282 ; delta = 9.411417e-05 ; dt = 24498.6
inout (power) : iter =    283 ; delta = 9.284234e-05 ; dt = 24585.1
inout (power) : iter =    284 ; delta = 9.158834e-05 ; dt = 24672.2
inout (power) : iter =    285 ; delta = 9.035193e-05 ; dt = 24758.7
inout (power) : iter =    286 ; delta = 8.913285e-05 ; dt = 24845.2
inout (power) : iter =    287 ; delta = 8.793088e-05 ; dt = 24931.7
inout (power) : iter =    288 ; delta = 8.674577e-05 ; dt = 25018.8
inout (power) : iter =    289 ; delta = 8.557761e-05 ; dt = 25105.2
inout (power) : iter =    290 ; delta = 8.442664e-05 ; dt = 25192.3
inout (power) : iter =    291 ; delta = 8.329234e-05 ; dt = 25278.8
inout (power) : iter =    292 ; delta = 8.217461e-05 ; dt = 25365.3
inout (power) : iter =    293 ; delta = 8.107286e-05 ; dt = 25451.8
inout (power) : iter =    294 ; delta = 7.998647e-05 ; dt = 25538.3
inout (power) : iter =    295 ; delta = 7.891514e-05 ; dt = 25624.8
inout (power) : iter =    296 ; delta = 7.785862e-05 ; dt = 25711.3
inout (power) : iter =    297 ; delta = 7.681686e-05 ; dt = 25797.8
inout (power) : iter =    298 ; delta = 7.578957e-05 ; dt = 25884.2
inout (power) : iter =    299 ; delta = 7.477650e-05 ; dt = 25970.7
inout (power) : iter =    300 ; delta = 7.377744e-05 ; dt = 26058.5
inout (power) : iter =    301 ; delta = 7.279225e-05 ; dt = 26145.1
inout (power) : iter =    302 ; delta = 7.182078e-05 ; dt = 26231.5
inout (power) : iter =    303 ; delta = 7.086274e-05 ; dt = 26318.0
inout (power) : iter =    304 ; delta = 6.991795e-05 ; dt = 26404.5
inout (power) : iter =    305 ; delta = 6.898643e-05 ; dt = 26491.0
inout (power) : iter =    306 ; delta = 6.806784e-05 ; dt = 26578.1
inout (power) : iter =    307 ; delta = 6.716193e-05 ; dt = 26664.6
inout (power) : iter =    308 ; delta = 6.626873e-05 ; dt = 26751.1
inout (power) : iter =    309 ; delta = 6.538798e-05 ; dt = 26837.6
inout (power) : iter =    310 ; delta = 6.451950e-05 ; dt = 26924.0
inout (power) : iter =    311 ; delta = 6.366320e-05 ; dt = 27010.5
inout (power) : iter =    312 ; delta = 6.281878e-05 ; dt = 27097.0
inout (power) : iter =    313 ; delta = 6.198599e-05 ; dt = 27183.5
inout (power) : iter =    314 ; delta = 6.116465e-05 ; dt = 27269.9
inout (power) : iter =    315 ; delta = 6.035457e-05 ; dt = 27356.4
inout (power) : iter =    316 ; delta = 5.955555e-05 ; dt = 27443.6
inout (power) : iter =    317 ; delta = 5.876744e-05 ; dt = 27530.0
inout (power) : iter =    318 ; delta = 5.799009e-05 ; dt = 27616.5
inout (power) : iter =    319 ; delta = 5.722334e-05 ; dt = 27703.0
inout (power) : iter =    320 ; delta = 5.646704e-05 ; dt = 27789.5
inout (power) : iter =    321 ; delta = 5.572108e-05 ; dt = 27875.8
inout (power) : iter =    322 ; delta = 5.498531e-05 ; dt = 27962.3
inout (power) : iter =    323 ; delta = 5.425957e-05 ; dt = 28049.4
inout (power) : iter =    324 ; delta = 5.354372e-05 ; dt = 28135.9
inout (power) : iter =    325 ; delta = 5.283764e-05 ; dt = 28222.4
inout (power) : iter =    326 ; delta = 5.214118e-05 ; dt = 28309.6
inout (power) : iter =    327 ; delta = 5.145418e-05 ; dt = 28396.0
inout (power) : iter =    328 ; delta = 5.077653e-05 ; dt = 28483.2
inout (power) : iter =    329 ; delta = 5.010810e-05 ; dt = 28569.6
inout (power) : iter =    330 ; delta = 4.944874e-05 ; dt = 28656.1
inout (power) : iter =    331 ; delta = 4.879832e-05 ; dt = 28743.2
inout (power) : iter =    332 ; delta = 4.815673e-05 ; dt = 28829.7
inout (power) : iter =    333 ; delta = 4.752388e-05 ; dt = 28916.2
inout (power) : iter =    334 ; delta = 4.689965e-05 ; dt = 29002.7
inout (power) : iter =    335 ; delta = 4.628390e-05 ; dt = 29089.2
inout (power) : iter =    336 ; delta = 4.567652e-05 ; dt = 29176.3
inout (power) : iter =    337 ; delta = 4.507738e-05 ; dt = 29262.8
inout (power) : iter =    338 ; delta = 4.448643e-05 ; dt = 29349.3
inout (power) : iter =    339 ; delta = 4.390365e-05 ; dt = 29435.8
inout (power) : iter =    340 ; delta = 4.332903e-05 ; dt = 29522.3
inout (power) : iter =    341 ; delta = 4.276307e-05 ; dt = 29608.7
inout (power) : iter =    342 ; delta = 4.220518e-05 ; dt = 29695.2
inout (power) : iter =    343 ; delta = 4.165490e-05 ; dt = 29781.7
inout (power) : iter =    344 ; delta = 4.111200e-05 ; dt = 29868.1
inout (power) : iter =    345 ; delta = 4.057641e-05 ; dt = 29954.6
inout (power) : iter =    346 ; delta = 4.004805e-05 ; dt = 30041.1
inout (power) : iter =    347 ; delta = 3.952679e-05 ; dt = 30127.6
inout (power) : iter =    348 ; delta = 3.901250e-05 ; dt = 30214.1
inout (power) : iter =    349 ; delta = 3.850519e-05 ; dt = 30301.3
inout (power) : iter =    350 ; delta = 3.800470e-05 ; dt = 30387.7
inout (power) : iter =    351 ; delta = 3.751094e-05 ; dt = 30474.2
inout (power) : iter =    352 ; delta = 3.702383e-05 ; dt = 30560.7
inout (power) : iter =    353 ; delta = 3.654326e-05 ; dt = 30647.2
inout (power) : iter =    354 ; delta = 3.606914e-05 ; dt = 30733.6
inout (power) : iter =    355 ; delta = 3.560141e-05 ; dt = 30820.1
inout (power) : iter =    356 ; delta = 3.514015e-05 ; dt = 30906.5
inout (power) : iter =    357 ; delta = 3.468517e-05 ; dt = 30993.0
inout (power) : iter =    358 ; delta = 3.423638e-05 ; dt = 31079.5
inout (power) : iter =    359 ; delta = 3.379366e-05 ; dt = 31166.0
inout (power) : iter =    360 ; delta = 3.335696e-05 ; dt = 31253.9
inout (power) : iter =    361 ; delta = 3.292608e-05 ; dt = 31342.1
inout (power) : iter =    362 ; delta = 3.250091e-05 ; dt = 31428.8
inout (power) : iter =    363 ; delta = 3.208137e-05 ; dt = 31515.3
inout (power) : iter =    364 ; delta = 3.166742e-05 ; dt = 31601.8
inout (power) : iter =    365 ; delta = 3.125901e-05 ; dt = 31688.2
inout (power) : iter =    366 ; delta = 3.085604e-05 ; dt = 31774.7
inout (power) : iter =    367 ; delta = 3.045842e-05 ; dt = 31861.2
inout (power) : iter =    368 ; delta = 3.006605e-05 ; dt = 31947.7
inout (power) : iter =    369 ; delta = 2.967888e-05 ; dt = 32034.2
inout (power) : iter =    370 ; delta = 2.929682e-05 ; dt = 32121.3
inout (power) : iter =    371 ; delta = 2.891979e-05 ; dt = 32207.8
inout (power) : iter =    372 ; delta = 2.854773e-05 ; dt = 32294.3
inout (power) : iter =    373 ; delta = 2.818056e-05 ; dt = 32380.7
inout (power) : iter =    374 ; delta = 2.781824e-05 ; dt = 32467.9
inout (power) : iter =    375 ; delta = 2.746069e-05 ; dt = 32554.4
inout (power) : iter =    376 ; delta = 2.710785e-05 ; dt = 32640.9
inout (power) : iter =    377 ; delta = 2.675967e-05 ; dt = 32728.0
inout (power) : iter =    378 ; delta = 2.641609e-05 ; dt = 32814.5
inout (power) : iter =    379 ; delta = 2.607707e-05 ; dt = 32901.0
inout (power) : iter =    380 ; delta = 2.574252e-05 ; dt = 32987.3
inout (power) : iter =    381 ; delta = 2.541241e-05 ; dt = 33073.8
inout (power) : iter =    382 ; delta = 2.508668e-05 ; dt = 33160.3
inout (power) : iter =    383 ; delta = 2.476526e-05 ; dt = 33246.8
inout (power) : iter =    384 ; delta = 2.444806e-05 ; dt = 33333.9
inout (power) : iter =    385 ; delta = 2.413504e-05 ; dt = 33420.4
inout (power) : iter =    386 ; delta = 2.382617e-05 ; dt = 33506.9
inout (power) : iter =    387 ; delta = 2.352141e-05 ; dt = 33593.4
inout (power) : iter =    388 ; delta = 2.322067e-05 ; dt = 33680.0
inout (power) : iter =    389 ; delta = 2.292389e-05 ; dt = 33767.3
inout (power) : iter =    390 ; delta = 2.263098e-05 ; dt = 33854.6
inout (power) : iter =    391 ; delta = 2.234191e-05 ; dt = 33941.3
inout (power) : iter =    392 ; delta = 2.205661e-05 ; dt = 34027.9
inout (power) : iter =    393 ; delta = 2.177505e-05 ; dt = 34114.6
inout (power) : iter =    394 ; delta = 2.149718e-05 ; dt = 34201.2
inout (power) : iter =    395 ; delta = 2.122314e-05 ; dt = 34287.9
inout (power) : iter =    396 ; delta = 2.095278e-05 ; dt = 34375.2
inout (power) : iter =    397 ; delta = 2.068594e-05 ; dt = 34461.9
inout (power) : iter =    398 ; delta = 2.042259e-05 ; dt = 34548.5
inout (power) : iter =    399 ; delta = 2.016268e-05 ; dt = 34635.2
inout (power) : iter =    400 ; delta = 1.990615e-05 ; dt = 34722.5
inout (power) : iter =    401 ; delta = 1.965297e-05 ; dt = 34809.8
inout (power) : iter =    402 ; delta = 1.940309e-05 ; dt = 34896.5
inout (power) : iter =    403 ; delta = 1.915647e-05 ; dt = 34983.1
inout (power) : iter =    404 ; delta = 1.891310e-05 ; dt = 35069.8
inout (power) : iter =    405 ; delta = 1.867290e-05 ; dt = 35156.4
inout (power) : iter =    406 ; delta = 1.843586e-05 ; dt = 35243.0
inout (power) : iter =    407 ; delta = 1.820194e-05 ; dt = 35329.7
inout (power) : iter =    408 ; delta = 1.797108e-05 ; dt = 35416.3
inout (power) : iter =    409 ; delta = 1.774322e-05 ; dt = 35503.0
inout (power) : iter =    410 ; delta = 1.751837e-05 ; dt = 35589.6
inout (power) : iter =    411 ; delta = 1.729646e-05 ; dt = 35676.9
inout (power) : iter =    412 ; delta = 1.707741e-05 ; dt = 35763.5
inout (power) : iter =    413 ; delta = 1.686123e-05 ; dt = 35850.1
inout (power) : iter =    414 ; delta = 1.664790e-05 ; dt = 35937.5
inout (power) : iter =    415 ; delta = 1.643737e-05 ; dt = 36024.8
inout (power) : iter =    416 ; delta = 1.622958e-05 ; dt = 36111.5
inout (power) : iter =    417 ; delta = 1.602448e-05 ; dt = 36198.1
inout (power) : iter =    418 ; delta = 1.582203e-05 ; dt = 36284.7
inout (power) : iter =    419 ; delta = 1.562220e-05 ; dt = 36371.4
inout (power) : iter =    420 ; delta = 1.542495e-05 ; dt = 36458.0
inout (power) : iter =    421 ; delta = 1.523023e-05 ; dt = 36544.7
inout (power) : iter =    422 ; delta = 1.503802e-05 ; dt = 36632.0
inout (power) : iter =    423 ; delta = 1.484829e-05 ; dt = 36718.6
inout (power) : iter =    424 ; delta = 1.466100e-05 ; dt = 36805.3
inout (power) : iter =    425 ; delta = 1.447613e-05 ; dt = 36891.9
inout (power) : iter =    426 ; delta = 1.429364e-05 ; dt = 36978.6
inout (power) : iter =    427 ; delta = 1.411351e-05 ; dt = 37065.2
inout (power) : iter =    428 ; delta = 1.393571e-05 ; dt = 37152.5
inout (power) : iter =    429 ; delta = 1.376018e-05 ; dt = 37239.2
inout (power) : iter =    430 ; delta = 1.358691e-05 ; dt = 37325.8
inout (power) : iter =    431 ; delta = 1.341587e-05 ; dt = 37412.5
inout (power) : iter =    432 ; delta = 1.324703e-05 ; dt = 37499.8
inout (power) : iter =    433 ; delta = 1.308035e-05 ; dt = 37587.8
inout (power) : iter =    434 ; delta = 1.291581e-05 ; dt = 37675.8
inout (power) : iter =    435 ; delta = 1.275338e-05 ; dt = 37763.1
inout (power) : iter =    436 ; delta = 1.259303e-05 ; dt = 37849.8
inout (power) : iter =    437 ; delta = 1.243474e-05 ; dt = 37936.4
inout (power) : iter =    438 ; delta = 1.227850e-05 ; dt = 38022.9
inout (power) : iter =    439 ; delta = 1.212425e-05 ; dt = 38109.6
inout (power) : iter =    440 ; delta = 1.197199e-05 ; dt = 38196.9
inout (power) : iter =    441 ; delta = 1.182166e-05 ; dt = 38283.5
inout (power) : iter =    442 ; delta = 1.167327e-05 ; dt = 38370.2
inout (power) : iter =    443 ; delta = 1.152677e-05 ; dt = 38456.8
inout (power) : iter =    444 ; delta = 1.138216e-05 ; dt = 38543.5
inout (power) : iter =    445 ; delta = 1.123942e-05 ; dt = 38630.1
inout (power) : iter =    446 ; delta = 1.109855e-05 ; dt = 38716.8
inout (power) : iter =    447 ; delta = 1.095951e-05 ; dt = 38803.4
inout (power) : iter =    448 ; delta = 1.082225e-05 ; dt = 38890.1
inout (power) : iter =    449 ; delta = 1.068674e-05 ; dt = 38976.7
inout (power) : iter =    450 ; delta = 1.055297e-05 ; dt = 39063.4
inout (power) : iter =    451 ; delta = 1.042090e-05 ; dt = 39150.0
inout (power) : iter =    452 ; delta = 1.029052e-05 ; dt = 39237.3
inout (power) : iter =    453 ; delta = 1.016181e-05 ; dt = 39324.0
inout (power) : iter =    454 ; delta = 1.003475e-05 ; dt = 39410.6
inout (power) : iter =    455 ; delta = 9.909320e-06 ; dt = 39497.3
inout (power) : iter =    456 ; delta = 9.785477e-06 ; dt = 39585.2
inout (power) : iter =    457 ; delta = 9.663215e-06 ; dt = 39672.5
inout (power) : iter =    458 ; delta = 9.542526e-06 ; dt = 39759.2
inout (power) : iter =    459 ; delta = 9.423395e-06 ; dt = 39845.8
inout (power) : iter =    460 ; delta = 9.305779e-06 ; dt = 39933.1
inout (power) : iter =    461 ; delta = 9.189661e-06 ; dt = 40019.8
inout (power) : iter =    462 ; delta = 9.075017e-06 ; dt = 40106.4
inout (power) : iter =    463 ; delta = 8.961829e-06 ; dt = 40193.0
inout (power) : iter =    464 ; delta = 8.850077e-06 ; dt = 40279.7
inout (power) : iter =    465 ; delta = 8.739740e-06 ; dt = 40367.0
inout (power) : iter =    466 ; delta = 8.630804e-06 ; dt = 40453.6
inout (power) : iter =    467 ; delta = 8.523259e-06 ; dt = 40540.3
inout (power) : iter =    468 ; delta = 8.417083e-06 ; dt = 40627.6
inout (power) : iter =    469 ; delta = 8.312297e-06 ; dt = 40714.2
inout (power) : iter =    470 ; delta = 8.208884e-06 ; dt = 40801.5
inout (power) : iter =    471 ; delta = 8.106793e-06 ; dt = 40888.2
inout (power) : iter =    472 ; delta = 8.006006e-06 ; dt = 40975.5
inout (power) : iter =    473 ; delta = 7.906497e-06 ; dt = 41062.8
inout (power) : iter =    474 ; delta = 7.808245e-06 ; dt = 41149.4
inout (power) : iter =    475 ; delta = 7.711238e-06 ; dt = 41236.1
inout (power) : iter =    476 ; delta = 7.615469e-06 ; dt = 41323.4
inout (power) : iter =    477 ; delta = 7.520913e-06 ; dt = 41410.0
inout (power) : iter =    478 ; delta = 7.427571e-06 ; dt = 41497.4
inout (power) : iter =    479 ; delta = 7.335426e-06 ; dt = 41585.3
inout (power) : iter =    480 ; delta = 7.244442e-06 ; dt = 41673.3
inout (power) : iter =    481 ; delta = 7.154607e-06 ; dt = 41760.0
inout (power) : iter =    482 ; delta = 7.065907e-06 ; dt = 41846.6
inout (power) : iter =    483 ; delta = 6.978332e-06 ; dt = 41933.3
inout (power) : iter =    484 ; delta = 6.891864e-06 ; dt = 42020.5
inout (power) : iter =    485 ; delta = 6.806491e-06 ; dt = 42107.9
inout (power) : iter =    486 ; delta = 6.722192e-06 ; dt = 42194.5
inout (power) : iter =    487 ; delta = 6.638960e-06 ; dt = 42281.1
inout (power) : iter =    488 ; delta = 6.556793e-06 ; dt = 42369.1
inout (power) : iter =    489 ; delta = 6.475671e-06 ; dt = 42455.8
inout (power) : iter =    490 ; delta = 6.395580e-06 ; dt = 42542.4
inout (power) : iter =    491 ; delta = 6.316508e-06 ; dt = 42629.0
inout (power) : iter =    492 ; delta = 6.238431e-06 ; dt = 42715.6
inout (power) : iter =    493 ; delta = 6.161347e-06 ; dt = 42802.9
inout (power) : iter =    494 ; delta = 6.085238e-06 ; dt = 42889.6
inout (power) : iter =    495 ; delta = 6.010097e-06 ; dt = 42976.7
inout (power) : iter =    496 ; delta = 5.935913e-06 ; dt = 43063.4
inout (power) : iter =    497 ; delta = 5.862675e-06 ; dt = 43150.0
inout (power) : iter =    498 ; delta = 5.790356e-06 ; dt = 43236.6
inout (power) : iter =    499 ; delta = 5.718949e-06 ; dt = 43323.3
inout (power) : iter =    500 ; delta = 5.648446e-06 ; dt = 43409.9
inout (power) : iter =    501 ; delta = 5.578831e-06 ; dt = 43496.6
inout (power) : iter =    502 ; delta = 5.510091e-06 ; dt = 43583.3
inout (power) : iter =    503 ; delta = 5.442229e-06 ; dt = 43669.9
inout (power) : iter =    504 ; delta = 5.375230e-06 ; dt = 43756.5
inout (power) : iter =    505 ; delta = 5.309086e-06 ; dt = 43843.2
inout (power) : iter =    506 ; delta = 5.243792e-06 ; dt = 43929.8
inout (power) : iter =    507 ; delta = 5.179324e-06 ; dt = 44016.5
inout (power) : iter =    508 ; delta = 5.115663e-06 ; dt = 44103.8
inout (power) : iter =    509 ; delta = 5.052797e-06 ; dt = 44190.4
inout (power) : iter =    510 ; delta = 4.990716e-06 ; dt = 44277.1
inout (power) : iter =    511 ; delta = 4.929411e-06 ; dt = 44363.7
inout (power) : iter =    512 ; delta = 4.868874e-06 ; dt = 44450.4
inout (power) : iter =    513 ; delta = 4.809094e-06 ; dt = 44537.0
inout (power) : iter =    514 ; delta = 4.750060e-06 ; dt = 44624.3
inout (power) : iter =    515 ; delta = 4.691765e-06 ; dt = 44711.0
inout (power) : iter =    516 ; delta = 4.634197e-06 ; dt = 44797.6
inout (power) : iter =    517 ; delta = 4.577348e-06 ; dt = 44884.2
inout (power) : iter =    518 ; delta = 4.521211e-06 ; dt = 44970.9
inout (power) : iter =    519 ; delta = 4.465778e-06 ; dt = 45057.5
inout (power) : iter =    520 ; delta = 4.411043e-06 ; dt = 45144.2
inout (power) : iter =    521 ; delta = 4.356993e-06 ; dt = 45230.8
inout (power) : iter =    522 ; delta = 4.303617e-06 ; dt = 45317.4
inout (power) : iter =    523 ; delta = 4.250907e-06 ; dt = 45404.1
inout (power) : iter =    524 ; delta = 4.198852e-06 ; dt = 45490.7
inout (power) : iter =    525 ; delta = 4.147445e-06 ; dt = 45577.3
inout (power) : iter =    526 ; delta = 4.096677e-06 ; dt = 45664.0
inout (power) : iter =    527 ; delta = 4.046542e-06 ; dt = 45751.2
inout (power) : iter =    528 ; delta = 3.997029e-06 ; dt = 45838.5
inout (power) : iter =    529 ; delta = 3.948132e-06 ; dt = 45925.2
inout (power) : iter =    530 ; delta = 3.899843e-06 ; dt = 46011.8
inout (power) : iter =    531 ; delta = 3.852154e-06 ; dt = 46098.5
inout (power) : iter =    532 ; delta = 3.805056e-06 ; dt = 46185.1
inout (power) : iter =    533 ; delta = 3.758544e-06 ; dt = 46271.7
inout (power) : iter =    534 ; delta = 3.712610e-06 ; dt = 46358.4
inout (power) : iter =    535 ; delta = 3.667246e-06 ; dt = 46445.0
inout (power) : iter =    536 ; delta = 3.622445e-06 ; dt = 46531.7
inout (power) : iter =    537 ; delta = 3.578199e-06 ; dt = 46618.4
inout (power) : iter =    538 ; delta = 3.534502e-06 ; dt = 46705.0
inout (power) : iter =    539 ; delta = 3.491347e-06 ; dt = 46791.7
inout (power) : iter =    540 ; delta = 3.448725e-06 ; dt = 46878.3
inout (power) : iter =    541 ; delta = 3.406632e-06 ; dt = 46964.9
inout (power) : iter =    542 ; delta = 3.365061e-06 ; dt = 47052.2
inout (power) : iter =    543 ; delta = 3.324006e-06 ; dt = 47139.6
inout (power) : iter =    544 ; delta = 3.283459e-06 ; dt = 47226.3
inout (power) : iter =    545 ; delta = 3.243414e-06 ; dt = 47312.9
inout (power) : iter =    546 ; delta = 3.203864e-06 ; dt = 47400.3
inout (power) : iter =    547 ; delta = 3.164806e-06 ; dt = 47487.6
inout (power) : iter =    548 ; delta = 3.126233e-06 ; dt = 47574.3
inout (power) : iter =    549 ; delta = 3.088137e-06 ; dt = 47661.0
inout (power) : iter =    550 ; delta = 3.050513e-06 ; dt = 47747.7
inout (power) : iter =    551 ; delta = 3.013355e-06 ; dt = 47834.3
inout (power) : iter =    552 ; delta = 2.976656e-06 ; dt = 47921.0
inout (power) : iter =    553 ; delta = 2.940412e-06 ; dt = 48007.7
inout (power) : iter =    554 ; delta = 2.904615e-06 ; dt = 48095.7
inout (power) : iter =    555 ; delta = 2.869261e-06 ; dt = 48182.4
inout (power) : iter =    556 ; delta = 2.834343e-06 ; dt = 48269.8
inout (power) : iter =    557 ; delta = 2.799858e-06 ; dt = 48356.4
inout (power) : iter =    558 ; delta = 2.765797e-06 ; dt = 48443.1
inout (power) : iter =    559 ; delta = 2.732160e-06 ; dt = 48529.7
inout (power) : iter =    560 ; delta = 2.698939e-06 ; dt = 48616.3
inout (power) : iter =    561 ; delta = 2.666127e-06 ; dt = 48703.0
inout (power) : iter =    562 ; delta = 2.633719e-06 ; dt = 48790.3
inout (power) : iter =    563 ; delta = 2.601712e-06 ; dt = 48877.0
inout (power) : iter =    564 ; delta = 2.570103e-06 ; dt = 48963.6
inout (power) : iter =    565 ; delta = 2.538886e-06 ; dt = 49050.2
inout (power) : iter =    566 ; delta = 2.508060e-06 ; dt = 49136.9
inout (power) : iter =    567 ; delta = 2.477616e-06 ; dt = 49223.5
inout (power) : iter =    568 ; delta = 2.447546e-06 ; dt = 49310.7
inout (power) : iter =    569 ; delta = 2.417848e-06 ; dt = 49397.4
inout (power) : iter =    570 ; delta = 2.388514e-06 ; dt = 49484.0
inout (power) : iter =    571 ; delta = 2.359544e-06 ; dt = 49570.7
inout (power) : iter =    572 ; delta = 2.330935e-06 ; dt = 49657.4
inout (power) : iter =    573 ; delta = 2.302678e-06 ; dt = 49744.0
inout (power) : iter =    574 ; delta = 2.274770e-06 ; dt = 49830.7
inout (power) : iter =    575 ; delta = 2.247207e-06 ; dt = 49917.3
inout (power) : iter =    576 ; delta = 2.219984e-06 ; dt = 50004.0
inout (power) : iter =    577 ; delta = 2.193104e-06 ; dt = 50090.6
inout (power) : iter =    578 ; delta = 2.166556e-06 ; dt = 50177.2
inout (power) : iter =    579 ; delta = 2.140332e-06 ; dt = 50263.9
inout (power) : iter =    580 ; delta = 2.114432e-06 ; dt = 50350.5
inout (power) : iter =    581 ; delta = 2.088850e-06 ; dt = 50437.2
inout (power) : iter =    582 ; delta = 2.063581e-06 ; dt = 50523.9
inout (power) : iter =    583 ; delta = 2.038623e-06 ; dt = 50610.5
inout (power) : iter =    584 ; delta = 2.013971e-06 ; dt = 50697.2
inout (power) : iter =    585 ; delta = 1.989621e-06 ; dt = 50783.8
inout (power) : iter =    586 ; delta = 1.965570e-06 ; dt = 50870.5
inout (power) : iter =    587 ; delta = 1.941819e-06 ; dt = 50957.8
inout (power) : iter =    588 ; delta = 1.918361e-06 ; dt = 51044.4
inout (power) : iter =    589 ; delta = 1.895191e-06 ; dt = 51131.1
inout (power) : iter =    590 ; delta = 1.872305e-06 ; dt = 51217.8
inout (power) : iter =    591 ; delta = 1.849698e-06 ; dt = 51304.4
inout (power) : iter =    592 ; delta = 1.827369e-06 ; dt = 51391.1
inout (power) : iter =    593 ; delta = 1.805314e-06 ; dt = 51477.7
inout (power) : iter =    594 ; delta = 1.783528e-06 ; dt = 51564.4
inout (power) : iter =    595 ; delta = 1.762009e-06 ; dt = 51651.0
inout (power) : iter =    596 ; delta = 1.740756e-06 ; dt = 51737.6
inout (power) : iter =    597 ; delta = 1.719763e-06 ; dt = 51824.3
inout (power) : iter =    598 ; delta = 1.699027e-06 ; dt = 51910.9
inout (power) : iter =    599 ; delta = 1.678544e-06 ; dt = 51997.6
inout (power) : iter =    600 ; delta = 1.658311e-06 ; dt = 52084.2
inout (power) : iter =    601 ; delta = 1.638325e-06 ; dt = 52170.9
inout (power) : iter =    602 ; delta = 1.618584e-06 ; dt = 52257.5
inout (power) : iter =    603 ; delta = 1.599085e-06 ; dt = 52344.2
inout (power) : iter =    604 ; delta = 1.579823e-06 ; dt = 52430.8
inout (power) : iter =    605 ; delta = 1.560797e-06 ; dt = 52517.5
inout (power) : iter =    606 ; delta = 1.542003e-06 ; dt = 52604.1
inout (power) : iter =    607 ; delta = 1.523438e-06 ; dt = 52690.8
inout (power) : iter =    608 ; delta = 1.505100e-06 ; dt = 52777.5
inout (power) : iter =    609 ; delta = 1.486985e-06 ; dt = 52864.1
inout (power) : iter =    610 ; delta = 1.469091e-06 ; dt = 52950.8
inout (power) : iter =    611 ; delta = 1.451416e-06 ; dt = 53038.1
inout (power) : iter =    612 ; delta = 1.433955e-06 ; dt = 53124.8
inout (power) : iter =    613 ; delta = 1.416707e-06 ; dt = 53211.4
inout (power) : iter =    614 ; delta = 1.399669e-06 ; dt = 53298.1
inout (power) : iter =    615 ; delta = 1.382839e-06 ; dt = 53384.7
inout (power) : iter =    616 ; delta = 1.366214e-06 ; dt = 53472.1
inout (power) : iter =    617 ; delta = 1.349791e-06 ; dt = 53558.7
inout (power) : iter =    618 ; delta = 1.333568e-06 ; dt = 53645.4
inout (power) : iter =    619 ; delta = 1.317542e-06 ; dt = 53732.1
inout (power) : iter =    620 ; delta = 1.301712e-06 ; dt = 53818.8
inout (power) : iter =    621 ; delta = 1.286074e-06 ; dt = 53905.5
inout (power) : iter =    622 ; delta = 1.270626e-06 ; dt = 53992.2
inout (power) : iter =    623 ; delta = 1.255366e-06 ; dt = 54078.8
inout (power) : iter =    624 ; delta = 1.240292e-06 ; dt = 54165.5
inout (power) : iter =    625 ; delta = 1.225402e-06 ; dt = 54252.1
inout (power) : iter =    626 ; delta = 1.210694e-06 ; dt = 54338.7
inout (power) : iter =    627 ; delta = 1.196166e-06 ; dt = 54425.4
inout (power) : iter =    628 ; delta = 1.181814e-06 ; dt = 54512.7
inout (power) : iter =    629 ; delta = 1.167638e-06 ; dt = 54599.3
inout (power) : iter =    630 ; delta = 1.153637e-06 ; dt = 54686.0
inout (power) : iter =    631 ; delta = 1.139810e-06 ; dt = 54772.6
inout (power) : iter =    632 ; delta = 1.126155e-06 ; dt = 54859.2
inout (power) : iter =    633 ; delta = 1.112669e-06 ; dt = 54945.9
inout (power) : iter =    634 ; delta = 1.099349e-06 ; dt = 55032.6
inout (power) : iter =    635 ; delta = 1.086192e-06 ; dt = 55119.2
inout (power) : iter =    636 ; delta = 1.073194e-06 ; dt = 55205.9
inout (power) : iter =    637 ; delta = 1.060354e-06 ; dt = 55292.5
inout (power) : iter =    638 ; delta = 1.047669e-06 ; dt = 55379.1
inout (power) : iter =    639 ; delta = 1.035138e-06 ; dt = 55465.6
inout (power) : iter =    640 ; delta = 1.022758e-06 ; dt = 55552.1
inout (power) : iter =    641 ; delta = 1.010529e-06 ; dt = 55638.7
inout (power) : iter =    642 ; delta = 9.984471e-07 ; dt = 55725.3
inout (power) : iter =    643 ; delta = 9.865120e-07 ; dt = 55812.0
inout (power) : iter =    644 ; delta = 9.747216e-07 ; dt = 55899.3
inout (power) : iter =    645 ; delta = 9.630738e-07 ; dt = 55986.0
inout (power) : iter =    646 ; delta = 9.515671e-07 ; dt = 56072.6
inout (power) : iter =    647 ; delta = 9.401999e-07 ; dt = 56159.3
inout (power) : iter =    648 ; delta = 9.289700e-07 ; dt = 56246.3
inout (power) : iter =    649 ; delta = 9.178760e-07 ; dt = 56333.2
inout (power) : iter =    650 ; delta = 9.069170e-07 ; dt = 56419.8
inout (power) : iter =    651 ; delta = 8.960907e-07 ; dt = 56506.5
inout (power) : iter =    652 ; delta = 8.853966e-07 ; dt = 56593.1
inout (power) : iter =    653 ; delta = 8.748333e-07 ; dt = 56679.8
inout (power) : iter =    654 ; delta = 8.643981e-07 ; dt = 56766.4
inout (power) : iter =    655 ; delta = 8.540894e-07 ; dt = 56853.1
inout (power) : iter =    656 ; delta = 8.439050e-07 ; dt = 56940.4
inout (power) : iter =    657 ; delta = 8.338438e-07 ; dt = 57027.0
inout (power) : iter =    658 ; delta = 8.239042e-07 ; dt = 57113.7
inout (power) : iter =    659 ; delta = 8.140850e-07 ; dt = 57200.3
inout (power) : iter =    660 ; delta = 8.043842e-07 ; dt = 57287.0
inout (power) : iter =    661 ; delta = 7.948003e-07 ; dt = 57373.7
inout (power) : iter =    662 ; delta = 7.853322e-07 ; dt = 57460.3
inout (power) : iter =    663 ; delta = 7.759783e-07 ; dt = 57547.0
inout (power) : iter =    664 ; delta = 7.667371e-07 ; dt = 57633.6
inout (power) : iter =    665 ; delta = 7.576075e-07 ; dt = 57720.3
inout (power) : iter =    666 ; delta = 7.485887e-07 ; dt = 57807.6
inout (power) : iter =    667 ; delta = 7.396788e-07 ; dt = 57894.3
inout (power) : iter =    668 ; delta = 7.308764e-07 ; dt = 57980.9
inout (power) : iter =    669 ; delta = 7.221806e-07 ; dt = 58067.6
inout (power) : iter =    670 ; delta = 7.135899e-07 ; dt = 58154.2
inout (power) : iter =    671 ; delta = 7.051035e-07 ; dt = 58241.5
inout (power) : iter =    672 ; delta = 6.967191e-07 ; dt = 58328.9
inout (power) : iter =    673 ; delta = 6.884355e-07 ; dt = 58415.5
inout (power) : iter =    674 ; delta = 6.802517e-07 ; dt = 58502.1
inout (power) : iter =    675 ; delta = 6.721663e-07 ; dt = 58588.8
inout (power) : iter =    676 ; delta = 6.641782e-07 ; dt = 58676.1
inout (power) : iter =    677 ; delta = 6.562862e-07 ; dt = 58763.4
inout (power) : iter =    678 ; delta = 6.484889e-07 ; dt = 58850.1
inout (power) : iter =    679 ; delta = 6.407854e-07 ; dt = 58936.7
inout (power) : iter =    680 ; delta = 6.331745e-07 ; dt = 59023.4
inout (power) : iter =    681 ; delta = 6.256550e-07 ; dt = 59110.1
inout (power) : iter =    682 ; delta = 6.182258e-07 ; dt = 59196.7
inout (power) : iter =    683 ; delta = 6.108860e-07 ; dt = 59283.4
inout (power) : iter =    684 ; delta = 6.036341e-07 ; dt = 59370.0
inout (power) : iter =    685 ; delta = 5.964692e-07 ; dt = 59456.6
inout (power) : iter =    686 ; delta = 5.893907e-07 ; dt = 59543.3
inout (power) : iter =    687 ; delta = 5.823984e-07 ; dt = 59629.9
inout (power) : iter =    688 ; delta = 5.754903e-07 ; dt = 59716.6
inout (power) : iter =    689 ; delta = 5.686656e-07 ; dt = 59803.9
inout (power) : iter =    690 ; delta = 5.619229e-07 ; dt = 59890.6
inout (power) : iter =    691 ; delta = 5.552614e-07 ; dt = 59977.2
inout (power) : iter =    692 ; delta = 5.486799e-07 ; dt = 60064.5
inout (power) : iter =    693 ; delta = 5.421777e-07 ; dt = 60151.2
inout (power) : iter =    694 ; delta = 5.357540e-07 ; dt = 60237.9
inout (power) : iter =    695 ; delta = 5.294071e-07 ; dt = 60324.6
inout (power) : iter =    696 ; delta = 5.231362e-07 ; dt = 60411.3
inout (power) : iter =    697 ; delta = 5.169406e-07 ; dt = 60498.0
inout (power) : iter =    698 ; delta = 5.108193e-07 ; dt = 60584.7
inout (power) : iter =    699 ; delta = 5.047714e-07 ; dt = 60671.4
inout (power) : iter =    700 ; delta = 4.987958e-07 ; dt = 60758.1
inout (power) : iter =    701 ; delta = 4.928921e-07 ; dt = 60844.8
inout (power) : iter =    702 ; delta = 4.870591e-07 ; dt = 60931.5
inout (power) : iter =    703 ; delta = 4.812961e-07 ; dt = 61018.8
inout (power) : iter =    704 ; delta = 4.756021e-07 ; dt = 61106.9
inout (power) : iter =    705 ; delta = 4.699768e-07 ; dt = 61193.5
inout (power) : iter =    706 ; delta = 4.644196e-07 ; dt = 61280.2
inout (power) : iter =    707 ; delta = 4.589290e-07 ; dt = 61366.9
inout (power) : iter =    708 ; delta = 4.535038e-07 ; dt = 61454.3
inout (power) : iter =    709 ; delta = 4.481435e-07 ; dt = 61541.0
inout (power) : iter =    710 ; delta = 4.428473e-07 ; dt = 61627.7
inout (power) : iter =    711 ; delta = 4.376144e-07 ; dt = 61714.4
inout (power) : iter =    712 ; delta = 4.324439e-07 ; dt = 61801.1
inout (power) : iter =    713 ; delta = 4.273353e-07 ; dt = 61887.8
inout (power) : iter =    714 ; delta = 4.222875e-07 ; dt = 61975.2
inout (power) : iter =    715 ; delta = 4.173001e-07 ; dt = 62061.9
inout (power) : iter =    716 ; delta = 4.123722e-07 ; dt = 62148.6
inout (power) : iter =    717 ; delta = 4.075032e-07 ; dt = 62235.3
inout (power) : iter =    718 ; delta = 4.026934e-07 ; dt = 62321.9
inout (power) : iter =    719 ; delta = 3.979425e-07 ; dt = 62409.3
inout (power) : iter =    720 ; delta = 3.932487e-07 ; dt = 62496.0
inout (power) : iter =    721 ; delta = 3.886111e-07 ; dt = 62583.4
inout (power) : iter =    722 ; delta = 3.840289e-07 ; dt = 62670.1
inout (power) : iter =    723 ; delta = 3.795014e-07 ; dt = 62756.8
inout (power) : iter =    724 ; delta = 3.750279e-07 ; dt = 62843.5
inout (power) : iter =    725 ; delta = 3.706077e-07 ; dt = 62931.6
inout (power) : iter =    726 ; delta = 3.662403e-07 ; dt = 63019.0
inout (power) : iter =    727 ; delta = 3.619251e-07 ; dt = 63105.7
inout (power) : iter =    728 ; delta = 3.576619e-07 ; dt = 63193.1
inout (power) : iter =    729 ; delta = 3.534501e-07 ; dt = 63280.4
inout (power) : iter =    730 ; delta = 3.492891e-07 ; dt = 63367.8
inout (power) : iter =    731 ; delta = 3.451781e-07 ; dt = 63455.8
inout (power) : iter =    732 ; delta = 3.411162e-07 ; dt = 63542.5
inout (power) : iter =    733 ; delta = 3.371027e-07 ; dt = 63629.9
inout (power) : iter =    734 ; delta = 3.331374e-07 ; dt = 63717.2
inout (power) : iter =    735 ; delta = 3.292193e-07 ; dt = 63804.6
inout (power) : iter =    736 ; delta = 3.253478e-07 ; dt = 63891.3
inout (power) : iter =    737 ; delta = 3.215224e-07 ; dt = 63978.6
inout (power) : iter =    738 ; delta = 3.177423e-07 ; dt = 64065.3
inout (power) : iter =    739 ; delta = 3.140073e-07 ; dt = 64152.7
inout (power) : iter =    740 ; delta = 3.103165e-07 ; dt = 64239.4
inout (power) : iter =    741 ; delta = 3.066695e-07 ; dt = 64326.7
inout (power) : iter =    742 ; delta = 3.030659e-07 ; dt = 64414.1
inout (power) : iter =    743 ; delta = 2.995049e-07 ; dt = 64501.5
inout (power) : iter =    744 ; delta = 2.959861e-07 ; dt = 64588.8
inout (power) : iter =    745 ; delta = 2.925090e-07 ; dt = 64676.2
inout (power) : iter =    746 ; delta = 2.890732e-07 ; dt = 64763.6
inout (power) : iter =    747 ; delta = 2.856781e-07 ; dt = 64850.9
inout (power) : iter =    748 ; delta = 2.823234e-07 ; dt = 64938.3
inout (power) : iter =    749 ; delta = 2.790086e-07 ; dt = 65025.6
inout (power) : iter =    750 ; delta = 2.757332e-07 ; dt = 65113.0
inout (power) : iter =    751 ; delta = 2.724971e-07 ; dt = 65200.4
inout (power) : iter =    752 ; delta = 2.692994e-07 ; dt = 65287.1
inout (power) : iter =    753 ; delta = 2.661396e-07 ; dt = 65373.8
inout (power) : iter =    754 ; delta = 2.630173e-07 ; dt = 65460.4
inout (power) : iter =    755 ; delta = 2.599320e-07 ; dt = 65547.2
inout (power) : iter =    756 ; delta = 2.568832e-07 ; dt = 65633.8
inout (power) : iter =    757 ; delta = 2.538706e-07 ; dt = 65721.3
inout (power) : iter =    758 ; delta = 2.508938e-07 ; dt = 65808.0
inout (power) : iter =    759 ; delta = 2.479529e-07 ; dt = 65895.3
inout (power) : iter =    760 ; delta = 2.450470e-07 ; dt = 65982.0
inout (power) : iter =    761 ; delta = 2.421756e-07 ; dt = 66070.1
inout (power) : iter =    762 ; delta = 2.393381e-07 ; dt = 66156.9
inout (power) : iter =    763 ; delta = 2.365342e-07 ; dt = 66243.6
inout (power) : iter =    764 ; delta = 2.337636e-07 ; dt = 66330.4
inout (power) : iter =    765 ; delta = 2.310256e-07 ; dt = 66417.8
inout (power) : iter =    766 ; delta = 2.283201e-07 ; dt = 66504.5
inout (power) : iter =    767 ; delta = 2.256466e-07 ; dt = 66591.3
inout (power) : iter =    768 ; delta = 2.230046e-07 ; dt = 66678.1
inout (power) : iter =    769 ; delta = 2.203939e-07 ; dt = 66764.8
inout (power) : iter =    770 ; delta = 2.178142e-07 ; dt = 66851.6
inout (power) : iter =    771 ; delta = 2.152650e-07 ; dt = 66938.4
inout (power) : iter =    772 ; delta = 2.127459e-07 ; dt = 67025.1
inout (power) : iter =    773 ; delta = 2.102567e-07 ; dt = 67111.8
inout (power) : iter =    774 ; delta = 2.077968e-07 ; dt = 67198.5
inout (power) : iter =    775 ; delta = 2.053660e-07 ; dt = 67285.2
inout (power) : iter =    776 ; delta = 2.029640e-07 ; dt = 67372.0
inout (power) : iter =    777 ; delta = 2.005901e-07 ; dt = 67458.7
inout (power) : iter =    778 ; delta = 1.982444e-07 ; dt = 67545.4
inout (power) : iter =    779 ; delta = 1.959265e-07 ; dt = 67632.1
inout (power) : iter =    780 ; delta = 1.936359e-07 ; dt = 67718.8
inout (power) : iter =    781 ; delta = 1.913723e-07 ; dt = 67805.5
inout (power) : iter =    782 ; delta = 1.891355e-07 ; dt = 67892.2
inout (power) : iter =    783 ; delta = 1.869251e-07 ; dt = 67978.9
inout (power) : iter =    784 ; delta = 1.847409e-07 ; dt = 68065.7
inout (power) : iter =    785 ; delta = 1.825827e-07 ; dt = 68152.4
inout (power) : iter =    786 ; delta = 1.804499e-07 ; dt = 68239.2
inout (power) : iter =    787 ; delta = 1.783424e-07 ; dt = 68325.9
inout (power) : iter =    788 ; delta = 1.762597e-07 ; dt = 68412.6
inout (power) : iter =    789 ; delta = 1.742016e-07 ; dt = 68499.4
inout (power) : iter =    790 ; delta = 1.721678e-07 ; dt = 68586.1
inout (power) : iter =    791 ; delta = 1.701581e-07 ; dt = 68673.4
inout (power) : iter =    792 ; delta = 1.681724e-07 ; dt = 68760.2
inout (power) : iter =    793 ; delta = 1.662105e-07 ; dt = 68846.9
inout (power) : iter =    794 ; delta = 1.642718e-07 ; dt = 68933.7
inout (power) : iter =    795 ; delta = 1.623558e-07 ; dt = 69020.9
inout (power) : iter =    796 ; delta = 1.604624e-07 ; dt = 69107.7
inout (power) : iter =    797 ; delta = 1.585913e-07 ; dt = 69194.4
inout (power) : iter =    798 ; delta = 1.567422e-07 ; dt = 69281.1
inout (power) : iter =    799 ; delta = 1.549149e-07 ; dt = 69368.6
inout (power) : iter =    800 ; delta = 1.531091e-07 ; dt = 69455.3
inout (power) : iter =    801 ; delta = 1.513245e-07 ; dt = 69542.0
inout (power) : iter =    802 ; delta = 1.495611e-07 ; dt = 69628.7
inout (power) : iter =    803 ; delta = 1.478185e-07 ; dt = 69715.5
inout (power) : iter =    804 ; delta = 1.460963e-07 ; dt = 69802.2
inout (power) : iter =    805 ; delta = 1.443944e-07 ; dt = 69889.0
inout (power) : iter =    806 ; delta = 1.427125e-07 ; dt = 69975.7
inout (power) : iter =    807 ; delta = 1.410503e-07 ; dt = 70062.5
inout (power) : iter =    808 ; delta = 1.394078e-07 ; dt = 70149.2
inout (power) : iter =    809 ; delta = 1.377845e-07 ; dt = 70235.9
inout (power) : iter =    810 ; delta = 1.361802e-07 ; dt = 70322.6
inout (power) : iter =    811 ; delta = 1.345949e-07 ; dt = 70409.3
inout (power) : iter =    812 ; delta = 1.330282e-07 ; dt = 70496.1
inout (power) : iter =    813 ; delta = 1.314799e-07 ; dt = 70582.8
inout (power) : iter =    814 ; delta = 1.299498e-07 ; dt = 70669.5
inout (power) : iter =    815 ; delta = 1.284377e-07 ; dt = 70756.2
inout (power) : iter =    816 ; delta = 1.269433e-07 ; dt = 70843.6
inout (power) : iter =    817 ; delta = 1.254665e-07 ; dt = 70930.3
inout (power) : iter =    818 ; delta = 1.240072e-07 ; dt = 71017.0
inout (power) : iter =    819 ; delta = 1.225649e-07 ; dt = 71103.7
inout (power) : iter =    820 ; delta = 1.211396e-07 ; dt = 71190.4
inout (power) : iter =    821 ; delta = 1.197310e-07 ; dt = 71277.1
inout (power) : iter =    822 ; delta = 1.183389e-07 ; dt = 71363.8
inout (power) : iter =    823 ; delta = 1.169632e-07 ; dt = 71450.6
inout (power) : iter =    824 ; delta = 1.156036e-07 ; dt = 71537.3
inout (power) : iter =    825 ; delta = 1.142600e-07 ; dt = 71624.0
inout (power) : iter =    826 ; delta = 1.129321e-07 ; dt = 71710.7
inout (power) : iter =    827 ; delta = 1.116198e-07 ; dt = 71797.4
inout (power) : iter =    828 ; delta = 1.103229e-07 ; dt = 71884.1
inout (power) : iter =    829 ; delta = 1.090412e-07 ; dt = 71970.8
inout (power) : iter =    830 ; delta = 1.077745e-07 ; dt = 72057.6
inout (power) : iter =    831 ; delta = 1.065227e-07 ; dt = 72144.2
inout (power) : iter =    832 ; delta = 1.052855e-07 ; dt = 72231.0
inout (power) : iter =    833 ; delta = 1.040629e-07 ; dt = 72317.7
inout (power) : iter =    834 ; delta = 1.028545e-07 ; dt = 72404.4
inout (power) : iter =    835 ; delta = 1.016604e-07 ; dt = 72491.8
inout (power) : iter =    836 ; delta = 1.004803e-07 ; dt = 72578.5
inout (power) : iter =    837 ; delta = 9.931394e-08 ; dt = 72665.1
inout(b=0.5000,it=1.000000e-02) : solved pagerank(a=0.9900) in   837 mults to 1.000000e-07 tol
output norm: 1.0000000000000000e+00
