Parameters: 
   graphfile = /var/tmp/dgleich/data/uk-2007-05
      output = none
         alg = inout
       alpha = 0.99
         tol = 1e-07
       maxit = 10000

nodes = 105896555
edges = -556233648
inout(0.9900,0.5000,1.000000e-02) with tol=1.000000e-07 and maxit= 10000 iterations
inout (outer) : iter =      5 ; odelta = 3.231655e-01 ; dt =   552.3
inout (outer) : iter =      8 ; odelta = 1.041092e-01 ; dt =   885.6
inout (outer) : iter =     11 ; odelta = 5.433345e-02 ; dt =  1218.8
inout (outer) : iter =     13 ; odelta = 3.912968e-02 ; dt =  1442.0
inout (outer) : iter =     15 ; odelta = 3.140146e-02 ; dt =  1665.1
inout (outer) : iter =     17 ; odelta = 2.641067e-02 ; dt =  1888.3
inout (outer) : iter =     19 ; odelta = 2.282093e-02 ; dt =  2110.9
inout (outer) : iter =     21 ; odelta = 2.010470e-02 ; dt =  2333.2
inout (outer) : iter =     22 ; odelta = 1.861312e-02 ; dt =  2445.6
inout (outer) : iter =     23 ; odelta = 1.731864e-02 ; dt =  2558.0
inout (outer) : iter =     24 ; odelta = 1.618287e-02 ; dt =  2670.5
inout (outer) : iter =     25 ; odelta = 1.517587e-02 ; dt =  2782.9
inout (outer) : iter =     26 ; odelta = 1.427510e-02 ; dt =  2895.3
inout (outer) : iter =     27 ; odelta = 1.346802e-02 ; dt =  3007.7
inout (outer) : iter =     28 ; odelta = 1.273917e-02 ; dt =  3120.1
inout (outer) : iter =     29 ; odelta = 1.207738e-02 ; dt =  3232.6
inout (outer) : iter =     30 ; odelta = 1.147335e-02 ; dt =  3345.0
inout (outer) : iter =     31 ; odelta = 1.091895e-02 ; dt =  3457.4
inout (outer) : iter =     32 ; odelta = 1.040988e-02 ; dt =  3569.8
inout (outer) : iter =     33 ; odelta = 9.940991e-03 ; dt =  3682.2
inout (power) : iter =     34 ; delta = 9.506419e-03 ; dt =  3793.2
inout (power) : iter =     35 ; delta = 9.103228e-03 ; dt =  3901.9
inout (power) : iter =     36 ; delta = 8.725988e-03 ; dt =  4010.4
inout (power) : iter =     37 ; delta = 8.374381e-03 ; dt =  4118.9
inout (power) : iter =     38 ; delta = 8.044702e-03 ; dt =  4227.4
inout (power) : iter =     39 ; delta = 7.734915e-03 ; dt =  4335.7
inout (power) : iter =     40 ; delta = 7.443541e-03 ; dt =  4444.2
inout (power) : iter =     41 ; delta = 7.168054e-03 ; dt =  4552.5
inout (power) : iter =     42 ; delta = 6.909153e-03 ; dt =  4660.9
inout (power) : iter =     43 ; delta = 6.664840e-03 ; dt =  4769.1
inout (power) : iter =     44 ; delta = 6.433713e-03 ; dt =  4877.5
inout (power) : iter =     45 ; delta = 6.215233e-03 ; dt =  4985.8
inout (power) : iter =     46 ; delta = 6.007541e-03 ; dt =  5094.3
inout (power) : iter =     47 ; delta = 5.811390e-03 ; dt =  5202.6
inout (power) : iter =     48 ; delta = 5.625124e-03 ; dt =  5310.9
inout (power) : iter =     49 ; delta = 5.447596e-03 ; dt =  5419.2
inout (power) : iter =     50 ; delta = 5.278519e-03 ; dt =  5528.3
inout (power) : iter =     51 ; delta = 5.116446e-03 ; dt =  5642.4
inout (power) : iter =     52 ; delta = 4.961834e-03 ; dt =  5751.1
inout (power) : iter =     53 ; delta = 4.813739e-03 ; dt =  5859.9
inout (power) : iter =     54 ; delta = 4.671656e-03 ; dt =  5968.8
inout (power) : iter =     55 ; delta = 4.535767e-03 ; dt =  6077.5
inout (power) : iter =     56 ; delta = 4.405738e-03 ; dt =  6186.3
inout (power) : iter =     57 ; delta = 4.281099e-03 ; dt =  6295.0
inout (power) : iter =     58 ; delta = 4.161463e-03 ; dt =  6403.4
inout (power) : iter =     59 ; delta = 4.046828e-03 ; dt =  6511.6
inout (power) : iter =     60 ; delta = 3.936916e-03 ; dt =  6620.0
inout (power) : iter =     61 ; delta = 3.831682e-03 ; dt =  6728.2
inout (power) : iter =     62 ; delta = 3.730677e-03 ; dt =  6837.3
inout (power) : iter =     63 ; delta = 3.633480e-03 ; dt =  6945.6
inout (power) : iter =     64 ; delta = 3.540089e-03 ; dt =  7054.0
inout (power) : iter =     65 ; delta = 3.450034e-03 ; dt =  7162.4
inout (power) : iter =     66 ; delta = 3.363371e-03 ; dt =  7270.9
inout (power) : iter =     67 ; delta = 3.279678e-03 ; dt =  7379.5
inout (power) : iter =     68 ; delta = 3.198800e-03 ; dt =  7488.2
inout (power) : iter =     69 ; delta = 3.120692e-03 ; dt =  7596.7
inout (power) : iter =     70 ; delta = 3.044961e-03 ; dt =  7705.3
inout (power) : iter =     71 ; delta = 2.971831e-03 ; dt =  7813.9
inout (power) : iter =     72 ; delta = 2.901047e-03 ; dt =  7922.3
inout (power) : iter =     73 ; delta = 2.832501e-03 ; dt =  8030.9
inout (power) : iter =     74 ; delta = 2.766178e-03 ; dt =  8139.5
inout (power) : iter =     75 ; delta = 2.701730e-03 ; dt =  8248.0
inout (power) : iter =     76 ; delta = 2.639418e-03 ; dt =  8356.5
inout (power) : iter =     77 ; delta = 2.579051e-03 ; dt =  8464.9
inout (power) : iter =     78 ; delta = 2.520502e-03 ; dt =  8573.4
inout (power) : iter =     79 ; delta = 2.463741e-03 ; dt =  8681.9
inout (power) : iter =     80 ; delta = 2.408465e-03 ; dt =  8790.3
inout (power) : iter =     81 ; delta = 2.354942e-03 ; dt =  8898.6
inout (power) : iter =     82 ; delta = 2.302919e-03 ; dt =  9007.0
inout (power) : iter =     83 ; delta = 2.252356e-03 ; dt =  9115.3
inout (power) : iter =     84 ; delta = 2.203298e-03 ; dt =  9223.7
inout (power) : iter =     85 ; delta = 2.155483e-03 ; dt =  9332.0
inout (power) : iter =     86 ; delta = 2.109159e-03 ; dt =  9440.3
inout (power) : iter =     87 ; delta = 2.064106e-03 ; dt =  9548.6
inout (power) : iter =     88 ; delta = 2.020281e-03 ; dt =  9657.0
inout (power) : iter =     89 ; delta = 1.977674e-03 ; dt =  9765.3
inout (power) : iter =     90 ; delta = 1.936052e-03 ; dt =  9873.7
inout (power) : iter =     91 ; delta = 1.895620e-03 ; dt =  9982.0
inout (power) : iter =     92 ; delta = 1.856225e-03 ; dt = 10090.3
inout (power) : iter =     93 ; delta = 1.817841e-03 ; dt = 10198.6
inout (power) : iter =     94 ; delta = 1.780441e-03 ; dt = 10306.9
inout (power) : iter =     95 ; delta = 1.743988e-03 ; dt = 10415.4
inout (power) : iter =     96 ; delta = 1.708478e-03 ; dt = 10523.7
inout (power) : iter =     97 ; delta = 1.673878e-03 ; dt = 10632.0
inout (power) : iter =     98 ; delta = 1.640199e-03 ; dt = 10740.2
inout (power) : iter =     99 ; delta = 1.607365e-03 ; dt = 10848.5
inout (power) : iter =    100 ; delta = 1.575378e-03 ; dt = 10956.7
inout (power) : iter =    101 ; delta = 1.544214e-03 ; dt = 11065.2
inout (power) : iter =    102 ; delta = 1.513815e-03 ; dt = 11173.6
inout (power) : iter =    103 ; delta = 1.484168e-03 ; dt = 11281.9
inout (power) : iter =    104 ; delta = 1.455204e-03 ; dt = 11390.3
inout (power) : iter =    105 ; delta = 1.426977e-03 ; dt = 11498.6
inout (power) : iter =    106 ; delta = 1.399436e-03 ; dt = 11607.2
inout (power) : iter =    107 ; delta = 1.372556e-03 ; dt = 11715.7
inout (power) : iter =    108 ; delta = 1.346341e-03 ; dt = 11824.1
inout (power) : iter =    109 ; delta = 1.320718e-03 ; dt = 11932.4
inout (power) : iter =    110 ; delta = 1.295742e-03 ; dt = 12040.7
inout (power) : iter =    111 ; delta = 1.271345e-03 ; dt = 12149.0
inout (power) : iter =    112 ; delta = 1.247506e-03 ; dt = 12257.5
inout (power) : iter =    113 ; delta = 1.224220e-03 ; dt = 12365.9
inout (power) : iter =    114 ; delta = 1.201472e-03 ; dt = 12474.2
inout (power) : iter =    115 ; delta = 1.179258e-03 ; dt = 12582.4
inout (power) : iter =    116 ; delta = 1.157584e-03 ; dt = 12690.8
inout (power) : iter =    117 ; delta = 1.136417e-03 ; dt = 12799.2
inout (power) : iter =    118 ; delta = 1.115876e-03 ; dt = 12907.5
inout (power) : iter =    119 ; delta = 1.095927e-03 ; dt = 13015.8
inout (power) : iter =    120 ; delta = 1.076472e-03 ; dt = 13124.1
inout (power) : iter =    121 ; delta = 1.057453e-03 ; dt = 13232.3
inout (power) : iter =    122 ; delta = 1.038846e-03 ; dt = 13340.7
inout (power) : iter =    123 ; delta = 1.020629e-03 ; dt = 13449.2
inout (power) : iter =    124 ; delta = 1.002791e-03 ; dt = 13558.1
inout (power) : iter =    125 ; delta = 9.853324e-04 ; dt = 13666.4
inout (power) : iter =    126 ; delta = 9.682531e-04 ; dt = 13774.7
inout (power) : iter =    127 ; delta = 9.515355e-04 ; dt = 13883.1
inout (power) : iter =    128 ; delta = 9.351667e-04 ; dt = 13991.4
inout (power) : iter =    129 ; delta = 9.191349e-04 ; dt = 14099.8
inout (power) : iter =    130 ; delta = 9.034592e-04 ; dt = 14208.1
inout (power) : iter =    131 ; delta = 8.881270e-04 ; dt = 14316.4
inout (power) : iter =    132 ; delta = 8.731138e-04 ; dt = 14424.7
inout (power) : iter =    133 ; delta = 8.583983e-04 ; dt = 14535.7
inout (power) : iter =    134 ; delta = 8.439704e-04 ; dt = 14644.1
inout (power) : iter =    135 ; delta = 8.298226e-04 ; dt = 14752.4
inout (power) : iter =    136 ; delta = 8.159474e-04 ; dt = 14860.7
inout (power) : iter =    137 ; delta = 8.023409e-04 ; dt = 14969.0
inout (power) : iter =    138 ; delta = 7.890008e-04 ; dt = 15077.4
inout (power) : iter =    139 ; delta = 7.759306e-04 ; dt = 15185.7
inout (power) : iter =    140 ; delta = 7.631226e-04 ; dt = 15294.3
inout (power) : iter =    141 ; delta = 7.505830e-04 ; dt = 15402.6
inout (power) : iter =    142 ; delta = 7.382923e-04 ; dt = 15510.9
inout (power) : iter =    143 ; delta = 7.262370e-04 ; dt = 15619.1
inout (power) : iter =    144 ; delta = 7.144147e-04 ; dt = 15727.4
inout (power) : iter =    145 ; delta = 7.028171e-04 ; dt = 15835.8
inout (power) : iter =    146 ; delta = 6.914414e-04 ; dt = 15944.2
inout (power) : iter =    147 ; delta = 6.802833e-04 ; dt = 16052.4
inout (power) : iter =    148 ; delta = 6.693355e-04 ; dt = 16160.8
inout (power) : iter =    149 ; delta = 6.585899e-04 ; dt = 16269.0
inout (power) : iter =    150 ; delta = 6.480440e-04 ; dt = 16377.4
inout (power) : iter =    151 ; delta = 6.376897e-04 ; dt = 16485.8
inout (power) : iter =    152 ; delta = 6.275211e-04 ; dt = 16594.1
inout (power) : iter =    153 ; delta = 6.175388e-04 ; dt = 16702.4
inout (power) : iter =    154 ; delta = 6.077382e-04 ; dt = 16810.8
inout (power) : iter =    155 ; delta = 5.981271e-04 ; dt = 16919.1
inout (power) : iter =    156 ; delta = 5.886951e-04 ; dt = 17027.5
inout (power) : iter =    157 ; delta = 5.794354e-04 ; dt = 17135.9
inout (power) : iter =    158 ; delta = 5.703407e-04 ; dt = 17244.1
inout (power) : iter =    159 ; delta = 5.614077e-04 ; dt = 17352.4
inout (power) : iter =    160 ; delta = 5.526339e-04 ; dt = 17460.7
inout (power) : iter =    161 ; delta = 5.440167e-04 ; dt = 17569.0
inout (power) : iter =    162 ; delta = 5.355543e-04 ; dt = 17678.1
inout (power) : iter =    163 ; delta = 5.272408e-04 ; dt = 17786.4
inout (power) : iter =    164 ; delta = 5.190723e-04 ; dt = 17894.8
inout (power) : iter =    165 ; delta = 5.110472e-04 ; dt = 18003.0
inout (power) : iter =    166 ; delta = 5.031620e-04 ; dt = 18111.5
inout (power) : iter =    167 ; delta = 4.954157e-04 ; dt = 18220.0
inout (power) : iter =    168 ; delta = 4.878061e-04 ; dt = 18329.0
inout (power) : iter =    169 ; delta = 4.803353e-04 ; dt = 18437.2
inout (power) : iter =    170 ; delta = 4.729961e-04 ; dt = 18545.5
inout (power) : iter =    171 ; delta = 4.657838e-04 ; dt = 18653.7
inout (power) : iter =    172 ; delta = 4.586967e-04 ; dt = 18762.0
inout (power) : iter =    173 ; delta = 4.517339e-04 ; dt = 18870.5
inout (power) : iter =    174 ; delta = 4.448941e-04 ; dt = 18978.9
inout (power) : iter =    175 ; delta = 4.381804e-04 ; dt = 19087.2
inout (power) : iter =    176 ; delta = 4.315832e-04 ; dt = 19195.4
inout (power) : iter =    177 ; delta = 4.250981e-04 ; dt = 19303.6
inout (power) : iter =    178 ; delta = 4.187211e-04 ; dt = 19412.0
inout (power) : iter =    179 ; delta = 4.124489e-04 ; dt = 19520.2
inout (power) : iter =    180 ; delta = 4.062809e-04 ; dt = 19628.4
inout (power) : iter =    181 ; delta = 4.002159e-04 ; dt = 19736.6
inout (power) : iter =    182 ; delta = 3.942518e-04 ; dt = 19844.8
inout (power) : iter =    183 ; delta = 3.883878e-04 ; dt = 19953.0
inout (power) : iter =    184 ; delta = 3.826224e-04 ; dt = 20061.6
inout (power) : iter =    185 ; delta = 3.769525e-04 ; dt = 20170.1
inout (power) : iter =    186 ; delta = 3.713776e-04 ; dt = 20278.5
inout (power) : iter =    187 ; delta = 3.659017e-04 ; dt = 20387.0
inout (power) : iter =    188 ; delta = 3.605173e-04 ; dt = 20495.4
inout (power) : iter =    189 ; delta = 3.552245e-04 ; dt = 20603.9
inout (power) : iter =    190 ; delta = 3.500183e-04 ; dt = 20712.5
inout (power) : iter =    191 ; delta = 3.448971e-04 ; dt = 20820.8
inout (power) : iter =    192 ; delta = 3.398587e-04 ; dt = 20929.0
inout (power) : iter =    193 ; delta = 3.349013e-04 ; dt = 21037.3
inout (power) : iter =    194 ; delta = 3.300248e-04 ; dt = 21145.5
inout (power) : iter =    195 ; delta = 3.252258e-04 ; dt = 21253.9
inout (power) : iter =    196 ; delta = 3.205032e-04 ; dt = 21362.0
inout (power) : iter =    197 ; delta = 3.158551e-04 ; dt = 21470.2
inout (power) : iter =    198 ; delta = 3.112806e-04 ; dt = 21578.4
inout (power) : iter =    199 ; delta = 3.067784e-04 ; dt = 21686.6
inout (power) : iter =    200 ; delta = 3.023469e-04 ; dt = 21794.8
inout (power) : iter =    201 ; delta = 2.979852e-04 ; dt = 21903.1
inout (power) : iter =    202 ; delta = 2.936918e-04 ; dt = 22011.3
inout (power) : iter =    203 ; delta = 2.894656e-04 ; dt = 22119.5
inout (power) : iter =    204 ; delta = 2.853063e-04 ; dt = 22227.7
inout (power) : iter =    205 ; delta = 2.812131e-04 ; dt = 22335.9
inout (power) : iter =    206 ; delta = 2.771842e-04 ; dt = 22445.0
inout (power) : iter =    207 ; delta = 2.732181e-04 ; dt = 22553.1
inout (power) : iter =    208 ; delta = 2.693150e-04 ; dt = 22661.4
inout (power) : iter =    209 ; delta = 2.654763e-04 ; dt = 22769.6
inout (power) : iter =    210 ; delta = 2.617016e-04 ; dt = 22877.7
inout (power) : iter =    211 ; delta = 2.579862e-04 ; dt = 22986.5
inout (power) : iter =    212 ; delta = 2.543282e-04 ; dt = 23095.5
inout (power) : iter =    213 ; delta = 2.507262e-04 ; dt = 23203.6
inout (power) : iter =    214 ; delta = 2.471795e-04 ; dt = 23311.6
inout (power) : iter =    215 ; delta = 2.436871e-04 ; dt = 23419.7
inout (power) : iter =    216 ; delta = 2.402480e-04 ; dt = 23527.8
inout (power) : iter =    217 ; delta = 2.368611e-04 ; dt = 23636.0
inout (power) : iter =    218 ; delta = 2.335251e-04 ; dt = 23744.1
inout (power) : iter =    219 ; delta = 2.302394e-04 ; dt = 23852.1
inout (power) : iter =    220 ; delta = 2.270044e-04 ; dt = 23960.2
inout (power) : iter =    221 ; delta = 2.238186e-04 ; dt = 24069.0
inout (power) : iter =    222 ; delta = 2.206810e-04 ; dt = 24177.2
inout (power) : iter =    223 ; delta = 2.175906e-04 ; dt = 24285.5
inout (power) : iter =    224 ; delta = 2.145476e-04 ; dt = 24393.5
inout (power) : iter =    225 ; delta = 2.115515e-04 ; dt = 24501.6
inout (power) : iter =    226 ; delta = 2.086008e-04 ; dt = 24609.8
inout (power) : iter =    227 ; delta = 2.056952e-04 ; dt = 24717.9
inout (power) : iter =    228 ; delta = 2.028343e-04 ; dt = 24826.2
inout (power) : iter =    229 ; delta = 2.000162e-04 ; dt = 24934.5
inout (power) : iter =    230 ; delta = 1.972402e-04 ; dt = 25042.6
inout (power) : iter =    231 ; delta = 1.945061e-04 ; dt = 25150.6
inout (power) : iter =    232 ; delta = 1.918133e-04 ; dt = 25258.8
inout (power) : iter =    233 ; delta = 1.891613e-04 ; dt = 25366.8
inout (power) : iter =    234 ; delta = 1.865487e-04 ; dt = 25475.1
inout (power) : iter =    235 ; delta = 1.839747e-04 ; dt = 25583.2
inout (power) : iter =    236 ; delta = 1.814385e-04 ; dt = 25691.3
inout (power) : iter =    237 ; delta = 1.789398e-04 ; dt = 25799.5
inout (power) : iter =    238 ; delta = 1.764780e-04 ; dt = 25907.6
inout (power) : iter =    239 ; delta = 1.740527e-04 ; dt = 26015.7
inout (power) : iter =    240 ; delta = 1.716638e-04 ; dt = 26123.9
inout (power) : iter =    241 ; delta = 1.693102e-04 ; dt = 26231.9
inout (power) : iter =    242 ; delta = 1.669910e-04 ; dt = 26340.0
inout (power) : iter =    243 ; delta = 1.647057e-04 ; dt = 26448.1
inout (power) : iter =    244 ; delta = 1.624537e-04 ; dt = 26556.3
inout (power) : iter =    245 ; delta = 1.602352e-04 ; dt = 26664.8
inout (power) : iter =    246 ; delta = 1.580493e-04 ; dt = 26772.9
inout (power) : iter =    247 ; delta = 1.558955e-04 ; dt = 26881.0
inout (power) : iter =    248 ; delta = 1.537733e-04 ; dt = 26989.1
inout (power) : iter =    249 ; delta = 1.516822e-04 ; dt = 27097.1
inout (power) : iter =    250 ; delta = 1.496215e-04 ; dt = 27205.3
inout (power) : iter =    251 ; delta = 1.475906e-04 ; dt = 27313.4
inout (power) : iter =    252 ; delta = 1.455892e-04 ; dt = 27421.6
inout (power) : iter =    253 ; delta = 1.436177e-04 ; dt = 27529.7
inout (power) : iter =    254 ; delta = 1.416763e-04 ; dt = 27637.8
inout (power) : iter =    255 ; delta = 1.397646e-04 ; dt = 27746.5
inout (power) : iter =    256 ; delta = 1.378816e-04 ; dt = 27854.8
inout (power) : iter =    257 ; delta = 1.360262e-04 ; dt = 27962.9
inout (power) : iter =    258 ; delta = 1.341977e-04 ; dt = 28071.1
inout (power) : iter =    259 ; delta = 1.323956e-04 ; dt = 28179.2
inout (power) : iter =    260 ; delta = 1.306194e-04 ; dt = 28287.3
inout (power) : iter =    261 ; delta = 1.288691e-04 ; dt = 28395.4
inout (power) : iter =    262 ; delta = 1.271443e-04 ; dt = 28503.7
inout (power) : iter =    263 ; delta = 1.254439e-04 ; dt = 28611.8
inout (power) : iter =    264 ; delta = 1.237676e-04 ; dt = 28719.9
inout (power) : iter =    265 ; delta = 1.221148e-04 ; dt = 28828.0
inout (power) : iter =    266 ; delta = 1.204852e-04 ; dt = 28936.1
inout (power) : iter =    267 ; delta = 1.188785e-04 ; dt = 29044.3
inout (power) : iter =    268 ; delta = 1.172948e-04 ; dt = 29152.4
inout (power) : iter =    269 ; delta = 1.157334e-04 ; dt = 29260.5
inout (power) : iter =    270 ; delta = 1.141943e-04 ; dt = 29368.6
inout (power) : iter =    271 ; delta = 1.126768e-04 ; dt = 29476.7
inout (power) : iter =    272 ; delta = 1.111808e-04 ; dt = 29584.8
inout (power) : iter =    273 ; delta = 1.097062e-04 ; dt = 29693.0
inout (power) : iter =    274 ; delta = 1.082522e-04 ; dt = 29801.2
inout (power) : iter =    275 ; delta = 1.068188e-04 ; dt = 29909.3
inout (power) : iter =    276 ; delta = 1.054054e-04 ; dt = 30017.5
inout (power) : iter =    277 ; delta = 1.040120e-04 ; dt = 30125.6
inout (power) : iter =    278 ; delta = 1.026384e-04 ; dt = 30234.5
inout (power) : iter =    279 ; delta = 1.012838e-04 ; dt = 30342.7
inout (power) : iter =    280 ; delta = 9.994800e-05 ; dt = 30450.8
inout (power) : iter =    281 ; delta = 9.863060e-05 ; dt = 30558.9
inout (power) : iter =    282 ; delta = 9.733152e-05 ; dt = 30667.0
inout (power) : iter =    283 ; delta = 9.605030e-05 ; dt = 30775.1
inout (power) : iter =    284 ; delta = 9.478682e-05 ; dt = 30883.4
inout (power) : iter =    285 ; delta = 9.354119e-05 ; dt = 30991.4
inout (power) : iter =    286 ; delta = 9.231275e-05 ; dt = 31099.5
inout (power) : iter =    287 ; delta = 9.110115e-05 ; dt = 31207.7
inout (power) : iter =    288 ; delta = 8.990610e-05 ; dt = 31315.9
inout (power) : iter =    289 ; delta = 8.872741e-05 ; dt = 31424.0
inout (power) : iter =    290 ; delta = 8.756500e-05 ; dt = 31532.2
inout (power) : iter =    291 ; delta = 8.641880e-05 ; dt = 31640.3
inout (power) : iter =    292 ; delta = 8.528864e-05 ; dt = 31748.4
inout (power) : iter =    293 ; delta = 8.417408e-05 ; dt = 31856.5
inout (power) : iter =    294 ; delta = 8.307484e-05 ; dt = 31964.5
inout (power) : iter =    295 ; delta = 8.199065e-05 ; dt = 32072.7
inout (power) : iter =    296 ; delta = 8.092147e-05 ; dt = 32180.9
inout (power) : iter =    297 ; delta = 7.986721e-05 ; dt = 32289.0
inout (power) : iter =    298 ; delta = 7.882747e-05 ; dt = 32397.1
inout (power) : iter =    299 ; delta = 7.780217e-05 ; dt = 32505.2
inout (power) : iter =    300 ; delta = 7.679092e-05 ; dt = 32613.5
inout (power) : iter =    301 ; delta = 7.579375e-05 ; dt = 32721.8
inout (power) : iter =    302 ; delta = 7.481031e-05 ; dt = 32829.9
inout (power) : iter =    303 ; delta = 7.384021e-05 ; dt = 32938.3
inout (power) : iter =    304 ; delta = 7.288330e-05 ; dt = 33046.6
inout (power) : iter =    305 ; delta = 7.193942e-05 ; dt = 33154.7
inout (power) : iter =    306 ; delta = 7.100824e-05 ; dt = 33262.9
inout (power) : iter =    307 ; delta = 7.008955e-05 ; dt = 33371.0
inout (power) : iter =    308 ; delta = 6.918327e-05 ; dt = 33479.2
inout (power) : iter =    309 ; delta = 6.828938e-05 ; dt = 33587.5
inout (power) : iter =    310 ; delta = 6.740760e-05 ; dt = 33696.5
inout (power) : iter =    311 ; delta = 6.653779e-05 ; dt = 33805.6
inout (power) : iter =    312 ; delta = 6.567965e-05 ; dt = 33915.9
inout (power) : iter =    313 ; delta = 6.483296e-05 ; dt = 34026.3
inout (power) : iter =    314 ; delta = 6.399764e-05 ; dt = 34136.7
inout (power) : iter =    315 ; delta = 6.317354e-05 ; dt = 34247.1
inout (power) : iter =    316 ; delta = 6.236051e-05 ; dt = 34357.4
inout (power) : iter =    317 ; delta = 6.155838e-05 ; dt = 34467.8
inout (power) : iter =    318 ; delta = 6.076699e-05 ; dt = 34577.9
inout (power) : iter =    319 ; delta = 5.998614e-05 ; dt = 34688.3
inout (power) : iter =    320 ; delta = 5.921583e-05 ; dt = 34798.1
inout (power) : iter =    321 ; delta = 5.845608e-05 ; dt = 34908.2
inout (power) : iter =    322 ; delta = 5.770656e-05 ; dt = 35018.6
inout (power) : iter =    323 ; delta = 5.696706e-05 ; dt = 35128.8
inout (power) : iter =    324 ; delta = 5.623764e-05 ; dt = 35239.1
inout (power) : iter =    325 ; delta = 5.551788e-05 ; dt = 35349.1
inout (power) : iter =    326 ; delta = 5.480768e-05 ; dt = 35459.2
inout (power) : iter =    327 ; delta = 5.410699e-05 ; dt = 35569.0
inout (power) : iter =    328 ; delta = 5.341562e-05 ; dt = 35678.6
inout (power) : iter =    329 ; delta = 5.273344e-05 ; dt = 35788.2
inout (power) : iter =    330 ; delta = 5.206036e-05 ; dt = 35898.0
inout (power) : iter =    331 ; delta = 5.139639e-05 ; dt = 36007.4
inout (power) : iter =    332 ; delta = 5.074138e-05 ; dt = 36116.6
inout (power) : iter =    333 ; delta = 5.009509e-05 ; dt = 36225.8
inout (power) : iter =    334 ; delta = 4.945744e-05 ; dt = 36335.1
inout (power) : iter =    335 ; delta = 4.882826e-05 ; dt = 36444.3
inout (power) : iter =    336 ; delta = 4.820749e-05 ; dt = 36553.8
inout (power) : iter =    337 ; delta = 4.759489e-05 ; dt = 36663.3
inout (power) : iter =    338 ; delta = 4.699030e-05 ; dt = 36773.1
inout (power) : iter =    339 ; delta = 4.639362e-05 ; dt = 36882.6
inout (power) : iter =    340 ; delta = 4.580475e-05 ; dt = 36992.4
inout (power) : iter =    341 ; delta = 4.522361e-05 ; dt = 37101.7
inout (power) : iter =    342 ; delta = 4.465011e-05 ; dt = 37211.3
inout (power) : iter =    343 ; delta = 4.408415e-05 ; dt = 37320.8
inout (power) : iter =    344 ; delta = 4.352559e-05 ; dt = 37430.4
inout (power) : iter =    345 ; delta = 4.297431e-05 ; dt = 37540.1
inout (power) : iter =    346 ; delta = 4.243032e-05 ; dt = 37649.5
inout (power) : iter =    347 ; delta = 4.189353e-05 ; dt = 37758.7
inout (power) : iter =    348 ; delta = 4.136375e-05 ; dt = 37867.8
inout (power) : iter =    349 ; delta = 4.084087e-05 ; dt = 37977.0
inout (power) : iter =    350 ; delta = 4.032479e-05 ; dt = 38086.9
inout (power) : iter =    351 ; delta = 3.981543e-05 ; dt = 38196.2
inout (power) : iter =    352 ; delta = 3.931271e-05 ; dt = 38305.7
inout (power) : iter =    353 ; delta = 3.881660e-05 ; dt = 38415.4
inout (power) : iter =    354 ; delta = 3.832697e-05 ; dt = 38525.1
inout (power) : iter =    355 ; delta = 3.784372e-05 ; dt = 38635.4
inout (power) : iter =    356 ; delta = 3.736678e-05 ; dt = 38745.1
inout (power) : iter =    357 ; delta = 3.689612e-05 ; dt = 38854.7
inout (power) : iter =    358 ; delta = 3.643156e-05 ; dt = 38964.4
inout (power) : iter =    359 ; delta = 3.597305e-05 ; dt = 39074.0
inout (power) : iter =    360 ; delta = 3.552045e-05 ; dt = 39183.7
inout (power) : iter =    361 ; delta = 3.507371e-05 ; dt = 39293.1
inout (power) : iter =    362 ; delta = 3.463279e-05 ; dt = 39402.3
inout (power) : iter =    363 ; delta = 3.419758e-05 ; dt = 39511.5
inout (power) : iter =    364 ; delta = 3.376810e-05 ; dt = 39620.7
inout (power) : iter =    365 ; delta = 3.334424e-05 ; dt = 39729.9
inout (power) : iter =    366 ; delta = 3.292592e-05 ; dt = 39839.2
inout (power) : iter =    367 ; delta = 3.251311e-05 ; dt = 39948.3
inout (power) : iter =    368 ; delta = 3.210568e-05 ; dt = 40057.5
inout (power) : iter =    369 ; delta = 3.170350e-05 ; dt = 40167.3
inout (power) : iter =    370 ; delta = 3.130652e-05 ; dt = 40277.4
inout (power) : iter =    371 ; delta = 3.091466e-05 ; dt = 40387.2
inout (power) : iter =    372 ; delta = 3.052801e-05 ; dt = 40497.1
inout (power) : iter =    373 ; delta = 3.014632e-05 ; dt = 40606.0
inout (power) : iter =    374 ; delta = 2.976956e-05 ; dt = 40715.1
inout (power) : iter =    375 ; delta = 2.939765e-05 ; dt = 40824.1
inout (power) : iter =    376 ; delta = 2.903056e-05 ; dt = 40933.1
inout (power) : iter =    377 ; delta = 2.866822e-05 ; dt = 41042.6
inout (power) : iter =    378 ; delta = 2.831055e-05 ; dt = 41152.1
inout (power) : iter =    379 ; delta = 2.795753e-05 ; dt = 41261.0
inout (power) : iter =    380 ; delta = 2.760907e-05 ; dt = 41370.2
inout (power) : iter =    381 ; delta = 2.726509e-05 ; dt = 41479.2
inout (power) : iter =    382 ; delta = 2.692552e-05 ; dt = 41588.2
inout (power) : iter =    383 ; delta = 2.659034e-05 ; dt = 41697.1
inout (power) : iter =    384 ; delta = 2.625947e-05 ; dt = 41806.1
inout (power) : iter =    385 ; delta = 2.593283e-05 ; dt = 41915.6
inout (power) : iter =    386 ; delta = 2.561041e-05 ; dt = 42025.6
inout (power) : iter =    387 ; delta = 2.529235e-05 ; dt = 42135.6
inout (power) : iter =    388 ; delta = 2.497836e-05 ; dt = 42245.6
inout (power) : iter =    389 ; delta = 2.466841e-05 ; dt = 42355.4
inout (power) : iter =    390 ; delta = 2.436246e-05 ; dt = 42465.2
inout (power) : iter =    391 ; delta = 2.406045e-05 ; dt = 42575.2
inout (power) : iter =    392 ; delta = 2.376231e-05 ; dt = 42685.2
inout (power) : iter =    393 ; delta = 2.346800e-05 ; dt = 42795.1
inout (power) : iter =    394 ; delta = 2.317748e-05 ; dt = 42905.1
inout (power) : iter =    395 ; delta = 2.289069e-05 ; dt = 43015.0
inout (power) : iter =    396 ; delta = 2.260755e-05 ; dt = 43124.9
inout (power) : iter =    397 ; delta = 2.232804e-05 ; dt = 43234.7
inout (power) : iter =    398 ; delta = 2.205205e-05 ; dt = 43344.6
inout (power) : iter =    399 ; delta = 2.177955e-05 ; dt = 43454.6
inout (power) : iter =    400 ; delta = 2.151049e-05 ; dt = 43564.6
inout (power) : iter =    401 ; delta = 2.124485e-05 ; dt = 43674.5
inout (power) : iter =    402 ; delta = 2.098257e-05 ; dt = 43784.4
inout (power) : iter =    403 ; delta = 2.072363e-05 ; dt = 43894.3
inout (power) : iter =    404 ; delta = 2.046796e-05 ; dt = 44004.3
inout (power) : iter =    405 ; delta = 2.021553e-05 ; dt = 44114.1
inout (power) : iter =    406 ; delta = 1.996627e-05 ; dt = 44224.0
inout (power) : iter =    407 ; delta = 1.972017e-05 ; dt = 44334.0
inout (power) : iter =    408 ; delta = 1.947721e-05 ; dt = 44444.1
inout (power) : iter =    409 ; delta = 1.923736e-05 ; dt = 44554.0
inout (power) : iter =    410 ; delta = 1.900059e-05 ; dt = 44664.0
inout (power) : iter =    411 ; delta = 1.876681e-05 ; dt = 44773.9
inout (power) : iter =    412 ; delta = 1.853596e-05 ; dt = 44883.9
inout (power) : iter =    413 ; delta = 1.830801e-05 ; dt = 44993.7
inout (power) : iter =    414 ; delta = 1.808293e-05 ; dt = 45103.7
inout (power) : iter =    415 ; delta = 1.786069e-05 ; dt = 45213.8
inout (power) : iter =    416 ; delta = 1.764125e-05 ; dt = 45323.8
inout (power) : iter =    417 ; delta = 1.742458e-05 ; dt = 45433.6
inout (power) : iter =    418 ; delta = 1.721076e-05 ; dt = 45543.6
inout (power) : iter =    419 ; delta = 1.699972e-05 ; dt = 45653.6
inout (power) : iter =    420 ; delta = 1.679135e-05 ; dt = 45763.7
inout (power) : iter =    421 ; delta = 1.658561e-05 ; dt = 45873.6
inout (power) : iter =    422 ; delta = 1.638244e-05 ; dt = 45983.5
inout (power) : iter =    423 ; delta = 1.618182e-05 ; dt = 46093.3
inout (power) : iter =    424 ; delta = 1.598371e-05 ; dt = 46203.4
inout (power) : iter =    425 ; delta = 1.578808e-05 ; dt = 46313.2
inout (power) : iter =    426 ; delta = 1.559490e-05 ; dt = 46423.2
inout (power) : iter =    427 ; delta = 1.540415e-05 ; dt = 46533.2
inout (power) : iter =    428 ; delta = 1.521582e-05 ; dt = 46644.4
inout (power) : iter =    429 ; delta = 1.502988e-05 ; dt = 46754.1
inout (power) : iter =    430 ; delta = 1.484630e-05 ; dt = 46863.4
inout (power) : iter =    431 ; delta = 1.466505e-05 ; dt = 46972.4
inout (power) : iter =    432 ; delta = 1.448609e-05 ; dt = 47081.4
inout (power) : iter =    433 ; delta = 1.430938e-05 ; dt = 47190.2
inout (power) : iter =    434 ; delta = 1.413487e-05 ; dt = 47300.1
inout (power) : iter =    435 ; delta = 1.396254e-05 ; dt = 47410.7
inout (power) : iter =    436 ; delta = 1.379238e-05 ; dt = 47520.7
inout (power) : iter =    437 ; delta = 1.362434e-05 ; dt = 47630.6
inout (power) : iter =    438 ; delta = 1.345838e-05 ; dt = 47740.7
inout (power) : iter =    439 ; delta = 1.329449e-05 ; dt = 47850.7
inout (power) : iter =    440 ; delta = 1.313263e-05 ; dt = 47960.5
inout (power) : iter =    441 ; delta = 1.297277e-05 ; dt = 48070.4
inout (power) : iter =    442 ; delta = 1.281492e-05 ; dt = 48180.4
inout (power) : iter =    443 ; delta = 1.265907e-05 ; dt = 48290.3
inout (power) : iter =    444 ; delta = 1.250516e-05 ; dt = 48400.2
inout (power) : iter =    445 ; delta = 1.235316e-05 ; dt = 48510.0
inout (power) : iter =    446 ; delta = 1.220305e-05 ; dt = 48620.0
inout (power) : iter =    447 ; delta = 1.205480e-05 ; dt = 48730.0
inout (power) : iter =    448 ; delta = 1.190839e-05 ; dt = 48839.9
inout (power) : iter =    449 ; delta = 1.176379e-05 ; dt = 48949.7
inout (power) : iter =    450 ; delta = 1.162098e-05 ; dt = 49059.7
inout (power) : iter =    451 ; delta = 1.147995e-05 ; dt = 49169.7
inout (power) : iter =    452 ; delta = 1.134065e-05 ; dt = 49277.9
inout (power) : iter =    453 ; delta = 1.120308e-05 ; dt = 49386.0
inout (power) : iter =    454 ; delta = 1.106723e-05 ; dt = 49494.3
inout (power) : iter =    455 ; delta = 1.093306e-05 ; dt = 49602.4
inout (power) : iter =    456 ; delta = 1.080055e-05 ; dt = 49711.2
inout (power) : iter =    457 ; delta = 1.066967e-05 ; dt = 49819.3
inout (power) : iter =    458 ; delta = 1.054041e-05 ; dt = 49927.5
inout (power) : iter =    459 ; delta = 1.041275e-05 ; dt = 50035.8
inout (power) : iter =    460 ; delta = 1.028665e-05 ; dt = 50144.0
inout (power) : iter =    461 ; delta = 1.016212e-05 ; dt = 50252.1
inout (power) : iter =    462 ; delta = 1.003911e-05 ; dt = 50360.2
inout (power) : iter =    463 ; delta = 9.917635e-06 ; dt = 50468.4
inout (power) : iter =    464 ; delta = 9.797654e-06 ; dt = 50576.5
inout (power) : iter =    465 ; delta = 9.679152e-06 ; dt = 50684.8
inout (power) : iter =    466 ; delta = 9.562110e-06 ; dt = 50793.0
inout (power) : iter =    467 ; delta = 9.446521e-06 ; dt = 50901.1
inout (power) : iter =    468 ; delta = 9.332372e-06 ; dt = 51009.3
inout (power) : iter =    469 ; delta = 9.219634e-06 ; dt = 51117.3
inout (power) : iter =    470 ; delta = 9.108285e-06 ; dt = 51225.6
inout (power) : iter =    471 ; delta = 8.998308e-06 ; dt = 51333.7
inout (power) : iter =    472 ; delta = 8.889697e-06 ; dt = 51441.8
inout (power) : iter =    473 ; delta = 8.782425e-06 ; dt = 51549.9
inout (power) : iter =    474 ; delta = 8.676478e-06 ; dt = 51658.0
inout (power) : iter =    475 ; delta = 8.571841e-06 ; dt = 51766.1
inout (power) : iter =    476 ; delta = 8.468496e-06 ; dt = 51874.3
inout (power) : iter =    477 ; delta = 8.366430e-06 ; dt = 51982.4
inout (power) : iter =    478 ; delta = 8.265629e-06 ; dt = 52090.5
inout (power) : iter =    479 ; delta = 8.166066e-06 ; dt = 52198.5
inout (power) : iter =    480 ; delta = 8.067723e-06 ; dt = 52306.7
inout (power) : iter =    481 ; delta = 7.970591e-06 ; dt = 52414.9
inout (power) : iter =    482 ; delta = 7.874680e-06 ; dt = 52523.0
inout (power) : iter =    483 ; delta = 7.779969e-06 ; dt = 52631.1
inout (power) : iter =    484 ; delta = 7.686422e-06 ; dt = 52739.2
inout (power) : iter =    485 ; delta = 7.594023e-06 ; dt = 52848.0
inout (power) : iter =    486 ; delta = 7.502754e-06 ; dt = 52956.1
inout (power) : iter =    487 ; delta = 7.412601e-06 ; dt = 53064.3
inout (power) : iter =    488 ; delta = 7.323551e-06 ; dt = 53172.4
inout (power) : iter =    489 ; delta = 7.235592e-06 ; dt = 53280.4
inout (power) : iter =    490 ; delta = 7.148708e-06 ; dt = 53388.6
inout (power) : iter =    491 ; delta = 7.062887e-06 ; dt = 53496.7
inout (power) : iter =    492 ; delta = 6.978121e-06 ; dt = 53605.6
inout (power) : iter =    493 ; delta = 6.894391e-06 ; dt = 53713.7
inout (power) : iter =    494 ; delta = 6.811682e-06 ; dt = 53821.8
inout (power) : iter =    495 ; delta = 6.729996e-06 ; dt = 53929.9
inout (power) : iter =    496 ; delta = 6.649335e-06 ; dt = 54038.0
inout (power) : iter =    497 ; delta = 6.569667e-06 ; dt = 54146.1
inout (power) : iter =    498 ; delta = 6.490968e-06 ; dt = 54255.0
inout (power) : iter =    499 ; delta = 6.413227e-06 ; dt = 54363.1
inout (power) : iter =    500 ; delta = 6.336435e-06 ; dt = 54471.2
inout (power) : iter =    501 ; delta = 6.260589e-06 ; dt = 54579.4
inout (power) : iter =    502 ; delta = 6.185671e-06 ; dt = 54687.5
inout (power) : iter =    503 ; delta = 6.111668e-06 ; dt = 54795.6
inout (power) : iter =    504 ; delta = 6.038566e-06 ; dt = 54903.9
inout (power) : iter =    505 ; delta = 5.966353e-06 ; dt = 55011.9
inout (power) : iter =    506 ; delta = 5.895020e-06 ; dt = 55120.1
inout (power) : iter =    507 ; delta = 5.824555e-06 ; dt = 55228.1
inout (power) : iter =    508 ; delta = 5.754964e-06 ; dt = 55336.3
inout (power) : iter =    509 ; delta = 5.686224e-06 ; dt = 55444.5
inout (power) : iter =    510 ; delta = 5.618318e-06 ; dt = 55552.6
inout (power) : iter =    511 ; delta = 5.551235e-06 ; dt = 55660.7
inout (power) : iter =    512 ; delta = 5.484969e-06 ; dt = 55768.9
inout (power) : iter =    513 ; delta = 5.419513e-06 ; dt = 55877.0
inout (power) : iter =    514 ; delta = 5.354851e-06 ; dt = 55985.1
inout (power) : iter =    515 ; delta = 5.290977e-06 ; dt = 56094.0
inout (power) : iter =    516 ; delta = 5.227883e-06 ; dt = 56202.1
inout (power) : iter =    517 ; delta = 5.165555e-06 ; dt = 56310.2
inout (power) : iter =    518 ; delta = 5.103984e-06 ; dt = 56418.3
inout (power) : iter =    519 ; delta = 5.043162e-06 ; dt = 56526.4
inout (power) : iter =    520 ; delta = 4.983078e-06 ; dt = 56634.7
inout (power) : iter =    521 ; delta = 4.923726e-06 ; dt = 56742.7
inout (power) : iter =    522 ; delta = 4.865092e-06 ; dt = 56850.8
inout (power) : iter =    523 ; delta = 4.807167e-06 ; dt = 56958.9
inout (power) : iter =    524 ; delta = 4.749949e-06 ; dt = 57067.0
inout (power) : iter =    525 ; delta = 4.693433e-06 ; dt = 57175.1
inout (power) : iter =    526 ; delta = 4.637607e-06 ; dt = 57283.3
inout (power) : iter =    527 ; delta = 4.582458e-06 ; dt = 57391.4
inout (power) : iter =    528 ; delta = 4.527976e-06 ; dt = 57499.5
inout (power) : iter =    529 ; delta = 4.474153e-06 ; dt = 57607.6
inout (power) : iter =    530 ; delta = 4.420985e-06 ; dt = 57715.7
inout (power) : iter =    531 ; delta = 4.368459e-06 ; dt = 57823.9
inout (power) : iter =    532 ; delta = 4.316572e-06 ; dt = 57931.8
inout (power) : iter =    533 ; delta = 4.265310e-06 ; dt = 58039.8
inout (power) : iter =    534 ; delta = 4.214666e-06 ; dt = 58148.0
inout (power) : iter =    535 ; delta = 4.164633e-06 ; dt = 58256.1
inout (power) : iter =    536 ; delta = 4.115202e-06 ; dt = 58364.2
inout (power) : iter =    537 ; delta = 4.066374e-06 ; dt = 58472.4
inout (power) : iter =    538 ; delta = 4.018139e-06 ; dt = 58580.6
inout (power) : iter =    539 ; delta = 3.970486e-06 ; dt = 58688.6
inout (power) : iter =    540 ; delta = 3.923407e-06 ; dt = 58796.7
inout (power) : iter =    541 ; delta = 3.876894e-06 ; dt = 58904.6
inout (power) : iter =    542 ; delta = 3.830942e-06 ; dt = 59012.8
inout (power) : iter =    543 ; delta = 3.785543e-06 ; dt = 59120.9
inout (power) : iter =    544 ; delta = 3.740692e-06 ; dt = 59229.0
inout (power) : iter =    545 ; delta = 3.696383e-06 ; dt = 59337.7
inout (power) : iter =    546 ; delta = 3.652607e-06 ; dt = 59445.9
inout (power) : iter =    547 ; delta = 3.609359e-06 ; dt = 59554.1
inout (power) : iter =    548 ; delta = 3.566632e-06 ; dt = 59662.5
inout (power) : iter =    549 ; delta = 3.524421e-06 ; dt = 59770.8
inout (power) : iter =    550 ; delta = 3.482716e-06 ; dt = 59878.9
inout (power) : iter =    551 ; delta = 3.441512e-06 ; dt = 59987.0
inout (power) : iter =    552 ; delta = 3.400801e-06 ; dt = 60095.1
inout (power) : iter =    553 ; delta = 3.360580e-06 ; dt = 60203.3
inout (power) : iter =    554 ; delta = 3.320841e-06 ; dt = 60311.5
inout (power) : iter =    555 ; delta = 3.281579e-06 ; dt = 60419.6
inout (power) : iter =    556 ; delta = 3.242789e-06 ; dt = 60527.7
inout (power) : iter =    557 ; delta = 3.204463e-06 ; dt = 60635.8
inout (power) : iter =    558 ; delta = 3.166598e-06 ; dt = 60743.9
inout (power) : iter =    559 ; delta = 3.129190e-06 ; dt = 60852.1
inout (power) : iter =    560 ; delta = 3.092236e-06 ; dt = 60960.2
inout (power) : iter =    561 ; delta = 3.055727e-06 ; dt = 61068.3
inout (power) : iter =    562 ; delta = 3.019661e-06 ; dt = 61176.4
inout (power) : iter =    563 ; delta = 2.984031e-06 ; dt = 61284.5
inout (power) : iter =    564 ; delta = 2.948831e-06 ; dt = 61392.6
inout (power) : iter =    565 ; delta = 2.914053e-06 ; dt = 61501.5
inout (power) : iter =    566 ; delta = 2.879690e-06 ; dt = 61609.6
inout (power) : iter =    567 ; delta = 2.845742e-06 ; dt = 61717.7
inout (power) : iter =    568 ; delta = 2.812199e-06 ; dt = 61825.7
inout (power) : iter =    569 ; delta = 2.779058e-06 ; dt = 61933.8
inout (power) : iter =    570 ; delta = 2.746313e-06 ; dt = 62042.7
inout (power) : iter =    571 ; delta = 2.713968e-06 ; dt = 62150.8
inout (power) : iter =    572 ; delta = 2.682010e-06 ; dt = 62258.9
inout (power) : iter =    573 ; delta = 2.650434e-06 ; dt = 62367.6
inout (power) : iter =    574 ; delta = 2.619245e-06 ; dt = 62475.8
inout (power) : iter =    575 ; delta = 2.588434e-06 ; dt = 62583.8
inout (power) : iter =    576 ; delta = 2.557992e-06 ; dt = 62692.2
inout (power) : iter =    577 ; delta = 2.527916e-06 ; dt = 62800.2
inout (power) : iter =    578 ; delta = 2.498199e-06 ; dt = 62908.3
inout (power) : iter =    579 ; delta = 2.468835e-06 ; dt = 63016.4
inout (power) : iter =    580 ; delta = 2.439821e-06 ; dt = 63124.6
inout (power) : iter =    581 ; delta = 2.411153e-06 ; dt = 63232.6
inout (power) : iter =    582 ; delta = 2.382829e-06 ; dt = 63340.7
inout (power) : iter =    583 ; delta = 2.354846e-06 ; dt = 63448.7
inout (power) : iter =    584 ; delta = 2.327197e-06 ; dt = 63556.9
inout (power) : iter =    585 ; delta = 2.299882e-06 ; dt = 63665.7
inout (power) : iter =    586 ; delta = 2.272897e-06 ; dt = 63773.8
inout (power) : iter =    587 ; delta = 2.246235e-06 ; dt = 63882.0
inout (power) : iter =    588 ; delta = 2.219892e-06 ; dt = 63990.1
inout (power) : iter =    589 ; delta = 2.193863e-06 ; dt = 64098.2
inout (power) : iter =    590 ; delta = 2.168144e-06 ; dt = 64206.4
inout (power) : iter =    591 ; delta = 2.142732e-06 ; dt = 64314.4
inout (power) : iter =    592 ; delta = 2.117624e-06 ; dt = 64422.7
inout (power) : iter =    593 ; delta = 2.092814e-06 ; dt = 64530.8
inout (power) : iter =    594 ; delta = 2.068302e-06 ; dt = 64638.9
inout (power) : iter =    595 ; delta = 2.044083e-06 ; dt = 64747.0
inout (power) : iter =    596 ; delta = 2.020153e-06 ; dt = 64855.1
inout (power) : iter =    597 ; delta = 1.996509e-06 ; dt = 64963.1
inout (power) : iter =    598 ; delta = 1.973147e-06 ; dt = 65071.4
inout (power) : iter =    599 ; delta = 1.950066e-06 ; dt = 65179.5
inout (power) : iter =    600 ; delta = 1.927262e-06 ; dt = 65287.6
inout (power) : iter =    601 ; delta = 1.904729e-06 ; dt = 65395.6
inout (power) : iter =    602 ; delta = 1.882464e-06 ; dt = 65503.8
inout (power) : iter =    603 ; delta = 1.860463e-06 ; dt = 65612.6
inout (power) : iter =    604 ; delta = 1.838721e-06 ; dt = 65720.9
inout (power) : iter =    605 ; delta = 1.817237e-06 ; dt = 65829.0
inout (power) : iter =    606 ; delta = 1.796008e-06 ; dt = 65937.1
inout (power) : iter =    607 ; delta = 1.775033e-06 ; dt = 66045.2
inout (power) : iter =    608 ; delta = 1.754306e-06 ; dt = 66153.3
inout (power) : iter =    609 ; delta = 1.733824e-06 ; dt = 66261.6
inout (power) : iter =    610 ; delta = 1.713585e-06 ; dt = 66369.7
inout (power) : iter =    611 ; delta = 1.693591e-06 ; dt = 66477.7
inout (power) : iter =    612 ; delta = 1.673834e-06 ; dt = 66585.9
inout (power) : iter =    613 ; delta = 1.654310e-06 ; dt = 66693.9
inout (power) : iter =    614 ; delta = 1.635020e-06 ; dt = 66802.1
inout (power) : iter =    615 ; delta = 1.615957e-06 ; dt = 66910.2
inout (power) : iter =    616 ; delta = 1.597122e-06 ; dt = 67018.4
inout (power) : iter =    617 ; delta = 1.578509e-06 ; dt = 67126.5
inout (power) : iter =    618 ; delta = 1.560116e-06 ; dt = 67234.7
inout (power) : iter =    619 ; delta = 1.541940e-06 ; dt = 67342.8
inout (power) : iter =    620 ; delta = 1.523978e-06 ; dt = 67451.1
inout (power) : iter =    621 ; delta = 1.506227e-06 ; dt = 67559.1
inout (power) : iter =    622 ; delta = 1.488687e-06 ; dt = 67667.3
inout (power) : iter =    623 ; delta = 1.471353e-06 ; dt = 67775.3
inout (power) : iter =    624 ; delta = 1.454223e-06 ; dt = 67883.4
inout (power) : iter =    625 ; delta = 1.437295e-06 ; dt = 67991.5
inout (power) : iter =    626 ; delta = 1.420569e-06 ; dt = 68099.8
inout (power) : iter =    627 ; delta = 1.404039e-06 ; dt = 68207.9
inout (power) : iter =    628 ; delta = 1.387703e-06 ; dt = 68316.0
inout (power) : iter =    629 ; delta = 1.371560e-06 ; dt = 68424.6
inout (power) : iter =    630 ; delta = 1.355608e-06 ; dt = 68532.7
inout (power) : iter =    631 ; delta = 1.339844e-06 ; dt = 68640.9
inout (power) : iter =    632 ; delta = 1.324266e-06 ; dt = 68749.7
inout (power) : iter =    633 ; delta = 1.308871e-06 ; dt = 68857.7
inout (power) : iter =    634 ; delta = 1.293658e-06 ; dt = 68965.9
inout (power) : iter =    635 ; delta = 1.278625e-06 ; dt = 69074.0
inout (power) : iter =    636 ; delta = 1.263769e-06 ; dt = 69182.1
inout (power) : iter =    637 ; delta = 1.249089e-06 ; dt = 69290.3
inout (power) : iter =    638 ; delta = 1.234583e-06 ; dt = 69398.4
inout (power) : iter =    639 ; delta = 1.220249e-06 ; dt = 69506.5
inout (power) : iter =    640 ; delta = 1.206083e-06 ; dt = 69614.6
inout (power) : iter =    641 ; delta = 1.192084e-06 ; dt = 69722.7
inout (power) : iter =    642 ; delta = 1.178250e-06 ; dt = 69831.0
inout (power) : iter =    643 ; delta = 1.164581e-06 ; dt = 69939.1
inout (power) : iter =    644 ; delta = 1.151074e-06 ; dt = 70047.2
inout (power) : iter =    645 ; delta = 1.137724e-06 ; dt = 70155.2
inout (power) : iter =    646 ; delta = 1.124531e-06 ; dt = 70263.3
inout (power) : iter =    647 ; delta = 1.111494e-06 ; dt = 70371.4
inout (power) : iter =    648 ; delta = 1.098609e-06 ; dt = 70479.6
inout (power) : iter =    649 ; delta = 1.085876e-06 ; dt = 70587.7
inout (power) : iter =    650 ; delta = 1.073293e-06 ; dt = 70695.8
inout (power) : iter =    651 ; delta = 1.060858e-06 ; dt = 70803.9
inout (power) : iter =    652 ; delta = 1.048567e-06 ; dt = 70912.0
inout (power) : iter =    653 ; delta = 1.036421e-06 ; dt = 71020.2
inout (power) : iter =    654 ; delta = 1.024418e-06 ; dt = 71128.2
inout (power) : iter =    655 ; delta = 1.012557e-06 ; dt = 71236.3
inout (power) : iter =    656 ; delta = 1.000834e-06 ; dt = 71344.4
inout (power) : iter =    657 ; delta = 9.892491e-07 ; dt = 71452.5
inout (power) : iter =    658 ; delta = 9.778006e-07 ; dt = 71560.6
inout (power) : iter =    659 ; delta = 9.664863e-07 ; dt = 71669.0
inout (power) : iter =    660 ; delta = 9.553049e-07 ; dt = 71777.1
inout (power) : iter =    661 ; delta = 9.442542e-07 ; dt = 71885.2
inout (power) : iter =    662 ; delta = 9.333327e-07 ; dt = 71993.3
inout (power) : iter =    663 ; delta = 9.225387e-07 ; dt = 72101.3
inout (power) : iter =    664 ; delta = 9.118711e-07 ; dt = 72209.6
inout (power) : iter =    665 ; delta = 9.013292e-07 ; dt = 72317.7
inout (power) : iter =    666 ; delta = 8.909110e-07 ; dt = 72425.8
inout (power) : iter =    667 ; delta = 8.806158e-07 ; dt = 72533.9
inout (power) : iter =    668 ; delta = 8.704417e-07 ; dt = 72642.0
inout (power) : iter =    669 ; delta = 8.603864e-07 ; dt = 72750.1
inout (power) : iter =    670 ; delta = 8.504486e-07 ; dt = 72858.4
inout (power) : iter =    671 ; delta = 8.406268e-07 ; dt = 72966.5
inout (power) : iter =    672 ; delta = 8.309197e-07 ; dt = 73074.6
inout (power) : iter =    673 ; delta = 8.213258e-07 ; dt = 73182.7
inout (power) : iter =    674 ; delta = 8.118441e-07 ; dt = 73290.9
inout (power) : iter =    675 ; delta = 8.024731e-07 ; dt = 73399.1
inout (power) : iter =    676 ; delta = 7.932114e-07 ; dt = 73507.2
inout (power) : iter =    677 ; delta = 7.840576e-07 ; dt = 73615.2
inout (power) : iter =    678 ; delta = 7.750109e-07 ; dt = 73723.4
inout (power) : iter =    679 ; delta = 7.660697e-07 ; dt = 73831.5
inout (power) : iter =    680 ; delta = 7.572327e-07 ; dt = 73939.6
inout (power) : iter =    681 ; delta = 7.484988e-07 ; dt = 74047.8
inout (power) : iter =    682 ; delta = 7.398668e-07 ; dt = 74155.9
inout (power) : iter =    683 ; delta = 7.313354e-07 ; dt = 74264.0
inout (power) : iter =    684 ; delta = 7.229035e-07 ; dt = 74372.1
inout (power) : iter =    685 ; delta = 7.145698e-07 ; dt = 74480.1
inout (power) : iter =    686 ; delta = 7.063330e-07 ; dt = 74588.2
inout (power) : iter =    687 ; delta = 6.981921e-07 ; dt = 74696.4
inout (power) : iter =    688 ; delta = 6.901461e-07 ; dt = 74804.6
inout (power) : iter =    689 ; delta = 6.821940e-07 ; dt = 74912.7
inout (power) : iter =    690 ; delta = 6.743345e-07 ; dt = 75020.8
inout (power) : iter =    691 ; delta = 6.665667e-07 ; dt = 75128.9
inout (power) : iter =    692 ; delta = 6.588901e-07 ; dt = 75237.1
inout (power) : iter =    693 ; delta = 6.513032e-07 ; dt = 75345.2
inout (power) : iter =    694 ; delta = 6.438050e-07 ; dt = 75453.3
inout (power) : iter =    695 ; delta = 6.363946e-07 ; dt = 75561.4
inout (power) : iter =    696 ; delta = 6.290704e-07 ; dt = 75669.5
inout (power) : iter =    697 ; delta = 6.218313e-07 ; dt = 75777.6
inout (power) : iter =    698 ; delta = 6.146764e-07 ; dt = 75885.8
inout (power) : iter =    699 ; delta = 6.076049e-07 ; dt = 75993.9
inout (power) : iter =    700 ; delta = 6.006159e-07 ; dt = 76102.0
inout (power) : iter =    701 ; delta = 5.937094e-07 ; dt = 76210.3
inout (power) : iter =    702 ; delta = 5.868839e-07 ; dt = 76318.6
inout (power) : iter =    703 ; delta = 5.801381e-07 ; dt = 76427.0
inout (power) : iter =    704 ; delta = 5.734708e-07 ; dt = 76535.3
inout (power) : iter =    705 ; delta = 5.668819e-07 ; dt = 76643.4
inout (power) : iter =    706 ; delta = 5.603696e-07 ; dt = 76751.5
inout (power) : iter =    707 ; delta = 5.539331e-07 ; dt = 76859.6
inout (power) : iter =    708 ; delta = 5.475713e-07 ; dt = 76967.7
inout (power) : iter =    709 ; delta = 5.412833e-07 ; dt = 77076.6
inout (power) : iter =    710 ; delta = 5.350682e-07 ; dt = 77184.7
inout (power) : iter =    711 ; delta = 5.289252e-07 ; dt = 77292.8
inout (power) : iter =    712 ; delta = 5.228534e-07 ; dt = 77400.9
inout (power) : iter =    713 ; delta = 5.168522e-07 ; dt = 77508.9
inout (power) : iter =    714 ; delta = 5.109207e-07 ; dt = 77617.8
inout (power) : iter =    715 ; delta = 5.050580e-07 ; dt = 77725.7
inout (power) : iter =    716 ; delta = 4.992636e-07 ; dt = 77833.8
inout (power) : iter =    717 ; delta = 4.935372e-07 ; dt = 77941.9
inout (power) : iter =    718 ; delta = 4.878771e-07 ; dt = 78050.0
inout (power) : iter =    719 ; delta = 4.822824e-07 ; dt = 78158.1
inout (power) : iter =    720 ; delta = 4.767524e-07 ; dt = 78267.0
inout (power) : iter =    721 ; delta = 4.712863e-07 ; dt = 78375.1
inout (power) : iter =    722 ; delta = 4.658836e-07 ; dt = 78483.2
inout (power) : iter =    723 ; delta = 4.605436e-07 ; dt = 78591.3
inout (power) : iter =    724 ; delta = 4.552653e-07 ; dt = 78699.5
inout (power) : iter =    725 ; delta = 4.500481e-07 ; dt = 78807.7
inout (power) : iter =    726 ; delta = 4.448918e-07 ; dt = 78915.8
inout (power) : iter =    727 ; delta = 4.397954e-07 ; dt = 79023.9
inout (power) : iter =    728 ; delta = 4.347582e-07 ; dt = 79132.0
inout (power) : iter =    729 ; delta = 4.297789e-07 ; dt = 79240.1
inout (power) : iter =    730 ; delta = 4.248575e-07 ; dt = 79348.2
inout (power) : iter =    731 ; delta = 4.199930e-07 ; dt = 79456.4
inout (power) : iter =    732 ; delta = 4.151847e-07 ; dt = 79564.6
inout (power) : iter =    733 ; delta = 4.104321e-07 ; dt = 79672.6
inout (power) : iter =    734 ; delta = 4.057344e-07 ; dt = 79780.8
inout (power) : iter =    735 ; delta = 4.010910e-07 ; dt = 79888.9
inout (power) : iter =    736 ; delta = 3.965012e-07 ; dt = 79997.0
inout (power) : iter =    737 ; delta = 3.919646e-07 ; dt = 80105.2
inout (power) : iter =    738 ; delta = 3.874806e-07 ; dt = 80213.3
inout (power) : iter =    739 ; delta = 3.830484e-07 ; dt = 80321.3
inout (power) : iter =    740 ; delta = 3.786674e-07 ; dt = 80429.4
inout (power) : iter =    741 ; delta = 3.743371e-07 ; dt = 80537.5
inout (power) : iter =    742 ; delta = 3.700568e-07 ; dt = 80645.8
inout (power) : iter =    743 ; delta = 3.658258e-07 ; dt = 80753.8
inout (power) : iter =    744 ; delta = 3.616438e-07 ; dt = 80861.9
inout (power) : iter =    745 ; delta = 3.575100e-07 ; dt = 80970.0
inout (power) : iter =    746 ; delta = 3.534239e-07 ; dt = 81078.1
inout (power) : iter =    747 ; delta = 3.493849e-07 ; dt = 81186.2
inout (power) : iter =    748 ; delta = 3.453925e-07 ; dt = 81294.4
inout (power) : iter =    749 ; delta = 3.414462e-07 ; dt = 81402.5
inout (power) : iter =    750 ; delta = 3.375453e-07 ; dt = 81510.6
inout (power) : iter =    751 ; delta = 3.336896e-07 ; dt = 81618.7
inout (power) : iter =    752 ; delta = 3.298784e-07 ; dt = 81726.8
inout (power) : iter =    753 ; delta = 3.261114e-07 ; dt = 81835.0
inout (power) : iter =    754 ; delta = 3.223878e-07 ; dt = 81943.1
inout (power) : iter =    755 ; delta = 3.187071e-07 ; dt = 82051.2
inout (power) : iter =    756 ; delta = 3.150690e-07 ; dt = 82159.3
inout (power) : iter =    757 ; delta = 3.114730e-07 ; dt = 82267.4
inout (power) : iter =    758 ; delta = 3.079185e-07 ; dt = 82375.5
inout (power) : iter =    759 ; delta = 3.044050e-07 ; dt = 82483.7
inout (power) : iter =    760 ; delta = 3.009319e-07 ; dt = 82591.9
inout (power) : iter =    761 ; delta = 2.974989e-07 ; dt = 82699.9
inout (power) : iter =    762 ; delta = 2.941055e-07 ; dt = 82808.0
inout (power) : iter =    763 ; delta = 2.907510e-07 ; dt = 82916.1
inout (power) : iter =    764 ; delta = 2.874352e-07 ; dt = 83024.3
inout (power) : iter =    765 ; delta = 2.841575e-07 ; dt = 83132.2
inout (power) : iter =    766 ; delta = 2.809178e-07 ; dt = 83240.3
inout (power) : iter =    767 ; delta = 2.777156e-07 ; dt = 83348.4
inout (power) : iter =    768 ; delta = 2.745501e-07 ; dt = 83456.5
inout (power) : iter =    769 ; delta = 2.714212e-07 ; dt = 83564.6
inout (power) : iter =    770 ; delta = 2.683284e-07 ; dt = 83672.8
inout (power) : iter =    771 ; delta = 2.652712e-07 ; dt = 83780.9
inout (power) : iter =    772 ; delta = 2.622491e-07 ; dt = 83889.0
inout (power) : iter =    773 ; delta = 2.592619e-07 ; dt = 83997.1
inout (power) : iter =    774 ; delta = 2.563093e-07 ; dt = 84105.9
inout (power) : iter =    775 ; delta = 2.533908e-07 ; dt = 84214.1
inout (power) : iter =    776 ; delta = 2.505058e-07 ; dt = 84322.2
inout (power) : iter =    777 ; delta = 2.476540e-07 ; dt = 84430.3
inout (power) : iter =    778 ; delta = 2.448350e-07 ; dt = 84538.4
inout (power) : iter =    779 ; delta = 2.420483e-07 ; dt = 84646.6
inout (power) : iter =    780 ; delta = 2.392937e-07 ; dt = 84754.7
inout (power) : iter =    781 ; delta = 2.365708e-07 ; dt = 84862.8
inout (power) : iter =    782 ; delta = 2.338791e-07 ; dt = 84971.0
inout (power) : iter =    783 ; delta = 2.312185e-07 ; dt = 85079.0
inout (power) : iter =    784 ; delta = 2.285886e-07 ; dt = 85187.3
inout (power) : iter =    785 ; delta = 2.259888e-07 ; dt = 85295.4
inout (power) : iter =    786 ; delta = 2.234188e-07 ; dt = 85404.3
inout (power) : iter =    787 ; delta = 2.208783e-07 ; dt = 85512.4
inout (power) : iter =    788 ; delta = 2.183671e-07 ; dt = 85620.5
inout (power) : iter =    789 ; delta = 2.158847e-07 ; dt = 85728.6
inout (power) : iter =    790 ; delta = 2.134309e-07 ; dt = 85836.8
inout (power) : iter =    791 ; delta = 2.110051e-07 ; dt = 85944.8
inout (power) : iter =    792 ; delta = 2.086072e-07 ; dt = 86053.2
inout (power) : iter =    793 ; delta = 2.062368e-07 ; dt = 86161.5
inout (power) : iter =    794 ; delta = 2.038935e-07 ; dt = 86269.8
inout (power) : iter =    795 ; delta = 2.015772e-07 ; dt = 86378.0
inout (power) : iter =    796 ; delta = 1.992874e-07 ; dt = 86486.1
inout (power) : iter =    797 ; delta = 1.970239e-07 ; dt = 86594.0
inout (power) : iter =    798 ; delta = 1.947865e-07 ; dt = 86702.2
inout (power) : iter =    799 ; delta = 1.925749e-07 ; dt = 86810.3
inout (power) : iter =    800 ; delta = 1.903889e-07 ; dt = 86918.4
inout (power) : iter =    801 ; delta = 1.882281e-07 ; dt = 87026.5
inout (power) : iter =    802 ; delta = 1.860921e-07 ; dt = 87134.7
inout (power) : iter =    803 ; delta = 1.839807e-07 ; dt = 87242.8
inout (power) : iter =    804 ; delta = 1.818935e-07 ; dt = 87350.9
inout (power) : iter =    805 ; delta = 1.798302e-07 ; dt = 87459.0
inout (power) : iter =    806 ; delta = 1.777905e-07 ; dt = 87567.1
inout (power) : iter =    807 ; delta = 1.757742e-07 ; dt = 87675.0
inout (power) : iter =    808 ; delta = 1.737810e-07 ; dt = 87782.9
inout (power) : iter =    809 ; delta = 1.718106e-07 ; dt = 87891.1
inout (power) : iter =    810 ; delta = 1.698629e-07 ; dt = 87999.2
inout (power) : iter =    811 ; delta = 1.679376e-07 ; dt = 88107.4
inout (power) : iter =    812 ; delta = 1.660343e-07 ; dt = 88215.5
inout (power) : iter =    813 ; delta = 1.641527e-07 ; dt = 88323.6
inout (power) : iter =    814 ; delta = 1.622927e-07 ; dt = 88431.9
inout (power) : iter =    815 ; delta = 1.604539e-07 ; dt = 88540.0
inout (power) : iter =    816 ; delta = 1.586361e-07 ; dt = 88648.1
inout (power) : iter =    817 ; delta = 1.568391e-07 ; dt = 88756.9
inout (power) : iter =    818 ; delta = 1.550626e-07 ; dt = 88865.0
inout (power) : iter =    819 ; delta = 1.533063e-07 ; dt = 88973.1
inout (power) : iter =    820 ; delta = 1.515700e-07 ; dt = 89081.3
inout (power) : iter =    821 ; delta = 1.498536e-07 ; dt = 89189.3
inout (power) : iter =    822 ; delta = 1.481568e-07 ; dt = 89297.4
inout (power) : iter =    823 ; delta = 1.464795e-07 ; dt = 89405.5
inout (power) : iter =    824 ; delta = 1.448212e-07 ; dt = 89513.6
inout (power) : iter =    825 ; delta = 1.431819e-07 ; dt = 89621.9
inout (power) : iter =    826 ; delta = 1.415613e-07 ; dt = 89730.0
inout (power) : iter =    827 ; delta = 1.399591e-07 ; dt = 89838.1
inout (power) : iter =    828 ; delta = 1.383752e-07 ; dt = 89946.2
inout (power) : iter =    829 ; delta = 1.368094e-07 ; dt = 90054.3
inout (power) : iter =    830 ; delta = 1.352615e-07 ; dt = 90162.4
inout (power) : iter =    831 ; delta = 1.337312e-07 ; dt = 90270.6
inout (power) : iter =    832 ; delta = 1.322186e-07 ; dt = 90378.7
inout (power) : iter =    833 ; delta = 1.307233e-07 ; dt = 90486.7
inout (power) : iter =    834 ; delta = 1.292451e-07 ; dt = 90594.7
inout (power) : iter =    835 ; delta = 1.277837e-07 ; dt = 90702.7
inout (power) : iter =    836 ; delta = 1.263391e-07 ; dt = 90811.0
inout (power) : iter =    837 ; delta = 1.249109e-07 ; dt = 90919.1
inout (power) : iter =    838 ; delta = 1.234990e-07 ; dt = 91027.2
inout (power) : iter =    839 ; delta = 1.221032e-07 ; dt = 91135.3
inout (power) : iter =    840 ; delta = 1.207233e-07 ; dt = 91243.4
inout (power) : iter =    841 ; delta = 1.193591e-07 ; dt = 91351.5
inout (power) : iter =    842 ; delta = 1.180104e-07 ; dt = 91459.8
inout (power) : iter =    843 ; delta = 1.166771e-07 ; dt = 91567.9
inout (power) : iter =    844 ; delta = 1.153590e-07 ; dt = 91676.0
inout (power) : iter =    845 ; delta = 1.140558e-07 ; dt = 91784.1
inout (power) : iter =    846 ; delta = 1.127675e-07 ; dt = 91892.2
inout (power) : iter =    847 ; delta = 1.114940e-07 ; dt = 92000.4
inout (power) : iter =    848 ; delta = 1.102348e-07 ; dt = 92108.6
inout (power) : iter =    849 ; delta = 1.089900e-07 ; dt = 92216.6
inout (power) : iter =    850 ; delta = 1.077594e-07 ; dt = 92324.8
inout (power) : iter =    851 ; delta = 1.065428e-07 ; dt = 92432.9
inout (power) : iter =    852 ; delta = 1.053400e-07 ; dt = 92541.0
inout (power) : iter =    853 ; delta = 1.041509e-07 ; dt = 92649.8
inout (power) : iter =    854 ; delta = 1.029753e-07 ; dt = 92757.9
inout (power) : iter =    855 ; delta = 1.018130e-07 ; dt = 92866.0
inout (power) : iter =    856 ; delta = 1.006640e-07 ; dt = 92974.1
inout (power) : iter =    857 ; delta = 9.952798e-08 ; dt = 93082.2
inout(b=0.5000,it=1.000000e-02) : solved pagerank(a=0.9900) in   857 mults to 1.000000e-07 tol
output norm: 1.0000000000000002e+00
