Parameters: 
   graphfile = /var/tmp/dgleich/data/uk-2005
      output = none
         alg = inout
       alpha = 0.99
         tol = 1e-07
       maxit = 10000

nodes = 39459925
edges = 936364282
inout(0.9900,0.5000,1.000000e-02) with tol=1.000000e-07 and maxit= 10000 iterations
inout (outer) : iter =      5 ; odelta = 2.243252e-01 ; dt =   147.9
inout (outer) : iter =      8 ; odelta = 8.385927e-02 ; dt =   237.4
inout (outer) : iter =     11 ; odelta = 5.134952e-02 ; dt =   327.0
inout (outer) : iter =     13 ; odelta = 3.963512e-02 ; dt =   387.0
inout (outer) : iter =     15 ; odelta = 3.299665e-02 ; dt =   447.0
inout (outer) : iter =     17 ; odelta = 2.832805e-02 ; dt =   507.0
inout (outer) : iter =     19 ; odelta = 2.480109e-02 ; dt =   567.0
inout (outer) : iter =     21 ; odelta = 2.201730e-02 ; dt =   627.0
inout (outer) : iter =     23 ; odelta = 1.975133e-02 ; dt =   687.0
inout (outer) : iter =     24 ; odelta = 1.845617e-02 ; dt =   717.5
inout (outer) : iter =     25 ; odelta = 1.730654e-02 ; dt =   748.0
inout (outer) : iter =     26 ; odelta = 1.627689e-02 ; dt =   778.5
inout (outer) : iter =     27 ; odelta = 1.534688e-02 ; dt =   808.9
inout (outer) : iter =     28 ; odelta = 1.450303e-02 ; dt =   839.4
inout (outer) : iter =     29 ; odelta = 1.373354e-02 ; dt =   869.9
inout (outer) : iter =     30 ; odelta = 1.303104e-02 ; dt =   900.4
inout (outer) : iter =     31 ; odelta = 1.238852e-02 ; dt =   930.9
inout (outer) : iter =     32 ; odelta = 1.179797e-02 ; dt =   961.4
inout (outer) : iter =     33 ; odelta = 1.125242e-02 ; dt =   991.8
inout (outer) : iter =     34 ; odelta = 1.074650e-02 ; dt =  1022.3
inout (outer) : iter =     35 ; odelta = 1.027771e-02 ; dt =  1052.8
inout (outer) : iter =     36 ; odelta = 9.840645e-03 ; dt =  1083.3
inout (power) : iter =     37 ; delta = 9.432800e-03 ; dt =  1113.2
inout (power) : iter =     38 ; delta = 9.052341e-03 ; dt =  1142.2
inout (power) : iter =     39 ; delta = 8.696077e-03 ; dt =  1171.2
inout (power) : iter =     40 ; delta = 8.361231e-03 ; dt =  1200.1
inout (power) : iter =     41 ; delta = 8.045847e-03 ; dt =  1229.1
inout (power) : iter =     42 ; delta = 7.748524e-03 ; dt =  1258.0
inout (power) : iter =     43 ; delta = 7.467762e-03 ; dt =  1287.0
inout (power) : iter =     44 ; delta = 7.202476e-03 ; dt =  1316.0
inout (power) : iter =     45 ; delta = 6.951730e-03 ; dt =  1345.0
inout (power) : iter =     46 ; delta = 6.714349e-03 ; dt =  1374.0
inout (power) : iter =     47 ; delta = 6.489224e-03 ; dt =  1402.9
inout (power) : iter =     48 ; delta = 6.275345e-03 ; dt =  1431.8
inout (power) : iter =     49 ; delta = 6.072925e-03 ; dt =  1460.8
inout (power) : iter =     50 ; delta = 5.880808e-03 ; dt =  1489.8
inout (power) : iter =     51 ; delta = 5.697960e-03 ; dt =  1518.8
inout (power) : iter =     52 ; delta = 5.523576e-03 ; dt =  1547.8
inout (power) : iter =     53 ; delta = 5.356888e-03 ; dt =  1576.7
inout (power) : iter =     54 ; delta = 5.197446e-03 ; dt =  1605.7
inout (power) : iter =     55 ; delta = 5.045002e-03 ; dt =  1634.6
inout (power) : iter =     56 ; delta = 4.899458e-03 ; dt =  1663.6
inout (power) : iter =     57 ; delta = 4.760121e-03 ; dt =  1692.6
inout (power) : iter =     58 ; delta = 4.626527e-03 ; dt =  1721.6
inout (power) : iter =     59 ; delta = 4.498376e-03 ; dt =  1750.6
inout (power) : iter =     60 ; delta = 4.375935e-03 ; dt =  1779.6
inout (power) : iter =     61 ; delta = 4.258446e-03 ; dt =  1808.5
inout (power) : iter =     62 ; delta = 4.145382e-03 ; dt =  1837.5
inout (power) : iter =     63 ; delta = 4.036579e-03 ; dt =  1866.5
inout (power) : iter =     64 ; delta = 3.931773e-03 ; dt =  1895.5
inout (power) : iter =     65 ; delta = 3.830726e-03 ; dt =  1924.5
inout (power) : iter =     66 ; delta = 3.733293e-03 ; dt =  1953.5
inout (power) : iter =     67 ; delta = 3.639323e-03 ; dt =  1982.5
inout (power) : iter =     68 ; delta = 3.548640e-03 ; dt =  2011.4
inout (power) : iter =     69 ; delta = 3.460970e-03 ; dt =  2040.4
inout (power) : iter =     70 ; delta = 3.376190e-03 ; dt =  2069.4
inout (power) : iter =     71 ; delta = 3.294242e-03 ; dt =  2098.4
inout (power) : iter =     72 ; delta = 3.214973e-03 ; dt =  2127.4
inout (power) : iter =     73 ; delta = 3.138313e-03 ; dt =  2156.3
inout (power) : iter =     74 ; delta = 3.064181e-03 ; dt =  2185.3
inout (power) : iter =     75 ; delta = 2.992463e-03 ; dt =  2214.3
inout (power) : iter =     76 ; delta = 2.923054e-03 ; dt =  2243.2
inout (power) : iter =     77 ; delta = 2.855784e-03 ; dt =  2272.2
inout (power) : iter =     78 ; delta = 2.790550e-03 ; dt =  2301.2
inout (power) : iter =     79 ; delta = 2.727247e-03 ; dt =  2330.1
inout (power) : iter =     80 ; delta = 2.665811e-03 ; dt =  2359.1
inout (power) : iter =     81 ; delta = 2.606149e-03 ; dt =  2387.9
inout (power) : iter =     82 ; delta = 2.548188e-03 ; dt =  2416.9
inout (power) : iter =     83 ; delta = 2.491879e-03 ; dt =  2445.9
inout (power) : iter =     84 ; delta = 2.437156e-03 ; dt =  2474.9
inout (power) : iter =     85 ; delta = 2.383976e-03 ; dt =  2503.9
inout (power) : iter =     86 ; delta = 2.332279e-03 ; dt =  2532.9
inout (power) : iter =     87 ; delta = 2.282012e-03 ; dt =  2561.8
inout (power) : iter =     88 ; delta = 2.233120e-03 ; dt =  2590.8
inout (power) : iter =     89 ; delta = 2.185567e-03 ; dt =  2619.8
inout (power) : iter =     90 ; delta = 2.139297e-03 ; dt =  2648.7
inout (power) : iter =     91 ; delta = 2.094255e-03 ; dt =  2677.7
inout (power) : iter =     92 ; delta = 2.050405e-03 ; dt =  2706.7
inout (power) : iter =     93 ; delta = 2.007713e-03 ; dt =  2735.6
inout (power) : iter =     94 ; delta = 1.966144e-03 ; dt =  2764.6
inout (power) : iter =     95 ; delta = 1.925677e-03 ; dt =  2793.6
inout (power) : iter =     96 ; delta = 1.886268e-03 ; dt =  2822.6
inout (power) : iter =     97 ; delta = 1.847890e-03 ; dt =  2851.6
inout (power) : iter =     98 ; delta = 1.810561e-03 ; dt =  2880.6
inout (power) : iter =     99 ; delta = 1.774275e-03 ; dt =  2909.5
inout (power) : iter =    100 ; delta = 1.738923e-03 ; dt =  2938.4
inout (power) : iter =    101 ; delta = 1.704452e-03 ; dt =  2967.4
inout (power) : iter =    102 ; delta = 1.670836e-03 ; dt =  2996.4
inout (power) : iter =    103 ; delta = 1.638039e-03 ; dt =  3025.4
inout (power) : iter =    104 ; delta = 1.606032e-03 ; dt =  3054.4
inout (power) : iter =    105 ; delta = 1.574802e-03 ; dt =  3083.3
inout (power) : iter =    106 ; delta = 1.544317e-03 ; dt =  3112.3
inout (power) : iter =    107 ; delta = 1.514558e-03 ; dt =  3141.3
inout (power) : iter =    108 ; delta = 1.485496e-03 ; dt =  3170.3
inout (power) : iter =    109 ; delta = 1.457115e-03 ; dt =  3199.3
inout (power) : iter =    110 ; delta = 1.429393e-03 ; dt =  3228.2
inout (power) : iter =    111 ; delta = 1.402305e-03 ; dt =  3257.2
inout (power) : iter =    112 ; delta = 1.375837e-03 ; dt =  3286.1
inout (power) : iter =    113 ; delta = 1.349975e-03 ; dt =  3315.1
inout (power) : iter =    114 ; delta = 1.324728e-03 ; dt =  3344.1
inout (power) : iter =    115 ; delta = 1.300054e-03 ; dt =  3373.0
inout (power) : iter =    116 ; delta = 1.275932e-03 ; dt =  3401.9
inout (power) : iter =    117 ; delta = 1.252340e-03 ; dt =  3430.9
inout (power) : iter =    118 ; delta = 1.229269e-03 ; dt =  3459.9
inout (power) : iter =    119 ; delta = 1.206710e-03 ; dt =  3488.9
inout (power) : iter =    120 ; delta = 1.184647e-03 ; dt =  3517.9
inout (power) : iter =    121 ; delta = 1.163059e-03 ; dt =  3546.8
inout (power) : iter =    122 ; delta = 1.141935e-03 ; dt =  3575.8
inout (power) : iter =    123 ; delta = 1.121264e-03 ; dt =  3604.8
inout (power) : iter =    124 ; delta = 1.101031e-03 ; dt =  3633.8
inout (power) : iter =    125 ; delta = 1.081227e-03 ; dt =  3662.8
inout (power) : iter =    126 ; delta = 1.061848e-03 ; dt =  3691.7
inout (power) : iter =    127 ; delta = 1.042886e-03 ; dt =  3720.7
inout (power) : iter =    128 ; delta = 1.024336e-03 ; dt =  3749.7
inout (power) : iter =    129 ; delta = 1.006177e-03 ; dt =  3778.7
inout (power) : iter =    130 ; delta = 9.883932e-04 ; dt =  3807.6
inout (power) : iter =    131 ; delta = 9.709743e-04 ; dt =  3836.6
inout (power) : iter =    132 ; delta = 9.539115e-04 ; dt =  3865.6
inout (power) : iter =    133 ; delta = 9.371979e-04 ; dt =  3894.5
inout (power) : iter =    134 ; delta = 9.208239e-04 ; dt =  3923.5
inout (power) : iter =    135 ; delta = 9.047809e-04 ; dt =  3952.5
inout (power) : iter =    136 ; delta = 8.890673e-04 ; dt =  3981.5
inout (power) : iter =    137 ; delta = 8.736718e-04 ; dt =  4010.5
inout (power) : iter =    138 ; delta = 8.585844e-04 ; dt =  4039.5
inout (power) : iter =    139 ; delta = 8.437968e-04 ; dt =  4068.4
inout (power) : iter =    140 ; delta = 8.293035e-04 ; dt =  4097.4
inout (power) : iter =    141 ; delta = 8.150964e-04 ; dt =  4126.4
inout (power) : iter =    142 ; delta = 8.011713e-04 ; dt =  4155.4
inout (power) : iter =    143 ; delta = 7.875217e-04 ; dt =  4184.3
inout (power) : iter =    144 ; delta = 7.741386e-04 ; dt =  4213.3
inout (power) : iter =    145 ; delta = 7.610169e-04 ; dt =  4242.2
inout (power) : iter =    146 ; delta = 7.481510e-04 ; dt =  4271.2
inout (power) : iter =    147 ; delta = 7.355340e-04 ; dt =  4300.2
inout (power) : iter =    148 ; delta = 7.231601e-04 ; dt =  4329.2
inout (power) : iter =    149 ; delta = 7.110297e-04 ; dt =  4358.2
inout (power) : iter =    150 ; delta = 6.991336e-04 ; dt =  4387.2
inout (power) : iter =    151 ; delta = 6.874619e-04 ; dt =  4416.1
inout (power) : iter =    152 ; delta = 6.760117e-04 ; dt =  4445.1
inout (power) : iter =    153 ; delta = 6.647768e-04 ; dt =  4474.1
inout (power) : iter =    154 ; delta = 6.537561e-04 ; dt =  4503.1
inout (power) : iter =    155 ; delta = 6.429437e-04 ; dt =  4532.0
inout (power) : iter =    156 ; delta = 6.323323e-04 ; dt =  4561.0
inout (power) : iter =    157 ; delta = 6.219181e-04 ; dt =  4589.9
inout (power) : iter =    158 ; delta = 6.116983e-04 ; dt =  4618.9
inout (power) : iter =    159 ; delta = 6.016873e-04 ; dt =  4647.9
inout (power) : iter =    160 ; delta = 5.918665e-04 ; dt =  4676.9
inout (power) : iter =    161 ; delta = 5.822271e-04 ; dt =  4705.9
inout (power) : iter =    162 ; delta = 5.727634e-04 ; dt =  4734.9
inout (power) : iter =    163 ; delta = 5.634707e-04 ; dt =  4763.8
inout (power) : iter =    164 ; delta = 5.543507e-04 ; dt =  4792.8
inout (power) : iter =    165 ; delta = 5.453964e-04 ; dt =  4821.7
inout (power) : iter =    166 ; delta = 5.366037e-04 ; dt =  4850.7
inout (power) : iter =    167 ; delta = 5.279690e-04 ; dt =  4879.7
inout (power) : iter =    168 ; delta = 5.194888e-04 ; dt =  4908.7
inout (power) : iter =    169 ; delta = 5.111594e-04 ; dt =  4937.6
inout (power) : iter =    170 ; delta = 5.029786e-04 ; dt =  4966.5
inout (power) : iter =    171 ; delta = 4.949447e-04 ; dt =  4995.5
inout (power) : iter =    172 ; delta = 4.870528e-04 ; dt =  5024.5
inout (power) : iter =    173 ; delta = 4.793007e-04 ; dt =  5053.5
inout (power) : iter =    174 ; delta = 4.716864e-04 ; dt =  5082.5
inout (power) : iter =    175 ; delta = 4.642062e-04 ; dt =  5111.4
inout (power) : iter =    176 ; delta = 4.568589e-04 ; dt =  5140.4
inout (power) : iter =    177 ; delta = 4.496410e-04 ; dt =  5169.4
inout (power) : iter =    178 ; delta = 4.425494e-04 ; dt =  5198.4
inout (power) : iter =    179 ; delta = 4.355811e-04 ; dt =  5227.4
inout (power) : iter =    180 ; delta = 4.287332e-04 ; dt =  5256.4
inout (power) : iter =    181 ; delta = 4.220035e-04 ; dt =  5285.3
inout (power) : iter =    182 ; delta = 4.153926e-04 ; dt =  5314.2
inout (power) : iter =    183 ; delta = 4.088966e-04 ; dt =  5343.2
inout (power) : iter =    184 ; delta = 4.025117e-04 ; dt =  5372.2
inout (power) : iter =    185 ; delta = 3.962357e-04 ; dt =  5401.2
inout (power) : iter =    186 ; delta = 3.900666e-04 ; dt =  5430.2
inout (power) : iter =    187 ; delta = 3.840028e-04 ; dt =  5459.1
inout (power) : iter =    188 ; delta = 3.780481e-04 ; dt =  5488.1
inout (power) : iter =    189 ; delta = 3.721974e-04 ; dt =  5517.1
inout (power) : iter =    190 ; delta = 3.664508e-04 ; dt =  5546.1
inout (power) : iter =    191 ; delta = 3.608014e-04 ; dt =  5575.1
inout (power) : iter =    192 ; delta = 3.552470e-04 ; dt =  5604.1
inout (power) : iter =    193 ; delta = 3.497859e-04 ; dt =  5633.0
inout (power) : iter =    194 ; delta = 3.444162e-04 ; dt =  5662.0
inout (power) : iter =    195 ; delta = 3.391367e-04 ; dt =  5691.0
inout (power) : iter =    196 ; delta = 3.339480e-04 ; dt =  5720.0
inout (power) : iter =    197 ; delta = 3.288462e-04 ; dt =  5749.0
inout (power) : iter =    198 ; delta = 3.238291e-04 ; dt =  5777.9
inout (power) : iter =    199 ; delta = 3.188951e-04 ; dt =  5806.9
inout (power) : iter =    200 ; delta = 3.140432e-04 ; dt =  5835.8
inout (power) : iter =    201 ; delta = 3.092720e-04 ; dt =  5864.8
inout (power) : iter =    202 ; delta = 3.045797e-04 ; dt =  5893.8
inout (power) : iter =    203 ; delta = 2.999640e-04 ; dt =  5922.8
inout (power) : iter =    204 ; delta = 2.954232e-04 ; dt =  5951.8
inout (power) : iter =    205 ; delta = 2.909562e-04 ; dt =  5980.7
inout (power) : iter =    206 ; delta = 2.865624e-04 ; dt =  6009.7
inout (power) : iter =    207 ; delta = 2.822404e-04 ; dt =  6038.7
inout (power) : iter =    208 ; delta = 2.779890e-04 ; dt =  6067.7
inout (power) : iter =    209 ; delta = 2.738069e-04 ; dt =  6096.7
inout (power) : iter =    210 ; delta = 2.696928e-04 ; dt =  6125.7
inout (power) : iter =    211 ; delta = 2.656456e-04 ; dt =  6154.7
inout (power) : iter =    212 ; delta = 2.616648e-04 ; dt =  6183.6
inout (power) : iter =    213 ; delta = 2.577480e-04 ; dt =  6212.5
inout (power) : iter =    214 ; delta = 2.538943e-04 ; dt =  6241.5
inout (power) : iter =    215 ; delta = 2.501024e-04 ; dt =  6270.5
inout (power) : iter =    216 ; delta = 2.463721e-04 ; dt =  6299.5
inout (power) : iter =    217 ; delta = 2.427017e-04 ; dt =  6328.5
inout (power) : iter =    218 ; delta = 2.390904e-04 ; dt =  6357.4
inout (power) : iter =    219 ; delta = 2.355368e-04 ; dt =  6386.4
inout (power) : iter =    220 ; delta = 2.320402e-04 ; dt =  6415.4
inout (power) : iter =    221 ; delta = 2.285995e-04 ; dt =  6444.4
inout (power) : iter =    222 ; delta = 2.252144e-04 ; dt =  6473.4
inout (power) : iter =    223 ; delta = 2.218835e-04 ; dt =  6502.3
inout (power) : iter =    224 ; delta = 2.186057e-04 ; dt =  6531.3
inout (power) : iter =    225 ; delta = 2.153796e-04 ; dt =  6560.2
inout (power) : iter =    226 ; delta = 2.122049e-04 ; dt =  6589.2
inout (power) : iter =    227 ; delta = 2.090805e-04 ; dt =  6618.2
inout (power) : iter =    228 ; delta = 2.060056e-04 ; dt =  6647.2
inout (power) : iter =    229 ; delta = 2.029792e-04 ; dt =  6676.1
inout (power) : iter =    230 ; delta = 2.000002e-04 ; dt =  6705.0
inout (power) : iter =    231 ; delta = 1.970684e-04 ; dt =  6734.0
inout (power) : iter =    232 ; delta = 1.941825e-04 ; dt =  6762.9
inout (power) : iter =    233 ; delta = 1.913419e-04 ; dt =  6791.9
inout (power) : iter =    234 ; delta = 1.885462e-04 ; dt =  6820.9
inout (power) : iter =    235 ; delta = 1.857941e-04 ; dt =  6849.9
inout (power) : iter =    236 ; delta = 1.830848e-04 ; dt =  6878.8
inout (power) : iter =    237 ; delta = 1.804177e-04 ; dt =  6907.8
inout (power) : iter =    238 ; delta = 1.777923e-04 ; dt =  6936.7
inout (power) : iter =    239 ; delta = 1.752080e-04 ; dt =  6965.7
inout (power) : iter =    240 ; delta = 1.726638e-04 ; dt =  6994.7
inout (power) : iter =    241 ; delta = 1.701590e-04 ; dt =  7023.7
inout (power) : iter =    242 ; delta = 1.676929e-04 ; dt =  7052.6
inout (power) : iter =    243 ; delta = 1.652650e-04 ; dt =  7081.6
inout (power) : iter =    244 ; delta = 1.628747e-04 ; dt =  7110.6
inout (power) : iter =    245 ; delta = 1.605211e-04 ; dt =  7139.6
inout (power) : iter =    246 ; delta = 1.582040e-04 ; dt =  7168.6
inout (power) : iter =    247 ; delta = 1.559230e-04 ; dt =  7197.6
inout (power) : iter =    248 ; delta = 1.536775e-04 ; dt =  7226.5
inout (power) : iter =    249 ; delta = 1.514667e-04 ; dt =  7255.5
inout (power) : iter =    250 ; delta = 1.492901e-04 ; dt =  7284.5
inout (power) : iter =    251 ; delta = 1.471470e-04 ; dt =  7313.4
inout (power) : iter =    252 ; delta = 1.450368e-04 ; dt =  7342.4
inout (power) : iter =    253 ; delta = 1.429589e-04 ; dt =  7371.4
inout (power) : iter =    254 ; delta = 1.409149e-04 ; dt =  7400.3
inout (power) : iter =    255 ; delta = 1.389039e-04 ; dt =  7429.3
inout (power) : iter =    256 ; delta = 1.369235e-04 ; dt =  7458.3
inout (power) : iter =    257 ; delta = 1.349731e-04 ; dt =  7487.3
inout (power) : iter =    258 ; delta = 1.330523e-04 ; dt =  7516.3
inout (power) : iter =    259 ; delta = 1.311605e-04 ; dt =  7545.2
inout (power) : iter =    260 ; delta = 1.292974e-04 ; dt =  7574.2
inout (power) : iter =    261 ; delta = 1.274626e-04 ; dt =  7603.2
inout (power) : iter =    262 ; delta = 1.256556e-04 ; dt =  7632.1
inout (power) : iter =    263 ; delta = 1.238762e-04 ; dt =  7661.1
inout (power) : iter =    264 ; delta = 1.221236e-04 ; dt =  7690.1
inout (power) : iter =    265 ; delta = 1.203972e-04 ; dt =  7719.0
inout (power) : iter =    266 ; delta = 1.186967e-04 ; dt =  7748.0
inout (power) : iter =    267 ; delta = 1.170220e-04 ; dt =  7777.0
inout (power) : iter =    268 ; delta = 1.153729e-04 ; dt =  7805.9
inout (power) : iter =    269 ; delta = 1.137489e-04 ; dt =  7834.9
inout (power) : iter =    270 ; delta = 1.121495e-04 ; dt =  7863.9
inout (power) : iter =    271 ; delta = 1.105738e-04 ; dt =  7892.9
inout (power) : iter =    272 ; delta = 1.090220e-04 ; dt =  7921.9
inout (power) : iter =    273 ; delta = 1.074936e-04 ; dt =  7950.8
inout (power) : iter =    274 ; delta = 1.059879e-04 ; dt =  7979.8
inout (power) : iter =    275 ; delta = 1.045046e-04 ; dt =  8008.8
inout (power) : iter =    276 ; delta = 1.030433e-04 ; dt =  8037.7
inout (power) : iter =    277 ; delta = 1.016037e-04 ; dt =  8066.7
inout (power) : iter =    278 ; delta = 1.001854e-04 ; dt =  8095.6
inout (power) : iter =    279 ; delta = 9.878821e-05 ; dt =  8124.6
inout (power) : iter =    280 ; delta = 9.741162e-05 ; dt =  8153.6
inout (power) : iter =    281 ; delta = 9.605530e-05 ; dt =  8182.6
inout (power) : iter =    282 ; delta = 9.471894e-05 ; dt =  8211.6
inout (power) : iter =    283 ; delta = 9.340227e-05 ; dt =  8240.5
inout (power) : iter =    284 ; delta = 9.210504e-05 ; dt =  8269.5
inout (power) : iter =    285 ; delta = 9.082693e-05 ; dt =  8298.5
inout (power) : iter =    286 ; delta = 8.956777e-05 ; dt =  8327.5
inout (power) : iter =    287 ; delta = 8.832719e-05 ; dt =  8356.5
inout (power) : iter =    288 ; delta = 8.710475e-05 ; dt =  8385.4
inout (power) : iter =    289 ; delta = 8.590010e-05 ; dt =  8414.4
inout (power) : iter =    290 ; delta = 8.471298e-05 ; dt =  8443.4
inout (power) : iter =    291 ; delta = 8.354317e-05 ; dt =  8472.4
inout (power) : iter =    292 ; delta = 8.239039e-05 ; dt =  8501.4
inout (power) : iter =    293 ; delta = 8.125444e-05 ; dt =  8530.4
inout (power) : iter =    294 ; delta = 8.013506e-05 ; dt =  8559.4
inout (power) : iter =    295 ; delta = 7.903191e-05 ; dt =  8588.3
inout (power) : iter =    296 ; delta = 7.794493e-05 ; dt =  8617.3
inout (power) : iter =    297 ; delta = 7.687423e-05 ; dt =  8646.3
inout (power) : iter =    298 ; delta = 7.581955e-05 ; dt =  8675.3
inout (power) : iter =    299 ; delta = 7.478024e-05 ; dt =  8704.3
inout (power) : iter =    300 ; delta = 7.375594e-05 ; dt =  8733.2
inout (power) : iter =    301 ; delta = 7.274638e-05 ; dt =  8762.2
inout (power) : iter =    302 ; delta = 7.175145e-05 ; dt =  8791.2
inout (power) : iter =    303 ; delta = 7.077091e-05 ; dt =  8820.1
inout (power) : iter =    304 ; delta = 6.980448e-05 ; dt =  8849.1
inout (power) : iter =    305 ; delta = 6.885193e-05 ; dt =  8878.1
inout (power) : iter =    306 ; delta = 6.791305e-05 ; dt =  8907.1
inout (power) : iter =    307 ; delta = 6.698761e-05 ; dt =  8936.1
inout (power) : iter =    308 ; delta = 6.607543e-05 ; dt =  8965.0
inout (power) : iter =    309 ; delta = 6.517632e-05 ; dt =  8993.9
inout (power) : iter =    310 ; delta = 6.429013e-05 ; dt =  9022.9
inout (power) : iter =    311 ; delta = 6.341659e-05 ; dt =  9051.9
inout (power) : iter =    312 ; delta = 6.255555e-05 ; dt =  9080.9
inout (power) : iter =    313 ; delta = 6.170676e-05 ; dt =  9109.8
inout (power) : iter =    314 ; delta = 6.087006e-05 ; dt =  9138.8
inout (power) : iter =    315 ; delta = 6.004524e-05 ; dt =  9167.8
inout (power) : iter =    316 ; delta = 5.923209e-05 ; dt =  9196.7
inout (power) : iter =    317 ; delta = 5.843044e-05 ; dt =  9225.7
inout (power) : iter =    318 ; delta = 5.764017e-05 ; dt =  9254.7
inout (power) : iter =    319 ; delta = 5.686107e-05 ; dt =  9283.7
inout (power) : iter =    320 ; delta = 5.609301e-05 ; dt =  9312.6
inout (power) : iter =    321 ; delta = 5.533581e-05 ; dt =  9341.6
inout (power) : iter =    322 ; delta = 5.458946e-05 ; dt =  9370.6
inout (power) : iter =    323 ; delta = 5.385366e-05 ; dt =  9399.5
inout (power) : iter =    324 ; delta = 5.312822e-05 ; dt =  9428.5
inout (power) : iter =    325 ; delta = 5.241298e-05 ; dt =  9457.5
inout (power) : iter =    326 ; delta = 5.170783e-05 ; dt =  9486.5
inout (power) : iter =    327 ; delta = 5.101261e-05 ; dt =  9515.4
inout (power) : iter =    328 ; delta = 5.032715e-05 ; dt =  9544.4
inout (power) : iter =    329 ; delta = 4.965131e-05 ; dt =  9573.4
inout (power) : iter =    330 ; delta = 4.898494e-05 ; dt =  9602.3
inout (power) : iter =    331 ; delta = 4.832792e-05 ; dt =  9631.3
inout (power) : iter =    332 ; delta = 4.768010e-05 ; dt =  9660.2
inout (power) : iter =    333 ; delta = 4.704134e-05 ; dt =  9689.2
inout (power) : iter =    334 ; delta = 4.641153e-05 ; dt =  9718.2
inout (power) : iter =    335 ; delta = 4.579053e-05 ; dt =  9747.2
inout (power) : iter =    336 ; delta = 4.517820e-05 ; dt =  9776.2
inout (power) : iter =    337 ; delta = 4.457440e-05 ; dt =  9805.1
inout (power) : iter =    338 ; delta = 4.397899e-05 ; dt =  9834.1
inout (power) : iter =    339 ; delta = 4.339188e-05 ; dt =  9863.0
inout (power) : iter =    340 ; delta = 4.281297e-05 ; dt =  9892.0
inout (power) : iter =    341 ; delta = 4.224211e-05 ; dt =  9921.0
inout (power) : iter =    342 ; delta = 4.167920e-05 ; dt =  9950.0
inout (power) : iter =    343 ; delta = 4.112410e-05 ; dt =  9979.0
inout (power) : iter =    344 ; delta = 4.057669e-05 ; dt = 10008.0
inout (power) : iter =    345 ; delta = 4.003684e-05 ; dt = 10036.9
inout (power) : iter =    346 ; delta = 3.950445e-05 ; dt = 10065.9
inout (power) : iter =    347 ; delta = 3.897948e-05 ; dt = 10094.9
inout (power) : iter =    348 ; delta = 3.846177e-05 ; dt = 10123.9
inout (power) : iter =    349 ; delta = 3.795126e-05 ; dt = 10152.9
inout (power) : iter =    350 ; delta = 3.744781e-05 ; dt = 10181.9
inout (power) : iter =    351 ; delta = 3.695132e-05 ; dt = 10210.8
inout (power) : iter =    352 ; delta = 3.646165e-05 ; dt = 10239.7
inout (power) : iter =    353 ; delta = 3.597871e-05 ; dt = 10268.7
inout (power) : iter =    354 ; delta = 3.550241e-05 ; dt = 10297.7
inout (power) : iter =    355 ; delta = 3.503265e-05 ; dt = 10326.7
inout (power) : iter =    356 ; delta = 3.456936e-05 ; dt = 10355.7
inout (power) : iter =    357 ; delta = 3.411242e-05 ; dt = 10384.6
inout (power) : iter =    358 ; delta = 3.366178e-05 ; dt = 10413.6
inout (power) : iter =    359 ; delta = 3.321733e-05 ; dt = 10442.5
inout (power) : iter =    360 ; delta = 3.277899e-05 ; dt = 10471.5
inout (power) : iter =    361 ; delta = 3.234664e-05 ; dt = 10500.5
inout (power) : iter =    362 ; delta = 3.192020e-05 ; dt = 10529.5
inout (power) : iter =    363 ; delta = 3.149962e-05 ; dt = 10558.5
inout (power) : iter =    364 ; delta = 3.108480e-05 ; dt = 10587.4
inout (power) : iter =    365 ; delta = 3.067567e-05 ; dt = 10616.4
inout (power) : iter =    366 ; delta = 3.027213e-05 ; dt = 10645.3
inout (power) : iter =    367 ; delta = 2.987409e-05 ; dt = 10674.3
inout (power) : iter =    368 ; delta = 2.948147e-05 ; dt = 10703.2
inout (power) : iter =    369 ; delta = 2.909422e-05 ; dt = 10732.1
inout (power) : iter =    370 ; delta = 2.871224e-05 ; dt = 10761.1
inout (power) : iter =    371 ; delta = 2.833547e-05 ; dt = 10790.1
inout (power) : iter =    372 ; delta = 2.796381e-05 ; dt = 10819.1
inout (power) : iter =    373 ; delta = 2.759720e-05 ; dt = 10848.1
inout (power) : iter =    374 ; delta = 2.723555e-05 ; dt = 10877.0
inout (power) : iter =    375 ; delta = 2.687880e-05 ; dt = 10906.0
inout (power) : iter =    376 ; delta = 2.652691e-05 ; dt = 10935.0
inout (power) : iter =    377 ; delta = 2.617979e-05 ; dt = 10964.0
inout (power) : iter =    378 ; delta = 2.583737e-05 ; dt = 10992.9
inout (power) : iter =    379 ; delta = 2.549957e-05 ; dt = 11021.9
inout (power) : iter =    380 ; delta = 2.516634e-05 ; dt = 11050.9
inout (power) : iter =    381 ; delta = 2.483760e-05 ; dt = 11079.9
inout (power) : iter =    382 ; delta = 2.451329e-05 ; dt = 11108.9
inout (power) : iter =    383 ; delta = 2.419335e-05 ; dt = 11137.8
inout (power) : iter =    384 ; delta = 2.387772e-05 ; dt = 11166.7
inout (power) : iter =    385 ; delta = 2.356634e-05 ; dt = 11195.7
inout (power) : iter =    386 ; delta = 2.325916e-05 ; dt = 11224.7
inout (power) : iter =    387 ; delta = 2.295612e-05 ; dt = 11253.7
inout (power) : iter =    388 ; delta = 2.265715e-05 ; dt = 11282.7
inout (power) : iter =    389 ; delta = 2.236220e-05 ; dt = 11311.7
inout (power) : iter =    390 ; delta = 2.207122e-05 ; dt = 11340.7
inout (power) : iter =    391 ; delta = 2.178415e-05 ; dt = 11369.6
inout (power) : iter =    392 ; delta = 2.150095e-05 ; dt = 11398.6
inout (power) : iter =    393 ; delta = 2.122153e-05 ; dt = 11427.6
inout (power) : iter =    394 ; delta = 2.094586e-05 ; dt = 11456.6
inout (power) : iter =    395 ; delta = 2.067388e-05 ; dt = 11485.5
inout (power) : iter =    396 ; delta = 2.040555e-05 ; dt = 11514.5
inout (power) : iter =    397 ; delta = 2.014081e-05 ; dt = 11543.5
inout (power) : iter =    398 ; delta = 1.987961e-05 ; dt = 11572.5
inout (power) : iter =    399 ; delta = 1.962191e-05 ; dt = 11601.5
inout (power) : iter =    400 ; delta = 1.936765e-05 ; dt = 11630.5
inout (power) : iter =    401 ; delta = 1.911678e-05 ; dt = 11659.4
inout (power) : iter =    402 ; delta = 1.886927e-05 ; dt = 11688.4
inout (power) : iter =    403 ; delta = 1.862506e-05 ; dt = 11717.4
inout (power) : iter =    404 ; delta = 1.838412e-05 ; dt = 11746.4
inout (power) : iter =    405 ; delta = 1.814639e-05 ; dt = 11775.4
inout (power) : iter =    406 ; delta = 1.791183e-05 ; dt = 11804.3
inout (power) : iter =    407 ; delta = 1.768040e-05 ; dt = 11833.3
inout (power) : iter =    408 ; delta = 1.745206e-05 ; dt = 11862.2
inout (power) : iter =    409 ; delta = 1.722675e-05 ; dt = 11891.2
inout (power) : iter =    410 ; delta = 1.700444e-05 ; dt = 11920.2
inout (power) : iter =    411 ; delta = 1.678509e-05 ; dt = 11949.2
inout (power) : iter =    412 ; delta = 1.656865e-05 ; dt = 11978.2
inout (power) : iter =    413 ; delta = 1.635510e-05 ; dt = 12007.2
inout (power) : iter =    414 ; delta = 1.614438e-05 ; dt = 12036.1
inout (power) : iter =    415 ; delta = 1.593647e-05 ; dt = 12065.1
inout (power) : iter =    416 ; delta = 1.573131e-05 ; dt = 12094.1
inout (power) : iter =    417 ; delta = 1.552888e-05 ; dt = 12123.1
inout (power) : iter =    418 ; delta = 1.532913e-05 ; dt = 12152.1
inout (power) : iter =    419 ; delta = 1.513203e-05 ; dt = 12181.0
inout (power) : iter =    420 ; delta = 1.493755e-05 ; dt = 12210.0
inout (power) : iter =    421 ; delta = 1.474564e-05 ; dt = 12238.9
inout (power) : iter =    422 ; delta = 1.455626e-05 ; dt = 12267.9
inout (power) : iter =    423 ; delta = 1.436938e-05 ; dt = 12296.9
inout (power) : iter =    424 ; delta = 1.418497e-05 ; dt = 12325.9
inout (power) : iter =    425 ; delta = 1.400300e-05 ; dt = 12354.9
inout (power) : iter =    426 ; delta = 1.382343e-05 ; dt = 12383.9
inout (power) : iter =    427 ; delta = 1.364622e-05 ; dt = 12412.8
inout (power) : iter =    428 ; delta = 1.347136e-05 ; dt = 12441.8
inout (power) : iter =    429 ; delta = 1.329881e-05 ; dt = 12470.8
inout (power) : iter =    430 ; delta = 1.312852e-05 ; dt = 12499.8
inout (power) : iter =    431 ; delta = 1.296048e-05 ; dt = 12528.7
inout (power) : iter =    432 ; delta = 1.279465e-05 ; dt = 12557.7
inout (power) : iter =    433 ; delta = 1.263100e-05 ; dt = 12586.7
inout (power) : iter =    434 ; delta = 1.246951e-05 ; dt = 12616.3
inout (power) : iter =    435 ; delta = 1.231013e-05 ; dt = 12645.2
inout (power) : iter =    436 ; delta = 1.215285e-05 ; dt = 12674.2
inout (power) : iter =    437 ; delta = 1.199763e-05 ; dt = 12703.2
inout (power) : iter =    438 ; delta = 1.184446e-05 ; dt = 12732.2
inout (power) : iter =    439 ; delta = 1.169329e-05 ; dt = 12761.1
inout (power) : iter =    440 ; delta = 1.154410e-05 ; dt = 12790.1
inout (power) : iter =    441 ; delta = 1.139687e-05 ; dt = 12819.1
inout (power) : iter =    442 ; delta = 1.125156e-05 ; dt = 12848.1
inout (power) : iter =    443 ; delta = 1.110816e-05 ; dt = 12877.1
inout (power) : iter =    444 ; delta = 1.096664e-05 ; dt = 12906.0
inout (power) : iter =    445 ; delta = 1.082696e-05 ; dt = 12935.0
inout (power) : iter =    446 ; delta = 1.068911e-05 ; dt = 12964.0
inout (power) : iter =    447 ; delta = 1.055308e-05 ; dt = 12993.0
inout (power) : iter =    448 ; delta = 1.041883e-05 ; dt = 13022.0
inout (power) : iter =    449 ; delta = 1.028635e-05 ; dt = 13050.9
inout (power) : iter =    450 ; delta = 1.015559e-05 ; dt = 13079.9
inout (power) : iter =    451 ; delta = 1.002654e-05 ; dt = 13108.9
inout (power) : iter =    452 ; delta = 9.899179e-06 ; dt = 13137.9
inout (power) : iter =    453 ; delta = 9.773480e-06 ; dt = 13166.9
inout (power) : iter =    454 ; delta = 9.649423e-06 ; dt = 13195.9
inout (power) : iter =    455 ; delta = 9.526982e-06 ; dt = 13224.8
inout (power) : iter =    456 ; delta = 9.406137e-06 ; dt = 13253.8
inout (power) : iter =    457 ; delta = 9.286866e-06 ; dt = 13282.8
inout (power) : iter =    458 ; delta = 9.169147e-06 ; dt = 13311.8
inout (power) : iter =    459 ; delta = 9.052959e-06 ; dt = 13340.8
inout (power) : iter =    460 ; delta = 8.938282e-06 ; dt = 13369.8
inout (power) : iter =    461 ; delta = 8.825094e-06 ; dt = 13398.7
inout (power) : iter =    462 ; delta = 8.713374e-06 ; dt = 13427.7
inout (power) : iter =    463 ; delta = 8.603103e-06 ; dt = 13456.7
inout (power) : iter =    464 ; delta = 8.494261e-06 ; dt = 13485.7
inout (power) : iter =    465 ; delta = 8.386831e-06 ; dt = 13514.6
inout (power) : iter =    466 ; delta = 8.280794e-06 ; dt = 13543.6
inout (power) : iter =    467 ; delta = 8.176134e-06 ; dt = 13572.6
inout (power) : iter =    468 ; delta = 8.072831e-06 ; dt = 13601.6
inout (power) : iter =    469 ; delta = 7.970869e-06 ; dt = 13630.6
inout (power) : iter =    470 ; delta = 7.870231e-06 ; dt = 13659.6
inout (power) : iter =    471 ; delta = 7.770898e-06 ; dt = 13688.5
inout (power) : iter =    472 ; delta = 7.672854e-06 ; dt = 13717.5
inout (power) : iter =    473 ; delta = 7.576076e-06 ; dt = 13746.4
inout (power) : iter =    474 ; delta = 7.480549e-06 ; dt = 13775.4
inout (power) : iter =    475 ; delta = 7.386260e-06 ; dt = 13804.4
inout (power) : iter =    476 ; delta = 7.293189e-06 ; dt = 13833.4
inout (power) : iter =    477 ; delta = 7.201318e-06 ; dt = 13862.3
inout (power) : iter =    478 ; delta = 7.110630e-06 ; dt = 13891.3
inout (power) : iter =    479 ; delta = 7.021116e-06 ; dt = 13920.2
inout (power) : iter =    480 ; delta = 6.932754e-06 ; dt = 13949.2
inout (power) : iter =    481 ; delta = 6.845528e-06 ; dt = 13978.2
inout (power) : iter =    482 ; delta = 6.759424e-06 ; dt = 14007.2
inout (power) : iter =    483 ; delta = 6.674425e-06 ; dt = 14036.1
inout (power) : iter =    484 ; delta = 6.590519e-06 ; dt = 14065.1
inout (power) : iter =    485 ; delta = 6.507690e-06 ; dt = 14094.1
inout (power) : iter =    486 ; delta = 6.425926e-06 ; dt = 14123.1
inout (power) : iter =    487 ; delta = 6.345211e-06 ; dt = 14152.0
inout (power) : iter =    488 ; delta = 6.265532e-06 ; dt = 14181.0
inout (power) : iter =    489 ; delta = 6.186874e-06 ; dt = 14210.0
inout (power) : iter =    490 ; delta = 6.109229e-06 ; dt = 14239.0
inout (power) : iter =    491 ; delta = 6.032580e-06 ; dt = 14267.9
inout (power) : iter =    492 ; delta = 5.956915e-06 ; dt = 14296.9
inout (power) : iter =    493 ; delta = 5.882220e-06 ; dt = 14325.9
inout (power) : iter =    494 ; delta = 5.808484e-06 ; dt = 14354.9
inout (power) : iter =    495 ; delta = 5.735694e-06 ; dt = 14383.8
inout (power) : iter =    496 ; delta = 5.663836e-06 ; dt = 14412.8
inout (power) : iter =    497 ; delta = 5.592899e-06 ; dt = 14441.8
inout (power) : iter =    498 ; delta = 5.522872e-06 ; dt = 14470.8
inout (power) : iter =    499 ; delta = 5.453743e-06 ; dt = 14499.8
inout (power) : iter =    500 ; delta = 5.385500e-06 ; dt = 14528.7
inout (power) : iter =    501 ; delta = 5.318129e-06 ; dt = 14557.7
inout (power) : iter =    502 ; delta = 5.251623e-06 ; dt = 14586.7
inout (power) : iter =    503 ; delta = 5.185971e-06 ; dt = 14615.7
inout (power) : iter =    504 ; delta = 5.121160e-06 ; dt = 14644.6
inout (power) : iter =    505 ; delta = 5.057176e-06 ; dt = 14673.5
inout (power) : iter =    506 ; delta = 4.994009e-06 ; dt = 14702.5
inout (power) : iter =    507 ; delta = 4.931646e-06 ; dt = 14731.5
inout (power) : iter =    508 ; delta = 4.870080e-06 ; dt = 14760.5
inout (power) : iter =    509 ; delta = 4.809301e-06 ; dt = 14789.5
inout (power) : iter =    510 ; delta = 4.749300e-06 ; dt = 14818.4
inout (power) : iter =    511 ; delta = 4.690067e-06 ; dt = 14847.4
inout (power) : iter =    512 ; delta = 4.631588e-06 ; dt = 14876.4
inout (power) : iter =    513 ; delta = 4.573853e-06 ; dt = 14905.4
inout (power) : iter =    514 ; delta = 4.516856e-06 ; dt = 14934.4
inout (power) : iter =    515 ; delta = 4.460584e-06 ; dt = 14963.3
inout (power) : iter =    516 ; delta = 4.405029e-06 ; dt = 14992.3
inout (power) : iter =    517 ; delta = 4.350181e-06 ; dt = 15021.3
inout (power) : iter =    518 ; delta = 4.296028e-06 ; dt = 15050.3
inout (power) : iter =    519 ; delta = 4.242564e-06 ; dt = 15079.3
inout (power) : iter =    520 ; delta = 4.189781e-06 ; dt = 15108.3
inout (power) : iter =    521 ; delta = 4.137668e-06 ; dt = 15137.2
inout (power) : iter =    522 ; delta = 4.086216e-06 ; dt = 15166.2
inout (power) : iter =    523 ; delta = 4.035418e-06 ; dt = 15195.1
inout (power) : iter =    524 ; delta = 3.985265e-06 ; dt = 15224.1
inout (power) : iter =    525 ; delta = 3.935749e-06 ; dt = 15253.1
inout (power) : iter =    526 ; delta = 3.886862e-06 ; dt = 15282.1
inout (power) : iter =    527 ; delta = 3.838596e-06 ; dt = 15311.0
inout (power) : iter =    528 ; delta = 3.790942e-06 ; dt = 15340.0
inout (power) : iter =    529 ; delta = 3.743893e-06 ; dt = 15369.0
inout (power) : iter =    530 ; delta = 3.697440e-06 ; dt = 15398.0
inout (power) : iter =    531 ; delta = 3.651575e-06 ; dt = 15427.0
inout (power) : iter =    532 ; delta = 3.606291e-06 ; dt = 15456.0
inout (power) : iter =    533 ; delta = 3.561582e-06 ; dt = 15484.9
inout (power) : iter =    534 ; delta = 3.517439e-06 ; dt = 15513.9
inout (power) : iter =    535 ; delta = 3.473857e-06 ; dt = 15542.9
inout (power) : iter =    536 ; delta = 3.430827e-06 ; dt = 15571.9
inout (power) : iter =    537 ; delta = 3.388339e-06 ; dt = 15600.9
inout (power) : iter =    538 ; delta = 3.346389e-06 ; dt = 15629.8
inout (power) : iter =    539 ; delta = 3.304967e-06 ; dt = 15658.8
inout (power) : iter =    540 ; delta = 3.264068e-06 ; dt = 15687.8
inout (power) : iter =    541 ; delta = 3.223685e-06 ; dt = 15716.8
inout (power) : iter =    542 ; delta = 3.183812e-06 ; dt = 15745.7
inout (power) : iter =    543 ; delta = 3.144444e-06 ; dt = 15774.7
inout (power) : iter =    544 ; delta = 3.105573e-06 ; dt = 15803.7
inout (power) : iter =    545 ; delta = 3.067192e-06 ; dt = 15832.7
inout (power) : iter =    546 ; delta = 3.029295e-06 ; dt = 15861.7
inout (power) : iter =    547 ; delta = 2.991876e-06 ; dt = 15890.6
inout (power) : iter =    548 ; delta = 2.954930e-06 ; dt = 15919.6
inout (power) : iter =    549 ; delta = 2.918450e-06 ; dt = 15948.6
inout (power) : iter =    550 ; delta = 2.882429e-06 ; dt = 15977.6
inout (power) : iter =    551 ; delta = 2.846861e-06 ; dt = 16006.6
inout (power) : iter =    552 ; delta = 2.811742e-06 ; dt = 16035.5
inout (power) : iter =    553 ; delta = 2.777063e-06 ; dt = 16064.5
inout (power) : iter =    554 ; delta = 2.742820e-06 ; dt = 16093.5
inout (power) : iter =    555 ; delta = 2.709009e-06 ; dt = 16122.5
inout (power) : iter =    556 ; delta = 2.675623e-06 ; dt = 16151.5
inout (power) : iter =    557 ; delta = 2.642655e-06 ; dt = 16180.4
inout (power) : iter =    558 ; delta = 2.610102e-06 ; dt = 16209.4
inout (power) : iter =    559 ; delta = 2.577958e-06 ; dt = 16238.4
inout (power) : iter =    560 ; delta = 2.546229e-06 ; dt = 16267.4
inout (power) : iter =    561 ; delta = 2.514906e-06 ; dt = 16296.4
inout (power) : iter =    562 ; delta = 2.483976e-06 ; dt = 16325.4
inout (power) : iter =    563 ; delta = 2.453435e-06 ; dt = 16354.3
inout (power) : iter =    564 ; delta = 2.423276e-06 ; dt = 16383.3
inout (power) : iter =    565 ; delta = 2.393494e-06 ; dt = 16412.3
inout (power) : iter =    566 ; delta = 2.364086e-06 ; dt = 16441.3
inout (power) : iter =    567 ; delta = 2.335045e-06 ; dt = 16470.2
inout (power) : iter =    568 ; delta = 2.306368e-06 ; dt = 16499.2
inout (power) : iter =    569 ; delta = 2.278050e-06 ; dt = 16528.2
inout (power) : iter =    570 ; delta = 2.250086e-06 ; dt = 16557.2
inout (power) : iter =    571 ; delta = 2.222473e-06 ; dt = 16586.2
inout (power) : iter =    572 ; delta = 2.195205e-06 ; dt = 16615.1
inout (power) : iter =    573 ; delta = 2.168277e-06 ; dt = 16644.1
inout (power) : iter =    574 ; delta = 2.141686e-06 ; dt = 16673.1
inout (power) : iter =    575 ; delta = 2.115427e-06 ; dt = 16702.0
inout (power) : iter =    576 ; delta = 2.089498e-06 ; dt = 16731.0
inout (power) : iter =    577 ; delta = 2.063896e-06 ; dt = 16760.0
inout (power) : iter =    578 ; delta = 2.038615e-06 ; dt = 16788.9
inout (power) : iter =    579 ; delta = 2.013650e-06 ; dt = 16817.9
inout (power) : iter =    580 ; delta = 1.988997e-06 ; dt = 16846.9
inout (power) : iter =    581 ; delta = 1.964650e-06 ; dt = 16875.9
inout (power) : iter =    582 ; delta = 1.940610e-06 ; dt = 16904.9
inout (power) : iter =    583 ; delta = 1.916869e-06 ; dt = 16933.8
inout (power) : iter =    584 ; delta = 1.893424e-06 ; dt = 16962.8
inout (power) : iter =    585 ; delta = 1.870271e-06 ; dt = 16991.7
inout (power) : iter =    586 ; delta = 1.847407e-06 ; dt = 17020.7
inout (power) : iter =    587 ; delta = 1.824828e-06 ; dt = 17049.7
inout (power) : iter =    588 ; delta = 1.802530e-06 ; dt = 17078.7
inout (power) : iter =    589 ; delta = 1.780509e-06 ; dt = 17107.7
inout (power) : iter =    590 ; delta = 1.758762e-06 ; dt = 17136.6
inout (power) : iter =    591 ; delta = 1.737285e-06 ; dt = 17165.6
inout (power) : iter =    592 ; delta = 1.716075e-06 ; dt = 17194.6
inout (power) : iter =    593 ; delta = 1.695128e-06 ; dt = 17223.6
inout (power) : iter =    594 ; delta = 1.674442e-06 ; dt = 17252.6
inout (power) : iter =    595 ; delta = 1.654012e-06 ; dt = 17281.5
inout (power) : iter =    596 ; delta = 1.633837e-06 ; dt = 17310.4
inout (power) : iter =    597 ; delta = 1.613912e-06 ; dt = 17339.4
inout (power) : iter =    598 ; delta = 1.594234e-06 ; dt = 17368.3
inout (power) : iter =    599 ; delta = 1.574800e-06 ; dt = 17397.3
inout (power) : iter =    600 ; delta = 1.555608e-06 ; dt = 17426.2
inout (power) : iter =    601 ; delta = 1.536653e-06 ; dt = 17455.2
inout (power) : iter =    602 ; delta = 1.517933e-06 ; dt = 17484.2
inout (power) : iter =    603 ; delta = 1.499444e-06 ; dt = 17513.2
inout (power) : iter =    604 ; delta = 1.481185e-06 ; dt = 17542.2
inout (power) : iter =    605 ; delta = 1.463152e-06 ; dt = 17571.2
inout (power) : iter =    606 ; delta = 1.445342e-06 ; dt = 17600.1
inout (power) : iter =    607 ; delta = 1.427752e-06 ; dt = 17629.1
inout (power) : iter =    608 ; delta = 1.410380e-06 ; dt = 17658.1
inout (power) : iter =    609 ; delta = 1.393225e-06 ; dt = 17687.1
inout (power) : iter =    610 ; delta = 1.376283e-06 ; dt = 17716.1
inout (power) : iter =    611 ; delta = 1.359551e-06 ; dt = 17745.1
inout (power) : iter =    612 ; delta = 1.343026e-06 ; dt = 17774.1
inout (power) : iter =    613 ; delta = 1.326706e-06 ; dt = 17803.0
inout (power) : iter =    614 ; delta = 1.310587e-06 ; dt = 17832.0
inout (power) : iter =    615 ; delta = 1.294668e-06 ; dt = 17861.0
inout (power) : iter =    616 ; delta = 1.278945e-06 ; dt = 17890.0
inout (power) : iter =    617 ; delta = 1.263416e-06 ; dt = 17919.0
inout (power) : iter =    618 ; delta = 1.248079e-06 ; dt = 17947.9
inout (power) : iter =    619 ; delta = 1.232931e-06 ; dt = 17976.9
inout (power) : iter =    620 ; delta = 1.217970e-06 ; dt = 18005.8
inout (power) : iter =    621 ; delta = 1.203194e-06 ; dt = 18034.8
inout (power) : iter =    622 ; delta = 1.188599e-06 ; dt = 18063.8
inout (power) : iter =    623 ; delta = 1.174185e-06 ; dt = 18092.7
inout (power) : iter =    624 ; delta = 1.159948e-06 ; dt = 18121.7
inout (power) : iter =    625 ; delta = 1.145887e-06 ; dt = 18150.7
inout (power) : iter =    626 ; delta = 1.131999e-06 ; dt = 18179.6
inout (power) : iter =    627 ; delta = 1.118282e-06 ; dt = 18208.6
inout (power) : iter =    628 ; delta = 1.104734e-06 ; dt = 18237.6
inout (power) : iter =    629 ; delta = 1.091353e-06 ; dt = 18266.6
inout (power) : iter =    630 ; delta = 1.078137e-06 ; dt = 18295.6
inout (power) : iter =    631 ; delta = 1.065084e-06 ; dt = 18324.5
inout (power) : iter =    632 ; delta = 1.052191e-06 ; dt = 18353.5
inout (power) : iter =    633 ; delta = 1.039456e-06 ; dt = 18382.5
inout (power) : iter =    634 ; delta = 1.026878e-06 ; dt = 18411.5
inout (power) : iter =    635 ; delta = 1.014455e-06 ; dt = 18440.5
inout (power) : iter =    636 ; delta = 1.002184e-06 ; dt = 18469.5
inout (power) : iter =    637 ; delta = 9.900644e-07 ; dt = 18498.5
inout (power) : iter =    638 ; delta = 9.780931e-07 ; dt = 18527.5
inout (power) : iter =    639 ; delta = 9.662687e-07 ; dt = 18556.5
inout (power) : iter =    640 ; delta = 9.545893e-07 ; dt = 18585.4
inout (power) : iter =    641 ; delta = 9.430536e-07 ; dt = 18614.4
inout (power) : iter =    642 ; delta = 9.316594e-07 ; dt = 18643.4
inout (power) : iter =    643 ; delta = 9.204050e-07 ; dt = 18672.4
inout (power) : iter =    644 ; delta = 9.092899e-07 ; dt = 18701.3
inout (power) : iter =    645 ; delta = 8.983123e-07 ; dt = 18730.3
inout (power) : iter =    646 ; delta = 8.874693e-07 ; dt = 18759.3
inout (power) : iter =    647 ; delta = 8.767593e-07 ; dt = 18788.2
inout (power) : iter =    648 ; delta = 8.661803e-07 ; dt = 18817.2
inout (power) : iter =    649 ; delta = 8.557309e-07 ; dt = 18846.2
inout (power) : iter =    650 ; delta = 8.454102e-07 ; dt = 18875.2
inout (power) : iter =    651 ; delta = 8.352158e-07 ; dt = 18904.2
inout (power) : iter =    652 ; delta = 8.251460e-07 ; dt = 18933.1
inout (power) : iter =    653 ; delta = 8.151993e-07 ; dt = 18962.1
inout (power) : iter =    654 ; delta = 8.053742e-07 ; dt = 18991.1
inout (power) : iter =    655 ; delta = 7.956692e-07 ; dt = 19020.1
inout (power) : iter =    656 ; delta = 7.860830e-07 ; dt = 19049.1
inout (power) : iter =    657 ; delta = 7.766139e-07 ; dt = 19078.1
inout (power) : iter =    658 ; delta = 7.672606e-07 ; dt = 19107.0
inout (power) : iter =    659 ; delta = 7.580218e-07 ; dt = 19135.9
inout (power) : iter =    660 ; delta = 7.488959e-07 ; dt = 19164.9
inout (power) : iter =    661 ; delta = 7.398814e-07 ; dt = 19193.8
inout (power) : iter =    662 ; delta = 7.309773e-07 ; dt = 19222.8
inout (power) : iter =    663 ; delta = 7.221819e-07 ; dt = 19251.8
inout (power) : iter =    664 ; delta = 7.134940e-07 ; dt = 19280.8
inout (power) : iter =    665 ; delta = 7.049123e-07 ; dt = 19309.8
inout (power) : iter =    666 ; delta = 6.964353e-07 ; dt = 19338.8
inout (power) : iter =    667 ; delta = 6.880619e-07 ; dt = 19367.8
inout (power) : iter =    668 ; delta = 6.797907e-07 ; dt = 19396.7
inout (power) : iter =    669 ; delta = 6.716202e-07 ; dt = 19425.7
inout (power) : iter =    670 ; delta = 6.635495e-07 ; dt = 19454.7
inout (power) : iter =    671 ; delta = 6.555775e-07 ; dt = 19483.7
inout (power) : iter =    672 ; delta = 6.477030e-07 ; dt = 19512.7
inout (power) : iter =    673 ; delta = 6.399246e-07 ; dt = 19541.7
inout (power) : iter =    674 ; delta = 6.322411e-07 ; dt = 19570.6
inout (power) : iter =    675 ; delta = 6.246511e-07 ; dt = 19599.5
inout (power) : iter =    676 ; delta = 6.171537e-07 ; dt = 19628.5
inout (power) : iter =    677 ; delta = 6.097477e-07 ; dt = 19657.5
inout (power) : iter =    678 ; delta = 6.024319e-07 ; dt = 19686.5
inout (power) : iter =    679 ; delta = 5.952052e-07 ; dt = 19715.5
inout (power) : iter =    680 ; delta = 5.880665e-07 ; dt = 19744.5
inout (power) : iter =    681 ; delta = 5.810146e-07 ; dt = 19773.4
inout (power) : iter =    682 ; delta = 5.740484e-07 ; dt = 19802.4
inout (power) : iter =    683 ; delta = 5.671672e-07 ; dt = 19831.4
inout (power) : iter =    684 ; delta = 5.603697e-07 ; dt = 19860.3
inout (power) : iter =    685 ; delta = 5.536550e-07 ; dt = 19889.2
inout (power) : iter =    686 ; delta = 5.470219e-07 ; dt = 19918.2
inout (power) : iter =    687 ; delta = 5.404696e-07 ; dt = 19947.2
inout (power) : iter =    688 ; delta = 5.339968e-07 ; dt = 19976.2
inout (power) : iter =    689 ; delta = 5.276028e-07 ; dt = 20005.1
inout (power) : iter =    690 ; delta = 5.212864e-07 ; dt = 20034.1
inout (power) : iter =    691 ; delta = 5.150467e-07 ; dt = 20063.1
inout (power) : iter =    692 ; delta = 5.088828e-07 ; dt = 20092.1
inout (power) : iter =    693 ; delta = 5.027936e-07 ; dt = 20121.1
inout (power) : iter =    694 ; delta = 4.967783e-07 ; dt = 20150.0
inout (power) : iter =    695 ; delta = 4.908361e-07 ; dt = 20179.0
inout (power) : iter =    696 ; delta = 4.849661e-07 ; dt = 20208.0
inout (power) : iter =    697 ; delta = 4.791674e-07 ; dt = 20237.0
inout (power) : iter =    698 ; delta = 4.734392e-07 ; dt = 20265.9
inout (power) : iter =    699 ; delta = 4.677810e-07 ; dt = 20294.9
inout (power) : iter =    700 ; delta = 4.621914e-07 ; dt = 20323.8
inout (power) : iter =    701 ; delta = 4.566696e-07 ; dt = 20352.8
inout (power) : iter =    702 ; delta = 4.512147e-07 ; dt = 20381.8
inout (power) : iter =    703 ; delta = 4.458258e-07 ; dt = 20410.8
inout (power) : iter =    704 ; delta = 4.405022e-07 ; dt = 20439.8
inout (power) : iter =    705 ; delta = 4.352431e-07 ; dt = 20468.7
inout (power) : iter =    706 ; delta = 4.300477e-07 ; dt = 20497.7
inout (power) : iter =    707 ; delta = 4.249152e-07 ; dt = 20526.7
inout (power) : iter =    708 ; delta = 4.198449e-07 ; dt = 20555.7
inout (power) : iter =    709 ; delta = 4.148359e-07 ; dt = 20584.6
inout (power) : iter =    710 ; delta = 4.098876e-07 ; dt = 20613.6
inout (power) : iter =    711 ; delta = 4.049993e-07 ; dt = 20642.6
inout (power) : iter =    712 ; delta = 4.001701e-07 ; dt = 20671.6
inout (power) : iter =    713 ; delta = 3.953993e-07 ; dt = 20700.5
inout (power) : iter =    714 ; delta = 3.906862e-07 ; dt = 20729.5
inout (power) : iter =    715 ; delta = 3.860301e-07 ; dt = 20758.5
inout (power) : iter =    716 ; delta = 3.814304e-07 ; dt = 20787.4
inout (power) : iter =    717 ; delta = 3.768868e-07 ; dt = 20816.4
inout (power) : iter =    718 ; delta = 3.723980e-07 ; dt = 20845.4
inout (power) : iter =    719 ; delta = 3.679634e-07 ; dt = 20874.3
inout (power) : iter =    720 ; delta = 3.635824e-07 ; dt = 20903.3
inout (power) : iter =    721 ; delta = 3.592544e-07 ; dt = 20932.2
inout (power) : iter =    722 ; delta = 3.549787e-07 ; dt = 20961.2
inout (power) : iter =    723 ; delta = 3.507546e-07 ; dt = 20990.2
inout (power) : iter =    724 ; delta = 3.465815e-07 ; dt = 21019.2
inout (power) : iter =    725 ; delta = 3.424587e-07 ; dt = 21048.1
inout (power) : iter =    726 ; delta = 3.383856e-07 ; dt = 21077.1
inout (power) : iter =    727 ; delta = 3.343617e-07 ; dt = 21106.0
inout (power) : iter =    728 ; delta = 3.303864e-07 ; dt = 21135.0
inout (power) : iter =    729 ; delta = 3.264590e-07 ; dt = 21164.0
inout (power) : iter =    730 ; delta = 3.225790e-07 ; dt = 21193.0
inout (power) : iter =    731 ; delta = 3.187457e-07 ; dt = 21222.0
inout (power) : iter =    732 ; delta = 3.149585e-07 ; dt = 21250.9
inout (power) : iter =    733 ; delta = 3.112170e-07 ; dt = 21279.9
inout (power) : iter =    734 ; delta = 3.075205e-07 ; dt = 21308.8
inout (power) : iter =    735 ; delta = 3.038685e-07 ; dt = 21337.8
inout (power) : iter =    736 ; delta = 3.002605e-07 ; dt = 21366.7
inout (power) : iter =    737 ; delta = 2.966959e-07 ; dt = 21395.6
inout (power) : iter =    738 ; delta = 2.931743e-07 ; dt = 21424.6
inout (power) : iter =    739 ; delta = 2.896950e-07 ; dt = 21453.6
inout (power) : iter =    740 ; delta = 2.862576e-07 ; dt = 21482.6
inout (power) : iter =    741 ; delta = 2.828616e-07 ; dt = 21511.5
inout (power) : iter =    742 ; delta = 2.795063e-07 ; dt = 21540.5
inout (power) : iter =    743 ; delta = 2.761915e-07 ; dt = 21569.5
inout (power) : iter =    744 ; delta = 2.729164e-07 ; dt = 21598.5
inout (power) : iter =    745 ; delta = 2.696806e-07 ; dt = 21627.5
inout (power) : iter =    746 ; delta = 2.664839e-07 ; dt = 21656.4
inout (power) : iter =    747 ; delta = 2.633256e-07 ; dt = 21685.4
inout (power) : iter =    748 ; delta = 2.602053e-07 ; dt = 21714.4
inout (power) : iter =    749 ; delta = 2.571224e-07 ; dt = 21743.4
inout (power) : iter =    750 ; delta = 2.540765e-07 ; dt = 21772.4
inout (power) : iter =    751 ; delta = 2.510672e-07 ; dt = 21801.3
inout (power) : iter =    752 ; delta = 2.480940e-07 ; dt = 21830.3
inout (power) : iter =    753 ; delta = 2.451568e-07 ; dt = 21859.3
inout (power) : iter =    754 ; delta = 2.422548e-07 ; dt = 21888.3
inout (power) : iter =    755 ; delta = 2.393876e-07 ; dt = 21917.3
inout (power) : iter =    756 ; delta = 2.365546e-07 ; dt = 21946.2
inout (power) : iter =    757 ; delta = 2.337556e-07 ; dt = 21975.2
inout (power) : iter =    758 ; delta = 2.309902e-07 ; dt = 22004.1
inout (power) : iter =    759 ; delta = 2.282577e-07 ; dt = 22033.1
inout (power) : iter =    760 ; delta = 2.255580e-07 ; dt = 22062.1
inout (power) : iter =    761 ; delta = 2.228906e-07 ; dt = 22091.1
inout (power) : iter =    762 ; delta = 2.202551e-07 ; dt = 22120.1
inout (power) : iter =    763 ; delta = 2.176512e-07 ; dt = 22149.0
inout (power) : iter =    764 ; delta = 2.150784e-07 ; dt = 22178.0
inout (power) : iter =    765 ; delta = 2.125363e-07 ; dt = 22207.0
inout (power) : iter =    766 ; delta = 2.100247e-07 ; dt = 22235.9
inout (power) : iter =    767 ; delta = 2.075431e-07 ; dt = 22264.9
inout (power) : iter =    768 ; delta = 2.050912e-07 ; dt = 22293.9
inout (power) : iter =    769 ; delta = 2.026686e-07 ; dt = 22322.9
inout (power) : iter =    770 ; delta = 2.002751e-07 ; dt = 22351.8
inout (power) : iter =    771 ; delta = 1.979102e-07 ; dt = 22380.8
inout (power) : iter =    772 ; delta = 1.955736e-07 ; dt = 22409.8
inout (power) : iter =    773 ; delta = 1.932649e-07 ; dt = 22438.8
inout (power) : iter =    774 ; delta = 1.909838e-07 ; dt = 22467.8
inout (power) : iter =    775 ; delta = 1.887300e-07 ; dt = 22496.7
inout (power) : iter =    776 ; delta = 1.865032e-07 ; dt = 22525.7
inout (power) : iter =    777 ; delta = 1.843030e-07 ; dt = 22554.7
inout (power) : iter =    778 ; delta = 1.821291e-07 ; dt = 22583.7
inout (power) : iter =    779 ; delta = 1.799811e-07 ; dt = 22612.6
inout (power) : iter =    780 ; delta = 1.778588e-07 ; dt = 22641.6
inout (power) : iter =    781 ; delta = 1.757618e-07 ; dt = 22670.6
inout (power) : iter =    782 ; delta = 1.736898e-07 ; dt = 22699.6
inout (power) : iter =    783 ; delta = 1.716425e-07 ; dt = 22728.6
inout (power) : iter =    784 ; delta = 1.696197e-07 ; dt = 22757.6
inout (power) : iter =    785 ; delta = 1.676210e-07 ; dt = 22786.5
inout (power) : iter =    786 ; delta = 1.656461e-07 ; dt = 22815.5
inout (power) : iter =    787 ; delta = 1.636948e-07 ; dt = 22844.5
inout (power) : iter =    788 ; delta = 1.617668e-07 ; dt = 22873.5
inout (power) : iter =    789 ; delta = 1.598618e-07 ; dt = 22902.5
inout (power) : iter =    790 ; delta = 1.579794e-07 ; dt = 22931.5
inout (power) : iter =    791 ; delta = 1.561195e-07 ; dt = 22960.4
inout (power) : iter =    792 ; delta = 1.542817e-07 ; dt = 22989.3
inout (power) : iter =    793 ; delta = 1.524658e-07 ; dt = 23018.3
inout (power) : iter =    794 ; delta = 1.506716e-07 ; dt = 23047.3
inout (power) : iter =    795 ; delta = 1.488987e-07 ; dt = 23076.3
inout (power) : iter =    796 ; delta = 1.471469e-07 ; dt = 23105.3
inout (power) : iter =    797 ; delta = 1.454159e-07 ; dt = 23134.2
inout (power) : iter =    798 ; delta = 1.437056e-07 ; dt = 23163.2
inout (power) : iter =    799 ; delta = 1.420156e-07 ; dt = 23192.2
inout (power) : iter =    800 ; delta = 1.403456e-07 ; dt = 23221.2
inout (power) : iter =    801 ; delta = 1.386956e-07 ; dt = 23250.2
inout (power) : iter =    802 ; delta = 1.370651e-07 ; dt = 23279.1
inout (power) : iter =    803 ; delta = 1.354540e-07 ; dt = 23308.1
inout (power) : iter =    804 ; delta = 1.338620e-07 ; dt = 23337.1
inout (power) : iter =    805 ; delta = 1.322890e-07 ; dt = 23366.1
inout (power) : iter =    806 ; delta = 1.307347e-07 ; dt = 23395.0
inout (power) : iter =    807 ; delta = 1.291988e-07 ; dt = 23423.9
inout (power) : iter =    808 ; delta = 1.276812e-07 ; dt = 23452.8
inout (power) : iter =    809 ; delta = 1.261816e-07 ; dt = 23481.8
inout (power) : iter =    810 ; delta = 1.246998e-07 ; dt = 23510.8
inout (power) : iter =    811 ; delta = 1.232357e-07 ; dt = 23539.8
inout (power) : iter =    812 ; delta = 1.217889e-07 ; dt = 23568.8
inout (power) : iter =    813 ; delta = 1.203593e-07 ; dt = 23598.4
inout (power) : iter =    814 ; delta = 1.189467e-07 ; dt = 23627.4
inout (power) : iter =    815 ; delta = 1.175508e-07 ; dt = 23656.4
inout (power) : iter =    816 ; delta = 1.161716e-07 ; dt = 23685.4
inout (power) : iter =    817 ; delta = 1.148086e-07 ; dt = 23714.3
inout (power) : iter =    818 ; delta = 1.134619e-07 ; dt = 23743.3
inout (power) : iter =    819 ; delta = 1.121311e-07 ; dt = 23772.3
inout (power) : iter =    820 ; delta = 1.108162e-07 ; dt = 23801.3
inout (power) : iter =    821 ; delta = 1.095168e-07 ; dt = 23830.3
inout (power) : iter =    822 ; delta = 1.082328e-07 ; dt = 23859.2
inout (power) : iter =    823 ; delta = 1.069641e-07 ; dt = 23888.1
inout (power) : iter =    824 ; delta = 1.057104e-07 ; dt = 23917.1
inout (power) : iter =    825 ; delta = 1.044716e-07 ; dt = 23946.1
inout (power) : iter =    826 ; delta = 1.032474e-07 ; dt = 23975.1
inout (power) : iter =    827 ; delta = 1.020377e-07 ; dt = 24004.1
inout (power) : iter =    828 ; delta = 1.008423e-07 ; dt = 24033.1
inout (power) : iter =    829 ; delta = 9.966118e-08 ; dt = 24062.1
inout(b=0.5000,it=1.000000e-02) : solved pagerank(a=0.9900) in   829 mults to 1.000000e-07 tol
output norm: 1.0000000000000000e+00
