Parameters: 
   graphfile = /var/tmp/dgleich/data/arabic-2005-trans
      output = none
         alg = power
       alpha = 0.99
         tol = 1e-07
       maxit = 10000

nodes = 22744080
edges = 639999458
power : iter =      1 ; delta = 1.248935e+00 ; dt =     5.3 sec
power : iter =      2 ; delta = 5.404195e-01 ; dt =    10.9 sec
power : iter =      3 ; delta = 2.587350e-01 ; dt =    15.8 sec
power : iter =      4 ; delta = 1.492671e-01 ; dt =    20.9 sec
power : iter =      5 ; delta = 1.015631e-01 ; dt =    26.3 sec
power : iter =      6 ; delta = 7.834765e-02 ; dt =    31.9 sec
power : iter =      7 ; delta = 6.456396e-02 ; dt =    36.9 sec
power : iter =      8 ; delta = 5.550735e-02 ; dt =    41.9 sec
power : iter =      9 ; delta = 4.906235e-02 ; dt =    46.9 sec
power : iter =     10 ; delta = 4.401900e-02 ; dt =    51.8 sec
power : iter =     11 ; delta = 4.013291e-02 ; dt =    56.8 sec
power : iter =     12 ; delta = 3.695427e-02 ; dt =    61.8 sec
power : iter =     13 ; delta = 3.425086e-02 ; dt =    66.7 sec
power : iter =     14 ; delta = 3.199895e-02 ; dt =    71.7 sec
power : iter =     15 ; delta = 3.004303e-02 ; dt =    76.7 sec
power : iter =     16 ; delta = 2.831777e-02 ; dt =    82.5 sec
power : iter =     17 ; delta = 2.681200e-02 ; dt =    88.1 sec
power : iter =     18 ; delta = 2.548148e-02 ; dt =    93.1 sec
power : iter =     19 ; delta = 2.426134e-02 ; dt =    98.1 sec
power : iter =     20 ; delta = 2.317908e-02 ; dt =   103.7 sec
power : iter =     21 ; delta = 2.218785e-02 ; dt =   108.7 sec
power : iter =     22 ; delta = 2.127691e-02 ; dt =   114.4 sec
power : iter =     23 ; delta = 2.044026e-02 ; dt =   120.0 sec
power : iter =     24 ; delta = 1.967312e-02 ; dt =   125.7 sec
power : iter =     25 ; delta = 1.894498e-02 ; dt =   131.3 sec
power : iter =     26 ; delta = 1.827943e-02 ; dt =   137.0 sec
power : iter =     27 ; delta = 1.765036e-02 ; dt =   141.9 sec
power : iter =     28 ; delta = 1.706566e-02 ; dt =   147.5 sec
power : iter =     29 ; delta = 1.651167e-02 ; dt =   153.1 sec
power : iter =     30 ; delta = 1.599670e-02 ; dt =   158.1 sec
power : iter =     31 ; delta = 1.550315e-02 ; dt =   163.7 sec
power : iter =     32 ; delta = 1.504501e-02 ; dt =   168.7 sec
power : iter =     33 ; delta = 1.460571e-02 ; dt =   173.9 sec
power : iter =     34 ; delta = 1.419415e-02 ; dt =   179.2 sec
power : iter =     35 ; delta = 1.380014e-02 ; dt =   184.8 sec
power : iter =     36 ; delta = 1.343041e-02 ; dt =   189.8 sec
power : iter =     37 ; delta = 1.307205e-02 ; dt =   195.5 sec
power : iter =     38 ; delta = 1.273613e-02 ; dt =   200.5 sec
power : iter =     39 ; delta = 1.241062e-02 ; dt =   205.5 sec
power : iter =     40 ; delta = 1.210351e-02 ; dt =   211.3 sec
power : iter =     41 ; delta = 1.180504e-02 ; dt =   217.4 sec
power : iter =     42 ; delta = 1.152336e-02 ; dt =   223.8 sec
power : iter =     43 ; delta = 1.124919e-02 ; dt =   229.4 sec
power : iter =     44 ; delta = 1.099053e-02 ; dt =   235.2 sec
power : iter =     45 ; delta = 1.073902e-02 ; dt =   240.2 sec
power : iter =     46 ; delta = 1.050095e-02 ; dt =   245.2 sec
power : iter =     47 ; delta = 1.026870e-02 ; dt =   250.1 sec
power : iter =     48 ; delta = 1.004810e-02 ; dt =   255.8 sec
power : iter =     49 ; delta = 9.831596e-03 ; dt =   260.8 sec
power : iter =     50 ; delta = 9.626547e-03 ; dt =   265.8 sec
power : iter =     51 ; delta = 9.425144e-03 ; dt =   271.5 sec
power : iter =     52 ; delta = 9.233646e-03 ; dt =   276.5 sec
power : iter =     53 ; delta = 9.045390e-03 ; dt =   282.3 sec
power : iter =     54 ; delta = 8.866064e-03 ; dt =   287.3 sec
power : iter =     55 ; delta = 8.689080e-03 ; dt =   292.9 sec
power : iter =     56 ; delta = 8.520555e-03 ; dt =   298.7 sec
power : iter =     57 ; delta = 8.353950e-03 ; dt =   304.3 sec
power : iter =     58 ; delta = 8.195277e-03 ; dt =   309.8 sec
power : iter =     59 ; delta = 8.038851e-03 ; dt =   314.8 sec
power : iter =     60 ; delta = 7.889735e-03 ; dt =   320.5 sec
power : iter =     61 ; delta = 7.742068e-03 ; dt =   325.5 sec
power : iter =     62 ; delta = 7.601437e-03 ; dt =   330.5 sec
power : iter =     63 ; delta = 7.462352e-03 ; dt =   335.4 sec
power : iter =     64 ; delta = 7.329543e-03 ; dt =   340.4 sec
power : iter =     65 ; delta = 7.198023e-03 ; dt =   345.4 sec
power : iter =     66 ; delta = 7.072400e-03 ; dt =   350.4 sec
power : iter =     67 ; delta = 6.947614e-03 ; dt =   355.3 sec
power : iter =     68 ; delta = 6.828303e-03 ; dt =   360.8 sec
power : iter =     69 ; delta = 6.709556e-03 ; dt =   365.8 sec
power : iter =     70 ; delta = 6.596000e-03 ; dt =   370.8 sec
power : iter =     71 ; delta = 6.483062e-03 ; dt =   375.8 sec
power : iter =     72 ; delta = 6.374898e-03 ; dt =   380.7 sec
power : iter =     73 ; delta = 6.267289e-03 ; dt =   385.7 sec
power : iter =     74 ; delta = 6.164189e-03 ; dt =   391.5 sec
power : iter =     75 ; delta = 6.061478e-03 ; dt =   396.4 sec
power : iter =     76 ; delta = 5.963274e-03 ; dt =   401.4 sec
power : iter =     77 ; delta = 5.865700e-03 ; dt =   406.4 sec
power : iter =     78 ; delta = 5.772074e-03 ; dt =   412.1 sec
power : iter =     79 ; delta = 5.678897e-03 ; dt =   417.8 sec
power : iter =     80 ; delta = 5.589444e-03 ; dt =   422.8 sec
power : iter =     81 ; delta = 5.500245e-03 ; dt =   427.7 sec
power : iter =     82 ; delta = 5.414589e-03 ; dt =   432.7 sec
power : iter =     83 ; delta = 5.329214e-03 ; dt =   438.3 sec
power : iter =     84 ; delta = 5.247157e-03 ; dt =   444.0 sec
power : iter =     85 ; delta = 5.165340e-03 ; dt =   449.1 sec
power : iter =     86 ; delta = 5.086634e-03 ; dt =   454.9 sec
power : iter =     87 ; delta = 5.008072e-03 ; dt =   460.2 sec
power : iter =     88 ; delta = 4.932568e-03 ; dt =   465.3 sec
power : iter =     89 ; delta = 4.857212e-03 ; dt =   470.3 sec
power : iter =     90 ; delta = 4.784725e-03 ; dt =   476.0 sec
power : iter =     91 ; delta = 4.712428e-03 ; dt =   480.9 sec
power : iter =     92 ; delta = 4.642892e-03 ; dt =   486.3 sec
power : iter =     93 ; delta = 4.573433e-03 ; dt =   491.4 sec
power : iter =     94 ; delta = 4.506547e-03 ; dt =   496.4 sec
power : iter =     95 ; delta = 4.439684e-03 ; dt =   501.5 sec
power : iter =     96 ; delta = 4.375281e-03 ; dt =   507.6 sec
power : iter =     97 ; delta = 4.310948e-03 ; dt =   513.5 sec
power : iter =     98 ; delta = 4.248925e-03 ; dt =   518.5 sec
power : iter =     99 ; delta = 4.186934e-03 ; dt =   524.2 sec
power : iter =    100 ; delta = 4.127180e-03 ; dt =   529.9 sec
power : iter =    101 ; delta = 4.067390e-03 ; dt =   534.9 sec
power : iter =    102 ; delta = 4.009784e-03 ; dt =   539.8 sec
power : iter =    103 ; delta = 3.952200e-03 ; dt =   545.5 sec
power : iter =    104 ; delta = 3.896629e-03 ; dt =   550.5 sec
power : iter =    105 ; delta = 3.841069e-03 ; dt =   555.4 sec
power : iter =    106 ; delta = 3.787526e-03 ; dt =   561.1 sec
power : iter =    107 ; delta = 3.733958e-03 ; dt =   566.8 sec
power : iter =    108 ; delta = 3.682332e-03 ; dt =   571.8 sec
power : iter =    109 ; delta = 3.630717e-03 ; dt =   577.6 sec
power : iter =    110 ; delta = 3.580955e-03 ; dt =   582.6 sec
power : iter =    111 ; delta = 3.531219e-03 ; dt =   587.5 sec
power : iter =    112 ; delta = 3.483246e-03 ; dt =   592.5 sec
power : iter =    113 ; delta = 3.435200e-03 ; dt =   597.5 sec
power : iter =    114 ; delta = 3.388857e-03 ; dt =   602.5 sec
power : iter =    115 ; delta = 3.342462e-03 ; dt =   608.1 sec
power : iter =    116 ; delta = 3.297657e-03 ; dt =   613.1 sec
power : iter =    117 ; delta = 3.252791e-03 ; dt =   618.8 sec
power : iter =    118 ; delta = 3.209440e-03 ; dt =   623.8 sec
power : iter =    119 ; delta = 3.165990e-03 ; dt =   628.8 sec
power : iter =    120 ; delta = 3.124040e-03 ; dt =   634.6 sec
power : iter =    121 ; delta = 3.081990e-03 ; dt =   639.9 sec
power : iter =    122 ; delta = 3.041339e-03 ; dt =   644.9 sec
power : iter =    123 ; delta = 3.000629e-03 ; dt =   650.6 sec
power : iter =    124 ; delta = 2.961294e-03 ; dt =   656.3 sec
power : iter =    125 ; delta = 2.921839e-03 ; dt =   661.3 sec
power : iter =    126 ; delta = 2.883730e-03 ; dt =   667.1 sec
power : iter =    127 ; delta = 2.845526e-03 ; dt =   672.1 sec
power : iter =    128 ; delta = 2.808571e-03 ; dt =   677.0 sec
power : iter =    129 ; delta = 2.771542e-03 ; dt =   682.7 sec
power : iter =    130 ; delta = 2.735741e-03 ; dt =   688.4 sec
power : iter =    131 ; delta = 2.699819e-03 ; dt =   693.4 sec
power : iter =    132 ; delta = 2.665105e-03 ; dt =   698.3 sec
power : iter =    133 ; delta = 2.630296e-03 ; dt =   704.0 sec
power : iter =    134 ; delta = 2.596614e-03 ; dt =   709.1 sec
power : iter =    135 ; delta = 2.562843e-03 ; dt =   714.7 sec
power : iter =    136 ; delta = 2.530177e-03 ; dt =   720.3 sec
power : iter =    137 ; delta = 2.497386e-03 ; dt =   725.3 sec
power : iter =    138 ; delta = 2.465675e-03 ; dt =   731.0 sec
power : iter =    139 ; delta = 2.433855e-03 ; dt =   736.1 sec
power : iter =    140 ; delta = 2.403048e-03 ; dt =   741.9 sec
power : iter =    141 ; delta = 2.372156e-03 ; dt =   746.8 sec
power : iter =    142 ; delta = 2.342269e-03 ; dt =   751.8 sec
power : iter =    143 ; delta = 2.312267e-03 ; dt =   757.6 sec
power : iter =    144 ; delta = 2.283258e-03 ; dt =   763.0 sec
power : iter =    145 ; delta = 2.254151e-03 ; dt =   768.0 sec
power : iter =    146 ; delta = 2.225962e-03 ; dt =   773.7 sec
power : iter =    147 ; delta = 2.197679e-03 ; dt =   779.4 sec
power : iter =    148 ; delta = 2.170312e-03 ; dt =   784.8 sec
power : iter =    149 ; delta = 2.142830e-03 ; dt =   790.2 sec
power : iter =    150 ; delta = 2.116242e-03 ; dt =   795.2 sec
power : iter =    151 ; delta = 2.089561e-03 ; dt =   800.2 sec
power : iter =    152 ; delta = 2.063717e-03 ; dt =   805.2 sec
power : iter =    153 ; delta = 2.037791e-03 ; dt =   810.2 sec
power : iter =    154 ; delta = 2.012687e-03 ; dt =   815.8 sec
power : iter =    155 ; delta = 1.987466e-03 ; dt =   821.3 sec
power : iter =    156 ; delta = 1.963054e-03 ; dt =   827.0 sec
power : iter =    157 ; delta = 1.938548e-03 ; dt =   832.0 sec
power : iter =    158 ; delta = 1.914806e-03 ; dt =   837.0 sec
power : iter =    159 ; delta = 1.890975e-03 ; dt =   842.0 sec
power : iter =    160 ; delta = 1.867891e-03 ; dt =   847.0 sec
power : iter =    161 ; delta = 1.844694e-03 ; dt =   851.9 sec
power : iter =    162 ; delta = 1.822234e-03 ; dt =   856.9 sec
power : iter =    163 ; delta = 1.799677e-03 ; dt =   862.7 sec
power : iter =    164 ; delta = 1.777816e-03 ; dt =   868.4 sec
power : iter =    165 ; delta = 1.755865e-03 ; dt =   873.4 sec
power : iter =    166 ; delta = 1.734606e-03 ; dt =   878.4 sec
power : iter =    167 ; delta = 1.713247e-03 ; dt =   883.4 sec
power : iter =    168 ; delta = 1.692575e-03 ; dt =   888.4 sec
power : iter =    169 ; delta = 1.671810e-03 ; dt =   893.3 sec
power : iter =    170 ; delta = 1.651690e-03 ; dt =   898.3 sec
power : iter =    171 ; delta = 1.631483e-03 ; dt =   903.3 sec
power : iter =    172 ; delta = 1.611918e-03 ; dt =   909.0 sec
power : iter =    173 ; delta = 1.592246e-03 ; dt =   914.0 sec
power : iter =    174 ; delta = 1.573201e-03 ; dt =   919.8 sec
power : iter =    175 ; delta = 1.554063e-03 ; dt =   924.8 sec
power : iter =    176 ; delta = 1.535523e-03 ; dt =   929.8 sec
power : iter =    177 ; delta = 1.516894e-03 ; dt =   935.3 sec
power : iter =    178 ; delta = 1.498854e-03 ; dt =   940.9 sec
power : iter =    179 ; delta = 1.480711e-03 ; dt =   945.9 sec
power : iter =    180 ; delta = 1.463146e-03 ; dt =   951.6 sec
power : iter =    181 ; delta = 1.445489e-03 ; dt =   956.6 sec
power : iter =    182 ; delta = 1.428377e-03 ; dt =   961.6 sec
power : iter =    183 ; delta = 1.411181e-03 ; dt =   966.6 sec
power : iter =    184 ; delta = 1.394523e-03 ; dt =   971.6 sec
power : iter =    185 ; delta = 1.377764e-03 ; dt =   976.5 sec
power : iter =    186 ; delta = 1.361532e-03 ; dt =   981.5 sec
power : iter =    187 ; delta = 1.345213e-03 ; dt =   986.5 sec
power : iter =    188 ; delta = 1.329395e-03 ; dt =   991.4 sec
power : iter =    189 ; delta = 1.313497e-03 ; dt =   996.4 sec
power : iter =    190 ; delta = 1.298094e-03 ; dt =  1001.4 sec
power : iter =    191 ; delta = 1.282592e-03 ; dt =  1006.4 sec
power : iter =    192 ; delta = 1.267579e-03 ; dt =  1012.1 sec
power : iter =    193 ; delta = 1.252478e-03 ; dt =  1017.1 sec
power : iter =    194 ; delta = 1.237837e-03 ; dt =  1022.1 sec
power : iter =    195 ; delta = 1.223116e-03 ; dt =  1027.8 sec
power : iter =    196 ; delta = 1.208853e-03 ; dt =  1033.0 sec
power : iter =    197 ; delta = 1.194495e-03 ; dt =  1038.3 sec
power : iter =    198 ; delta = 1.180588e-03 ; dt =  1043.6 sec
power : iter =    199 ; delta = 1.166597e-03 ; dt =  1049.6 sec
power : iter =    200 ; delta = 1.153032e-03 ; dt =  1054.7 sec
power : iter =    201 ; delta = 1.139389e-03 ; dt =  1059.7 sec
power : iter =    202 ; delta = 1.126171e-03 ; dt =  1064.7 sec
power : iter =    203 ; delta = 1.112863e-03 ; dt =  1069.7 sec
power : iter =    204 ; delta = 1.099975e-03 ; dt =  1074.6 sec
power : iter =    205 ; delta = 1.087010e-03 ; dt =  1079.6 sec
power : iter =    206 ; delta = 1.074439e-03 ; dt =  1084.6 sec
power : iter =    207 ; delta = 1.061795e-03 ; dt =  1090.4 sec
power : iter =    208 ; delta = 1.049542e-03 ; dt =  1095.7 sec
power : iter =    209 ; delta = 1.037204e-03 ; dt =  1100.8 sec
power : iter =    210 ; delta = 1.025255e-03 ; dt =  1105.8 sec
power : iter =    211 ; delta = 1.013229e-03 ; dt =  1111.3 sec
power : iter =    212 ; delta = 1.001572e-03 ; dt =  1117.0 sec
power : iter =    213 ; delta = 9.898469e-04 ; dt =  1122.0 sec
power : iter =    214 ; delta = 9.784848e-04 ; dt =  1127.0 sec
power : iter =    215 ; delta = 9.670413e-04 ; dt =  1132.8 sec
power : iter =    216 ; delta = 9.559565e-04 ; dt =  1138.1 sec
power : iter =    217 ; delta = 9.447996e-04 ; dt =  1143.1 sec
power : iter =    218 ; delta = 9.339802e-04 ; dt =  1148.1 sec
power : iter =    219 ; delta = 9.230950e-04 ; dt =  1153.1 sec
power : iter =    220 ; delta = 9.125462e-04 ; dt =  1158.8 sec
power : iter =    221 ; delta = 9.019221e-04 ; dt =  1163.8 sec
power : iter =    222 ; delta = 8.916311e-04 ; dt =  1168.8 sec
power : iter =    223 ; delta = 8.812719e-04 ; dt =  1173.7 sec
power : iter =    224 ; delta = 8.712260e-04 ; dt =  1179.3 sec
power : iter =    225 ; delta = 8.611177e-04 ; dt =  1184.3 sec
power : iter =    226 ; delta = 8.513208e-04 ; dt =  1189.3 sec
power : iter =    227 ; delta = 8.414513e-04 ; dt =  1194.2 sec
power : iter =    228 ; delta = 8.318903e-04 ; dt =  1199.2 sec
power : iter =    229 ; delta = 8.222644e-04 ; dt =  1204.2 sec
power : iter =    230 ; delta = 8.129283e-04 ; dt =  1209.9 sec
power : iter =    231 ; delta = 8.035329e-04 ; dt =  1214.9 sec
power : iter =    232 ; delta = 7.944270e-04 ; dt =  1219.9 sec
power : iter =    233 ; delta = 7.852516e-04 ; dt =  1224.9 sec
power : iter =    234 ; delta = 7.763626e-04 ; dt =  1229.8 sec
power : iter =    235 ; delta = 7.674120e-04 ; dt =  1234.8 sec
power : iter =    236 ; delta = 7.587311e-04 ; dt =  1239.8 sec
power : iter =    237 ; delta = 7.499939e-04 ; dt =  1244.7 sec
power : iter =    238 ; delta = 7.415260e-04 ; dt =  1249.7 sec
power : iter =    239 ; delta = 7.329931e-04 ; dt =  1255.5 sec
power : iter =    240 ; delta = 7.247262e-04 ; dt =  1260.5 sec
power : iter =    241 ; delta = 7.164011e-04 ; dt =  1265.5 sec
power : iter =    242 ; delta = 7.083259e-04 ; dt =  1270.4 sec
power : iter =    243 ; delta = 7.001979e-04 ; dt =  1275.4 sec
power : iter =    244 ; delta = 6.923195e-04 ; dt =  1280.4 sec
power : iter =    245 ; delta = 6.843803e-04 ; dt =  1285.4 sec
power : iter =    246 ; delta = 6.766884e-04 ; dt =  1291.1 sec
power : iter =    247 ; delta = 6.689419e-04 ; dt =  1296.1 sec
power : iter =    248 ; delta = 6.614276e-04 ; dt =  1301.8 sec
power : iter =    249 ; delta = 6.538636e-04 ; dt =  1306.7 sec
power : iter =    250 ; delta = 6.465315e-04 ; dt =  1312.2 sec
power : iter =    251 ; delta = 6.391416e-04 ; dt =  1317.8 sec
power : iter =    252 ; delta = 6.319829e-04 ; dt =  1322.8 sec
power : iter =    253 ; delta = 6.247733e-04 ; dt =  1327.8 sec
power : iter =    254 ; delta = 6.177802e-04 ; dt =  1332.8 sec
power : iter =    255 ; delta = 6.107406e-04 ; dt =  1337.7 sec
power : iter =    256 ; delta = 6.039167e-04 ; dt =  1342.7 sec
power : iter =    257 ; delta = 5.970387e-04 ; dt =  1348.4 sec
power : iter =    258 ; delta = 5.903743e-04 ; dt =  1353.4 sec
power : iter =    259 ; delta = 5.836622e-04 ; dt =  1359.0 sec
power : iter =    260 ; delta = 5.771505e-04 ; dt =  1364.6 sec
power : iter =    261 ; delta = 5.705972e-04 ; dt =  1369.5 sec
power : iter =    262 ; delta = 5.642449e-04 ; dt =  1375.3 sec
power : iter =    263 ; delta = 5.578417e-04 ; dt =  1380.3 sec
power : iter =    264 ; delta = 5.516370e-04 ; dt =  1385.3 sec
power : iter =    265 ; delta = 5.453872e-04 ; dt =  1390.2 sec
power : iter =    266 ; delta = 5.393238e-04 ; dt =  1395.2 sec
power : iter =    267 ; delta = 5.332192e-04 ; dt =  1400.2 sec
power : iter =    268 ; delta = 5.273010e-04 ; dt =  1405.8 sec
power : iter =    269 ; delta = 5.213351e-04 ; dt =  1410.8 sec
power : iter =    270 ; delta = 5.155538e-04 ; dt =  1416.4 sec
power : iter =    271 ; delta = 5.097302e-04 ; dt =  1421.3 sec
power : iter =    272 ; delta = 5.040797e-04 ; dt =  1426.3 sec
power : iter =    273 ; delta = 4.983906e-04 ; dt =  1431.3 sec
power : iter =    274 ; delta = 4.928747e-04 ; dt =  1436.3 sec
power : iter =    275 ; delta = 4.873142e-04 ; dt =  1441.2 sec
power : iter =    276 ; delta = 4.819256e-04 ; dt =  1446.2 sec
power : iter =    277 ; delta = 4.764973e-04 ; dt =  1451.8 sec
power : iter =    278 ; delta = 4.712298e-04 ; dt =  1457.4 sec
power : iter =    279 ; delta = 4.659265e-04 ; dt =  1462.4 sec
power : iter =    280 ; delta = 4.607841e-04 ; dt =  1467.4 sec
power : iter =    281 ; delta = 4.556000e-04 ; dt =  1472.3 sec
power : iter =    282 ; delta = 4.505754e-04 ; dt =  1477.3 sec
power : iter =    283 ; delta = 4.455138e-04 ; dt =  1482.7 sec
power : iter =    284 ; delta = 4.406020e-04 ; dt =  1488.2 sec
power : iter =    285 ; delta = 4.356563e-04 ; dt =  1493.8 sec
power : iter =    286 ; delta = 4.308601e-04 ; dt =  1498.8 sec
power : iter =    287 ; delta = 4.260247e-04 ; dt =  1503.8 sec
power : iter =    288 ; delta = 4.213381e-04 ; dt =  1508.7 sec
power : iter =    289 ; delta = 4.166175e-04 ; dt =  1514.5 sec
power : iter =    290 ; delta = 4.120368e-04 ; dt =  1519.5 sec
power : iter =    291 ; delta = 4.074249e-04 ; dt =  1524.4 sec
power : iter =    292 ; delta = 4.029525e-04 ; dt =  1529.4 sec
power : iter =    293 ; delta = 3.984434e-04 ; dt =  1535.1 sec
power : iter =    294 ; delta = 3.940727e-04 ; dt =  1540.2 sec
power : iter =    295 ; delta = 3.896694e-04 ; dt =  1545.9 sec
power : iter =    296 ; delta = 3.853959e-04 ; dt =  1550.9 sec
power : iter =    297 ; delta = 3.810927e-04 ; dt =  1555.9 sec
power : iter =    298 ; delta = 3.769195e-04 ; dt =  1560.8 sec
power : iter =    299 ; delta = 3.727122e-04 ; dt =  1566.6 sec
power : iter =    300 ; delta = 3.686338e-04 ; dt =  1572.2 sec
power : iter =    301 ; delta = 3.645247e-04 ; dt =  1577.2 sec
power : iter =    302 ; delta = 3.605366e-04 ; dt =  1582.2 sec
power : iter =    303 ; delta = 3.565205e-04 ; dt =  1587.2 sec
power : iter =    304 ; delta = 3.526253e-04 ; dt =  1592.8 sec
power : iter =    305 ; delta = 3.486978e-04 ; dt =  1597.8 sec
power : iter =    306 ; delta = 3.448904e-04 ; dt =  1602.8 sec
power : iter =    307 ; delta = 3.410544e-04 ; dt =  1607.7 sec
power : iter =    308 ; delta = 3.373308e-04 ; dt =  1612.7 sec
power : iter =    309 ; delta = 3.335813e-04 ; dt =  1617.7 sec
power : iter =    310 ; delta = 3.299443e-04 ; dt =  1622.6 sec
power : iter =    311 ; delta = 3.262773e-04 ; dt =  1627.6 sec
power : iter =    312 ; delta = 3.227222e-04 ; dt =  1632.6 sec
power : iter =    313 ; delta = 3.191404e-04 ; dt =  1637.6 sec
power : iter =    314 ; delta = 3.156636e-04 ; dt =  1642.5 sec
power : iter =    315 ; delta = 3.121625e-04 ; dt =  1647.5 sec
power : iter =    316 ; delta = 3.087667e-04 ; dt =  1652.5 sec
power : iter =    317 ; delta = 3.053425e-04 ; dt =  1657.5 sec
power : iter =    318 ; delta = 3.020229e-04 ; dt =  1662.4 sec
power : iter =    319 ; delta = 2.986779e-04 ; dt =  1667.4 sec
power : iter =    320 ; delta = 2.954309e-04 ; dt =  1672.4 sec
power : iter =    321 ; delta = 2.921610e-04 ; dt =  1677.3 sec
power : iter =    322 ; delta = 2.889890e-04 ; dt =  1682.3 sec
power : iter =    323 ; delta = 2.857904e-04 ; dt =  1687.3 sec
power : iter =    324 ; delta = 2.826893e-04 ; dt =  1692.3 sec
power : iter =    325 ; delta = 2.795645e-04 ; dt =  1697.2 sec
power : iter =    326 ; delta = 2.765310e-04 ; dt =  1702.2 sec
power : iter =    327 ; delta = 2.734759e-04 ; dt =  1707.6 sec
power : iter =    328 ; delta = 2.705124e-04 ; dt =  1712.6 sec
power : iter =    329 ; delta = 2.675239e-04 ; dt =  1717.6 sec
power : iter =    330 ; delta = 2.646266e-04 ; dt =  1722.5 sec
power : iter =    331 ; delta = 2.617071e-04 ; dt =  1727.5 sec
power : iter =    332 ; delta = 2.588727e-04 ; dt =  1732.5 sec
power : iter =    333 ; delta = 2.560181e-04 ; dt =  1738.0 sec
power : iter =    334 ; delta = 2.532489e-04 ; dt =  1743.0 sec
power : iter =    335 ; delta = 2.504563e-04 ; dt =  1748.7 sec
power : iter =    336 ; delta = 2.477487e-04 ; dt =  1753.7 sec
power : iter =    337 ; delta = 2.450202e-04 ; dt =  1759.3 sec
power : iter =    338 ; delta = 2.423712e-04 ; dt =  1764.3 sec
power : iter =    339 ; delta = 2.397033e-04 ; dt =  1770.0 sec
power : iter =    340 ; delta = 2.371151e-04 ; dt =  1775.1 sec
power : iter =    341 ; delta = 2.345051e-04 ; dt =  1780.6 sec
power : iter =    342 ; delta = 2.319747e-04 ; dt =  1786.2 sec
power : iter =    343 ; delta = 2.294251e-04 ; dt =  1791.2 sec
power : iter =    344 ; delta = 2.269499e-04 ; dt =  1796.2 sec
power : iter =    345 ; delta = 2.244569e-04 ; dt =  1802.6 sec
power : iter =    346 ; delta = 2.220383e-04 ; dt =  1807.7 sec
power : iter =    347 ; delta = 2.195994e-04 ; dt =  1812.7 sec
power : iter =    348 ; delta = 2.172345e-04 ; dt =  1817.7 sec
power : iter =    349 ; delta = 2.148515e-04 ; dt =  1822.7 sec
power : iter =    350 ; delta = 2.125377e-04 ; dt =  1828.3 sec
power : iter =    351 ; delta = 2.102076e-04 ; dt =  1833.4 sec
power : iter =    352 ; delta = 2.079467e-04 ; dt =  1838.3 sec
power : iter =    353 ; delta = 2.056668e-04 ; dt =  1844.1 sec
power : iter =    354 ; delta = 2.034557e-04 ; dt =  1849.7 sec
power : iter =    355 ; delta = 2.012277e-04 ; dt =  1854.7 sec
power : iter =    356 ; delta = 1.990642e-04 ; dt =  1860.3 sec
power : iter =    357 ; delta = 1.968853e-04 ; dt =  1865.3 sec
power : iter =    358 ; delta = 1.947712e-04 ; dt =  1871.0 sec
power : iter =    359 ; delta = 1.926393e-04 ; dt =  1876.1 sec
power : iter =    360 ; delta = 1.905719e-04 ; dt =  1881.0 sec
power : iter =    361 ; delta = 1.884886e-04 ; dt =  1886.0 sec
power : iter =    362 ; delta = 1.864654e-04 ; dt =  1891.6 sec
power : iter =    363 ; delta = 1.844279e-04 ; dt =  1896.7 sec
power : iter =    364 ; delta = 1.824507e-04 ; dt =  1901.6 sec
power : iter =    365 ; delta = 1.804569e-04 ; dt =  1907.1 sec
power : iter =    366 ; delta = 1.785233e-04 ; dt =  1912.1 sec
power : iter =    367 ; delta = 1.765752e-04 ; dt =  1917.1 sec
power : iter =    368 ; delta = 1.746834e-04 ; dt =  1922.1 sec
power : iter =    369 ; delta = 1.727784e-04 ; dt =  1927.7 sec
power : iter =    370 ; delta = 1.709295e-04 ; dt =  1933.2 sec
power : iter =    371 ; delta = 1.690652e-04 ; dt =  1938.9 sec
power : iter =    372 ; delta = 1.672567e-04 ; dt =  1944.0 sec
power : iter =    373 ; delta = 1.654345e-04 ; dt =  1950.1 sec
power : iter =    374 ; delta = 1.636646e-04 ; dt =  1955.4 sec
power : iter =    375 ; delta = 1.618822e-04 ; dt =  1961.0 sec
power : iter =    376 ; delta = 1.601522e-04 ; dt =  1966.0 sec
power : iter =    377 ; delta = 1.584079e-04 ; dt =  1971.6 sec
power : iter =    378 ; delta = 1.567156e-04 ; dt =  1976.6 sec
power : iter =    379 ; delta = 1.550107e-04 ; dt =  1982.3 sec
power : iter =    380 ; delta = 1.533544e-04 ; dt =  1987.3 sec
power : iter =    381 ; delta = 1.516867e-04 ; dt =  1992.3 sec
power : iter =    382 ; delta = 1.500678e-04 ; dt =  1997.3 sec
power : iter =    383 ; delta = 1.484354e-04 ; dt =  2002.9 sec
power : iter =    384 ; delta = 1.468518e-04 ; dt =  2008.0 sec
power : iter =    385 ; delta = 1.452563e-04 ; dt =  2013.0 sec
power : iter =    386 ; delta = 1.437063e-04 ; dt =  2018.0 sec
power : iter =    387 ; delta = 1.421454e-04 ; dt =  2022.9 sec
power : iter =    388 ; delta = 1.406303e-04 ; dt =  2028.6 sec
power : iter =    389 ; delta = 1.391026e-04 ; dt =  2033.6 sec
power : iter =    390 ; delta = 1.376204e-04 ; dt =  2038.5 sec
power : iter =    391 ; delta = 1.361271e-04 ; dt =  2043.5 sec
power : iter =    392 ; delta = 1.346763e-04 ; dt =  2049.3 sec
power : iter =    393 ; delta = 1.332156e-04 ; dt =  2054.2 sec
power : iter =    394 ; delta = 1.317976e-04 ; dt =  2059.9 sec
power : iter =    395 ; delta = 1.303680e-04 ; dt =  2065.6 sec
power : iter =    396 ; delta = 1.289808e-04 ; dt =  2070.6 sec
power : iter =    397 ; delta = 1.275834e-04 ; dt =  2076.4 sec
power : iter =    398 ; delta = 1.262256e-04 ; dt =  2081.4 sec
power : iter =    399 ; delta = 1.248586e-04 ; dt =  2086.5 sec
power : iter =    400 ; delta = 1.235313e-04 ; dt =  2092.4 sec
power : iter =    401 ; delta = 1.221932e-04 ; dt =  2097.5 sec
power : iter =    402 ; delta = 1.208947e-04 ; dt =  2102.5 sec
power : iter =    403 ; delta = 1.195868e-04 ; dt =  2108.3 sec
power : iter =    404 ; delta = 1.183158e-04 ; dt =  2113.3 sec
power : iter =    405 ; delta = 1.170362e-04 ; dt =  2118.3 sec
power : iter =    406 ; delta = 1.157938e-04 ; dt =  2124.0 sec
power : iter =    407 ; delta = 1.145413e-04 ; dt =  2129.0 sec
power : iter =    408 ; delta = 1.133258e-04 ; dt =  2134.0 sec
power : iter =    409 ; delta = 1.121014e-04 ; dt =  2139.7 sec
power : iter =    410 ; delta = 1.109114e-04 ; dt =  2145.0 sec
power : iter =    411 ; delta = 1.097135e-04 ; dt =  2151.0 sec
power : iter =    412 ; delta = 1.085501e-04 ; dt =  2156.2 sec
power : iter =    413 ; delta = 1.073774e-04 ; dt =  2161.1 sec
power : iter =    414 ; delta = 1.062391e-04 ; dt =  2166.9 sec
power : iter =    415 ; delta = 1.050926e-04 ; dt =  2172.6 sec
power : iter =    416 ; delta = 1.039782e-04 ; dt =  2177.7 sec
power : iter =    417 ; delta = 1.028564e-04 ; dt =  2182.6 sec
power : iter =    418 ; delta = 1.017669e-04 ; dt =  2188.4 sec
power : iter =    419 ; delta = 1.006686e-04 ; dt =  2194.0 sec
power : iter =    420 ; delta = 9.960264e-05 ; dt =  2199.8 sec
power : iter =    421 ; delta = 9.852899e-05 ; dt =  2205.4 sec
power : iter =    422 ; delta = 9.748540e-05 ; dt =  2211.1 sec
power : iter =    423 ; delta = 9.643487e-05 ; dt =  2216.7 sec
power : iter =    424 ; delta = 9.541450e-05 ; dt =  2222.0 sec
power : iter =    425 ; delta = 9.438602e-05 ; dt =  2228.0 sec
power : iter =    426 ; delta = 9.338757e-05 ; dt =  2233.1 sec
power : iter =    427 ; delta = 9.238198e-05 ; dt =  2238.1 sec
power : iter =    428 ; delta = 9.140444e-05 ; dt =  2243.9 sec
power : iter =    429 ; delta = 9.042051e-05 ; dt =  2248.8 sec
power : iter =    430 ; delta = 8.946474e-05 ; dt =  2254.5 sec
power : iter =    431 ; delta = 8.850145e-05 ; dt =  2259.4 sec
power : iter =    432 ; delta = 8.756617e-05 ; dt =  2265.1 sec
power : iter =    433 ; delta = 8.662440e-05 ; dt =  2270.2 sec
power : iter =    434 ; delta = 8.570869e-05 ; dt =  2275.9 sec
power : iter =    435 ; delta = 8.478716e-05 ; dt =  2280.9 sec
power : iter =    436 ; delta = 8.389177e-05 ; dt =  2285.9 sec
power : iter =    437 ; delta = 8.298954e-05 ; dt =  2291.6 sec
power : iter =    438 ; delta = 8.211335e-05 ; dt =  2296.6 sec
power : iter =    439 ; delta = 8.123126e-05 ; dt =  2301.6 sec
power : iter =    440 ; delta = 8.037347e-05 ; dt =  2306.6 sec
power : iter =    441 ; delta = 7.951028e-05 ; dt =  2311.5 sec
power : iter =    442 ; delta = 7.867150e-05 ; dt =  2317.2 sec
power : iter =    443 ; delta = 7.782636e-05 ; dt =  2322.3 sec
power : iter =    444 ; delta = 7.700552e-05 ; dt =  2328.0 sec
power : iter =    445 ; delta = 7.617911e-05 ; dt =  2333.5 sec
power : iter =    446 ; delta = 7.537541e-05 ; dt =  2338.9 sec
power : iter =    447 ; delta = 7.456670e-05 ; dt =  2344.6 sec
power : iter =    448 ; delta = 7.378080e-05 ; dt =  2350.2 sec
power : iter =    449 ; delta = 7.298897e-05 ; dt =  2355.2 sec
power : iter =    450 ; delta = 7.221987e-05 ; dt =  2360.1 sec
power : iter =    451 ; delta = 7.144559e-05 ; dt =  2365.3 sec
power : iter =    452 ; delta = 7.069252e-05 ; dt =  2370.6 sec
power : iter =    453 ; delta = 6.993477e-05 ; dt =  2376.2 sec
power : iter =    454 ; delta = 6.919835e-05 ; dt =  2381.2 sec
power : iter =    455 ; delta = 6.845642e-05 ; dt =  2386.2 sec
power : iter =    456 ; delta = 6.773573e-05 ; dt =  2391.8 sec
power : iter =    457 ; delta = 6.701021e-05 ; dt =  2396.8 sec
power : iter =    458 ; delta = 6.630452e-05 ; dt =  2401.8 sec
power : iter =    459 ; delta = 6.559449e-05 ; dt =  2407.4 sec
power : iter =    460 ; delta = 6.490438e-05 ; dt =  2412.4 sec
power : iter =    461 ; delta = 6.420913e-05 ; dt =  2417.4 sec
power : iter =    462 ; delta = 6.353371e-05 ; dt =  2422.4 sec
power : iter =    463 ; delta = 6.285381e-05 ; dt =  2427.4 sec
power : iter =    464 ; delta = 6.219243e-05 ; dt =  2433.1 sec
power : iter =    465 ; delta = 6.152701e-05 ; dt =  2438.1 sec
power : iter =    466 ; delta = 6.088021e-05 ; dt =  2443.1 sec
power : iter =    467 ; delta = 6.022863e-05 ; dt =  2448.0 sec
power : iter =    468 ; delta = 5.959560e-05 ; dt =  2453.0 sec
power : iter =    469 ; delta = 5.895838e-05 ; dt =  2458.7 sec
power : iter =    470 ; delta = 5.833849e-05 ; dt =  2463.8 sec
power : iter =    471 ; delta = 5.771485e-05 ; dt =  2468.7 sec
power : iter =    472 ; delta = 5.710861e-05 ; dt =  2474.5 sec
power : iter =    473 ; delta = 5.649792e-05 ; dt =  2479.5 sec
power : iter =    474 ; delta = 5.590456e-05 ; dt =  2484.4 sec
power : iter =    475 ; delta = 5.530732e-05 ; dt =  2489.4 sec
power : iter =    476 ; delta = 5.472627e-05 ; dt =  2495.1 sec
power : iter =    477 ; delta = 5.414173e-05 ; dt =  2500.8 sec
power : iter =    478 ; delta = 5.357345e-05 ; dt =  2505.7 sec
power : iter =    479 ; delta = 5.300105e-05 ; dt =  2511.4 sec
power : iter =    480 ; delta = 5.244485e-05 ; dt =  2517.1 sec
power : iter =    481 ; delta = 5.188505e-05 ; dt =  2522.1 sec
power : iter =    482 ; delta = 5.134038e-05 ; dt =  2527.1 sec
power : iter =    483 ; delta = 5.079248e-05 ; dt =  2532.1 sec
power : iter =    484 ; delta = 5.025979e-05 ; dt =  2537.8 sec
power : iter =    485 ; delta = 4.972328e-05 ; dt =  2543.2 sec
power : iter =    486 ; delta = 4.920192e-05 ; dt =  2548.2 sec
power : iter =    487 ; delta = 4.867721e-05 ; dt =  2553.8 sec
power : iter =    488 ; delta = 4.816665e-05 ; dt =  2558.8 sec
power : iter =    489 ; delta = 4.765308e-05 ; dt =  2564.0 sec
power : iter =    490 ; delta = 4.715372e-05 ; dt =  2570.0 sec
power : iter =    491 ; delta = 4.665079e-05 ; dt =  2575.3 sec
power : iter =    492 ; delta = 4.616202e-05 ; dt =  2580.2 sec
power : iter =    493 ; delta = 4.567013e-05 ; dt =  2586.0 sec
power : iter =    494 ; delta = 4.519147e-05 ; dt =  2591.4 sec
power : iter =    495 ; delta = 4.471000e-05 ; dt =  2597.3 sec
power : iter =    496 ; delta = 4.424183e-05 ; dt =  2602.9 sec
power : iter =    497 ; delta = 4.377032e-05 ; dt =  2608.7 sec
power : iter =    498 ; delta = 4.331207e-05 ; dt =  2613.6 sec
power : iter =    499 ; delta = 4.285090e-05 ; dt =  2619.3 sec
power : iter =    500 ; delta = 4.240212e-05 ; dt =  2624.9 sec
power : iter =    501 ; delta = 4.195075e-05 ; dt =  2630.0 sec
power : iter =    502 ; delta = 4.151182e-05 ; dt =  2635.0 sec
power : iter =    503 ; delta = 4.106979e-05 ; dt =  2640.7 sec
power : iter =    504 ; delta = 4.064016e-05 ; dt =  2645.8 sec
power : iter =    505 ; delta = 4.020787e-05 ; dt =  2650.7 sec
power : iter =    506 ; delta = 3.978722e-05 ; dt =  2655.7 sec
power : iter =    507 ; delta = 3.936415e-05 ; dt =  2660.7 sec
power : iter =    508 ; delta = 3.895271e-05 ; dt =  2665.8 sec
power : iter =    509 ; delta = 3.853839e-05 ; dt =  2671.9 sec
power : iter =    510 ; delta = 3.813563e-05 ; dt =  2677.8 sec
power : iter =    511 ; delta = 3.773036e-05 ; dt =  2683.7 sec
power : iter =    512 ; delta = 3.733592e-05 ; dt =  2688.7 sec
power : iter =    513 ; delta = 3.693921e-05 ; dt =  2693.7 sec
power : iter =    514 ; delta = 3.655338e-05 ; dt =  2698.7 sec
power : iter =    515 ; delta = 3.616486e-05 ; dt =  2703.6 sec
power : iter =    516 ; delta = 3.578718e-05 ; dt =  2708.6 sec
power : iter =    517 ; delta = 3.540715e-05 ; dt =  2714.2 sec
power : iter =    518 ; delta = 3.503726e-05 ; dt =  2719.2 sec
power : iter =    519 ; delta = 3.466527e-05 ; dt =  2724.2 sec
power : iter =    520 ; delta = 3.430344e-05 ; dt =  2729.1 sec
power : iter =    521 ; delta = 3.393911e-05 ; dt =  2734.1 sec
power : iter =    522 ; delta = 3.358491e-05 ; dt =  2739.9 sec
power : iter =    523 ; delta = 3.322853e-05 ; dt =  2744.9 sec
power : iter =    524 ; delta = 3.288161e-05 ; dt =  2749.8 sec
power : iter =    525 ; delta = 3.253275e-05 ; dt =  2754.8 sec
power : iter =    526 ; delta = 3.219339e-05 ; dt =  2759.8 sec
power : iter =    527 ; delta = 3.185172e-05 ; dt =  2764.7 sec
power : iter =    528 ; delta = 3.151950e-05 ; dt =  2770.4 sec
power : iter =    529 ; delta = 3.118527e-05 ; dt =  2776.2 sec
power : iter =    530 ; delta = 3.085988e-05 ; dt =  2781.8 sec
power : iter =    531 ; delta = 3.053269e-05 ; dt =  2786.8 sec
power : iter =    532 ; delta = 3.021438e-05 ; dt =  2791.7 sec
power : iter =    533 ; delta = 2.989392e-05 ; dt =  2797.4 sec
power : iter =    534 ; delta = 2.958231e-05 ; dt =  2802.4 sec
power : iter =    535 ; delta = 2.926883e-05 ; dt =  2807.3 sec
power : iter =    536 ; delta = 2.896362e-05 ; dt =  2813.0 sec
power : iter =    537 ; delta = 2.865674e-05 ; dt =  2818.7 sec
power : iter =    538 ; delta = 2.835817e-05 ; dt =  2824.4 sec
power : iter =    539 ; delta = 2.805760e-05 ; dt =  2829.3 sec
power : iter =    540 ; delta = 2.776531e-05 ; dt =  2834.3 sec
power : iter =    541 ; delta = 2.747128e-05 ; dt =  2839.3 sec
power : iter =    542 ; delta = 2.718498e-05 ; dt =  2844.3 sec
power : iter =    543 ; delta = 2.689714e-05 ; dt =  2849.2 sec
power : iter =    544 ; delta = 2.661707e-05 ; dt =  2854.2 sec
power : iter =    545 ; delta = 2.633513e-05 ; dt =  2859.4 sec
power : iter =    546 ; delta = 2.606094e-05 ; dt =  2864.7 sec
power : iter =    547 ; delta = 2.578514e-05 ; dt =  2869.7 sec
power : iter =    548 ; delta = 2.551657e-05 ; dt =  2874.6 sec
power : iter =    549 ; delta = 2.524656e-05 ; dt =  2880.4 sec
power : iter =    550 ; delta = 2.498384e-05 ; dt =  2886.1 sec
power : iter =    551 ; delta = 2.471938e-05 ; dt =  2891.7 sec
power : iter =    552 ; delta = 2.446218e-05 ; dt =  2897.0 sec
power : iter =    553 ; delta = 2.420347e-05 ; dt =  2903.0 sec
power : iter =    554 ; delta = 2.395154e-05 ; dt =  2908.2 sec
power : iter =    555 ; delta = 2.369827e-05 ; dt =  2913.1 sec
power : iter =    556 ; delta = 2.345180e-05 ; dt =  2918.1 sec
power : iter =    557 ; delta = 2.320373e-05 ; dt =  2923.1 sec
power : iter =    558 ; delta = 2.296243e-05 ; dt =  2928.0 sec
power : iter =    559 ; delta = 2.271974e-05 ; dt =  2933.0 sec
power : iter =    560 ; delta = 2.248339e-05 ; dt =  2938.7 sec
power : iter =    561 ; delta = 2.224578e-05 ; dt =  2943.6 sec
power : iter =    562 ; delta = 2.201455e-05 ; dt =  2949.3 sec
power : iter =    563 ; delta = 2.178182e-05 ; dt =  2955.0 sec
power : iter =    564 ; delta = 2.155543e-05 ; dt =  2960.7 sec
power : iter =    565 ; delta = 2.132774e-05 ; dt =  2965.7 sec
power : iter =    566 ; delta = 2.110599e-05 ; dt =  2970.6 sec
power : iter =    567 ; delta = 2.088308e-05 ; dt =  2975.7 sec
power : iter =    568 ; delta = 2.066614e-05 ; dt =  2981.8 sec
power : iter =    569 ; delta = 2.044780e-05 ; dt =  2987.5 sec
power : iter =    570 ; delta = 2.023541e-05 ; dt =  2992.5 sec
power : iter =    571 ; delta = 2.002181e-05 ; dt =  2997.4 sec
power : iter =    572 ; delta = 1.981376e-05 ; dt =  3002.4 sec
power : iter =    573 ; delta = 1.960464e-05 ; dt =  3008.2 sec
power : iter =    574 ; delta = 1.940109e-05 ; dt =  3013.1 sec
power : iter =    575 ; delta = 1.919625e-05 ; dt =  3018.1 sec
power : iter =    576 ; delta = 1.899695e-05 ; dt =  3023.1 sec
power : iter =    577 ; delta = 1.879655e-05 ; dt =  3028.6 sec
power : iter =    578 ; delta = 1.860132e-05 ; dt =  3033.5 sec
power : iter =    579 ; delta = 1.840511e-05 ; dt =  3039.1 sec
power : iter =    580 ; delta = 1.821411e-05 ; dt =  3044.0 sec
power : iter =    581 ; delta = 1.802191e-05 ; dt =  3049.0 sec
power : iter =    582 ; delta = 1.783489e-05 ; dt =  3054.0 sec
power : iter =    583 ; delta = 1.764685e-05 ; dt =  3059.0 sec
power : iter =    584 ; delta = 1.746366e-05 ; dt =  3063.9 sec
power : iter =    585 ; delta = 1.727955e-05 ; dt =  3068.9 sec
power : iter =    586 ; delta = 1.710032e-05 ; dt =  3073.9 sec
power : iter =    587 ; delta = 1.691997e-05 ; dt =  3078.8 sec
power : iter =    588 ; delta = 1.674448e-05 ; dt =  3083.8 sec
power : iter =    589 ; delta = 1.656803e-05 ; dt =  3089.5 sec
power : iter =    590 ; delta = 1.639613e-05 ; dt =  3094.4 sec
power : iter =    591 ; delta = 1.622337e-05 ; dt =  3099.6 sec
power : iter =    592 ; delta = 1.605517e-05 ; dt =  3105.7 sec
power : iter =    593 ; delta = 1.588594e-05 ; dt =  3110.9 sec
power : iter =    594 ; delta = 1.572125e-05 ; dt =  3115.9 sec
power : iter =    595 ; delta = 1.555568e-05 ; dt =  3121.6 sec
power : iter =    596 ; delta = 1.539435e-05 ; dt =  3126.6 sec
power : iter =    597 ; delta = 1.523224e-05 ; dt =  3131.6 sec
power : iter =    598 ; delta = 1.507439e-05 ; dt =  3136.6 sec
power : iter =    599 ; delta = 1.491559e-05 ; dt =  3141.5 sec
power : iter =    600 ; delta = 1.476103e-05 ; dt =  3146.5 sec
power : iter =    601 ; delta = 1.460566e-05 ; dt =  3151.5 sec
power : iter =    602 ; delta = 1.445425e-05 ; dt =  3156.4 sec
power : iter =    603 ; delta = 1.430212e-05 ; dt =  3161.4 sec
power : iter =    604 ; delta = 1.415398e-05 ; dt =  3167.2 sec
power : iter =    605 ; delta = 1.400495e-05 ; dt =  3172.8 sec
power : iter =    606 ; delta = 1.385990e-05 ; dt =  3178.5 sec
power : iter =    607 ; delta = 1.371408e-05 ; dt =  3183.9 sec
power : iter =    608 ; delta = 1.357199e-05 ; dt =  3188.9 sec
power : iter =    609 ; delta = 1.342921e-05 ; dt =  3193.9 sec
power : iter =    610 ; delta = 1.329018e-05 ; dt =  3198.8 sec
power : iter =    611 ; delta = 1.315032e-05 ; dt =  3203.8 sec
power : iter =    612 ; delta = 1.301417e-05 ; dt =  3208.8 sec
power : iter =    613 ; delta = 1.287733e-05 ; dt =  3213.8 sec
power : iter =    614 ; delta = 1.274396e-05 ; dt =  3218.7 sec
power : iter =    615 ; delta = 1.260997e-05 ; dt =  3223.7 sec
power : iter =    616 ; delta = 1.247947e-05 ; dt =  3229.4 sec
power : iter =    617 ; delta = 1.234821e-05 ; dt =  3234.5 sec
power : iter =    618 ; delta = 1.222043e-05 ; dt =  3239.4 sec
power : iter =    619 ; delta = 1.209200e-05 ; dt =  3244.4 sec
power : iter =    620 ; delta = 1.196682e-05 ; dt =  3249.4 sec
power : iter =    621 ; delta = 1.184107e-05 ; dt =  3255.0 sec
power : iter =    622 ; delta = 1.171859e-05 ; dt =  3260.0 sec
power : iter =    623 ; delta = 1.159540e-05 ; dt =  3265.0 sec
power : iter =    624 ; delta = 1.147547e-05 ; dt =  3269.9 sec
power : iter =    625 ; delta = 1.135493e-05 ; dt =  3274.9 sec
power : iter =    626 ; delta = 1.123743e-05 ; dt =  3279.9 sec
power : iter =    627 ; delta = 1.111941e-05 ; dt =  3285.6 sec
power : iter =    628 ; delta = 1.100444e-05 ; dt =  3290.6 sec
power : iter =    629 ; delta = 1.088881e-05 ; dt =  3295.6 sec
power : iter =    630 ; delta = 1.077623e-05 ; dt =  3300.6 sec
power : iter =    631 ; delta = 1.066309e-05 ; dt =  3305.5 sec
power : iter =    632 ; delta = 1.055280e-05 ; dt =  3312.0 sec
power : iter =    633 ; delta = 1.044202e-05 ; dt =  3317.6 sec
power : iter =    634 ; delta = 1.033410e-05 ; dt =  3322.6 sec
power : iter =    635 ; delta = 1.022557e-05 ; dt =  3328.3 sec
power : iter =    636 ; delta = 1.011989e-05 ; dt =  3333.3 sec
power : iter =    637 ; delta = 1.001370e-05 ; dt =  3338.3 sec
power : iter =    638 ; delta = 9.910173e-06 ; dt =  3343.3 sec
power : iter =    639 ; delta = 9.806189e-06 ; dt =  3348.2 sec
power : iter =    640 ; delta = 9.704884e-06 ; dt =  3353.2 sec
power : iter =    641 ; delta = 9.603018e-06 ; dt =  3358.9 sec
power : iter =    642 ; delta = 9.503819e-06 ; dt =  3363.8 sec
power : iter =    643 ; delta = 9.404143e-06 ; dt =  3369.5 sec
power : iter =    644 ; delta = 9.306961e-06 ; dt =  3374.4 sec
power : iter =    645 ; delta = 9.209356e-06 ; dt =  3380.1 sec
power : iter =    646 ; delta = 9.114257e-06 ; dt =  3385.2 sec
power : iter =    647 ; delta = 9.018637e-06 ; dt =  3390.2 sec
power : iter =    648 ; delta = 8.925512e-06 ; dt =  3395.9 sec
power : iter =    649 ; delta = 8.831943e-06 ; dt =  3400.9 sec
power : iter =    650 ; delta = 8.740709e-06 ; dt =  3405.9 sec
power : iter =    651 ; delta = 8.649084e-06 ; dt =  3410.9 sec
power : iter =    652 ; delta = 8.559804e-06 ; dt =  3415.8 sec
power : iter =    653 ; delta = 8.470041e-06 ; dt =  3421.5 sec
power : iter =    654 ; delta = 8.382614e-06 ; dt =  3426.4 sec
power : iter =    655 ; delta = 8.294776e-06 ; dt =  3431.4 sec
power : iter =    656 ; delta = 8.209122e-06 ; dt =  3436.6 sec
power : iter =    657 ; delta = 8.123108e-06 ; dt =  3442.6 sec
power : iter =    658 ; delta = 8.039288e-06 ; dt =  3447.9 sec
power : iter =    659 ; delta = 7.955021e-06 ; dt =  3453.3 sec
power : iter =    660 ; delta = 7.872939e-06 ; dt =  3458.3 sec
power : iter =    661 ; delta = 7.790478e-06 ; dt =  3463.3 sec
power : iter =    662 ; delta = 7.710061e-06 ; dt =  3468.2 sec
power : iter =    663 ; delta = 7.629311e-06 ; dt =  3473.2 sec
power : iter =    664 ; delta = 7.550615e-06 ; dt =  3478.2 sec
power : iter =    665 ; delta = 7.471505e-06 ; dt =  3483.8 sec
power : iter =    666 ; delta = 7.394440e-06 ; dt =  3489.6 sec
power : iter =    667 ; delta = 7.317023e-06 ; dt =  3494.6 sec
power : iter =    668 ; delta = 7.241521e-06 ; dt =  3500.2 sec
power : iter =    669 ; delta = 7.165710e-06 ; dt =  3505.9 sec
power : iter =    670 ; delta = 7.091822e-06 ; dt =  3511.5 sec
power : iter =    671 ; delta = 7.017551e-06 ; dt =  3517.2 sec
power : iter =    672 ; delta = 6.945192e-06 ; dt =  3522.1 sec
power : iter =    673 ; delta = 6.872510e-06 ; dt =  3527.8 sec
power : iter =    674 ; delta = 6.801621e-06 ; dt =  3532.8 sec
power : iter =    675 ; delta = 6.730449e-06 ; dt =  3537.8 sec
power : iter =    676 ; delta = 6.661075e-06 ; dt =  3543.5 sec
power : iter =    677 ; delta = 6.591348e-06 ; dt =  3549.2 sec
power : iter =    678 ; delta = 6.523410e-06 ; dt =  3554.1 sec
power : iter =    679 ; delta = 6.455174e-06 ; dt =  3559.1 sec
power : iter =    680 ; delta = 6.388615e-06 ; dt =  3564.8 sec
power : iter =    681 ; delta = 6.321794e-06 ; dt =  3570.4 sec
power : iter =    682 ; delta = 6.256656e-06 ; dt =  3575.5 sec
power : iter =    683 ; delta = 6.191191e-06 ; dt =  3581.3 sec
power : iter =    684 ; delta = 6.127401e-06 ; dt =  3586.6 sec
power : iter =    685 ; delta = 6.063336e-06 ; dt =  3591.8 sec
power : iter =    686 ; delta = 6.000840e-06 ; dt =  3597.2 sec
power : iter =    687 ; delta = 5.938102e-06 ; dt =  3602.2 sec
power : iter =    688 ; delta = 5.876940e-06 ; dt =  3607.1 sec
power : iter =    689 ; delta = 5.815474e-06 ; dt =  3612.2 sec
power : iter =    690 ; delta = 5.755576e-06 ; dt =  3617.6 sec
power : iter =    691 ; delta = 5.695423e-06 ; dt =  3622.6 sec
power : iter =    692 ; delta = 5.636739e-06 ; dt =  3627.6 sec
power : iter =    693 ; delta = 5.577832e-06 ; dt =  3632.5 sec
power : iter =    694 ; delta = 5.520400e-06 ; dt =  3638.3 sec
power : iter =    695 ; delta = 5.462687e-06 ; dt =  3643.9 sec
power : iter =    696 ; delta = 5.406442e-06 ; dt =  3648.9 sec
power : iter =    697 ; delta = 5.349961e-06 ; dt =  3653.9 sec
power : iter =    698 ; delta = 5.294854e-06 ; dt =  3658.9 sec
power : iter =    699 ; delta = 5.239542e-06 ; dt =  3664.4 sec
power : iter =    700 ; delta = 5.185610e-06 ; dt =  3669.4 sec
power : iter =    701 ; delta = 5.131419e-06 ; dt =  3674.4 sec
power : iter =    702 ; delta = 5.078603e-06 ; dt =  3680.1 sec
power : iter =    703 ; delta = 5.025568e-06 ; dt =  3685.1 sec
power : iter =    704 ; delta = 4.973821e-06 ; dt =  3690.1 sec
power : iter =    705 ; delta = 4.921885e-06 ; dt =  3695.0 sec
power : iter =    706 ; delta = 4.871241e-06 ; dt =  3700.0 sec
power : iter =    707 ; delta = 4.820358e-06 ; dt =  3705.6 sec
power : iter =    708 ; delta = 4.770760e-06 ; dt =  3711.2 sec
power : iter =    709 ; delta = 4.720961e-06 ; dt =  3716.2 sec
power : iter =    710 ; delta = 4.672366e-06 ; dt =  3721.2 sec
power : iter =    711 ; delta = 4.623597e-06 ; dt =  3726.9 sec
power : iter =    712 ; delta = 4.576037e-06 ; dt =  3731.9 sec
power : iter =    713 ; delta = 4.528256e-06 ; dt =  3737.0 sec
power : iter =    714 ; delta = 4.481678e-06 ; dt =  3743.1 sec
power : iter =    715 ; delta = 4.434915e-06 ; dt =  3748.4 sec
power : iter =    716 ; delta = 4.389279e-06 ; dt =  3754.1 sec
power : iter =    717 ; delta = 4.343482e-06 ; dt =  3759.0 sec
power : iter =    718 ; delta = 4.298818e-06 ; dt =  3764.2 sec
power : iter =    719 ; delta = 4.253949e-06 ; dt =  3770.3 sec
power : iter =    720 ; delta = 4.210206e-06 ; dt =  3775.9 sec
power : iter =    721 ; delta = 4.166293e-06 ; dt =  3780.9 sec
power : iter =    722 ; delta = 4.123434e-06 ; dt =  3786.5 sec
power : iter =    723 ; delta = 4.080428e-06 ; dt =  3791.5 sec
power : iter =    724 ; delta = 4.038480e-06 ; dt =  3796.5 sec
power : iter =    725 ; delta = 3.996346e-06 ; dt =  3801.5 sec
power : iter =    726 ; delta = 3.955265e-06 ; dt =  3807.1 sec
power : iter =    727 ; delta = 3.914028e-06 ; dt =  3812.1 sec
power : iter =    728 ; delta = 3.873778e-06 ; dt =  3817.0 sec
power : iter =    729 ; delta = 3.833393e-06 ; dt =  3822.0 sec
power : iter =    730 ; delta = 3.794001e-06 ; dt =  3827.0 sec
power : iter =    731 ; delta = 3.754433e-06 ; dt =  3832.0 sec
power : iter =    732 ; delta = 3.715852e-06 ; dt =  3837.3 sec
power : iter =    733 ; delta = 3.677127e-06 ; dt =  3842.4 sec
power : iter =    734 ; delta = 3.639325e-06 ; dt =  3847.4 sec
power : iter =    735 ; delta = 3.601398e-06 ; dt =  3852.4 sec
power : iter =    736 ; delta = 3.564400e-06 ; dt =  3857.3 sec
power : iter =    737 ; delta = 3.527242e-06 ; dt =  3862.3 sec
power : iter =    738 ; delta = 3.491006e-06 ; dt =  3867.3 sec
power : iter =    739 ; delta = 3.454637e-06 ; dt =  3872.3 sec
power : iter =    740 ; delta = 3.419134e-06 ; dt =  3877.2 sec
power : iter =    741 ; delta = 3.383515e-06 ; dt =  3882.2 sec
power : iter =    742 ; delta = 3.348765e-06 ; dt =  3887.2 sec
power : iter =    743 ; delta = 3.313867e-06 ; dt =  3892.7 sec
power : iter =    744 ; delta = 3.279833e-06 ; dt =  3897.7 sec
power : iter =    745 ; delta = 3.245677e-06 ; dt =  3903.4 sec
power : iter =    746 ; delta = 3.212331e-06 ; dt =  3908.8 sec
power : iter =    747 ; delta = 3.178879e-06 ; dt =  3913.8 sec
power : iter =    748 ; delta = 3.146241e-06 ; dt =  3919.2 sec
power : iter =    749 ; delta = 3.113465e-06 ; dt =  3924.2 sec
power : iter =    750 ; delta = 3.081498e-06 ; dt =  3929.2 sec
power : iter =    751 ; delta = 3.049419e-06 ; dt =  3934.2 sec
power : iter =    752 ; delta = 3.018098e-06 ; dt =  3939.1 sec
power : iter =    753 ; delta = 2.986680e-06 ; dt =  3944.1 sec
power : iter =    754 ; delta = 2.956024e-06 ; dt =  3949.1 sec
power : iter =    755 ; delta = 2.925241e-06 ; dt =  3954.1 sec
power : iter =    756 ; delta = 2.895215e-06 ; dt =  3959.8 sec
power : iter =    757 ; delta = 2.865085e-06 ; dt =  3964.8 sec
power : iter =    758 ; delta = 2.835665e-06 ; dt =  3969.8 sec
power : iter =    759 ; delta = 2.806156e-06 ; dt =  3974.7 sec
power : iter =    760 ; delta = 2.777360e-06 ; dt =  3980.5 sec
power : iter =    761 ; delta = 2.748447e-06 ; dt =  3985.5 sec
power : iter =    762 ; delta = 2.720244e-06 ; dt =  3990.4 sec
power : iter =    763 ; delta = 2.691944e-06 ; dt =  3995.4 sec
power : iter =    764 ; delta = 2.664310e-06 ; dt =  4001.0 sec
power : iter =    765 ; delta = 2.636593e-06 ; dt =  4006.0 sec
power : iter =    766 ; delta = 2.609544e-06 ; dt =  4010.9 sec
power : iter =    767 ; delta = 2.582388e-06 ; dt =  4015.9 sec
power : iter =    768 ; delta = 2.555896e-06 ; dt =  4021.0 sec
power : iter =    769 ; delta = 2.529316e-06 ; dt =  4026.4 sec
power : iter =    770 ; delta = 2.503358e-06 ; dt =  4031.4 sec
power : iter =    771 ; delta = 2.477325e-06 ; dt =  4036.3 sec
power : iter =    772 ; delta = 2.451917e-06 ; dt =  4041.3 sec
power : iter =    773 ; delta = 2.426410e-06 ; dt =  4047.1 sec
power : iter =    774 ; delta = 2.401525e-06 ; dt =  4052.0 sec
power : iter =    775 ; delta = 2.376559e-06 ; dt =  4057.0 sec
power : iter =    776 ; delta = 2.352175e-06 ; dt =  4062.0 sec
power : iter =    777 ; delta = 2.327722e-06 ; dt =  4067.7 sec
power : iter =    778 ; delta = 2.303854e-06 ; dt =  4073.0 sec
power : iter =    779 ; delta = 2.279896e-06 ; dt =  4077.9 sec
power : iter =    780 ; delta = 2.256519e-06 ; dt =  4082.9 sec
power : iter =    781 ; delta = 2.233067e-06 ; dt =  4087.9 sec
power : iter =    782 ; delta = 2.210161e-06 ; dt =  4092.8 sec
power : iter =    783 ; delta = 2.187193e-06 ; dt =  4097.8 sec
power : iter =    784 ; delta = 2.164772e-06 ; dt =  4102.8 sec
power : iter =    785 ; delta = 2.142267e-06 ; dt =  4107.8 sec
power : iter =    786 ; delta = 2.120306e-06 ; dt =  4113.5 sec
power : iter =    787 ; delta = 2.098278e-06 ; dt =  4118.5 sec
power : iter =    788 ; delta = 2.076760e-06 ; dt =  4123.4 sec
power : iter =    789 ; delta = 2.055185e-06 ; dt =  4128.4 sec
power : iter =    790 ; delta = 2.034122e-06 ; dt =  4133.8 sec
power : iter =    791 ; delta = 2.012982e-06 ; dt =  4139.3 sec
power : iter =    792 ; delta = 1.992352e-06 ; dt =  4145.0 sec
power : iter =    793 ; delta = 1.971660e-06 ; dt =  4150.3 sec
power : iter =    794 ; delta = 1.951446e-06 ; dt =  4155.8 sec
power : iter =    795 ; delta = 1.931179e-06 ; dt =  4160.7 sec
power : iter =    796 ; delta = 1.911392e-06 ; dt =  4166.3 sec
power : iter =    797 ; delta = 1.891533e-06 ; dt =  4171.9 sec
power : iter =    798 ; delta = 1.872153e-06 ; dt =  4177.1 sec
power : iter =    799 ; delta = 1.852714e-06 ; dt =  4182.5 sec
power : iter =    800 ; delta = 1.833724e-06 ; dt =  4187.5 sec
power : iter =    801 ; delta = 1.814685e-06 ; dt =  4193.1 sec
power : iter =    802 ; delta = 1.796096e-06 ; dt =  4198.9 sec
power : iter =    803 ; delta = 1.777441e-06 ; dt =  4203.9 sec
power : iter =    804 ; delta = 1.759234e-06 ; dt =  4209.5 sec
power : iter =    805 ; delta = 1.740973e-06 ; dt =  4215.2 sec
power : iter =    806 ; delta = 1.723132e-06 ; dt =  4220.3 sec
power : iter =    807 ; delta = 1.705247e-06 ; dt =  4225.3 sec
power : iter =    808 ; delta = 1.687783e-06 ; dt =  4230.2 sec
power : iter =    809 ; delta = 1.670258e-06 ; dt =  4235.9 sec
power : iter =    810 ; delta = 1.653152e-06 ; dt =  4240.9 sec
power : iter =    811 ; delta = 1.635998e-06 ; dt =  4246.5 sec
power : iter =    812 ; delta = 1.619236e-06 ; dt =  4251.5 sec
power : iter =    813 ; delta = 1.602435e-06 ; dt =  4256.5 sec
power : iter =    814 ; delta = 1.586027e-06 ; dt =  4261.4 sec
power : iter =    815 ; delta = 1.569564e-06 ; dt =  4266.7 sec
power : iter =    816 ; delta = 1.553493e-06 ; dt =  4271.9 sec
power : iter =    817 ; delta = 1.537378e-06 ; dt =  4276.9 sec
power : iter =    818 ; delta = 1.521630e-06 ; dt =  4282.5 sec
power : iter =    819 ; delta = 1.505847e-06 ; dt =  4287.5 sec
power : iter =    820 ; delta = 1.490432e-06 ; dt =  4293.1 sec
power : iter =    821 ; delta = 1.474966e-06 ; dt =  4298.3 sec
power : iter =    822 ; delta = 1.459867e-06 ; dt =  4303.2 sec
power : iter =    823 ; delta = 1.444728e-06 ; dt =  4308.2 sec
power : iter =    824 ; delta = 1.429933e-06 ; dt =  4313.2 sec
power : iter =    825 ; delta = 1.415105e-06 ; dt =  4318.8 sec
power : iter =    826 ; delta = 1.400622e-06 ; dt =  4323.8 sec
power : iter =    827 ; delta = 1.386093e-06 ; dt =  4329.4 sec
power : iter =    828 ; delta = 1.371907e-06 ; dt =  4334.4 sec
power : iter =    829 ; delta = 1.357685e-06 ; dt =  4339.4 sec
power : iter =    830 ; delta = 1.343785e-06 ; dt =  4344.4 sec
power : iter =    831 ; delta = 1.329854e-06 ; dt =  4349.3 sec
power : iter =    832 ; delta = 1.316247e-06 ; dt =  4354.3 sec
power : iter =    833 ; delta = 1.302597e-06 ; dt =  4359.3 sec
power : iter =    834 ; delta = 1.289269e-06 ; dt =  4364.2 sec
power : iter =    835 ; delta = 1.275907e-06 ; dt =  4369.2 sec
power : iter =    836 ; delta = 1.262847e-06 ; dt =  4374.2 sec
power : iter =    837 ; delta = 1.249760e-06 ; dt =  4379.2 sec
power : iter =    838 ; delta = 1.236975e-06 ; dt =  4384.1 sec
power : iter =    839 ; delta = 1.224151e-06 ; dt =  4389.8 sec
power : iter =    840 ; delta = 1.211628e-06 ; dt =  4394.7 sec
power : iter =    841 ; delta = 1.199074e-06 ; dt =  4399.7 sec
power : iter =    842 ; delta = 1.186803e-06 ; dt =  4404.9 sec
power : iter =    843 ; delta = 1.174506e-06 ; dt =  4410.9 sec
power : iter =    844 ; delta = 1.162494e-06 ; dt =  4416.2 sec
power : iter =    845 ; delta = 1.150445e-06 ; dt =  4421.1 sec
power : iter =    846 ; delta = 1.138678e-06 ; dt =  4426.1 sec
power : iter =    847 ; delta = 1.126884e-06 ; dt =  4431.1 sec
power : iter =    848 ; delta = 1.115353e-06 ; dt =  4436.7 sec
power : iter =    849 ; delta = 1.103801e-06 ; dt =  4442.4 sec
power : iter =    850 ; delta = 1.092513e-06 ; dt =  4447.3 sec
power : iter =    851 ; delta = 1.081193e-06 ; dt =  4453.0 sec
power : iter =    852 ; delta = 1.070137e-06 ; dt =  4458.0 sec
power : iter =    853 ; delta = 1.059055e-06 ; dt =  4462.9 sec
power : iter =    854 ; delta = 1.048221e-06 ; dt =  4468.4 sec
power : iter =    855 ; delta = 1.037366e-06 ; dt =  4474.0 sec
power : iter =    856 ; delta = 1.026760e-06 ; dt =  4479.0 sec
power : iter =    857 ; delta = 1.016124e-06 ; dt =  4484.0 sec
power : iter =    858 ; delta = 1.005735e-06 ; dt =  4489.6 sec
power : iter =    859 ; delta = 9.953233e-07 ; dt =  4494.6 sec
power : iter =    860 ; delta = 9.851432e-07 ; dt =  4500.2 sec
power : iter =    861 ; delta = 9.749446e-07 ; dt =  4505.3 sec
power : iter =    862 ; delta = 9.649786e-07 ; dt =  4510.3 sec
power : iter =    863 ; delta = 9.549853e-07 ; dt =  4516.0 sec
power : iter =    864 ; delta = 9.452232e-07 ; dt =  4521.4 sec
power : iter =    865 ; delta = 9.354403e-07 ; dt =  4526.4 sec
power : iter =    866 ; delta = 9.258744e-07 ; dt =  4531.4 sec
power : iter =    867 ; delta = 9.162920e-07 ; dt =  4536.3 sec
power : iter =    868 ; delta = 9.069272e-07 ; dt =  4541.3 sec
power : iter =    869 ; delta = 8.975377e-07 ; dt =  4546.3 sec
power : iter =    870 ; delta = 8.883645e-07 ; dt =  4551.3 sec
power : iter =    871 ; delta = 8.791725e-07 ; dt =  4556.2 sec
power : iter =    872 ; delta = 8.701837e-07 ; dt =  4561.2 sec
power : iter =    873 ; delta = 8.611799e-07 ; dt =  4566.2 sec
power : iter =    874 ; delta = 8.523801e-07 ; dt =  4571.1 sec
power : iter =    875 ; delta = 8.435575e-07 ; dt =  4576.1 sec
power : iter =    876 ; delta = 8.349376e-07 ; dt =  4581.1 sec
power : iter =    877 ; delta = 8.263007e-07 ; dt =  4586.8 sec
power : iter =    878 ; delta = 8.178539e-07 ; dt =  4591.8 sec
power : iter =    879 ; delta = 8.093939e-07 ; dt =  4596.8 sec
power : iter =    880 ; delta = 8.011246e-07 ; dt =  4601.8 sec
power : iter =    881 ; delta = 7.928347e-07 ; dt =  4606.7 sec
power : iter =    882 ; delta = 7.847346e-07 ; dt =  4611.7 sec
power : iter =    883 ; delta = 7.766190e-07 ; dt =  4616.7 sec
power : iter =    884 ; delta = 7.686817e-07 ; dt =  4621.7 sec
power : iter =    885 ; delta = 7.607322e-07 ; dt =  4626.6 sec
power : iter =    886 ; delta = 7.529616e-07 ; dt =  4631.6 sec
power : iter =    887 ; delta = 7.451720e-07 ; dt =  4636.6 sec
power : iter =    888 ; delta = 7.375602e-07 ; dt =  4641.5 sec
power : iter =    889 ; delta = 7.299345e-07 ; dt =  4646.5 sec
power : iter =    890 ; delta = 7.224756e-07 ; dt =  4652.3 sec
power : iter =    891 ; delta = 7.150060e-07 ; dt =  4657.2 sec
power : iter =    892 ; delta = 7.077037e-07 ; dt =  4662.2 sec
power : iter =    893 ; delta = 7.003843e-07 ; dt =  4667.2 sec
power : iter =    894 ; delta = 6.932313e-07 ; dt =  4672.6 sec
power : iter =    895 ; delta = 6.860657e-07 ; dt =  4678.4 sec
power : iter =    896 ; delta = 6.790564e-07 ; dt =  4683.4 sec
power : iter =    897 ; delta = 6.720374e-07 ; dt =  4688.3 sec
power : iter =    898 ; delta = 6.651752e-07 ; dt =  4693.3 sec
power : iter =    899 ; delta = 6.582974e-07 ; dt =  4698.3 sec
power : iter =    900 ; delta = 6.515754e-07 ; dt =  4703.2 sec
power : iter =    901 ; delta = 6.448421e-07 ; dt =  4708.2 sec
power : iter =    902 ; delta = 6.382551e-07 ; dt =  4713.2 sec
power : iter =    903 ; delta = 6.316595e-07 ; dt =  4718.2 sec
power : iter =    904 ; delta = 6.252107e-07 ; dt =  4723.6 sec
power : iter =    905 ; delta = 6.187478e-07 ; dt =  4728.6 sec
power : iter =    906 ; delta = 6.124308e-07 ; dt =  4733.6 sec
power : iter =    907 ; delta = 6.061037e-07 ; dt =  4738.6 sec
power : iter =    908 ; delta = 5.999135e-07 ; dt =  4744.2 sec
power : iter =    909 ; delta = 5.937158e-07 ; dt =  4749.2 sec
power : iter =    910 ; delta = 5.876555e-07 ; dt =  4754.2 sec
power : iter =    911 ; delta = 5.815823e-07 ; dt =  4759.1 sec
power : iter =    912 ; delta = 5.756457e-07 ; dt =  4764.1 sec
power : iter =    913 ; delta = 5.697001e-07 ; dt =  4769.1 sec
power : iter =    914 ; delta = 5.638827e-07 ; dt =  4774.0 sec
power : iter =    915 ; delta = 5.580586e-07 ; dt =  4779.1 sec
power : iter =    916 ; delta = 5.523631e-07 ; dt =  4785.2 sec
power : iter =    917 ; delta = 5.466561e-07 ; dt =  4790.5 sec
power : iter =    918 ; delta = 5.410769e-07 ; dt =  4795.5 sec
power : iter =    919 ; delta = 5.354896e-07 ; dt =  4800.5 sec
power : iter =    920 ; delta = 5.300225e-07 ; dt =  4806.3 sec
power : iter =    921 ; delta = 5.245494e-07 ; dt =  4811.6 sec
power : iter =    922 ; delta = 5.191969e-07 ; dt =  4816.6 sec
power : iter =    923 ; delta = 5.138338e-07 ; dt =  4821.6 sec
power : iter =    924 ; delta = 5.085905e-07 ; dt =  4826.5 sec
power : iter =    925 ; delta = 5.033399e-07 ; dt =  4831.5 sec
power : iter =    926 ; delta = 4.982019e-07 ; dt =  4836.5 sec
power : iter =    927 ; delta = 4.930586e-07 ; dt =  4841.6 sec
power : iter =    928 ; delta = 4.880282e-07 ; dt =  4847.0 sec
power : iter =    929 ; delta = 4.829883e-07 ; dt =  4851.9 sec
power : iter =    930 ; delta = 4.780605e-07 ; dt =  4856.9 sec
power : iter =    931 ; delta = 4.731263e-07 ; dt =  4861.9 sec
power : iter =    932 ; delta = 4.682974e-07 ; dt =  4866.8 sec
power : iter =    933 ; delta = 4.634640e-07 ; dt =  4871.8 sec
power : iter =    934 ; delta = 4.587363e-07 ; dt =  4876.8 sec
power : iter =    935 ; delta = 4.540000e-07 ; dt =  4881.8 sec
power : iter =    936 ; delta = 4.493687e-07 ; dt =  4886.7 sec
power : iter =    937 ; delta = 4.447316e-07 ; dt =  4891.7 sec
power : iter =    938 ; delta = 4.401933e-07 ; dt =  4896.7 sec
power : iter =    939 ; delta = 4.356510e-07 ; dt =  4901.6 sec
power : iter =    940 ; delta = 4.312076e-07 ; dt =  4906.6 sec
power : iter =    941 ; delta = 4.267566e-07 ; dt =  4911.6 sec
power : iter =    942 ; delta = 4.224039e-07 ; dt =  4916.6 sec
power : iter =    943 ; delta = 4.180461e-07 ; dt =  4921.5 sec
power : iter =    944 ; delta = 4.137807e-07 ; dt =  4926.5 sec
power : iter =    945 ; delta = 4.095119e-07 ; dt =  4931.5 sec
power : iter =    946 ; delta = 4.053358e-07 ; dt =  4937.3 sec
power : iter =    947 ; delta = 4.011528e-07 ; dt =  4942.3 sec
power : iter =    948 ; delta = 3.970619e-07 ; dt =  4947.8 sec
power : iter =    949 ; delta = 3.929664e-07 ; dt =  4952.8 sec
power : iter =    950 ; delta = 3.889576e-07 ; dt =  4958.5 sec
power : iter =    951 ; delta = 3.849458e-07 ; dt =  4963.4 sec
power : iter =    952 ; delta = 3.810208e-07 ; dt =  4969.1 sec
power : iter =    953 ; delta = 3.770896e-07 ; dt =  4974.1 sec
power : iter =    954 ; delta = 3.732446e-07 ; dt =  4979.0 sec
power : iter =    955 ; delta = 3.693957e-07 ; dt =  4984.5 sec
power : iter =    956 ; delta = 3.656279e-07 ; dt =  4989.6 sec
power : iter =    957 ; delta = 3.618575e-07 ; dt =  4994.6 sec
power : iter =    958 ; delta = 3.581685e-07 ; dt =  5000.2 sec
power : iter =    959 ; delta = 3.544739e-07 ; dt =  5005.2 sec
power : iter =    960 ; delta = 3.508600e-07 ; dt =  5010.6 sec
power : iter =    961 ; delta = 3.472427e-07 ; dt =  5015.7 sec
power : iter =    962 ; delta = 3.437014e-07 ; dt =  5020.6 sec
power : iter =    963 ; delta = 3.401579e-07 ; dt =  5025.6 sec
power : iter =    964 ; delta = 3.366906e-07 ; dt =  5030.6 sec
power : iter =    965 ; delta = 3.332183e-07 ; dt =  5036.3 sec
power : iter =    966 ; delta = 3.298216e-07 ; dt =  5041.7 sec
power : iter =    967 ; delta = 3.264219e-07 ; dt =  5046.8 sec
power : iter =    968 ; delta = 3.230934e-07 ; dt =  5052.4 sec
power : iter =    969 ; delta = 3.197631e-07 ; dt =  5057.5 sec
power : iter =    970 ; delta = 3.165041e-07 ; dt =  5062.5 sec
power : iter =    971 ; delta = 3.132407e-07 ; dt =  5067.5 sec
power : iter =    972 ; delta = 3.100481e-07 ; dt =  5072.5 sec
power : iter =    973 ; delta = 3.068530e-07 ; dt =  5077.4 sec
power : iter =    974 ; delta = 3.037245e-07 ; dt =  5082.4 sec
power : iter =    975 ; delta = 3.005945e-07 ; dt =  5087.4 sec
power : iter =    976 ; delta = 2.975313e-07 ; dt =  5092.3 sec
power : iter =    977 ; delta = 2.944642e-07 ; dt =  5097.4 sec
power : iter =    978 ; delta = 2.914635e-07 ; dt =  5102.8 sec
power : iter =    979 ; delta = 2.884605e-07 ; dt =  5107.8 sec
power : iter =    980 ; delta = 2.855199e-07 ; dt =  5112.8 sec
power : iter =    981 ; delta = 2.825782e-07 ; dt =  5117.7 sec
power : iter =    982 ; delta = 2.796990e-07 ; dt =  5123.5 sec
power : iter =    983 ; delta = 2.768163e-07 ; dt =  5128.6 sec
power : iter =    984 ; delta = 2.739957e-07 ; dt =  5134.7 sec
power : iter =    985 ; delta = 2.711733e-07 ; dt =  5140.0 sec
power : iter =    986 ; delta = 2.684093e-07 ; dt =  5145.7 sec
power : iter =    987 ; delta = 2.656445e-07 ; dt =  5150.6 sec
power : iter =    988 ; delta = 2.629382e-07 ; dt =  5155.6 sec
power : iter =    989 ; delta = 2.602289e-07 ; dt =  5160.6 sec
power : iter =    990 ; delta = 2.575777e-07 ; dt =  5165.5 sec
power : iter =    991 ; delta = 2.549250e-07 ; dt =  5170.5 sec
power : iter =    992 ; delta = 2.523270e-07 ; dt =  5175.5 sec
power : iter =    993 ; delta = 2.497284e-07 ; dt =  5180.5 sec
power : iter =    994 ; delta = 2.471846e-07 ; dt =  5186.2 sec
power : iter =    995 ; delta = 2.446382e-07 ; dt =  5191.8 sec
power : iter =    996 ; delta = 2.421462e-07 ; dt =  5196.8 sec
power : iter =    997 ; delta = 2.396529e-07 ; dt =  5202.5 sec
power : iter =    998 ; delta = 2.372109e-07 ; dt =  5207.5 sec
power : iter =    999 ; delta = 2.347685e-07 ; dt =  5212.5 sec
power : iter =   1000 ; delta = 2.323774e-07 ; dt =  5217.5 sec
power : iter =   1001 ; delta = 2.299840e-07 ; dt =  5222.4 sec
power : iter =   1002 ; delta = 2.276416e-07 ; dt =  5228.8 sec
power : iter =   1003 ; delta = 2.252982e-07 ; dt =  5233.8 sec
power : iter =   1004 ; delta = 2.230028e-07 ; dt =  5238.8 sec
power : iter =   1005 ; delta = 2.207071e-07 ; dt =  5243.8 sec
power : iter =   1006 ; delta = 2.184595e-07 ; dt =  5249.3 sec
power : iter =   1007 ; delta = 2.162099e-07 ; dt =  5254.3 sec
power : iter =   1008 ; delta = 2.140081e-07 ; dt =  5259.9 sec
power : iter =   1009 ; delta = 2.118055e-07 ; dt =  5264.8 sec
power : iter =   1010 ; delta = 2.096478e-07 ; dt =  5269.8 sec
power : iter =   1011 ; delta = 2.074901e-07 ; dt =  5275.6 sec
power : iter =   1012 ; delta = 2.053774e-07 ; dt =  5281.0 sec
power : iter =   1013 ; delta = 2.032629e-07 ; dt =  5286.1 sec
power : iter =   1014 ; delta = 2.011932e-07 ; dt =  5291.0 sec
power : iter =   1015 ; delta = 1.991229e-07 ; dt =  5296.0 sec
power : iter =   1016 ; delta = 1.970947e-07 ; dt =  5301.0 sec
power : iter =   1017 ; delta = 1.950665e-07 ; dt =  5306.8 sec
power : iter =   1018 ; delta = 1.930806e-07 ; dt =  5311.7 sec
power : iter =   1019 ; delta = 1.910931e-07 ; dt =  5317.2 sec
power : iter =   1020 ; delta = 1.891476e-07 ; dt =  5322.2 sec
power : iter =   1021 ; delta = 1.872016e-07 ; dt =  5327.9 sec
power : iter =   1022 ; delta = 1.852950e-07 ; dt =  5332.8 sec
power : iter =   1023 ; delta = 1.833887e-07 ; dt =  5337.8 sec
power : iter =   1024 ; delta = 1.815220e-07 ; dt =  5342.8 sec
power : iter =   1025 ; delta = 1.796539e-07 ; dt =  5347.8 sec
power : iter =   1026 ; delta = 1.778252e-07 ; dt =  5352.7 sec
power : iter =   1027 ; delta = 1.759961e-07 ; dt =  5358.5 sec
power : iter =   1028 ; delta = 1.742040e-07 ; dt =  5363.5 sec
power : iter =   1029 ; delta = 1.724123e-07 ; dt =  5368.5 sec
power : iter =   1030 ; delta = 1.706575e-07 ; dt =  5373.4 sec
power : iter =   1031 ; delta = 1.689017e-07 ; dt =  5378.4 sec
power : iter =   1032 ; delta = 1.671826e-07 ; dt =  5383.4 sec
power : iter =   1033 ; delta = 1.654634e-07 ; dt =  5389.0 sec
power : iter =   1034 ; delta = 1.637788e-07 ; dt =  5394.0 sec
power : iter =   1035 ; delta = 1.620946e-07 ; dt =  5399.0 sec
power : iter =   1036 ; delta = 1.604450e-07 ; dt =  5404.6 sec
power : iter =   1037 ; delta = 1.587946e-07 ; dt =  5409.6 sec
power : iter =   1038 ; delta = 1.571786e-07 ; dt =  5414.6 sec
power : iter =   1039 ; delta = 1.555625e-07 ; dt =  5419.5 sec
power : iter =   1040 ; delta = 1.539789e-07 ; dt =  5424.5 sec
power : iter =   1041 ; delta = 1.523958e-07 ; dt =  5429.5 sec
power : iter =   1042 ; delta = 1.508451e-07 ; dt =  5434.5 sec
power : iter =   1043 ; delta = 1.492937e-07 ; dt =  5440.1 sec
power : iter =   1044 ; delta = 1.477746e-07 ; dt =  5445.8 sec
power : iter =   1045 ; delta = 1.462555e-07 ; dt =  5450.9 sec
power : iter =   1046 ; delta = 1.447668e-07 ; dt =  5455.8 sec
power : iter =   1047 ; delta = 1.432786e-07 ; dt =  5460.8 sec
power : iter =   1048 ; delta = 1.418209e-07 ; dt =  5466.5 sec
power : iter =   1049 ; delta = 1.403626e-07 ; dt =  5471.5 sec
power : iter =   1050 ; delta = 1.389345e-07 ; dt =  5477.3 sec
power : iter =   1051 ; delta = 1.375066e-07 ; dt =  5482.3 sec
power : iter =   1052 ; delta = 1.361071e-07 ; dt =  5487.2 sec
power : iter =   1053 ; delta = 1.347082e-07 ; dt =  5492.2 sec
power : iter =   1054 ; delta = 1.333379e-07 ; dt =  5497.2 sec
power : iter =   1055 ; delta = 1.319671e-07 ; dt =  5502.2 sec
power : iter =   1056 ; delta = 1.306245e-07 ; dt =  5507.1 sec
power : iter =   1057 ; delta = 1.292823e-07 ; dt =  5512.1 sec
power : iter =   1058 ; delta = 1.279666e-07 ; dt =  5517.9 sec
power : iter =   1059 ; delta = 1.266517e-07 ; dt =  5523.2 sec
power : iter =   1060 ; delta = 1.253634e-07 ; dt =  5528.3 sec
power : iter =   1061 ; delta = 1.240748e-07 ; dt =  5533.3 sec
power : iter =   1062 ; delta = 1.228127e-07 ; dt =  5538.9 sec
power : iter =   1063 ; delta = 1.215510e-07 ; dt =  5543.9 sec
power : iter =   1064 ; delta = 1.203142e-07 ; dt =  5548.9 sec
power : iter =   1065 ; delta = 1.190781e-07 ; dt =  5553.9 sec
power : iter =   1066 ; delta = 1.178670e-07 ; dt =  5558.8 sec
power : iter =   1067 ; delta = 1.166557e-07 ; dt =  5563.8 sec
power : iter =   1068 ; delta = 1.154692e-07 ; dt =  5568.8 sec
power : iter =   1069 ; delta = 1.142831e-07 ; dt =  5573.8 sec
power : iter =   1070 ; delta = 1.131203e-07 ; dt =  5578.7 sec
power : iter =   1071 ; delta = 1.119584e-07 ; dt =  5584.5 sec
power : iter =   1072 ; delta = 1.108198e-07 ; dt =  5589.5 sec
power : iter =   1073 ; delta = 1.096811e-07 ; dt =  5594.4 sec
power : iter =   1074 ; delta = 1.085657e-07 ; dt =  5600.1 sec
power : iter =   1075 ; delta = 1.074507e-07 ; dt =  5605.5 sec
power : iter =   1076 ; delta = 1.063576e-07 ; dt =  5610.5 sec
power : iter =   1077 ; delta = 1.052653e-07 ; dt =  5615.5 sec
power : iter =   1078 ; delta = 1.041949e-07 ; dt =  5620.4 sec
power : iter =   1079 ; delta = 1.031245e-07 ; dt =  5626.1 sec
power : iter =   1080 ; delta = 1.020758e-07 ; dt =  5631.1 sec
power : iter =   1081 ; delta = 1.010277e-07 ; dt =  5636.1 sec
power : iter =   1082 ; delta = 1.000000e-07 ; dt =  5641.0 sec
power : iter =   1083 ; delta = 9.897319e-08 ; dt =  5646.0 sec
power : solved pagerank(a=0.9900) in  1083 mults to 1.000000e-07 tol
output norm: 1.0000000000000000e+00
