Parameters: 
   graphfile = /var/tmp/dgleich/data/arabic-2005
      output = none
         alg = inout
       alpha = 0.99
         tol = 1e-07
       maxit = 10000

nodes = 22744080
edges = 639999458
inout(0.9900,0.5000,1.000000e-02) with tol=1.000000e-07 and maxit= 10000 iterations
inout (outer) : iter =      1 ; odelta = 2.977122e-01 ; dt =    42.5; nmult =      5
inout (outer) : iter =      2 ; odelta = 1.071579e-01 ; dt =    67.8; nmult =      8
inout (outer) : iter =      3 ; odelta = 6.144102e-02 ; dt =    93.1; nmult =     11
inout (outer) : iter =      4 ; odelta = 4.466946e-02 ; dt =   118.3; nmult =     14
inout (outer) : iter =      5 ; odelta = 3.653757e-02 ; dt =   135.2; nmult =     16
inout (outer) : iter =      6 ; odelta = 3.104329e-02 ; dt =   152.2; nmult =     18
inout (outer) : iter =      7 ; odelta = 2.702434e-02 ; dt =   169.1; nmult =     20
inout (outer) : iter =      8 ; odelta = 2.391021e-02 ; dt =   186.0; nmult =     22
inout (outer) : iter =      9 ; odelta = 2.140974e-02 ; dt =   202.9; nmult =     24
inout (outer) : iter =     10 ; odelta = 1.936273e-02 ; dt =   219.8; nmult =     26
inout (outer) : iter =     11 ; odelta = 1.819144e-02 ; dt =   228.4; nmult =     27
inout (power) : iter =     12 ; odelta = 1.714206e-02 ; dt =   237.1; nmult =     28
inout (power) : iter =     13 ; odelta = 1.619714e-02 ; dt =   245.7; nmult =     29
inout (power) : iter =     14 ; odelta = 1.534689e-02 ; dt =   254.2; nmult =     30
inout (power) : iter =     15 ; odelta = 1.457000e-02 ; dt =   262.7; nmult =     31
inout (power) : iter =     16 ; odelta = 1.385992e-02 ; dt =   271.2; nmult =     32
inout (power) : iter =     17 ; odelta = 1.320571e-02 ; dt =   279.8; nmult =     33
inout (power) : iter =     18 ; odelta = 1.260077e-02 ; dt =   288.3; nmult =     34
inout (power) : iter =     19 ; odelta = 1.203949e-02 ; dt =   296.8; nmult =     35
inout (power) : iter =     20 ; odelta = 1.151783e-02 ; dt =   305.3; nmult =     36
inout (power) : iter =     21 ; odelta = 1.103224e-02 ; dt =   313.8; nmult =     37
inout (power) : iter =     22 ; odelta = 1.057891e-02 ; dt =   322.4; nmult =     38
inout (power) : iter =     23 ; odelta = 1.015435e-02 ; dt =   330.9; nmult =     39
inout (power) : iter =     24 ; odelta = 9.756322e-03 ; dt =   339.4; nmult =     40
inout (power) : iter =     25 ; odelta = 9.382652e-03 ; dt =   347.9; nmult =     41
inout (power) : iter =     26 ; odelta = 9.032118e-03 ; dt =   356.5; nmult =     42
inout (power) : iter =     27 ; odelta = 8.702061e-03 ; dt =   365.0; nmult =     43
inout (power) : iter =     28 ; odelta = 8.390977e-03 ; dt =   373.5; nmult =     44
inout (power) : iter =     29 ; odelta = 8.097335e-03 ; dt =   382.0; nmult =     45
inout (power) : iter =     30 ; odelta = 7.819534e-03 ; dt =   390.6; nmult =     46
inout (power) : iter =     31 ; odelta = 7.555712e-03 ; dt =   399.1; nmult =     47
inout (power) : iter =     32 ; odelta = 7.305416e-03 ; dt =   407.6; nmult =     48
inout (power) : iter =     33 ; odelta = 7.067612e-03 ; dt =   416.1; nmult =     49
inout (power) : iter =     34 ; odelta = 6.841125e-03 ; dt =   424.7; nmult =     50
inout (power) : iter =     35 ; odelta = 6.625439e-03 ; dt =   433.2; nmult =     51
inout (power) : iter =     36 ; odelta = 6.420178e-03 ; dt =   441.7; nmult =     52
inout (power) : iter =     37 ; odelta = 6.224521e-03 ; dt =   450.2; nmult =     53
inout (power) : iter =     38 ; odelta = 6.039135e-03 ; dt =   458.7; nmult =     54
inout (power) : iter =     39 ; odelta = 5.862011e-03 ; dt =   467.3; nmult =     55
inout (power) : iter =     40 ; odelta = 5.692559e-03 ; dt =   475.8; nmult =     56
inout (power) : iter =     41 ; odelta = 5.530246e-03 ; dt =   484.3; nmult =     57
inout (power) : iter =     42 ; odelta = 5.374777e-03 ; dt =   492.8; nmult =     58
inout (power) : iter =     43 ; odelta = 5.225633e-03 ; dt =   501.4; nmult =     59
inout (power) : iter =     44 ; odelta = 5.082468e-03 ; dt =   509.9; nmult =     60
inout (power) : iter =     45 ; odelta = 4.944861e-03 ; dt =   518.4; nmult =     61
inout (power) : iter =     46 ; odelta = 4.812577e-03 ; dt =   526.9; nmult =     62
inout (power) : iter =     47 ; odelta = 4.685226e-03 ; dt =   535.5; nmult =     63
inout (power) : iter =     48 ; odelta = 4.562429e-03 ; dt =   544.0; nmult =     64
inout (power) : iter =     49 ; odelta = 4.443901e-03 ; dt =   552.5; nmult =     65
inout (power) : iter =     50 ; odelta = 4.329613e-03 ; dt =   561.0; nmult =     66
inout (power) : iter =     51 ; odelta = 4.219537e-03 ; dt =   569.5; nmult =     67
inout (power) : iter =     52 ; odelta = 4.113565e-03 ; dt =   578.1; nmult =     68
inout (power) : iter =     53 ; odelta = 4.011382e-03 ; dt =   586.6; nmult =     69
inout (power) : iter =     54 ; odelta = 3.912650e-03 ; dt =   595.1; nmult =     70
inout (power) : iter =     55 ; odelta = 3.817432e-03 ; dt =   603.6; nmult =     71
inout (power) : iter =     56 ; odelta = 3.725678e-03 ; dt =   612.2; nmult =     72
inout (power) : iter =     57 ; odelta = 3.636929e-03 ; dt =   620.7; nmult =     73
inout (power) : iter =     58 ; odelta = 3.551207e-03 ; dt =   629.2; nmult =     74
inout (power) : iter =     59 ; odelta = 3.468302e-03 ; dt =   637.7; nmult =     75
inout (power) : iter =     60 ; odelta = 3.387920e-03 ; dt =   646.2; nmult =     76
inout (power) : iter =     61 ; odelta = 3.309970e-03 ; dt =   654.8; nmult =     77
inout (power) : iter =     62 ; odelta = 3.234317e-03 ; dt =   663.3; nmult =     78
inout (power) : iter =     63 ; odelta = 3.160927e-03 ; dt =   671.8; nmult =     79
inout (power) : iter =     64 ; odelta = 3.089757e-03 ; dt =   680.3; nmult =     80
inout (power) : iter =     65 ; odelta = 3.020656e-03 ; dt =   688.9; nmult =     81
inout (power) : iter =     66 ; odelta = 2.953597e-03 ; dt =   697.4; nmult =     82
inout (power) : iter =     67 ; odelta = 2.888426e-03 ; dt =   705.9; nmult =     83
inout (power) : iter =     68 ; odelta = 2.825123e-03 ; dt =   714.4; nmult =     84
inout (power) : iter =     69 ; odelta = 2.763791e-03 ; dt =   723.0; nmult =     85
inout (power) : iter =     70 ; odelta = 2.704372e-03 ; dt =   731.5; nmult =     86
inout (power) : iter =     71 ; odelta = 2.646648e-03 ; dt =   740.0; nmult =     87
inout (power) : iter =     72 ; odelta = 2.590511e-03 ; dt =   748.5; nmult =     88
inout (power) : iter =     73 ; odelta = 2.535954e-03 ; dt =   757.1; nmult =     89
inout (power) : iter =     74 ; odelta = 2.482830e-03 ; dt =   765.6; nmult =     90
inout (power) : iter =     75 ; odelta = 2.431113e-03 ; dt =   774.1; nmult =     91
inout (power) : iter =     76 ; odelta = 2.380798e-03 ; dt =   782.6; nmult =     92
inout (power) : iter =     77 ; odelta = 2.331808e-03 ; dt =   791.1; nmult =     93
inout (power) : iter =     78 ; odelta = 2.284078e-03 ; dt =   799.7; nmult =     94
inout (power) : iter =     79 ; odelta = 2.237568e-03 ; dt =   808.2; nmult =     95
inout (power) : iter =     80 ; odelta = 2.192210e-03 ; dt =   816.7; nmult =     96
inout (power) : iter =     81 ; odelta = 2.148031e-03 ; dt =   825.2; nmult =     97
inout (power) : iter =     82 ; odelta = 2.105012e-03 ; dt =   833.8; nmult =     98
inout (power) : iter =     83 ; odelta = 2.063098e-03 ; dt =   842.3; nmult =     99
inout (power) : iter =     84 ; odelta = 2.022260e-03 ; dt =   850.8; nmult =    100
inout (power) : iter =     85 ; odelta = 1.982509e-03 ; dt =   859.3; nmult =    101
inout (power) : iter =     86 ; odelta = 1.943712e-03 ; dt =   867.8; nmult =    102
inout (power) : iter =     87 ; odelta = 1.905825e-03 ; dt =   876.4; nmult =    103
inout (power) : iter =     88 ; odelta = 1.868836e-03 ; dt =   884.9; nmult =    104
inout (power) : iter =     89 ; odelta = 1.832722e-03 ; dt =   893.4; nmult =    105
inout (power) : iter =     90 ; odelta = 1.797470e-03 ; dt =   901.9; nmult =    106
inout (power) : iter =     91 ; odelta = 1.763043e-03 ; dt =   910.5; nmult =    107
inout (power) : iter =     92 ; odelta = 1.729390e-03 ; dt =   919.0; nmult =    108
inout (power) : iter =     93 ; odelta = 1.696512e-03 ; dt =   927.5; nmult =    109
inout (power) : iter =     94 ; odelta = 1.664387e-03 ; dt =   936.0; nmult =    110
inout (power) : iter =     95 ; odelta = 1.633005e-03 ; dt =   944.6; nmult =    111
inout (power) : iter =     96 ; odelta = 1.602358e-03 ; dt =   953.1; nmult =    112
inout (power) : iter =     97 ; odelta = 1.572396e-03 ; dt =   961.6; nmult =    113
inout (power) : iter =     98 ; odelta = 1.543116e-03 ; dt =   970.1; nmult =    114
inout (power) : iter =     99 ; odelta = 1.514546e-03 ; dt =   978.7; nmult =    115
inout (power) : iter =    100 ; odelta = 1.486636e-03 ; dt =   987.2; nmult =    116
inout (power) : iter =    101 ; odelta = 1.459380e-03 ; dt =   995.7; nmult =    117
inout (power) : iter =    102 ; odelta = 1.432776e-03 ; dt =  1004.2; nmult =    118
inout (power) : iter =    103 ; odelta = 1.406833e-03 ; dt =  1012.7; nmult =    119
inout (power) : iter =    104 ; odelta = 1.381499e-03 ; dt =  1021.3; nmult =    120
inout (power) : iter =    105 ; odelta = 1.356743e-03 ; dt =  1029.8; nmult =    121
inout (power) : iter =    106 ; odelta = 1.332541e-03 ; dt =  1038.3; nmult =    122
inout (power) : iter =    107 ; odelta = 1.308874e-03 ; dt =  1046.8; nmult =    123
inout (power) : iter =    108 ; odelta = 1.285723e-03 ; dt =  1055.4; nmult =    124
inout (power) : iter =    109 ; odelta = 1.263077e-03 ; dt =  1063.9; nmult =    125
inout (power) : iter =    110 ; odelta = 1.240899e-03 ; dt =  1072.4; nmult =    126
inout (power) : iter =    111 ; odelta = 1.219169e-03 ; dt =  1080.9; nmult =    127
inout (power) : iter =    112 ; odelta = 1.197885e-03 ; dt =  1089.5; nmult =    128
inout (power) : iter =    113 ; odelta = 1.177044e-03 ; dt =  1098.0; nmult =    129
inout (power) : iter =    114 ; odelta = 1.156617e-03 ; dt =  1106.5; nmult =    130
inout (power) : iter =    115 ; odelta = 1.136607e-03 ; dt =  1115.0; nmult =    131
inout (power) : iter =    116 ; odelta = 1.117011e-03 ; dt =  1123.5; nmult =    132
inout (power) : iter =    117 ; odelta = 1.097812e-03 ; dt =  1132.1; nmult =    133
inout (power) : iter =    118 ; odelta = 1.078999e-03 ; dt =  1140.6; nmult =    134
inout (power) : iter =    119 ; odelta = 1.060573e-03 ; dt =  1149.1; nmult =    135
inout (power) : iter =    120 ; odelta = 1.042503e-03 ; dt =  1157.6; nmult =    136
inout (power) : iter =    121 ; odelta = 1.024793e-03 ; dt =  1166.2; nmult =    137
inout (power) : iter =    122 ; odelta = 1.007438e-03 ; dt =  1174.7; nmult =    138
inout (power) : iter =    123 ; odelta = 9.904208e-04 ; dt =  1183.2; nmult =    139
inout (power) : iter =    124 ; odelta = 9.737342e-04 ; dt =  1191.7; nmult =    140
inout (power) : iter =    125 ; odelta = 9.573778e-04 ; dt =  1200.3; nmult =    141
inout (power) : iter =    126 ; odelta = 9.413415e-04 ; dt =  1208.8; nmult =    142
inout (power) : iter =    127 ; odelta = 9.256168e-04 ; dt =  1217.3; nmult =    143
inout (power) : iter =    128 ; odelta = 9.101921e-04 ; dt =  1225.8; nmult =    144
inout (power) : iter =    129 ; odelta = 8.950544e-04 ; dt =  1234.4; nmult =    145
inout (power) : iter =    130 ; odelta = 8.802055e-04 ; dt =  1242.9; nmult =    146
inout (power) : iter =    131 ; odelta = 8.656328e-04 ; dt =  1251.4; nmult =    147
inout (power) : iter =    132 ; odelta = 8.513279e-04 ; dt =  1260.5; nmult =    148
inout (power) : iter =    133 ; odelta = 8.372858e-04 ; dt =  1269.0; nmult =    149
inout (power) : iter =    134 ; odelta = 8.235159e-04 ; dt =  1277.5; nmult =    150
inout (power) : iter =    135 ; odelta = 8.100032e-04 ; dt =  1286.1; nmult =    151
inout (power) : iter =    136 ; odelta = 7.967503e-04 ; dt =  1294.6; nmult =    152
inout (power) : iter =    137 ; odelta = 7.837507e-04 ; dt =  1303.1; nmult =    153
inout (power) : iter =    138 ; odelta = 7.709958e-04 ; dt =  1311.6; nmult =    154
inout (power) : iter =    139 ; odelta = 7.584733e-04 ; dt =  1320.2; nmult =    155
inout (power) : iter =    140 ; odelta = 7.461784e-04 ; dt =  1328.7; nmult =    156
inout (power) : iter =    141 ; odelta = 7.341125e-04 ; dt =  1337.2; nmult =    157
inout (power) : iter =    142 ; odelta = 7.222704e-04 ; dt =  1345.7; nmult =    158
inout (power) : iter =    143 ; odelta = 7.106477e-04 ; dt =  1354.2; nmult =    159
inout (power) : iter =    144 ; odelta = 6.992410e-04 ; dt =  1362.8; nmult =    160
inout (power) : iter =    145 ; odelta = 6.880417e-04 ; dt =  1371.3; nmult =    161
inout (power) : iter =    146 ; odelta = 6.770514e-04 ; dt =  1379.8; nmult =    162
inout (power) : iter =    147 ; odelta = 6.662535e-04 ; dt =  1388.3; nmult =    163
inout (power) : iter =    148 ; odelta = 6.556459e-04 ; dt =  1396.9; nmult =    164
inout (power) : iter =    149 ; odelta = 6.452277e-04 ; dt =  1405.4; nmult =    165
inout (power) : iter =    150 ; odelta = 6.349974e-04 ; dt =  1413.9; nmult =    166
inout (power) : iter =    151 ; odelta = 6.249514e-04 ; dt =  1422.4; nmult =    167
inout (power) : iter =    152 ; odelta = 6.150791e-04 ; dt =  1430.9; nmult =    168
inout (power) : iter =    153 ; odelta = 6.053763e-04 ; dt =  1439.5; nmult =    169
inout (power) : iter =    154 ; odelta = 5.958398e-04 ; dt =  1448.0; nmult =    170
inout (power) : iter =    155 ; odelta = 5.864682e-04 ; dt =  1456.5; nmult =    171
inout (power) : iter =    156 ; odelta = 5.772574e-04 ; dt =  1465.0; nmult =    172
inout (power) : iter =    157 ; odelta = 5.682045e-04 ; dt =  1473.6; nmult =    173
inout (power) : iter =    158 ; odelta = 5.593076e-04 ; dt =  1482.1; nmult =    174
inout (power) : iter =    159 ; odelta = 5.505669e-04 ; dt =  1490.6; nmult =    175
inout (power) : iter =    160 ; odelta = 5.419855e-04 ; dt =  1499.1; nmult =    176
inout (power) : iter =    161 ; odelta = 5.335587e-04 ; dt =  1507.7; nmult =    177
inout (power) : iter =    162 ; odelta = 5.252790e-04 ; dt =  1516.2; nmult =    178
inout (power) : iter =    163 ; odelta = 5.171456e-04 ; dt =  1524.7; nmult =    179
inout (power) : iter =    164 ; odelta = 5.091521e-04 ; dt =  1533.2; nmult =    180
inout (power) : iter =    165 ; odelta = 5.013009e-04 ; dt =  1541.8; nmult =    181
inout (power) : iter =    166 ; odelta = 4.935827e-04 ; dt =  1550.3; nmult =    182
inout (power) : iter =    167 ; odelta = 4.860002e-04 ; dt =  1558.8; nmult =    183
inout (power) : iter =    168 ; odelta = 4.785474e-04 ; dt =  1567.3; nmult =    184
inout (power) : iter =    169 ; odelta = 4.712268e-04 ; dt =  1575.9; nmult =    185
inout (power) : iter =    170 ; odelta = 4.640287e-04 ; dt =  1584.4; nmult =    186
inout (power) : iter =    171 ; odelta = 4.569556e-04 ; dt =  1592.9; nmult =    187
inout (power) : iter =    172 ; odelta = 4.500027e-04 ; dt =  1601.4; nmult =    188
inout (power) : iter =    173 ; odelta = 4.431687e-04 ; dt =  1609.9; nmult =    189
inout (power) : iter =    174 ; odelta = 4.364486e-04 ; dt =  1618.5; nmult =    190
inout (power) : iter =    175 ; odelta = 4.298445e-04 ; dt =  1627.0; nmult =    191
inout (power) : iter =    176 ; odelta = 4.233509e-04 ; dt =  1635.5; nmult =    192
inout (power) : iter =    177 ; odelta = 4.169640e-04 ; dt =  1644.0; nmult =    193
inout (power) : iter =    178 ; odelta = 4.106823e-04 ; dt =  1652.6; nmult =    194
inout (power) : iter =    179 ; odelta = 4.045022e-04 ; dt =  1661.1; nmult =    195
inout (power) : iter =    180 ; odelta = 3.984250e-04 ; dt =  1669.6; nmult =    196
inout (power) : iter =    181 ; odelta = 3.924494e-04 ; dt =  1678.2; nmult =    197
inout (power) : iter =    182 ; odelta = 3.865726e-04 ; dt =  1686.7; nmult =    198
inout (power) : iter =    183 ; odelta = 3.807911e-04 ; dt =  1695.2; nmult =    199
inout (power) : iter =    184 ; odelta = 3.751028e-04 ; dt =  1703.7; nmult =    200
inout (power) : iter =    185 ; odelta = 3.695056e-04 ; dt =  1712.3; nmult =    201
inout (power) : iter =    186 ; odelta = 3.639974e-04 ; dt =  1720.8; nmult =    202
inout (power) : iter =    187 ; odelta = 3.585773e-04 ; dt =  1729.3; nmult =    203
inout (power) : iter =    188 ; odelta = 3.532442e-04 ; dt =  1737.8; nmult =    204
inout (power) : iter =    189 ; odelta = 3.479959e-04 ; dt =  1746.4; nmult =    205
inout (power) : iter =    190 ; odelta = 3.428307e-04 ; dt =  1754.9; nmult =    206
inout (power) : iter =    191 ; odelta = 3.377467e-04 ; dt =  1763.4; nmult =    207
inout (power) : iter =    192 ; odelta = 3.327434e-04 ; dt =  1771.9; nmult =    208
inout (power) : iter =    193 ; odelta = 3.278192e-04 ; dt =  1780.5; nmult =    209
inout (power) : iter =    194 ; odelta = 3.229730e-04 ; dt =  1789.0; nmult =    210
inout (power) : iter =    195 ; odelta = 3.182036e-04 ; dt =  1797.5; nmult =    211
inout (power) : iter =    196 ; odelta = 3.135095e-04 ; dt =  1806.0; nmult =    212
inout (power) : iter =    197 ; odelta = 3.088903e-04 ; dt =  1814.6; nmult =    213
inout (power) : iter =    198 ; odelta = 3.043466e-04 ; dt =  1823.1; nmult =    214
inout (power) : iter =    199 ; odelta = 2.998743e-04 ; dt =  1831.6; nmult =    215
inout (power) : iter =    200 ; odelta = 2.954719e-04 ; dt =  1840.1; nmult =    216
inout (power) : iter =    201 ; odelta = 2.911382e-04 ; dt =  1848.7; nmult =    217
inout (power) : iter =    202 ; odelta = 2.868724e-04 ; dt =  1857.2; nmult =    218
inout (power) : iter =    203 ; odelta = 2.826737e-04 ; dt =  1865.7; nmult =    219
inout (power) : iter =    204 ; odelta = 2.785415e-04 ; dt =  1874.3; nmult =    220
inout (power) : iter =    205 ; odelta = 2.744766e-04 ; dt =  1882.8; nmult =    221
inout (power) : iter =    206 ; odelta = 2.704768e-04 ; dt =  1891.3; nmult =    222
inout (power) : iter =    207 ; odelta = 2.665392e-04 ; dt =  1899.8; nmult =    223
inout (power) : iter =    208 ; odelta = 2.626622e-04 ; dt =  1908.4; nmult =    224
inout (power) : iter =    209 ; odelta = 2.588450e-04 ; dt =  1916.9; nmult =    225
inout (power) : iter =    210 ; odelta = 2.550871e-04 ; dt =  1925.4; nmult =    226
inout (power) : iter =    211 ; odelta = 2.513873e-04 ; dt =  1934.0; nmult =    227
inout (power) : iter =    212 ; odelta = 2.477444e-04 ; dt =  1942.5; nmult =    228
inout (power) : iter =    213 ; odelta = 2.441578e-04 ; dt =  1951.0; nmult =    229
inout (power) : iter =    214 ; odelta = 2.406281e-04 ; dt =  1959.5; nmult =    230
inout (power) : iter =    215 ; odelta = 2.371528e-04 ; dt =  1968.1; nmult =    231
inout (power) : iter =    216 ; odelta = 2.337310e-04 ; dt =  1976.6; nmult =    232
inout (power) : iter =    217 ; odelta = 2.303619e-04 ; dt =  1985.1; nmult =    233
inout (power) : iter =    218 ; odelta = 2.270445e-04 ; dt =  1993.6; nmult =    234
inout (power) : iter =    219 ; odelta = 2.237775e-04 ; dt =  2002.2; nmult =    235
inout (power) : iter =    220 ; odelta = 2.205600e-04 ; dt =  2010.7; nmult =    236
inout (power) : iter =    221 ; odelta = 2.173914e-04 ; dt =  2019.2; nmult =    237
inout (power) : iter =    222 ; odelta = 2.142709e-04 ; dt =  2027.7; nmult =    238
inout (power) : iter =    223 ; odelta = 2.111973e-04 ; dt =  2036.3; nmult =    239
inout (power) : iter =    224 ; odelta = 2.081705e-04 ; dt =  2044.8; nmult =    240
inout (power) : iter =    225 ; odelta = 2.051891e-04 ; dt =  2053.3; nmult =    241
inout (power) : iter =    226 ; odelta = 2.022525e-04 ; dt =  2061.8; nmult =    242
inout (power) : iter =    227 ; odelta = 1.993598e-04 ; dt =  2070.4; nmult =    243
inout (power) : iter =    228 ; odelta = 1.965106e-04 ; dt =  2078.9; nmult =    244
inout (power) : iter =    229 ; odelta = 1.937043e-04 ; dt =  2087.4; nmult =    245
inout (power) : iter =    230 ; odelta = 1.909405e-04 ; dt =  2096.0; nmult =    246
inout (power) : iter =    231 ; odelta = 1.882185e-04 ; dt =  2104.5; nmult =    247
inout (power) : iter =    232 ; odelta = 1.855372e-04 ; dt =  2113.0; nmult =    248
inout (power) : iter =    233 ; odelta = 1.828958e-04 ; dt =  2121.5; nmult =    249
inout (power) : iter =    234 ; odelta = 1.802939e-04 ; dt =  2130.1; nmult =    250
inout (power) : iter =    235 ; odelta = 1.777307e-04 ; dt =  2138.6; nmult =    251
inout (power) : iter =    236 ; odelta = 1.752057e-04 ; dt =  2147.1; nmult =    252
inout (power) : iter =    237 ; odelta = 1.727184e-04 ; dt =  2155.6; nmult =    253
inout (power) : iter =    238 ; odelta = 1.702685e-04 ; dt =  2164.2; nmult =    254
inout (power) : iter =    239 ; odelta = 1.678552e-04 ; dt =  2172.7; nmult =    255
inout (power) : iter =    240 ; odelta = 1.654776e-04 ; dt =  2181.2; nmult =    256
inout (power) : iter =    241 ; odelta = 1.631352e-04 ; dt =  2189.7; nmult =    257
inout (power) : iter =    242 ; odelta = 1.608277e-04 ; dt =  2198.3; nmult =    258
inout (power) : iter =    243 ; odelta = 1.585544e-04 ; dt =  2206.8; nmult =    259
inout (power) : iter =    244 ; odelta = 1.563147e-04 ; dt =  2215.3; nmult =    260
inout (power) : iter =    245 ; odelta = 1.541094e-04 ; dt =  2223.8; nmult =    261
inout (power) : iter =    246 ; odelta = 1.519372e-04 ; dt =  2232.4; nmult =    262
inout (power) : iter =    247 ; odelta = 1.497977e-04 ; dt =  2240.9; nmult =    263
inout (power) : iter =    248 ; odelta = 1.476901e-04 ; dt =  2249.4; nmult =    264
inout (power) : iter =    249 ; odelta = 1.456138e-04 ; dt =  2257.9; nmult =    265
inout (power) : iter =    250 ; odelta = 1.435681e-04 ; dt =  2266.5; nmult =    266
inout (power) : iter =    251 ; odelta = 1.415527e-04 ; dt =  2275.0; nmult =    267
inout (power) : iter =    252 ; odelta = 1.395671e-04 ; dt =  2283.5; nmult =    268
inout (power) : iter =    253 ; odelta = 1.376108e-04 ; dt =  2292.1; nmult =    269
inout (power) : iter =    254 ; odelta = 1.356857e-04 ; dt =  2300.6; nmult =    270
inout (power) : iter =    255 ; odelta = 1.337893e-04 ; dt =  2309.1; nmult =    271
inout (power) : iter =    256 ; odelta = 1.319206e-04 ; dt =  2317.6; nmult =    272
inout (power) : iter =    257 ; odelta = 1.300792e-04 ; dt =  2326.2; nmult =    273
inout (power) : iter =    258 ; odelta = 1.282649e-04 ; dt =  2334.7; nmult =    274
inout (power) : iter =    259 ; odelta = 1.264772e-04 ; dt =  2343.2; nmult =    275
inout (power) : iter =    260 ; odelta = 1.247157e-04 ; dt =  2351.7; nmult =    276
inout (power) : iter =    261 ; odelta = 1.229800e-04 ; dt =  2360.3; nmult =    277
inout (power) : iter =    262 ; odelta = 1.212696e-04 ; dt =  2368.8; nmult =    278
inout (power) : iter =    263 ; odelta = 1.195841e-04 ; dt =  2377.3; nmult =    279
inout (power) : iter =    264 ; odelta = 1.179232e-04 ; dt =  2385.9; nmult =    280
inout (power) : iter =    265 ; odelta = 1.162863e-04 ; dt =  2394.4; nmult =    281
inout (power) : iter =    266 ; odelta = 1.146733e-04 ; dt =  2402.9; nmult =    282
inout (power) : iter =    267 ; odelta = 1.130838e-04 ; dt =  2411.4; nmult =    283
inout (power) : iter =    268 ; odelta = 1.115174e-04 ; dt =  2420.0; nmult =    284
inout (power) : iter =    269 ; odelta = 1.099735e-04 ; dt =  2428.5; nmult =    285
inout (power) : iter =    270 ; odelta = 1.084520e-04 ; dt =  2437.0; nmult =    286
inout (power) : iter =    271 ; odelta = 1.069525e-04 ; dt =  2445.5; nmult =    287
inout (power) : iter =    272 ; odelta = 1.054748e-04 ; dt =  2454.1; nmult =    288
inout (power) : iter =    273 ; odelta = 1.040184e-04 ; dt =  2462.6; nmult =    289
inout (power) : iter =    274 ; odelta = 1.025830e-04 ; dt =  2471.1; nmult =    290
inout (power) : iter =    275 ; odelta = 1.011681e-04 ; dt =  2479.7; nmult =    291
inout (power) : iter =    276 ; odelta = 9.977372e-05 ; dt =  2488.2; nmult =    292
inout (power) : iter =    277 ; odelta = 9.839932e-05 ; dt =  2496.7; nmult =    293
inout (power) : iter =    278 ; odelta = 9.704452e-05 ; dt =  2505.2; nmult =    294
inout (power) : iter =    279 ; odelta = 9.570909e-05 ; dt =  2513.8; nmult =    295
inout (power) : iter =    280 ; odelta = 9.439276e-05 ; dt =  2522.3; nmult =    296
inout (power) : iter =    281 ; odelta = 9.309537e-05 ; dt =  2530.8; nmult =    297
inout (power) : iter =    282 ; odelta = 9.181739e-05 ; dt =  2539.3; nmult =    298
inout (power) : iter =    283 ; odelta = 9.055842e-05 ; dt =  2547.9; nmult =    299
inout (power) : iter =    284 ; odelta = 8.931777e-05 ; dt =  2556.4; nmult =    300
inout (power) : iter =    285 ; odelta = 8.809488e-05 ; dt =  2564.9; nmult =    301
inout (power) : iter =    286 ; odelta = 8.688939e-05 ; dt =  2573.5; nmult =    302
inout (power) : iter =    287 ; odelta = 8.570104e-05 ; dt =  2582.0; nmult =    303
inout (power) : iter =    288 ; odelta = 8.452974e-05 ; dt =  2590.5; nmult =    304
inout (power) : iter =    289 ; odelta = 8.337512e-05 ; dt =  2599.0; nmult =    305
inout (power) : iter =    290 ; odelta = 8.223691e-05 ; dt =  2607.6; nmult =    306
inout (power) : iter =    291 ; odelta = 8.111511e-05 ; dt =  2616.1; nmult =    307
inout (power) : iter =    292 ; odelta = 8.000947e-05 ; dt =  2624.6; nmult =    308
inout (power) : iter =    293 ; odelta = 7.891942e-05 ; dt =  2633.2; nmult =    309
inout (power) : iter =    294 ; odelta = 7.784485e-05 ; dt =  2641.7; nmult =    310
inout (power) : iter =    295 ; odelta = 7.678548e-05 ; dt =  2650.2; nmult =    311
inout (power) : iter =    296 ; odelta = 7.574105e-05 ; dt =  2658.7; nmult =    312
inout (power) : iter =    297 ; odelta = 7.471135e-05 ; dt =  2667.3; nmult =    313
inout (power) : iter =    298 ; odelta = 7.369614e-05 ; dt =  2675.8; nmult =    314
inout (power) : iter =    299 ; odelta = 7.269519e-05 ; dt =  2684.3; nmult =    315
inout (power) : iter =    300 ; odelta = 7.170832e-05 ; dt =  2692.9; nmult =    316
inout (power) : iter =    301 ; odelta = 7.073530e-05 ; dt =  2701.4; nmult =    317
inout (power) : iter =    302 ; odelta = 6.977596e-05 ; dt =  2709.9; nmult =    318
inout (power) : iter =    303 ; odelta = 6.883010e-05 ; dt =  2718.4; nmult =    319
inout (power) : iter =    304 ; odelta = 6.789760e-05 ; dt =  2727.0; nmult =    320
inout (power) : iter =    305 ; odelta = 6.697817e-05 ; dt =  2735.5; nmult =    321
inout (power) : iter =    306 ; odelta = 6.607172e-05 ; dt =  2744.0; nmult =    322
inout (power) : iter =    307 ; odelta = 6.517812e-05 ; dt =  2752.6; nmult =    323
inout (power) : iter =    308 ; odelta = 6.429720e-05 ; dt =  2761.1; nmult =    324
inout (power) : iter =    309 ; odelta = 6.342876e-05 ; dt =  2769.6; nmult =    325
inout (power) : iter =    310 ; odelta = 6.257250e-05 ; dt =  2778.1; nmult =    326
inout (power) : iter =    311 ; odelta = 6.172821e-05 ; dt =  2786.7; nmult =    327
inout (power) : iter =    312 ; odelta = 6.089574e-05 ; dt =  2795.2; nmult =    328
inout (power) : iter =    313 ; odelta = 6.007493e-05 ; dt =  2803.7; nmult =    329
inout (power) : iter =    314 ; odelta = 5.926560e-05 ; dt =  2812.2; nmult =    330
inout (power) : iter =    315 ; odelta = 5.846749e-05 ; dt =  2820.8; nmult =    331
inout (power) : iter =    316 ; odelta = 5.768044e-05 ; dt =  2829.3; nmult =    332
inout (power) : iter =    317 ; odelta = 5.690433e-05 ; dt =  2837.8; nmult =    333
inout (power) : iter =    318 ; odelta = 5.613903e-05 ; dt =  2846.3; nmult =    334
inout (power) : iter =    319 ; odelta = 5.538430e-05 ; dt =  2854.9; nmult =    335
inout (power) : iter =    320 ; odelta = 5.464003e-05 ; dt =  2863.4; nmult =    336
inout (power) : iter =    321 ; odelta = 5.390620e-05 ; dt =  2871.9; nmult =    337
inout (power) : iter =    322 ; odelta = 5.318261e-05 ; dt =  2880.5; nmult =    338
inout (power) : iter =    323 ; odelta = 5.246912e-05 ; dt =  2889.0; nmult =    339
inout (power) : iter =    324 ; odelta = 5.176551e-05 ; dt =  2897.5; nmult =    340
inout (power) : iter =    325 ; odelta = 5.107161e-05 ; dt =  2906.0; nmult =    341
inout (power) : iter =    326 ; odelta = 5.038730e-05 ; dt =  2914.6; nmult =    342
inout (power) : iter =    327 ; odelta = 4.971248e-05 ; dt =  2923.1; nmult =    343
inout (power) : iter =    328 ; odelta = 4.904703e-05 ; dt =  2931.6; nmult =    344
inout (power) : iter =    329 ; odelta = 4.839076e-05 ; dt =  2940.1; nmult =    345
inout (power) : iter =    330 ; odelta = 4.774354e-05 ; dt =  2948.7; nmult =    346
inout (power) : iter =    331 ; odelta = 4.710520e-05 ; dt =  2957.2; nmult =    347
inout (power) : iter =    332 ; odelta = 4.647565e-05 ; dt =  2965.7; nmult =    348
inout (power) : iter =    333 ; odelta = 4.585485e-05 ; dt =  2974.2; nmult =    349
inout (power) : iter =    334 ; odelta = 4.524275e-05 ; dt =  2982.8; nmult =    350
inout (power) : iter =    335 ; odelta = 4.463937e-05 ; dt =  2991.3; nmult =    351
inout (power) : iter =    336 ; odelta = 4.404465e-05 ; dt =  2999.8; nmult =    352
inout (power) : iter =    337 ; odelta = 4.345816e-05 ; dt =  3008.4; nmult =    353
inout (power) : iter =    338 ; odelta = 4.287977e-05 ; dt =  3016.9; nmult =    354
inout (power) : iter =    339 ; odelta = 4.230938e-05 ; dt =  3025.4; nmult =    355
inout (power) : iter =    340 ; odelta = 4.174694e-05 ; dt =  3033.9; nmult =    356
inout (power) : iter =    341 ; odelta = 4.119225e-05 ; dt =  3042.5; nmult =    357
inout (power) : iter =    342 ; odelta = 4.064528e-05 ; dt =  3051.0; nmult =    358
inout (power) : iter =    343 ; odelta = 4.010595e-05 ; dt =  3059.5; nmult =    359
inout (power) : iter =    344 ; odelta = 3.957405e-05 ; dt =  3068.0; nmult =    360
inout (power) : iter =    345 ; odelta = 3.904947e-05 ; dt =  3076.6; nmult =    361
inout (power) : iter =    346 ; odelta = 3.853205e-05 ; dt =  3085.1; nmult =    362
inout (power) : iter =    347 ; odelta = 3.802168e-05 ; dt =  3093.6; nmult =    363
inout (power) : iter =    348 ; odelta = 3.751826e-05 ; dt =  3102.1; nmult =    364
inout (power) : iter =    349 ; odelta = 3.702172e-05 ; dt =  3110.7; nmult =    365
inout (power) : iter =    350 ; odelta = 3.653201e-05 ; dt =  3119.2; nmult =    366
inout (power) : iter =    351 ; odelta = 3.604911e-05 ; dt =  3127.7; nmult =    367
inout (power) : iter =    352 ; odelta = 3.557286e-05 ; dt =  3136.2; nmult =    368
inout (power) : iter =    353 ; odelta = 3.510321e-05 ; dt =  3144.8; nmult =    369
inout (power) : iter =    354 ; odelta = 3.463994e-05 ; dt =  3153.3; nmult =    370
inout (power) : iter =    355 ; odelta = 3.418295e-05 ; dt =  3161.8; nmult =    371
inout (power) : iter =    356 ; odelta = 3.373215e-05 ; dt =  3170.3; nmult =    372
inout (power) : iter =    357 ; odelta = 3.328747e-05 ; dt =  3178.9; nmult =    373
inout (power) : iter =    358 ; odelta = 3.284884e-05 ; dt =  3187.4; nmult =    374
inout (power) : iter =    359 ; odelta = 3.241643e-05 ; dt =  3195.9; nmult =    375
inout (power) : iter =    360 ; odelta = 3.199017e-05 ; dt =  3204.5; nmult =    376
inout (power) : iter =    361 ; odelta = 3.156986e-05 ; dt =  3213.0; nmult =    377
inout (power) : iter =    362 ; odelta = 3.115530e-05 ; dt =  3221.5; nmult =    378
inout (power) : iter =    363 ; odelta = 3.074635e-05 ; dt =  3230.0; nmult =    379
inout (power) : iter =    364 ; odelta = 3.034293e-05 ; dt =  3238.6; nmult =    380
inout (power) : iter =    365 ; odelta = 2.994495e-05 ; dt =  3247.1; nmult =    381
inout (power) : iter =    366 ; odelta = 2.955232e-05 ; dt =  3255.6; nmult =    382
inout (power) : iter =    367 ; odelta = 2.916499e-05 ; dt =  3264.1; nmult =    383
inout (power) : iter =    368 ; odelta = 2.878285e-05 ; dt =  3272.7; nmult =    384
inout (power) : iter =    369 ; odelta = 2.840585e-05 ; dt =  3281.2; nmult =    385
inout (power) : iter =    370 ; odelta = 2.803391e-05 ; dt =  3289.7; nmult =    386
inout (power) : iter =    371 ; odelta = 2.766699e-05 ; dt =  3298.2; nmult =    387
inout (power) : iter =    372 ; odelta = 2.730501e-05 ; dt =  3306.8; nmult =    388
inout (power) : iter =    373 ; odelta = 2.694788e-05 ; dt =  3315.3; nmult =    389
inout (power) : iter =    374 ; odelta = 2.659562e-05 ; dt =  3323.8; nmult =    390
inout (power) : iter =    375 ; odelta = 2.624821e-05 ; dt =  3332.3; nmult =    391
inout (power) : iter =    376 ; odelta = 2.590552e-05 ; dt =  3340.9; nmult =    392
inout (power) : iter =    377 ; odelta = 2.556741e-05 ; dt =  3349.4; nmult =    393
inout (power) : iter =    378 ; odelta = 2.523383e-05 ; dt =  3357.9; nmult =    394
inout (power) : iter =    379 ; odelta = 2.490471e-05 ; dt =  3366.5; nmult =    395
inout (power) : iter =    380 ; odelta = 2.458004e-05 ; dt =  3375.0; nmult =    396
inout (power) : iter =    381 ; odelta = 2.425977e-05 ; dt =  3383.5; nmult =    397
inout (power) : iter =    382 ; odelta = 2.394379e-05 ; dt =  3392.0; nmult =    398
inout (power) : iter =    383 ; odelta = 2.363202e-05 ; dt =  3400.6; nmult =    399
inout (power) : iter =    384 ; odelta = 2.332444e-05 ; dt =  3409.1; nmult =    400
inout (power) : iter =    385 ; odelta = 2.302106e-05 ; dt =  3417.6; nmult =    401
inout (power) : iter =    386 ; odelta = 2.272177e-05 ; dt =  3426.1; nmult =    402
inout (power) : iter =    387 ; odelta = 2.242653e-05 ; dt =  3434.7; nmult =    403
inout (power) : iter =    388 ; odelta = 2.213524e-05 ; dt =  3443.2; nmult =    404
inout (power) : iter =    389 ; odelta = 2.184795e-05 ; dt =  3451.7; nmult =    405
inout (power) : iter =    390 ; odelta = 2.156453e-05 ; dt =  3460.2; nmult =    406
inout (power) : iter =    391 ; odelta = 2.128488e-05 ; dt =  3468.8; nmult =    407
inout (power) : iter =    392 ; odelta = 2.100900e-05 ; dt =  3477.3; nmult =    408
inout (power) : iter =    393 ; odelta = 2.073679e-05 ; dt =  3485.8; nmult =    409
inout (power) : iter =    394 ; odelta = 2.046825e-05 ; dt =  3494.3; nmult =    410
inout (power) : iter =    395 ; odelta = 2.020333e-05 ; dt =  3502.9; nmult =    411
inout (power) : iter =    396 ; odelta = 1.994199e-05 ; dt =  3511.4; nmult =    412
inout (power) : iter =    397 ; odelta = 1.968416e-05 ; dt =  3519.9; nmult =    413
inout (power) : iter =    398 ; odelta = 1.942979e-05 ; dt =  3528.5; nmult =    414
inout (power) : iter =    399 ; odelta = 1.917886e-05 ; dt =  3537.0; nmult =    415
inout (power) : iter =    400 ; odelta = 1.893127e-05 ; dt =  3545.5; nmult =    416
inout (power) : iter =    401 ; odelta = 1.868697e-05 ; dt =  3554.0; nmult =    417
inout (power) : iter =    402 ; odelta = 1.844592e-05 ; dt =  3562.6; nmult =    418
inout (power) : iter =    403 ; odelta = 1.820807e-05 ; dt =  3571.1; nmult =    419
inout (power) : iter =    404 ; odelta = 1.797335e-05 ; dt =  3579.6; nmult =    420
inout (power) : iter =    405 ; odelta = 1.774174e-05 ; dt =  3588.1; nmult =    421
inout (power) : iter =    406 ; odelta = 1.751317e-05 ; dt =  3596.7; nmult =    422
inout (power) : iter =    407 ; odelta = 1.728761e-05 ; dt =  3605.2; nmult =    423
inout (power) : iter =    408 ; odelta = 1.706503e-05 ; dt =  3613.7; nmult =    424
inout (power) : iter =    409 ; odelta = 1.684538e-05 ; dt =  3622.2; nmult =    425
inout (power) : iter =    410 ; odelta = 1.662862e-05 ; dt =  3630.8; nmult =    426
inout (power) : iter =    411 ; odelta = 1.641474e-05 ; dt =  3639.3; nmult =    427
inout (power) : iter =    412 ; odelta = 1.620372e-05 ; dt =  3647.8; nmult =    428
inout (power) : iter =    413 ; odelta = 1.599559e-05 ; dt =  3656.3; nmult =    429
inout (power) : iter =    414 ; odelta = 1.579020e-05 ; dt =  3664.9; nmult =    430
inout (power) : iter =    415 ; odelta = 1.558751e-05 ; dt =  3673.4; nmult =    431
inout (power) : iter =    416 ; odelta = 1.538748e-05 ; dt =  3681.9; nmult =    432
inout (power) : iter =    417 ; odelta = 1.519007e-05 ; dt =  3690.4; nmult =    433
inout (power) : iter =    418 ; odelta = 1.499524e-05 ; dt =  3699.0; nmult =    434
inout (power) : iter =    419 ; odelta = 1.480297e-05 ; dt =  3707.5; nmult =    435
inout (power) : iter =    420 ; odelta = 1.461321e-05 ; dt =  3716.0; nmult =    436
inout (power) : iter =    421 ; odelta = 1.442594e-05 ; dt =  3724.5; nmult =    437
inout (power) : iter =    422 ; odelta = 1.424116e-05 ; dt =  3733.1; nmult =    438
inout (power) : iter =    423 ; odelta = 1.405880e-05 ; dt =  3741.6; nmult =    439
inout (power) : iter =    424 ; odelta = 1.387883e-05 ; dt =  3750.1; nmult =    440
inout (power) : iter =    425 ; odelta = 1.370121e-05 ; dt =  3758.7; nmult =    441
inout (power) : iter =    426 ; odelta = 1.352592e-05 ; dt =  3767.2; nmult =    442
inout (power) : iter =    427 ; odelta = 1.335292e-05 ; dt =  3775.7; nmult =    443
inout (power) : iter =    428 ; odelta = 1.318217e-05 ; dt =  3784.2; nmult =    444
inout (power) : iter =    429 ; odelta = 1.301366e-05 ; dt =  3792.8; nmult =    445
inout (power) : iter =    430 ; odelta = 1.284735e-05 ; dt =  3801.3; nmult =    446
inout (power) : iter =    431 ; odelta = 1.268323e-05 ; dt =  3809.8; nmult =    447
inout (power) : iter =    432 ; odelta = 1.252134e-05 ; dt =  3818.3; nmult =    448
inout (power) : iter =    433 ; odelta = 1.236156e-05 ; dt =  3826.9; nmult =    449
inout (power) : iter =    434 ; odelta = 1.220386e-05 ; dt =  3835.4; nmult =    450
inout (power) : iter =    435 ; odelta = 1.204822e-05 ; dt =  3843.9; nmult =    451
inout (power) : iter =    436 ; odelta = 1.189460e-05 ; dt =  3852.4; nmult =    452
inout (power) : iter =    437 ; odelta = 1.174298e-05 ; dt =  3861.0; nmult =    453
inout (power) : iter =    438 ; odelta = 1.159334e-05 ; dt =  3869.5; nmult =    454
inout (power) : iter =    439 ; odelta = 1.144567e-05 ; dt =  3878.6; nmult =    455
inout (power) : iter =    440 ; odelta = 1.129992e-05 ; dt =  3887.1; nmult =    456
inout (power) : iter =    441 ; odelta = 1.115606e-05 ; dt =  3895.6; nmult =    457
inout (power) : iter =    442 ; odelta = 1.101407e-05 ; dt =  3904.2; nmult =    458
inout (power) : iter =    443 ; odelta = 1.087394e-05 ; dt =  3912.7; nmult =    459
inout (power) : iter =    444 ; odelta = 1.073564e-05 ; dt =  3921.2; nmult =    460
inout (power) : iter =    445 ; odelta = 1.059913e-05 ; dt =  3929.7; nmult =    461
inout (power) : iter =    446 ; odelta = 1.046439e-05 ; dt =  3938.3; nmult =    462
inout (power) : iter =    447 ; odelta = 1.033141e-05 ; dt =  3946.8; nmult =    463
inout (power) : iter =    448 ; odelta = 1.020016e-05 ; dt =  3955.3; nmult =    464
inout (power) : iter =    449 ; odelta = 1.007062e-05 ; dt =  3963.8; nmult =    465
inout (power) : iter =    450 ; odelta = 9.942769e-06 ; dt =  3972.4; nmult =    466
inout (power) : iter =    451 ; odelta = 9.816572e-06 ; dt =  3980.9; nmult =    467
inout (power) : iter =    452 ; odelta = 9.692011e-06 ; dt =  3989.4; nmult =    468
inout (power) : iter =    453 ; odelta = 9.569062e-06 ; dt =  3998.0; nmult =    469
inout (power) : iter =    454 ; odelta = 9.447702e-06 ; dt =  4006.5; nmult =    470
inout (power) : iter =    455 ; odelta = 9.327911e-06 ; dt =  4015.0; nmult =    471
inout (power) : iter =    456 ; odelta = 9.209667e-06 ; dt =  4023.5; nmult =    472
inout (power) : iter =    457 ; odelta = 9.092951e-06 ; dt =  4032.1; nmult =    473
inout (power) : iter =    458 ; odelta = 8.977742e-06 ; dt =  4040.6; nmult =    474
inout (power) : iter =    459 ; odelta = 8.864020e-06 ; dt =  4049.1; nmult =    475
inout (power) : iter =    460 ; odelta = 8.751766e-06 ; dt =  4057.6; nmult =    476
inout (power) : iter =    461 ; odelta = 8.640960e-06 ; dt =  4066.2; nmult =    477
inout (power) : iter =    462 ; odelta = 8.531584e-06 ; dt =  4074.7; nmult =    478
inout (power) : iter =    463 ; odelta = 8.423622e-06 ; dt =  4083.2; nmult =    479
inout (power) : iter =    464 ; odelta = 8.317053e-06 ; dt =  4091.7; nmult =    480
inout (power) : iter =    465 ; odelta = 8.211857e-06 ; dt =  4100.3; nmult =    481
inout (power) : iter =    466 ; odelta = 8.108017e-06 ; dt =  4108.8; nmult =    482
inout (power) : iter =    467 ; odelta = 8.005515e-06 ; dt =  4117.3; nmult =    483
inout (power) : iter =    468 ; odelta = 7.904333e-06 ; dt =  4125.9; nmult =    484
inout (power) : iter =    469 ; odelta = 7.804453e-06 ; dt =  4134.4; nmult =    485
inout (power) : iter =    470 ; odelta = 7.705859e-06 ; dt =  4142.9; nmult =    486
inout (power) : iter =    471 ; odelta = 7.608537e-06 ; dt =  4151.4; nmult =    487
inout (power) : iter =    472 ; odelta = 7.512473e-06 ; dt =  4160.0; nmult =    488
inout (power) : iter =    473 ; odelta = 7.417647e-06 ; dt =  4168.5; nmult =    489
inout (power) : iter =    474 ; odelta = 7.324047e-06 ; dt =  4177.0; nmult =    490
inout (power) : iter =    475 ; odelta = 7.231656e-06 ; dt =  4185.6; nmult =    491
inout (power) : iter =    476 ; odelta = 7.140454e-06 ; dt =  4194.1; nmult =    492
inout (power) : iter =    477 ; odelta = 7.050437e-06 ; dt =  4202.6; nmult =    493
inout (power) : iter =    478 ; odelta = 6.961597e-06 ; dt =  4211.1; nmult =    494
inout (power) : iter =    479 ; odelta = 6.873912e-06 ; dt =  4219.7; nmult =    495
inout (power) : iter =    480 ; odelta = 6.787356e-06 ; dt =  4228.2; nmult =    496
inout (power) : iter =    481 ; odelta = 6.701911e-06 ; dt =  4236.7; nmult =    497
inout (power) : iter =    482 ; odelta = 6.617561e-06 ; dt =  4245.2; nmult =    498
inout (power) : iter =    483 ; odelta = 6.534291e-06 ; dt =  4253.8; nmult =    499
inout (power) : iter =    484 ; odelta = 6.452089e-06 ; dt =  4262.3; nmult =    500
inout (power) : iter =    485 ; odelta = 6.370940e-06 ; dt =  4270.8; nmult =    501
inout (power) : iter =    486 ; odelta = 6.290830e-06 ; dt =  4279.4; nmult =    502
inout (power) : iter =    487 ; odelta = 6.211745e-06 ; dt =  4287.9; nmult =    503
inout (power) : iter =    488 ; odelta = 6.133673e-06 ; dt =  4296.4; nmult =    504
inout (power) : iter =    489 ; odelta = 6.056605e-06 ; dt =  4304.9; nmult =    505
inout (power) : iter =    490 ; odelta = 5.980523e-06 ; dt =  4313.5; nmult =    506
inout (power) : iter =    491 ; odelta = 5.905414e-06 ; dt =  4322.0; nmult =    507
inout (power) : iter =    492 ; odelta = 5.831267e-06 ; dt =  4330.5; nmult =    508
inout (power) : iter =    493 ; odelta = 5.758087e-06 ; dt =  4339.0; nmult =    509
inout (power) : iter =    494 ; odelta = 5.685857e-06 ; dt =  4347.6; nmult =    510
inout (power) : iter =    495 ; odelta = 5.614557e-06 ; dt =  4356.1; nmult =    511
inout (power) : iter =    496 ; odelta = 5.544175e-06 ; dt =  4364.6; nmult =    512
inout (power) : iter =    497 ; odelta = 5.474699e-06 ; dt =  4373.2; nmult =    513
inout (power) : iter =    498 ; odelta = 5.406177e-06 ; dt =  4381.7; nmult =    514
inout (power) : iter =    499 ; odelta = 5.338581e-06 ; dt =  4390.2; nmult =    515
inout (power) : iter =    500 ; odelta = 5.271861e-06 ; dt =  4398.7; nmult =    516
inout (power) : iter =    501 ; odelta = 5.205991e-06 ; dt =  4407.3; nmult =    517
inout (power) : iter =    502 ; odelta = 5.140960e-06 ; dt =  4415.8; nmult =    518
inout (power) : iter =    503 ; odelta = 5.076757e-06 ; dt =  4424.3; nmult =    519
inout (power) : iter =    504 ; odelta = 5.013371e-06 ; dt =  4432.8; nmult =    520
inout (power) : iter =    505 ; odelta = 4.950791e-06 ; dt =  4441.4; nmult =    521
inout (power) : iter =    506 ; odelta = 4.889009e-06 ; dt =  4449.9; nmult =    522
inout (power) : iter =    507 ; odelta = 4.828011e-06 ; dt =  4458.4; nmult =    523
inout (power) : iter =    508 ; odelta = 4.767798e-06 ; dt =  4466.9; nmult =    524
inout (power) : iter =    509 ; odelta = 4.708352e-06 ; dt =  4475.5; nmult =    525
inout (power) : iter =    510 ; odelta = 4.649668e-06 ; dt =  4484.0; nmult =    526
inout (power) : iter =    511 ; odelta = 4.591735e-06 ; dt =  4492.5; nmult =    527
inout (power) : iter =    512 ; odelta = 4.534537e-06 ; dt =  4501.0; nmult =    528
inout (power) : iter =    513 ; odelta = 4.478066e-06 ; dt =  4509.6; nmult =    529
inout (power) : iter =    514 ; odelta = 4.422311e-06 ; dt =  4518.1; nmult =    530
inout (power) : iter =    515 ; odelta = 4.367262e-06 ; dt =  4526.6; nmult =    531
inout (power) : iter =    516 ; odelta = 4.312910e-06 ; dt =  4535.2; nmult =    532
inout (power) : iter =    517 ; odelta = 4.259247e-06 ; dt =  4543.7; nmult =    533
inout (power) : iter =    518 ; odelta = 4.206265e-06 ; dt =  4552.2; nmult =    534
inout (power) : iter =    519 ; odelta = 4.153954e-06 ; dt =  4560.7; nmult =    535
inout (power) : iter =    520 ; odelta = 4.102306e-06 ; dt =  4569.3; nmult =    536
inout (power) : iter =    521 ; odelta = 4.051310e-06 ; dt =  4577.8; nmult =    537
inout (power) : iter =    522 ; odelta = 4.000959e-06 ; dt =  4586.3; nmult =    538
inout (power) : iter =    523 ; odelta = 3.951243e-06 ; dt =  4594.8; nmult =    539
inout (power) : iter =    524 ; odelta = 3.902156e-06 ; dt =  4603.4; nmult =    540
inout (power) : iter =    525 ; odelta = 3.853688e-06 ; dt =  4611.9; nmult =    541
inout (power) : iter =    526 ; odelta = 3.805833e-06 ; dt =  4620.4; nmult =    542
inout (power) : iter =    527 ; odelta = 3.758582e-06 ; dt =  4628.9; nmult =    543
inout (power) : iter =    528 ; odelta = 3.711927e-06 ; dt =  4637.5; nmult =    544
inout (power) : iter =    529 ; odelta = 3.665861e-06 ; dt =  4646.0; nmult =    545
inout (power) : iter =    530 ; odelta = 3.620376e-06 ; dt =  4654.5; nmult =    546
inout (power) : iter =    531 ; odelta = 3.575466e-06 ; dt =  4663.1; nmult =    547
inout (power) : iter =    532 ; odelta = 3.531123e-06 ; dt =  4671.6; nmult =    548
inout (power) : iter =    533 ; odelta = 3.487341e-06 ; dt =  4680.1; nmult =    549
inout (power) : iter =    534 ; odelta = 3.444111e-06 ; dt =  4688.6; nmult =    550
inout (power) : iter =    535 ; odelta = 3.401427e-06 ; dt =  4697.2; nmult =    551
inout (power) : iter =    536 ; odelta = 3.359282e-06 ; dt =  4705.7; nmult =    552
inout (power) : iter =    537 ; odelta = 3.317668e-06 ; dt =  4714.2; nmult =    553
inout (power) : iter =    538 ; odelta = 3.276578e-06 ; dt =  4722.7; nmult =    554
inout (power) : iter =    539 ; odelta = 3.236005e-06 ; dt =  4731.3; nmult =    555
inout (power) : iter =    540 ; odelta = 3.195943e-06 ; dt =  4739.8; nmult =    556
inout (power) : iter =    541 ; odelta = 3.156387e-06 ; dt =  4748.3; nmult =    557
inout (power) : iter =    542 ; odelta = 3.117331e-06 ; dt =  4756.8; nmult =    558
inout (power) : iter =    543 ; odelta = 3.078773e-06 ; dt =  4765.4; nmult =    559
inout (power) : iter =    544 ; odelta = 3.040706e-06 ; dt =  4773.9; nmult =    560
inout (power) : iter =    545 ; odelta = 3.003122e-06 ; dt =  4782.4; nmult =    561
inout (power) : iter =    546 ; odelta = 2.966011e-06 ; dt =  4791.0; nmult =    562
inout (power) : iter =    547 ; odelta = 2.929366e-06 ; dt =  4799.5; nmult =    563
inout (power) : iter =    548 ; odelta = 2.893184e-06 ; dt =  4808.0; nmult =    564
inout (power) : iter =    549 ; odelta = 2.857457e-06 ; dt =  4816.5; nmult =    565
inout (power) : iter =    550 ; odelta = 2.822177e-06 ; dt =  4825.1; nmult =    566
inout (power) : iter =    551 ; odelta = 2.787341e-06 ; dt =  4833.6; nmult =    567
inout (power) : iter =    552 ; odelta = 2.752943e-06 ; dt =  4842.1; nmult =    568
inout (power) : iter =    553 ; odelta = 2.718976e-06 ; dt =  4850.6; nmult =    569
inout (power) : iter =    554 ; odelta = 2.685435e-06 ; dt =  4859.2; nmult =    570
inout (power) : iter =    555 ; odelta = 2.652314e-06 ; dt =  4867.7; nmult =    571
inout (power) : iter =    556 ; odelta = 2.619607e-06 ; dt =  4876.2; nmult =    572
inout (power) : iter =    557 ; odelta = 2.587311e-06 ; dt =  4884.7; nmult =    573
inout (power) : iter =    558 ; odelta = 2.555419e-06 ; dt =  4893.3; nmult =    574
inout (power) : iter =    559 ; odelta = 2.523930e-06 ; dt =  4901.8; nmult =    575
inout (power) : iter =    560 ; odelta = 2.492839e-06 ; dt =  4910.3; nmult =    576
inout (power) : iter =    561 ; odelta = 2.462141e-06 ; dt =  4918.8; nmult =    577
inout (power) : iter =    562 ; odelta = 2.431832e-06 ; dt =  4927.4; nmult =    578
inout (power) : iter =    563 ; odelta = 2.401906e-06 ; dt =  4935.9; nmult =    579
inout (power) : iter =    564 ; odelta = 2.372357e-06 ; dt =  4944.4; nmult =    580
inout (power) : iter =    565 ; odelta = 2.343178e-06 ; dt =  4953.0; nmult =    581
inout (power) : iter =    566 ; odelta = 2.314364e-06 ; dt =  4961.5; nmult =    582
inout (power) : iter =    567 ; odelta = 2.285910e-06 ; dt =  4970.0; nmult =    583
inout (power) : iter =    568 ; odelta = 2.257811e-06 ; dt =  4978.5; nmult =    584
inout (power) : iter =    569 ; odelta = 2.230062e-06 ; dt =  4987.0; nmult =    585
inout (power) : iter =    570 ; odelta = 2.202660e-06 ; dt =  4995.6; nmult =    586
inout (power) : iter =    571 ; odelta = 2.175599e-06 ; dt =  5004.1; nmult =    587
inout (power) : iter =    572 ; odelta = 2.148876e-06 ; dt =  5012.6; nmult =    588
inout (power) : iter =    573 ; odelta = 2.122486e-06 ; dt =  5021.2; nmult =    589
inout (power) : iter =    574 ; odelta = 2.096425e-06 ; dt =  5029.7; nmult =    590
inout (power) : iter =    575 ; odelta = 2.070690e-06 ; dt =  5038.2; nmult =    591
inout (power) : iter =    576 ; odelta = 2.045276e-06 ; dt =  5046.7; nmult =    592
inout (power) : iter =    577 ; odelta = 2.020180e-06 ; dt =  5055.3; nmult =    593
inout (power) : iter =    578 ; odelta = 1.995396e-06 ; dt =  5063.8; nmult =    594
inout (power) : iter =    579 ; odelta = 1.970923e-06 ; dt =  5072.3; nmult =    595
inout (power) : iter =    580 ; odelta = 1.946754e-06 ; dt =  5080.9; nmult =    596
inout (power) : iter =    581 ; odelta = 1.922888e-06 ; dt =  5089.4; nmult =    597
inout (power) : iter =    582 ; odelta = 1.899318e-06 ; dt =  5097.9; nmult =    598
inout (power) : iter =    583 ; odelta = 1.876042e-06 ; dt =  5106.4; nmult =    599
inout (power) : iter =    584 ; odelta = 1.853055e-06 ; dt =  5115.0; nmult =    600
inout (power) : iter =    585 ; odelta = 1.830354e-06 ; dt =  5123.5; nmult =    601
inout (power) : iter =    586 ; odelta = 1.807935e-06 ; dt =  5132.0; nmult =    602
inout (power) : iter =    587 ; odelta = 1.785797e-06 ; dt =  5140.5; nmult =    603
inout (power) : iter =    588 ; odelta = 1.763936e-06 ; dt =  5149.1; nmult =    604
inout (power) : iter =    589 ; odelta = 1.742346e-06 ; dt =  5157.6; nmult =    605
inout (power) : iter =    590 ; odelta = 1.721025e-06 ; dt =  5166.1; nmult =    606
inout (power) : iter =    591 ; odelta = 1.699970e-06 ; dt =  5174.7; nmult =    607
inout (power) : iter =    592 ; odelta = 1.679177e-06 ; dt =  5183.2; nmult =    608
inout (power) : iter =    593 ; odelta = 1.658641e-06 ; dt =  5191.7; nmult =    609
inout (power) : iter =    594 ; odelta = 1.638361e-06 ; dt =  5200.2; nmult =    610
inout (power) : iter =    595 ; odelta = 1.618332e-06 ; dt =  5208.8; nmult =    611
inout (power) : iter =    596 ; odelta = 1.598551e-06 ; dt =  5217.3; nmult =    612
inout (power) : iter =    597 ; odelta = 1.579017e-06 ; dt =  5225.8; nmult =    613
inout (power) : iter =    598 ; odelta = 1.559725e-06 ; dt =  5234.3; nmult =    614
inout (power) : iter =    599 ; odelta = 1.540673e-06 ; dt =  5242.9; nmult =    615
inout (power) : iter =    600 ; odelta = 1.521858e-06 ; dt =  5251.4; nmult =    616
inout (power) : iter =    601 ; odelta = 1.503276e-06 ; dt =  5259.9; nmult =    617
inout (power) : iter =    602 ; odelta = 1.484924e-06 ; dt =  5268.4; nmult =    618
inout (power) : iter =    603 ; odelta = 1.466799e-06 ; dt =  5277.0; nmult =    619
inout (power) : iter =    604 ; odelta = 1.448899e-06 ; dt =  5285.5; nmult =    620
inout (power) : iter =    605 ; odelta = 1.431220e-06 ; dt =  5294.0; nmult =    621
inout (power) : iter =    606 ; odelta = 1.413761e-06 ; dt =  5302.6; nmult =    622
inout (power) : iter =    607 ; odelta = 1.396518e-06 ; dt =  5311.1; nmult =    623
inout (power) : iter =    608 ; odelta = 1.379489e-06 ; dt =  5319.6; nmult =    624
inout (power) : iter =    609 ; odelta = 1.362674e-06 ; dt =  5328.1; nmult =    625
inout (power) : iter =    610 ; odelta = 1.346067e-06 ; dt =  5336.7; nmult =    626
inout (power) : iter =    611 ; odelta = 1.329666e-06 ; dt =  5345.2; nmult =    627
inout (power) : iter =    612 ; odelta = 1.313466e-06 ; dt =  5353.7; nmult =    628
inout (power) : iter =    613 ; odelta = 1.297470e-06 ; dt =  5362.2; nmult =    629
inout (power) : iter =    614 ; odelta = 1.281673e-06 ; dt =  5370.8; nmult =    630
inout (power) : iter =    615 ; odelta = 1.266072e-06 ; dt =  5379.3; nmult =    631
inout (power) : iter =    616 ; odelta = 1.250663e-06 ; dt =  5387.8; nmult =    632
inout (power) : iter =    617 ; odelta = 1.235446e-06 ; dt =  5396.3; nmult =    633
inout (power) : iter =    618 ; odelta = 1.220417e-06 ; dt =  5404.9; nmult =    634
inout (power) : iter =    619 ; odelta = 1.205574e-06 ; dt =  5413.4; nmult =    635
inout (power) : iter =    620 ; odelta = 1.190913e-06 ; dt =  5421.9; nmult =    636
inout (power) : iter =    621 ; odelta = 1.176434e-06 ; dt =  5430.5; nmult =    637
inout (power) : iter =    622 ; odelta = 1.162133e-06 ; dt =  5439.0; nmult =    638
inout (power) : iter =    623 ; odelta = 1.148009e-06 ; dt =  5447.5; nmult =    639
inout (power) : iter =    624 ; odelta = 1.134058e-06 ; dt =  5456.0; nmult =    640
inout (power) : iter =    625 ; odelta = 1.120279e-06 ; dt =  5464.6; nmult =    641
inout (power) : iter =    626 ; odelta = 1.106671e-06 ; dt =  5473.1; nmult =    642
inout (power) : iter =    627 ; odelta = 1.093230e-06 ; dt =  5481.6; nmult =    643
inout (power) : iter =    628 ; odelta = 1.079956e-06 ; dt =  5490.1; nmult =    644
inout (power) : iter =    629 ; odelta = 1.066848e-06 ; dt =  5498.7; nmult =    645
inout (power) : iter =    630 ; odelta = 1.053902e-06 ; dt =  5507.2; nmult =    646
inout (power) : iter =    631 ; odelta = 1.041116e-06 ; dt =  5515.7; nmult =    647
inout (power) : iter =    632 ; odelta = 1.028488e-06 ; dt =  5524.2; nmult =    648
inout (power) : iter =    633 ; odelta = 1.016016e-06 ; dt =  5532.8; nmult =    649
inout (power) : iter =    634 ; odelta = 1.003699e-06 ; dt =  5541.3; nmult =    650
inout (power) : iter =    635 ; odelta = 9.915347e-07 ; dt =  5549.8; nmult =    651
inout (power) : iter =    636 ; odelta = 9.795213e-07 ; dt =  5558.3; nmult =    652
inout (power) : iter =    637 ; odelta = 9.676555e-07 ; dt =  5566.9; nmult =    653
inout (power) : iter =    638 ; odelta = 9.559354e-07 ; dt =  5575.4; nmult =    654
inout (power) : iter =    639 ; odelta = 9.443596e-07 ; dt =  5583.9; nmult =    655
inout (power) : iter =    640 ; odelta = 9.329259e-07 ; dt =  5592.4; nmult =    656
inout (power) : iter =    641 ; odelta = 9.216326e-07 ; dt =  5601.0; nmult =    657
inout (power) : iter =    642 ; odelta = 9.104778e-07 ; dt =  5609.5; nmult =    658
inout (power) : iter =    643 ; odelta = 8.994598e-07 ; dt =  5618.0; nmult =    659
inout (power) : iter =    644 ; odelta = 8.885768e-07 ; dt =  5626.6; nmult =    660
inout (power) : iter =    645 ; odelta = 8.778274e-07 ; dt =  5635.1; nmult =    661
inout (power) : iter =    646 ; odelta = 8.672102e-07 ; dt =  5643.6; nmult =    662
inout (power) : iter =    647 ; odelta = 8.567233e-07 ; dt =  5652.1; nmult =    663
inout (power) : iter =    648 ; odelta = 8.463650e-07 ; dt =  5660.7; nmult =    664
inout (power) : iter =    649 ; odelta = 8.361336e-07 ; dt =  5669.2; nmult =    665
inout (power) : iter =    650 ; odelta = 8.260275e-07 ; dt =  5677.7; nmult =    666
inout (power) : iter =    651 ; odelta = 8.160452e-07 ; dt =  5686.2; nmult =    667
inout (power) : iter =    652 ; odelta = 8.061854e-07 ; dt =  5694.7; nmult =    668
inout (power) : iter =    653 ; odelta = 7.964469e-07 ; dt =  5703.3; nmult =    669
inout (power) : iter =    654 ; odelta = 7.868278e-07 ; dt =  5711.8; nmult =    670
inout (power) : iter =    655 ; odelta = 7.773269e-07 ; dt =  5720.3; nmult =    671
inout (power) : iter =    656 ; odelta = 7.679424e-07 ; dt =  5728.9; nmult =    672
inout (power) : iter =    657 ; odelta = 7.586727e-07 ; dt =  5737.4; nmult =    673
inout (power) : iter =    658 ; odelta = 7.495165e-07 ; dt =  5745.9; nmult =    674
inout (power) : iter =    659 ; odelta = 7.404721e-07 ; dt =  5754.4; nmult =    675
inout (power) : iter =    660 ; odelta = 7.315383e-07 ; dt =  5763.0; nmult =    676
inout (power) : iter =    661 ; odelta = 7.227137e-07 ; dt =  5771.5; nmult =    677
inout (power) : iter =    662 ; odelta = 7.139971e-07 ; dt =  5780.0; nmult =    678
inout (power) : iter =    663 ; odelta = 7.053870e-07 ; dt =  5788.5; nmult =    679
inout (power) : iter =    664 ; odelta = 6.968821e-07 ; dt =  5797.1; nmult =    680
inout (power) : iter =    665 ; odelta = 6.884811e-07 ; dt =  5805.6; nmult =    681
inout (power) : iter =    666 ; odelta = 6.801828e-07 ; dt =  5814.1; nmult =    682
inout (power) : iter =    667 ; odelta = 6.719886e-07 ; dt =  5822.7; nmult =    683
inout (power) : iter =    668 ; odelta = 6.638946e-07 ; dt =  5831.2; nmult =    684
inout (power) : iter =    669 ; odelta = 6.558995e-07 ; dt =  5839.7; nmult =    685
inout (power) : iter =    670 ; odelta = 6.480018e-07 ; dt =  5848.2; nmult =    686
inout (power) : iter =    671 ; odelta = 6.402006e-07 ; dt =  5856.8; nmult =    687
inout (power) : iter =    672 ; odelta = 6.324956e-07 ; dt =  5865.3; nmult =    688
inout (power) : iter =    673 ; odelta = 6.248851e-07 ; dt =  5873.8; nmult =    689
inout (power) : iter =    674 ; odelta = 6.173678e-07 ; dt =  5882.3; nmult =    690
inout (power) : iter =    675 ; odelta = 6.099420e-07 ; dt =  5890.9; nmult =    691
inout (power) : iter =    676 ; odelta = 6.026067e-07 ; dt =  5899.4; nmult =    692
inout (power) : iter =    677 ; odelta = 5.953618e-07 ; dt =  5907.9; nmult =    693
inout (power) : iter =    678 ; odelta = 5.882057e-07 ; dt =  5916.4; nmult =    694
inout (power) : iter =    679 ; odelta = 5.811369e-07 ; dt =  5925.0; nmult =    695
inout (power) : iter =    680 ; odelta = 5.741542e-07 ; dt =  5933.5; nmult =    696
inout (power) : iter =    681 ; odelta = 5.672566e-07 ; dt =  5942.0; nmult =    697
inout (power) : iter =    682 ; odelta = 5.604430e-07 ; dt =  5950.6; nmult =    698
inout (power) : iter =    683 ; odelta = 5.537121e-07 ; dt =  5959.1; nmult =    699
inout (power) : iter =    684 ; odelta = 5.470633e-07 ; dt =  5967.6; nmult =    700
inout (power) : iter =    685 ; odelta = 5.404959e-07 ; dt =  5976.1; nmult =    701
inout (power) : iter =    686 ; odelta = 5.340086e-07 ; dt =  5984.7; nmult =    702
inout (power) : iter =    687 ; odelta = 5.276003e-07 ; dt =  5993.2; nmult =    703
inout (power) : iter =    688 ; odelta = 5.212698e-07 ; dt =  6001.7; nmult =    704
inout (power) : iter =    689 ; odelta = 5.150164e-07 ; dt =  6010.2; nmult =    705
inout (power) : iter =    690 ; odelta = 5.088389e-07 ; dt =  6018.8; nmult =    706
inout (power) : iter =    691 ; odelta = 5.027364e-07 ; dt =  6027.3; nmult =    707
inout (power) : iter =    692 ; odelta = 4.967082e-07 ; dt =  6035.8; nmult =    708
inout (power) : iter =    693 ; odelta = 4.907532e-07 ; dt =  6044.3; nmult =    709
inout (power) : iter =    694 ; odelta = 4.848709e-07 ; dt =  6052.9; nmult =    710
inout (power) : iter =    695 ; odelta = 4.790602e-07 ; dt =  6061.4; nmult =    711
inout (power) : iter =    696 ; odelta = 4.733201e-07 ; dt =  6069.9; nmult =    712
inout (power) : iter =    697 ; odelta = 4.676508e-07 ; dt =  6078.5; nmult =    713
inout (power) : iter =    698 ; odelta = 4.620511e-07 ; dt =  6087.0; nmult =    714
inout (power) : iter =    699 ; odelta = 4.565195e-07 ; dt =  6095.5; nmult =    715
inout (power) : iter =    700 ; odelta = 4.510550e-07 ; dt =  6104.0; nmult =    716
inout (power) : iter =    701 ; odelta = 4.456567e-07 ; dt =  6112.6; nmult =    717
inout (power) : iter =    702 ; odelta = 4.403238e-07 ; dt =  6121.1; nmult =    718
inout (power) : iter =    703 ; odelta = 4.350557e-07 ; dt =  6129.6; nmult =    719
inout (power) : iter =    704 ; odelta = 4.298514e-07 ; dt =  6138.1; nmult =    720
inout (power) : iter =    705 ; odelta = 4.247102e-07 ; dt =  6146.7; nmult =    721
inout (power) : iter =    706 ; odelta = 4.196315e-07 ; dt =  6155.2; nmult =    722
inout (power) : iter =    707 ; odelta = 4.146145e-07 ; dt =  6163.7; nmult =    723
inout (power) : iter =    708 ; odelta = 4.096586e-07 ; dt =  6172.2; nmult =    724
inout (power) : iter =    709 ; odelta = 4.047629e-07 ; dt =  6180.8; nmult =    725
inout (power) : iter =    710 ; odelta = 3.999267e-07 ; dt =  6189.3; nmult =    726
inout (power) : iter =    711 ; odelta = 3.951492e-07 ; dt =  6197.8; nmult =    727
inout (power) : iter =    712 ; odelta = 3.904296e-07 ; dt =  6206.3; nmult =    728
inout (power) : iter =    713 ; odelta = 3.857670e-07 ; dt =  6214.9; nmult =    729
inout (power) : iter =    714 ; odelta = 3.811608e-07 ; dt =  6223.4; nmult =    730
inout (power) : iter =    715 ; odelta = 3.766102e-07 ; dt =  6231.9; nmult =    731
inout (power) : iter =    716 ; odelta = 3.721146e-07 ; dt =  6240.4; nmult =    732
inout (power) : iter =    717 ; odelta = 3.676738e-07 ; dt =  6249.0; nmult =    733
inout (power) : iter =    718 ; odelta = 3.632876e-07 ; dt =  6257.5; nmult =    734
inout (power) : iter =    719 ; odelta = 3.589549e-07 ; dt =  6266.0; nmult =    735
inout (power) : iter =    720 ; odelta = 3.546748e-07 ; dt =  6274.5; nmult =    736
inout (power) : iter =    721 ; odelta = 3.504467e-07 ; dt =  6283.1; nmult =    737
inout (power) : iter =    722 ; odelta = 3.462704e-07 ; dt =  6291.6; nmult =    738
inout (power) : iter =    723 ; odelta = 3.421448e-07 ; dt =  6300.1; nmult =    739
inout (power) : iter =    724 ; odelta = 3.380691e-07 ; dt =  6308.6; nmult =    740
inout (power) : iter =    725 ; odelta = 3.340425e-07 ; dt =  6317.2; nmult =    741
inout (power) : iter =    726 ; odelta = 3.300645e-07 ; dt =  6325.7; nmult =    742
inout (power) : iter =    727 ; odelta = 3.261344e-07 ; dt =  6334.2; nmult =    743
inout (power) : iter =    728 ; odelta = 3.222518e-07 ; dt =  6342.8; nmult =    744
inout (power) : iter =    729 ; odelta = 3.184164e-07 ; dt =  6351.3; nmult =    745
inout (power) : iter =    730 ; odelta = 3.146275e-07 ; dt =  6359.8; nmult =    746
inout (power) : iter =    731 ; odelta = 3.108843e-07 ; dt =  6368.3; nmult =    747
inout (power) : iter =    732 ; odelta = 3.071860e-07 ; dt =  6376.9; nmult =    748
inout (power) : iter =    733 ; odelta = 3.035323e-07 ; dt =  6385.4; nmult =    749
inout (power) : iter =    734 ; odelta = 2.999225e-07 ; dt =  6393.9; nmult =    750
inout (power) : iter =    735 ; odelta = 2.963564e-07 ; dt =  6402.4; nmult =    751
inout (power) : iter =    736 ; odelta = 2.928333e-07 ; dt =  6411.0; nmult =    752
inout (power) : iter =    737 ; odelta = 2.893531e-07 ; dt =  6419.5; nmult =    753
inout (power) : iter =    738 ; odelta = 2.859149e-07 ; dt =  6428.0; nmult =    754
inout (power) : iter =    739 ; odelta = 2.825182e-07 ; dt =  6436.5; nmult =    755
inout (power) : iter =    740 ; odelta = 2.791623e-07 ; dt =  6445.1; nmult =    756
inout (power) : iter =    741 ; odelta = 2.758468e-07 ; dt =  6453.6; nmult =    757
inout (power) : iter =    742 ; odelta = 2.725711e-07 ; dt =  6462.1; nmult =    758
inout (power) : iter =    743 ; odelta = 2.693350e-07 ; dt =  6470.7; nmult =    759
inout (power) : iter =    744 ; odelta = 2.661379e-07 ; dt =  6479.2; nmult =    760
inout (power) : iter =    745 ; odelta = 2.629794e-07 ; dt =  6487.7; nmult =    761
inout (power) : iter =    746 ; odelta = 2.598588e-07 ; dt =  6496.2; nmult =    762
inout (power) : iter =    747 ; odelta = 2.567756e-07 ; dt =  6504.8; nmult =    763
inout (power) : iter =    748 ; odelta = 2.537295e-07 ; dt =  6513.3; nmult =    764
inout (power) : iter =    749 ; odelta = 2.507199e-07 ; dt =  6521.8; nmult =    765
inout (power) : iter =    750 ; odelta = 2.477464e-07 ; dt =  6530.3; nmult =    766
inout (power) : iter =    751 ; odelta = 2.448087e-07 ; dt =  6538.9; nmult =    767
inout (power) : iter =    752 ; odelta = 2.419062e-07 ; dt =  6547.4; nmult =    768
inout (power) : iter =    753 ; odelta = 2.390385e-07 ; dt =  6555.9; nmult =    769
inout (power) : iter =    754 ; odelta = 2.362053e-07 ; dt =  6564.4; nmult =    770
inout (power) : iter =    755 ; odelta = 2.334061e-07 ; dt =  6573.0; nmult =    771
inout (power) : iter =    756 ; odelta = 2.306405e-07 ; dt =  6581.5; nmult =    772
inout (power) : iter =    757 ; odelta = 2.279081e-07 ; dt =  6590.0; nmult =    773
inout (power) : iter =    758 ; odelta = 2.252084e-07 ; dt =  6598.5; nmult =    774
inout (power) : iter =    759 ; odelta = 2.225412e-07 ; dt =  6607.1; nmult =    775
inout (power) : iter =    760 ; odelta = 2.199063e-07 ; dt =  6615.6; nmult =    776
inout (power) : iter =    761 ; odelta = 2.173032e-07 ; dt =  6624.1; nmult =    777
inout (power) : iter =    762 ; odelta = 2.147314e-07 ; dt =  6632.6; nmult =    778
inout (power) : iter =    763 ; odelta = 2.121904e-07 ; dt =  6641.2; nmult =    779
inout (power) : iter =    764 ; odelta = 2.096798e-07 ; dt =  6649.7; nmult =    780
inout (power) : iter =    765 ; odelta = 2.071995e-07 ; dt =  6658.2; nmult =    781
inout (power) : iter =    766 ; odelta = 2.047490e-07 ; dt =  6666.8; nmult =    782
inout (power) : iter =    767 ; odelta = 2.023279e-07 ; dt =  6675.3; nmult =    783
inout (power) : iter =    768 ; odelta = 1.999357e-07 ; dt =  6683.8; nmult =    784
inout (power) : iter =    769 ; odelta = 1.975721e-07 ; dt =  6692.3; nmult =    785
inout (power) : iter =    770 ; odelta = 1.952368e-07 ; dt =  6700.9; nmult =    786
inout (power) : iter =    771 ; odelta = 1.929293e-07 ; dt =  6709.4; nmult =    787
inout (power) : iter =    772 ; odelta = 1.906495e-07 ; dt =  6717.9; nmult =    788
inout (power) : iter =    773 ; odelta = 1.883969e-07 ; dt =  6726.4; nmult =    789
inout (power) : iter =    774 ; odelta = 1.861713e-07 ; dt =  6735.0; nmult =    790
inout (power) : iter =    775 ; odelta = 1.839723e-07 ; dt =  6743.5; nmult =    791
inout (power) : iter =    776 ; odelta = 1.817996e-07 ; dt =  6752.0; nmult =    792
inout (power) : iter =    777 ; odelta = 1.796530e-07 ; dt =  6760.5; nmult =    793
inout (power) : iter =    778 ; odelta = 1.775319e-07 ; dt =  6769.1; nmult =    794
inout (power) : iter =    779 ; odelta = 1.754363e-07 ; dt =  6777.6; nmult =    795
inout (power) : iter =    780 ; odelta = 1.733656e-07 ; dt =  6786.1; nmult =    796
inout (power) : iter =    781 ; odelta = 1.713197e-07 ; dt =  6794.7; nmult =    797
inout (power) : iter =    782 ; odelta = 1.692983e-07 ; dt =  6803.2; nmult =    798
inout (power) : iter =    783 ; odelta = 1.673011e-07 ; dt =  6811.7; nmult =    799
inout (power) : iter =    784 ; odelta = 1.653277e-07 ; dt =  6820.2; nmult =    800
inout (power) : iter =    785 ; odelta = 1.633779e-07 ; dt =  6828.8; nmult =    801
inout (power) : iter =    786 ; odelta = 1.614513e-07 ; dt =  6837.3; nmult =    802
inout (power) : iter =    787 ; odelta = 1.595477e-07 ; dt =  6845.8; nmult =    803
inout (power) : iter =    788 ; odelta = 1.576668e-07 ; dt =  6854.3; nmult =    804
inout (power) : iter =    789 ; odelta = 1.558083e-07 ; dt =  6862.9; nmult =    805
inout (power) : iter =    790 ; odelta = 1.539719e-07 ; dt =  6871.4; nmult =    806
inout (power) : iter =    791 ; odelta = 1.521575e-07 ; dt =  6879.9; nmult =    807
inout (power) : iter =    792 ; odelta = 1.503646e-07 ; dt =  6888.4; nmult =    808
inout (power) : iter =    793 ; odelta = 1.485931e-07 ; dt =  6897.0; nmult =    809
inout (power) : iter =    794 ; odelta = 1.468428e-07 ; dt =  6905.5; nmult =    810
inout (power) : iter =    795 ; odelta = 1.451132e-07 ; dt =  6914.0; nmult =    811
inout (power) : iter =    796 ; odelta = 1.434043e-07 ; dt =  6922.6; nmult =    812
inout (power) : iter =    797 ; odelta = 1.417157e-07 ; dt =  6931.1; nmult =    813
inout (power) : iter =    798 ; odelta = 1.400472e-07 ; dt =  6939.6; nmult =    814
inout (power) : iter =    799 ; odelta = 1.383985e-07 ; dt =  6948.1; nmult =    815
inout (power) : iter =    800 ; odelta = 1.367695e-07 ; dt =  6956.7; nmult =    816
inout (power) : iter =    801 ; odelta = 1.351599e-07 ; dt =  6965.2; nmult =    817
inout (power) : iter =    802 ; odelta = 1.335694e-07 ; dt =  6973.7; nmult =    818
inout (power) : iter =    803 ; odelta = 1.319979e-07 ; dt =  6982.2; nmult =    819
inout (power) : iter =    804 ; odelta = 1.304450e-07 ; dt =  6990.8; nmult =    820
inout (power) : iter =    805 ; odelta = 1.289107e-07 ; dt =  6999.3; nmult =    821
inout (power) : iter =    806 ; odelta = 1.273946e-07 ; dt =  7007.8; nmult =    822
inout (power) : iter =    807 ; odelta = 1.258966e-07 ; dt =  7016.3; nmult =    823
inout (power) : iter =    808 ; odelta = 1.244164e-07 ; dt =  7024.9; nmult =    824
inout (power) : iter =    809 ; odelta = 1.229538e-07 ; dt =  7033.4; nmult =    825
inout (power) : iter =    810 ; odelta = 1.215087e-07 ; dt =  7041.9; nmult =    826
inout (power) : iter =    811 ; odelta = 1.200808e-07 ; dt =  7050.5; nmult =    827
inout (power) : iter =    812 ; odelta = 1.186701e-07 ; dt =  7059.0; nmult =    828
inout (power) : iter =    813 ; odelta = 1.172762e-07 ; dt =  7067.5; nmult =    829
inout (power) : iter =    814 ; odelta = 1.158989e-07 ; dt =  7076.0; nmult =    830
inout (power) : iter =    815 ; odelta = 1.145380e-07 ; dt =  7084.6; nmult =    831
inout (power) : iter =    816 ; odelta = 1.131933e-07 ; dt =  7093.1; nmult =    832
inout (power) : iter =    817 ; odelta = 1.118646e-07 ; dt =  7101.6; nmult =    833
inout (power) : iter =    818 ; odelta = 1.105517e-07 ; dt =  7110.1; nmult =    834
inout (power) : iter =    819 ; odelta = 1.092544e-07 ; dt =  7118.7; nmult =    835
inout (power) : iter =    820 ; odelta = 1.079725e-07 ; dt =  7127.2; nmult =    836
inout (power) : iter =    821 ; odelta = 1.067061e-07 ; dt =  7135.7; nmult =    837
inout (power) : iter =    822 ; odelta = 1.054547e-07 ; dt =  7144.3; nmult =    838
inout (power) : iter =    823 ; odelta = 1.042183e-07 ; dt =  7152.8; nmult =    839
inout (power) : iter =    824 ; odelta = 1.029966e-07 ; dt =  7161.3; nmult =    840
inout (power) : iter =    825 ; odelta = 1.017893e-07 ; dt =  7169.8; nmult =    841
inout (power) : iter =    826 ; odelta = 1.005963e-07 ; dt =  7178.4; nmult =    842
inout (power) : iter =    827 ; odelta = 9.941750e-08 ; dt =  7186.9; nmult =    843
inout(b=0.5000,it=1.000000e-02) : solved pagerank(a=0.9900) in   843 mults to 1.000000e-07 tol
output norm: 1.0000000000000000e+00
