Parameters: 
   graphfile = /var/tmp/dgleich/data/arabic-2005-trans
      output = none
         alg = power
       alpha = 0.99
         tol = 1e-07
       maxit = 10000

nodes = 22744080
edges = 639999458
power : iter =      1 ; delta = 1.248935e+00 ; dt =    14.9 sec
power : iter =      2 ; delta = 5.404195e-01 ; dt =    29.9 sec
power : iter =      3 ; delta = 2.587350e-01 ; dt =    44.2 sec
power : iter =      4 ; delta = 1.492671e-01 ; dt =    57.9 sec
power : iter =      5 ; delta = 1.015631e-01 ; dt =    72.2 sec
power : iter =      6 ; delta = 7.834765e-02 ; dt =    87.2 sec
power : iter =      7 ; delta = 6.456396e-02 ; dt =   101.5 sec
power : iter =      8 ; delta = 5.550735e-02 ; dt =   115.8 sec
power : iter =      9 ; delta = 4.906235e-02 ; dt =   130.8 sec
power : iter =     10 ; delta = 4.401900e-02 ; dt =   144.5 sec
power : iter =     11 ; delta = 4.013291e-02 ; dt =   158.1 sec
power : iter =     12 ; delta = 3.695427e-02 ; dt =   171.8 sec
power : iter =     13 ; delta = 3.425086e-02 ; dt =   187.4 sec
power : iter =     14 ; delta = 3.199895e-02 ; dt =   201.2 sec
power : iter =     15 ; delta = 3.004303e-02 ; dt =   216.7 sec
power : iter =     16 ; delta = 2.831777e-02 ; dt =   231.6 sec
power : iter =     17 ; delta = 2.681200e-02 ; dt =   246.6 sec
power : iter =     18 ; delta = 2.548148e-02 ; dt =   261.0 sec
power : iter =     19 ; delta = 2.426134e-02 ; dt =   274.6 sec
power : iter =     20 ; delta = 2.317908e-02 ; dt =   288.9 sec
power : iter =     21 ; delta = 2.218785e-02 ; dt =   302.6 sec
power : iter =     22 ; delta = 2.127691e-02 ; dt =   317.6 sec
power : iter =     23 ; delta = 2.044026e-02 ; dt =   331.2 sec
power : iter =     24 ; delta = 1.967312e-02 ; dt =   345.5 sec
power : iter =     25 ; delta = 1.894498e-02 ; dt =   360.5 sec
power : iter =     26 ; delta = 1.827943e-02 ; dt =   374.2 sec
power : iter =     27 ; delta = 1.765036e-02 ; dt =   387.8 sec
power : iter =     28 ; delta = 1.706566e-02 ; dt =   402.1 sec
power : iter =     29 ; delta = 1.651167e-02 ; dt =   416.5 sec
power : iter =     30 ; delta = 1.599670e-02 ; dt =   430.8 sec
power : iter =     31 ; delta = 1.550315e-02 ; dt =   444.5 sec
power : iter =     32 ; delta = 1.504501e-02 ; dt =   458.8 sec
power : iter =     33 ; delta = 1.460571e-02 ; dt =   473.1 sec
power : iter =     34 ; delta = 1.419415e-02 ; dt =   487.4 sec
power : iter =     35 ; delta = 1.380014e-02 ; dt =   501.1 sec
power : iter =     36 ; delta = 1.343041e-02 ; dt =   516.1 sec
power : iter =     37 ; delta = 1.307205e-02 ; dt =   529.8 sec
power : iter =     38 ; delta = 1.273613e-02 ; dt =   544.0 sec
power : iter =     39 ; delta = 1.241062e-02 ; dt =   557.7 sec
power : iter =     40 ; delta = 1.210351e-02 ; dt =   571.4 sec
power : iter =     41 ; delta = 1.180504e-02 ; dt =   585.6 sec
power : iter =     42 ; delta = 1.152336e-02 ; dt =   599.9 sec
power : iter =     43 ; delta = 1.124919e-02 ; dt =   614.9 sec
power : iter =     44 ; delta = 1.099053e-02 ; dt =   630.5 sec
power : iter =     45 ; delta = 1.073902e-02 ; dt =   644.2 sec
power : iter =     46 ; delta = 1.050095e-02 ; dt =   658.5 sec
power : iter =     47 ; delta = 1.026870e-02 ; dt =   672.2 sec
power : iter =     48 ; delta = 1.004810e-02 ; dt =   685.8 sec
power : iter =     49 ; delta = 9.831596e-03 ; dt =   700.8 sec
power : iter =     50 ; delta = 9.626547e-03 ; dt =   714.5 sec
power : iter =     51 ; delta = 9.425144e-03 ; dt =   728.8 sec
power : iter =     52 ; delta = 9.233646e-03 ; dt =   742.4 sec
power : iter =     53 ; delta = 9.045390e-03 ; dt =   756.1 sec
power : iter =     54 ; delta = 8.866064e-03 ; dt =   770.4 sec
power : iter =     55 ; delta = 8.689080e-03 ; dt =   784.1 sec
power : iter =     56 ; delta = 8.520555e-03 ; dt =   797.7 sec
power : iter =     57 ; delta = 8.353950e-03 ; dt =   811.4 sec
power : iter =     58 ; delta = 8.195277e-03 ; dt =   825.7 sec
power : iter =     59 ; delta = 8.038851e-03 ; dt =   840.7 sec
power : iter =     60 ; delta = 7.889735e-03 ; dt =   854.3 sec
power : iter =     61 ; delta = 7.742068e-03 ; dt =   868.7 sec
power : iter =     62 ; delta = 7.601437e-03 ; dt =   883.6 sec
power : iter =     63 ; delta = 7.462352e-03 ; dt =   897.3 sec
power : iter =     64 ; delta = 7.329543e-03 ; dt =   911.6 sec
power : iter =     65 ; delta = 7.198023e-03 ; dt =   927.3 sec
power : iter =     66 ; delta = 7.072400e-03 ; dt =   940.9 sec
power : iter =     67 ; delta = 6.947614e-03 ; dt =   954.6 sec
power : iter =     68 ; delta = 6.828303e-03 ; dt =   969.6 sec
power : iter =     69 ; delta = 6.709556e-03 ; dt =   984.6 sec
power : iter =     70 ; delta = 6.596000e-03 ; dt =   998.2 sec
power : iter =     71 ; delta = 6.483062e-03 ; dt =  1011.9 sec
power : iter =     72 ; delta = 6.374898e-03 ; dt =  1026.2 sec
power : iter =     73 ; delta = 6.267289e-03 ; dt =  1040.5 sec
power : iter =     74 ; delta = 6.164189e-03 ; dt =  1054.8 sec
power : iter =     75 ; delta = 6.061478e-03 ; dt =  1068.6 sec
power : iter =     76 ; delta = 5.963274e-03 ; dt =  1083.4 sec
power : iter =     77 ; delta = 5.865700e-03 ; dt =  1097.7 sec
power : iter =     78 ; delta = 5.772074e-03 ; dt =  1112.1 sec
power : iter =     79 ; delta = 5.678897e-03 ; dt =  1126.4 sec
power : iter =     80 ; delta = 5.589444e-03 ; dt =  1140.7 sec
power : iter =     81 ; delta = 5.500245e-03 ; dt =  1154.3 sec
power : iter =     82 ; delta = 5.414589e-03 ; dt =  1169.3 sec
power : iter =     83 ; delta = 5.329214e-03 ; dt =  1183.0 sec
power : iter =     84 ; delta = 5.247157e-03 ; dt =  1197.3 sec
power : iter =     85 ; delta = 5.165340e-03 ; dt =  1211.6 sec
power : iter =     86 ; delta = 5.086634e-03 ; dt =  1225.3 sec
power : iter =     87 ; delta = 5.008072e-03 ; dt =  1238.9 sec
power : iter =     88 ; delta = 4.932568e-03 ; dt =  1253.2 sec
power : iter =     89 ; delta = 4.857212e-03 ; dt =  1268.4 sec
power : iter =     90 ; delta = 4.784725e-03 ; dt =  1283.1 sec
power : iter =     91 ; delta = 4.712428e-03 ; dt =  1296.8 sec
power : iter =     92 ; delta = 4.642892e-03 ; dt =  1310.5 sec
power : iter =     93 ; delta = 4.573433e-03 ; dt =  1324.1 sec
power : iter =     94 ; delta = 4.506547e-03 ; dt =  1337.8 sec
power : iter =     95 ; delta = 4.439684e-03 ; dt =  1352.8 sec
power : iter =     96 ; delta = 4.375281e-03 ; dt =  1367.1 sec
power : iter =     97 ; delta = 4.310948e-03 ; dt =  1380.7 sec
power : iter =     98 ; delta = 4.248925e-03 ; dt =  1394.4 sec
power : iter =     99 ; delta = 4.186934e-03 ; dt =  1408.7 sec
power : iter =    100 ; delta = 4.127180e-03 ; dt =  1422.4 sec
power : iter =    101 ; delta = 4.067390e-03 ; dt =  1436.7 sec
power : iter =    102 ; delta = 4.009784e-03 ; dt =  1450.4 sec
power : iter =    103 ; delta = 3.952200e-03 ; dt =  1465.4 sec
power : iter =    104 ; delta = 3.896629e-03 ; dt =  1480.4 sec
power : iter =    105 ; delta = 3.841069e-03 ; dt =  1494.6 sec
power : iter =    106 ; delta = 3.787526e-03 ; dt =  1508.3 sec
power : iter =    107 ; delta = 3.733958e-03 ; dt =  1521.9 sec
power : iter =    108 ; delta = 3.682332e-03 ; dt =  1535.6 sec
power : iter =    109 ; delta = 3.630717e-03 ; dt =  1549.9 sec
power : iter =    110 ; delta = 3.580955e-03 ; dt =  1563.6 sec
power : iter =    111 ; delta = 3.531219e-03 ; dt =  1577.9 sec
power : iter =    112 ; delta = 3.483246e-03 ; dt =  1592.2 sec
power : iter =    113 ; delta = 3.435200e-03 ; dt =  1606.5 sec
power : iter =    114 ; delta = 3.388857e-03 ; dt =  1620.8 sec
power : iter =    115 ; delta = 3.342462e-03 ; dt =  1634.5 sec
power : iter =    116 ; delta = 3.297657e-03 ; dt =  1648.2 sec
power : iter =    117 ; delta = 3.252791e-03 ; dt =  1662.5 sec
power : iter =    118 ; delta = 3.209440e-03 ; dt =  1676.1 sec
power : iter =    119 ; delta = 3.165990e-03 ; dt =  1690.5 sec
power : iter =    120 ; delta = 3.124040e-03 ; dt =  1705.4 sec
power : iter =    121 ; delta = 3.081990e-03 ; dt =  1719.1 sec
power : iter =    122 ; delta = 3.041339e-03 ; dt =  1733.4 sec
power : iter =    123 ; delta = 3.000629e-03 ; dt =  1747.1 sec
power : iter =    124 ; delta = 2.961294e-03 ; dt =  1760.7 sec
power : iter =    125 ; delta = 2.921839e-03 ; dt =  1775.1 sec
power : iter =    126 ; delta = 2.883730e-03 ; dt =  1789.4 sec
power : iter =    127 ; delta = 2.845526e-03 ; dt =  1803.7 sec
power : iter =    128 ; delta = 2.808571e-03 ; dt =  1818.7 sec
power : iter =    129 ; delta = 2.771542e-03 ; dt =  1832.4 sec
power : iter =    130 ; delta = 2.735741e-03 ; dt =  1846.0 sec
power : iter =    131 ; delta = 2.699819e-03 ; dt =  1860.3 sec
power : iter =    132 ; delta = 2.665105e-03 ; dt =  1874.6 sec
power : iter =    133 ; delta = 2.630296e-03 ; dt =  1888.3 sec
power : iter =    134 ; delta = 2.596614e-03 ; dt =  1901.9 sec
power : iter =    135 ; delta = 2.562843e-03 ; dt =  1916.3 sec
power : iter =    136 ; delta = 2.530177e-03 ; dt =  1929.9 sec
power : iter =    137 ; delta = 2.497386e-03 ; dt =  1943.6 sec
power : iter =    138 ; delta = 2.465675e-03 ; dt =  1957.9 sec
power : iter =    139 ; delta = 2.433855e-03 ; dt =  1971.5 sec
power : iter =    140 ; delta = 2.403048e-03 ; dt =  1985.8 sec
power : iter =    141 ; delta = 2.372156e-03 ; dt =  1999.5 sec
power : iter =    142 ; delta = 2.342269e-03 ; dt =  2013.2 sec
power : iter =    143 ; delta = 2.312267e-03 ; dt =  2026.8 sec
power : iter =    144 ; delta = 2.283258e-03 ; dt =  2041.1 sec
power : iter =    145 ; delta = 2.254151e-03 ; dt =  2054.8 sec
power : iter =    146 ; delta = 2.225962e-03 ; dt =  2068.4 sec
power : iter =    147 ; delta = 2.197679e-03 ; dt =  2082.8 sec
power : iter =    148 ; delta = 2.170312e-03 ; dt =  2097.1 sec
power : iter =    149 ; delta = 2.142830e-03 ; dt =  2110.7 sec
power : iter =    150 ; delta = 2.116242e-03 ; dt =  2124.4 sec
power : iter =    151 ; delta = 2.089561e-03 ; dt =  2138.0 sec
power : iter =    152 ; delta = 2.063717e-03 ; dt =  2152.4 sec
power : iter =    153 ; delta = 2.037791e-03 ; dt =  2166.7 sec
power : iter =    154 ; delta = 2.012687e-03 ; dt =  2180.3 sec
power : iter =    155 ; delta = 1.987466e-03 ; dt =  2195.3 sec
power : iter =    156 ; delta = 1.963054e-03 ; dt =  2209.0 sec
power : iter =    157 ; delta = 1.938548e-03 ; dt =  2224.0 sec
power : iter =    158 ; delta = 1.914806e-03 ; dt =  2238.9 sec
power : iter =    159 ; delta = 1.890975e-03 ; dt =  2252.6 sec
power : iter =    160 ; delta = 1.867891e-03 ; dt =  2266.3 sec
power : iter =    161 ; delta = 1.844694e-03 ; dt =  2279.9 sec
power : iter =    162 ; delta = 1.822234e-03 ; dt =  2293.6 sec
power : iter =    163 ; delta = 1.799677e-03 ; dt =  2307.9 sec
power : iter =    164 ; delta = 1.777816e-03 ; dt =  2322.2 sec
power : iter =    165 ; delta = 1.755865e-03 ; dt =  2335.9 sec
power : iter =    166 ; delta = 1.734606e-03 ; dt =  2350.2 sec
power : iter =    167 ; delta = 1.713247e-03 ; dt =  2363.8 sec
power : iter =    168 ; delta = 1.692575e-03 ; dt =  2378.8 sec
power : iter =    169 ; delta = 1.671810e-03 ; dt =  2393.2 sec
power : iter =    170 ; delta = 1.651690e-03 ; dt =  2406.8 sec
power : iter =    171 ; delta = 1.631483e-03 ; dt =  2420.5 sec
power : iter =    172 ; delta = 1.611918e-03 ; dt =  2434.8 sec
power : iter =    173 ; delta = 1.592246e-03 ; dt =  2449.1 sec
power : iter =    174 ; delta = 1.573201e-03 ; dt =  2464.1 sec
power : iter =    175 ; delta = 1.554063e-03 ; dt =  2478.4 sec
power : iter =    176 ; delta = 1.535523e-03 ; dt =  2492.1 sec
power : iter =    177 ; delta = 1.516894e-03 ; dt =  2505.7 sec
power : iter =    178 ; delta = 1.498854e-03 ; dt =  2520.0 sec
power : iter =    179 ; delta = 1.480711e-03 ; dt =  2533.7 sec
power : iter =    180 ; delta = 1.463146e-03 ; dt =  2547.4 sec
power : iter =    181 ; delta = 1.445489e-03 ; dt =  2563.0 sec
power : iter =    182 ; delta = 1.428377e-03 ; dt =  2576.8 sec
power : iter =    183 ; delta = 1.411181e-03 ; dt =  2590.9 sec
power : iter =    184 ; delta = 1.394523e-03 ; dt =  2604.5 sec
power : iter =    185 ; delta = 1.377764e-03 ; dt =  2618.2 sec
power : iter =    186 ; delta = 1.361532e-03 ; dt =  2631.9 sec
power : iter =    187 ; delta = 1.345213e-03 ; dt =  2645.5 sec
power : iter =    188 ; delta = 1.329395e-03 ; dt =  2659.2 sec
power : iter =    189 ; delta = 1.313497e-03 ; dt =  2672.9 sec
power : iter =    190 ; delta = 1.298094e-03 ; dt =  2686.5 sec
power : iter =    191 ; delta = 1.282592e-03 ; dt =  2700.2 sec
power : iter =    192 ; delta = 1.267579e-03 ; dt =  2713.8 sec
power : iter =    193 ; delta = 1.252478e-03 ; dt =  2727.5 sec
power : iter =    194 ; delta = 1.237837e-03 ; dt =  2741.1 sec
power : iter =    195 ; delta = 1.223116e-03 ; dt =  2754.8 sec
power : iter =    196 ; delta = 1.208853e-03 ; dt =  2769.1 sec
power : iter =    197 ; delta = 1.194495e-03 ; dt =  2782.8 sec
power : iter =    198 ; delta = 1.180588e-03 ; dt =  2796.5 sec
power : iter =    199 ; delta = 1.166597e-03 ; dt =  2810.1 sec
power : iter =    200 ; delta = 1.153032e-03 ; dt =  2824.4 sec
power : iter =    201 ; delta = 1.139389e-03 ; dt =  2838.1 sec
power : iter =    202 ; delta = 1.126171e-03 ; dt =  2852.4 sec
power : iter =    203 ; delta = 1.112863e-03 ; dt =  2866.8 sec
power : iter =    204 ; delta = 1.099975e-03 ; dt =  2881.1 sec
power : iter =    205 ; delta = 1.087010e-03 ; dt =  2894.7 sec
power : iter =    206 ; delta = 1.074439e-03 ; dt =  2909.0 sec
power : iter =    207 ; delta = 1.061795e-03 ; dt =  2922.7 sec
power : iter =    208 ; delta = 1.049542e-03 ; dt =  2936.3 sec
power : iter =    209 ; delta = 1.037204e-03 ; dt =  2950.0 sec
power : iter =    210 ; delta = 1.025255e-03 ; dt =  2963.7 sec
power : iter =    211 ; delta = 1.013229e-03 ; dt =  2977.3 sec
power : iter =    212 ; delta = 1.001572e-03 ; dt =  2991.0 sec
power : iter =    213 ; delta = 9.898469e-04 ; dt =  3006.0 sec
power : iter =    214 ; delta = 9.784848e-04 ; dt =  3019.7 sec
power : iter =    215 ; delta = 9.670413e-04 ; dt =  3033.9 sec
power : iter =    216 ; delta = 9.559565e-04 ; dt =  3048.9 sec
power : iter =    217 ; delta = 9.447996e-04 ; dt =  3063.2 sec
power : iter =    218 ; delta = 9.339802e-04 ; dt =  3076.9 sec
power : iter =    219 ; delta = 9.230950e-04 ; dt =  3090.5 sec
power : iter =    220 ; delta = 9.125462e-04 ; dt =  3104.8 sec
power : iter =    221 ; delta = 9.019221e-04 ; dt =  3119.2 sec
power : iter =    222 ; delta = 8.916311e-04 ; dt =  3133.5 sec
power : iter =    223 ; delta = 8.812719e-04 ; dt =  3148.5 sec
power : iter =    224 ; delta = 8.712260e-04 ; dt =  3162.8 sec
power : iter =    225 ; delta = 8.611177e-04 ; dt =  3177.1 sec
power : iter =    226 ; delta = 8.513208e-04 ; dt =  3190.8 sec
power : iter =    227 ; delta = 8.414513e-04 ; dt =  3205.1 sec
power : iter =    228 ; delta = 8.318903e-04 ; dt =  3218.8 sec
power : iter =    229 ; delta = 8.222644e-04 ; dt =  3233.1 sec
power : iter =    230 ; delta = 8.129283e-04 ; dt =  3247.4 sec
power : iter =    231 ; delta = 8.035329e-04 ; dt =  3261.1 sec
power : iter =    232 ; delta = 7.944270e-04 ; dt =  3276.7 sec
power : iter =    233 ; delta = 7.852516e-04 ; dt =  3292.4 sec
power : iter =    234 ; delta = 7.763626e-04 ; dt =  3306.0 sec
power : iter =    235 ; delta = 7.674120e-04 ; dt =  3320.3 sec
power : iter =    236 ; delta = 7.587311e-04 ; dt =  3336.0 sec
power : iter =    237 ; delta = 7.499939e-04 ; dt =  3349.6 sec
power : iter =    238 ; delta = 7.415260e-04 ; dt =  3364.0 sec
power : iter =    239 ; delta = 7.329931e-04 ; dt =  3377.9 sec
power : iter =    240 ; delta = 7.247262e-04 ; dt =  3391.8 sec
power : iter =    241 ; delta = 7.164011e-04 ; dt =  3406.1 sec
power : iter =    242 ; delta = 7.083259e-04 ; dt =  3419.8 sec
power : iter =    243 ; delta = 7.001979e-04 ; dt =  3434.8 sec
power : iter =    244 ; delta = 6.923195e-04 ; dt =  3448.4 sec
power : iter =    245 ; delta = 6.843803e-04 ; dt =  3462.1 sec
power : iter =    246 ; delta = 6.766884e-04 ; dt =  3475.7 sec
power : iter =    247 ; delta = 6.689419e-04 ; dt =  3490.7 sec
power : iter =    248 ; delta = 6.614276e-04 ; dt =  3505.0 sec
power : iter =    249 ; delta = 6.538636e-04 ; dt =  3519.3 sec
power : iter =    250 ; delta = 6.465315e-04 ; dt =  3533.0 sec
power : iter =    251 ; delta = 6.391416e-04 ; dt =  3547.3 sec
power : iter =    252 ; delta = 6.319829e-04 ; dt =  3561.6 sec
power : iter =    253 ; delta = 6.247733e-04 ; dt =  3575.3 sec
power : iter =    254 ; delta = 6.177802e-04 ; dt =  3589.6 sec
power : iter =    255 ; delta = 6.107406e-04 ; dt =  3604.6 sec
power : iter =    256 ; delta = 6.039167e-04 ; dt =  3619.6 sec
power : iter =    257 ; delta = 5.970387e-04 ; dt =  3633.2 sec
power : iter =    258 ; delta = 5.903743e-04 ; dt =  3647.6 sec
power : iter =    259 ; delta = 5.836622e-04 ; dt =  3662.5 sec
power : iter =    260 ; delta = 5.771505e-04 ; dt =  3677.5 sec
power : iter =    261 ; delta = 5.705972e-04 ; dt =  3692.5 sec
power : iter =    262 ; delta = 5.642449e-04 ; dt =  3706.8 sec
power : iter =    263 ; delta = 5.578417e-04 ; dt =  3721.1 sec
power : iter =    264 ; delta = 5.516370e-04 ; dt =  3736.1 sec
power : iter =    265 ; delta = 5.453872e-04 ; dt =  3751.1 sec
power : iter =    266 ; delta = 5.393238e-04 ; dt =  3765.4 sec
power : iter =    267 ; delta = 5.332192e-04 ; dt =  3780.4 sec
power : iter =    268 ; delta = 5.273010e-04 ; dt =  3794.7 sec
power : iter =    269 ; delta = 5.213351e-04 ; dt =  3809.0 sec
power : iter =    270 ; delta = 5.155538e-04 ; dt =  3822.7 sec
power : iter =    271 ; delta = 5.097302e-04 ; dt =  3837.0 sec
power : iter =    272 ; delta = 5.040797e-04 ; dt =  3851.3 sec
power : iter =    273 ; delta = 4.983906e-04 ; dt =  3865.6 sec
power : iter =    274 ; delta = 4.928747e-04 ; dt =  3881.3 sec
power : iter =    275 ; delta = 4.873142e-04 ; dt =  3895.6 sec
power : iter =    276 ; delta = 4.819256e-04 ; dt =  3909.9 sec
power : iter =    277 ; delta = 4.764973e-04 ; dt =  3924.2 sec
power : iter =    278 ; delta = 4.712298e-04 ; dt =  3939.1 sec
power : iter =    279 ; delta = 4.659265e-04 ; dt =  3953.5 sec
power : iter =    280 ; delta = 4.607841e-04 ; dt =  3967.1 sec
power : iter =    281 ; delta = 4.556000e-04 ; dt =  3982.1 sec
power : iter =    282 ; delta = 4.505754e-04 ; dt =  3996.4 sec
power : iter =    283 ; delta = 4.455138e-04 ; dt =  4011.4 sec
power : iter =    284 ; delta = 4.406020e-04 ; dt =  4025.1 sec
power : iter =    285 ; delta = 4.356563e-04 ; dt =  4040.1 sec
power : iter =    286 ; delta = 4.308601e-04 ; dt =  4054.4 sec
power : iter =    287 ; delta = 4.260247e-04 ; dt =  4068.7 sec
power : iter =    288 ; delta = 4.213381e-04 ; dt =  4082.3 sec
power : iter =    289 ; delta = 4.166175e-04 ; dt =  4097.3 sec
power : iter =    290 ; delta = 4.120368e-04 ; dt =  4111.0 sec
power : iter =    291 ; delta = 4.074249e-04 ; dt =  4125.3 sec
power : iter =    292 ; delta = 4.029525e-04 ; dt =  4139.6 sec
power : iter =    293 ; delta = 3.984434e-04 ; dt =  4154.6 sec
power : iter =    294 ; delta = 3.940727e-04 ; dt =  4169.6 sec
power : iter =    295 ; delta = 3.896694e-04 ; dt =  4184.6 sec
power : iter =    296 ; delta = 3.853959e-04 ; dt =  4198.2 sec
power : iter =    297 ; delta = 3.810927e-04 ; dt =  4213.9 sec
power : iter =    298 ; delta = 3.769195e-04 ; dt =  4228.2 sec
power : iter =    299 ; delta = 3.727122e-04 ; dt =  4242.5 sec
power : iter =    300 ; delta = 3.686338e-04 ; dt =  4256.2 sec
power : iter =    301 ; delta = 3.645247e-04 ; dt =  4270.5 sec
power : iter =    302 ; delta = 3.605366e-04 ; dt =  4285.5 sec
power : iter =    303 ; delta = 3.565205e-04 ; dt =  4299.8 sec
power : iter =    304 ; delta = 3.526253e-04 ; dt =  4314.8 sec
power : iter =    305 ; delta = 3.486978e-04 ; dt =  4329.1 sec
power : iter =    306 ; delta = 3.448904e-04 ; dt =  4343.4 sec
power : iter =    307 ; delta = 3.410544e-04 ; dt =  4358.4 sec
power : iter =    308 ; delta = 3.373308e-04 ; dt =  4372.8 sec
power : iter =    309 ; delta = 3.335813e-04 ; dt =  4387.0 sec
power : iter =    310 ; delta = 3.299443e-04 ; dt =  4401.3 sec
power : iter =    311 ; delta = 3.262773e-04 ; dt =  4415.0 sec
power : iter =    312 ; delta = 3.227222e-04 ; dt =  4429.3 sec
power : iter =    313 ; delta = 3.191404e-04 ; dt =  4443.6 sec
power : iter =    314 ; delta = 3.156636e-04 ; dt =  4457.9 sec
power : iter =    315 ; delta = 3.121625e-04 ; dt =  4472.3 sec
power : iter =    316 ; delta = 3.087667e-04 ; dt =  4486.6 sec
power : iter =    317 ; delta = 3.053425e-04 ; dt =  4500.9 sec
power : iter =    318 ; delta = 3.020229e-04 ; dt =  4515.2 sec
power : iter =    319 ; delta = 2.986779e-04 ; dt =  4529.1 sec
power : iter =    320 ; delta = 2.954309e-04 ; dt =  4543.1 sec
power : iter =    321 ; delta = 2.921610e-04 ; dt =  4557.4 sec
power : iter =    322 ; delta = 2.889890e-04 ; dt =  4572.4 sec
power : iter =    323 ; delta = 2.857904e-04 ; dt =  4587.4 sec
power : iter =    324 ; delta = 2.826893e-04 ; dt =  4601.0 sec
power : iter =    325 ; delta = 2.795645e-04 ; dt =  4615.4 sec
power : iter =    326 ; delta = 2.765310e-04 ; dt =  4630.3 sec
power : iter =    327 ; delta = 2.734759e-04 ; dt =  4644.0 sec
power : iter =    328 ; delta = 2.705124e-04 ; dt =  4657.7 sec
power : iter =    329 ; delta = 2.675239e-04 ; dt =  4671.3 sec
power : iter =    330 ; delta = 2.646266e-04 ; dt =  4685.0 sec
power : iter =    331 ; delta = 2.617071e-04 ; dt =  4700.6 sec
power : iter =    332 ; delta = 2.588727e-04 ; dt =  4714.3 sec
power : iter =    333 ; delta = 2.560181e-04 ; dt =  4728.6 sec
power : iter =    334 ; delta = 2.532489e-04 ; dt =  4743.6 sec
power : iter =    335 ; delta = 2.504563e-04 ; dt =  4757.9 sec
power : iter =    336 ; delta = 2.477487e-04 ; dt =  4771.6 sec
power : iter =    337 ; delta = 2.450202e-04 ; dt =  4785.2 sec
power : iter =    338 ; delta = 2.423712e-04 ; dt =  4799.5 sec
power : iter =    339 ; delta = 2.397033e-04 ; dt =  4813.8 sec
power : iter =    340 ; delta = 2.371151e-04 ; dt =  4828.8 sec
power : iter =    341 ; delta = 2.345051e-04 ; dt =  4843.1 sec
power : iter =    342 ; delta = 2.319747e-04 ; dt =  4857.4 sec
power : iter =    343 ; delta = 2.294251e-04 ; dt =  4872.4 sec
power : iter =    344 ; delta = 2.269499e-04 ; dt =  4886.7 sec
power : iter =    345 ; delta = 2.244569e-04 ; dt =  4901.1 sec
power : iter =    346 ; delta = 2.220383e-04 ; dt =  4916.0 sec
power : iter =    347 ; delta = 2.195994e-04 ; dt =  4930.3 sec
power : iter =    348 ; delta = 2.172345e-04 ; dt =  4944.0 sec
power : iter =    349 ; delta = 2.148515e-04 ; dt =  4957.6 sec
power : iter =    350 ; delta = 2.125377e-04 ; dt =  4971.9 sec
power : iter =    351 ; delta = 2.102076e-04 ; dt =  4986.9 sec
power : iter =    352 ; delta = 2.079467e-04 ; dt =  5001.3 sec
power : iter =    353 ; delta = 2.056668e-04 ; dt =  5015.6 sec
power : iter =    354 ; delta = 2.034557e-04 ; dt =  5029.9 sec
power : iter =    355 ; delta = 2.012277e-04 ; dt =  5043.5 sec
power : iter =    356 ; delta = 1.990642e-04 ; dt =  5057.2 sec
power : iter =    357 ; delta = 1.968853e-04 ; dt =  5071.5 sec
power : iter =    358 ; delta = 1.947712e-04 ; dt =  5086.5 sec
power : iter =    359 ; delta = 1.926393e-04 ; dt =  5100.8 sec
power : iter =    360 ; delta = 1.905719e-04 ; dt =  5114.5 sec
power : iter =    361 ; delta = 1.884886e-04 ; dt =  5128.9 sec
power : iter =    362 ; delta = 1.864654e-04 ; dt =  5143.1 sec
power : iter =    363 ; delta = 1.844279e-04 ; dt =  5158.1 sec
power : iter =    364 ; delta = 1.824507e-04 ; dt =  5172.4 sec
power : iter =    365 ; delta = 1.804569e-04 ; dt =  5186.8 sec
power : iter =    366 ; delta = 1.785233e-04 ; dt =  5201.7 sec
power : iter =    367 ; delta = 1.765752e-04 ; dt =  5216.1 sec
power : iter =    368 ; delta = 1.746834e-04 ; dt =  5231.7 sec
power : iter =    369 ; delta = 1.727784e-04 ; dt =  5245.4 sec
power : iter =    370 ; delta = 1.709295e-04 ; dt =  5259.0 sec
power : iter =    371 ; delta = 1.690652e-04 ; dt =  5273.4 sec
power : iter =    372 ; delta = 1.672567e-04 ; dt =  5287.0 sec
power : iter =    373 ; delta = 1.654345e-04 ; dt =  5302.0 sec
power : iter =    374 ; delta = 1.636646e-04 ; dt =  5317.0 sec
power : iter =    375 ; delta = 1.618822e-04 ; dt =  5332.0 sec
power : iter =    376 ; delta = 1.601522e-04 ; dt =  5345.6 sec
power : iter =    377 ; delta = 1.584079e-04 ; dt =  5359.3 sec
power : iter =    378 ; delta = 1.567156e-04 ; dt =  5373.0 sec
power : iter =    379 ; delta = 1.550107e-04 ; dt =  5387.3 sec
power : iter =    380 ; delta = 1.533544e-04 ; dt =  5402.3 sec
power : iter =    381 ; delta = 1.516867e-04 ; dt =  5416.6 sec
power : iter =    382 ; delta = 1.500678e-04 ; dt =  5430.3 sec
power : iter =    383 ; delta = 1.484354e-04 ; dt =  5444.6 sec
power : iter =    384 ; delta = 1.468518e-04 ; dt =  5458.9 sec
power : iter =    385 ; delta = 1.452563e-04 ; dt =  5472.6 sec
power : iter =    386 ; delta = 1.437063e-04 ; dt =  5487.6 sec
power : iter =    387 ; delta = 1.421454e-04 ; dt =  5502.6 sec
power : iter =    388 ; delta = 1.406303e-04 ; dt =  5516.2 sec
power : iter =    389 ; delta = 1.391026e-04 ; dt =  5529.9 sec
power : iter =    390 ; delta = 1.376204e-04 ; dt =  5544.2 sec
power : iter =    391 ; delta = 1.361271e-04 ; dt =  5558.5 sec
power : iter =    392 ; delta = 1.346763e-04 ; dt =  5572.2 sec
power : iter =    393 ; delta = 1.332156e-04 ; dt =  5585.8 sec
power : iter =    394 ; delta = 1.317976e-04 ; dt =  5600.1 sec
power : iter =    395 ; delta = 1.303680e-04 ; dt =  5614.5 sec
power : iter =    396 ; delta = 1.289808e-04 ; dt =  5628.2 sec
power : iter =    397 ; delta = 1.275834e-04 ; dt =  5643.1 sec
power : iter =    398 ; delta = 1.262256e-04 ; dt =  5657.4 sec
power : iter =    399 ; delta = 1.248586e-04 ; dt =  5671.7 sec
power : iter =    400 ; delta = 1.235313e-04 ; dt =  5686.0 sec
power : iter =    401 ; delta = 1.221932e-04 ; dt =  5700.3 sec
power : iter =    402 ; delta = 1.208947e-04 ; dt =  5714.7 sec
power : iter =    403 ; delta = 1.195868e-04 ; dt =  5729.7 sec
power : iter =    404 ; delta = 1.183158e-04 ; dt =  5744.0 sec
power : iter =    405 ; delta = 1.170362e-04 ; dt =  5757.6 sec
power : iter =    406 ; delta = 1.157938e-04 ; dt =  5772.6 sec
power : iter =    407 ; delta = 1.145413e-04 ; dt =  5787.0 sec
power : iter =    408 ; delta = 1.133258e-04 ; dt =  5800.6 sec
power : iter =    409 ; delta = 1.121014e-04 ; dt =  5814.9 sec
power : iter =    410 ; delta = 1.109114e-04 ; dt =  5829.2 sec
power : iter =    411 ; delta = 1.097135e-04 ; dt =  5844.2 sec
power : iter =    412 ; delta = 1.085501e-04 ; dt =  5859.2 sec
power : iter =    413 ; delta = 1.073774e-04 ; dt =  5872.9 sec
power : iter =    414 ; delta = 1.062391e-04 ; dt =  5887.9 sec
power : iter =    415 ; delta = 1.050926e-04 ; dt =  5902.2 sec
power : iter =    416 ; delta = 1.039782e-04 ; dt =  5915.9 sec
power : iter =    417 ; delta = 1.028564e-04 ; dt =  5930.2 sec
power : iter =    418 ; delta = 1.017669e-04 ; dt =  5943.8 sec
power : iter =    419 ; delta = 1.006686e-04 ; dt =  5958.2 sec
power : iter =    420 ; delta = 9.960264e-05 ; dt =  5972.5 sec
power : iter =    421 ; delta = 9.852899e-05 ; dt =  5987.5 sec
power : iter =    422 ; delta = 9.748540e-05 ; dt =  6001.8 sec
power : iter =    423 ; delta = 9.643487e-05 ; dt =  6016.1 sec
power : iter =    424 ; delta = 9.541450e-05 ; dt =  6029.8 sec
power : iter =    425 ; delta = 9.438602e-05 ; dt =  6044.2 sec
power : iter =    426 ; delta = 9.338757e-05 ; dt =  6058.4 sec
power : iter =    427 ; delta = 9.238198e-05 ; dt =  6074.0 sec
power : iter =    428 ; delta = 9.140444e-05 ; dt =  6089.0 sec
power : iter =    429 ; delta = 9.042051e-05 ; dt =  6103.3 sec
power : iter =    430 ; delta = 8.946474e-05 ; dt =  6118.3 sec
power : iter =    431 ; delta = 8.850145e-05 ; dt =  6132.6 sec
power : iter =    432 ; delta = 8.756617e-05 ; dt =  6147.0 sec
power : iter =    433 ; delta = 8.662440e-05 ; dt =  6160.7 sec
power : iter =    434 ; delta = 8.570869e-05 ; dt =  6176.3 sec
power : iter =    435 ; delta = 8.478716e-05 ; dt =  6190.5 sec
power : iter =    436 ; delta = 8.389177e-05 ; dt =  6204.1 sec
power : iter =    437 ; delta = 8.298954e-05 ; dt =  6219.1 sec
power : iter =    438 ; delta = 8.211335e-05 ; dt =  6232.8 sec
power : iter =    439 ; delta = 8.123126e-05 ; dt =  6247.1 sec
power : iter =    440 ; delta = 8.037347e-05 ; dt =  6261.4 sec
power : iter =    441 ; delta = 7.951028e-05 ; dt =  6275.7 sec
power : iter =    442 ; delta = 7.867150e-05 ; dt =  6290.0 sec
power : iter =    443 ; delta = 7.782636e-05 ; dt =  6303.7 sec
power : iter =    444 ; delta = 7.700552e-05 ; dt =  6318.7 sec
power : iter =    445 ; delta = 7.617911e-05 ; dt =  6332.4 sec
power : iter =    446 ; delta = 7.537541e-05 ; dt =  6346.7 sec
power : iter =    447 ; delta = 7.456670e-05 ; dt =  6362.0 sec
power : iter =    448 ; delta = 7.378080e-05 ; dt =  6375.8 sec
power : iter =    449 ; delta = 7.298897e-05 ; dt =  6390.8 sec
power : iter =    450 ; delta = 7.221987e-05 ; dt =  6405.1 sec
power : iter =    451 ; delta = 7.144559e-05 ; dt =  6418.7 sec
power : iter =    452 ; delta = 7.069252e-05 ; dt =  6434.4 sec
power : iter =    453 ; delta = 6.993477e-05 ; dt =  6448.7 sec
power : iter =    454 ; delta = 6.919835e-05 ; dt =  6463.0 sec
power : iter =    455 ; delta = 6.845642e-05 ; dt =  6477.3 sec
power : iter =    456 ; delta = 6.773573e-05 ; dt =  6492.3 sec
power : iter =    457 ; delta = 6.701021e-05 ; dt =  6506.1 sec
power : iter =    458 ; delta = 6.630452e-05 ; dt =  6520.2 sec
power : iter =    459 ; delta = 6.559449e-05 ; dt =  6535.9 sec
power : iter =    460 ; delta = 6.490438e-05 ; dt =  6550.8 sec
power : iter =    461 ; delta = 6.420913e-05 ; dt =  6564.5 sec
power : iter =    462 ; delta = 6.353371e-05 ; dt =  6578.2 sec
power : iter =    463 ; delta = 6.285381e-05 ; dt =  6591.8 sec
power : iter =    464 ; delta = 6.219243e-05 ; dt =  6606.8 sec
power : iter =    465 ; delta = 6.152701e-05 ; dt =  6621.1 sec
power : iter =    466 ; delta = 6.088021e-05 ; dt =  6636.1 sec
power : iter =    467 ; delta = 6.022863e-05 ; dt =  6650.4 sec
power : iter =    468 ; delta = 5.959560e-05 ; dt =  6665.4 sec
power : iter =    469 ; delta = 5.895838e-05 ; dt =  6679.7 sec
power : iter =    470 ; delta = 5.833849e-05 ; dt =  6695.4 sec
power : iter =    471 ; delta = 5.771485e-05 ; dt =  6709.7 sec
power : iter =    472 ; delta = 5.710861e-05 ; dt =  6724.0 sec
power : iter =    473 ; delta = 5.649792e-05 ; dt =  6738.3 sec
power : iter =    474 ; delta = 5.590456e-05 ; dt =  6753.3 sec
power : iter =    475 ; delta = 5.530732e-05 ; dt =  6767.6 sec
power : iter =    476 ; delta = 5.472627e-05 ; dt =  6781.9 sec
power : iter =    477 ; delta = 5.414173e-05 ; dt =  6796.9 sec
power : iter =    478 ; delta = 5.357345e-05 ; dt =  6811.3 sec
power : iter =    479 ; delta = 5.300105e-05 ; dt =  6826.3 sec
power : iter =    480 ; delta = 5.244485e-05 ; dt =  6841.2 sec
power : iter =    481 ; delta = 5.188505e-05 ; dt =  6854.8 sec
power : iter =    482 ; delta = 5.134038e-05 ; dt =  6869.1 sec
power : iter =    483 ; delta = 5.079248e-05 ; dt =  6884.1 sec
power : iter =    484 ; delta = 5.025979e-05 ; dt =  6897.8 sec
power : iter =    485 ; delta = 4.972328e-05 ; dt =  6912.1 sec
power : iter =    486 ; delta = 4.920192e-05 ; dt =  6927.1 sec
power : iter =    487 ; delta = 4.867721e-05 ; dt =  6942.1 sec
power : iter =    488 ; delta = 4.816665e-05 ; dt =  6956.5 sec
power : iter =    489 ; delta = 4.765308e-05 ; dt =  6970.6 sec
power : iter =    490 ; delta = 4.715372e-05 ; dt =  6984.9 sec
power : iter =    491 ; delta = 4.665079e-05 ; dt =  6999.2 sec
power : iter =    492 ; delta = 4.616202e-05 ; dt =  7013.6 sec
power : iter =    493 ; delta = 4.567013e-05 ; dt =  7027.9 sec
power : iter =    494 ; delta = 4.519147e-05 ; dt =  7041.6 sec
power : iter =    495 ; delta = 4.471000e-05 ; dt =  7055.8 sec
power : iter =    496 ; delta = 4.424183e-05 ; dt =  7070.8 sec
power : iter =    497 ; delta = 4.377032e-05 ; dt =  7084.4 sec
power : iter =    498 ; delta = 4.331207e-05 ; dt =  7098.7 sec
power : iter =    499 ; delta = 4.285090e-05 ; dt =  7112.4 sec
power : iter =    500 ; delta = 4.240212e-05 ; dt =  7128.0 sec
power : iter =    501 ; delta = 4.195075e-05 ; dt =  7142.4 sec
power : iter =    502 ; delta = 4.151182e-05 ; dt =  7157.3 sec
power : iter =    503 ; delta = 4.106979e-05 ; dt =  7171.6 sec
power : iter =    504 ; delta = 4.064016e-05 ; dt =  7185.9 sec
power : iter =    505 ; delta = 4.020787e-05 ; dt =  7200.3 sec
power : iter =    506 ; delta = 3.978722e-05 ; dt =  7213.9 sec
power : iter =    507 ; delta = 3.936415e-05 ; dt =  7227.6 sec
power : iter =    508 ; delta = 3.895271e-05 ; dt =  7243.2 sec
power : iter =    509 ; delta = 3.853839e-05 ; dt =  7257.5 sec
power : iter =    510 ; delta = 3.813563e-05 ; dt =  7272.5 sec
power : iter =    511 ; delta = 3.773036e-05 ; dt =  7286.2 sec
power : iter =    512 ; delta = 3.733592e-05 ; dt =  7299.8 sec
power : iter =    513 ; delta = 3.693921e-05 ; dt =  7314.3 sec
power : iter =    514 ; delta = 3.655338e-05 ; dt =  7328.4 sec
power : iter =    515 ; delta = 3.616486e-05 ; dt =  7342.0 sec
power : iter =    516 ; delta = 3.578718e-05 ; dt =  7356.3 sec
power : iter =    517 ; delta = 3.540715e-05 ; dt =  7371.3 sec
power : iter =    518 ; delta = 3.503726e-05 ; dt =  7385.0 sec
power : iter =    519 ; delta = 3.466527e-05 ; dt =  7399.3 sec
power : iter =    520 ; delta = 3.430344e-05 ; dt =  7413.6 sec
power : iter =    521 ; delta = 3.393911e-05 ; dt =  7428.0 sec
power : iter =    522 ; delta = 3.358491e-05 ; dt =  7442.3 sec
power : iter =    523 ; delta = 3.322853e-05 ; dt =  7456.6 sec
power : iter =    524 ; delta = 3.288161e-05 ; dt =  7470.9 sec
power : iter =    525 ; delta = 3.253275e-05 ; dt =  7485.2 sec
power : iter =    526 ; delta = 3.219339e-05 ; dt =  7499.6 sec
power : iter =    527 ; delta = 3.185172e-05 ; dt =  7514.6 sec
power : iter =    528 ; delta = 3.151950e-05 ; dt =  7528.9 sec
power : iter =    529 ; delta = 3.118527e-05 ; dt =  7543.2 sec
power : iter =    530 ; delta = 3.085988e-05 ; dt =  7557.5 sec
power : iter =    531 ; delta = 3.053269e-05 ; dt =  7571.8 sec
power : iter =    532 ; delta = 3.021438e-05 ; dt =  7586.8 sec
power : iter =    533 ; delta = 2.989392e-05 ; dt =  7601.1 sec
power : iter =    534 ; delta = 2.958231e-05 ; dt =  7616.8 sec
power : iter =    535 ; delta = 2.926883e-05 ; dt =  7631.1 sec
power : iter =    536 ; delta = 2.896362e-05 ; dt =  7644.8 sec
power : iter =    537 ; delta = 2.865674e-05 ; dt =  7658.4 sec
power : iter =    538 ; delta = 2.835817e-05 ; dt =  7672.7 sec
power : iter =    539 ; delta = 2.805760e-05 ; dt =  7687.7 sec
power : iter =    540 ; delta = 2.776531e-05 ; dt =  7701.4 sec
power : iter =    541 ; delta = 2.747128e-05 ; dt =  7715.7 sec
power : iter =    542 ; delta = 2.718498e-05 ; dt =  7729.4 sec
power : iter =    543 ; delta = 2.689714e-05 ; dt =  7743.7 sec
power : iter =    544 ; delta = 2.661707e-05 ; dt =  7758.0 sec
power : iter =    545 ; delta = 2.633513e-05 ; dt =  7773.0 sec
power : iter =    546 ; delta = 2.606094e-05 ; dt =  7787.3 sec
power : iter =    547 ; delta = 2.578514e-05 ; dt =  7801.6 sec
power : iter =    548 ; delta = 2.551657e-05 ; dt =  7816.6 sec
power : iter =    549 ; delta = 2.524656e-05 ; dt =  7830.3 sec
power : iter =    550 ; delta = 2.498384e-05 ; dt =  7843.9 sec
power : iter =    551 ; delta = 2.471938e-05 ; dt =  7858.6 sec
power : iter =    552 ; delta = 2.446218e-05 ; dt =  7873.1 sec
power : iter =    553 ; delta = 2.420347e-05 ; dt =  7887.4 sec
power : iter =    554 ; delta = 2.395154e-05 ; dt =  7901.1 sec
power : iter =    555 ; delta = 2.369827e-05 ; dt =  7915.4 sec
power : iter =    556 ; delta = 2.345180e-05 ; dt =  7929.7 sec
power : iter =    557 ; delta = 2.320373e-05 ; dt =  7944.0 sec
power : iter =    558 ; delta = 2.296243e-05 ; dt =  7957.7 sec
power : iter =    559 ; delta = 2.271974e-05 ; dt =  7972.0 sec
power : iter =    560 ; delta = 2.248339e-05 ; dt =  7986.3 sec
power : iter =    561 ; delta = 2.224578e-05 ; dt =  8000.7 sec
power : iter =    562 ; delta = 2.201455e-05 ; dt =  8015.0 sec
power : iter =    563 ; delta = 2.178182e-05 ; dt =  8028.6 sec
power : iter =    564 ; delta = 2.155543e-05 ; dt =  8043.6 sec
power : iter =    565 ; delta = 2.132774e-05 ; dt =  8058.6 sec
power : iter =    566 ; delta = 2.110599e-05 ; dt =  8072.3 sec
power : iter =    567 ; delta = 2.088308e-05 ; dt =  8087.2 sec
power : iter =    568 ; delta = 2.066614e-05 ; dt =  8101.5 sec
power : iter =    569 ; delta = 2.044780e-05 ; dt =  8115.8 sec
power : iter =    570 ; delta = 2.023541e-05 ; dt =  8130.8 sec
power : iter =    571 ; delta = 2.002181e-05 ; dt =  8145.2 sec
power : iter =    572 ; delta = 1.981376e-05 ; dt =  8160.0 sec
power : iter =    573 ; delta = 1.960464e-05 ; dt =  8173.7 sec
power : iter =    574 ; delta = 1.940109e-05 ; dt =  8188.0 sec
power : iter =    575 ; delta = 1.919625e-05 ; dt =  8202.3 sec
power : iter =    576 ; delta = 1.899695e-05 ; dt =  8217.3 sec
power : iter =    577 ; delta = 1.879655e-05 ; dt =  8231.6 sec
power : iter =    578 ; delta = 1.860132e-05 ; dt =  8247.3 sec
power : iter =    579 ; delta = 1.840511e-05 ; dt =  8261.0 sec
power : iter =    580 ; delta = 1.821411e-05 ; dt =  8274.6 sec
power : iter =    581 ; delta = 1.802191e-05 ; dt =  8288.3 sec
power : iter =    582 ; delta = 1.783489e-05 ; dt =  8302.6 sec
power : iter =    583 ; delta = 1.764685e-05 ; dt =  8317.6 sec
power : iter =    584 ; delta = 1.746366e-05 ; dt =  8333.9 sec
power : iter =    585 ; delta = 1.727955e-05 ; dt =  8348.2 sec
power : iter =    586 ; delta = 1.710032e-05 ; dt =  8363.9 sec
power : iter =    587 ; delta = 1.691997e-05 ; dt =  8379.5 sec
power : iter =    588 ; delta = 1.674448e-05 ; dt =  8393.2 sec
power : iter =    589 ; delta = 1.656803e-05 ; dt =  8407.5 sec
power : iter =    590 ; delta = 1.639613e-05 ; dt =  8421.8 sec
power : iter =    591 ; delta = 1.622337e-05 ; dt =  8436.8 sec
power : iter =    592 ; delta = 1.605517e-05 ; dt =  8451.8 sec
power : iter =    593 ; delta = 1.588594e-05 ; dt =  8466.2 sec
power : iter =    594 ; delta = 1.572125e-05 ; dt =  8479.8 sec
power : iter =    595 ; delta = 1.555568e-05 ; dt =  8494.8 sec
power : iter =    596 ; delta = 1.539435e-05 ; dt =  8509.1 sec
power : iter =    597 ; delta = 1.523224e-05 ; dt =  8522.8 sec
power : iter =    598 ; delta = 1.507439e-05 ; dt =  8537.1 sec
power : iter =    599 ; delta = 1.491559e-05 ; dt =  8551.4 sec
power : iter =    600 ; delta = 1.476103e-05 ; dt =  8566.4 sec
power : iter =    601 ; delta = 1.460566e-05 ; dt =  8580.8 sec
power : iter =    602 ; delta = 1.445425e-05 ; dt =  8594.4 sec
power : iter =    603 ; delta = 1.430212e-05 ; dt =  8609.4 sec
power : iter =    604 ; delta = 1.415398e-05 ; dt =  8623.7 sec
power : iter =    605 ; delta = 1.400495e-05 ; dt =  8639.4 sec
power : iter =    606 ; delta = 1.385990e-05 ; dt =  8653.0 sec
power : iter =    607 ; delta = 1.371408e-05 ; dt =  8667.4 sec
power : iter =    608 ; delta = 1.357199e-05 ; dt =  8682.3 sec
power : iter =    609 ; delta = 1.342921e-05 ; dt =  8696.7 sec
power : iter =    610 ; delta = 1.329018e-05 ; dt =  8711.0 sec
power : iter =    611 ; delta = 1.315032e-05 ; dt =  8726.0 sec
power : iter =    612 ; delta = 1.301417e-05 ; dt =  8739.6 sec
power : iter =    613 ; delta = 1.287733e-05 ; dt =  8754.6 sec
power : iter =    614 ; delta = 1.274396e-05 ; dt =  8769.6 sec
power : iter =    615 ; delta = 1.260997e-05 ; dt =  8783.9 sec
power : iter =    616 ; delta = 1.247947e-05 ; dt =  8798.3 sec
power : iter =    617 ; delta = 1.234821e-05 ; dt =  8813.2 sec
power : iter =    618 ; delta = 1.222043e-05 ; dt =  8827.5 sec
power : iter =    619 ; delta = 1.209200e-05 ; dt =  8841.8 sec
power : iter =    620 ; delta = 1.196682e-05 ; dt =  8856.8 sec
power : iter =    621 ; delta = 1.184107e-05 ; dt =  8871.1 sec
power : iter =    622 ; delta = 1.171859e-05 ; dt =  8884.8 sec
power : iter =    623 ; delta = 1.159540e-05 ; dt =  8899.8 sec
power : iter =    624 ; delta = 1.147547e-05 ; dt =  8914.1 sec
power : iter =    625 ; delta = 1.135493e-05 ; dt =  8927.7 sec
power : iter =    626 ; delta = 1.123743e-05 ; dt =  8942.7 sec
power : iter =    627 ; delta = 1.111941e-05 ; dt =  8957.7 sec
power : iter =    628 ; delta = 1.100444e-05 ; dt =  8971.4 sec
power : iter =    629 ; delta = 1.088881e-05 ; dt =  8985.0 sec
power : iter =    630 ; delta = 1.077623e-05 ; dt =  8999.3 sec
power : iter =    631 ; delta = 1.066309e-05 ; dt =  9013.6 sec
power : iter =    632 ; delta = 1.055280e-05 ; dt =  9027.3 sec
power : iter =    633 ; delta = 1.044202e-05 ; dt =  9041.0 sec
power : iter =    634 ; delta = 1.033410e-05 ; dt =  9054.6 sec
power : iter =    635 ; delta = 1.022557e-05 ; dt =  9069.6 sec
power : iter =    636 ; delta = 1.011989e-05 ; dt =  9084.6 sec
power : iter =    637 ; delta = 1.001370e-05 ; dt =  9098.2 sec
power : iter =    638 ; delta = 9.910173e-06 ; dt =  9112.6 sec
power : iter =    639 ; delta = 9.806189e-06 ; dt =  9126.2 sec
power : iter =    640 ; delta = 9.704884e-06 ; dt =  9139.9 sec
power : iter =    641 ; delta = 9.603018e-06 ; dt =  9154.2 sec
power : iter =    642 ; delta = 9.503819e-06 ; dt =  9168.4 sec
power : iter =    643 ; delta = 9.404143e-06 ; dt =  9182.2 sec
power : iter =    644 ; delta = 9.306961e-06 ; dt =  9196.3 sec
power : iter =    645 ; delta = 9.209356e-06 ; dt =  9211.3 sec
power : iter =    646 ; delta = 9.114257e-06 ; dt =  9224.9 sec
power : iter =    647 ; delta = 9.018637e-06 ; dt =  9238.6 sec
power : iter =    648 ; delta = 8.925512e-06 ; dt =  9252.9 sec
power : iter =    649 ; delta = 8.831943e-06 ; dt =  9267.2 sec
power : iter =    650 ; delta = 8.740709e-06 ; dt =  9280.9 sec
power : iter =    651 ; delta = 8.649084e-06 ; dt =  9294.5 sec
power : iter =    652 ; delta = 8.559804e-06 ; dt =  9308.2 sec
power : iter =    653 ; delta = 8.470041e-06 ; dt =  9323.8 sec
power : iter =    654 ; delta = 8.382614e-06 ; dt =  9339.5 sec
power : iter =    655 ; delta = 8.294776e-06 ; dt =  9354.5 sec
power : iter =    656 ; delta = 8.209122e-06 ; dt =  9368.8 sec
power : iter =    657 ; delta = 8.123108e-06 ; dt =  9383.1 sec
power : iter =    658 ; delta = 8.039288e-06 ; dt =  9397.4 sec
power : iter =    659 ; delta = 7.955021e-06 ; dt =  9411.1 sec
power : iter =    660 ; delta = 7.872939e-06 ; dt =  9425.4 sec
power : iter =    661 ; delta = 7.790478e-06 ; dt =  9439.7 sec
power : iter =    662 ; delta = 7.710061e-06 ; dt =  9454.0 sec
power : iter =    663 ; delta = 7.629311e-06 ; dt =  9468.4 sec
power : iter =    664 ; delta = 7.550615e-06 ; dt =  9483.3 sec
power : iter =    665 ; delta = 7.471505e-06 ; dt =  9498.3 sec
power : iter =    666 ; delta = 7.394440e-06 ; dt =  9512.0 sec
power : iter =    667 ; delta = 7.317023e-06 ; dt =  9526.2 sec
power : iter =    668 ; delta = 7.241521e-06 ; dt =  9541.8 sec
power : iter =    669 ; delta = 7.165710e-06 ; dt =  9555.5 sec
power : iter =    670 ; delta = 7.091822e-06 ; dt =  9570.5 sec
power : iter =    671 ; delta = 7.017551e-06 ; dt =  9585.5 sec
power : iter =    672 ; delta = 6.945192e-06 ; dt =  9599.8 sec
power : iter =    673 ; delta = 6.872510e-06 ; dt =  9614.1 sec
power : iter =    674 ; delta = 6.801621e-06 ; dt =  9628.4 sec
power : iter =    675 ; delta = 6.730449e-06 ; dt =  9642.1 sec
power : iter =    676 ; delta = 6.661075e-06 ; dt =  9655.7 sec
power : iter =    677 ; delta = 6.591348e-06 ; dt =  9670.0 sec
power : iter =    678 ; delta = 6.523410e-06 ; dt =  9683.7 sec
power : iter =    679 ; delta = 6.455174e-06 ; dt =  9698.0 sec
power : iter =    680 ; delta = 6.388615e-06 ; dt =  9712.3 sec
power : iter =    681 ; delta = 6.321794e-06 ; dt =  9726.0 sec
power : iter =    682 ; delta = 6.256656e-06 ; dt =  9740.3 sec
power : iter =    683 ; delta = 6.191191e-06 ; dt =  9754.0 sec
power : iter =    684 ; delta = 6.127401e-06 ; dt =  9767.8 sec
power : iter =    685 ; delta = 6.063336e-06 ; dt =  9783.1 sec
power : iter =    686 ; delta = 6.000840e-06 ; dt =  9796.7 sec
power : iter =    687 ; delta = 5.938102e-06 ; dt =  9811.7 sec
power : iter =    688 ; delta = 5.876940e-06 ; dt =  9826.0 sec
power : iter =    689 ; delta = 5.815474e-06 ; dt =  9839.7 sec
power : iter =    690 ; delta = 5.755576e-06 ; dt =  9854.0 sec
power : iter =    691 ; delta = 5.695423e-06 ; dt =  9867.7 sec
power : iter =    692 ; delta = 5.636739e-06 ; dt =  9881.3 sec
power : iter =    693 ; delta = 5.577832e-06 ; dt =  9897.0 sec
power : iter =    694 ; delta = 5.520400e-06 ; dt =  9911.3 sec
power : iter =    695 ; delta = 5.462687e-06 ; dt =  9924.9 sec
power : iter =    696 ; delta = 5.406442e-06 ; dt =  9939.3 sec
power : iter =    697 ; delta = 5.349961e-06 ; dt =  9952.9 sec
power : iter =    698 ; delta = 5.294854e-06 ; dt =  9967.9 sec
power : iter =    699 ; delta = 5.239542e-06 ; dt =  9981.6 sec
power : iter =    700 ; delta = 5.185610e-06 ; dt =  9995.9 sec
power : iter =    701 ; delta = 5.131419e-06 ; dt = 10010.2 sec
power : iter =    702 ; delta = 5.078603e-06 ; dt = 10023.8 sec
power : iter =    703 ; delta = 5.025568e-06 ; dt = 10038.2 sec
power : iter =    704 ; delta = 4.973821e-06 ; dt = 10051.8 sec
power : iter =    705 ; delta = 4.921885e-06 ; dt = 10066.2 sec
power : iter =    706 ; delta = 4.871241e-06 ; dt = 10081.1 sec
power : iter =    707 ; delta = 4.820358e-06 ; dt = 10094.8 sec
power : iter =    708 ; delta = 4.770760e-06 ; dt = 10108.5 sec
power : iter =    709 ; delta = 4.720961e-06 ; dt = 10122.8 sec
power : iter =    710 ; delta = 4.672366e-06 ; dt = 10137.1 sec
power : iter =    711 ; delta = 4.623597e-06 ; dt = 10152.1 sec
power : iter =    712 ; delta = 4.576037e-06 ; dt = 10166.4 sec
power : iter =    713 ; delta = 4.528256e-06 ; dt = 10181.4 sec
power : iter =    714 ; delta = 4.481678e-06 ; dt = 10196.4 sec
power : iter =    715 ; delta = 4.434915e-06 ; dt = 10211.4 sec
power : iter =    716 ; delta = 4.389279e-06 ; dt = 10225.0 sec
power : iter =    717 ; delta = 4.343482e-06 ; dt = 10239.4 sec
power : iter =    718 ; delta = 4.298818e-06 ; dt = 10253.7 sec
power : iter =    719 ; delta = 4.253949e-06 ; dt = 10268.0 sec
power : iter =    720 ; delta = 4.210206e-06 ; dt = 10281.7 sec
power : iter =    721 ; delta = 4.166293e-06 ; dt = 10296.0 sec
power : iter =    722 ; delta = 4.123434e-06 ; dt = 10310.3 sec
power : iter =    723 ; delta = 4.080428e-06 ; dt = 10324.6 sec
power : iter =    724 ; delta = 4.038480e-06 ; dt = 10338.3 sec
power : iter =    725 ; delta = 3.996346e-06 ; dt = 10351.9 sec
power : iter =    726 ; delta = 3.955265e-06 ; dt = 10367.5 sec
power : iter =    727 ; delta = 3.914028e-06 ; dt = 10381.9 sec
power : iter =    728 ; delta = 3.873778e-06 ; dt = 10396.2 sec
power : iter =    729 ; delta = 3.833393e-06 ; dt = 10410.5 sec
power : iter =    730 ; delta = 3.794001e-06 ; dt = 10424.8 sec
power : iter =    731 ; delta = 3.754433e-06 ; dt = 10438.7 sec
power : iter =    732 ; delta = 3.715852e-06 ; dt = 10453.4 sec
power : iter =    733 ; delta = 3.677127e-06 ; dt = 10467.0 sec
power : iter =    734 ; delta = 3.639325e-06 ; dt = 10481.3 sec
power : iter =    735 ; delta = 3.601398e-06 ; dt = 10497.0 sec
power : iter =    736 ; delta = 3.564400e-06 ; dt = 10512.0 sec
power : iter =    737 ; delta = 3.527242e-06 ; dt = 10526.9 sec
power : iter =    738 ; delta = 3.491006e-06 ; dt = 10540.6 sec
power : iter =    739 ; delta = 3.454637e-06 ; dt = 10554.3 sec
power : iter =    740 ; delta = 3.419134e-06 ; dt = 10567.9 sec
power : iter =    741 ; delta = 3.383515e-06 ; dt = 10581.6 sec
power : iter =    742 ; delta = 3.348765e-06 ; dt = 10595.9 sec
power : iter =    743 ; delta = 3.313867e-06 ; dt = 10610.2 sec
power : iter =    744 ; delta = 3.279833e-06 ; dt = 10625.2 sec
power : iter =    745 ; delta = 3.245677e-06 ; dt = 10639.5 sec
power : iter =    746 ; delta = 3.212331e-06 ; dt = 10653.2 sec
power : iter =    747 ; delta = 3.178879e-06 ; dt = 10667.5 sec
power : iter =    748 ; delta = 3.146241e-06 ; dt = 10681.8 sec
power : iter =    749 ; delta = 3.113465e-06 ; dt = 10695.5 sec
power : iter =    750 ; delta = 3.081498e-06 ; dt = 10709.8 sec
power : iter =    751 ; delta = 3.049419e-06 ; dt = 10723.6 sec
power : iter =    752 ; delta = 3.018098e-06 ; dt = 10738.9 sec
power : iter =    753 ; delta = 2.986680e-06 ; dt = 10752.5 sec
power : iter =    754 ; delta = 2.956024e-06 ; dt = 10766.8 sec
power : iter =    755 ; delta = 2.925241e-06 ; dt = 10781.2 sec
power : iter =    756 ; delta = 2.895215e-06 ; dt = 10796.2 sec
power : iter =    757 ; delta = 2.865085e-06 ; dt = 10810.4 sec
power : iter =    758 ; delta = 2.835665e-06 ; dt = 10824.7 sec
power : iter =    759 ; delta = 2.806156e-06 ; dt = 10839.0 sec
power : iter =    760 ; delta = 2.777360e-06 ; dt = 10852.7 sec
power : iter =    761 ; delta = 2.748447e-06 ; dt = 10867.7 sec
power : iter =    762 ; delta = 2.720244e-06 ; dt = 10882.7 sec
power : iter =    763 ; delta = 2.691944e-06 ; dt = 10897.0 sec
power : iter =    764 ; delta = 2.664310e-06 ; dt = 10911.9 sec
power : iter =    765 ; delta = 2.636593e-06 ; dt = 10926.3 sec
power : iter =    766 ; delta = 2.609544e-06 ; dt = 10939.9 sec
power : iter =    767 ; delta = 2.582388e-06 ; dt = 10954.3 sec
power : iter =    768 ; delta = 2.555896e-06 ; dt = 10969.2 sec
power : iter =    769 ; delta = 2.529316e-06 ; dt = 10982.8 sec
power : iter =    770 ; delta = 2.503358e-06 ; dt = 10997.1 sec
power : iter =    771 ; delta = 2.477325e-06 ; dt = 11010.8 sec
power : iter =    772 ; delta = 2.451917e-06 ; dt = 11025.1 sec
power : iter =    773 ; delta = 2.426410e-06 ; dt = 11038.8 sec
power : iter =    774 ; delta = 2.401525e-06 ; dt = 11053.8 sec
power : iter =    775 ; delta = 2.376559e-06 ; dt = 11068.7 sec
power : iter =    776 ; delta = 2.352175e-06 ; dt = 11082.4 sec
power : iter =    777 ; delta = 2.327722e-06 ; dt = 11096.8 sec
power : iter =    778 ; delta = 2.303854e-06 ; dt = 11111.6 sec
power : iter =    779 ; delta = 2.279896e-06 ; dt = 11126.0 sec
power : iter =    780 ; delta = 2.256519e-06 ; dt = 11141.6 sec
power : iter =    781 ; delta = 2.233067e-06 ; dt = 11156.0 sec
power : iter =    782 ; delta = 2.210161e-06 ; dt = 11172.9 sec
power : iter =    783 ; delta = 2.187193e-06 ; dt = 11187.9 sec
power : iter =    784 ; delta = 2.164772e-06 ; dt = 11202.2 sec
power : iter =    785 ; delta = 2.142267e-06 ; dt = 11217.2 sec
power : iter =    786 ; delta = 2.120306e-06 ; dt = 11231.5 sec
power : iter =    787 ; delta = 2.098278e-06 ; dt = 11245.8 sec
power : iter =    788 ; delta = 2.076760e-06 ; dt = 11260.2 sec
power : iter =    789 ; delta = 2.055185e-06 ; dt = 11275.1 sec
power : iter =    790 ; delta = 2.034122e-06 ; dt = 11289.5 sec
power : iter =    791 ; delta = 2.012982e-06 ; dt = 11303.9 sec
power : iter =    792 ; delta = 1.992352e-06 ; dt = 11319.4 sec
power : iter =    793 ; delta = 1.971660e-06 ; dt = 11333.7 sec
power : iter =    794 ; delta = 1.951446e-06 ; dt = 11348.0 sec
power : iter =    795 ; delta = 1.931179e-06 ; dt = 11362.3 sec
power : iter =    796 ; delta = 1.911392e-06 ; dt = 11377.3 sec
power : iter =    797 ; delta = 1.891533e-06 ; dt = 11391.7 sec
power : iter =    798 ; delta = 1.872153e-06 ; dt = 11406.0 sec
power : iter =    799 ; delta = 1.852714e-06 ; dt = 11421.0 sec
power : iter =    800 ; delta = 1.833724e-06 ; dt = 11435.3 sec
power : iter =    801 ; delta = 1.814685e-06 ; dt = 11450.3 sec
power : iter =    802 ; delta = 1.796096e-06 ; dt = 11465.3 sec
power : iter =    803 ; delta = 1.777441e-06 ; dt = 11479.6 sec
power : iter =    804 ; delta = 1.759234e-06 ; dt = 11493.9 sec
power : iter =    805 ; delta = 1.740973e-06 ; dt = 11509.6 sec
power : iter =    806 ; delta = 1.723132e-06 ; dt = 11523.4 sec
power : iter =    807 ; delta = 1.705247e-06 ; dt = 11538.2 sec
power : iter =    808 ; delta = 1.687783e-06 ; dt = 11551.8 sec
power : iter =    809 ; delta = 1.670258e-06 ; dt = 11566.1 sec
power : iter =    810 ; delta = 1.653152e-06 ; dt = 11579.8 sec
power : iter =    811 ; delta = 1.635998e-06 ; dt = 11594.1 sec
power : iter =    812 ; delta = 1.619236e-06 ; dt = 11607.8 sec
power : iter =    813 ; delta = 1.602435e-06 ; dt = 11622.8 sec
power : iter =    814 ; delta = 1.586027e-06 ; dt = 11637.1 sec
power : iter =    815 ; delta = 1.569564e-06 ; dt = 11651.4 sec
power : iter =    816 ; delta = 1.553493e-06 ; dt = 11665.1 sec
power : iter =    817 ; delta = 1.537378e-06 ; dt = 11678.7 sec
power : iter =    818 ; delta = 1.521630e-06 ; dt = 11692.4 sec
power : iter =    819 ; delta = 1.505847e-06 ; dt = 11708.0 sec
power : iter =    820 ; delta = 1.490432e-06 ; dt = 11723.2 sec
power : iter =    821 ; delta = 1.474966e-06 ; dt = 11737.9 sec
power : iter =    822 ; delta = 1.459867e-06 ; dt = 11752.2 sec
power : iter =    823 ; delta = 1.444728e-06 ; dt = 11767.2 sec
power : iter =    824 ; delta = 1.429933e-06 ; dt = 11780.9 sec
power : iter =    825 ; delta = 1.415105e-06 ; dt = 11795.2 sec
power : iter =    826 ; delta = 1.400622e-06 ; dt = 11808.8 sec
power : iter =    827 ; delta = 1.386093e-06 ; dt = 11822.5 sec
power : iter =    828 ; delta = 1.371907e-06 ; dt = 11836.1 sec
power : iter =    829 ; delta = 1.357685e-06 ; dt = 11851.8 sec
power : iter =    830 ; delta = 1.343785e-06 ; dt = 11866.7 sec
power : iter =    831 ; delta = 1.329854e-06 ; dt = 11881.7 sec
power : iter =    832 ; delta = 1.316247e-06 ; dt = 11895.4 sec
power : iter =    833 ; delta = 1.302597e-06 ; dt = 11910.4 sec
power : iter =    834 ; delta = 1.289269e-06 ; dt = 11925.4 sec
power : iter =    835 ; delta = 1.275907e-06 ; dt = 11939.7 sec
power : iter =    836 ; delta = 1.262847e-06 ; dt = 11954.7 sec
power : iter =    837 ; delta = 1.249760e-06 ; dt = 11970.3 sec
power : iter =    838 ; delta = 1.236975e-06 ; dt = 11984.6 sec
power : iter =    839 ; delta = 1.224151e-06 ; dt = 11999.6 sec
power : iter =    840 ; delta = 1.211628e-06 ; dt = 12013.2 sec
power : iter =    841 ; delta = 1.199074e-06 ; dt = 12026.9 sec
power : iter =    842 ; delta = 1.186803e-06 ; dt = 12041.2 sec
power : iter =    843 ; delta = 1.174506e-06 ; dt = 12056.9 sec
power : iter =    844 ; delta = 1.162494e-06 ; dt = 12070.5 sec
power : iter =    845 ; delta = 1.150445e-06 ; dt = 12084.8 sec
power : iter =    846 ; delta = 1.138678e-06 ; dt = 12099.8 sec
power : iter =    847 ; delta = 1.126884e-06 ; dt = 12113.5 sec
power : iter =    848 ; delta = 1.115353e-06 ; dt = 12127.8 sec
power : iter =    849 ; delta = 1.103801e-06 ; dt = 12142.1 sec
power : iter =    850 ; delta = 1.092513e-06 ; dt = 12155.8 sec
power : iter =    851 ; delta = 1.081193e-06 ; dt = 12169.4 sec
power : iter =    852 ; delta = 1.070137e-06 ; dt = 12184.4 sec
power : iter =    853 ; delta = 1.059055e-06 ; dt = 12198.1 sec
power : iter =    854 ; delta = 1.048221e-06 ; dt = 12212.4 sec
power : iter =    855 ; delta = 1.037366e-06 ; dt = 12226.7 sec
power : iter =    856 ; delta = 1.026760e-06 ; dt = 12240.3 sec
power : iter =    857 ; delta = 1.016124e-06 ; dt = 12254.0 sec
power : iter =    858 ; delta = 1.005735e-06 ; dt = 12268.3 sec
power : iter =    859 ; delta = 9.953233e-07 ; dt = 12282.6 sec
power : iter =    860 ; delta = 9.851432e-07 ; dt = 12297.6 sec
power : iter =    861 ; delta = 9.749446e-07 ; dt = 12311.9 sec
power : iter =    862 ; delta = 9.649786e-07 ; dt = 12325.6 sec
power : iter =    863 ; delta = 9.549853e-07 ; dt = 12340.6 sec
power : iter =    864 ; delta = 9.452232e-07 ; dt = 12354.2 sec
power : iter =    865 ; delta = 9.354403e-07 ; dt = 12368.5 sec
power : iter =    866 ; delta = 9.258744e-07 ; dt = 12382.8 sec
power : iter =    867 ; delta = 9.162920e-07 ; dt = 12396.5 sec
power : iter =    868 ; delta = 9.069272e-07 ; dt = 12410.2 sec
power : iter =    869 ; delta = 8.975377e-07 ; dt = 12423.8 sec
power : iter =    870 ; delta = 8.883645e-07 ; dt = 12437.6 sec
power : iter =    871 ; delta = 8.791725e-07 ; dt = 12452.3 sec
power : iter =    872 ; delta = 8.701837e-07 ; dt = 12466.0 sec
power : iter =    873 ; delta = 8.611799e-07 ; dt = 12479.7 sec
power : iter =    874 ; delta = 8.523801e-07 ; dt = 12493.3 sec
power : iter =    875 ; delta = 8.435575e-07 ; dt = 12507.0 sec
power : iter =    876 ; delta = 8.349376e-07 ; dt = 12521.9 sec
power : iter =    877 ; delta = 8.263007e-07 ; dt = 12536.3 sec
power : iter =    878 ; delta = 8.178539e-07 ; dt = 12550.6 sec
power : iter =    879 ; delta = 8.093939e-07 ; dt = 12564.3 sec
power : iter =    880 ; delta = 8.011246e-07 ; dt = 12578.6 sec
power : iter =    881 ; delta = 7.928347e-07 ; dt = 12592.2 sec
power : iter =    882 ; delta = 7.847346e-07 ; dt = 12605.9 sec
power : iter =    883 ; delta = 7.766190e-07 ; dt = 12619.5 sec
power : iter =    884 ; delta = 7.686817e-07 ; dt = 12633.2 sec
power : iter =    885 ; delta = 7.607322e-07 ; dt = 12646.8 sec
power : iter =    886 ; delta = 7.529616e-07 ; dt = 12661.2 sec
power : iter =    887 ; delta = 7.451720e-07 ; dt = 12676.2 sec
power : iter =    888 ; delta = 7.375602e-07 ; dt = 12690.5 sec
power : iter =    889 ; delta = 7.299345e-07 ; dt = 12704.1 sec
power : iter =    890 ; delta = 7.224756e-07 ; dt = 12718.5 sec
power : iter =    891 ; delta = 7.150060e-07 ; dt = 12732.8 sec
power : iter =    892 ; delta = 7.077037e-07 ; dt = 12746.4 sec
power : iter =    893 ; delta = 7.003843e-07 ; dt = 12760.1 sec
power : iter =    894 ; delta = 6.932313e-07 ; dt = 12773.7 sec
power : iter =    895 ; delta = 6.860657e-07 ; dt = 12787.4 sec
power : iter =    896 ; delta = 6.790564e-07 ; dt = 12801.1 sec
power : iter =    897 ; delta = 6.720374e-07 ; dt = 12815.4 sec
power : iter =    898 ; delta = 6.651752e-07 ; dt = 12829.7 sec
power : iter =    899 ; delta = 6.582974e-07 ; dt = 12844.0 sec
power : iter =    900 ; delta = 6.515754e-07 ; dt = 12857.7 sec
power : iter =    901 ; delta = 6.448421e-07 ; dt = 12872.7 sec
power : iter =    902 ; delta = 6.382551e-07 ; dt = 12887.0 sec
power : iter =    903 ; delta = 6.316595e-07 ; dt = 12900.6 sec
power : iter =    904 ; delta = 6.252107e-07 ; dt = 12914.3 sec
power : iter =    905 ; delta = 6.187478e-07 ; dt = 12928.0 sec
power : iter =    906 ; delta = 6.124308e-07 ; dt = 12942.3 sec
power : iter =    907 ; delta = 6.061037e-07 ; dt = 12957.3 sec
power : iter =    908 ; delta = 5.999135e-07 ; dt = 12970.9 sec
power : iter =    909 ; delta = 5.937158e-07 ; dt = 12984.6 sec
power : iter =    910 ; delta = 5.876555e-07 ; dt = 12998.9 sec
power : iter =    911 ; delta = 5.815823e-07 ; dt = 13013.9 sec
power : iter =    912 ; delta = 5.756457e-07 ; dt = 13027.5 sec
power : iter =    913 ; delta = 5.697001e-07 ; dt = 13041.2 sec
power : iter =    914 ; delta = 5.638827e-07 ; dt = 13055.5 sec
power : iter =    915 ; delta = 5.580586e-07 ; dt = 13069.2 sec
power : iter =    916 ; delta = 5.523631e-07 ; dt = 13082.8 sec
power : iter =    917 ; delta = 5.466561e-07 ; dt = 13097.1 sec
power : iter =    918 ; delta = 5.410769e-07 ; dt = 13111.5 sec
power : iter =    919 ; delta = 5.354896e-07 ; dt = 13125.1 sec
power : iter =    920 ; delta = 5.300225e-07 ; dt = 13140.1 sec
power : iter =    921 ; delta = 5.245494e-07 ; dt = 13153.8 sec
power : iter =    922 ; delta = 5.191969e-07 ; dt = 13167.4 sec
power : iter =    923 ; delta = 5.138338e-07 ; dt = 13181.1 sec
power : iter =    924 ; delta = 5.085905e-07 ; dt = 13194.7 sec
power : iter =    925 ; delta = 5.033399e-07 ; dt = 13208.4 sec
power : iter =    926 ; delta = 4.982019e-07 ; dt = 13222.1 sec
power : iter =    927 ; delta = 4.930586e-07 ; dt = 13237.1 sec
power : iter =    928 ; delta = 4.880282e-07 ; dt = 13250.7 sec
power : iter =    929 ; delta = 4.829883e-07 ; dt = 13265.0 sec
power : iter =    930 ; delta = 4.780605e-07 ; dt = 13279.3 sec
power : iter =    931 ; delta = 4.731263e-07 ; dt = 13293.7 sec
power : iter =    932 ; delta = 4.682974e-07 ; dt = 13307.3 sec
power : iter =    933 ; delta = 4.634640e-07 ; dt = 13321.7 sec
power : iter =    934 ; delta = 4.587363e-07 ; dt = 13335.3 sec
power : iter =    935 ; delta = 4.540000e-07 ; dt = 13349.6 sec
power : iter =    936 ; delta = 4.493687e-07 ; dt = 13363.3 sec
power : iter =    937 ; delta = 4.447316e-07 ; dt = 13377.6 sec
power : iter =    938 ; delta = 4.401933e-07 ; dt = 13391.3 sec
power : iter =    939 ; delta = 4.356510e-07 ; dt = 13405.6 sec
power : iter =    940 ; delta = 4.312076e-07 ; dt = 13419.9 sec
power : iter =    941 ; delta = 4.267566e-07 ; dt = 13433.6 sec
power : iter =    942 ; delta = 4.224039e-07 ; dt = 13447.9 sec
power : iter =    943 ; delta = 4.180461e-07 ; dt = 13462.2 sec
power : iter =    944 ; delta = 4.137807e-07 ; dt = 13476.5 sec
power : iter =    945 ; delta = 4.095119e-07 ; dt = 13491.5 sec
power : iter =    946 ; delta = 4.053358e-07 ; dt = 13505.8 sec
power : iter =    947 ; delta = 4.011528e-07 ; dt = 13519.5 sec
power : iter =    948 ; delta = 3.970619e-07 ; dt = 13533.8 sec
power : iter =    949 ; delta = 3.929664e-07 ; dt = 13547.5 sec
power : iter =    950 ; delta = 3.889576e-07 ; dt = 13561.8 sec
power : iter =    951 ; delta = 3.849458e-07 ; dt = 13575.5 sec
power : iter =    952 ; delta = 3.810208e-07 ; dt = 13589.8 sec
power : iter =    953 ; delta = 3.770896e-07 ; dt = 13604.1 sec
power : iter =    954 ; delta = 3.732446e-07 ; dt = 13617.8 sec
power : iter =    955 ; delta = 3.693957e-07 ; dt = 13631.4 sec
power : iter =    956 ; delta = 3.656279e-07 ; dt = 13646.4 sec
power : iter =    957 ; delta = 3.618575e-07 ; dt = 13660.1 sec
power : iter =    958 ; delta = 3.581685e-07 ; dt = 13674.4 sec
power : iter =    959 ; delta = 3.544739e-07 ; dt = 13688.1 sec
power : iter =    960 ; delta = 3.508600e-07 ; dt = 13701.7 sec
power : iter =    961 ; delta = 3.472427e-07 ; dt = 13716.0 sec
power : iter =    962 ; delta = 3.437014e-07 ; dt = 13729.7 sec
power : iter =    963 ; delta = 3.401579e-07 ; dt = 13744.0 sec
power : iter =    964 ; delta = 3.366906e-07 ; dt = 13757.7 sec
power : iter =    965 ; delta = 3.332183e-07 ; dt = 13772.0 sec
power : iter =    966 ; delta = 3.298216e-07 ; dt = 13786.3 sec
power : iter =    967 ; delta = 3.264219e-07 ; dt = 13801.3 sec
power : iter =    968 ; delta = 3.230934e-07 ; dt = 13814.9 sec
power : iter =    969 ; delta = 3.197631e-07 ; dt = 13828.6 sec
power : iter =    970 ; delta = 3.165041e-07 ; dt = 13842.3 sec
power : iter =    971 ; delta = 3.132407e-07 ; dt = 13855.9 sec
power : iter =    972 ; delta = 3.100481e-07 ; dt = 13869.6 sec
power : iter =    973 ; delta = 3.068530e-07 ; dt = 13883.9 sec
power : iter =    974 ; delta = 3.037245e-07 ; dt = 13898.2 sec
power : iter =    975 ; delta = 3.005945e-07 ; dt = 13911.9 sec
power : iter =    976 ; delta = 2.975313e-07 ; dt = 13926.2 sec
power : iter =    977 ; delta = 2.944642e-07 ; dt = 13939.8 sec
power : iter =    978 ; delta = 2.914635e-07 ; dt = 13953.5 sec
power : iter =    979 ; delta = 2.884605e-07 ; dt = 13967.2 sec
power : iter =    980 ; delta = 2.855199e-07 ; dt = 13980.8 sec
power : iter =    981 ; delta = 2.825782e-07 ; dt = 13995.1 sec
power : iter =    982 ; delta = 2.796990e-07 ; dt = 14009.5 sec
power : iter =    983 ; delta = 2.768163e-07 ; dt = 14023.8 sec
power : iter =    984 ; delta = 2.739957e-07 ; dt = 14037.4 sec
power : iter =    985 ; delta = 2.711733e-07 ; dt = 14051.8 sec
power : iter =    986 ; delta = 2.684093e-07 ; dt = 14065.4 sec
power : iter =    987 ; delta = 2.656445e-07 ; dt = 14079.1 sec
power : iter =    988 ; delta = 2.629382e-07 ; dt = 14093.4 sec
power : iter =    989 ; delta = 2.602289e-07 ; dt = 14107.1 sec
power : iter =    990 ; delta = 2.575777e-07 ; dt = 14121.5 sec
power : iter =    991 ; delta = 2.549250e-07 ; dt = 14135.1 sec
power : iter =    992 ; delta = 2.523270e-07 ; dt = 14148.8 sec
power : iter =    993 ; delta = 2.497284e-07 ; dt = 14162.5 sec
power : iter =    994 ; delta = 2.471846e-07 ; dt = 14176.8 sec
power : iter =    995 ; delta = 2.446382e-07 ; dt = 14190.5 sec
power : iter =    996 ; delta = 2.421462e-07 ; dt = 14204.8 sec
power : iter =    997 ; delta = 2.396529e-07 ; dt = 14218.5 sec
power : iter =    998 ; delta = 2.372109e-07 ; dt = 14233.1 sec
power : iter =    999 ; delta = 2.347685e-07 ; dt = 14247.6 sec
power : iter =   1000 ; delta = 2.323774e-07 ; dt = 14264.0 sec
power : iter =   1001 ; delta = 2.299840e-07 ; dt = 14277.7 sec
power : iter =   1002 ; delta = 2.276416e-07 ; dt = 14292.0 sec
power : iter =   1003 ; delta = 2.252982e-07 ; dt = 14305.7 sec
power : iter =   1004 ; delta = 2.230028e-07 ; dt = 14320.0 sec
power : iter =   1005 ; delta = 2.207071e-07 ; dt = 14333.7 sec
power : iter =   1006 ; delta = 2.184595e-07 ; dt = 14347.3 sec
power : iter =   1007 ; delta = 2.162099e-07 ; dt = 14361.7 sec
power : iter =   1008 ; delta = 2.140081e-07 ; dt = 14376.0 sec
power : iter =   1009 ; delta = 2.118055e-07 ; dt = 14390.3 sec
power : iter =   1010 ; delta = 2.096478e-07 ; dt = 14405.3 sec
power : iter =   1011 ; delta = 2.074901e-07 ; dt = 14419.0 sec
power : iter =   1012 ; delta = 2.053774e-07 ; dt = 14432.7 sec
power : iter =   1013 ; delta = 2.032629e-07 ; dt = 14447.7 sec
power : iter =   1014 ; delta = 2.011932e-07 ; dt = 14462.0 sec
power : iter =   1015 ; delta = 1.991229e-07 ; dt = 14475.7 sec
power : iter =   1016 ; delta = 1.970947e-07 ; dt = 14490.0 sec
power : iter =   1017 ; delta = 1.950665e-07 ; dt = 14504.3 sec
power : iter =   1018 ; delta = 1.930806e-07 ; dt = 14518.7 sec
power : iter =   1019 ; delta = 1.910931e-07 ; dt = 14532.3 sec
power : iter =   1020 ; delta = 1.891476e-07 ; dt = 14546.0 sec
power : iter =   1021 ; delta = 1.872016e-07 ; dt = 14560.3 sec
power : iter =   1022 ; delta = 1.852950e-07 ; dt = 14574.7 sec
power : iter =   1023 ; delta = 1.833887e-07 ; dt = 14588.3 sec
power : iter =   1024 ; delta = 1.815220e-07 ; dt = 14602.7 sec
power : iter =   1025 ; delta = 1.796539e-07 ; dt = 14618.3 sec
power : iter =   1026 ; delta = 1.778252e-07 ; dt = 14632.0 sec
power : iter =   1027 ; delta = 1.759961e-07 ; dt = 14645.7 sec
power : iter =   1028 ; delta = 1.742040e-07 ; dt = 14660.6 sec
power : iter =   1029 ; delta = 1.724123e-07 ; dt = 14674.3 sec
power : iter =   1030 ; delta = 1.706575e-07 ; dt = 14688.6 sec
power : iter =   1031 ; delta = 1.689017e-07 ; dt = 14702.3 sec
power : iter =   1032 ; delta = 1.671826e-07 ; dt = 14717.5 sec
power : iter =   1033 ; delta = 1.654634e-07 ; dt = 14731.6 sec
power : iter =   1034 ; delta = 1.637788e-07 ; dt = 14746.6 sec
power : iter =   1035 ; delta = 1.620946e-07 ; dt = 14760.2 sec
power : iter =   1036 ; delta = 1.604450e-07 ; dt = 14773.9 sec
power : iter =   1037 ; delta = 1.587946e-07 ; dt = 14789.6 sec
power : iter =   1038 ; delta = 1.571786e-07 ; dt = 14803.9 sec
power : iter =   1039 ; delta = 1.555625e-07 ; dt = 14818.2 sec
power : iter =   1040 ; delta = 1.539789e-07 ; dt = 14832.6 sec
power : iter =   1041 ; delta = 1.523958e-07 ; dt = 14846.2 sec
power : iter =   1042 ; delta = 1.508451e-07 ; dt = 14859.9 sec
power : iter =   1043 ; delta = 1.492937e-07 ; dt = 14873.6 sec
power : iter =   1044 ; delta = 1.477746e-07 ; dt = 14887.2 sec
power : iter =   1045 ; delta = 1.462555e-07 ; dt = 14901.6 sec
power : iter =   1046 ; delta = 1.447668e-07 ; dt = 14915.2 sec
power : iter =   1047 ; delta = 1.432786e-07 ; dt = 14928.9 sec
power : iter =   1048 ; delta = 1.418209e-07 ; dt = 14943.2 sec
power : iter =   1049 ; delta = 1.403626e-07 ; dt = 14958.2 sec
power : iter =   1050 ; delta = 1.389345e-07 ; dt = 14973.2 sec
power : iter =   1051 ; delta = 1.375066e-07 ; dt = 14986.9 sec
power : iter =   1052 ; delta = 1.361071e-07 ; dt = 15000.6 sec
power : iter =   1053 ; delta = 1.347082e-07 ; dt = 15014.9 sec
power : iter =   1054 ; delta = 1.333379e-07 ; dt = 15028.6 sec
power : iter =   1055 ; delta = 1.319671e-07 ; dt = 15042.2 sec
power : iter =   1056 ; delta = 1.306245e-07 ; dt = 15055.9 sec
power : iter =   1057 ; delta = 1.292823e-07 ; dt = 15070.9 sec
power : iter =   1058 ; delta = 1.279666e-07 ; dt = 15085.8 sec
power : iter =   1059 ; delta = 1.266517e-07 ; dt = 15100.2 sec
power : iter =   1060 ; delta = 1.253634e-07 ; dt = 15115.8 sec
power : iter =   1061 ; delta = 1.240748e-07 ; dt = 15129.5 sec
power : iter =   1062 ; delta = 1.228127e-07 ; dt = 15143.8 sec
power : iter =   1063 ; delta = 1.215510e-07 ; dt = 15158.1 sec
power : iter =   1064 ; delta = 1.203142e-07 ; dt = 15173.0 sec
power : iter =   1065 ; delta = 1.190781e-07 ; dt = 15188.0 sec
power : iter =   1066 ; delta = 1.178670e-07 ; dt = 15201.7 sec
power : iter =   1067 ; delta = 1.166557e-07 ; dt = 15216.0 sec
power : iter =   1068 ; delta = 1.154692e-07 ; dt = 15230.3 sec
power : iter =   1069 ; delta = 1.142831e-07 ; dt = 15244.9 sec
power : iter =   1070 ; delta = 1.131203e-07 ; dt = 15260.2 sec
power : iter =   1071 ; delta = 1.119584e-07 ; dt = 15274.5 sec
power : iter =   1072 ; delta = 1.108198e-07 ; dt = 15289.5 sec
power : iter =   1073 ; delta = 1.096811e-07 ; dt = 15303.1 sec
power : iter =   1074 ; delta = 1.085657e-07 ; dt = 15318.1 sec
power : iter =   1075 ; delta = 1.074507e-07 ; dt = 15332.4 sec
power : iter =   1076 ; delta = 1.063576e-07 ; dt = 15346.1 sec
power : iter =   1077 ; delta = 1.052653e-07 ; dt = 15360.4 sec
power : iter =   1078 ; delta = 1.041949e-07 ; dt = 15374.8 sec
power : iter =   1079 ; delta = 1.031245e-07 ; dt = 15388.4 sec
power : iter =   1080 ; delta = 1.020758e-07 ; dt = 15403.4 sec
power : iter =   1081 ; delta = 1.010277e-07 ; dt = 15418.4 sec
power : iter =   1082 ; delta = 1.000000e-07 ; dt = 15432.8 sec
power : iter =   1083 ; delta = 9.897319e-08 ; dt = 15447.7 sec
power : solved pagerank(a=0.9900) in  1083 mults to 1.000000e-07 tol
output norm: 1.0000000000000000e+00
