Parameters: 
   graphfile = /var/tmp/dgleich/data/arabic-2005
      output = none
         alg = inout
       alpha = 0.85
         tol = 1e-07
       maxit = 10000

nodes = 22744080
edges = 639999458
inout(0.8500,0.5000,1.000000e-02) with tol=1.000000e-07 and maxit= 10000 iterations
inout (outer) : iter =      1 ; odelta = 1.830467e-01 ; dt =    33.2; nmult =      5
inout (outer) : iter =      2 ; odelta = 4.867320e-02 ; dt =    52.9; nmult =      8
inout (outer) : iter =      3 ; odelta = 2.294367e-02 ; dt =    66.2; nmult =     10
inout (outer) : iter =      4 ; odelta = 1.611883e-02 ; dt =    72.9; nmult =     11
inout (power) : iter =      5 ; odelta = 1.181192e-02 ; dt =    79.7; nmult =     12
inout (power) : iter =      6 ; odelta = 8.885463e-03 ; dt =    86.2; nmult =     13
inout (power) : iter =      7 ; odelta = 6.798440e-03 ; dt =    92.8; nmult =     14
inout (power) : iter =      8 ; odelta = 5.267117e-03 ; dt =    99.3; nmult =     15
inout (power) : iter =      9 ; odelta = 4.124216e-03 ; dt =   105.9; nmult =     16
inout (power) : iter =     10 ; odelta = 3.253499e-03 ; dt =   112.4; nmult =     17
inout (power) : iter =     11 ; odelta = 2.581924e-03 ; dt =   119.0; nmult =     18
inout (power) : iter =     12 ; odelta = 2.059688e-03 ; dt =   125.5; nmult =     19
inout (power) : iter =     13 ; odelta = 1.650405e-03 ; dt =   132.1; nmult =     20
inout (power) : iter =     14 ; odelta = 1.328062e-03 ; dt =   138.6; nmult =     21
inout (power) : iter =     15 ; odelta = 1.072425e-03 ; dt =   145.1; nmult =     22
inout (power) : iter =     16 ; odelta = 8.683990e-04 ; dt =   152.1; nmult =     23
inout (power) : iter =     17 ; odelta = 7.051638e-04 ; dt =   158.7; nmult =     24
inout (power) : iter =     18 ; odelta = 5.740096e-04 ; dt =   165.3; nmult =     25
inout (power) : iter =     19 ; odelta = 4.681706e-04 ; dt =   171.8; nmult =     26
inout (power) : iter =     20 ; odelta = 3.825592e-04 ; dt =   178.7; nmult =     27
inout (power) : iter =     21 ; odelta = 3.130918e-04 ; dt =   185.3; nmult =     28
inout (power) : iter =     22 ; odelta = 2.565858e-04 ; dt =   191.9; nmult =     29
inout (power) : iter =     23 ; odelta = 2.105549e-04 ; dt =   198.8; nmult =     30
inout (power) : iter =     24 ; odelta = 1.729974e-04 ; dt =   205.4; nmult =     31
inout (power) : iter =     25 ; odelta = 1.423185e-04 ; dt =   211.9; nmult =     32
inout (power) : iter =     26 ; odelta = 1.172004e-04 ; dt =   218.9; nmult =     33
inout (power) : iter =     27 ; odelta = 9.661080e-05 ; dt =   225.4; nmult =     34
inout (power) : iter =     28 ; odelta = 7.971608e-05 ; dt =   232.0; nmult =     35
inout (power) : iter =     29 ; odelta = 6.583772e-05 ; dt =   238.5; nmult =     36
inout (power) : iter =     30 ; odelta = 5.442844e-05 ; dt =   245.1; nmult =     37
inout (power) : iter =     31 ; odelta = 4.503187e-05 ; dt =   251.6; nmult =     38
inout (power) : iter =     32 ; odelta = 3.728904e-05 ; dt =   258.2; nmult =     39
inout (power) : iter =     33 ; odelta = 3.090118e-05 ; dt =   264.8; nmult =     40
inout (power) : iter =     34 ; odelta = 2.562480e-05 ; dt =   271.3; nmult =     41
inout (power) : iter =     35 ; odelta = 2.126162e-05 ; dt =   277.8; nmult =     42
inout (power) : iter =     36 ; odelta = 1.765278e-05 ; dt =   284.7; nmult =     43
inout (power) : iter =     37 ; odelta = 1.466485e-05 ; dt =   291.2; nmult =     44
inout (power) : iter =     38 ; odelta = 1.218886e-05 ; dt =   297.8; nmult =     45
inout (power) : iter =     39 ; odelta = 1.013669e-05 ; dt =   304.3; nmult =     46
inout (power) : iter =     40 ; odelta = 8.434473e-06 ; dt =   310.9; nmult =     47
inout (power) : iter =     41 ; odelta = 7.022080e-06 ; dt =   317.4; nmult =     48
inout (power) : iter =     42 ; odelta = 5.850217e-06 ; dt =   324.0; nmult =     49
inout (power) : iter =     43 ; odelta = 4.876139e-06 ; dt =   330.5; nmult =     50
inout (power) : iter =     44 ; odelta = 4.065915e-06 ; dt =   337.1; nmult =     51
inout (power) : iter =     45 ; odelta = 3.391783e-06 ; dt =   343.6; nmult =     52
inout (power) : iter =     46 ; odelta = 2.830464e-06 ; dt =   350.2; nmult =     53
inout (power) : iter =     47 ; odelta = 2.362988e-06 ; dt =   356.7; nmult =     54
inout (power) : iter =     48 ; odelta = 1.973387e-06 ; dt =   363.3; nmult =     55
inout (power) : iter =     49 ; odelta = 1.648581e-06 ; dt =   369.8; nmult =     56
inout (power) : iter =     50 ; odelta = 1.377674e-06 ; dt =   376.3; nmult =     57
inout (power) : iter =     51 ; odelta = 1.151636e-06 ; dt =   382.9; nmult =     58
inout (power) : iter =     52 ; odelta = 9.629111e-07 ; dt =   389.4; nmult =     59
inout (power) : iter =     53 ; odelta = 8.053265e-07 ; dt =   395.9; nmult =     60
inout (power) : iter =     54 ; odelta = 6.737001e-07 ; dt =   402.5; nmult =     61
inout (power) : iter =     55 ; odelta = 5.637816e-07 ; dt =   409.4; nmult =     62
inout (power) : iter =     56 ; odelta = 4.719266e-07 ; dt =   415.9; nmult =     63
inout (power) : iter =     57 ; odelta = 3.951645e-07 ; dt =   422.5; nmult =     64
inout (power) : iter =     58 ; odelta = 3.309487e-07 ; dt =   429.0; nmult =     65
inout (power) : iter =     59 ; odelta = 2.772718e-07 ; dt =   435.6; nmult =     66
inout (power) : iter =     60 ; odelta = 2.323516e-07 ; dt =   442.1; nmult =     67
inout (power) : iter =     61 ; odelta = 1.947739e-07 ; dt =   448.7; nmult =     68
inout (power) : iter =     62 ; odelta = 1.632977e-07 ; dt =   455.2; nmult =     69
inout (power) : iter =     63 ; odelta = 1.369554e-07 ; dt =   461.7; nmult =     70
inout (power) : iter =     64 ; odelta = 1.148676e-07 ; dt =   468.3; nmult =     71
inout (power) : iter =     65 ; odelta = 9.637072e-08 ; dt =   474.8; nmult =     72
inout(b=0.5000,it=1.000000e-02) : solved pagerank(a=0.8500) in    72 mults to 1.000000e-07 tol
output norm: 1.0000000000000000e+00
