Parameters: 
   graphfile = /var/tmp/dgleich/data/arabic-2005-trans
      output = none
         alg = power
       alpha = 0.85
         tol = 1e-07
       maxit = 10000

nodes = 22744080
edges = 639999458
power : iter =      1 ; delta = 1.072318e+00 ; dt =    14.9 sec
power : iter =      2 ; delta = 3.983809e-01 ; dt =    29.3 sec
power : iter =      3 ; delta = 1.637594e-01 ; dt =    44.8 sec
power : iter =      4 ; delta = 8.111458e-02 ; dt =    60.9 sec
power : iter =      5 ; delta = 4.738649e-02 ; dt =    75.9 sec
power : iter =      6 ; delta = 3.138545e-02 ; dt =    90.8 sec
power : iter =      7 ; delta = 2.220631e-02 ; dt =   105.1 sec
power : iter =      8 ; delta = 1.639156e-02 ; dt =   120.0 sec
power : iter =      9 ; delta = 1.243947e-02 ; dt =   135.6 sec
power : iter =     10 ; delta = 9.582471e-03 ; dt =   149.9 sec
power : iter =     11 ; delta = 7.501045e-03 ; dt =   164.9 sec
power : iter =     12 ; delta = 5.930200e-03 ; dt =   179.2 sec
power : iter =     13 ; delta = 4.719109e-03 ; dt =   194.1 sec
power : iter =     14 ; delta = 3.785367e-03 ; dt =   209.7 sec
power : iter =     15 ; delta = 3.051404e-03 ; dt =   224.7 sec
power : iter =     16 ; delta = 2.469442e-03 ; dt =   239.0 sec
power : iter =     17 ; delta = 2.007487e-03 ; dt =   253.3 sec
power : iter =     18 ; delta = 1.638068e-03 ; dt =   268.9 sec
power : iter =     19 ; delta = 1.339077e-03 ; dt =   283.2 sec
power : iter =     20 ; delta = 1.098426e-03 ; dt =   298.8 sec
power : iter =     21 ; delta = 9.027627e-04 ; dt =   313.8 sec
power : iter =     22 ; delta = 7.432770e-04 ; dt =   328.7 sec
power : iter =     23 ; delta = 6.130730e-04 ; dt =   343.7 sec
power : iter =     24 ; delta = 5.066205e-04 ; dt =   358.3 sec
power : iter =     25 ; delta = 4.188779e-04 ; dt =   373.5 sec
power : iter =     26 ; delta = 3.470081e-04 ; dt =   389.1 sec
power : iter =     27 ; delta = 2.876831e-04 ; dt =   405.4 sec
power : iter =     28 ; delta = 2.388182e-04 ; dt =   420.3 sec
power : iter =     29 ; delta = 1.983897e-04 ; dt =   434.7 sec
power : iter =     30 ; delta = 1.650222e-04 ; dt =   450.9 sec
power : iter =     31 ; delta = 1.373142e-04 ; dt =   465.9 sec
power : iter =     32 ; delta = 1.144120e-04 ; dt =   481.4 sec
power : iter =     33 ; delta = 9.536431e-05 ; dt =   497.0 sec
power : iter =     34 ; delta = 7.957125e-05 ; dt =   512.6 sec
power : iter =     35 ; delta = 6.642231e-05 ; dt =   526.3 sec
power : iter =     36 ; delta = 5.550135e-05 ; dt =   541.2 sec
power : iter =     37 ; delta = 4.638116e-05 ; dt =   555.5 sec
power : iter =     38 ; delta = 3.879890e-05 ; dt =   571.1 sec
power : iter =     39 ; delta = 3.246079e-05 ; dt =   586.1 sec
power : iter =     40 ; delta = 2.718071e-05 ; dt =   601.0 sec
power : iter =     41 ; delta = 2.276147e-05 ; dt =   616.0 sec
power : iter =     42 ; delta = 1.907637e-05 ; dt =   631.6 sec
power : iter =     43 ; delta = 1.598901e-05 ; dt =   645.9 sec
power : iter =     44 ; delta = 1.341228e-05 ; dt =   660.8 sec
power : iter =     45 ; delta = 1.125207e-05 ; dt =   675.1 sec
power : iter =     46 ; delta = 9.446698e-06 ; dt =   690.1 sec
power : iter =     47 ; delta = 7.931416e-06 ; dt =   704.8 sec
power : iter =     48 ; delta = 6.663513e-06 ; dt =   719.2 sec
power : iter =     49 ; delta = 5.597922e-06 ; dt =   732.8 sec
power : iter =     50 ; delta = 4.706056e-06 ; dt =   747.8 sec
power : iter =     51 ; delta = 3.956018e-06 ; dt =   762.8 sec
power : iter =     52 ; delta = 3.327570e-06 ; dt =   778.4 sec
power : iter =     53 ; delta = 2.798756e-06 ; dt =   794.0 sec
power : iter =     54 ; delta = 2.355333e-06 ; dt =   808.5 sec
power : iter =     55 ; delta = 1.981888e-06 ; dt =   824.4 sec
power : iter =     56 ; delta = 1.668618e-06 ; dt =   839.6 sec
power : iter =     57 ; delta = 1.404638e-06 ; dt =   855.6 sec
power : iter =     58 ; delta = 1.183096e-06 ; dt =   871.2 sec
power : iter =     59 ; delta = 9.964009e-07 ; dt =   886.8 sec
power : iter =     60 ; delta = 8.396268e-07 ; dt =   901.8 sec
power : iter =     61 ; delta = 7.073992e-07 ; dt =   918.0 sec
power : iter =     62 ; delta = 5.963305e-07 ; dt =   932.3 sec
power : iter =     63 ; delta = 5.026327e-07 ; dt =   947.3 sec
power : iter =     64 ; delta = 4.238729e-07 ; dt =   963.5 sec
power : iter =     65 ; delta = 3.574010e-07 ; dt =   978.5 sec
power : iter =     66 ; delta = 3.015040e-07 ; dt =   994.1 sec
power : iter =     67 ; delta = 2.542996e-07 ; dt =  1009.7 sec
power : iter =     68 ; delta = 2.145885e-07 ; dt =  1026.0 sec
power : iter =     69 ; delta = 1.810386e-07 ; dt =  1040.3 sec
power : iter =     70 ; delta = 1.528065e-07 ; dt =  1055.9 sec
power : iter =     71 ; delta = 1.289511e-07 ; dt =  1069.5 sec
power : iter =     72 ; delta = 1.088684e-07 ; dt =  1084.5 sec
power : iter =     73 ; delta = 9.189505e-08 ; dt =  1099.6 sec
power : solved pagerank(a=0.8500) in    73 mults to 1.000000e-07 tol
output norm: 1.0000000000000000e+00
