Parameters: 
   graphfile = /var/tmp/dgleich/data/arabic-2005
      output = none
         alg = power
       alpha = 0.99
         tol = 1e-07
       maxit = 10000

nodes = 22744080
edges = 639999458
power : iter =      1 ; delta = 1.248935e+00 ; dt =     9.2 sec
power : iter =      2 ; delta = 5.404195e-01 ; dt =    17.7 sec
power : iter =      3 ; delta = 2.587350e-01 ; dt =    26.3 sec
power : iter =      4 ; delta = 1.492671e-01 ; dt =    34.9 sec
power : iter =      5 ; delta = 1.015631e-01 ; dt =    43.5 sec
power : iter =      6 ; delta = 7.834765e-02 ; dt =    52.2 sec
power : iter =      7 ; delta = 6.456396e-02 ; dt =    60.7 sec
power : iter =      8 ; delta = 5.550735e-02 ; dt =    69.3 sec
power : iter =      9 ; delta = 4.906235e-02 ; dt =    77.9 sec
power : iter =     10 ; delta = 4.401900e-02 ; dt =    86.5 sec
power : iter =     11 ; delta = 4.013291e-02 ; dt =    95.1 sec
power : iter =     12 ; delta = 3.695427e-02 ; dt =   103.6 sec
power : iter =     13 ; delta = 3.425086e-02 ; dt =   112.2 sec
power : iter =     14 ; delta = 3.199895e-02 ; dt =   120.8 sec
power : iter =     15 ; delta = 3.004303e-02 ; dt =   129.3 sec
power : iter =     16 ; delta = 2.831777e-02 ; dt =   137.9 sec
power : iter =     17 ; delta = 2.681200e-02 ; dt =   146.5 sec
power : iter =     18 ; delta = 2.548148e-02 ; dt =   155.1 sec
power : iter =     19 ; delta = 2.426134e-02 ; dt =   163.6 sec
power : iter =     20 ; delta = 2.317908e-02 ; dt =   172.2 sec
power : iter =     21 ; delta = 2.218785e-02 ; dt =   180.8 sec
power : iter =     22 ; delta = 2.127691e-02 ; dt =   189.4 sec
power : iter =     23 ; delta = 2.044026e-02 ; dt =   197.9 sec
power : iter =     24 ; delta = 1.967312e-02 ; dt =   206.5 sec
power : iter =     25 ; delta = 1.894498e-02 ; dt =   215.1 sec
power : iter =     26 ; delta = 1.827943e-02 ; dt =   223.7 sec
power : iter =     27 ; delta = 1.765036e-02 ; dt =   232.2 sec
power : iter =     28 ; delta = 1.706566e-02 ; dt =   240.8 sec
power : iter =     29 ; delta = 1.651167e-02 ; dt =   249.4 sec
power : iter =     30 ; delta = 1.599670e-02 ; dt =   257.9 sec
power : iter =     31 ; delta = 1.550315e-02 ; dt =   266.5 sec
power : iter =     32 ; delta = 1.504501e-02 ; dt =   275.1 sec
power : iter =     33 ; delta = 1.460571e-02 ; dt =   283.7 sec
power : iter =     34 ; delta = 1.419415e-02 ; dt =   292.2 sec
power : iter =     35 ; delta = 1.380014e-02 ; dt =   300.8 sec
power : iter =     36 ; delta = 1.343041e-02 ; dt =   309.9 sec
power : iter =     37 ; delta = 1.307205e-02 ; dt =   318.5 sec
power : iter =     38 ; delta = 1.273613e-02 ; dt =   327.1 sec
power : iter =     39 ; delta = 1.241062e-02 ; dt =   335.6 sec
power : iter =     40 ; delta = 1.210351e-02 ; dt =   344.2 sec
power : iter =     41 ; delta = 1.180504e-02 ; dt =   352.9 sec
power : iter =     42 ; delta = 1.152336e-02 ; dt =   361.5 sec
power : iter =     43 ; delta = 1.124919e-02 ; dt =   370.1 sec
power : iter =     44 ; delta = 1.099053e-02 ; dt =   378.7 sec
power : iter =     45 ; delta = 1.073902e-02 ; dt =   387.2 sec
power : iter =     46 ; delta = 1.050095e-02 ; dt =   395.8 sec
power : iter =     47 ; delta = 1.026870e-02 ; dt =   404.4 sec
power : iter =     48 ; delta = 1.004810e-02 ; dt =   412.9 sec
power : iter =     49 ; delta = 9.831596e-03 ; dt =   421.5 sec
power : iter =     50 ; delta = 9.626547e-03 ; dt =   430.1 sec
power : iter =     51 ; delta = 9.425144e-03 ; dt =   438.7 sec
power : iter =     52 ; delta = 9.233646e-03 ; dt =   447.2 sec
power : iter =     53 ; delta = 9.045390e-03 ; dt =   455.8 sec
power : iter =     54 ; delta = 8.866064e-03 ; dt =   464.4 sec
power : iter =     55 ; delta = 8.689080e-03 ; dt =   473.0 sec
power : iter =     56 ; delta = 8.520555e-03 ; dt =   481.5 sec
power : iter =     57 ; delta = 8.353950e-03 ; dt =   490.1 sec
power : iter =     58 ; delta = 8.195277e-03 ; dt =   498.7 sec
power : iter =     59 ; delta = 8.038851e-03 ; dt =   507.2 sec
power : iter =     60 ; delta = 7.889735e-03 ; dt =   515.8 sec
power : iter =     61 ; delta = 7.742068e-03 ; dt =   524.4 sec
power : iter =     62 ; delta = 7.601437e-03 ; dt =   533.0 sec
power : iter =     63 ; delta = 7.462352e-03 ; dt =   541.5 sec
power : iter =     64 ; delta = 7.329543e-03 ; dt =   550.1 sec
power : iter =     65 ; delta = 7.198023e-03 ; dt =   558.7 sec
power : iter =     66 ; delta = 7.072400e-03 ; dt =   567.3 sec
power : iter =     67 ; delta = 6.947614e-03 ; dt =   575.8 sec
power : iter =     68 ; delta = 6.828303e-03 ; dt =   584.4 sec
power : iter =     69 ; delta = 6.709556e-03 ; dt =   593.0 sec
power : iter =     70 ; delta = 6.596000e-03 ; dt =   601.6 sec
power : iter =     71 ; delta = 6.483062e-03 ; dt =   610.2 sec
power : iter =     72 ; delta = 6.374898e-03 ; dt =   618.7 sec
power : iter =     73 ; delta = 6.267289e-03 ; dt =   627.3 sec
power : iter =     74 ; delta = 6.164189e-03 ; dt =   635.9 sec
power : iter =     75 ; delta = 6.061478e-03 ; dt =   644.4 sec
power : iter =     76 ; delta = 5.963274e-03 ; dt =   653.0 sec
power : iter =     77 ; delta = 5.865700e-03 ; dt =   661.6 sec
power : iter =     78 ; delta = 5.772074e-03 ; dt =   670.3 sec
power : iter =     79 ; delta = 5.678897e-03 ; dt =   678.9 sec
power : iter =     80 ; delta = 5.589444e-03 ; dt =   687.5 sec
power : iter =     81 ; delta = 5.500245e-03 ; dt =   696.0 sec
power : iter =     82 ; delta = 5.414589e-03 ; dt =   704.6 sec
power : iter =     83 ; delta = 5.329214e-03 ; dt =   713.2 sec
power : iter =     84 ; delta = 5.247157e-03 ; dt =   721.8 sec
power : iter =     85 ; delta = 5.165340e-03 ; dt =   730.3 sec
power : iter =     86 ; delta = 5.086634e-03 ; dt =   739.0 sec
power : iter =     87 ; delta = 5.008072e-03 ; dt =   747.6 sec
power : iter =     88 ; delta = 4.932568e-03 ; dt =   756.2 sec
power : iter =     89 ; delta = 4.857212e-03 ; dt =   764.7 sec
power : iter =     90 ; delta = 4.784725e-03 ; dt =   773.3 sec
power : iter =     91 ; delta = 4.712428e-03 ; dt =   781.9 sec
power : iter =     92 ; delta = 4.642892e-03 ; dt =   790.5 sec
power : iter =     93 ; delta = 4.573433e-03 ; dt =   799.0 sec
power : iter =     94 ; delta = 4.506547e-03 ; dt =   807.6 sec
power : iter =     95 ; delta = 4.439684e-03 ; dt =   816.2 sec
power : iter =     96 ; delta = 4.375281e-03 ; dt =   824.8 sec
power : iter =     97 ; delta = 4.310948e-03 ; dt =   833.3 sec
power : iter =     98 ; delta = 4.248925e-03 ; dt =   841.9 sec
power : iter =     99 ; delta = 4.186934e-03 ; dt =   850.5 sec
power : iter =    100 ; delta = 4.127180e-03 ; dt =   859.0 sec
power : iter =    101 ; delta = 4.067390e-03 ; dt =   867.6 sec
power : iter =    102 ; delta = 4.009784e-03 ; dt =   876.2 sec
power : iter =    103 ; delta = 3.952200e-03 ; dt =   884.8 sec
power : iter =    104 ; delta = 3.896629e-03 ; dt =   893.3 sec
power : iter =    105 ; delta = 3.841069e-03 ; dt =   901.9 sec
power : iter =    106 ; delta = 3.787526e-03 ; dt =   910.5 sec
power : iter =    107 ; delta = 3.733958e-03 ; dt =   919.1 sec
power : iter =    108 ; delta = 3.682332e-03 ; dt =   927.6 sec
power : iter =    109 ; delta = 3.630717e-03 ; dt =   936.2 sec
power : iter =    110 ; delta = 3.580955e-03 ; dt =   944.8 sec
power : iter =    111 ; delta = 3.531219e-03 ; dt =   953.4 sec
power : iter =    112 ; delta = 3.483246e-03 ; dt =   961.9 sec
power : iter =    113 ; delta = 3.435200e-03 ; dt =   970.5 sec
power : iter =    114 ; delta = 3.388857e-03 ; dt =   979.1 sec
power : iter =    115 ; delta = 3.342462e-03 ; dt =   987.7 sec
power : iter =    116 ; delta = 3.297657e-03 ; dt =   996.2 sec
power : iter =    117 ; delta = 3.252791e-03 ; dt =  1004.8 sec
power : iter =    118 ; delta = 3.209440e-03 ; dt =  1013.4 sec
power : iter =    119 ; delta = 3.165990e-03 ; dt =  1022.0 sec
power : iter =    120 ; delta = 3.124040e-03 ; dt =  1030.5 sec
power : iter =    121 ; delta = 3.081990e-03 ; dt =  1039.1 sec
power : iter =    122 ; delta = 3.041339e-03 ; dt =  1047.7 sec
power : iter =    123 ; delta = 3.000629e-03 ; dt =  1056.3 sec
power : iter =    124 ; delta = 2.961294e-03 ; dt =  1064.8 sec
power : iter =    125 ; delta = 2.921839e-03 ; dt =  1073.4 sec
power : iter =    126 ; delta = 2.883730e-03 ; dt =  1082.0 sec
power : iter =    127 ; delta = 2.845526e-03 ; dt =  1090.6 sec
power : iter =    128 ; delta = 2.808571e-03 ; dt =  1099.1 sec
power : iter =    129 ; delta = 2.771542e-03 ; dt =  1107.7 sec
power : iter =    130 ; delta = 2.735741e-03 ; dt =  1116.3 sec
power : iter =    131 ; delta = 2.699819e-03 ; dt =  1124.8 sec
power : iter =    132 ; delta = 2.665105e-03 ; dt =  1133.4 sec
power : iter =    133 ; delta = 2.630296e-03 ; dt =  1142.0 sec
power : iter =    134 ; delta = 2.596614e-03 ; dt =  1150.6 sec
power : iter =    135 ; delta = 2.562843e-03 ; dt =  1159.1 sec
power : iter =    136 ; delta = 2.530177e-03 ; dt =  1167.7 sec
power : iter =    137 ; delta = 2.497386e-03 ; dt =  1176.3 sec
power : iter =    138 ; delta = 2.465675e-03 ; dt =  1184.9 sec
power : iter =    139 ; delta = 2.433855e-03 ; dt =  1193.4 sec
power : iter =    140 ; delta = 2.403048e-03 ; dt =  1202.0 sec
power : iter =    141 ; delta = 2.372156e-03 ; dt =  1210.6 sec
power : iter =    142 ; delta = 2.342269e-03 ; dt =  1219.2 sec
power : iter =    143 ; delta = 2.312267e-03 ; dt =  1227.7 sec
power : iter =    144 ; delta = 2.283258e-03 ; dt =  1236.3 sec
power : iter =    145 ; delta = 2.254151e-03 ; dt =  1244.9 sec
power : iter =    146 ; delta = 2.225962e-03 ; dt =  1253.5 sec
power : iter =    147 ; delta = 2.197679e-03 ; dt =  1262.0 sec
power : iter =    148 ; delta = 2.170312e-03 ; dt =  1270.6 sec
power : iter =    149 ; delta = 2.142830e-03 ; dt =  1279.2 sec
power : iter =    150 ; delta = 2.116242e-03 ; dt =  1287.8 sec
power : iter =    151 ; delta = 2.089561e-03 ; dt =  1296.3 sec
power : iter =    152 ; delta = 2.063717e-03 ; dt =  1304.9 sec
power : iter =    153 ; delta = 2.037791e-03 ; dt =  1313.5 sec
power : iter =    154 ; delta = 2.012687e-03 ; dt =  1322.1 sec
power : iter =    155 ; delta = 1.987466e-03 ; dt =  1330.6 sec
power : iter =    156 ; delta = 1.963054e-03 ; dt =  1339.2 sec
power : iter =    157 ; delta = 1.938548e-03 ; dt =  1347.8 sec
power : iter =    158 ; delta = 1.914806e-03 ; dt =  1356.4 sec
power : iter =    159 ; delta = 1.890975e-03 ; dt =  1364.9 sec
power : iter =    160 ; delta = 1.867891e-03 ; dt =  1373.5 sec
power : iter =    161 ; delta = 1.844694e-03 ; dt =  1382.1 sec
power : iter =    162 ; delta = 1.822234e-03 ; dt =  1390.6 sec
power : iter =    163 ; delta = 1.799677e-03 ; dt =  1399.2 sec
power : iter =    164 ; delta = 1.777816e-03 ; dt =  1407.8 sec
power : iter =    165 ; delta = 1.755865e-03 ; dt =  1416.4 sec
power : iter =    166 ; delta = 1.734606e-03 ; dt =  1424.9 sec
power : iter =    167 ; delta = 1.713247e-03 ; dt =  1433.5 sec
power : iter =    168 ; delta = 1.692575e-03 ; dt =  1442.1 sec
power : iter =    169 ; delta = 1.671810e-03 ; dt =  1450.7 sec
power : iter =    170 ; delta = 1.651690e-03 ; dt =  1459.2 sec
power : iter =    171 ; delta = 1.631483e-03 ; dt =  1467.8 sec
power : iter =    172 ; delta = 1.611918e-03 ; dt =  1476.4 sec
power : iter =    173 ; delta = 1.592246e-03 ; dt =  1485.0 sec
power : iter =    174 ; delta = 1.573201e-03 ; dt =  1493.5 sec
power : iter =    175 ; delta = 1.554063e-03 ; dt =  1502.1 sec
power : iter =    176 ; delta = 1.535523e-03 ; dt =  1510.7 sec
power : iter =    177 ; delta = 1.516894e-03 ; dt =  1519.3 sec
power : iter =    178 ; delta = 1.498854e-03 ; dt =  1527.8 sec
power : iter =    179 ; delta = 1.480711e-03 ; dt =  1536.4 sec
power : iter =    180 ; delta = 1.463146e-03 ; dt =  1545.0 sec
power : iter =    181 ; delta = 1.445489e-03 ; dt =  1553.6 sec
power : iter =    182 ; delta = 1.428377e-03 ; dt =  1562.1 sec
power : iter =    183 ; delta = 1.411181e-03 ; dt =  1570.7 sec
power : iter =    184 ; delta = 1.394523e-03 ; dt =  1579.3 sec
power : iter =    185 ; delta = 1.377764e-03 ; dt =  1587.9 sec
power : iter =    186 ; delta = 1.361532e-03 ; dt =  1596.4 sec
power : iter =    187 ; delta = 1.345213e-03 ; dt =  1605.0 sec
power : iter =    188 ; delta = 1.329395e-03 ; dt =  1613.6 sec
power : iter =    189 ; delta = 1.313497e-03 ; dt =  1622.1 sec
power : iter =    190 ; delta = 1.298094e-03 ; dt =  1630.7 sec
power : iter =    191 ; delta = 1.282592e-03 ; dt =  1639.3 sec
power : iter =    192 ; delta = 1.267579e-03 ; dt =  1647.9 sec
power : iter =    193 ; delta = 1.252478e-03 ; dt =  1656.4 sec
power : iter =    194 ; delta = 1.237837e-03 ; dt =  1665.0 sec
power : iter =    195 ; delta = 1.223116e-03 ; dt =  1673.6 sec
power : iter =    196 ; delta = 1.208853e-03 ; dt =  1682.2 sec
power : iter =    197 ; delta = 1.194495e-03 ; dt =  1690.7 sec
power : iter =    198 ; delta = 1.180588e-03 ; dt =  1699.3 sec
power : iter =    199 ; delta = 1.166597e-03 ; dt =  1707.9 sec
power : iter =    200 ; delta = 1.153032e-03 ; dt =  1716.5 sec
power : iter =    201 ; delta = 1.139389e-03 ; dt =  1725.0 sec
power : iter =    202 ; delta = 1.126171e-03 ; dt =  1733.6 sec
power : iter =    203 ; delta = 1.112863e-03 ; dt =  1742.2 sec
power : iter =    204 ; delta = 1.099975e-03 ; dt =  1750.8 sec
power : iter =    205 ; delta = 1.087010e-03 ; dt =  1759.3 sec
power : iter =    206 ; delta = 1.074439e-03 ; dt =  1767.9 sec
power : iter =    207 ; delta = 1.061795e-03 ; dt =  1776.5 sec
power : iter =    208 ; delta = 1.049542e-03 ; dt =  1785.1 sec
power : iter =    209 ; delta = 1.037204e-03 ; dt =  1793.6 sec
power : iter =    210 ; delta = 1.025255e-03 ; dt =  1802.2 sec
power : iter =    211 ; delta = 1.013229e-03 ; dt =  1810.8 sec
power : iter =    212 ; delta = 1.001572e-03 ; dt =  1819.4 sec
power : iter =    213 ; delta = 9.898469e-04 ; dt =  1827.9 sec
power : iter =    214 ; delta = 9.784848e-04 ; dt =  1836.5 sec
power : iter =    215 ; delta = 9.670413e-04 ; dt =  1845.1 sec
power : iter =    216 ; delta = 9.559565e-04 ; dt =  1853.7 sec
power : iter =    217 ; delta = 9.447996e-04 ; dt =  1862.2 sec
power : iter =    218 ; delta = 9.339802e-04 ; dt =  1870.8 sec
power : iter =    219 ; delta = 9.230950e-04 ; dt =  1879.4 sec
power : iter =    220 ; delta = 9.125462e-04 ; dt =  1888.0 sec
power : iter =    221 ; delta = 9.019221e-04 ; dt =  1896.5 sec
power : iter =    222 ; delta = 8.916311e-04 ; dt =  1905.1 sec
power : iter =    223 ; delta = 8.812719e-04 ; dt =  1913.7 sec
power : iter =    224 ; delta = 8.712260e-04 ; dt =  1922.3 sec
power : iter =    225 ; delta = 8.611177e-04 ; dt =  1930.8 sec
power : iter =    226 ; delta = 8.513208e-04 ; dt =  1939.4 sec
power : iter =    227 ; delta = 8.414513e-04 ; dt =  1948.0 sec
power : iter =    228 ; delta = 8.318903e-04 ; dt =  1956.6 sec
power : iter =    229 ; delta = 8.222644e-04 ; dt =  1965.1 sec
power : iter =    230 ; delta = 8.129283e-04 ; dt =  1973.7 sec
power : iter =    231 ; delta = 8.035329e-04 ; dt =  1982.3 sec
power : iter =    232 ; delta = 7.944270e-04 ; dt =  1990.8 sec
power : iter =    233 ; delta = 7.852516e-04 ; dt =  1999.4 sec
power : iter =    234 ; delta = 7.763626e-04 ; dt =  2008.0 sec
power : iter =    235 ; delta = 7.674120e-04 ; dt =  2016.6 sec
power : iter =    236 ; delta = 7.587311e-04 ; dt =  2025.1 sec
power : iter =    237 ; delta = 7.499939e-04 ; dt =  2033.7 sec
power : iter =    238 ; delta = 7.415260e-04 ; dt =  2042.3 sec
power : iter =    239 ; delta = 7.329931e-04 ; dt =  2050.9 sec
power : iter =    240 ; delta = 7.247262e-04 ; dt =  2059.4 sec
power : iter =    241 ; delta = 7.164011e-04 ; dt =  2068.0 sec
power : iter =    242 ; delta = 7.083259e-04 ; dt =  2076.6 sec
power : iter =    243 ; delta = 7.001979e-04 ; dt =  2085.2 sec
power : iter =    244 ; delta = 6.923195e-04 ; dt =  2093.7 sec
power : iter =    245 ; delta = 6.843803e-04 ; dt =  2102.3 sec
power : iter =    246 ; delta = 6.766884e-04 ; dt =  2110.9 sec
power : iter =    247 ; delta = 6.689419e-04 ; dt =  2119.5 sec
power : iter =    248 ; delta = 6.614276e-04 ; dt =  2128.0 sec
power : iter =    249 ; delta = 6.538636e-04 ; dt =  2136.6 sec
power : iter =    250 ; delta = 6.465315e-04 ; dt =  2145.2 sec
power : iter =    251 ; delta = 6.391416e-04 ; dt =  2153.8 sec
power : iter =    252 ; delta = 6.319829e-04 ; dt =  2162.3 sec
power : iter =    253 ; delta = 6.247733e-04 ; dt =  2170.9 sec
power : iter =    254 ; delta = 6.177802e-04 ; dt =  2179.5 sec
power : iter =    255 ; delta = 6.107406e-04 ; dt =  2188.1 sec
power : iter =    256 ; delta = 6.039167e-04 ; dt =  2196.6 sec
power : iter =    257 ; delta = 5.970387e-04 ; dt =  2205.2 sec
power : iter =    258 ; delta = 5.903743e-04 ; dt =  2213.8 sec
power : iter =    259 ; delta = 5.836622e-04 ; dt =  2222.3 sec
power : iter =    260 ; delta = 5.771505e-04 ; dt =  2230.9 sec
power : iter =    261 ; delta = 5.705972e-04 ; dt =  2239.5 sec
power : iter =    262 ; delta = 5.642449e-04 ; dt =  2248.1 sec
power : iter =    263 ; delta = 5.578417e-04 ; dt =  2256.6 sec
power : iter =    264 ; delta = 5.516370e-04 ; dt =  2265.2 sec
power : iter =    265 ; delta = 5.453872e-04 ; dt =  2273.8 sec
power : iter =    266 ; delta = 5.393238e-04 ; dt =  2282.4 sec
power : iter =    267 ; delta = 5.332192e-04 ; dt =  2290.9 sec
power : iter =    268 ; delta = 5.273010e-04 ; dt =  2299.5 sec
power : iter =    269 ; delta = 5.213351e-04 ; dt =  2308.1 sec
power : iter =    270 ; delta = 5.155538e-04 ; dt =  2316.7 sec
power : iter =    271 ; delta = 5.097302e-04 ; dt =  2325.2 sec
power : iter =    272 ; delta = 5.040797e-04 ; dt =  2333.8 sec
power : iter =    273 ; delta = 4.983906e-04 ; dt =  2342.4 sec
power : iter =    274 ; delta = 4.928747e-04 ; dt =  2351.0 sec
power : iter =    275 ; delta = 4.873142e-04 ; dt =  2359.5 sec
power : iter =    276 ; delta = 4.819256e-04 ; dt =  2368.1 sec
power : iter =    277 ; delta = 4.764973e-04 ; dt =  2376.7 sec
power : iter =    278 ; delta = 4.712298e-04 ; dt =  2385.3 sec
power : iter =    279 ; delta = 4.659265e-04 ; dt =  2393.8 sec
power : iter =    280 ; delta = 4.607841e-04 ; dt =  2402.4 sec
power : iter =    281 ; delta = 4.556000e-04 ; dt =  2411.0 sec
power : iter =    282 ; delta = 4.505754e-04 ; dt =  2419.6 sec
power : iter =    283 ; delta = 4.455138e-04 ; dt =  2428.1 sec
power : iter =    284 ; delta = 4.406020e-04 ; dt =  2436.7 sec
power : iter =    285 ; delta = 4.356563e-04 ; dt =  2445.3 sec
power : iter =    286 ; delta = 4.308601e-04 ; dt =  2453.9 sec
power : iter =    287 ; delta = 4.260247e-04 ; dt =  2462.4 sec
power : iter =    288 ; delta = 4.213381e-04 ; dt =  2471.0 sec
power : iter =    289 ; delta = 4.166175e-04 ; dt =  2479.6 sec
power : iter =    290 ; delta = 4.120368e-04 ; dt =  2488.2 sec
power : iter =    291 ; delta = 4.074249e-04 ; dt =  2496.7 sec
power : iter =    292 ; delta = 4.029525e-04 ; dt =  2505.3 sec
power : iter =    293 ; delta = 3.984434e-04 ; dt =  2513.9 sec
power : iter =    294 ; delta = 3.940727e-04 ; dt =  2522.5 sec
power : iter =    295 ; delta = 3.896694e-04 ; dt =  2531.0 sec
power : iter =    296 ; delta = 3.853959e-04 ; dt =  2539.6 sec
power : iter =    297 ; delta = 3.810927e-04 ; dt =  2548.2 sec
power : iter =    298 ; delta = 3.769195e-04 ; dt =  2556.8 sec
power : iter =    299 ; delta = 3.727122e-04 ; dt =  2565.3 sec
power : iter =    300 ; delta = 3.686338e-04 ; dt =  2573.9 sec
power : iter =    301 ; delta = 3.645247e-04 ; dt =  2582.5 sec
power : iter =    302 ; delta = 3.605366e-04 ; dt =  2591.0 sec
power : iter =    303 ; delta = 3.565205e-04 ; dt =  2599.6 sec
power : iter =    304 ; delta = 3.526253e-04 ; dt =  2608.2 sec
power : iter =    305 ; delta = 3.486978e-04 ; dt =  2616.8 sec
power : iter =    306 ; delta = 3.448904e-04 ; dt =  2625.3 sec
power : iter =    307 ; delta = 3.410544e-04 ; dt =  2633.9 sec
power : iter =    308 ; delta = 3.373308e-04 ; dt =  2642.5 sec
power : iter =    309 ; delta = 3.335813e-04 ; dt =  2651.1 sec
power : iter =    310 ; delta = 3.299443e-04 ; dt =  2659.6 sec
power : iter =    311 ; delta = 3.262773e-04 ; dt =  2668.2 sec
power : iter =    312 ; delta = 3.227222e-04 ; dt =  2676.8 sec
power : iter =    313 ; delta = 3.191404e-04 ; dt =  2685.4 sec
power : iter =    314 ; delta = 3.156636e-04 ; dt =  2693.9 sec
power : iter =    315 ; delta = 3.121625e-04 ; dt =  2702.5 sec
power : iter =    316 ; delta = 3.087667e-04 ; dt =  2711.1 sec
power : iter =    317 ; delta = 3.053425e-04 ; dt =  2719.7 sec
power : iter =    318 ; delta = 3.020229e-04 ; dt =  2728.2 sec
power : iter =    319 ; delta = 2.986779e-04 ; dt =  2736.8 sec
power : iter =    320 ; delta = 2.954309e-04 ; dt =  2745.4 sec
power : iter =    321 ; delta = 2.921610e-04 ; dt =  2754.0 sec
power : iter =    322 ; delta = 2.889890e-04 ; dt =  2762.5 sec
power : iter =    323 ; delta = 2.857904e-04 ; dt =  2771.1 sec
power : iter =    324 ; delta = 2.826893e-04 ; dt =  2779.7 sec
power : iter =    325 ; delta = 2.795645e-04 ; dt =  2788.3 sec
power : iter =    326 ; delta = 2.765310e-04 ; dt =  2796.8 sec
power : iter =    327 ; delta = 2.734759e-04 ; dt =  2805.4 sec
power : iter =    328 ; delta = 2.705124e-04 ; dt =  2814.0 sec
power : iter =    329 ; delta = 2.675239e-04 ; dt =  2822.6 sec
power : iter =    330 ; delta = 2.646266e-04 ; dt =  2831.1 sec
power : iter =    331 ; delta = 2.617071e-04 ; dt =  2839.7 sec
power : iter =    332 ; delta = 2.588727e-04 ; dt =  2848.3 sec
power : iter =    333 ; delta = 2.560181e-04 ; dt =  2856.9 sec
power : iter =    334 ; delta = 2.532489e-04 ; dt =  2865.4 sec
power : iter =    335 ; delta = 2.504563e-04 ; dt =  2874.0 sec
power : iter =    336 ; delta = 2.477487e-04 ; dt =  2882.6 sec
power : iter =    337 ; delta = 2.450202e-04 ; dt =  2891.2 sec
power : iter =    338 ; delta = 2.423712e-04 ; dt =  2899.7 sec
power : iter =    339 ; delta = 2.397033e-04 ; dt =  2908.3 sec
power : iter =    340 ; delta = 2.371151e-04 ; dt =  2916.9 sec
power : iter =    341 ; delta = 2.345051e-04 ; dt =  2925.5 sec
power : iter =    342 ; delta = 2.319747e-04 ; dt =  2934.0 sec
power : iter =    343 ; delta = 2.294251e-04 ; dt =  2942.6 sec
power : iter =    344 ; delta = 2.269499e-04 ; dt =  2951.2 sec
power : iter =    345 ; delta = 2.244569e-04 ; dt =  2959.8 sec
power : iter =    346 ; delta = 2.220383e-04 ; dt =  2968.3 sec
power : iter =    347 ; delta = 2.195994e-04 ; dt =  2976.9 sec
power : iter =    348 ; delta = 2.172345e-04 ; dt =  2985.5 sec
power : iter =    349 ; delta = 2.148515e-04 ; dt =  2994.1 sec
power : iter =    350 ; delta = 2.125377e-04 ; dt =  3002.6 sec
power : iter =    351 ; delta = 2.102076e-04 ; dt =  3011.2 sec
power : iter =    352 ; delta = 2.079467e-04 ; dt =  3019.8 sec
power : iter =    353 ; delta = 2.056668e-04 ; dt =  3028.4 sec
power : iter =    354 ; delta = 2.034557e-04 ; dt =  3036.9 sec
power : iter =    355 ; delta = 2.012277e-04 ; dt =  3045.5 sec
power : iter =    356 ; delta = 1.990642e-04 ; dt =  3054.1 sec
power : iter =    357 ; delta = 1.968853e-04 ; dt =  3062.7 sec
power : iter =    358 ; delta = 1.947712e-04 ; dt =  3071.2 sec
power : iter =    359 ; delta = 1.926393e-04 ; dt =  3079.8 sec
power : iter =    360 ; delta = 1.905719e-04 ; dt =  3088.4 sec
power : iter =    361 ; delta = 1.884886e-04 ; dt =  3097.0 sec
power : iter =    362 ; delta = 1.864654e-04 ; dt =  3105.5 sec
power : iter =    363 ; delta = 1.844279e-04 ; dt =  3114.1 sec
power : iter =    364 ; delta = 1.824507e-04 ; dt =  3122.7 sec
power : iter =    365 ; delta = 1.804569e-04 ; dt =  3131.3 sec
power : iter =    366 ; delta = 1.785233e-04 ; dt =  3139.8 sec
power : iter =    367 ; delta = 1.765752e-04 ; dt =  3148.4 sec
power : iter =    368 ; delta = 1.746834e-04 ; dt =  3157.0 sec
power : iter =    369 ; delta = 1.727784e-04 ; dt =  3165.6 sec
power : iter =    370 ; delta = 1.709295e-04 ; dt =  3174.1 sec
power : iter =    371 ; delta = 1.690652e-04 ; dt =  3182.8 sec
power : iter =    372 ; delta = 1.672567e-04 ; dt =  3191.4 sec
power : iter =    373 ; delta = 1.654345e-04 ; dt =  3199.9 sec
power : iter =    374 ; delta = 1.636646e-04 ; dt =  3208.5 sec
power : iter =    375 ; delta = 1.618822e-04 ; dt =  3217.1 sec
power : iter =    376 ; delta = 1.601522e-04 ; dt =  3225.7 sec
power : iter =    377 ; delta = 1.584079e-04 ; dt =  3234.2 sec
power : iter =    378 ; delta = 1.567156e-04 ; dt =  3242.8 sec
power : iter =    379 ; delta = 1.550107e-04 ; dt =  3251.4 sec
power : iter =    380 ; delta = 1.533544e-04 ; dt =  3259.9 sec
power : iter =    381 ; delta = 1.516867e-04 ; dt =  3268.5 sec
power : iter =    382 ; delta = 1.500678e-04 ; dt =  3277.1 sec
power : iter =    383 ; delta = 1.484354e-04 ; dt =  3285.7 sec
power : iter =    384 ; delta = 1.468518e-04 ; dt =  3294.2 sec
power : iter =    385 ; delta = 1.452563e-04 ; dt =  3302.8 sec
power : iter =    386 ; delta = 1.437063e-04 ; dt =  3311.4 sec
power : iter =    387 ; delta = 1.421454e-04 ; dt =  3320.0 sec
power : iter =    388 ; delta = 1.406303e-04 ; dt =  3328.5 sec
power : iter =    389 ; delta = 1.391026e-04 ; dt =  3337.1 sec
power : iter =    390 ; delta = 1.376204e-04 ; dt =  3345.7 sec
power : iter =    391 ; delta = 1.361271e-04 ; dt =  3354.3 sec
power : iter =    392 ; delta = 1.346763e-04 ; dt =  3362.8 sec
power : iter =    393 ; delta = 1.332156e-04 ; dt =  3371.4 sec
power : iter =    394 ; delta = 1.317976e-04 ; dt =  3380.0 sec
power : iter =    395 ; delta = 1.303680e-04 ; dt =  3388.6 sec
power : iter =    396 ; delta = 1.289808e-04 ; dt =  3397.1 sec
power : iter =    397 ; delta = 1.275834e-04 ; dt =  3405.7 sec
power : iter =    398 ; delta = 1.262256e-04 ; dt =  3414.3 sec
power : iter =    399 ; delta = 1.248586e-04 ; dt =  3422.9 sec
power : iter =    400 ; delta = 1.235313e-04 ; dt =  3431.4 sec
power : iter =    401 ; delta = 1.221932e-04 ; dt =  3440.0 sec
power : iter =    402 ; delta = 1.208947e-04 ; dt =  3448.6 sec
power : iter =    403 ; delta = 1.195868e-04 ; dt =  3457.2 sec
power : iter =    404 ; delta = 1.183158e-04 ; dt =  3465.7 sec
power : iter =    405 ; delta = 1.170362e-04 ; dt =  3474.3 sec
power : iter =    406 ; delta = 1.157938e-04 ; dt =  3482.9 sec
power : iter =    407 ; delta = 1.145413e-04 ; dt =  3491.5 sec
power : iter =    408 ; delta = 1.133258e-04 ; dt =  3500.0 sec
power : iter =    409 ; delta = 1.121014e-04 ; dt =  3508.6 sec
power : iter =    410 ; delta = 1.109114e-04 ; dt =  3517.2 sec
power : iter =    411 ; delta = 1.097135e-04 ; dt =  3525.8 sec
power : iter =    412 ; delta = 1.085501e-04 ; dt =  3534.3 sec
power : iter =    413 ; delta = 1.073774e-04 ; dt =  3542.9 sec
power : iter =    414 ; delta = 1.062391e-04 ; dt =  3551.5 sec
power : iter =    415 ; delta = 1.050926e-04 ; dt =  3560.1 sec
power : iter =    416 ; delta = 1.039782e-04 ; dt =  3568.6 sec
power : iter =    417 ; delta = 1.028564e-04 ; dt =  3577.2 sec
power : iter =    418 ; delta = 1.017669e-04 ; dt =  3585.8 sec
power : iter =    419 ; delta = 1.006686e-04 ; dt =  3594.4 sec
power : iter =    420 ; delta = 9.960264e-05 ; dt =  3602.9 sec
power : iter =    421 ; delta = 9.852899e-05 ; dt =  3611.5 sec
power : iter =    422 ; delta = 9.748540e-05 ; dt =  3620.1 sec
power : iter =    423 ; delta = 9.643487e-05 ; dt =  3628.7 sec
power : iter =    424 ; delta = 9.541450e-05 ; dt =  3637.2 sec
power : iter =    425 ; delta = 9.438602e-05 ; dt =  3645.8 sec
power : iter =    426 ; delta = 9.338757e-05 ; dt =  3654.4 sec
power : iter =    427 ; delta = 9.238198e-05 ; dt =  3663.0 sec
power : iter =    428 ; delta = 9.140444e-05 ; dt =  3671.5 sec
power : iter =    429 ; delta = 9.042051e-05 ; dt =  3680.1 sec
power : iter =    430 ; delta = 8.946474e-05 ; dt =  3688.7 sec
power : iter =    431 ; delta = 8.850145e-05 ; dt =  3697.3 sec
power : iter =    432 ; delta = 8.756617e-05 ; dt =  3705.8 sec
power : iter =    433 ; delta = 8.662440e-05 ; dt =  3714.4 sec
power : iter =    434 ; delta = 8.570869e-05 ; dt =  3723.0 sec
power : iter =    435 ; delta = 8.478716e-05 ; dt =  3731.5 sec
power : iter =    436 ; delta = 8.389177e-05 ; dt =  3740.1 sec
power : iter =    437 ; delta = 8.298954e-05 ; dt =  3748.7 sec
power : iter =    438 ; delta = 8.211335e-05 ; dt =  3757.3 sec
power : iter =    439 ; delta = 8.123126e-05 ; dt =  3765.8 sec
power : iter =    440 ; delta = 8.037347e-05 ; dt =  3774.4 sec
power : iter =    441 ; delta = 7.951028e-05 ; dt =  3783.0 sec
power : iter =    442 ; delta = 7.867150e-05 ; dt =  3791.6 sec
power : iter =    443 ; delta = 7.782636e-05 ; dt =  3800.1 sec
power : iter =    444 ; delta = 7.700552e-05 ; dt =  3808.7 sec
power : iter =    445 ; delta = 7.617911e-05 ; dt =  3817.3 sec
power : iter =    446 ; delta = 7.537541e-05 ; dt =  3825.9 sec
power : iter =    447 ; delta = 7.456670e-05 ; dt =  3834.5 sec
power : iter =    448 ; delta = 7.378080e-05 ; dt =  3843.0 sec
power : iter =    449 ; delta = 7.298897e-05 ; dt =  3851.6 sec
power : iter =    450 ; delta = 7.221987e-05 ; dt =  3860.2 sec
power : iter =    451 ; delta = 7.144559e-05 ; dt =  3868.7 sec
power : iter =    452 ; delta = 7.069252e-05 ; dt =  3877.3 sec
power : iter =    453 ; delta = 6.993477e-05 ; dt =  3885.9 sec
power : iter =    454 ; delta = 6.919835e-05 ; dt =  3894.5 sec
power : iter =    455 ; delta = 6.845642e-05 ; dt =  3903.0 sec
power : iter =    456 ; delta = 6.773573e-05 ; dt =  3911.6 sec
power : iter =    457 ; delta = 6.701021e-05 ; dt =  3920.2 sec
power : iter =    458 ; delta = 6.630452e-05 ; dt =  3928.8 sec
power : iter =    459 ; delta = 6.559449e-05 ; dt =  3937.3 sec
power : iter =    460 ; delta = 6.490438e-05 ; dt =  3945.9 sec
power : iter =    461 ; delta = 6.420913e-05 ; dt =  3954.5 sec
power : iter =    462 ; delta = 6.353371e-05 ; dt =  3963.1 sec
power : iter =    463 ; delta = 6.285381e-05 ; dt =  3971.6 sec
power : iter =    464 ; delta = 6.219243e-05 ; dt =  3980.2 sec
power : iter =    465 ; delta = 6.152701e-05 ; dt =  3988.8 sec
power : iter =    466 ; delta = 6.088021e-05 ; dt =  3997.4 sec
power : iter =    467 ; delta = 6.022863e-05 ; dt =  4005.9 sec
power : iter =    468 ; delta = 5.959560e-05 ; dt =  4014.5 sec
power : iter =    469 ; delta = 5.895838e-05 ; dt =  4023.1 sec
power : iter =    470 ; delta = 5.833849e-05 ; dt =  4031.7 sec
power : iter =    471 ; delta = 5.771485e-05 ; dt =  4040.2 sec
power : iter =    472 ; delta = 5.710861e-05 ; dt =  4048.8 sec
power : iter =    473 ; delta = 5.649792e-05 ; dt =  4057.4 sec
power : iter =    474 ; delta = 5.590456e-05 ; dt =  4065.9 sec
power : iter =    475 ; delta = 5.530732e-05 ; dt =  4074.5 sec
power : iter =    476 ; delta = 5.472627e-05 ; dt =  4083.1 sec
power : iter =    477 ; delta = 5.414173e-05 ; dt =  4091.7 sec
power : iter =    478 ; delta = 5.357345e-05 ; dt =  4100.2 sec
power : iter =    479 ; delta = 5.300105e-05 ; dt =  4108.8 sec
power : iter =    480 ; delta = 5.244485e-05 ; dt =  4117.4 sec
power : iter =    481 ; delta = 5.188505e-05 ; dt =  4126.0 sec
power : iter =    482 ; delta = 5.134038e-05 ; dt =  4134.5 sec
power : iter =    483 ; delta = 5.079248e-05 ; dt =  4143.1 sec
power : iter =    484 ; delta = 5.025979e-05 ; dt =  4151.7 sec
power : iter =    485 ; delta = 4.972328e-05 ; dt =  4160.3 sec
power : iter =    486 ; delta = 4.920192e-05 ; dt =  4168.8 sec
power : iter =    487 ; delta = 4.867721e-05 ; dt =  4177.4 sec
power : iter =    488 ; delta = 4.816665e-05 ; dt =  4186.0 sec
power : iter =    489 ; delta = 4.765308e-05 ; dt =  4194.6 sec
power : iter =    490 ; delta = 4.715372e-05 ; dt =  4203.1 sec
power : iter =    491 ; delta = 4.665079e-05 ; dt =  4211.7 sec
power : iter =    492 ; delta = 4.616202e-05 ; dt =  4220.3 sec
power : iter =    493 ; delta = 4.567013e-05 ; dt =  4228.9 sec
power : iter =    494 ; delta = 4.519147e-05 ; dt =  4237.5 sec
power : iter =    495 ; delta = 4.471000e-05 ; dt =  4246.0 sec
power : iter =    496 ; delta = 4.424183e-05 ; dt =  4254.6 sec
power : iter =    497 ; delta = 4.377032e-05 ; dt =  4263.2 sec
power : iter =    498 ; delta = 4.331207e-05 ; dt =  4271.7 sec
power : iter =    499 ; delta = 4.285090e-05 ; dt =  4280.3 sec
power : iter =    500 ; delta = 4.240212e-05 ; dt =  4288.9 sec
power : iter =    501 ; delta = 4.195075e-05 ; dt =  4297.5 sec
power : iter =    502 ; delta = 4.151182e-05 ; dt =  4306.0 sec
power : iter =    503 ; delta = 4.106979e-05 ; dt =  4314.6 sec
power : iter =    504 ; delta = 4.064016e-05 ; dt =  4323.2 sec
power : iter =    505 ; delta = 4.020787e-05 ; dt =  4331.8 sec
power : iter =    506 ; delta = 3.978722e-05 ; dt =  4340.3 sec
power : iter =    507 ; delta = 3.936415e-05 ; dt =  4348.9 sec
power : iter =    508 ; delta = 3.895271e-05 ; dt =  4357.5 sec
power : iter =    509 ; delta = 3.853839e-05 ; dt =  4366.1 sec
power : iter =    510 ; delta = 3.813563e-05 ; dt =  4374.6 sec
power : iter =    511 ; delta = 3.773036e-05 ; dt =  4383.2 sec
power : iter =    512 ; delta = 3.733592e-05 ; dt =  4391.8 sec
power : iter =    513 ; delta = 3.693921e-05 ; dt =  4400.4 sec
power : iter =    514 ; delta = 3.655338e-05 ; dt =  4408.9 sec
power : iter =    515 ; delta = 3.616486e-05 ; dt =  4417.5 sec
power : iter =    516 ; delta = 3.578718e-05 ; dt =  4426.1 sec
power : iter =    517 ; delta = 3.540715e-05 ; dt =  4434.7 sec
power : iter =    518 ; delta = 3.503726e-05 ; dt =  4443.2 sec
power : iter =    519 ; delta = 3.466527e-05 ; dt =  4451.8 sec
power : iter =    520 ; delta = 3.430344e-05 ; dt =  4460.4 sec
power : iter =    521 ; delta = 3.393911e-05 ; dt =  4469.0 sec
power : iter =    522 ; delta = 3.358491e-05 ; dt =  4477.5 sec
power : iter =    523 ; delta = 3.322853e-05 ; dt =  4486.1 sec
power : iter =    524 ; delta = 3.288161e-05 ; dt =  4494.7 sec
power : iter =    525 ; delta = 3.253275e-05 ; dt =  4503.3 sec
power : iter =    526 ; delta = 3.219339e-05 ; dt =  4511.8 sec
power : iter =    527 ; delta = 3.185172e-05 ; dt =  4520.4 sec
power : iter =    528 ; delta = 3.151950e-05 ; dt =  4529.0 sec
power : iter =    529 ; delta = 3.118527e-05 ; dt =  4537.6 sec
power : iter =    530 ; delta = 3.085988e-05 ; dt =  4546.1 sec
power : iter =    531 ; delta = 3.053269e-05 ; dt =  4554.7 sec
power : iter =    532 ; delta = 3.021438e-05 ; dt =  4563.3 sec
power : iter =    533 ; delta = 2.989392e-05 ; dt =  4571.9 sec
power : iter =    534 ; delta = 2.958231e-05 ; dt =  4580.4 sec
power : iter =    535 ; delta = 2.926883e-05 ; dt =  4589.0 sec
power : iter =    536 ; delta = 2.896362e-05 ; dt =  4597.6 sec
power : iter =    537 ; delta = 2.865674e-05 ; dt =  4606.2 sec
power : iter =    538 ; delta = 2.835817e-05 ; dt =  4614.7 sec
power : iter =    539 ; delta = 2.805760e-05 ; dt =  4623.3 sec
power : iter =    540 ; delta = 2.776531e-05 ; dt =  4631.9 sec
power : iter =    541 ; delta = 2.747128e-05 ; dt =  4640.5 sec
power : iter =    542 ; delta = 2.718498e-05 ; dt =  4649.0 sec
power : iter =    543 ; delta = 2.689714e-05 ; dt =  4657.6 sec
power : iter =    544 ; delta = 2.661707e-05 ; dt =  4666.2 sec
power : iter =    545 ; delta = 2.633513e-05 ; dt =  4674.8 sec
power : iter =    546 ; delta = 2.606094e-05 ; dt =  4683.3 sec
power : iter =    547 ; delta = 2.578514e-05 ; dt =  4691.9 sec
power : iter =    548 ; delta = 2.551657e-05 ; dt =  4700.5 sec
power : iter =    549 ; delta = 2.524656e-05 ; dt =  4709.1 sec
power : iter =    550 ; delta = 2.498384e-05 ; dt =  4717.6 sec
power : iter =    551 ; delta = 2.471938e-05 ; dt =  4726.2 sec
power : iter =    552 ; delta = 2.446218e-05 ; dt =  4734.8 sec
power : iter =    553 ; delta = 2.420347e-05 ; dt =  4743.4 sec
power : iter =    554 ; delta = 2.395154e-05 ; dt =  4751.9 sec
power : iter =    555 ; delta = 2.369827e-05 ; dt =  4760.5 sec
power : iter =    556 ; delta = 2.345180e-05 ; dt =  4769.1 sec
power : iter =    557 ; delta = 2.320373e-05 ; dt =  4777.7 sec
power : iter =    558 ; delta = 2.296243e-05 ; dt =  4786.2 sec
power : iter =    559 ; delta = 2.271974e-05 ; dt =  4794.8 sec
power : iter =    560 ; delta = 2.248339e-05 ; dt =  4803.4 sec
power : iter =    561 ; delta = 2.224578e-05 ; dt =  4812.0 sec
power : iter =    562 ; delta = 2.201455e-05 ; dt =  4820.5 sec
power : iter =    563 ; delta = 2.178182e-05 ; dt =  4829.1 sec
power : iter =    564 ; delta = 2.155543e-05 ; dt =  4837.7 sec
power : iter =    565 ; delta = 2.132774e-05 ; dt =  4846.3 sec
power : iter =    566 ; delta = 2.110599e-05 ; dt =  4854.8 sec
power : iter =    567 ; delta = 2.088308e-05 ; dt =  4863.4 sec
power : iter =    568 ; delta = 2.066614e-05 ; dt =  4872.0 sec
power : iter =    569 ; delta = 2.044780e-05 ; dt =  4880.6 sec
power : iter =    570 ; delta = 2.023541e-05 ; dt =  4889.1 sec
power : iter =    571 ; delta = 2.002181e-05 ; dt =  4897.7 sec
power : iter =    572 ; delta = 1.981376e-05 ; dt =  4906.3 sec
power : iter =    573 ; delta = 1.960464e-05 ; dt =  4914.8 sec
power : iter =    574 ; delta = 1.940109e-05 ; dt =  4923.4 sec
power : iter =    575 ; delta = 1.919625e-05 ; dt =  4932.0 sec
power : iter =    576 ; delta = 1.899695e-05 ; dt =  4940.6 sec
power : iter =    577 ; delta = 1.879655e-05 ; dt =  4949.1 sec
power : iter =    578 ; delta = 1.860132e-05 ; dt =  4957.7 sec
power : iter =    579 ; delta = 1.840511e-05 ; dt =  4966.3 sec
power : iter =    580 ; delta = 1.821411e-05 ; dt =  4974.9 sec
power : iter =    581 ; delta = 1.802191e-05 ; dt =  4983.4 sec
power : iter =    582 ; delta = 1.783489e-05 ; dt =  4992.0 sec
power : iter =    583 ; delta = 1.764685e-05 ; dt =  5000.6 sec
power : iter =    584 ; delta = 1.746366e-05 ; dt =  5009.2 sec
power : iter =    585 ; delta = 1.727955e-05 ; dt =  5017.7 sec
power : iter =    586 ; delta = 1.710032e-05 ; dt =  5026.3 sec
power : iter =    587 ; delta = 1.691997e-05 ; dt =  5034.9 sec
power : iter =    588 ; delta = 1.674448e-05 ; dt =  5043.5 sec
power : iter =    589 ; delta = 1.656803e-05 ; dt =  5052.1 sec
power : iter =    590 ; delta = 1.639613e-05 ; dt =  5060.6 sec
power : iter =    591 ; delta = 1.622337e-05 ; dt =  5069.2 sec
power : iter =    592 ; delta = 1.605517e-05 ; dt =  5077.8 sec
power : iter =    593 ; delta = 1.588594e-05 ; dt =  5086.4 sec
power : iter =    594 ; delta = 1.572125e-05 ; dt =  5094.9 sec
power : iter =    595 ; delta = 1.555568e-05 ; dt =  5103.5 sec
power : iter =    596 ; delta = 1.539435e-05 ; dt =  5112.1 sec
power : iter =    597 ; delta = 1.523224e-05 ; dt =  5120.6 sec
power : iter =    598 ; delta = 1.507439e-05 ; dt =  5129.2 sec
power : iter =    599 ; delta = 1.491559e-05 ; dt =  5137.8 sec
power : iter =    600 ; delta = 1.476103e-05 ; dt =  5146.4 sec
power : iter =    601 ; delta = 1.460566e-05 ; dt =  5154.9 sec
power : iter =    602 ; delta = 1.445425e-05 ; dt =  5163.5 sec
power : iter =    603 ; delta = 1.430212e-05 ; dt =  5172.1 sec
power : iter =    604 ; delta = 1.415398e-05 ; dt =  5180.7 sec
power : iter =    605 ; delta = 1.400495e-05 ; dt =  5189.2 sec
power : iter =    606 ; delta = 1.385990e-05 ; dt =  5197.8 sec
power : iter =    607 ; delta = 1.371408e-05 ; dt =  5206.5 sec
power : iter =    608 ; delta = 1.357199e-05 ; dt =  5215.1 sec
power : iter =    609 ; delta = 1.342921e-05 ; dt =  5223.6 sec
power : iter =    610 ; delta = 1.329018e-05 ; dt =  5232.2 sec
power : iter =    611 ; delta = 1.315032e-05 ; dt =  5240.8 sec
power : iter =    612 ; delta = 1.301417e-05 ; dt =  5249.4 sec
power : iter =    613 ; delta = 1.287733e-05 ; dt =  5257.9 sec
power : iter =    614 ; delta = 1.274396e-05 ; dt =  5266.5 sec
power : iter =    615 ; delta = 1.260997e-05 ; dt =  5275.1 sec
power : iter =    616 ; delta = 1.247947e-05 ; dt =  5283.7 sec
power : iter =    617 ; delta = 1.234821e-05 ; dt =  5292.2 sec
power : iter =    618 ; delta = 1.222043e-05 ; dt =  5300.8 sec
power : iter =    619 ; delta = 1.209200e-05 ; dt =  5309.4 sec
power : iter =    620 ; delta = 1.196682e-05 ; dt =  5318.0 sec
power : iter =    621 ; delta = 1.184107e-05 ; dt =  5326.5 sec
power : iter =    622 ; delta = 1.171859e-05 ; dt =  5335.1 sec
power : iter =    623 ; delta = 1.159540e-05 ; dt =  5343.7 sec
power : iter =    624 ; delta = 1.147547e-05 ; dt =  5352.3 sec
power : iter =    625 ; delta = 1.135493e-05 ; dt =  5360.8 sec
power : iter =    626 ; delta = 1.123743e-05 ; dt =  5369.4 sec
power : iter =    627 ; delta = 1.111941e-05 ; dt =  5378.0 sec
power : iter =    628 ; delta = 1.100444e-05 ; dt =  5386.5 sec
power : iter =    629 ; delta = 1.088881e-05 ; dt =  5395.1 sec
power : iter =    630 ; delta = 1.077623e-05 ; dt =  5403.7 sec
power : iter =    631 ; delta = 1.066309e-05 ; dt =  5412.3 sec
power : iter =    632 ; delta = 1.055280e-05 ; dt =  5420.8 sec
power : iter =    633 ; delta = 1.044202e-05 ; dt =  5429.4 sec
power : iter =    634 ; delta = 1.033410e-05 ; dt =  5438.0 sec
power : iter =    635 ; delta = 1.022557e-05 ; dt =  5446.6 sec
power : iter =    636 ; delta = 1.011989e-05 ; dt =  5455.1 sec
power : iter =    637 ; delta = 1.001370e-05 ; dt =  5463.7 sec
power : iter =    638 ; delta = 9.910173e-06 ; dt =  5472.3 sec
power : iter =    639 ; delta = 9.806189e-06 ; dt =  5480.9 sec
power : iter =    640 ; delta = 9.704884e-06 ; dt =  5489.4 sec
power : iter =    641 ; delta = 9.603018e-06 ; dt =  5498.0 sec
power : iter =    642 ; delta = 9.503819e-06 ; dt =  5506.6 sec
power : iter =    643 ; delta = 9.404143e-06 ; dt =  5515.2 sec
power : iter =    644 ; delta = 9.306961e-06 ; dt =  5523.7 sec
power : iter =    645 ; delta = 9.209356e-06 ; dt =  5532.3 sec
power : iter =    646 ; delta = 9.114257e-06 ; dt =  5540.9 sec
power : iter =    647 ; delta = 9.018637e-06 ; dt =  5549.5 sec
power : iter =    648 ; delta = 8.925512e-06 ; dt =  5558.0 sec
power : iter =    649 ; delta = 8.831943e-06 ; dt =  5566.6 sec
power : iter =    650 ; delta = 8.740709e-06 ; dt =  5575.2 sec
power : iter =    651 ; delta = 8.649084e-06 ; dt =  5583.7 sec
power : iter =    652 ; delta = 8.559804e-06 ; dt =  5592.3 sec
power : iter =    653 ; delta = 8.470041e-06 ; dt =  5600.9 sec
power : iter =    654 ; delta = 8.382614e-06 ; dt =  5609.5 sec
power : iter =    655 ; delta = 8.294776e-06 ; dt =  5618.1 sec
power : iter =    656 ; delta = 8.209122e-06 ; dt =  5626.6 sec
power : iter =    657 ; delta = 8.123108e-06 ; dt =  5635.2 sec
power : iter =    658 ; delta = 8.039288e-06 ; dt =  5643.8 sec
power : iter =    659 ; delta = 7.955021e-06 ; dt =  5652.3 sec
power : iter =    660 ; delta = 7.872939e-06 ; dt =  5660.9 sec
power : iter =    661 ; delta = 7.790478e-06 ; dt =  5669.5 sec
power : iter =    662 ; delta = 7.710061e-06 ; dt =  5678.1 sec
power : iter =    663 ; delta = 7.629311e-06 ; dt =  5686.6 sec
power : iter =    664 ; delta = 7.550615e-06 ; dt =  5695.2 sec
power : iter =    665 ; delta = 7.471505e-06 ; dt =  5703.8 sec
power : iter =    666 ; delta = 7.394440e-06 ; dt =  5712.4 sec
power : iter =    667 ; delta = 7.317023e-06 ; dt =  5720.9 sec
power : iter =    668 ; delta = 7.241521e-06 ; dt =  5729.5 sec
power : iter =    669 ; delta = 7.165710e-06 ; dt =  5738.1 sec
power : iter =    670 ; delta = 7.091822e-06 ; dt =  5746.7 sec
power : iter =    671 ; delta = 7.017551e-06 ; dt =  5755.2 sec
power : iter =    672 ; delta = 6.945192e-06 ; dt =  5763.8 sec
power : iter =    673 ; delta = 6.872510e-06 ; dt =  5772.4 sec
power : iter =    674 ; delta = 6.801621e-06 ; dt =  5781.0 sec
power : iter =    675 ; delta = 6.730449e-06 ; dt =  5789.5 sec
power : iter =    676 ; delta = 6.661075e-06 ; dt =  5798.1 sec
power : iter =    677 ; delta = 6.591348e-06 ; dt =  5806.7 sec
power : iter =    678 ; delta = 6.523410e-06 ; dt =  5815.3 sec
power : iter =    679 ; delta = 6.455174e-06 ; dt =  5823.9 sec
power : iter =    680 ; delta = 6.388615e-06 ; dt =  5832.5 sec
power : iter =    681 ; delta = 6.321794e-06 ; dt =  5841.0 sec
power : iter =    682 ; delta = 6.256656e-06 ; dt =  5849.6 sec
power : iter =    683 ; delta = 6.191191e-06 ; dt =  5858.2 sec
power : iter =    684 ; delta = 6.127401e-06 ; dt =  5866.8 sec
power : iter =    685 ; delta = 6.063336e-06 ; dt =  5875.3 sec
power : iter =    686 ; delta = 6.000840e-06 ; dt =  5883.9 sec
power : iter =    687 ; delta = 5.938102e-06 ; dt =  5892.5 sec
power : iter =    688 ; delta = 5.876940e-06 ; dt =  5901.1 sec
power : iter =    689 ; delta = 5.815474e-06 ; dt =  5909.6 sec
power : iter =    690 ; delta = 5.755576e-06 ; dt =  5918.2 sec
power : iter =    691 ; delta = 5.695423e-06 ; dt =  5926.8 sec
power : iter =    692 ; delta = 5.636739e-06 ; dt =  5935.3 sec
power : iter =    693 ; delta = 5.577832e-06 ; dt =  5943.9 sec
power : iter =    694 ; delta = 5.520400e-06 ; dt =  5952.5 sec
power : iter =    695 ; delta = 5.462687e-06 ; dt =  5961.1 sec
power : iter =    696 ; delta = 5.406442e-06 ; dt =  5969.6 sec
power : iter =    697 ; delta = 5.349961e-06 ; dt =  5978.2 sec
power : iter =    698 ; delta = 5.294854e-06 ; dt =  5986.8 sec
power : iter =    699 ; delta = 5.239542e-06 ; dt =  5995.4 sec
power : iter =    700 ; delta = 5.185610e-06 ; dt =  6003.9 sec
power : iter =    701 ; delta = 5.131419e-06 ; dt =  6012.5 sec
power : iter =    702 ; delta = 5.078603e-06 ; dt =  6021.1 sec
power : iter =    703 ; delta = 5.025568e-06 ; dt =  6029.7 sec
power : iter =    704 ; delta = 4.973821e-06 ; dt =  6038.2 sec
power : iter =    705 ; delta = 4.921885e-06 ; dt =  6046.8 sec
power : iter =    706 ; delta = 4.871241e-06 ; dt =  6055.4 sec
power : iter =    707 ; delta = 4.820358e-06 ; dt =  6064.0 sec
power : iter =    708 ; delta = 4.770760e-06 ; dt =  6072.5 sec
power : iter =    709 ; delta = 4.720961e-06 ; dt =  6081.1 sec
power : iter =    710 ; delta = 4.672366e-06 ; dt =  6089.7 sec
power : iter =    711 ; delta = 4.623597e-06 ; dt =  6098.3 sec
power : iter =    712 ; delta = 4.576037e-06 ; dt =  6106.8 sec
power : iter =    713 ; delta = 4.528256e-06 ; dt =  6115.4 sec
power : iter =    714 ; delta = 4.481678e-06 ; dt =  6124.0 sec
power : iter =    715 ; delta = 4.434915e-06 ; dt =  6132.6 sec
power : iter =    716 ; delta = 4.389279e-06 ; dt =  6141.1 sec
power : iter =    717 ; delta = 4.343482e-06 ; dt =  6149.7 sec
power : iter =    718 ; delta = 4.298818e-06 ; dt =  6158.3 sec
power : iter =    719 ; delta = 4.253949e-06 ; dt =  6166.8 sec
power : iter =    720 ; delta = 4.210206e-06 ; dt =  6175.4 sec
power : iter =    721 ; delta = 4.166293e-06 ; dt =  6184.0 sec
power : iter =    722 ; delta = 4.123434e-06 ; dt =  6192.6 sec
power : iter =    723 ; delta = 4.080428e-06 ; dt =  6201.1 sec
power : iter =    724 ; delta = 4.038480e-06 ; dt =  6209.7 sec
power : iter =    725 ; delta = 3.996346e-06 ; dt =  6218.3 sec
power : iter =    726 ; delta = 3.955265e-06 ; dt =  6226.9 sec
power : iter =    727 ; delta = 3.914028e-06 ; dt =  6235.4 sec
power : iter =    728 ; delta = 3.873778e-06 ; dt =  6244.0 sec
power : iter =    729 ; delta = 3.833393e-06 ; dt =  6252.6 sec
power : iter =    730 ; delta = 3.794001e-06 ; dt =  6261.2 sec
power : iter =    731 ; delta = 3.754433e-06 ; dt =  6269.7 sec
power : iter =    732 ; delta = 3.715852e-06 ; dt =  6278.3 sec
power : iter =    733 ; delta = 3.677127e-06 ; dt =  6286.9 sec
power : iter =    734 ; delta = 3.639325e-06 ; dt =  6295.5 sec
power : iter =    735 ; delta = 3.601398e-06 ; dt =  6304.0 sec
power : iter =    736 ; delta = 3.564400e-06 ; dt =  6312.6 sec
power : iter =    737 ; delta = 3.527242e-06 ; dt =  6321.2 sec
power : iter =    738 ; delta = 3.491006e-06 ; dt =  6329.8 sec
power : iter =    739 ; delta = 3.454637e-06 ; dt =  6338.3 sec
power : iter =    740 ; delta = 3.419134e-06 ; dt =  6346.9 sec
power : iter =    741 ; delta = 3.383515e-06 ; dt =  6355.5 sec
power : iter =    742 ; delta = 3.348765e-06 ; dt =  6364.1 sec
power : iter =    743 ; delta = 3.313867e-06 ; dt =  6372.6 sec
power : iter =    744 ; delta = 3.279833e-06 ; dt =  6381.2 sec
power : iter =    745 ; delta = 3.245677e-06 ; dt =  6389.8 sec
power : iter =    746 ; delta = 3.212331e-06 ; dt =  6398.3 sec
power : iter =    747 ; delta = 3.178879e-06 ; dt =  6406.9 sec
power : iter =    748 ; delta = 3.146241e-06 ; dt =  6415.5 sec
power : iter =    749 ; delta = 3.113465e-06 ; dt =  6424.1 sec
power : iter =    750 ; delta = 3.081498e-06 ; dt =  6432.7 sec
power : iter =    751 ; delta = 3.049419e-06 ; dt =  6441.2 sec
power : iter =    752 ; delta = 3.018098e-06 ; dt =  6449.8 sec
power : iter =    753 ; delta = 2.986680e-06 ; dt =  6458.4 sec
power : iter =    754 ; delta = 2.956024e-06 ; dt =  6467.0 sec
power : iter =    755 ; delta = 2.925241e-06 ; dt =  6475.5 sec
power : iter =    756 ; delta = 2.895215e-06 ; dt =  6484.1 sec
power : iter =    757 ; delta = 2.865085e-06 ; dt =  6492.7 sec
power : iter =    758 ; delta = 2.835665e-06 ; dt =  6501.3 sec
power : iter =    759 ; delta = 2.806156e-06 ; dt =  6509.8 sec
power : iter =    760 ; delta = 2.777360e-06 ; dt =  6518.4 sec
power : iter =    761 ; delta = 2.748447e-06 ; dt =  6527.0 sec
power : iter =    762 ; delta = 2.720244e-06 ; dt =  6535.6 sec
power : iter =    763 ; delta = 2.691944e-06 ; dt =  6544.1 sec
power : iter =    764 ; delta = 2.664310e-06 ; dt =  6552.7 sec
power : iter =    765 ; delta = 2.636593e-06 ; dt =  6561.3 sec
power : iter =    766 ; delta = 2.609544e-06 ; dt =  6569.9 sec
power : iter =    767 ; delta = 2.582388e-06 ; dt =  6578.5 sec
power : iter =    768 ; delta = 2.555896e-06 ; dt =  6587.0 sec
power : iter =    769 ; delta = 2.529316e-06 ; dt =  6595.6 sec
power : iter =    770 ; delta = 2.503358e-06 ; dt =  6604.2 sec
power : iter =    771 ; delta = 2.477325e-06 ; dt =  6612.7 sec
power : iter =    772 ; delta = 2.451917e-06 ; dt =  6621.3 sec
power : iter =    773 ; delta = 2.426410e-06 ; dt =  6629.9 sec
power : iter =    774 ; delta = 2.401525e-06 ; dt =  6638.5 sec
power : iter =    775 ; delta = 2.376559e-06 ; dt =  6647.0 sec
power : iter =    776 ; delta = 2.352175e-06 ; dt =  6655.6 sec
power : iter =    777 ; delta = 2.327722e-06 ; dt =  6664.2 sec
power : iter =    778 ; delta = 2.303854e-06 ; dt =  6672.8 sec
power : iter =    779 ; delta = 2.279896e-06 ; dt =  6681.3 sec
power : iter =    780 ; delta = 2.256519e-06 ; dt =  6689.9 sec
power : iter =    781 ; delta = 2.233067e-06 ; dt =  6698.5 sec
power : iter =    782 ; delta = 2.210161e-06 ; dt =  6707.1 sec
power : iter =    783 ; delta = 2.187193e-06 ; dt =  6715.6 sec
power : iter =    784 ; delta = 2.164772e-06 ; dt =  6724.2 sec
power : iter =    785 ; delta = 2.142267e-06 ; dt =  6732.8 sec
power : iter =    786 ; delta = 2.120306e-06 ; dt =  6741.4 sec
power : iter =    787 ; delta = 2.098278e-06 ; dt =  6749.9 sec
power : iter =    788 ; delta = 2.076760e-06 ; dt =  6758.5 sec
power : iter =    789 ; delta = 2.055185e-06 ; dt =  6767.1 sec
power : iter =    790 ; delta = 2.034122e-06 ; dt =  6775.7 sec
power : iter =    791 ; delta = 2.012982e-06 ; dt =  6784.2 sec
power : iter =    792 ; delta = 1.992352e-06 ; dt =  6792.8 sec
power : iter =    793 ; delta = 1.971660e-06 ; dt =  6801.4 sec
power : iter =    794 ; delta = 1.951446e-06 ; dt =  6810.0 sec
power : iter =    795 ; delta = 1.931179e-06 ; dt =  6818.5 sec
power : iter =    796 ; delta = 1.911392e-06 ; dt =  6827.1 sec
power : iter =    797 ; delta = 1.891533e-06 ; dt =  6835.7 sec
power : iter =    798 ; delta = 1.872153e-06 ; dt =  6844.3 sec
power : iter =    799 ; delta = 1.852714e-06 ; dt =  6852.8 sec
power : iter =    800 ; delta = 1.833724e-06 ; dt =  6861.4 sec
power : iter =    801 ; delta = 1.814685e-06 ; dt =  6870.0 sec
power : iter =    802 ; delta = 1.796096e-06 ; dt =  6878.6 sec
power : iter =    803 ; delta = 1.777441e-06 ; dt =  6887.1 sec
power : iter =    804 ; delta = 1.759234e-06 ; dt =  6895.7 sec
power : iter =    805 ; delta = 1.740973e-06 ; dt =  6904.3 sec
power : iter =    806 ; delta = 1.723132e-06 ; dt =  6912.9 sec
power : iter =    807 ; delta = 1.705247e-06 ; dt =  6921.4 sec
power : iter =    808 ; delta = 1.687783e-06 ; dt =  6930.0 sec
power : iter =    809 ; delta = 1.670258e-06 ; dt =  6938.6 sec
power : iter =    810 ; delta = 1.653152e-06 ; dt =  6947.2 sec
power : iter =    811 ; delta = 1.635998e-06 ; dt =  6955.7 sec
power : iter =    812 ; delta = 1.619236e-06 ; dt =  6964.3 sec
power : iter =    813 ; delta = 1.602435e-06 ; dt =  6972.9 sec
power : iter =    814 ; delta = 1.586027e-06 ; dt =  6981.5 sec
power : iter =    815 ; delta = 1.569564e-06 ; dt =  6990.0 sec
power : iter =    816 ; delta = 1.553493e-06 ; dt =  6998.6 sec
power : iter =    817 ; delta = 1.537378e-06 ; dt =  7007.2 sec
power : iter =    818 ; delta = 1.521630e-06 ; dt =  7015.8 sec
power : iter =    819 ; delta = 1.505847e-06 ; dt =  7024.3 sec
power : iter =    820 ; delta = 1.490432e-06 ; dt =  7032.9 sec
power : iter =    821 ; delta = 1.474966e-06 ; dt =  7041.5 sec
power : iter =    822 ; delta = 1.459867e-06 ; dt =  7050.1 sec
power : iter =    823 ; delta = 1.444728e-06 ; dt =  7058.6 sec
power : iter =    824 ; delta = 1.429933e-06 ; dt =  7067.2 sec
power : iter =    825 ; delta = 1.415105e-06 ; dt =  7075.8 sec
power : iter =    826 ; delta = 1.400622e-06 ; dt =  7084.3 sec
power : iter =    827 ; delta = 1.386093e-06 ; dt =  7092.9 sec
power : iter =    828 ; delta = 1.371907e-06 ; dt =  7101.5 sec
power : iter =    829 ; delta = 1.357685e-06 ; dt =  7110.1 sec
power : iter =    830 ; delta = 1.343785e-06 ; dt =  7118.6 sec
power : iter =    831 ; delta = 1.329854e-06 ; dt =  7127.2 sec
power : iter =    832 ; delta = 1.316247e-06 ; dt =  7135.8 sec
power : iter =    833 ; delta = 1.302597e-06 ; dt =  7144.4 sec
power : iter =    834 ; delta = 1.289269e-06 ; dt =  7152.9 sec
power : iter =    835 ; delta = 1.275907e-06 ; dt =  7161.5 sec
power : iter =    836 ; delta = 1.262847e-06 ; dt =  7170.1 sec
power : iter =    837 ; delta = 1.249760e-06 ; dt =  7178.7 sec
power : iter =    838 ; delta = 1.236975e-06 ; dt =  7187.2 sec
power : iter =    839 ; delta = 1.224151e-06 ; dt =  7195.8 sec
power : iter =    840 ; delta = 1.211628e-06 ; dt =  7204.4 sec
power : iter =    841 ; delta = 1.199074e-06 ; dt =  7213.0 sec
power : iter =    842 ; delta = 1.186803e-06 ; dt =  7221.5 sec
power : iter =    843 ; delta = 1.174506e-06 ; dt =  7230.1 sec
power : iter =    844 ; delta = 1.162494e-06 ; dt =  7238.7 sec
power : iter =    845 ; delta = 1.150445e-06 ; dt =  7247.3 sec
power : iter =    846 ; delta = 1.138678e-06 ; dt =  7255.8 sec
power : iter =    847 ; delta = 1.126884e-06 ; dt =  7264.4 sec
power : iter =    848 ; delta = 1.115353e-06 ; dt =  7273.0 sec
power : iter =    849 ; delta = 1.103801e-06 ; dt =  7281.6 sec
power : iter =    850 ; delta = 1.092513e-06 ; dt =  7290.1 sec
power : iter =    851 ; delta = 1.081193e-06 ; dt =  7298.7 sec
power : iter =    852 ; delta = 1.070137e-06 ; dt =  7307.3 sec
power : iter =    853 ; delta = 1.059055e-06 ; dt =  7315.9 sec
power : iter =    854 ; delta = 1.048221e-06 ; dt =  7324.4 sec
power : iter =    855 ; delta = 1.037366e-06 ; dt =  7333.0 sec
power : iter =    856 ; delta = 1.026760e-06 ; dt =  7341.6 sec
power : iter =    857 ; delta = 1.016124e-06 ; dt =  7350.2 sec
power : iter =    858 ; delta = 1.005735e-06 ; dt =  7358.7 sec
power : iter =    859 ; delta = 9.953233e-07 ; dt =  7367.3 sec
power : iter =    860 ; delta = 9.851432e-07 ; dt =  7375.9 sec
power : iter =    861 ; delta = 9.749446e-07 ; dt =  7384.5 sec
power : iter =    862 ; delta = 9.649786e-07 ; dt =  7393.0 sec
power : iter =    863 ; delta = 9.549853e-07 ; dt =  7401.6 sec
power : iter =    864 ; delta = 9.452232e-07 ; dt =  7410.2 sec
power : iter =    865 ; delta = 9.354403e-07 ; dt =  7418.7 sec
power : iter =    866 ; delta = 9.258744e-07 ; dt =  7427.3 sec
power : iter =    867 ; delta = 9.162920e-07 ; dt =  7435.9 sec
power : iter =    868 ; delta = 9.069272e-07 ; dt =  7444.5 sec
power : iter =    869 ; delta = 8.975377e-07 ; dt =  7453.0 sec
power : iter =    870 ; delta = 8.883645e-07 ; dt =  7461.6 sec
power : iter =    871 ; delta = 8.791725e-07 ; dt =  7470.2 sec
power : iter =    872 ; delta = 8.701836e-07 ; dt =  7478.8 sec
power : iter =    873 ; delta = 8.611799e-07 ; dt =  7487.3 sec
power : iter =    874 ; delta = 8.523800e-07 ; dt =  7495.9 sec
power : iter =    875 ; delta = 8.435575e-07 ; dt =  7504.5 sec
power : iter =    876 ; delta = 8.349376e-07 ; dt =  7513.1 sec
power : iter =    877 ; delta = 8.263006e-07 ; dt =  7521.6 sec
power : iter =    878 ; delta = 8.178539e-07 ; dt =  7530.2 sec
power : iter =    879 ; delta = 8.093938e-07 ; dt =  7538.8 sec
power : iter =    880 ; delta = 8.011246e-07 ; dt =  7547.4 sec
power : iter =    881 ; delta = 7.928347e-07 ; dt =  7555.9 sec
power : iter =    882 ; delta = 7.847346e-07 ; dt =  7564.5 sec
power : iter =    883 ; delta = 7.766190e-07 ; dt =  7573.1 sec
power : iter =    884 ; delta = 7.686817e-07 ; dt =  7581.7 sec
power : iter =    885 ; delta = 7.607322e-07 ; dt =  7590.2 sec
power : iter =    886 ; delta = 7.529616e-07 ; dt =  7598.8 sec
power : iter =    887 ; delta = 7.451720e-07 ; dt =  7607.4 sec
power : iter =    888 ; delta = 7.375602e-07 ; dt =  7616.0 sec
power : iter =    889 ; delta = 7.299345e-07 ; dt =  7624.5 sec
power : iter =    890 ; delta = 7.224756e-07 ; dt =  7633.1 sec
power : iter =    891 ; delta = 7.150060e-07 ; dt =  7641.7 sec
power : iter =    892 ; delta = 7.077037e-07 ; dt =  7650.3 sec
power : iter =    893 ; delta = 7.003843e-07 ; dt =  7658.8 sec
power : iter =    894 ; delta = 6.932313e-07 ; dt =  7667.4 sec
power : iter =    895 ; delta = 6.860657e-07 ; dt =  7676.0 sec
power : iter =    896 ; delta = 6.790564e-07 ; dt =  7684.6 sec
power : iter =    897 ; delta = 6.720374e-07 ; dt =  7693.1 sec
power : iter =    898 ; delta = 6.651752e-07 ; dt =  7701.7 sec
power : iter =    899 ; delta = 6.582974e-07 ; dt =  7710.3 sec
power : iter =    900 ; delta = 6.515754e-07 ; dt =  7718.9 sec
power : iter =    901 ; delta = 6.448421e-07 ; dt =  7727.4 sec
power : iter =    902 ; delta = 6.382551e-07 ; dt =  7736.0 sec
power : iter =    903 ; delta = 6.316595e-07 ; dt =  7744.6 sec
power : iter =    904 ; delta = 6.252107e-07 ; dt =  7753.2 sec
power : iter =    905 ; delta = 6.187478e-07 ; dt =  7761.7 sec
power : iter =    906 ; delta = 6.124308e-07 ; dt =  7770.3 sec
power : iter =    907 ; delta = 6.061037e-07 ; dt =  7778.9 sec
power : iter =    908 ; delta = 5.999135e-07 ; dt =  7787.5 sec
power : iter =    909 ; delta = 5.937158e-07 ; dt =  7796.0 sec
power : iter =    910 ; delta = 5.876555e-07 ; dt =  7804.6 sec
power : iter =    911 ; delta = 5.815823e-07 ; dt =  7813.2 sec
power : iter =    912 ; delta = 5.756457e-07 ; dt =  7821.7 sec
power : iter =    913 ; delta = 5.697001e-07 ; dt =  7830.3 sec
power : iter =    914 ; delta = 5.638827e-07 ; dt =  7838.9 sec
power : iter =    915 ; delta = 5.580586e-07 ; dt =  7847.5 sec
power : iter =    916 ; delta = 5.523631e-07 ; dt =  7856.0 sec
power : iter =    917 ; delta = 5.466561e-07 ; dt =  7864.6 sec
power : iter =    918 ; delta = 5.410769e-07 ; dt =  7873.2 sec
power : iter =    919 ; delta = 5.354896e-07 ; dt =  7881.8 sec
power : iter =    920 ; delta = 5.300225e-07 ; dt =  7890.3 sec
power : iter =    921 ; delta = 5.245494e-07 ; dt =  7898.9 sec
power : iter =    922 ; delta = 5.191969e-07 ; dt =  7907.5 sec
power : iter =    923 ; delta = 5.138338e-07 ; dt =  7916.1 sec
power : iter =    924 ; delta = 5.085905e-07 ; dt =  7924.6 sec
power : iter =    925 ; delta = 5.033399e-07 ; dt =  7933.2 sec
power : iter =    926 ; delta = 4.982019e-07 ; dt =  7941.8 sec
power : iter =    927 ; delta = 4.930586e-07 ; dt =  7950.4 sec
power : iter =    928 ; delta = 4.880282e-07 ; dt =  7958.9 sec
power : iter =    929 ; delta = 4.829883e-07 ; dt =  7967.5 sec
power : iter =    930 ; delta = 4.780605e-07 ; dt =  7976.1 sec
power : iter =    931 ; delta = 4.731263e-07 ; dt =  7984.7 sec
power : iter =    932 ; delta = 4.682974e-07 ; dt =  7993.2 sec
power : iter =    933 ; delta = 4.634640e-07 ; dt =  8001.8 sec
power : iter =    934 ; delta = 4.587363e-07 ; dt =  8010.4 sec
power : iter =    935 ; delta = 4.540000e-07 ; dt =  8019.0 sec
power : iter =    936 ; delta = 4.493687e-07 ; dt =  8027.5 sec
power : iter =    937 ; delta = 4.447316e-07 ; dt =  8036.1 sec
power : iter =    938 ; delta = 4.401933e-07 ; dt =  8044.7 sec
power : iter =    939 ; delta = 4.356510e-07 ; dt =  8053.2 sec
power : iter =    940 ; delta = 4.312076e-07 ; dt =  8061.8 sec
power : iter =    941 ; delta = 4.267566e-07 ; dt =  8070.4 sec
power : iter =    942 ; delta = 4.224039e-07 ; dt =  8079.0 sec
power : iter =    943 ; delta = 4.180461e-07 ; dt =  8087.5 sec
power : iter =    944 ; delta = 4.137807e-07 ; dt =  8096.1 sec
power : iter =    945 ; delta = 4.095119e-07 ; dt =  8104.7 sec
power : iter =    946 ; delta = 4.053358e-07 ; dt =  8114.1 sec
power : iter =    947 ; delta = 4.011528e-07 ; dt =  8122.7 sec
power : iter =    948 ; delta = 3.970619e-07 ; dt =  8131.2 sec
power : iter =    949 ; delta = 3.929664e-07 ; dt =  8139.8 sec
power : iter =    950 ; delta = 3.889576e-07 ; dt =  8148.4 sec
power : iter =    951 ; delta = 3.849458e-07 ; dt =  8157.0 sec
power : iter =    952 ; delta = 3.810208e-07 ; dt =  8165.5 sec
power : iter =    953 ; delta = 3.770896e-07 ; dt =  8174.1 sec
power : iter =    954 ; delta = 3.732446e-07 ; dt =  8182.7 sec
power : iter =    955 ; delta = 3.693957e-07 ; dt =  8191.3 sec
power : iter =    956 ; delta = 3.656279e-07 ; dt =  8199.8 sec
power : iter =    957 ; delta = 3.618575e-07 ; dt =  8208.4 sec
power : iter =    958 ; delta = 3.581685e-07 ; dt =  8217.0 sec
power : iter =    959 ; delta = 3.544739e-07 ; dt =  8225.6 sec
power : iter =    960 ; delta = 3.508600e-07 ; dt =  8234.1 sec
power : iter =    961 ; delta = 3.472427e-07 ; dt =  8242.7 sec
power : iter =    962 ; delta = 3.437014e-07 ; dt =  8251.3 sec
power : iter =    963 ; delta = 3.401579e-07 ; dt =  8259.9 sec
power : iter =    964 ; delta = 3.366906e-07 ; dt =  8268.4 sec
power : iter =    965 ; delta = 3.332183e-07 ; dt =  8277.0 sec
power : iter =    966 ; delta = 3.298216e-07 ; dt =  8285.6 sec
power : iter =    967 ; delta = 3.264219e-07 ; dt =  8294.2 sec
power : iter =    968 ; delta = 3.230934e-07 ; dt =  8302.7 sec
power : iter =    969 ; delta = 3.197631e-07 ; dt =  8311.3 sec
power : iter =    970 ; delta = 3.165041e-07 ; dt =  8319.9 sec
power : iter =    971 ; delta = 3.132407e-07 ; dt =  8328.5 sec
power : iter =    972 ; delta = 3.100481e-07 ; dt =  8337.0 sec
power : iter =    973 ; delta = 3.068530e-07 ; dt =  8345.6 sec
power : iter =    974 ; delta = 3.037245e-07 ; dt =  8354.2 sec
power : iter =    975 ; delta = 3.005945e-07 ; dt =  8362.7 sec
power : iter =    976 ; delta = 2.975313e-07 ; dt =  8371.3 sec
power : iter =    977 ; delta = 2.944642e-07 ; dt =  8379.9 sec
power : iter =    978 ; delta = 2.914635e-07 ; dt =  8388.5 sec
power : iter =    979 ; delta = 2.884605e-07 ; dt =  8397.0 sec
power : iter =    980 ; delta = 2.855199e-07 ; dt =  8405.6 sec
power : iter =    981 ; delta = 2.825782e-07 ; dt =  8414.2 sec
power : iter =    982 ; delta = 2.796990e-07 ; dt =  8422.8 sec
power : iter =    983 ; delta = 2.768163e-07 ; dt =  8431.3 sec
power : iter =    984 ; delta = 2.739957e-07 ; dt =  8439.9 sec
power : iter =    985 ; delta = 2.711733e-07 ; dt =  8448.5 sec
power : iter =    986 ; delta = 2.684093e-07 ; dt =  8457.1 sec
power : iter =    987 ; delta = 2.656445e-07 ; dt =  8465.6 sec
power : iter =    988 ; delta = 2.629382e-07 ; dt =  8474.2 sec
power : iter =    989 ; delta = 2.602289e-07 ; dt =  8482.8 sec
power : iter =    990 ; delta = 2.575777e-07 ; dt =  8491.4 sec
power : iter =    991 ; delta = 2.549250e-07 ; dt =  8499.9 sec
power : iter =    992 ; delta = 2.523270e-07 ; dt =  8508.5 sec
power : iter =    993 ; delta = 2.497284e-07 ; dt =  8517.1 sec
power : iter =    994 ; delta = 2.471846e-07 ; dt =  8525.7 sec
power : iter =    995 ; delta = 2.446382e-07 ; dt =  8534.2 sec
power : iter =    996 ; delta = 2.421462e-07 ; dt =  8542.8 sec
power : iter =    997 ; delta = 2.396529e-07 ; dt =  8551.4 sec
power : iter =    998 ; delta = 2.372109e-07 ; dt =  8560.0 sec
power : iter =    999 ; delta = 2.347685e-07 ; dt =  8568.5 sec
power : iter =   1000 ; delta = 2.323774e-07 ; dt =  8577.1 sec
power : iter =   1001 ; delta = 2.299840e-07 ; dt =  8585.7 sec
power : iter =   1002 ; delta = 2.276416e-07 ; dt =  8594.3 sec
power : iter =   1003 ; delta = 2.252982e-07 ; dt =  8602.8 sec
power : iter =   1004 ; delta = 2.230028e-07 ; dt =  8611.4 sec
power : iter =   1005 ; delta = 2.207071e-07 ; dt =  8620.0 sec
power : iter =   1006 ; delta = 2.184595e-07 ; dt =  8628.6 sec
power : iter =   1007 ; delta = 2.162099e-07 ; dt =  8637.1 sec
power : iter =   1008 ; delta = 2.140081e-07 ; dt =  8645.7 sec
power : iter =   1009 ; delta = 2.118055e-07 ; dt =  8654.3 sec
power : iter =   1010 ; delta = 2.096478e-07 ; dt =  8662.8 sec
power : iter =   1011 ; delta = 2.074901e-07 ; dt =  8671.4 sec
power : iter =   1012 ; delta = 2.053774e-07 ; dt =  8680.0 sec
power : iter =   1013 ; delta = 2.032629e-07 ; dt =  8688.6 sec
power : iter =   1014 ; delta = 2.011932e-07 ; dt =  8697.1 sec
power : iter =   1015 ; delta = 1.991229e-07 ; dt =  8705.7 sec
power : iter =   1016 ; delta = 1.970947e-07 ; dt =  8714.3 sec
power : iter =   1017 ; delta = 1.950665e-07 ; dt =  8722.9 sec
power : iter =   1018 ; delta = 1.930806e-07 ; dt =  8731.4 sec
power : iter =   1019 ; delta = 1.910931e-07 ; dt =  8740.0 sec
power : iter =   1020 ; delta = 1.891476e-07 ; dt =  8748.6 sec
power : iter =   1021 ; delta = 1.872016e-07 ; dt =  8757.2 sec
power : iter =   1022 ; delta = 1.852950e-07 ; dt =  8765.7 sec
power : iter =   1023 ; delta = 1.833887e-07 ; dt =  8774.3 sec
power : iter =   1024 ; delta = 1.815220e-07 ; dt =  8782.9 sec
power : iter =   1025 ; delta = 1.796539e-07 ; dt =  8791.5 sec
power : iter =   1026 ; delta = 1.778252e-07 ; dt =  8800.0 sec
power : iter =   1027 ; delta = 1.759961e-07 ; dt =  8808.6 sec
power : iter =   1028 ; delta = 1.742040e-07 ; dt =  8817.2 sec
power : iter =   1029 ; delta = 1.724123e-07 ; dt =  8825.8 sec
power : iter =   1030 ; delta = 1.706575e-07 ; dt =  8834.3 sec
power : iter =   1031 ; delta = 1.689017e-07 ; dt =  8842.9 sec
power : iter =   1032 ; delta = 1.671826e-07 ; dt =  8851.5 sec
power : iter =   1033 ; delta = 1.654634e-07 ; dt =  8860.1 sec
power : iter =   1034 ; delta = 1.637788e-07 ; dt =  8868.6 sec
power : iter =   1035 ; delta = 1.620946e-07 ; dt =  8877.2 sec
power : iter =   1036 ; delta = 1.604450e-07 ; dt =  8885.8 sec
power : iter =   1037 ; delta = 1.587946e-07 ; dt =  8894.4 sec
power : iter =   1038 ; delta = 1.571786e-07 ; dt =  8902.9 sec
power : iter =   1039 ; delta = 1.555625e-07 ; dt =  8911.5 sec
power : iter =   1040 ; delta = 1.539789e-07 ; dt =  8920.1 sec
power : iter =   1041 ; delta = 1.523957e-07 ; dt =  8928.6 sec
power : iter =   1042 ; delta = 1.508451e-07 ; dt =  8937.2 sec
power : iter =   1043 ; delta = 1.492937e-07 ; dt =  8945.8 sec
power : iter =   1044 ; delta = 1.477746e-07 ; dt =  8954.4 sec
power : iter =   1045 ; delta = 1.462555e-07 ; dt =  8962.9 sec
power : iter =   1046 ; delta = 1.447668e-07 ; dt =  8971.5 sec
power : iter =   1047 ; delta = 1.432786e-07 ; dt =  8980.1 sec
power : iter =   1048 ; delta = 1.418209e-07 ; dt =  8988.7 sec
power : iter =   1049 ; delta = 1.403626e-07 ; dt =  8997.2 sec
power : iter =   1050 ; delta = 1.389345e-07 ; dt =  9005.8 sec
power : iter =   1051 ; delta = 1.375066e-07 ; dt =  9014.4 sec
power : iter =   1052 ; delta = 1.361071e-07 ; dt =  9023.0 sec
power : iter =   1053 ; delta = 1.347082e-07 ; dt =  9031.5 sec
power : iter =   1054 ; delta = 1.333379e-07 ; dt =  9040.1 sec
power : iter =   1055 ; delta = 1.319671e-07 ; dt =  9048.7 sec
power : iter =   1056 ; delta = 1.306245e-07 ; dt =  9057.3 sec
power : iter =   1057 ; delta = 1.292823e-07 ; dt =  9065.8 sec
power : iter =   1058 ; delta = 1.279666e-07 ; dt =  9074.4 sec
power : iter =   1059 ; delta = 1.266517e-07 ; dt =  9083.0 sec
power : iter =   1060 ; delta = 1.253634e-07 ; dt =  9091.6 sec
power : iter =   1061 ; delta = 1.240748e-07 ; dt =  9100.1 sec
power : iter =   1062 ; delta = 1.228127e-07 ; dt =  9108.7 sec
power : iter =   1063 ; delta = 1.215510e-07 ; dt =  9117.3 sec
power : iter =   1064 ; delta = 1.203142e-07 ; dt =  9125.9 sec
power : iter =   1065 ; delta = 1.190781e-07 ; dt =  9134.4 sec
power : iter =   1066 ; delta = 1.178670e-07 ; dt =  9143.0 sec
power : iter =   1067 ; delta = 1.166556e-07 ; dt =  9151.6 sec
power : iter =   1068 ; delta = 1.154692e-07 ; dt =  9160.2 sec
power : iter =   1069 ; delta = 1.142831e-07 ; dt =  9168.7 sec
power : iter =   1070 ; delta = 1.131203e-07 ; dt =  9177.3 sec
power : iter =   1071 ; delta = 1.119583e-07 ; dt =  9185.9 sec
power : iter =   1072 ; delta = 1.108198e-07 ; dt =  9194.4 sec
power : iter =   1073 ; delta = 1.096811e-07 ; dt =  9203.0 sec
power : iter =   1074 ; delta = 1.085657e-07 ; dt =  9211.6 sec
power : iter =   1075 ; delta = 1.074507e-07 ; dt =  9220.2 sec
power : iter =   1076 ; delta = 1.063576e-07 ; dt =  9228.7 sec
power : iter =   1077 ; delta = 1.052653e-07 ; dt =  9237.3 sec
power : iter =   1078 ; delta = 1.041949e-07 ; dt =  9245.9 sec
power : iter =   1079 ; delta = 1.031245e-07 ; dt =  9254.5 sec
power : iter =   1080 ; delta = 1.020758e-07 ; dt =  9263.0 sec
power : iter =   1081 ; delta = 1.010277e-07 ; dt =  9271.6 sec
power : iter =   1082 ; delta = 1.000000e-07 ; dt =  9280.2 sec
power : iter =   1083 ; delta = 9.897319e-08 ; dt =  9288.8 sec
power : solved pagerank(a=0.9900) in  1083 mults to 1.000000e-07 tol
output norm: 1.0000000000000000e+00
