Parameters: 
   graphfile = /var/tmp/dgleich/data/uk-2007-05-trans
      output = none
         alg = power
       alpha = 0.85
         tol = 1e-07
       maxit = 10000

nodes = 105896555
edges = -556233648
power : iter =      1 ; delta = 1.178088e+00 ; dt =    77.4 sec
power : iter =      2 ; delta = 4.397313e-01 ; dt =   155.2 sec
power : iter =      3 ; delta = 1.732776e-01 ; dt =   232.9 sec
power : iter =      4 ; delta = 8.111094e-02 ; dt =   310.8 sec
power : iter =      5 ; delta = 4.493058e-02 ; dt =   389.4 sec
power : iter =      6 ; delta = 2.835059e-02 ; dt =   469.6 sec
power : iter =      7 ; delta = 1.946656e-02 ; dt =   547.9 sec
power : iter =      8 ; delta = 1.404588e-02 ; dt =   626.6 sec
power : iter =      9 ; delta = 1.044834e-02 ; dt =   706.4 sec
power : iter =     10 ; delta = 7.930510e-03 ; dt =   783.7 sec
power : iter =     11 ; delta = 6.098089e-03 ; dt =   861.6 sec
power : iter =     12 ; delta = 4.770461e-03 ; dt =   939.6 sec
power : iter =     13 ; delta = 3.747198e-03 ; dt =  1016.9 sec
power : iter =     14 ; delta = 2.977321e-03 ; dt =  1093.9 sec
power : iter =     15 ; delta = 2.375699e-03 ; dt =  1171.2 sec
power : iter =     16 ; delta = 1.899117e-03 ; dt =  1248.1 sec
power : iter =     17 ; delta = 1.527776e-03 ; dt =  1325.6 sec
power : iter =     18 ; delta = 1.235937e-03 ; dt =  1403.3 sec
power : iter =     19 ; delta = 9.995958e-04 ; dt =  1481.1 sec
power : iter =     20 ; delta = 8.126848e-04 ; dt =  1558.9 sec
power : iter =     21 ; delta = 6.602162e-04 ; dt =  1637.2 sec
power : iter =     22 ; delta = 5.386787e-04 ; dt =  1715.0 sec
power : iter =     23 ; delta = 4.403070e-04 ; dt =  1793.3 sec
power : iter =     24 ; delta = 3.612668e-04 ; dt =  1871.1 sec
power : iter =     25 ; delta = 2.959571e-04 ; dt =  1949.3 sec
power : iter =     26 ; delta = 2.429397e-04 ; dt =  2027.1 sec
power : iter =     27 ; delta = 1.999759e-04 ; dt =  2105.3 sec
power : iter =     28 ; delta = 1.647136e-04 ; dt =  2183.2 sec
power : iter =     29 ; delta = 1.359333e-04 ; dt =  2261.4 sec
power : iter =     30 ; delta = 1.123180e-04 ; dt =  2339.3 sec
power : iter =     31 ; delta = 9.255115e-05 ; dt =  2417.5 sec
power : iter =     32 ; delta = 7.665190e-05 ; dt =  2495.9 sec
power : iter =     33 ; delta = 6.344043e-05 ; dt =  2574.0 sec
power : iter =     34 ; delta = 5.258069e-05 ; dt =  2651.7 sec
power : iter =     35 ; delta = 4.360794e-05 ; dt =  2729.9 sec
power : iter =     36 ; delta = 3.613963e-05 ; dt =  2807.6 sec
power : iter =     37 ; delta = 3.000539e-05 ; dt =  2885.7 sec
power : iter =     38 ; delta = 2.493525e-05 ; dt =  2963.5 sec
power : iter =     39 ; delta = 2.074674e-05 ; dt =  3041.6 sec
power : iter =     40 ; delta = 1.726413e-05 ; dt =  3119.3 sec
power : iter =     41 ; delta = 1.434758e-05 ; dt =  3197.4 sec
power : iter =     42 ; delta = 1.196122e-05 ; dt =  3275.2 sec
power : iter =     43 ; delta = 9.958862e-06 ; dt =  3353.3 sec
power : iter =     44 ; delta = 8.311128e-06 ; dt =  3431.7 sec
power : iter =     45 ; delta = 6.933880e-06 ; dt =  3509.8 sec
power : iter =     46 ; delta = 5.776655e-06 ; dt =  3587.6 sec
power : iter =     47 ; delta = 4.824298e-06 ; dt =  3665.6 sec
power : iter =     48 ; delta = 4.027403e-06 ; dt =  3743.4 sec
power : iter =     49 ; delta = 3.365889e-06 ; dt =  3822.1 sec
power : iter =     50 ; delta = 2.814571e-06 ; dt =  3899.9 sec
power : iter =     51 ; delta = 2.350972e-06 ; dt =  3978.1 sec
power : iter =     52 ; delta = 1.967297e-06 ; dt =  4055.8 sec
power : iter =     53 ; delta = 1.645235e-06 ; dt =  4133.9 sec
power : iter =     54 ; delta = 1.378161e-06 ; dt =  4211.7 sec
power : iter =     55 ; delta = 1.153897e-06 ; dt =  4289.8 sec
power : iter =     56 ; delta = 9.672563e-07 ; dt =  4367.5 sec
power : iter =     57 ; delta = 8.106474e-07 ; dt =  4445.7 sec
power : iter =     58 ; delta = 6.797361e-07 ; dt =  4523.4 sec
power : iter =     59 ; delta = 5.701459e-07 ; dt =  4601.5 sec
power : iter =     60 ; delta = 4.781296e-07 ; dt =  4679.2 sec
power : iter =     61 ; delta = 4.012249e-07 ; dt =  4757.3 sec
power : iter =     62 ; delta = 3.366698e-07 ; dt =  4835.0 sec
power : iter =     63 ; delta = 2.826509e-07 ; dt =  4913.1 sec
power : iter =     64 ; delta = 2.373753e-07 ; dt =  4990.9 sec
power : iter =     65 ; delta = 1.992274e-07 ; dt =  5069.8 sec
power : iter =     66 ; delta = 1.673938e-07 ; dt =  5147.6 sec
power : iter =     67 ; delta = 1.405673e-07 ; dt =  5225.8 sec
power : iter =     68 ; delta = 1.181498e-07 ; dt =  5303.6 sec
power : iter =     69 ; delta = 9.930332e-08 ; dt =  5382.5 sec
power : solved pagerank(a=0.8500) in    69 mults to 1.000000e-07 tol
output norm: 1.0000000000000000e+00
Parameters: 
   graphfile = /var/tmp/dgleich/data/uk-2007-05-trans
      output = none
         alg = inout
       alpha = 0.85
         tol = 1e-07
       maxit = 10000

nodes = 105896555
edges = -556233648
inout(0.8500,0.5000,1.000000e-02) with tol=1.000000e-07 and maxit= 10000 iterations
inout (outer) : iter =      1 ; odelta = 1.985864e-01 ; dt =   394.3; nmult =      5
inout (outer) : iter =      2 ; odelta = 4.706734e-02 ; dt =   632.2; nmult =      8
inout (outer) : iter =      3 ; odelta = 2.024623e-02 ; dt =   791.8; nmult =     10
inout (outer) : iter =      4 ; odelta = 1.383120e-02 ; dt =   875.1; nmult =     11
inout (power) : iter =      5 ; odelta = 9.995232e-03 ; dt =   956.7; nmult =     12
inout (power) : iter =      6 ; odelta = 7.458108e-03 ; dt =  1035.8; nmult =     13
inout (power) : iter =      7 ; odelta = 5.682873e-03 ; dt =  1113.7; nmult =     14
inout (power) : iter =      8 ; odelta = 4.390036e-03 ; dt =  1192.6; nmult =     15
inout (power) : iter =      9 ; odelta = 3.428418e-03 ; dt =  1270.5; nmult =     16
inout (power) : iter =     10 ; odelta = 2.700277e-03 ; dt =  1347.8; nmult =     17
inout (power) : iter =     11 ; odelta = 2.140061e-03 ; dt =  1425.0; nmult =     18
inout (power) : iter =     12 ; odelta = 1.706360e-03 ; dt =  1502.2; nmult =     19
inout (power) : iter =     13 ; odelta = 1.366343e-03 ; dt =  1579.5; nmult =     20
inout (power) : iter =     14 ; odelta = 1.098131e-03 ; dt =  1658.5; nmult =     21
inout (power) : iter =     15 ; odelta = 8.856816e-04 ; dt =  1737.5; nmult =     22
inout (power) : iter =     16 ; odelta = 7.160986e-04 ; dt =  1816.5; nmult =     23
inout (power) : iter =     17 ; odelta = 5.808367e-04 ; dt =  1894.9; nmult =     24
inout (power) : iter =     18 ; odelta = 4.722966e-04 ; dt =  1974.6; nmult =     25
inout (power) : iter =     19 ; odelta = 3.848376e-04 ; dt =  2053.0; nmult =     26
inout (power) : iter =     20 ; odelta = 3.141665e-04 ; dt =  2130.1; nmult =     27
inout (power) : iter =     21 ; odelta = 2.568541e-04 ; dt =  2207.2; nmult =     28
inout (power) : iter =     22 ; odelta = 2.104175e-04 ; dt =  2283.6; nmult =     29
inout (power) : iter =     23 ; odelta = 1.726247e-04 ; dt =  2361.3; nmult =     30
inout (power) : iter =     24 ; odelta = 1.418507e-04 ; dt =  2438.9; nmult =     31
inout (power) : iter =     25 ; odelta = 1.166806e-04 ; dt =  2515.9; nmult =     32
inout (power) : iter =     26 ; odelta = 9.605875e-05 ; dt =  2593.6; nmult =     33
inout (power) : iter =     27 ; odelta = 7.919608e-05 ; dt =  2671.9; nmult =     34
inout (power) : iter =     28 ; odelta = 6.534135e-05 ; dt =  2748.2; nmult =     35
inout (power) : iter =     29 ; odelta = 5.396752e-05 ; dt =  2825.3; nmult =     36
inout (power) : iter =     30 ; odelta = 4.460527e-05 ; dt =  2904.2; nmult =     37
inout (power) : iter =     31 ; odelta = 3.690020e-05 ; dt =  2979.9; nmult =     38
inout (power) : iter =     32 ; odelta = 3.054969e-05 ; dt =  3056.9; nmult =     39
inout (power) : iter =     33 ; odelta = 2.530853e-05 ; dt =  3134.6; nmult =     40
inout (power) : iter =     34 ; odelta = 2.098596e-05 ; dt =  3213.6; nmult =     41
inout (power) : iter =     35 ; odelta = 1.740959e-05 ; dt =  3289.4; nmult =     42
inout (power) : iter =     36 ; odelta = 1.445560e-05 ; dt =  3368.3; nmult =     43
inout (power) : iter =     37 ; odelta = 1.201036e-05 ; dt =  3446.0; nmult =     44
inout (power) : iter =     38 ; odelta = 9.982630e-06 ; dt =  3524.3; nmult =     45
inout (power) : iter =     39 ; odelta = 8.303497e-06 ; dt =  3600.9; nmult =     46
inout (power) : iter =     40 ; odelta = 6.908517e-06 ; dt =  3679.8; nmult =     47
inout (power) : iter =     41 ; odelta = 5.751471e-06 ; dt =  3758.2; nmult =     48
inout (power) : iter =     42 ; odelta = 4.790027e-06 ; dt =  3835.3; nmult =     49
inout (power) : iter =     43 ; odelta = 3.989978e-06 ; dt =  3913.6; nmult =     50
inout (power) : iter =     44 ; odelta = 3.325579e-06 ; dt =  3994.5; nmult =     51
inout (power) : iter =     45 ; odelta = 2.772360e-06 ; dt =  4072.8; nmult =     52
inout (power) : iter =     46 ; odelta = 2.312663e-06 ; dt =  4150.4; nmult =     53
inout (power) : iter =     47 ; odelta = 1.929845e-06 ; dt =  4229.4; nmult =     54
inout (power) : iter =     48 ; odelta = 1.610633e-06 ; dt =  4307.7; nmult =     55
inout (power) : iter =     49 ; odelta = 1.345145e-06 ; dt =  4384.8; nmult =     56
inout (power) : iter =     50 ; odelta = 1.123554e-06 ; dt =  4462.4; nmult =     57
inout (power) : iter =     51 ; odelta = 9.391201e-07 ; dt =  4540.8; nmult =     58
inout (power) : iter =     52 ; odelta = 7.851951e-07 ; dt =  4618.5; nmult =     59
inout (power) : iter =     53 ; odelta = 6.565801e-07 ; dt =  4696.1; nmult =     60
inout (power) : iter =     54 ; odelta = 5.493434e-07 ; dt =  4773.7; nmult =     61
inout (power) : iter =     55 ; odelta = 4.596377e-07 ; dt =  4851.4; nmult =     62
inout (power) : iter =     56 ; odelta = 3.847851e-07 ; dt =  4929.0; nmult =     63
inout (power) : iter =     57 ; odelta = 3.221917e-07 ; dt =  5007.3; nmult =     64
inout (power) : iter =     58 ; odelta = 2.698002e-07 ; dt =  5085.0; nmult =     65
inout (power) : iter =     59 ; odelta = 2.260167e-07 ; dt =  5162.0; nmult =     66
inout (power) : iter =     60 ; odelta = 1.893259e-07 ; dt =  5239.6; nmult =     67
inout (power) : iter =     61 ; odelta = 1.586702e-07 ; dt =  5316.7; nmult =     68
inout (power) : iter =     62 ; odelta = 1.329953e-07 ; dt =  5396.9; nmult =     69
inout (power) : iter =     63 ; odelta = 1.115079e-07 ; dt =  5477.3; nmult =     70
inout (power) : iter =     64 ; odelta = 9.350634e-08 ; dt =  5553.7; nmult =     71
inout(b=0.5000,it=1.000000e-02) : solved pagerank(a=0.8500) in    71 mults to 1.000000e-07 tol
output norm: 1.0000000000000000e+00
Parameters: 
   graphfile = /var/tmp/dgleich/data/arabic-2005-trans
      output = none
         alg = power
       alpha = 0.85
         tol = 1e-07
       maxit = 10000

nodes = 22744080
edges = 639999458
power : iter =      1 ; delta = 1.072318e+00 ; dt =    14.9 sec
power : iter =      2 ; delta = 3.983809e-01 ; dt =    29.3 sec
power : iter =      3 ; delta = 1.637594e-01 ; dt =    44.8 sec
power : iter =      4 ; delta = 8.111458e-02 ; dt =    60.9 sec
power : iter =      5 ; delta = 4.738649e-02 ; dt =    75.9 sec
power : iter =      6 ; delta = 3.138545e-02 ; dt =    90.8 sec
power : iter =      7 ; delta = 2.220631e-02 ; dt =   105.1 sec
power : iter =      8 ; delta = 1.639156e-02 ; dt =   120.0 sec
power : iter =      9 ; delta = 1.243947e-02 ; dt =   135.6 sec
power : iter =     10 ; delta = 9.582471e-03 ; dt =   149.9 sec
power : iter =     11 ; delta = 7.501045e-03 ; dt =   164.9 sec
power : iter =     12 ; delta = 5.930200e-03 ; dt =   179.2 sec
power : iter =     13 ; delta = 4.719109e-03 ; dt =   194.1 sec
power : iter =     14 ; delta = 3.785367e-03 ; dt =   209.7 sec
power : iter =     15 ; delta = 3.051404e-03 ; dt =   224.7 sec
power : iter =     16 ; delta = 2.469442e-03 ; dt =   239.0 sec
power : iter =     17 ; delta = 2.007487e-03 ; dt =   253.3 sec
power : iter =     18 ; delta = 1.638068e-03 ; dt =   268.9 sec
power : iter =     19 ; delta = 1.339077e-03 ; dt =   283.2 sec
power : iter =     20 ; delta = 1.098426e-03 ; dt =   298.8 sec
power : iter =     21 ; delta = 9.027627e-04 ; dt =   313.8 sec
power : iter =     22 ; delta = 7.432770e-04 ; dt =   328.7 sec
power : iter =     23 ; delta = 6.130730e-04 ; dt =   343.7 sec
power : iter =     24 ; delta = 5.066205e-04 ; dt =   358.3 sec
power : iter =     25 ; delta = 4.188779e-04 ; dt =   373.5 sec
power : iter =     26 ; delta = 3.470081e-04 ; dt =   389.1 sec
power : iter =     27 ; delta = 2.876831e-04 ; dt =   405.4 sec
power : iter =     28 ; delta = 2.388182e-04 ; dt =   420.3 sec
power : iter =     29 ; delta = 1.983897e-04 ; dt =   434.7 sec
power : iter =     30 ; delta = 1.650222e-04 ; dt =   450.9 sec
power : iter =     31 ; delta = 1.373142e-04 ; dt =   465.9 sec
power : iter =     32 ; delta = 1.144120e-04 ; dt =   481.4 sec
power : iter =     33 ; delta = 9.536431e-05 ; dt =   497.0 sec
power : iter =     34 ; delta = 7.957125e-05 ; dt =   512.6 sec
power : iter =     35 ; delta = 6.642231e-05 ; dt =   526.3 sec
power : iter =     36 ; delta = 5.550135e-05 ; dt =   541.2 sec
power : iter =     37 ; delta = 4.638116e-05 ; dt =   555.5 sec
power : iter =     38 ; delta = 3.879890e-05 ; dt =   571.1 sec
power : iter =     39 ; delta = 3.246079e-05 ; dt =   586.1 sec
power : iter =     40 ; delta = 2.718071e-05 ; dt =   601.0 sec
power : iter =     41 ; delta = 2.276147e-05 ; dt =   616.0 sec
power : iter =     42 ; delta = 1.907637e-05 ; dt =   631.6 sec
power : iter =     43 ; delta = 1.598901e-05 ; dt =   645.9 sec
power : iter =     44 ; delta = 1.341228e-05 ; dt =   660.8 sec
power : iter =     45 ; delta = 1.125207e-05 ; dt =   675.1 sec
power : iter =     46 ; delta = 9.446698e-06 ; dt =   690.1 sec
power : iter =     47 ; delta = 7.931416e-06 ; dt =   704.8 sec
power : iter =     48 ; delta = 6.663513e-06 ; dt =   719.2 sec
power : iter =     49 ; delta = 5.597922e-06 ; dt =   732.8 sec
power : iter =     50 ; delta = 4.706056e-06 ; dt =   747.8 sec
power : iter =     51 ; delta = 3.956018e-06 ; dt =   762.8 sec
power : iter =     52 ; delta = 3.327570e-06 ; dt =   778.4 sec
power : iter =     53 ; delta = 2.798756e-06 ; dt =   794.0 sec
power : iter =     54 ; delta = 2.355333e-06 ; dt =   808.5 sec
power : iter =     55 ; delta = 1.981888e-06 ; dt =   824.4 sec
power : iter =     56 ; delta = 1.668618e-06 ; dt =   839.6 sec
power : iter =     57 ; delta = 1.404638e-06 ; dt =   855.6 sec
power : iter =     58 ; delta = 1.183096e-06 ; dt =   871.2 sec
power : iter =     59 ; delta = 9.964009e-07 ; dt =   886.8 sec
power : iter =     60 ; delta = 8.396268e-07 ; dt =   901.8 sec
power : iter =     61 ; delta = 7.073992e-07 ; dt =   918.0 sec
power : iter =     62 ; delta = 5.963305e-07 ; dt =   932.3 sec
power : iter =     63 ; delta = 5.026327e-07 ; dt =   947.3 sec
power : iter =     64 ; delta = 4.238729e-07 ; dt =   963.5 sec
power : iter =     65 ; delta = 3.574010e-07 ; dt =   978.5 sec
power : iter =     66 ; delta = 3.015040e-07 ; dt =   994.1 sec
power : iter =     67 ; delta = 2.542996e-07 ; dt =  1009.7 sec
power : iter =     68 ; delta = 2.145885e-07 ; dt =  1026.0 sec
power : iter =     69 ; delta = 1.810386e-07 ; dt =  1040.3 sec
power : iter =     70 ; delta = 1.528065e-07 ; dt =  1055.9 sec
power : iter =     71 ; delta = 1.289511e-07 ; dt =  1069.5 sec
power : iter =     72 ; delta = 1.088684e-07 ; dt =  1084.5 sec
power : iter =     73 ; delta = 9.189505e-08 ; dt =  1099.6 sec
power : solved pagerank(a=0.8500) in    73 mults to 1.000000e-07 tol
output norm: 1.0000000000000000e+00
Parameters: 
   graphfile = /var/tmp/dgleich/data/arabic-2005-trans
      output = none
         alg = inout
       alpha = 0.85
         tol = 1e-07
       maxit = 10000

nodes = 22744080
edges = 639999458
inout(0.8500,0.5000,1.000000e-02) with tol=1.000000e-07 and maxit= 10000 iterations
inout (outer) : iter =      1 ; odelta = 1.830467e-01 ; dt =    69.3; nmult =      5
inout (outer) : iter =      2 ; odelta = 4.867320e-02 ; dt =   110.6; nmult =      8
inout (outer) : iter =      3 ; odelta = 2.294367e-02 ; dt =   138.2; nmult =     10
inout (outer) : iter =      4 ; odelta = 1.611883e-02 ; dt =   152.2; nmult =     11
inout (power) : iter =      5 ; odelta = 1.181192e-02 ; dt =   165.9; nmult =     12
inout (power) : iter =      6 ; odelta = 8.885463e-03 ; dt =   179.5; nmult =     13
inout (power) : iter =      7 ; odelta = 6.798440e-03 ; dt =   193.0; nmult =     14
inout (power) : iter =      8 ; odelta = 5.267117e-03 ; dt =   206.6; nmult =     15
inout (power) : iter =      9 ; odelta = 4.124216e-03 ; dt =   220.8; nmult =     16
inout (power) : iter =     10 ; odelta = 3.253499e-03 ; dt =   234.4; nmult =     17
inout (power) : iter =     11 ; odelta = 2.581924e-03 ; dt =   247.9; nmult =     18
inout (power) : iter =     12 ; odelta = 2.059688e-03 ; dt =   261.5; nmult =     19
inout (power) : iter =     13 ; odelta = 1.650405e-03 ; dt =   275.1; nmult =     20
inout (power) : iter =     14 ; odelta = 1.328062e-03 ; dt =   288.6; nmult =     21
inout (power) : iter =     15 ; odelta = 1.072425e-03 ; dt =   302.2; nmult =     22
inout (power) : iter =     16 ; odelta = 8.683990e-04 ; dt =   315.8; nmult =     23
inout (power) : iter =     17 ; odelta = 7.051638e-04 ; dt =   329.3; nmult =     24
inout (power) : iter =     18 ; odelta = 5.740096e-04 ; dt =   343.5; nmult =     25
inout (power) : iter =     19 ; odelta = 4.681706e-04 ; dt =   356.9; nmult =     26
inout (power) : iter =     20 ; odelta = 3.825592e-04 ; dt =   370.5; nmult =     27
inout (power) : iter =     21 ; odelta = 3.130918e-04 ; dt =   384.0; nmult =     28
inout (power) : iter =     22 ; odelta = 2.565858e-04 ; dt =   398.2; nmult =     29
inout (power) : iter =     23 ; odelta = 2.105549e-04 ; dt =   411.8; nmult =     30
inout (power) : iter =     24 ; odelta = 1.729974e-04 ; dt =   425.4; nmult =     31
inout (power) : iter =     25 ; odelta = 1.423185e-04 ; dt =   438.9; nmult =     32
inout (power) : iter =     26 ; odelta = 1.172004e-04 ; dt =   452.5; nmult =     33
inout (power) : iter =     27 ; odelta = 9.661080e-05 ; dt =   466.0; nmult =     34
inout (power) : iter =     28 ; odelta = 7.971608e-05 ; dt =   479.6; nmult =     35
inout (power) : iter =     29 ; odelta = 6.583772e-05 ; dt =   493.1; nmult =     36
inout (power) : iter =     30 ; odelta = 5.442844e-05 ; dt =   506.7; nmult =     37
inout (power) : iter =     31 ; odelta = 4.503187e-05 ; dt =   520.3; nmult =     38
inout (power) : iter =     32 ; odelta = 3.728904e-05 ; dt =   534.5; nmult =     39
inout (power) : iter =     33 ; odelta = 3.090118e-05 ; dt =   548.0; nmult =     40
inout (power) : iter =     34 ; odelta = 2.562480e-05 ; dt =   561.6; nmult =     41
inout (power) : iter =     35 ; odelta = 2.126162e-05 ; dt =   575.2; nmult =     42
inout (power) : iter =     36 ; odelta = 1.765278e-05 ; dt =   588.7; nmult =     43
inout (power) : iter =     37 ; odelta = 1.466485e-05 ; dt =   602.3; nmult =     44
inout (power) : iter =     38 ; odelta = 1.218886e-05 ; dt =   616.5; nmult =     45
inout (power) : iter =     39 ; odelta = 1.013669e-05 ; dt =   630.1; nmult =     46
inout (power) : iter =     40 ; odelta = 8.434473e-06 ; dt =   643.6; nmult =     47
inout (power) : iter =     41 ; odelta = 7.022080e-06 ; dt =   657.2; nmult =     48
inout (power) : iter =     42 ; odelta = 5.850217e-06 ; dt =   670.7; nmult =     49
inout (power) : iter =     43 ; odelta = 4.876139e-06 ; dt =   684.3; nmult =     50
inout (power) : iter =     44 ; odelta = 4.065915e-06 ; dt =   697.9; nmult =     51
inout (power) : iter =     45 ; odelta = 3.391783e-06 ; dt =   711.5; nmult =     52
inout (power) : iter =     46 ; odelta = 2.830464e-06 ; dt =   725.0; nmult =     53
inout (power) : iter =     47 ; odelta = 2.362988e-06 ; dt =   738.6; nmult =     54
inout (power) : iter =     48 ; odelta = 1.973387e-06 ; dt =   752.1; nmult =     55
inout (power) : iter =     49 ; odelta = 1.648581e-06 ; dt =   765.7; nmult =     56
inout (power) : iter =     50 ; odelta = 1.377674e-06 ; dt =   779.3; nmult =     57
inout (power) : iter =     51 ; odelta = 1.151636e-06 ; dt =   792.8; nmult =     58
inout (power) : iter =     52 ; odelta = 9.629111e-07 ; dt =   806.4; nmult =     59
inout (power) : iter =     53 ; odelta = 8.053265e-07 ; dt =   820.0; nmult =     60
inout (power) : iter =     54 ; odelta = 6.737001e-07 ; dt =   833.5; nmult =     61
inout (power) : iter =     55 ; odelta = 5.637816e-07 ; dt =   847.7; nmult =     62
inout (power) : iter =     56 ; odelta = 4.719266e-07 ; dt =   861.3; nmult =     63
inout (power) : iter =     57 ; odelta = 3.951645e-07 ; dt =   874.9; nmult =     64
inout (power) : iter =     58 ; odelta = 3.309487e-07 ; dt =   888.4; nmult =     65
inout (power) : iter =     59 ; odelta = 2.772718e-07 ; dt =   902.0; nmult =     66
inout (power) : iter =     60 ; odelta = 2.323516e-07 ; dt =   915.6; nmult =     67
inout (power) : iter =     61 ; odelta = 1.947739e-07 ; dt =   929.8; nmult =     68
inout (power) : iter =     62 ; odelta = 1.632977e-07 ; dt =   943.3; nmult =     69
inout (power) : iter =     63 ; odelta = 1.369554e-07 ; dt =   956.9; nmult =     70
inout (power) : iter =     64 ; odelta = 1.148676e-07 ; dt =   970.5; nmult =     71
inout (power) : iter =     65 ; odelta = 9.637073e-08 ; dt =   984.0; nmult =     72
inout(b=0.5000,it=1.000000e-02) : solved pagerank(a=0.8500) in    72 mults to 1.000000e-07 tol
output norm: 1.0000000000000000e+00
Parameters: 
   graphfile = /var/tmp/dgleich/data/sk-2005-trans
      output = none
         alg = power
       alpha = 0.85
         tol = 1e-07
       maxit = 10000

nodes = 50636154
edges = 1949412601
power : iter =      1 ; delta = 1.135427e+00 ; dt =    51.9 sec
power : iter =      2 ; delta = 4.246098e-01 ; dt =   104.3 sec
power : iter =      3 ; delta = 1.712268e-01 ; dt =   157.7 sec
power : iter =      4 ; delta = 8.321417e-02 ; dt =   212.0 sec
power : iter =      5 ; delta = 4.814391e-02 ; dt =   264.8 sec
power : iter =      6 ; delta = 3.135423e-02 ; dt =   317.7 sec
power : iter =      7 ; delta = 2.188143e-02 ; dt =   373.1 sec
power : iter =      8 ; delta = 1.595676e-02 ; dt =   427.9 sec
power : iter =      9 ; delta = 1.185695e-02 ; dt =   485.1 sec
power : iter =     10 ; delta = 8.995449e-03 ; dt =   542.2 sec
power : iter =     11 ; delta = 6.933495e-03 ; dt =   600.1 sec
power : iter =     12 ; delta = 5.395816e-03 ; dt =   658.2 sec
power : iter =     13 ; delta = 4.244331e-03 ; dt =   717.2 sec
power : iter =     14 ; delta = 3.359969e-03 ; dt =   776.3 sec
power : iter =     15 ; delta = 2.672129e-03 ; dt =   833.5 sec
power : iter =     16 ; delta = 2.137749e-03 ; dt =   889.6 sec
power : iter =     17 ; delta = 1.710564e-03 ; dt =   948.6 sec
power : iter =     18 ; delta = 1.379650e-03 ; dt =  1005.7 sec
power : iter =     19 ; delta = 1.112730e-03 ; dt =  1063.5 sec
power : iter =     20 ; delta = 9.024894e-04 ; dt =  1121.4 sec
power : iter =     21 ; delta = 7.338743e-04 ; dt =  1179.9 sec
power : iter =     22 ; delta = 5.974564e-04 ; dt =  1237.8 sec
power : iter =     23 ; delta = 4.879214e-04 ; dt =  1295.9 sec
power : iter =     24 ; delta = 3.996079e-04 ; dt =  1355.2 sec
power : iter =     25 ; delta = 3.276633e-04 ; dt =  1412.4 sec
power : iter =     26 ; delta = 2.692343e-04 ; dt =  1472.1 sec
power : iter =     27 ; delta = 2.215326e-04 ; dt =  1530.5 sec
power : iter =     28 ; delta = 1.824182e-04 ; dt =  1589.1 sec
power : iter =     29 ; delta = 1.503938e-04 ; dt =  1647.4 sec
power : iter =     30 ; delta = 1.241130e-04 ; dt =  1709.0 sec
power : iter =     31 ; delta = 1.025007e-04 ; dt =  1767.9 sec
power : iter =     32 ; delta = 8.479339e-05 ; dt =  1827.0 sec
power : iter =     33 ; delta = 7.011138e-05 ; dt =  1885.6 sec
power : iter =     34 ; delta = 5.806892e-05 ; dt =  1944.8 sec
power : iter =     35 ; delta = 4.809767e-05 ; dt =  2003.8 sec
power : iter =     36 ; delta = 3.987297e-05 ; dt =  2062.3 sec
power : iter =     37 ; delta = 3.309756e-05 ; dt =  2121.3 sec
power : iter =     38 ; delta = 2.745413e-05 ; dt =  2181.7 sec
power : iter =     39 ; delta = 2.281143e-05 ; dt =  2242.5 sec
power : iter =     40 ; delta = 1.896213e-05 ; dt =  2305.3 sec
power : iter =     41 ; delta = 1.577213e-05 ; dt =  2366.1 sec
power : iter =     42 ; delta = 1.314208e-05 ; dt =  2425.3 sec
power : iter =     43 ; delta = 1.094989e-05 ; dt =  2486.2 sec
power : iter =     44 ; delta = 9.134273e-06 ; dt =  2546.6 sec
power : iter =     45 ; delta = 7.623155e-06 ; dt =  2601.3 sec
power : iter =     46 ; delta = 6.365903e-06 ; dt =  2653.6 sec
power : iter =     47 ; delta = 5.320780e-06 ; dt =  2705.8 sec
power : iter =     48 ; delta = 4.449355e-06 ; dt =  2758.0 sec
power : iter =     49 ; delta = 3.722174e-06 ; dt =  2810.2 sec
power : iter =     50 ; delta = 3.118488e-06 ; dt =  2863.1 sec
power : iter =     51 ; delta = 2.613637e-06 ; dt =  2915.3 sec
power : iter =     52 ; delta = 2.193554e-06 ; dt =  2970.2 sec
power : iter =     53 ; delta = 1.841042e-06 ; dt =  3026.6 sec
power : iter =     54 ; delta = 1.545291e-06 ; dt =  3083.8 sec
power : iter =     55 ; delta = 1.297530e-06 ; dt =  3140.4 sec
power : iter =     56 ; delta = 1.089477e-06 ; dt =  3200.8 sec
power : iter =     57 ; delta = 9.152798e-07 ; dt =  3256.7 sec
power : iter =     58 ; delta = 7.691005e-07 ; dt =  3315.2 sec
power : iter =     59 ; delta = 6.461127e-07 ; dt =  3373.0 sec
power : iter =     60 ; delta = 5.431452e-07 ; dt =  3433.0 sec
power : iter =     61 ; delta = 4.565387e-07 ; dt =  3492.6 sec
power : iter =     62 ; delta = 3.840356e-07 ; dt =  3551.1 sec
power : iter =     63 ; delta = 3.230238e-07 ; dt =  3611.0 sec
power : iter =     64 ; delta = 2.717936e-07 ; dt =  3671.3 sec
power : iter =     65 ; delta = 2.286690e-07 ; dt =  3730.8 sec
power : iter =     66 ; delta = 1.924289e-07 ; dt =  3789.9 sec
power : iter =     67 ; delta = 1.619546e-07 ; dt =  3848.1 sec
power : iter =     68 ; delta = 1.363339e-07 ; dt =  3906.4 sec
power : iter =     69 ; delta = 1.147760e-07 ; dt =  3965.3 sec
power : iter =     70 ; delta = 9.662542e-08 ; dt =  4024.5 sec
power : solved pagerank(a=0.8500) in    70 mults to 1.000000e-07 tol
output norm: 1.0000000000000000e+00
Parameters: 
   graphfile = /var/tmp/dgleich/data/sk-2005-trans
      output = none
         alg = inout
       alpha = 0.85
         tol = 1e-07
       maxit = 10000

nodes = 50636154
edges = 1949412601
inout(0.8500,0.5000,1.000000e-02) with tol=1.000000e-07 and maxit= 10000 iterations
inout (outer) : iter =      1 ; odelta = 1.987395e-01 ; dt =   296.0; nmult =      5
inout (outer) : iter =      2 ; odelta = 5.242138e-02 ; dt =   472.3; nmult =      8
inout (outer) : iter =      3 ; odelta = 2.507700e-02 ; dt =   593.1; nmult =     10
inout (outer) : iter =      4 ; odelta = 1.466074e-02 ; dt =   709.8; nmult =     12
inout (outer) : iter =      5 ; odelta = 1.082383e-02 ; dt =   768.6; nmult =     13
inout (power) : iter =      6 ; odelta = 8.159593e-03 ; dt =   826.6; nmult =     14
inout (power) : iter =      7 ; odelta = 6.247646e-03 ; dt =   885.0; nmult =     15
inout (power) : iter =      8 ; odelta = 4.841362e-03 ; dt =   943.7; nmult =     16
inout (power) : iter =      9 ; odelta = 3.791244e-03 ; dt =  1004.3; nmult =     17
inout (power) : iter =     10 ; odelta = 2.991022e-03 ; dt =  1061.9; nmult =     18
inout (power) : iter =     11 ; odelta = 2.372345e-03 ; dt =  1118.1; nmult =     19
inout (power) : iter =     12 ; odelta = 1.890195e-03 ; dt =  1175.2; nmult =     20
inout (power) : iter =     13 ; odelta = 1.511960e-03 ; dt =  1234.8; nmult =     21
inout (power) : iter =     14 ; odelta = 1.214127e-03 ; dt =  1288.6; nmult =     22
inout (power) : iter =     15 ; odelta = 9.785644e-04 ; dt =  1340.7; nmult =     23
inout (power) : iter =     16 ; odelta = 7.913509e-04 ; dt =  1392.2; nmult =     24
inout (power) : iter =     17 ; odelta = 6.414980e-04 ; dt =  1444.3; nmult =     25
inout (power) : iter =     18 ; odelta = 5.212605e-04 ; dt =  1495.7; nmult =     26
inout (power) : iter =     19 ; odelta = 4.243795e-04 ; dt =  1547.7; nmult =     27
inout (power) : iter =     20 ; odelta = 3.462134e-04 ; dt =  1599.1; nmult =     28
inout (power) : iter =     21 ; odelta = 2.831195e-04 ; dt =  1652.5; nmult =     29
inout (power) : iter =     22 ; odelta = 2.318896e-04 ; dt =  1707.1; nmult =     30
inout (power) : iter =     23 ; odelta = 1.902367e-04 ; dt =  1759.1; nmult =     31
inout (power) : iter =     24 ; odelta = 1.562499e-04 ; dt =  1814.8; nmult =     32
inout (power) : iter =     25 ; odelta = 1.284407e-04 ; dt =  1867.3; nmult =     33
inout (power) : iter =     26 ; odelta = 1.057031e-04 ; dt =  1924.4; nmult =     34
inout (power) : iter =     27 ; odelta = 8.706437e-05 ; dt =  1983.3; nmult =     35
inout (power) : iter =     28 ; odelta = 7.180031e-05 ; dt =  2041.7; nmult =     36
inout (power) : iter =     29 ; odelta = 5.925813e-05 ; dt =  2100.5; nmult =     37
inout (power) : iter =     30 ; odelta = 4.892713e-05 ; dt =  2158.1; nmult =     38
inout (power) : iter =     31 ; odelta = 4.043492e-05 ; dt =  2215.6; nmult =     39
inout (power) : iter =     32 ; odelta = 3.344340e-05 ; dt =  2273.2; nmult =     40
inout (power) : iter =     33 ; odelta = 2.768293e-05 ; dt =  2330.0; nmult =     41
inout (power) : iter =     34 ; odelta = 2.292618e-05 ; dt =  2387.7; nmult =     42
inout (power) : iter =     35 ; odelta = 1.900098e-05 ; dt =  2446.7; nmult =     43
inout (power) : iter =     36 ; odelta = 1.576021e-05 ; dt =  2503.2; nmult =     44
inout (power) : iter =     37 ; odelta = 1.308421e-05 ; dt =  2562.0; nmult =     45
inout (power) : iter =     38 ; odelta = 1.087256e-05 ; dt =  2620.9; nmult =     46
inout (power) : iter =     39 ; odelta = 9.041491e-06 ; dt =  2679.8; nmult =     47
inout (power) : iter =     40 ; odelta = 7.525567e-06 ; dt =  2738.6; nmult =     48
inout (power) : iter =     41 ; odelta = 6.266437e-06 ; dt =  2798.0; nmult =     49
inout (power) : iter =     42 ; odelta = 5.222549e-06 ; dt =  2858.1; nmult =     50
inout (power) : iter =     43 ; odelta = 4.355609e-06 ; dt =  2916.7; nmult =     51
inout (power) : iter =     44 ; odelta = 3.634805e-06 ; dt =  2975.3; nmult =     52
inout (power) : iter =     45 ; odelta = 3.035773e-06 ; dt =  3035.4; nmult =     53
inout (power) : iter =     46 ; odelta = 2.538030e-06 ; dt =  3094.1; nmult =     54
inout (power) : iter =     47 ; odelta = 2.124756e-06 ; dt =  3153.4; nmult =     55
inout (power) : iter =     48 ; odelta = 1.780241e-06 ; dt =  3210.0; nmult =     56
inout (power) : iter =     49 ; odelta = 1.492208e-06 ; dt =  3268.7; nmult =     57
inout (power) : iter =     50 ; odelta = 1.251074e-06 ; dt =  3328.0; nmult =     58
inout (power) : iter =     51 ; odelta = 1.049124e-06 ; dt =  3386.5; nmult =     59
inout (power) : iter =     52 ; odelta = 8.799645e-07 ; dt =  3444.6; nmult =     60
inout (power) : iter =     53 ; odelta = 7.382294e-07 ; dt =  3501.9; nmult =     61
inout (power) : iter =     54 ; odelta = 6.194411e-07 ; dt =  3561.2; nmult =     62
inout (power) : iter =     55 ; odelta = 5.198626e-07 ; dt =  3621.0; nmult =     63
inout (power) : iter =     56 ; odelta = 4.364073e-07 ; dt =  3679.6; nmult =     64
inout (power) : iter =     57 ; odelta = 3.664132e-07 ; dt =  3738.7; nmult =     65
inout (power) : iter =     58 ; odelta = 3.077288e-07 ; dt =  3797.9; nmult =     66
inout (power) : iter =     59 ; odelta = 2.584961e-07 ; dt =  3856.3; nmult =     67
inout (power) : iter =     60 ; odelta = 2.171740e-07 ; dt =  3913.1; nmult =     68
inout (power) : iter =     61 ; odelta = 1.824855e-07 ; dt =  3970.5; nmult =     69
inout (power) : iter =     62 ; odelta = 1.533588e-07 ; dt =  4028.1; nmult =     70
inout (power) : iter =     63 ; odelta = 1.288950e-07 ; dt =  4079.8; nmult =     71
inout (power) : iter =     64 ; odelta = 1.083473e-07 ; dt =  4130.3; nmult =     72
inout (power) : iter =     65 ; odelta = 9.108601e-08 ; dt =  4181.3; nmult =     73
inout(b=0.5000,it=1.000000e-02) : solved pagerank(a=0.8500) in    73 mults to 1.000000e-07 tol
output norm: 1.0000000000000000e+00
