Parameters: 
   graphfile = /var/tmp/dgleich/data/sk-2005-trans
      output = none
         alg = inout
       alpha = 0.99
         tol = 1e-07
       maxit = 10000

nodes = 50636154
edges = 1949412601
inout(0.9900,0.5000,1.000000e-02) with tol=1.000000e-07 and maxit= 10000 iterations
inout (outer) : iter =      1 ; odelta = 3.229728e-01 ; dt =    82.8; nmult =      5
inout (outer) : iter =      2 ; odelta = 1.153052e-01 ; dt =   132.6; nmult =      8
inout (outer) : iter =      3 ; odelta = 6.670141e-02 ; dt =   182.1; nmult =     11
inout (outer) : iter =      4 ; odelta = 4.819787e-02 ; dt =   232.1; nmult =     14
inout (outer) : iter =      5 ; odelta = 3.901355e-02 ; dt =   265.5; nmult =     16
inout (outer) : iter =      6 ; odelta = 3.281311e-02 ; dt =   298.8; nmult =     18
inout (outer) : iter =      7 ; odelta = 2.834606e-02 ; dt =   332.1; nmult =     20
inout (outer) : iter =      8 ; odelta = 2.494401e-02 ; dt =   365.3; nmult =     22
inout (outer) : iter =      9 ; odelta = 2.221415e-02 ; dt =   399.5; nmult =     24
inout (outer) : iter =     10 ; odelta = 1.997004e-02 ; dt =   432.9; nmult =     26
inout (outer) : iter =     11 ; odelta = 1.868479e-02 ; dt =   449.7; nmult =     27
inout (power) : iter =     12 ; odelta = 1.754980e-02 ; dt =   465.9; nmult =     28
inout (power) : iter =     13 ; odelta = 1.653710e-02 ; dt =   481.3; nmult =     29
inout (power) : iter =     14 ; odelta = 1.562237e-02 ; dt =   497.2; nmult =     30
inout (power) : iter =     15 ; odelta = 1.478985e-02 ; dt =   512.5; nmult =     31
inout (power) : iter =     16 ; odelta = 1.402966e-02 ; dt =   528.5; nmult =     32
inout (power) : iter =     17 ; odelta = 1.333930e-02 ; dt =   543.9; nmult =     33
inout (power) : iter =     18 ; odelta = 1.271117e-02 ; dt =   559.8; nmult =     34
inout (power) : iter =     19 ; odelta = 1.213336e-02 ; dt =   575.4; nmult =     35
inout (power) : iter =     20 ; odelta = 1.159698e-02 ; dt =   591.2; nmult =     36
inout (power) : iter =     21 ; odelta = 1.109723e-02 ; dt =   606.6; nmult =     37
inout (power) : iter =     22 ; odelta = 1.063009e-02 ; dt =   622.3; nmult =     38
inout (power) : iter =     23 ; odelta = 1.019346e-02 ; dt =   637.7; nmult =     39
inout (power) : iter =     24 ; odelta = 9.784596e-03 ; dt =   653.6; nmult =     40
inout (power) : iter =     25 ; odelta = 9.400801e-03 ; dt =   669.0; nmult =     41
inout (power) : iter =     26 ; odelta = 9.038671e-03 ; dt =   684.8; nmult =     42
inout (power) : iter =     27 ; odelta = 8.696763e-03 ; dt =   700.1; nmult =     43
inout (power) : iter =     28 ; odelta = 8.374403e-03 ; dt =   715.8; nmult =     44
inout (power) : iter =     29 ; odelta = 8.069964e-03 ; dt =   731.3; nmult =     45
inout (power) : iter =     30 ; odelta = 7.781271e-03 ; dt =   746.9; nmult =     46
inout (power) : iter =     31 ; odelta = 7.507099e-03 ; dt =   762.3; nmult =     47
inout (power) : iter =     32 ; odelta = 7.248173e-03 ; dt =   778.2; nmult =     48
inout (power) : iter =     33 ; odelta = 7.005032e-03 ; dt =   793.7; nmult =     49
inout (power) : iter =     34 ; odelta = 6.775543e-03 ; dt =   809.4; nmult =     50
inout (power) : iter =     35 ; odelta = 6.559172e-03 ; dt =   824.7; nmult =     51
inout (power) : iter =     36 ; odelta = 6.354582e-03 ; dt =   840.5; nmult =     52
inout (power) : iter =     37 ; odelta = 6.161250e-03 ; dt =   855.9; nmult =     53
inout (power) : iter =     38 ; odelta = 5.976825e-03 ; dt =   871.5; nmult =     54
inout (power) : iter =     39 ; odelta = 5.803340e-03 ; dt =   886.9; nmult =     55
inout (power) : iter =     40 ; odelta = 5.637907e-03 ; dt =   902.9; nmult =     56
inout (power) : iter =     41 ; odelta = 5.480853e-03 ; dt =   918.3; nmult =     57
inout (power) : iter =     42 ; odelta = 5.332294e-03 ; dt =   933.9; nmult =     58
inout (power) : iter =     43 ; odelta = 5.194561e-03 ; dt =   949.3; nmult =     59
inout (power) : iter =     44 ; odelta = 5.065776e-03 ; dt =   965.2; nmult =     60
inout (power) : iter =     45 ; odelta = 4.944284e-03 ; dt =   980.6; nmult =     61
inout (power) : iter =     46 ; odelta = 4.827245e-03 ; dt =   996.4; nmult =     62
inout (power) : iter =     47 ; odelta = 4.714005e-03 ; dt =  1011.9; nmult =     63
inout (power) : iter =     48 ; odelta = 4.604410e-03 ; dt =  1027.7; nmult =     64
inout (power) : iter =     49 ; odelta = 4.498315e-03 ; dt =  1043.2; nmult =     65
inout (power) : iter =     50 ; odelta = 4.395529e-03 ; dt =  1059.0; nmult =     66
inout (power) : iter =     51 ; odelta = 4.295904e-03 ; dt =  1074.4; nmult =     67
inout (power) : iter =     52 ; odelta = 4.199418e-03 ; dt =  1090.3; nmult =     68
inout (power) : iter =     53 ; odelta = 4.106065e-03 ; dt =  1105.6; nmult =     69
inout (power) : iter =     54 ; odelta = 4.015550e-03 ; dt =  1121.4; nmult =     70
inout (power) : iter =     55 ; odelta = 3.928114e-03 ; dt =  1136.8; nmult =     71
inout (power) : iter =     56 ; odelta = 3.843305e-03 ; dt =  1152.6; nmult =     72
inout (power) : iter =     57 ; odelta = 3.760867e-03 ; dt =  1168.1; nmult =     73
inout (power) : iter =     58 ; odelta = 3.680809e-03 ; dt =  1183.9; nmult =     74
inout (power) : iter =     59 ; odelta = 3.602883e-03 ; dt =  1199.4; nmult =     75
inout (power) : iter =     60 ; odelta = 3.527000e-03 ; dt =  1215.2; nmult =     76
inout (power) : iter =     61 ; odelta = 3.453152e-03 ; dt =  1230.6; nmult =     77
inout (power) : iter =     62 ; odelta = 3.381288e-03 ; dt =  1246.2; nmult =     78
inout (power) : iter =     63 ; odelta = 3.311361e-03 ; dt =  1261.6; nmult =     79
inout (power) : iter =     64 ; odelta = 3.243211e-03 ; dt =  1277.5; nmult =     80
inout (power) : iter =     65 ; odelta = 3.176731e-03 ; dt =  1292.9; nmult =     81
inout (power) : iter =     66 ; odelta = 3.111920e-03 ; dt =  1308.7; nmult =     82
inout (power) : iter =     67 ; odelta = 3.048918e-03 ; dt =  1324.1; nmult =     83
inout (power) : iter =     68 ; odelta = 2.987428e-03 ; dt =  1339.9; nmult =     84
inout (power) : iter =     69 ; odelta = 2.927403e-03 ; dt =  1355.3; nmult =     85
inout (power) : iter =     70 ; odelta = 2.868810e-03 ; dt =  1371.1; nmult =     86
inout (power) : iter =     71 ; odelta = 2.811599e-03 ; dt =  1386.4; nmult =     87
inout (power) : iter =     72 ; odelta = 2.755718e-03 ; dt =  1402.3; nmult =     88
inout (power) : iter =     73 ; odelta = 2.701139e-03 ; dt =  1417.6; nmult =     89
inout (power) : iter =     74 ; odelta = 2.647847e-03 ; dt =  1433.4; nmult =     90
inout (power) : iter =     75 ; odelta = 2.596060e-03 ; dt =  1448.7; nmult =     91
inout (power) : iter =     76 ; odelta = 2.545609e-03 ; dt =  1464.5; nmult =     92
inout (power) : iter =     77 ; odelta = 2.496339e-03 ; dt =  1480.0; nmult =     93
inout (power) : iter =     78 ; odelta = 2.448357e-03 ; dt =  1495.8; nmult =     94
inout (power) : iter =     79 ; odelta = 2.401524e-03 ; dt =  1511.2; nmult =     95
inout (power) : iter =     80 ; odelta = 2.355752e-03 ; dt =  1527.1; nmult =     96
inout (power) : iter =     81 ; odelta = 2.311017e-03 ; dt =  1542.5; nmult =     97
inout (power) : iter =     82 ; odelta = 2.267276e-03 ; dt =  1558.3; nmult =     98
inout (power) : iter =     83 ; odelta = 2.224498e-03 ; dt =  1573.6; nmult =     99
inout (power) : iter =     84 ; odelta = 2.182651e-03 ; dt =  1589.3; nmult =    100
inout (power) : iter =     85 ; odelta = 2.141702e-03 ; dt =  1604.7; nmult =    101
inout (power) : iter =     86 ; odelta = 2.101631e-03 ; dt =  1620.4; nmult =    102
inout (power) : iter =     87 ; odelta = 2.062426e-03 ; dt =  1636.0; nmult =    103
inout (power) : iter =     88 ; odelta = 2.024066e-03 ; dt =  1651.8; nmult =    104
inout (power) : iter =     89 ; odelta = 1.986536e-03 ; dt =  1667.1; nmult =    105
inout (power) : iter =     90 ; odelta = 1.949796e-03 ; dt =  1682.7; nmult =    106
inout (power) : iter =     91 ; odelta = 1.913807e-03 ; dt =  1698.2; nmult =    107
inout (power) : iter =     92 ; odelta = 1.878544e-03 ; dt =  1713.9; nmult =    108
inout (power) : iter =     93 ; odelta = 1.844028e-03 ; dt =  1729.4; nmult =    109
inout (power) : iter =     94 ; odelta = 1.810210e-03 ; dt =  1745.4; nmult =    110
inout (power) : iter =     95 ; odelta = 1.777110e-03 ; dt =  1760.8; nmult =    111
inout (power) : iter =     96 ; odelta = 1.744717e-03 ; dt =  1776.4; nmult =    112
inout (power) : iter =     97 ; odelta = 1.713015e-03 ; dt =  1792.0; nmult =    113
inout (power) : iter =     98 ; odelta = 1.681950e-03 ; dt =  1807.8; nmult =    114
inout (power) : iter =     99 ; odelta = 1.651532e-03 ; dt =  1823.3; nmult =    115
inout (power) : iter =    100 ; odelta = 1.621727e-03 ; dt =  1839.1; nmult =    116
inout (power) : iter =    101 ; odelta = 1.592514e-03 ; dt =  1854.5; nmult =    117
inout (power) : iter =    102 ; odelta = 1.563883e-03 ; dt =  1870.2; nmult =    118
inout (power) : iter =    103 ; odelta = 1.535816e-03 ; dt =  1885.6; nmult =    119
inout (power) : iter =    104 ; odelta = 1.508305e-03 ; dt =  1901.3; nmult =    120
inout (power) : iter =    105 ; odelta = 1.481333e-03 ; dt =  1916.8; nmult =    121
inout (power) : iter =    106 ; odelta = 1.454896e-03 ; dt =  1932.6; nmult =    122
inout (power) : iter =    107 ; odelta = 1.428984e-03 ; dt =  1948.0; nmult =    123
inout (power) : iter =    108 ; odelta = 1.403590e-03 ; dt =  1963.8; nmult =    124
inout (power) : iter =    109 ; odelta = 1.378747e-03 ; dt =  1979.2; nmult =    125
inout (power) : iter =    110 ; odelta = 1.354465e-03 ; dt =  1995.1; nmult =    126
inout (power) : iter =    111 ; odelta = 1.330691e-03 ; dt =  2010.5; nmult =    127
inout (power) : iter =    112 ; odelta = 1.307387e-03 ; dt =  2026.4; nmult =    128
inout (power) : iter =    113 ; odelta = 1.284541e-03 ; dt =  2041.8; nmult =    129
inout (power) : iter =    114 ; odelta = 1.262128e-03 ; dt =  2057.5; nmult =    130
inout (power) : iter =    115 ; odelta = 1.240138e-03 ; dt =  2073.0; nmult =    131
inout (power) : iter =    116 ; odelta = 1.218564e-03 ; dt =  2088.8; nmult =    132
inout (power) : iter =    117 ; odelta = 1.197403e-03 ; dt =  2104.2; nmult =    133
inout (power) : iter =    118 ; odelta = 1.176694e-03 ; dt =  2119.9; nmult =    134
inout (power) : iter =    119 ; odelta = 1.156397e-03 ; dt =  2135.4; nmult =    135
inout (power) : iter =    120 ; odelta = 1.136487e-03 ; dt =  2151.2; nmult =    136
inout (power) : iter =    121 ; odelta = 1.116970e-03 ; dt =  2166.5; nmult =    137
inout (power) : iter =    122 ; odelta = 1.097829e-03 ; dt =  2182.3; nmult =    138
inout (power) : iter =    123 ; odelta = 1.079073e-03 ; dt =  2197.5; nmult =    139
inout (power) : iter =    124 ; odelta = 1.060720e-03 ; dt =  2213.4; nmult =    140
inout (power) : iter =    125 ; odelta = 1.042723e-03 ; dt =  2229.0; nmult =    141
inout (power) : iter =    126 ; odelta = 1.025056e-03 ; dt =  2244.9; nmult =    142
inout (power) : iter =    127 ; odelta = 1.007721e-03 ; dt =  2260.4; nmult =    143
inout (power) : iter =    128 ; odelta = 9.907170e-04 ; dt =  2276.2; nmult =    144
inout (power) : iter =    129 ; odelta = 9.740340e-04 ; dt =  2291.6; nmult =    145
inout (power) : iter =    130 ; odelta = 9.576822e-04 ; dt =  2307.2; nmult =    146
inout (power) : iter =    131 ; odelta = 9.416351e-04 ; dt =  2322.6; nmult =    147
inout (power) : iter =    132 ; odelta = 9.258849e-04 ; dt =  2338.4; nmult =    148
inout (power) : iter =    133 ; odelta = 9.104228e-04 ; dt =  2353.9; nmult =    149
inout (power) : iter =    134 ; odelta = 8.952418e-04 ; dt =  2369.6; nmult =    150
inout (power) : iter =    135 ; odelta = 8.803377e-04 ; dt =  2384.9; nmult =    151
inout (power) : iter =    136 ; odelta = 8.657002e-04 ; dt =  2400.6; nmult =    152
inout (power) : iter =    137 ; odelta = 8.513253e-04 ; dt =  2416.1; nmult =    153
inout (power) : iter =    138 ; odelta = 8.372105e-04 ; dt =  2431.9; nmult =    154
inout (power) : iter =    139 ; odelta = 8.233452e-04 ; dt =  2447.5; nmult =    155
inout (power) : iter =    140 ; odelta = 8.097234e-04 ; dt =  2463.4; nmult =    156
inout (power) : iter =    141 ; odelta = 7.963404e-04 ; dt =  2478.8; nmult =    157
inout (power) : iter =    142 ; odelta = 7.831917e-04 ; dt =  2494.5; nmult =    158
inout (power) : iter =    143 ; odelta = 7.702742e-04 ; dt =  2510.1; nmult =    159
inout (power) : iter =    144 ; odelta = 7.575937e-04 ; dt =  2525.9; nmult =    160
inout (power) : iter =    145 ; odelta = 7.451395e-04 ; dt =  2541.3; nmult =    161
inout (power) : iter =    146 ; odelta = 7.329061e-04 ; dt =  2557.1; nmult =    162
inout (power) : iter =    147 ; odelta = 7.208925e-04 ; dt =  2572.6; nmult =    163
inout (power) : iter =    148 ; odelta = 7.090931e-04 ; dt =  2588.5; nmult =    164
inout (power) : iter =    149 ; odelta = 6.975079e-04 ; dt =  2604.1; nmult =    165
inout (power) : iter =    150 ; odelta = 6.861315e-04 ; dt =  2619.9; nmult =    166
inout (power) : iter =    151 ; odelta = 6.749583e-04 ; dt =  2635.6; nmult =    167
inout (power) : iter =    152 ; odelta = 6.639835e-04 ; dt =  2651.3; nmult =    168
inout (power) : iter =    153 ; odelta = 6.532048e-04 ; dt =  2666.6; nmult =    169
inout (power) : iter =    154 ; odelta = 6.426190e-04 ; dt =  2682.4; nmult =    170
inout (power) : iter =    155 ; odelta = 6.322216e-04 ; dt =  2698.0; nmult =    171
inout (power) : iter =    156 ; odelta = 6.220167e-04 ; dt =  2713.7; nmult =    172
inout (power) : iter =    157 ; odelta = 6.119989e-04 ; dt =  2729.2; nmult =    173
inout (power) : iter =    158 ; odelta = 6.021595e-04 ; dt =  2745.0; nmult =    174
inout (power) : iter =    159 ; odelta = 5.924982e-04 ; dt =  2760.3; nmult =    175
inout (power) : iter =    160 ; odelta = 5.830151e-04 ; dt =  2776.2; nmult =    176
inout (power) : iter =    161 ; odelta = 5.737091e-04 ; dt =  2791.6; nmult =    177
inout (power) : iter =    162 ; odelta = 5.645631e-04 ; dt =  2807.4; nmult =    178
inout (power) : iter =    163 ; odelta = 5.555762e-04 ; dt =  2822.9; nmult =    179
inout (power) : iter =    164 ; odelta = 5.467596e-04 ; dt =  2838.7; nmult =    180
inout (power) : iter =    165 ; odelta = 5.381067e-04 ; dt =  2854.1; nmult =    181
inout (power) : iter =    166 ; odelta = 5.296049e-04 ; dt =  2870.0; nmult =    182
inout (power) : iter =    167 ; odelta = 5.212482e-04 ; dt =  2885.4; nmult =    183
inout (power) : iter =    168 ; odelta = 5.130352e-04 ; dt =  2901.2; nmult =    184
inout (power) : iter =    169 ; odelta = 5.049589e-04 ; dt =  2916.6; nmult =    185
inout (power) : iter =    170 ; odelta = 4.970189e-04 ; dt =  2932.2; nmult =    186
inout (power) : iter =    171 ; odelta = 4.892132e-04 ; dt =  2947.5; nmult =    187
inout (power) : iter =    172 ; odelta = 4.815369e-04 ; dt =  2963.3; nmult =    188
inout (power) : iter =    173 ; odelta = 4.739876e-04 ; dt =  2978.9; nmult =    189
inout (power) : iter =    174 ; odelta = 4.665802e-04 ; dt =  2994.5; nmult =    190
inout (power) : iter =    175 ; odelta = 4.593039e-04 ; dt =  3010.0; nmult =    191
inout (power) : iter =    176 ; odelta = 4.521467e-04 ; dt =  3025.8; nmult =    192
inout (power) : iter =    177 ; odelta = 4.451075e-04 ; dt =  3041.3; nmult =    193
inout (power) : iter =    178 ; odelta = 4.381844e-04 ; dt =  3057.1; nmult =    194
inout (power) : iter =    179 ; odelta = 4.313752e-04 ; dt =  3072.5; nmult =    195
inout (power) : iter =    180 ; odelta = 4.246798e-04 ; dt =  3088.1; nmult =    196
inout (power) : iter =    181 ; odelta = 4.181094e-04 ; dt =  3103.5; nmult =    197
inout (power) : iter =    182 ; odelta = 4.116497e-04 ; dt =  3119.4; nmult =    198
inout (power) : iter =    183 ; odelta = 4.052952e-04 ; dt =  3134.7; nmult =    199
inout (power) : iter =    184 ; odelta = 3.990442e-04 ; dt =  3150.6; nmult =    200
inout (power) : iter =    185 ; odelta = 3.928944e-04 ; dt =  3166.0; nmult =    201
inout (power) : iter =    186 ; odelta = 3.868453e-04 ; dt =  3181.8; nmult =    202
inout (power) : iter =    187 ; odelta = 3.808948e-04 ; dt =  3197.2; nmult =    203
inout (power) : iter =    188 ; odelta = 3.750404e-04 ; dt =  3212.9; nmult =    204
inout (power) : iter =    189 ; odelta = 3.692812e-04 ; dt =  3228.3; nmult =    205
inout (power) : iter =    190 ; odelta = 3.636143e-04 ; dt =  3244.0; nmult =    206
inout (power) : iter =    191 ; odelta = 3.580382e-04 ; dt =  3259.6; nmult =    207
inout (power) : iter =    192 ; odelta = 3.525512e-04 ; dt =  3275.4; nmult =    208
inout (power) : iter =    193 ; odelta = 3.471562e-04 ; dt =  3290.8; nmult =    209
inout (power) : iter =    194 ; odelta = 3.418497e-04 ; dt =  3306.6; nmult =    210
inout (power) : iter =    195 ; odelta = 3.366294e-04 ; dt =  3322.0; nmult =    211
inout (power) : iter =    196 ; odelta = 3.314933e-04 ; dt =  3337.8; nmult =    212
inout (power) : iter =    197 ; odelta = 3.264431e-04 ; dt =  3353.2; nmult =    213
inout (power) : iter =    198 ; odelta = 3.214736e-04 ; dt =  3369.0; nmult =    214
inout (power) : iter =    199 ; odelta = 3.165842e-04 ; dt =  3384.5; nmult =    215
inout (power) : iter =    200 ; odelta = 3.117737e-04 ; dt =  3400.2; nmult =    216
inout (power) : iter =    201 ; odelta = 3.070398e-04 ; dt =  3415.7; nmult =    217
inout (power) : iter =    202 ; odelta = 3.023813e-04 ; dt =  3431.5; nmult =    218
inout (power) : iter =    203 ; odelta = 2.977980e-04 ; dt =  3446.8; nmult =    219
inout (power) : iter =    204 ; odelta = 2.932885e-04 ; dt =  3462.6; nmult =    220
inout (power) : iter =    205 ; odelta = 2.888529e-04 ; dt =  3478.0; nmult =    221
inout (power) : iter =    206 ; odelta = 2.844877e-04 ; dt =  3493.8; nmult =    222
inout (power) : iter =    207 ; odelta = 2.801915e-04 ; dt =  3509.4; nmult =    223
inout (power) : iter =    208 ; odelta = 2.759631e-04 ; dt =  3525.1; nmult =    224
inout (power) : iter =    209 ; odelta = 2.718014e-04 ; dt =  3540.6; nmult =    225
inout (power) : iter =    210 ; odelta = 2.677058e-04 ; dt =  3556.4; nmult =    226
inout (power) : iter =    211 ; odelta = 2.636749e-04 ; dt =  3571.8; nmult =    227
inout (power) : iter =    212 ; odelta = 2.597074e-04 ; dt =  3587.6; nmult =    228
inout (power) : iter =    213 ; odelta = 2.558020e-04 ; dt =  3603.1; nmult =    229
inout (power) : iter =    214 ; odelta = 2.519587e-04 ; dt =  3618.7; nmult =    230
inout (power) : iter =    215 ; odelta = 2.481756e-04 ; dt =  3634.1; nmult =    231
inout (power) : iter =    216 ; odelta = 2.444523e-04 ; dt =  3649.8; nmult =    232
inout (power) : iter =    217 ; odelta = 2.407877e-04 ; dt =  3665.2; nmult =    233
inout (power) : iter =    218 ; odelta = 2.371802e-04 ; dt =  3680.9; nmult =    234
inout (power) : iter =    219 ; odelta = 2.336295e-04 ; dt =  3696.4; nmult =    235
inout (power) : iter =    220 ; odelta = 2.301343e-04 ; dt =  3712.3; nmult =    236
inout (power) : iter =    221 ; odelta = 2.266940e-04 ; dt =  3727.7; nmult =    237
inout (power) : iter =    222 ; odelta = 2.233083e-04 ; dt =  3743.6; nmult =    238
inout (power) : iter =    223 ; odelta = 2.199762e-04 ; dt =  3759.0; nmult =    239
inout (power) : iter =    224 ; odelta = 2.166959e-04 ; dt =  3774.9; nmult =    240
inout (power) : iter =    225 ; odelta = 2.134666e-04 ; dt =  3790.3; nmult =    241
inout (power) : iter =    226 ; odelta = 2.102874e-04 ; dt =  3806.1; nmult =    242
inout (power) : iter =    227 ; odelta = 2.071576e-04 ; dt =  3821.5; nmult =    243
inout (power) : iter =    228 ; odelta = 2.040769e-04 ; dt =  3837.2; nmult =    244
inout (power) : iter =    229 ; odelta = 2.010441e-04 ; dt =  3852.7; nmult =    245
inout (power) : iter =    230 ; odelta = 1.980582e-04 ; dt =  3868.3; nmult =    246
inout (power) : iter =    231 ; odelta = 1.951189e-04 ; dt =  3883.8; nmult =    247
inout (power) : iter =    232 ; odelta = 1.922260e-04 ; dt =  3899.6; nmult =    248
inout (power) : iter =    233 ; odelta = 1.893775e-04 ; dt =  3914.9; nmult =    249
inout (power) : iter =    234 ; odelta = 1.865729e-04 ; dt =  3930.5; nmult =    250
inout (power) : iter =    235 ; odelta = 1.838115e-04 ; dt =  3945.8; nmult =    251
inout (power) : iter =    236 ; odelta = 1.810925e-04 ; dt =  3961.6; nmult =    252
inout (power) : iter =    237 ; odelta = 1.784158e-04 ; dt =  3977.1; nmult =    253
inout (power) : iter =    238 ; odelta = 1.757806e-04 ; dt =  3992.9; nmult =    254
inout (power) : iter =    239 ; odelta = 1.731866e-04 ; dt =  4008.3; nmult =    255
inout (power) : iter =    240 ; odelta = 1.706333e-04 ; dt =  4023.9; nmult =    256
inout (power) : iter =    241 ; odelta = 1.681192e-04 ; dt =  4039.5; nmult =    257
inout (power) : iter =    242 ; odelta = 1.656436e-04 ; dt =  4055.3; nmult =    258
inout (power) : iter =    243 ; odelta = 1.632059e-04 ; dt =  4070.7; nmult =    259
inout (power) : iter =    244 ; odelta = 1.608055e-04 ; dt =  4086.5; nmult =    260
inout (power) : iter =    245 ; odelta = 1.584416e-04 ; dt =  4102.0; nmult =    261
inout (power) : iter =    246 ; odelta = 1.561136e-04 ; dt =  4117.7; nmult =    262
inout (power) : iter =    247 ; odelta = 1.538212e-04 ; dt =  4133.1; nmult =    263
inout (power) : iter =    248 ; odelta = 1.515638e-04 ; dt =  4148.9; nmult =    264
inout (power) : iter =    249 ; odelta = 1.493410e-04 ; dt =  4164.3; nmult =    265
inout (power) : iter =    250 ; odelta = 1.471519e-04 ; dt =  4180.1; nmult =    266
inout (power) : iter =    251 ; odelta = 1.449961e-04 ; dt =  4195.5; nmult =    267
inout (power) : iter =    252 ; odelta = 1.428731e-04 ; dt =  4211.2; nmult =    268
inout (power) : iter =    253 ; odelta = 1.407827e-04 ; dt =  4226.9; nmult =    269
inout (power) : iter =    254 ; odelta = 1.387243e-04 ; dt =  4242.7; nmult =    270
inout (power) : iter =    255 ; odelta = 1.366975e-04 ; dt =  4258.1; nmult =    271
inout (power) : iter =    256 ; odelta = 1.347019e-04 ; dt =  4273.9; nmult =    272
inout (power) : iter =    257 ; odelta = 1.327368e-04 ; dt =  4289.3; nmult =    273
inout (power) : iter =    258 ; odelta = 1.308016e-04 ; dt =  4305.1; nmult =    274
inout (power) : iter =    259 ; odelta = 1.288956e-04 ; dt =  4320.5; nmult =    275
inout (power) : iter =    260 ; odelta = 1.270184e-04 ; dt =  4336.3; nmult =    276
inout (power) : iter =    261 ; odelta = 1.251707e-04 ; dt =  4351.7; nmult =    277
inout (power) : iter =    262 ; odelta = 1.233511e-04 ; dt =  4367.6; nmult =    278
inout (power) : iter =    263 ; odelta = 1.215610e-04 ; dt =  4383.0; nmult =    279
inout (power) : iter =    264 ; odelta = 1.197996e-04 ; dt =  4398.6; nmult =    280
inout (power) : iter =    265 ; odelta = 1.180656e-04 ; dt =  4414.0; nmult =    281
inout (power) : iter =    266 ; odelta = 1.163580e-04 ; dt =  4429.8; nmult =    282
inout (power) : iter =    267 ; odelta = 1.146760e-04 ; dt =  4445.2; nmult =    283
inout (power) : iter =    268 ; odelta = 1.130196e-04 ; dt =  4461.0; nmult =    284
inout (power) : iter =    269 ; odelta = 1.113880e-04 ; dt =  4476.4; nmult =    285
inout (power) : iter =    270 ; odelta = 1.097810e-04 ; dt =  4492.2; nmult =    286
inout (power) : iter =    271 ; odelta = 1.081980e-04 ; dt =  4507.5; nmult =    287
inout (power) : iter =    272 ; odelta = 1.066387e-04 ; dt =  4523.4; nmult =    288
inout (power) : iter =    273 ; odelta = 1.051031e-04 ; dt =  4538.8; nmult =    289
inout (power) : iter =    274 ; odelta = 1.035909e-04 ; dt =  4554.7; nmult =    290
inout (power) : iter =    275 ; odelta = 1.021013e-04 ; dt =  4570.1; nmult =    291
inout (power) : iter =    276 ; odelta = 1.006340e-04 ; dt =  4585.9; nmult =    292
inout (power) : iter =    277 ; odelta = 9.918869e-05 ; dt =  4601.2; nmult =    293
inout (power) : iter =    278 ; odelta = 9.776565e-05 ; dt =  4617.0; nmult =    294
inout (power) : iter =    279 ; odelta = 9.636491e-05 ; dt =  4632.5; nmult =    295
inout (power) : iter =    280 ; odelta = 9.498572e-05 ; dt =  4648.2; nmult =    296
inout (power) : iter =    281 ; odelta = 9.362729e-05 ; dt =  4663.5; nmult =    297
inout (power) : iter =    282 ; odelta = 9.228907e-05 ; dt =  4679.4; nmult =    298
inout (power) : iter =    283 ; odelta = 9.097078e-05 ; dt =  4694.8; nmult =    299
inout (power) : iter =    284 ; odelta = 8.967194e-05 ; dt =  4710.6; nmult =    300
inout (power) : iter =    285 ; odelta = 8.839236e-05 ; dt =  4726.2; nmult =    301
inout (power) : iter =    286 ; odelta = 8.713193e-05 ; dt =  4741.9; nmult =    302
inout (power) : iter =    287 ; odelta = 8.589024e-05 ; dt =  4757.3; nmult =    303
inout (power) : iter =    288 ; odelta = 8.466696e-05 ; dt =  4773.2; nmult =    304
inout (power) : iter =    289 ; odelta = 8.346326e-05 ; dt =  4788.6; nmult =    305
inout (power) : iter =    290 ; odelta = 8.228036e-05 ; dt =  4804.4; nmult =    306
inout (power) : iter =    291 ; odelta = 8.111640e-05 ; dt =  4819.8; nmult =    307
inout (power) : iter =    292 ; odelta = 7.997018e-05 ; dt =  4835.6; nmult =    308
inout (power) : iter =    293 ; odelta = 7.884128e-05 ; dt =  4851.1; nmult =    309
inout (power) : iter =    294 ; odelta = 7.772894e-05 ; dt =  4866.8; nmult =    310
inout (power) : iter =    295 ; odelta = 7.663286e-05 ; dt =  4882.3; nmult =    311
inout (power) : iter =    296 ; odelta = 7.555286e-05 ; dt =  4898.0; nmult =    312
inout (power) : iter =    297 ; odelta = 7.448862e-05 ; dt =  4913.3; nmult =    313
inout (power) : iter =    298 ; odelta = 7.344068e-05 ; dt =  4928.9; nmult =    314
inout (power) : iter =    299 ; odelta = 7.240841e-05 ; dt =  4944.5; nmult =    315
inout (power) : iter =    300 ; odelta = 7.139121e-05 ; dt =  4960.3; nmult =    316
inout (power) : iter =    301 ; odelta = 7.038928e-05 ; dt =  4975.6; nmult =    317
inout (power) : iter =    302 ; odelta = 6.940202e-05 ; dt =  4991.3; nmult =    318
inout (power) : iter =    303 ; odelta = 6.842914e-05 ; dt =  5006.9; nmult =    319
inout (power) : iter =    304 ; odelta = 6.747050e-05 ; dt =  5022.6; nmult =    320
inout (power) : iter =    305 ; odelta = 6.652592e-05 ; dt =  5038.1; nmult =    321
inout (power) : iter =    306 ; odelta = 6.559536e-05 ; dt =  5053.9; nmult =    322
inout (power) : iter =    307 ; odelta = 6.467830e-05 ; dt =  5069.2; nmult =    323
inout (power) : iter =    308 ; odelta = 6.377448e-05 ; dt =  5085.0; nmult =    324
inout (power) : iter =    309 ; odelta = 6.288368e-05 ; dt =  5100.5; nmult =    325
inout (power) : iter =    310 ; odelta = 6.200570e-05 ; dt =  5116.3; nmult =    326
inout (power) : iter =    311 ; odelta = 6.114034e-05 ; dt =  5131.8; nmult =    327
inout (power) : iter =    312 ; odelta = 6.028766e-05 ; dt =  5147.5; nmult =    328
inout (power) : iter =    313 ; odelta = 5.944741e-05 ; dt =  5162.9; nmult =    329
inout (power) : iter =    314 ; odelta = 5.861927e-05 ; dt =  5178.7; nmult =    330
inout (power) : iter =    315 ; odelta = 5.780316e-05 ; dt =  5194.2; nmult =    331
inout (power) : iter =    316 ; odelta = 5.699910e-05 ; dt =  5210.0; nmult =    332
inout (power) : iter =    317 ; odelta = 5.620663e-05 ; dt =  5225.4; nmult =    333
inout (power) : iter =    318 ; odelta = 5.542550e-05 ; dt =  5241.2; nmult =    334
inout (power) : iter =    319 ; odelta = 5.465556e-05 ; dt =  5256.6; nmult =    335
inout (power) : iter =    320 ; odelta = 5.389660e-05 ; dt =  5272.3; nmult =    336
inout (power) : iter =    321 ; odelta = 5.314849e-05 ; dt =  5287.7; nmult =    337
inout (power) : iter =    322 ; odelta = 5.241110e-05 ; dt =  5303.5; nmult =    338
inout (power) : iter =    323 ; odelta = 5.168428e-05 ; dt =  5318.9; nmult =    339
inout (power) : iter =    324 ; odelta = 5.096786e-05 ; dt =  5334.7; nmult =    340
inout (power) : iter =    325 ; odelta = 5.026168e-05 ; dt =  5350.1; nmult =    341
inout (power) : iter =    326 ; odelta = 4.956561e-05 ; dt =  5366.0; nmult =    342
inout (power) : iter =    327 ; odelta = 4.887951e-05 ; dt =  5381.4; nmult =    343
inout (power) : iter =    328 ; odelta = 4.820319e-05 ; dt =  5397.2; nmult =    344
inout (power) : iter =    329 ; odelta = 4.753663e-05 ; dt =  5412.6; nmult =    345
inout (power) : iter =    330 ; odelta = 4.687960e-05 ; dt =  5428.4; nmult =    346
inout (power) : iter =    331 ; odelta = 4.623194e-05 ; dt =  5443.8; nmult =    347
inout (power) : iter =    332 ; odelta = 4.559345e-05 ; dt =  5459.6; nmult =    348
inout (power) : iter =    333 ; odelta = 4.496402e-05 ; dt =  5474.9; nmult =    349
inout (power) : iter =    334 ; odelta = 4.434353e-05 ; dt =  5490.8; nmult =    350
inout (power) : iter =    335 ; odelta = 4.373185e-05 ; dt =  5506.2; nmult =    351
inout (power) : iter =    336 ; odelta = 4.312887e-05 ; dt =  5521.9; nmult =    352
inout (power) : iter =    337 ; odelta = 4.253450e-05 ; dt =  5537.2; nmult =    353
inout (power) : iter =    338 ; odelta = 4.194862e-05 ; dt =  5553.0; nmult =    354
inout (power) : iter =    339 ; odelta = 4.137115e-05 ; dt =  5568.4; nmult =    355
inout (power) : iter =    340 ; odelta = 4.080189e-05 ; dt =  5584.2; nmult =    356
inout (power) : iter =    341 ; odelta = 4.024074e-05 ; dt =  5599.5; nmult =    357
inout (power) : iter =    342 ; odelta = 3.968754e-05 ; dt =  5615.3; nmult =    358
inout (power) : iter =    343 ; odelta = 3.914218e-05 ; dt =  5630.9; nmult =    359
inout (power) : iter =    344 ; odelta = 3.860453e-05 ; dt =  5646.8; nmult =    360
inout (power) : iter =    345 ; odelta = 3.807449e-05 ; dt =  5662.3; nmult =    361
inout (power) : iter =    346 ; odelta = 3.755195e-05 ; dt =  5678.1; nmult =    362
inout (power) : iter =    347 ; odelta = 3.703678e-05 ; dt =  5693.5; nmult =    363
inout (power) : iter =    348 ; odelta = 3.652889e-05 ; dt =  5709.3; nmult =    364
inout (power) : iter =    349 ; odelta = 3.602815e-05 ; dt =  5724.7; nmult =    365
inout (power) : iter =    350 ; odelta = 3.553447e-05 ; dt =  5740.5; nmult =    366
inout (power) : iter =    351 ; odelta = 3.504778e-05 ; dt =  5755.8; nmult =    367
inout (power) : iter =    352 ; odelta = 3.456798e-05 ; dt =  5771.5; nmult =    368
inout (power) : iter =    353 ; odelta = 3.409492e-05 ; dt =  5787.0; nmult =    369
inout (power) : iter =    354 ; odelta = 3.362852e-05 ; dt =  5802.8; nmult =    370
inout (power) : iter =    355 ; odelta = 3.316866e-05 ; dt =  5818.2; nmult =    371
inout (power) : iter =    356 ; odelta = 3.271525e-05 ; dt =  5834.0; nmult =    372
inout (power) : iter =    357 ; odelta = 3.226820e-05 ; dt =  5849.4; nmult =    373
inout (power) : iter =    358 ; odelta = 3.182743e-05 ; dt =  5865.1; nmult =    374
inout (power) : iter =    359 ; odelta = 3.139285e-05 ; dt =  5880.4; nmult =    375
inout (power) : iter =    360 ; odelta = 3.096437e-05 ; dt =  5896.3; nmult =    376
inout (power) : iter =    361 ; odelta = 3.054189e-05 ; dt =  5911.8; nmult =    377
inout (power) : iter =    362 ; odelta = 3.012532e-05 ; dt =  5927.6; nmult =    378
inout (power) : iter =    363 ; odelta = 2.971459e-05 ; dt =  5943.0; nmult =    379
inout (power) : iter =    364 ; odelta = 2.930961e-05 ; dt =  5958.9; nmult =    380
inout (power) : iter =    365 ; odelta = 2.891031e-05 ; dt =  5974.5; nmult =    381
inout (power) : iter =    366 ; odelta = 2.851661e-05 ; dt =  5990.4; nmult =    382
inout (power) : iter =    367 ; odelta = 2.812841e-05 ; dt =  6005.9; nmult =    383
inout (power) : iter =    368 ; odelta = 2.774563e-05 ; dt =  6022.0; nmult =    384
inout (power) : iter =    369 ; odelta = 2.736820e-05 ; dt =  6037.6; nmult =    385
inout (power) : iter =    370 ; odelta = 2.699606e-05 ; dt =  6053.4; nmult =    386
inout (power) : iter =    371 ; odelta = 2.662915e-05 ; dt =  6068.8; nmult =    387
inout (power) : iter =    372 ; odelta = 2.626737e-05 ; dt =  6084.7; nmult =    388
inout (power) : iter =    373 ; odelta = 2.591069e-05 ; dt =  6100.2; nmult =    389
inout (power) : iter =    374 ; odelta = 2.555899e-05 ; dt =  6116.0; nmult =    390
inout (power) : iter =    375 ; odelta = 2.521222e-05 ; dt =  6131.4; nmult =    391
inout (power) : iter =    376 ; odelta = 2.487028e-05 ; dt =  6147.1; nmult =    392
inout (power) : iter =    377 ; odelta = 2.453311e-05 ; dt =  6162.6; nmult =    393
inout (power) : iter =    378 ; odelta = 2.420063e-05 ; dt =  6178.4; nmult =    394
inout (power) : iter =    379 ; odelta = 2.387279e-05 ; dt =  6193.8; nmult =    395
inout (power) : iter =    380 ; odelta = 2.354953e-05 ; dt =  6209.6; nmult =    396
inout (power) : iter =    381 ; odelta = 2.323080e-05 ; dt =  6225.2; nmult =    397
inout (power) : iter =    382 ; odelta = 2.291653e-05 ; dt =  6240.8; nmult =    398
inout (power) : iter =    383 ; odelta = 2.260672e-05 ; dt =  6256.4; nmult =    399
inout (power) : iter =    384 ; odelta = 2.230128e-05 ; dt =  6272.2; nmult =    400
inout (power) : iter =    385 ; odelta = 2.200009e-05 ; dt =  6287.6; nmult =    401
inout (power) : iter =    386 ; odelta = 2.170308e-05 ; dt =  6303.4; nmult =    402
inout (power) : iter =    387 ; odelta = 2.141019e-05 ; dt =  6318.9; nmult =    403
inout (power) : iter =    388 ; odelta = 2.112135e-05 ; dt =  6334.7; nmult =    404
inout (power) : iter =    389 ; odelta = 2.083653e-05 ; dt =  6350.2; nmult =    405
inout (power) : iter =    390 ; odelta = 2.055564e-05 ; dt =  6365.9; nmult =    406
inout (power) : iter =    391 ; odelta = 2.027866e-05 ; dt =  6381.3; nmult =    407
inout (power) : iter =    392 ; odelta = 2.000556e-05 ; dt =  6397.2; nmult =    408
inout (power) : iter =    393 ; odelta = 1.973626e-05 ; dt =  6413.0; nmult =    409
inout (power) : iter =    394 ; odelta = 1.947074e-05 ; dt =  6428.8; nmult =    410
inout (power) : iter =    395 ; odelta = 1.920895e-05 ; dt =  6444.2; nmult =    411
inout (power) : iter =    396 ; odelta = 1.895079e-05 ; dt =  6459.9; nmult =    412
inout (power) : iter =    397 ; odelta = 1.869619e-05 ; dt =  6475.3; nmult =    413
inout (power) : iter =    398 ; odelta = 1.844510e-05 ; dt =  6491.9; nmult =    414
inout (power) : iter =    399 ; odelta = 1.819747e-05 ; dt =  6507.7; nmult =    415
inout (power) : iter =    400 ; odelta = 1.795325e-05 ; dt =  6524.2; nmult =    416
inout (power) : iter =    401 ; odelta = 1.771240e-05 ; dt =  6540.5; nmult =    417
inout (power) : iter =    402 ; odelta = 1.747486e-05 ; dt =  6556.9; nmult =    418
inout (power) : iter =    403 ; odelta = 1.724059e-05 ; dt =  6573.3; nmult =    419
inout (power) : iter =    404 ; odelta = 1.700952e-05 ; dt =  6589.0; nmult =    420
inout (power) : iter =    405 ; odelta = 1.678163e-05 ; dt =  6604.9; nmult =    421
inout (power) : iter =    406 ; odelta = 1.655687e-05 ; dt =  6620.7; nmult =    422
inout (power) : iter =    407 ; odelta = 1.633518e-05 ; dt =  6636.1; nmult =    423
inout (power) : iter =    408 ; odelta = 1.611654e-05 ; dt =  6652.2; nmult =    424
inout (power) : iter =    409 ; odelta = 1.590090e-05 ; dt =  6667.8; nmult =    425
inout (power) : iter =    410 ; odelta = 1.568822e-05 ; dt =  6683.6; nmult =    426
inout (power) : iter =    411 ; odelta = 1.547845e-05 ; dt =  6699.1; nmult =    427
inout (power) : iter =    412 ; odelta = 1.527155e-05 ; dt =  6714.7; nmult =    428
inout (power) : iter =    413 ; odelta = 1.506749e-05 ; dt =  6730.3; nmult =    429
inout (power) : iter =    414 ; odelta = 1.486621e-05 ; dt =  6746.1; nmult =    430
inout (power) : iter =    415 ; odelta = 1.466773e-05 ; dt =  6761.4; nmult =    431
inout (power) : iter =    416 ; odelta = 1.447203e-05 ; dt =  6777.3; nmult =    432
inout (power) : iter =    417 ; odelta = 1.427902e-05 ; dt =  6792.7; nmult =    433
inout (power) : iter =    418 ; odelta = 1.408864e-05 ; dt =  6808.5; nmult =    434
inout (power) : iter =    419 ; odelta = 1.390085e-05 ; dt =  6823.9; nmult =    435
inout (power) : iter =    420 ; odelta = 1.371563e-05 ; dt =  6839.7; nmult =    436
inout (power) : iter =    421 ; odelta = 1.353294e-05 ; dt =  6855.1; nmult =    437
inout (power) : iter =    422 ; odelta = 1.335274e-05 ; dt =  6870.7; nmult =    438
inout (power) : iter =    423 ; odelta = 1.317500e-05 ; dt =  6886.2; nmult =    439
inout (power) : iter =    424 ; odelta = 1.299969e-05 ; dt =  6901.8; nmult =    440
inout (power) : iter =    425 ; odelta = 1.282677e-05 ; dt =  6917.4; nmult =    441
inout (power) : iter =    426 ; odelta = 1.265625e-05 ; dt =  6933.2; nmult =    442
inout (power) : iter =    427 ; odelta = 1.248808e-05 ; dt =  6948.7; nmult =    443
inout (power) : iter =    428 ; odelta = 1.232220e-05 ; dt =  6964.5; nmult =    444
inout (power) : iter =    429 ; odelta = 1.215858e-05 ; dt =  6979.9; nmult =    445
inout (power) : iter =    430 ; odelta = 1.199729e-05 ; dt =  6995.5; nmult =    446
inout (power) : iter =    431 ; odelta = 1.183834e-05 ; dt =  7010.8; nmult =    447
inout (power) : iter =    432 ; odelta = 1.168156e-05 ; dt =  7026.6; nmult =    448
inout (power) : iter =    433 ; odelta = 1.152690e-05 ; dt =  7042.0; nmult =    449
inout (power) : iter =    434 ; odelta = 1.137434e-05 ; dt =  7057.9; nmult =    450
inout (power) : iter =    435 ; odelta = 1.122385e-05 ; dt =  7073.3; nmult =    451
inout (power) : iter =    436 ; odelta = 1.107540e-05 ; dt =  7089.1; nmult =    452
inout (power) : iter =    437 ; odelta = 1.092895e-05 ; dt =  7104.7; nmult =    453
inout (power) : iter =    438 ; odelta = 1.078449e-05 ; dt =  7120.5; nmult =    454
inout (power) : iter =    439 ; odelta = 1.064198e-05 ; dt =  7135.9; nmult =    455
inout (power) : iter =    440 ; odelta = 1.050139e-05 ; dt =  7151.7; nmult =    456
inout (power) : iter =    441 ; odelta = 1.036271e-05 ; dt =  7167.0; nmult =    457
inout (power) : iter =    442 ; odelta = 1.022590e-05 ; dt =  7182.6; nmult =    458
inout (power) : iter =    443 ; odelta = 1.009095e-05 ; dt =  7198.3; nmult =    459
inout (power) : iter =    444 ; odelta = 9.957848e-06 ; dt =  7214.0; nmult =    460
inout (power) : iter =    445 ; odelta = 9.826575e-06 ; dt =  7229.4; nmult =    461
inout (power) : iter =    446 ; odelta = 9.697147e-06 ; dt =  7245.2; nmult =    462
inout (power) : iter =    447 ; odelta = 9.569568e-06 ; dt =  7260.6; nmult =    463
inout (power) : iter =    448 ; odelta = 9.443787e-06 ; dt =  7276.5; nmult =    464
inout (power) : iter =    449 ; odelta = 9.319747e-06 ; dt =  7291.9; nmult =    465
inout (power) : iter =    450 ; odelta = 9.197391e-06 ; dt =  7307.7; nmult =    466
inout (power) : iter =    451 ; odelta = 9.076683e-06 ; dt =  7323.1; nmult =    467
inout (power) : iter =    452 ; odelta = 8.957596e-06 ; dt =  7339.0; nmult =    468
inout (power) : iter =    453 ; odelta = 8.840108e-06 ; dt =  7354.4; nmult =    469
inout (power) : iter =    454 ; odelta = 8.724194e-06 ; dt =  7370.2; nmult =    470
inout (power) : iter =    455 ; odelta = 8.609833e-06 ; dt =  7385.6; nmult =    471
inout (power) : iter =    456 ; odelta = 8.497005e-06 ; dt =  7401.2; nmult =    472
inout (power) : iter =    457 ; odelta = 8.385688e-06 ; dt =  7416.7; nmult =    473
inout (power) : iter =    458 ; odelta = 8.275870e-06 ; dt =  7432.5; nmult =    474
inout (power) : iter =    459 ; odelta = 8.167568e-06 ; dt =  7447.9; nmult =    475
inout (power) : iter =    460 ; odelta = 8.060720e-06 ; dt =  7463.7; nmult =    476
inout (power) : iter =    461 ; odelta = 7.955300e-06 ; dt =  7479.1; nmult =    477
inout (power) : iter =    462 ; odelta = 7.851294e-06 ; dt =  7494.7; nmult =    478
inout (power) : iter =    463 ; odelta = 7.748693e-06 ; dt =  7510.2; nmult =    479
inout (power) : iter =    464 ; odelta = 7.647463e-06 ; dt =  7526.0; nmult =    480
inout (power) : iter =    465 ; odelta = 7.547589e-06 ; dt =  7541.5; nmult =    481
inout (power) : iter =    466 ; odelta = 7.449096e-06 ; dt =  7557.3; nmult =    482
inout (power) : iter =    467 ; odelta = 7.351955e-06 ; dt =  7572.8; nmult =    483
inout (power) : iter =    468 ; odelta = 7.256156e-06 ; dt =  7588.6; nmult =    484
inout (power) : iter =    469 ; odelta = 7.161643e-06 ; dt =  7603.9; nmult =    485
inout (power) : iter =    470 ; odelta = 7.068396e-06 ; dt =  7619.7; nmult =    486
inout (power) : iter =    471 ; odelta = 6.976392e-06 ; dt =  7635.1; nmult =    487
inout (power) : iter =    472 ; odelta = 6.885613e-06 ; dt =  7651.0; nmult =    488
inout (power) : iter =    473 ; odelta = 6.796046e-06 ; dt =  7666.4; nmult =    489
inout (power) : iter =    474 ; odelta = 6.707705e-06 ; dt =  7682.2; nmult =    490
inout (power) : iter =    475 ; odelta = 6.620646e-06 ; dt =  7697.5; nmult =    491
inout (power) : iter =    476 ; odelta = 6.534784e-06 ; dt =  7713.3; nmult =    492
inout (power) : iter =    477 ; odelta = 6.450091e-06 ; dt =  7728.7; nmult =    493
inout (power) : iter =    478 ; odelta = 6.366534e-06 ; dt =  7744.6; nmult =    494
inout (power) : iter =    479 ; odelta = 6.284092e-06 ; dt =  7760.0; nmult =    495
inout (power) : iter =    480 ; odelta = 6.202742e-06 ; dt =  7775.7; nmult =    496
inout (power) : iter =    481 ; odelta = 6.122469e-06 ; dt =  7791.2; nmult =    497
inout (power) : iter =    482 ; odelta = 6.043265e-06 ; dt =  7806.9; nmult =    498
inout (power) : iter =    483 ; odelta = 5.965124e-06 ; dt =  7822.4; nmult =    499
inout (power) : iter =    484 ; odelta = 5.888032e-06 ; dt =  7838.2; nmult =    500
inout (power) : iter =    485 ; odelta = 5.811960e-06 ; dt =  7853.6; nmult =    501
inout (power) : iter =    486 ; odelta = 5.736893e-06 ; dt =  7869.5; nmult =    502
inout (power) : iter =    487 ; odelta = 5.662820e-06 ; dt =  7884.8; nmult =    503
inout (power) : iter =    488 ; odelta = 5.589726e-06 ; dt =  7900.6; nmult =    504
inout (power) : iter =    489 ; odelta = 5.517600e-06 ; dt =  7916.0; nmult =    505
inout (power) : iter =    490 ; odelta = 5.446433e-06 ; dt =  7931.8; nmult =    506
inout (power) : iter =    491 ; odelta = 5.376217e-06 ; dt =  7947.2; nmult =    507
inout (power) : iter =    492 ; odelta = 5.306935e-06 ; dt =  7963.0; nmult =    508
inout (power) : iter =    493 ; odelta = 5.238576e-06 ; dt =  7978.5; nmult =    509
inout (power) : iter =    494 ; odelta = 5.171130e-06 ; dt =  7994.3; nmult =    510
inout (power) : iter =    495 ; odelta = 5.104585e-06 ; dt =  8009.6; nmult =    511
inout (power) : iter =    496 ; odelta = 5.038924e-06 ; dt =  8025.3; nmult =    512
inout (power) : iter =    497 ; odelta = 4.974141e-06 ; dt =  8040.6; nmult =    513
inout (power) : iter =    498 ; odelta = 4.910221e-06 ; dt =  8056.5; nmult =    514
inout (power) : iter =    499 ; odelta = 4.847154e-06 ; dt =  8071.9; nmult =    515
inout (power) : iter =    500 ; odelta = 4.784918e-06 ; dt =  8087.7; nmult =    516
inout (power) : iter =    501 ; odelta = 4.723502e-06 ; dt =  8103.1; nmult =    517
inout (power) : iter =    502 ; odelta = 4.662898e-06 ; dt =  8118.9; nmult =    518
inout (power) : iter =    503 ; odelta = 4.603090e-06 ; dt =  8134.3; nmult =    519
inout (power) : iter =    504 ; odelta = 4.544067e-06 ; dt =  8150.2; nmult =    520
inout (power) : iter =    505 ; odelta = 4.485818e-06 ; dt =  8165.6; nmult =    521
inout (power) : iter =    506 ; odelta = 4.428336e-06 ; dt =  8181.5; nmult =    522
inout (power) : iter =    507 ; odelta = 4.371613e-06 ; dt =  8196.8; nmult =    523
inout (power) : iter =    508 ; odelta = 4.315645e-06 ; dt =  8212.6; nmult =    524
inout (power) : iter =    509 ; odelta = 4.260413e-06 ; dt =  8228.0; nmult =    525
inout (power) : iter =    510 ; odelta = 4.205911e-06 ; dt =  8243.8; nmult =    526
inout (power) : iter =    511 ; odelta = 4.152122e-06 ; dt =  8259.2; nmult =    527
inout (power) : iter =    512 ; odelta = 4.099033e-06 ; dt =  8275.0; nmult =    528
inout (power) : iter =    513 ; odelta = 4.046636e-06 ; dt =  8290.3; nmult =    529
inout (power) : iter =    514 ; odelta = 3.994923e-06 ; dt =  8306.1; nmult =    530
inout (power) : iter =    515 ; odelta = 3.943883e-06 ; dt =  8321.6; nmult =    531
inout (power) : iter =    516 ; odelta = 3.893509e-06 ; dt =  8337.4; nmult =    532
inout (power) : iter =    517 ; odelta = 3.843791e-06 ; dt =  8352.9; nmult =    533
inout (power) : iter =    518 ; odelta = 3.794723e-06 ; dt =  8368.7; nmult =    534
inout (power) : iter =    519 ; odelta = 3.746294e-06 ; dt =  8384.1; nmult =    535
inout (power) : iter =    520 ; odelta = 3.698496e-06 ; dt =  8399.9; nmult =    536
inout (power) : iter =    521 ; odelta = 3.651319e-06 ; dt =  8415.4; nmult =    537
inout (power) : iter =    522 ; odelta = 3.604758e-06 ; dt =  8431.1; nmult =    538
inout (power) : iter =    523 ; odelta = 3.558802e-06 ; dt =  8446.5; nmult =    539
inout (power) : iter =    524 ; odelta = 3.513443e-06 ; dt =  8462.1; nmult =    540
inout (power) : iter =    525 ; odelta = 3.468674e-06 ; dt =  8477.6; nmult =    541
inout (power) : iter =    526 ; odelta = 3.424486e-06 ; dt =  8493.6; nmult =    542
inout (power) : iter =    527 ; odelta = 3.380873e-06 ; dt =  8509.0; nmult =    543
inout (power) : iter =    528 ; odelta = 3.337827e-06 ; dt =  8524.7; nmult =    544
inout (power) : iter =    529 ; odelta = 3.295342e-06 ; dt =  8540.2; nmult =    545
inout (power) : iter =    530 ; odelta = 3.253409e-06 ; dt =  8556.0; nmult =    546
inout (power) : iter =    531 ; odelta = 3.212022e-06 ; dt =  8571.4; nmult =    547
inout (power) : iter =    532 ; odelta = 3.171171e-06 ; dt =  8587.3; nmult =    548
inout (power) : iter =    533 ; odelta = 3.130849e-06 ; dt =  8602.8; nmult =    549
inout (power) : iter =    534 ; odelta = 3.091051e-06 ; dt =  8618.7; nmult =    550
inout (power) : iter =    535 ; odelta = 3.051767e-06 ; dt =  8634.5; nmult =    551
inout (power) : iter =    536 ; odelta = 3.012994e-06 ; dt =  8650.4; nmult =    552
inout (power) : iter =    537 ; odelta = 2.974729e-06 ; dt =  8665.7; nmult =    553
inout (power) : iter =    538 ; odelta = 2.936959e-06 ; dt =  8681.3; nmult =    554
inout (power) : iter =    539 ; odelta = 2.899678e-06 ; dt =  8696.9; nmult =    555
inout (power) : iter =    540 ; odelta = 2.862880e-06 ; dt =  8712.7; nmult =    556
inout (power) : iter =    541 ; odelta = 2.826558e-06 ; dt =  8728.1; nmult =    557
inout (power) : iter =    542 ; odelta = 2.790706e-06 ; dt =  8743.9; nmult =    558
inout (power) : iter =    543 ; odelta = 2.755320e-06 ; dt =  8759.3; nmult =    559
inout (power) : iter =    544 ; odelta = 2.720391e-06 ; dt =  8775.1; nmult =    560
inout (power) : iter =    545 ; odelta = 2.685916e-06 ; dt =  8790.5; nmult =    561
inout (power) : iter =    546 ; odelta = 2.651891e-06 ; dt =  8806.3; nmult =    562
inout (power) : iter =    547 ; odelta = 2.618307e-06 ; dt =  8821.8; nmult =    563
inout (power) : iter =    548 ; odelta = 2.585155e-06 ; dt =  8837.4; nmult =    564
inout (power) : iter =    549 ; odelta = 2.552433e-06 ; dt =  8852.7; nmult =    565
inout (power) : iter =    550 ; odelta = 2.520133e-06 ; dt =  8868.7; nmult =    566
inout (power) : iter =    551 ; odelta = 2.488250e-06 ; dt =  8884.1; nmult =    567
inout (power) : iter =    552 ; odelta = 2.456782e-06 ; dt =  8899.8; nmult =    568
inout (power) : iter =    553 ; odelta = 2.425726e-06 ; dt =  8915.1; nmult =    569
inout (power) : iter =    554 ; odelta = 2.395073e-06 ; dt =  8930.8; nmult =    570
inout (power) : iter =    555 ; odelta = 2.364820e-06 ; dt =  8946.6; nmult =    571
inout (power) : iter =    556 ; odelta = 2.334962e-06 ; dt =  8962.3; nmult =    572
inout (power) : iter =    557 ; odelta = 2.305492e-06 ; dt =  8977.9; nmult =    573
inout (power) : iter =    558 ; odelta = 2.276402e-06 ; dt =  8993.6; nmult =    574
inout (power) : iter =    559 ; odelta = 2.247686e-06 ; dt =  9009.0; nmult =    575
inout (power) : iter =    560 ; odelta = 2.219339e-06 ; dt =  9024.8; nmult =    576
inout (power) : iter =    561 ; odelta = 2.191356e-06 ; dt =  9040.2; nmult =    577
inout (power) : iter =    562 ; odelta = 2.163733e-06 ; dt =  9056.0; nmult =    578
inout (power) : iter =    563 ; odelta = 2.136465e-06 ; dt =  9071.5; nmult =    579
inout (power) : iter =    564 ; odelta = 2.109548e-06 ; dt =  9087.2; nmult =    580
inout (power) : iter =    565 ; odelta = 2.082977e-06 ; dt =  9102.6; nmult =    581
inout (power) : iter =    566 ; odelta = 2.056748e-06 ; dt =  9118.3; nmult =    582
inout (power) : iter =    567 ; odelta = 2.030855e-06 ; dt =  9133.8; nmult =    583
inout (power) : iter =    568 ; odelta = 2.005294e-06 ; dt =  9149.7; nmult =    584
inout (power) : iter =    569 ; odelta = 1.980062e-06 ; dt =  9165.2; nmult =    585
inout (power) : iter =    570 ; odelta = 1.955154e-06 ; dt =  9180.9; nmult =    586
inout (power) : iter =    571 ; odelta = 1.930565e-06 ; dt =  9196.3; nmult =    587
inout (power) : iter =    572 ; odelta = 1.906291e-06 ; dt =  9212.1; nmult =    588
inout (power) : iter =    573 ; odelta = 1.882328e-06 ; dt =  9227.4; nmult =    589
inout (power) : iter =    574 ; odelta = 1.858672e-06 ; dt =  9243.0; nmult =    590
inout (power) : iter =    575 ; odelta = 1.835318e-06 ; dt =  9258.6; nmult =    591
inout (power) : iter =    576 ; odelta = 1.812264e-06 ; dt =  9274.4; nmult =    592
inout (power) : iter =    577 ; odelta = 1.789505e-06 ; dt =  9289.8; nmult =    593
inout (power) : iter =    578 ; odelta = 1.767037e-06 ; dt =  9305.7; nmult =    594
inout (power) : iter =    579 ; odelta = 1.744856e-06 ; dt =  9321.1; nmult =    595
inout (power) : iter =    580 ; odelta = 1.722960e-06 ; dt =  9336.7; nmult =    596
inout (power) : iter =    581 ; odelta = 1.701343e-06 ; dt =  9352.2; nmult =    597
inout (power) : iter =    582 ; odelta = 1.680003e-06 ; dt =  9367.9; nmult =    598
inout (power) : iter =    583 ; odelta = 1.658935e-06 ; dt =  9383.5; nmult =    599
inout (power) : iter =    584 ; odelta = 1.638135e-06 ; dt =  9399.2; nmult =    600
inout (power) : iter =    585 ; odelta = 1.617601e-06 ; dt =  9414.7; nmult =    601
inout (power) : iter =    586 ; odelta = 1.597330e-06 ; dt =  9430.5; nmult =    602
inout (power) : iter =    587 ; odelta = 1.577317e-06 ; dt =  9445.8; nmult =    603
inout (power) : iter =    588 ; odelta = 1.557561e-06 ; dt =  9461.7; nmult =    604
inout (power) : iter =    589 ; odelta = 1.538058e-06 ; dt =  9477.1; nmult =    605
inout (power) : iter =    590 ; odelta = 1.518803e-06 ; dt =  9492.8; nmult =    606
inout (power) : iter =    591 ; odelta = 1.499794e-06 ; dt =  9508.3; nmult =    607
inout (power) : iter =    592 ; odelta = 1.481027e-06 ; dt =  9524.1; nmult =    608
inout (power) : iter =    593 ; odelta = 1.462500e-06 ; dt =  9539.6; nmult =    609
inout (power) : iter =    594 ; odelta = 1.444208e-06 ; dt =  9555.2; nmult =    610
inout (power) : iter =    595 ; odelta = 1.426149e-06 ; dt =  9570.7; nmult =    611
inout (power) : iter =    596 ; odelta = 1.408320e-06 ; dt =  9586.5; nmult =    612
inout (power) : iter =    597 ; odelta = 1.390718e-06 ; dt =  9601.8; nmult =    613
inout (power) : iter =    598 ; odelta = 1.373340e-06 ; dt =  9617.5; nmult =    614
inout (power) : iter =    599 ; odelta = 1.356183e-06 ; dt =  9632.8; nmult =    615
inout (power) : iter =    600 ; odelta = 1.339244e-06 ; dt =  9648.4; nmult =    616
inout (power) : iter =    601 ; odelta = 1.322521e-06 ; dt =  9664.1; nmult =    617
inout (power) : iter =    602 ; odelta = 1.306014e-06 ; dt =  9680.7; nmult =    618
inout (power) : iter =    603 ; odelta = 1.289716e-06 ; dt =  9696.8; nmult =    619
inout (power) : iter =    604 ; odelta = 1.273626e-06 ; dt =  9712.5; nmult =    620
inout (power) : iter =    605 ; odelta = 1.257741e-06 ; dt =  9728.1; nmult =    621
inout (power) : iter =    606 ; odelta = 1.242058e-06 ; dt =  9743.9; nmult =    622
inout (power) : iter =    607 ; odelta = 1.226574e-06 ; dt =  9759.3; nmult =    623
inout (power) : iter =    608 ; odelta = 1.211288e-06 ; dt =  9775.1; nmult =    624
inout (power) : iter =    609 ; odelta = 1.196197e-06 ; dt =  9790.5; nmult =    625
inout (power) : iter =    610 ; odelta = 1.181301e-06 ; dt =  9806.3; nmult =    626
inout (power) : iter =    611 ; odelta = 1.166594e-06 ; dt =  9821.7; nmult =    627
inout (power) : iter =    612 ; odelta = 1.152074e-06 ; dt =  9837.7; nmult =    628
inout (power) : iter =    613 ; odelta = 1.137737e-06 ; dt =  9853.2; nmult =    629
inout (power) : iter =    614 ; odelta = 1.123583e-06 ; dt =  9869.0; nmult =    630
inout (power) : iter =    615 ; odelta = 1.109608e-06 ; dt =  9884.3; nmult =    631
inout (power) : iter =    616 ; odelta = 1.095809e-06 ; dt =  9900.3; nmult =    632
inout (power) : iter =    617 ; odelta = 1.082186e-06 ; dt =  9915.8; nmult =    633
inout (power) : iter =    618 ; odelta = 1.068735e-06 ; dt =  9931.6; nmult =    634
inout (power) : iter =    619 ; odelta = 1.055455e-06 ; dt =  9947.2; nmult =    635
inout (power) : iter =    620 ; odelta = 1.042346e-06 ; dt =  9962.9; nmult =    636
inout (power) : iter =    621 ; odelta = 1.029405e-06 ; dt =  9978.4; nmult =    637
inout (power) : iter =    622 ; odelta = 1.016627e-06 ; dt =  9994.1; nmult =    638
inout (power) : iter =    623 ; odelta = 1.004011e-06 ; dt = 10009.6; nmult =    639
inout (power) : iter =    624 ; odelta = 9.915544e-07 ; dt = 10025.2; nmult =    640
inout (power) : iter =    625 ; odelta = 9.792550e-07 ; dt = 10040.5; nmult =    641
inout (power) : iter =    626 ; odelta = 9.671112e-07 ; dt = 10056.2; nmult =    642
inout (power) : iter =    627 ; odelta = 9.551206e-07 ; dt = 10071.6; nmult =    643
inout (power) : iter =    628 ; odelta = 9.432812e-07 ; dt = 10087.6; nmult =    644
inout (power) : iter =    629 ; odelta = 9.315910e-07 ; dt = 10102.9; nmult =    645
inout (power) : iter =    630 ; odelta = 9.200483e-07 ; dt = 10118.7; nmult =    646
inout (power) : iter =    631 ; odelta = 9.086510e-07 ; dt = 10134.3; nmult =    647
inout (power) : iter =    632 ; odelta = 8.973975e-07 ; dt = 10150.1; nmult =    648
inout (power) : iter =    633 ; odelta = 8.862861e-07 ; dt = 10165.5; nmult =    649
inout (power) : iter =    634 ; odelta = 8.753145e-07 ; dt = 10181.3; nmult =    650
inout (power) : iter =    635 ; odelta = 8.644811e-07 ; dt = 10196.7; nmult =    651
inout (power) : iter =    636 ; odelta = 8.537841e-07 ; dt = 10212.5; nmult =    652
inout (power) : iter =    637 ; odelta = 8.432218e-07 ; dt = 10228.1; nmult =    653
inout (power) : iter =    638 ; odelta = 8.327927e-07 ; dt = 10244.1; nmult =    654
inout (power) : iter =    639 ; odelta = 8.224949e-07 ; dt = 10259.5; nmult =    655
inout (power) : iter =    640 ; odelta = 8.123265e-07 ; dt = 10275.1; nmult =    656
inout (power) : iter =    641 ; odelta = 8.022859e-07 ; dt = 10290.6; nmult =    657
inout (power) : iter =    642 ; odelta = 7.923714e-07 ; dt = 10306.4; nmult =    658
inout (power) : iter =    643 ; odelta = 7.825815e-07 ; dt = 10322.0; nmult =    659
inout (power) : iter =    644 ; odelta = 7.729142e-07 ; dt = 10337.7; nmult =    660
inout (power) : iter =    645 ; odelta = 7.633684e-07 ; dt = 10353.2; nmult =    661
inout (power) : iter =    646 ; odelta = 7.539423e-07 ; dt = 10369.2; nmult =    662
inout (power) : iter =    647 ; odelta = 7.446346e-07 ; dt = 10385.0; nmult =    663
inout (power) : iter =    648 ; odelta = 7.354437e-07 ; dt = 10400.8; nmult =    664
inout (power) : iter =    649 ; odelta = 7.263680e-07 ; dt = 10416.4; nmult =    665
inout (power) : iter =    650 ; odelta = 7.174064e-07 ; dt = 10432.1; nmult =    666
inout (power) : iter =    651 ; odelta = 7.085572e-07 ; dt = 10447.5; nmult =    667
inout (power) : iter =    652 ; odelta = 6.998188e-07 ; dt = 10463.3; nmult =    668
inout (power) : iter =    653 ; odelta = 6.911900e-07 ; dt = 10478.7; nmult =    669
inout (power) : iter =    654 ; odelta = 6.826693e-07 ; dt = 10494.5; nmult =    670
inout (power) : iter =    655 ; odelta = 6.742553e-07 ; dt = 10510.0; nmult =    671
inout (power) : iter =    656 ; odelta = 6.659465e-07 ; dt = 10525.9; nmult =    672
inout (power) : iter =    657 ; odelta = 6.577417e-07 ; dt = 10541.3; nmult =    673
inout (power) : iter =    658 ; odelta = 6.496397e-07 ; dt = 10557.2; nmult =    674
inout (power) : iter =    659 ; odelta = 6.416390e-07 ; dt = 10572.6; nmult =    675
inout (power) : iter =    660 ; odelta = 6.337385e-07 ; dt = 10588.4; nmult =    676
inout (power) : iter =    661 ; odelta = 6.259368e-07 ; dt = 10603.7; nmult =    677
inout (power) : iter =    662 ; odelta = 6.182330e-07 ; dt = 10619.4; nmult =    678
inout (power) : iter =    663 ; odelta = 6.106255e-07 ; dt = 10634.7; nmult =    679
inout (power) : iter =    664 ; odelta = 6.031133e-07 ; dt = 10650.5; nmult =    680
inout (power) : iter =    665 ; odelta = 5.956951e-07 ; dt = 10665.9; nmult =    681
inout (power) : iter =    666 ; odelta = 5.883696e-07 ; dt = 10681.7; nmult =    682
inout (power) : iter =    667 ; odelta = 5.811357e-07 ; dt = 10697.2; nmult =    683
inout (power) : iter =    668 ; odelta = 5.739923e-07 ; dt = 10713.0; nmult =    684
inout (power) : iter =    669 ; odelta = 5.669381e-07 ; dt = 10728.4; nmult =    685
inout (power) : iter =    670 ; odelta = 5.599720e-07 ; dt = 10744.2; nmult =    686
inout (power) : iter =    671 ; odelta = 5.530928e-07 ; dt = 10759.6; nmult =    687
inout (power) : iter =    672 ; odelta = 5.462995e-07 ; dt = 10775.4; nmult =    688
inout (power) : iter =    673 ; odelta = 5.395909e-07 ; dt = 10790.9; nmult =    689
inout (power) : iter =    674 ; odelta = 5.329662e-07 ; dt = 10806.8; nmult =    690
inout (power) : iter =    675 ; odelta = 5.264241e-07 ; dt = 10822.1; nmult =    691
inout (power) : iter =    676 ; odelta = 5.199635e-07 ; dt = 10837.9; nmult =    692
inout (power) : iter =    677 ; odelta = 5.135836e-07 ; dt = 10853.3; nmult =    693
inout (power) : iter =    678 ; odelta = 5.072832e-07 ; dt = 10869.2; nmult =    694
inout (power) : iter =    679 ; odelta = 5.010612e-07 ; dt = 10884.5; nmult =    695
inout (power) : iter =    680 ; odelta = 4.949168e-07 ; dt = 10900.3; nmult =    696
inout (power) : iter =    681 ; odelta = 4.888490e-07 ; dt = 10915.7; nmult =    697
inout (power) : iter =    682 ; odelta = 4.828567e-07 ; dt = 10931.6; nmult =    698
inout (power) : iter =    683 ; odelta = 4.769393e-07 ; dt = 10947.0; nmult =    699
inout (power) : iter =    684 ; odelta = 4.710956e-07 ; dt = 10962.8; nmult =    700
inout (power) : iter =    685 ; odelta = 4.653247e-07 ; dt = 10978.2; nmult =    701
inout (power) : iter =    686 ; odelta = 4.596261e-07 ; dt = 10994.0; nmult =    702
inout (power) : iter =    687 ; odelta = 4.539984e-07 ; dt = 11009.4; nmult =    703
inout (power) : iter =    688 ; odelta = 4.484407e-07 ; dt = 11025.2; nmult =    704
inout (power) : iter =    689 ; odelta = 4.429521e-07 ; dt = 11040.6; nmult =    705
inout (power) : iter =    690 ; odelta = 4.375318e-07 ; dt = 11056.4; nmult =    706
inout (power) : iter =    691 ; odelta = 4.321790e-07 ; dt = 11071.9; nmult =    707
inout (power) : iter =    692 ; odelta = 4.268926e-07 ; dt = 11087.8; nmult =    708
inout (power) : iter =    693 ; odelta = 4.216719e-07 ; dt = 11103.6; nmult =    709
inout (power) : iter =    694 ; odelta = 4.165159e-07 ; dt = 11119.4; nmult =    710
inout (power) : iter =    695 ; odelta = 4.114250e-07 ; dt = 11134.7; nmult =    711
inout (power) : iter =    696 ; odelta = 4.063982e-07 ; dt = 11150.5; nmult =    712
inout (power) : iter =    697 ; odelta = 4.014339e-07 ; dt = 11165.9; nmult =    713
inout (power) : iter =    698 ; odelta = 3.965315e-07 ; dt = 11181.9; nmult =    714
inout (power) : iter =    699 ; odelta = 3.916901e-07 ; dt = 11197.5; nmult =    715
inout (power) : iter =    700 ; odelta = 3.869089e-07 ; dt = 11213.3; nmult =    716
inout (power) : iter =    701 ; odelta = 3.821873e-07 ; dt = 11228.7; nmult =    717
inout (power) : iter =    702 ; odelta = 3.775243e-07 ; dt = 11244.4; nmult =    718
inout (power) : iter =    703 ; odelta = 3.729191e-07 ; dt = 11259.8; nmult =    719
inout (power) : iter =    704 ; odelta = 3.683710e-07 ; dt = 11275.6; nmult =    720
inout (power) : iter =    705 ; odelta = 3.638791e-07 ; dt = 11291.0; nmult =    721
inout (power) : iter =    706 ; odelta = 3.594429e-07 ; dt = 11306.8; nmult =    722
inout (power) : iter =    707 ; odelta = 3.550616e-07 ; dt = 11322.3; nmult =    723
inout (power) : iter =    708 ; odelta = 3.507345e-07 ; dt = 11338.1; nmult =    724
inout (power) : iter =    709 ; odelta = 3.464610e-07 ; dt = 11353.4; nmult =    725
inout (power) : iter =    710 ; odelta = 3.422405e-07 ; dt = 11369.2; nmult =    726
inout (power) : iter =    711 ; odelta = 3.380722e-07 ; dt = 11384.5; nmult =    727
inout (power) : iter =    712 ; odelta = 3.339555e-07 ; dt = 11400.2; nmult =    728
inout (power) : iter =    713 ; odelta = 3.298897e-07 ; dt = 11415.7; nmult =    729
inout (power) : iter =    714 ; odelta = 3.258742e-07 ; dt = 11431.5; nmult =    730
inout (power) : iter =    715 ; odelta = 3.219083e-07 ; dt = 11446.8; nmult =    731
inout (power) : iter =    716 ; odelta = 3.179914e-07 ; dt = 11462.7; nmult =    732
inout (power) : iter =    717 ; odelta = 3.141228e-07 ; dt = 11478.1; nmult =    733
inout (power) : iter =    718 ; odelta = 3.103020e-07 ; dt = 11493.9; nmult =    734
inout (power) : iter =    719 ; odelta = 3.065284e-07 ; dt = 11509.3; nmult =    735
inout (power) : iter =    720 ; odelta = 3.028013e-07 ; dt = 11525.0; nmult =    736
inout (power) : iter =    721 ; odelta = 2.991203e-07 ; dt = 11540.6; nmult =    737
inout (power) : iter =    722 ; odelta = 2.954849e-07 ; dt = 11556.4; nmult =    738
inout (power) : iter =    723 ; odelta = 2.918943e-07 ; dt = 11571.8; nmult =    739
inout (power) : iter =    724 ; odelta = 2.883480e-07 ; dt = 11587.6; nmult =    740
inout (power) : iter =    725 ; odelta = 2.848454e-07 ; dt = 11603.1; nmult =    741
inout (power) : iter =    726 ; odelta = 2.813860e-07 ; dt = 11619.0; nmult =    742
inout (power) : iter =    727 ; odelta = 2.779693e-07 ; dt = 11634.4; nmult =    743
inout (power) : iter =    728 ; odelta = 2.745947e-07 ; dt = 11650.2; nmult =    744
inout (power) : iter =    729 ; odelta = 2.712617e-07 ; dt = 11665.6; nmult =    745
inout (power) : iter =    730 ; odelta = 2.679698e-07 ; dt = 11681.4; nmult =    746
inout (power) : iter =    731 ; odelta = 2.647185e-07 ; dt = 11696.8; nmult =    747
inout (power) : iter =    732 ; odelta = 2.615073e-07 ; dt = 11712.6; nmult =    748
inout (power) : iter =    733 ; odelta = 2.583358e-07 ; dt = 11728.0; nmult =    749
inout (power) : iter =    734 ; odelta = 2.552034e-07 ; dt = 11743.8; nmult =    750
inout (power) : iter =    735 ; odelta = 2.521099e-07 ; dt = 11759.3; nmult =    751
inout (power) : iter =    736 ; odelta = 2.490555e-07 ; dt = 11775.0; nmult =    752
inout (power) : iter =    737 ; odelta = 2.460399e-07 ; dt = 11790.4; nmult =    753
inout (power) : iter =    738 ; odelta = 2.430622e-07 ; dt = 11806.2; nmult =    754
inout (power) : iter =    739 ; odelta = 2.401213e-07 ; dt = 11821.7; nmult =    755
inout (power) : iter =    740 ; odelta = 2.372167e-07 ; dt = 11837.5; nmult =    756
inout (power) : iter =    741 ; odelta = 2.343477e-07 ; dt = 11852.9; nmult =    757
inout (power) : iter =    742 ; odelta = 2.315139e-07 ; dt = 11868.7; nmult =    758
inout (power) : iter =    743 ; odelta = 2.287149e-07 ; dt = 11884.2; nmult =    759
inout (power) : iter =    744 ; odelta = 2.259503e-07 ; dt = 11900.2; nmult =    760
inout (power) : iter =    745 ; odelta = 2.232195e-07 ; dt = 11916.0; nmult =    761
inout (power) : iter =    746 ; odelta = 2.205223e-07 ; dt = 11931.8; nmult =    762
inout (power) : iter =    747 ; odelta = 2.178582e-07 ; dt = 11947.2; nmult =    763
inout (power) : iter =    748 ; odelta = 2.152268e-07 ; dt = 11963.0; nmult =    764
inout (power) : iter =    749 ; odelta = 2.126276e-07 ; dt = 11978.4; nmult =    765
inout (power) : iter =    750 ; odelta = 2.100604e-07 ; dt = 11994.2; nmult =    766
inout (power) : iter =    751 ; odelta = 2.075247e-07 ; dt = 12009.6; nmult =    767
inout (power) : iter =    752 ; odelta = 2.050201e-07 ; dt = 12025.3; nmult =    768
inout (power) : iter =    753 ; odelta = 2.025462e-07 ; dt = 12040.8; nmult =    769
inout (power) : iter =    754 ; odelta = 2.001025e-07 ; dt = 12056.4; nmult =    770
inout (power) : iter =    755 ; odelta = 1.976887e-07 ; dt = 12071.9; nmult =    771
inout (power) : iter =    756 ; odelta = 1.953045e-07 ; dt = 12087.7; nmult =    772
inout (power) : iter =    757 ; odelta = 1.929494e-07 ; dt = 12103.1; nmult =    773
inout (power) : iter =    758 ; odelta = 1.906232e-07 ; dt = 12118.9; nmult =    774
inout (power) : iter =    759 ; odelta = 1.883255e-07 ; dt = 12134.5; nmult =    775
inout (power) : iter =    760 ; odelta = 1.860558e-07 ; dt = 12150.2; nmult =    776
inout (power) : iter =    761 ; odelta = 1.838139e-07 ; dt = 12165.7; nmult =    777
inout (power) : iter =    762 ; odelta = 1.815994e-07 ; dt = 12181.5; nmult =    778
inout (power) : iter =    763 ; odelta = 1.794119e-07 ; dt = 12196.9; nmult =    779
inout (power) : iter =    764 ; odelta = 1.772512e-07 ; dt = 12212.7; nmult =    780
inout (power) : iter =    765 ; odelta = 1.751169e-07 ; dt = 12228.2; nmult =    781
inout (power) : iter =    766 ; odelta = 1.730087e-07 ; dt = 12244.0; nmult =    782
inout (power) : iter =    767 ; odelta = 1.709262e-07 ; dt = 12259.4; nmult =    783
inout (power) : iter =    768 ; odelta = 1.688691e-07 ; dt = 12275.2; nmult =    784
inout (power) : iter =    769 ; odelta = 1.668372e-07 ; dt = 12290.6; nmult =    785
inout (power) : iter =    770 ; odelta = 1.648301e-07 ; dt = 12306.2; nmult =    786
inout (power) : iter =    771 ; odelta = 1.628476e-07 ; dt = 12321.7; nmult =    787
inout (power) : iter =    772 ; odelta = 1.608892e-07 ; dt = 12337.3; nmult =    788
inout (power) : iter =    773 ; odelta = 1.589547e-07 ; dt = 12352.7; nmult =    789
inout (power) : iter =    774 ; odelta = 1.570438e-07 ; dt = 12368.5; nmult =    790
inout (power) : iter =    775 ; odelta = 1.551563e-07 ; dt = 12383.9; nmult =    791
inout (power) : iter =    776 ; odelta = 1.532921e-07 ; dt = 12399.7; nmult =    792
inout (power) : iter =    777 ; odelta = 1.514507e-07 ; dt = 12415.1; nmult =    793
inout (power) : iter =    778 ; odelta = 1.496317e-07 ; dt = 12430.9; nmult =    794
inout (power) : iter =    779 ; odelta = 1.478350e-07 ; dt = 12446.2; nmult =    795
inout (power) : iter =    780 ; odelta = 1.460601e-07 ; dt = 12462.1; nmult =    796
inout (power) : iter =    781 ; odelta = 1.443068e-07 ; dt = 12477.4; nmult =    797
inout (power) : iter =    782 ; odelta = 1.425750e-07 ; dt = 12493.2; nmult =    798
inout (power) : iter =    783 ; odelta = 1.408642e-07 ; dt = 12508.7; nmult =    799
inout (power) : iter =    784 ; odelta = 1.391742e-07 ; dt = 12524.4; nmult =    800
inout (power) : iter =    785 ; odelta = 1.375048e-07 ; dt = 12539.9; nmult =    801
inout (power) : iter =    786 ; odelta = 1.358557e-07 ; dt = 12555.7; nmult =    802
inout (power) : iter =    787 ; odelta = 1.342266e-07 ; dt = 12571.1; nmult =    803
inout (power) : iter =    788 ; odelta = 1.326173e-07 ; dt = 12586.9; nmult =    804
inout (power) : iter =    789 ; odelta = 1.310276e-07 ; dt = 12602.2; nmult =    805
inout (power) : iter =    790 ; odelta = 1.294572e-07 ; dt = 12618.0; nmult =    806
inout (power) : iter =    791 ; odelta = 1.279059e-07 ; dt = 12633.5; nmult =    807
inout (power) : iter =    792 ; odelta = 1.263735e-07 ; dt = 12649.3; nmult =    808
inout (power) : iter =    793 ; odelta = 1.248596e-07 ; dt = 12664.8; nmult =    809
inout (power) : iter =    794 ; odelta = 1.233642e-07 ; dt = 12680.6; nmult =    810
inout (power) : iter =    795 ; odelta = 1.218870e-07 ; dt = 12696.0; nmult =    811
inout (power) : iter =    796 ; odelta = 1.204276e-07 ; dt = 12711.7; nmult =    812
inout (power) : iter =    797 ; odelta = 1.189860e-07 ; dt = 12727.1; nmult =    813
inout (power) : iter =    798 ; odelta = 1.175619e-07 ; dt = 12742.9; nmult =    814
inout (power) : iter =    799 ; odelta = 1.161550e-07 ; dt = 12758.4; nmult =    815
inout (power) : iter =    800 ; odelta = 1.147653e-07 ; dt = 12774.2; nmult =    816
inout (power) : iter =    801 ; odelta = 1.133923e-07 ; dt = 12789.6; nmult =    817
inout (power) : iter =    802 ; odelta = 1.120360e-07 ; dt = 12805.3; nmult =    818
inout (power) : iter =    803 ; odelta = 1.106963e-07 ; dt = 12820.7; nmult =    819
inout (power) : iter =    804 ; odelta = 1.093729e-07 ; dt = 12836.6; nmult =    820
inout (power) : iter =    805 ; odelta = 1.080656e-07 ; dt = 12852.0; nmult =    821
inout (power) : iter =    806 ; odelta = 1.067743e-07 ; dt = 12867.8; nmult =    822
inout (power) : iter =    807 ; odelta = 1.054986e-07 ; dt = 12883.2; nmult =    823
inout (power) : iter =    808 ; odelta = 1.042383e-07 ; dt = 12899.1; nmult =    824
inout (power) : iter =    809 ; odelta = 1.029934e-07 ; dt = 12914.5; nmult =    825
inout (power) : iter =    810 ; odelta = 1.017636e-07 ; dt = 12930.3; nmult =    826
inout (power) : iter =    811 ; odelta = 1.005488e-07 ; dt = 12945.6; nmult =    827
inout (power) : iter =    812 ; odelta = 9.934874e-08 ; dt = 12961.2; nmult =    828
inout(b=0.5000,it=1.000000e-02) : solved pagerank(a=0.9900) in   828 mults to 1.000000e-07 tol
output norm: 1.0000000000000002e+00
