Parameters: 
   graphfile = /var/tmp/dgleich/data/sk-2005-trans
      output = none
         alg = power
       alpha = 0.99
         tol = 1e-07
       maxit = 10000

nodes = 50636154
edges = 1949412601
power : iter =      1 ; delta = 1.322439e+00 ; dt =    10.5 sec
power : iter =      2 ; delta = 5.760001e-01 ; dt =    20.8 sec
power : iter =      3 ; delta = 2.705331e-01 ; dt =    31.4 sec
power : iter =      4 ; delta = 1.531307e-01 ; dt =    41.8 sec
power : iter =      5 ; delta = 1.031865e-01 ; dt =    52.4 sec
power : iter =      6 ; delta = 7.826971e-02 ; dt =    62.8 sec
power : iter =      7 ; delta = 6.361939e-02 ; dt =    73.4 sec
power : iter =      8 ; delta = 5.403497e-02 ; dt =    83.8 sec
power : iter =      9 ; delta = 4.676483e-02 ; dt =    94.3 sec
power : iter =     10 ; delta = 4.132240e-02 ; dt =   104.7 sec
power : iter =     11 ; delta = 3.709635e-02 ; dt =   115.1 sec
power : iter =     12 ; delta = 3.362423e-02 ; dt =   125.6 sec
power : iter =     13 ; delta = 3.080497e-02 ; dt =   136.1 sec
power : iter =     14 ; delta = 2.840292e-02 ; dt =   146.5 sec
power : iter =     15 ; delta = 2.630883e-02 ; dt =   157.0 sec
power : iter =     16 ; delta = 2.451416e-02 ; dt =   167.4 sec
power : iter =     17 ; delta = 2.284630e-02 ; dt =   177.9 sec
power : iter =     18 ; delta = 2.146158e-02 ; dt =   188.3 sec
power : iter =     19 ; delta = 2.016039e-02 ; dt =   198.8 sec
power : iter =     20 ; delta = 1.904441e-02 ; dt =   209.3 sec
power : iter =     21 ; delta = 1.803696e-02 ; dt =   219.7 sec
power : iter =     22 ; delta = 1.710268e-02 ; dt =   230.1 sec
power : iter =     23 ; delta = 1.626762e-02 ; dt =   240.6 sec
power : iter =     24 ; delta = 1.551760e-02 ; dt =   251.1 sec
power : iter =     25 ; delta = 1.481953e-02 ; dt =   261.6 sec
power : iter =     26 ; delta = 1.418252e-02 ; dt =   271.9 sec
power : iter =     27 ; delta = 1.359180e-02 ; dt =   282.5 sec
power : iter =     28 ; delta = 1.303538e-02 ; dt =   292.9 sec
power : iter =     29 ; delta = 1.251704e-02 ; dt =   303.4 sec
power : iter =     30 ; delta = 1.203110e-02 ; dt =   313.9 sec
power : iter =     31 ; delta = 1.157260e-02 ; dt =   324.3 sec
power : iter =     32 ; delta = 1.115020e-02 ; dt =   334.7 sec
power : iter =     33 ; delta = 1.073805e-02 ; dt =   345.3 sec
power : iter =     34 ; delta = 1.035850e-02 ; dt =   355.7 sec
power : iter =     35 ; delta = 9.992945e-03 ; dt =   366.2 sec
power : iter =     36 ; delta = 9.648600e-03 ; dt =   376.6 sec
power : iter =     37 ; delta = 9.328202e-03 ; dt =   387.1 sec
power : iter =     38 ; delta = 9.012098e-03 ; dt =   397.5 sec
power : iter =     39 ; delta = 8.721416e-03 ; dt =   408.1 sec
power : iter =     40 ; delta = 8.443797e-03 ; dt =   418.5 sec
power : iter =     41 ; delta = 8.180077e-03 ; dt =   429.0 sec
power : iter =     42 ; delta = 7.938661e-03 ; dt =   439.4 sec
power : iter =     43 ; delta = 7.703879e-03 ; dt =   449.9 sec
power : iter =     44 ; delta = 7.484966e-03 ; dt =   460.3 sec
power : iter =     45 ; delta = 7.275567e-03 ; dt =   470.7 sec
power : iter =     46 ; delta = 7.076336e-03 ; dt =   481.2 sec
power : iter =     47 ; delta = 6.888742e-03 ; dt =   491.7 sec
power : iter =     48 ; delta = 6.709312e-03 ; dt =   502.1 sec
power : iter =     49 ; delta = 6.537232e-03 ; dt =   512.6 sec
power : iter =     50 ; delta = 6.379073e-03 ; dt =   523.0 sec
power : iter =     51 ; delta = 6.226944e-03 ; dt =   533.5 sec
power : iter =     52 ; delta = 6.086875e-03 ; dt =   543.9 sec
power : iter =     53 ; delta = 5.950123e-03 ; dt =   554.4 sec
power : iter =     54 ; delta = 5.816861e-03 ; dt =   564.8 sec
power : iter =     55 ; delta = 5.688688e-03 ; dt =   575.4 sec
power : iter =     56 ; delta = 5.563255e-03 ; dt =   585.9 sec
power : iter =     57 ; delta = 5.443537e-03 ; dt =   596.4 sec
power : iter =     58 ; delta = 5.327539e-03 ; dt =   606.7 sec
power : iter =     59 ; delta = 5.212765e-03 ; dt =   617.2 sec
power : iter =     60 ; delta = 5.103781e-03 ; dt =   627.6 sec
power : iter =     61 ; delta = 4.996547e-03 ; dt =   638.1 sec
power : iter =     62 ; delta = 4.895310e-03 ; dt =   648.4 sec
power : iter =     63 ; delta = 4.795782e-03 ; dt =   659.0 sec
power : iter =     64 ; delta = 4.699811e-03 ; dt =   669.4 sec
power : iter =     65 ; delta = 4.605372e-03 ; dt =   679.9 sec
power : iter =     66 ; delta = 4.513817e-03 ; dt =   690.4 sec
power : iter =     67 ; delta = 4.424696e-03 ; dt =   701.0 sec
power : iter =     68 ; delta = 4.338205e-03 ; dt =   711.4 sec
power : iter =     69 ; delta = 4.253768e-03 ; dt =   721.9 sec
power : iter =     70 ; delta = 4.170904e-03 ; dt =   732.4 sec
power : iter =     71 ; delta = 4.090342e-03 ; dt =   742.8 sec
power : iter =     72 ; delta = 4.012109e-03 ; dt =   753.3 sec
power : iter =     73 ; delta = 3.935472e-03 ; dt =   763.8 sec
power : iter =     74 ; delta = 3.861580e-03 ; dt =   774.2 sec
power : iter =     75 ; delta = 3.788626e-03 ; dt =   784.8 sec
power : iter =     76 ; delta = 3.717832e-03 ; dt =   795.2 sec
power : iter =     77 ; delta = 3.648558e-03 ; dt =   805.6 sec
power : iter =     78 ; delta = 3.581124e-03 ; dt =   816.1 sec
power : iter =     79 ; delta = 3.514854e-03 ; dt =   826.6 sec
power : iter =     80 ; delta = 3.450427e-03 ; dt =   837.0 sec
power : iter =     81 ; delta = 3.387072e-03 ; dt =   847.6 sec
power : iter =     82 ; delta = 3.325660e-03 ; dt =   858.0 sec
power : iter =     83 ; delta = 3.265519e-03 ; dt =   868.6 sec
power : iter =     84 ; delta = 3.206949e-03 ; dt =   879.0 sec
power : iter =     85 ; delta = 3.149520e-03 ; dt =   889.4 sec
power : iter =     86 ; delta = 3.093727e-03 ; dt =   899.8 sec
power : iter =     87 ; delta = 3.038823e-03 ; dt =   910.3 sec
power : iter =     88 ; delta = 2.985351e-03 ; dt =   920.8 sec
power : iter =     89 ; delta = 2.932809e-03 ; dt =   931.4 sec
power : iter =     90 ; delta = 2.881561e-03 ; dt =   941.7 sec
power : iter =     91 ; delta = 2.831133e-03 ; dt =   952.2 sec
power : iter =     92 ; delta = 2.782015e-03 ; dt =   962.6 sec
power : iter =     93 ; delta = 2.733625e-03 ; dt =   973.0 sec
power : iter =     94 ; delta = 2.686451e-03 ; dt =   983.4 sec
power : iter =     95 ; delta = 2.640067e-03 ; dt =   994.0 sec
power : iter =     96 ; delta = 2.594803e-03 ; dt =  1004.4 sec
power : iter =     97 ; delta = 2.550209e-03 ; dt =  1015.0 sec
power : iter =     98 ; delta = 2.506748e-03 ; dt =  1025.5 sec
power : iter =     99 ; delta = 2.463889e-03 ; dt =  1036.0 sec
power : iter =    100 ; delta = 2.422070e-03 ; dt =  1046.4 sec
power : iter =    101 ; delta = 2.380922e-03 ; dt =  1056.9 sec
power : iter =    102 ; delta = 2.340728e-03 ; dt =  1067.3 sec
power : iter =    103 ; delta = 2.301169e-03 ; dt =  1077.8 sec
power : iter =    104 ; delta = 2.262619e-03 ; dt =  1088.2 sec
power : iter =    105 ; delta = 2.224607e-03 ; dt =  1098.7 sec
power : iter =    106 ; delta = 2.187486e-03 ; dt =  1109.1 sec
power : iter =    107 ; delta = 2.150970e-03 ; dt =  1119.7 sec
power : iter =    108 ; delta = 2.115256e-03 ; dt =  1130.1 sec
power : iter =    109 ; delta = 2.080060e-03 ; dt =  1140.6 sec
power : iter =    110 ; delta = 2.045713e-03 ; dt =  1151.0 sec
power : iter =    111 ; delta = 2.011830e-03 ; dt =  1161.5 sec
power : iter =    112 ; delta = 1.978712e-03 ; dt =  1171.9 sec
power : iter =    113 ; delta = 1.946115e-03 ; dt =  1182.5 sec
power : iter =    114 ; delta = 1.914230e-03 ; dt =  1192.9 sec
power : iter =    115 ; delta = 1.882807e-03 ; dt =  1203.4 sec
power : iter =    116 ; delta = 1.852176e-03 ; dt =  1213.9 sec
power : iter =    117 ; delta = 1.822038e-03 ; dt =  1224.3 sec
power : iter =    118 ; delta = 1.792603e-03 ; dt =  1234.7 sec
power : iter =    119 ; delta = 1.763640e-03 ; dt =  1245.3 sec
power : iter =    120 ; delta = 1.735302e-03 ; dt =  1255.8 sec
power : iter =    121 ; delta = 1.707347e-03 ; dt =  1266.4 sec
power : iter =    122 ; delta = 1.680040e-03 ; dt =  1276.7 sec
power : iter =    123 ; delta = 1.653092e-03 ; dt =  1287.3 sec
power : iter =    124 ; delta = 1.626720e-03 ; dt =  1297.8 sec
power : iter =    125 ; delta = 1.600797e-03 ; dt =  1308.3 sec
power : iter =    126 ; delta = 1.575444e-03 ; dt =  1318.8 sec
power : iter =    127 ; delta = 1.550434e-03 ; dt =  1329.2 sec
power : iter =    128 ; delta = 1.526014e-03 ; dt =  1339.7 sec
power : iter =    129 ; delta = 1.501924e-03 ; dt =  1350.2 sec
power : iter =    130 ; delta = 1.478359e-03 ; dt =  1360.6 sec
power : iter =    131 ; delta = 1.455206e-03 ; dt =  1371.2 sec
power : iter =    132 ; delta = 1.432551e-03 ; dt =  1381.5 sec
power : iter =    133 ; delta = 1.410187e-03 ; dt =  1392.0 sec
power : iter =    134 ; delta = 1.388330e-03 ; dt =  1402.4 sec
power : iter =    135 ; delta = 1.366769e-03 ; dt =  1412.8 sec
power : iter =    136 ; delta = 1.345654e-03 ; dt =  1423.2 sec
power : iter =    137 ; delta = 1.324883e-03 ; dt =  1433.7 sec
power : iter =    138 ; delta = 1.304532e-03 ; dt =  1444.0 sec
power : iter =    139 ; delta = 1.284452e-03 ; dt =  1454.5 sec
power : iter =    140 ; delta = 1.264814e-03 ; dt =  1464.8 sec
power : iter =    141 ; delta = 1.245430e-03 ; dt =  1475.3 sec
power : iter =    142 ; delta = 1.226428e-03 ; dt =  1485.7 sec
power : iter =    143 ; delta = 1.207713e-03 ; dt =  1496.2 sec
power : iter =    144 ; delta = 1.189359e-03 ; dt =  1506.6 sec
power : iter =    145 ; delta = 1.171244e-03 ; dt =  1517.2 sec
power : iter =    146 ; delta = 1.153516e-03 ; dt =  1527.6 sec
power : iter =    147 ; delta = 1.136018e-03 ; dt =  1538.0 sec
power : iter =    148 ; delta = 1.118844e-03 ; dt =  1548.4 sec
power : iter =    149 ; delta = 1.101926e-03 ; dt =  1558.9 sec
power : iter =    150 ; delta = 1.085336e-03 ; dt =  1569.3 sec
power : iter =    151 ; delta = 1.068957e-03 ; dt =  1579.8 sec
power : iter =    152 ; delta = 1.052924e-03 ; dt =  1590.2 sec
power : iter =    153 ; delta = 1.037112e-03 ; dt =  1600.6 sec
power : iter =    154 ; delta = 1.021583e-03 ; dt =  1611.1 sec
power : iter =    155 ; delta = 1.006295e-03 ; dt =  1621.6 sec
power : iter =    156 ; delta = 9.913077e-04 ; dt =  1631.9 sec
power : iter =    157 ; delta = 9.765066e-04 ; dt =  1642.4 sec
power : iter =    158 ; delta = 9.620151e-04 ; dt =  1652.8 sec
power : iter =    159 ; delta = 9.477273e-04 ; dt =  1663.3 sec
power : iter =    160 ; delta = 9.336899e-04 ; dt =  1673.9 sec
power : iter =    161 ; delta = 9.198742e-04 ; dt =  1684.3 sec
power : iter =    162 ; delta = 9.063204e-04 ; dt =  1694.7 sec
power : iter =    163 ; delta = 8.929426e-04 ; dt =  1705.1 sec
power : iter =    164 ; delta = 8.798471e-04 ; dt =  1715.5 sec
power : iter =    165 ; delta = 8.669368e-04 ; dt =  1726.0 sec
power : iter =    166 ; delta = 8.542514e-04 ; dt =  1736.4 sec
power : iter =    167 ; delta = 8.417706e-04 ; dt =  1746.8 sec
power : iter =    168 ; delta = 8.295356e-04 ; dt =  1757.1 sec
power : iter =    169 ; delta = 8.174493e-04 ; dt =  1767.6 sec
power : iter =    170 ; delta = 8.056049e-04 ; dt =  1778.0 sec
power : iter =    171 ; delta = 7.939396e-04 ; dt =  1788.4 sec
power : iter =    172 ; delta = 7.824779e-04 ; dt =  1798.8 sec
power : iter =    173 ; delta = 7.712015e-04 ; dt =  1809.3 sec
power : iter =    174 ; delta = 7.601232e-04 ; dt =  1819.8 sec
power : iter =    175 ; delta = 7.491846e-04 ; dt =  1830.3 sec
power : iter =    176 ; delta = 7.384526e-04 ; dt =  1840.6 sec
power : iter =    177 ; delta = 7.278729e-04 ; dt =  1851.1 sec
power : iter =    178 ; delta = 7.174571e-04 ; dt =  1861.5 sec
power : iter =    179 ; delta = 7.072047e-04 ; dt =  1872.0 sec
power : iter =    180 ; delta = 6.971272e-04 ; dt =  1882.5 sec
power : iter =    181 ; delta = 6.871841e-04 ; dt =  1892.9 sec
power : iter =    182 ; delta = 6.774400e-04 ; dt =  1903.4 sec
power : iter =    183 ; delta = 6.678303e-04 ; dt =  1913.9 sec
power : iter =    184 ; delta = 6.583643e-04 ; dt =  1924.2 sec
power : iter =    185 ; delta = 6.490475e-04 ; dt =  1934.7 sec
power : iter =    186 ; delta = 6.398867e-04 ; dt =  1945.1 sec
power : iter =    187 ; delta = 6.308359e-04 ; dt =  1955.6 sec
power : iter =    188 ; delta = 6.219691e-04 ; dt =  1966.1 sec
power : iter =    189 ; delta = 6.132288e-04 ; dt =  1976.6 sec
power : iter =    190 ; delta = 6.046163e-04 ; dt =  1986.9 sec
power : iter =    191 ; delta = 5.961387e-04 ; dt =  1997.4 sec
power : iter =    192 ; delta = 5.878015e-04 ; dt =  2007.7 sec
power : iter =    193 ; delta = 5.795625e-04 ; dt =  2018.2 sec
power : iter =    194 ; delta = 5.714767e-04 ; dt =  2028.7 sec
power : iter =    195 ; delta = 5.635009e-04 ; dt =  2039.2 sec
power : iter =    196 ; delta = 5.556421e-04 ; dt =  2049.6 sec
power : iter =    197 ; delta = 5.479040e-04 ; dt =  2060.0 sec
power : iter =    198 ; delta = 5.402934e-04 ; dt =  2070.5 sec
power : iter =    199 ; delta = 5.327692e-04 ; dt =  2081.0 sec
power : iter =    200 ; delta = 5.253873e-04 ; dt =  2091.4 sec
power : iter =    201 ; delta = 5.181063e-04 ; dt =  2101.9 sec
power : iter =    202 ; delta = 5.109314e-04 ; dt =  2112.3 sec
power : iter =    203 ; delta = 5.038674e-04 ; dt =  2122.9 sec
power : iter =    204 ; delta = 4.969232e-04 ; dt =  2133.3 sec
power : iter =    205 ; delta = 4.900571e-04 ; dt =  2143.7 sec
power : iter =    206 ; delta = 4.833180e-04 ; dt =  2154.1 sec
power : iter =    207 ; delta = 4.766700e-04 ; dt =  2164.6 sec
power : iter =    208 ; delta = 4.701163e-04 ; dt =  2175.0 sec
power : iter =    209 ; delta = 4.636630e-04 ; dt =  2185.6 sec
power : iter =    210 ; delta = 4.573155e-04 ; dt =  2196.0 sec
power : iter =    211 ; delta = 4.510398e-04 ; dt =  2206.5 sec
power : iter =    212 ; delta = 4.448807e-04 ; dt =  2217.0 sec
power : iter =    213 ; delta = 4.388036e-04 ; dt =  2227.5 sec
power : iter =    214 ; delta = 4.328108e-04 ; dt =  2237.9 sec
power : iter =    215 ; delta = 4.269098e-04 ; dt =  2248.4 sec
power : iter =    216 ; delta = 4.211035e-04 ; dt =  2258.8 sec
power : iter =    217 ; delta = 4.153614e-04 ; dt =  2269.4 sec
power : iter =    218 ; delta = 4.097235e-04 ; dt =  2279.9 sec
power : iter =    219 ; delta = 4.041600e-04 ; dt =  2290.4 sec
power : iter =    220 ; delta = 3.986724e-04 ; dt =  2300.8 sec
power : iter =    221 ; delta = 3.932696e-04 ; dt =  2311.2 sec
power : iter =    222 ; delta = 3.879524e-04 ; dt =  2321.7 sec
power : iter =    223 ; delta = 3.826937e-04 ; dt =  2332.1 sec
power : iter =    224 ; delta = 3.775297e-04 ; dt =  2342.5 sec
power : iter =    225 ; delta = 3.724337e-04 ; dt =  2353.0 sec
power : iter =    226 ; delta = 3.674064e-04 ; dt =  2363.5 sec
power : iter =    227 ; delta = 3.624562e-04 ; dt =  2373.9 sec
power : iter =    228 ; delta = 3.575842e-04 ; dt =  2384.3 sec
power : iter =    229 ; delta = 3.527657e-04 ; dt =  2394.7 sec
power : iter =    230 ; delta = 3.480342e-04 ; dt =  2405.4 sec
power : iter =    231 ; delta = 3.433648e-04 ; dt =  2415.9 sec
power : iter =    232 ; delta = 3.387576e-04 ; dt =  2426.4 sec
power : iter =    233 ; delta = 3.342209e-04 ; dt =  2436.8 sec
power : iter =    234 ; delta = 3.297547e-04 ; dt =  2447.3 sec
power : iter =    235 ; delta = 3.253370e-04 ; dt =  2457.7 sec
power : iter =    236 ; delta = 3.209977e-04 ; dt =  2468.2 sec
power : iter =    237 ; delta = 3.167153e-04 ; dt =  2478.7 sec
power : iter =    238 ; delta = 3.124890e-04 ; dt =  2489.1 sec
power : iter =    239 ; delta = 3.083285e-04 ; dt =  2499.5 sec
power : iter =    240 ; delta = 3.042320e-04 ; dt =  2510.0 sec
power : iter =    241 ; delta = 3.001789e-04 ; dt =  2520.5 sec
power : iter =    242 ; delta = 2.961973e-04 ; dt =  2530.9 sec
power : iter =    243 ; delta = 2.922675e-04 ; dt =  2541.8 sec
power : iter =    244 ; delta = 2.883887e-04 ; dt =  2553.0 sec
power : iter =    245 ; delta = 2.845697e-04 ; dt =  2563.6 sec
power : iter =    246 ; delta = 2.808096e-04 ; dt =  2574.0 sec
power : iter =    247 ; delta = 2.770902e-04 ; dt =  2584.4 sec
power : iter =    248 ; delta = 2.734359e-04 ; dt =  2594.8 sec
power : iter =    249 ; delta = 2.698292e-04 ; dt =  2605.3 sec
power : iter =    250 ; delta = 2.662683e-04 ; dt =  2615.8 sec
power : iter =    251 ; delta = 2.627618e-04 ; dt =  2626.3 sec
power : iter =    252 ; delta = 2.593082e-04 ; dt =  2636.7 sec
power : iter =    253 ; delta = 2.558906e-04 ; dt =  2647.2 sec
power : iter =    254 ; delta = 2.525325e-04 ; dt =  2657.6 sec
power : iter =    255 ; delta = 2.492181e-04 ; dt =  2668.1 sec
power : iter =    256 ; delta = 2.459453e-04 ; dt =  2678.5 sec
power : iter =    257 ; delta = 2.427225e-04 ; dt =  2689.0 sec
power : iter =    258 ; delta = 2.395481e-04 ; dt =  2699.5 sec
power : iter =    259 ; delta = 2.364067e-04 ; dt =  2709.9 sec
power : iter =    260 ; delta = 2.333198e-04 ; dt =  2720.4 sec
power : iter =    261 ; delta = 2.302734e-04 ; dt =  2730.9 sec
power : iter =    262 ; delta = 2.272647e-04 ; dt =  2741.3 sec
power : iter =    263 ; delta = 2.243026e-04 ; dt =  2751.7 sec
power : iter =    264 ; delta = 2.213849e-04 ; dt =  2762.2 sec
power : iter =    265 ; delta = 2.184973e-04 ; dt =  2772.7 sec
power : iter =    266 ; delta = 2.156595e-04 ; dt =  2783.1 sec
power : iter =    267 ; delta = 2.128584e-04 ; dt =  2793.6 sec
power : iter =    268 ; delta = 2.100923e-04 ; dt =  2804.1 sec
power : iter =    269 ; delta = 2.073689e-04 ; dt =  2814.6 sec
power : iter =    270 ; delta = 2.046874e-04 ; dt =  2825.1 sec
power : iter =    271 ; delta = 2.020353e-04 ; dt =  2835.7 sec
power : iter =    272 ; delta = 1.994295e-04 ; dt =  2846.1 sec
power : iter =    273 ; delta = 1.968577e-04 ; dt =  2856.6 sec
power : iter =    274 ; delta = 1.943166e-04 ; dt =  2867.0 sec
power : iter =    275 ; delta = 1.918146e-04 ; dt =  2877.6 sec
power : iter =    276 ; delta = 1.893494e-04 ; dt =  2888.0 sec
power : iter =    277 ; delta = 1.869091e-04 ; dt =  2898.4 sec
power : iter =    278 ; delta = 1.845104e-04 ; dt =  2908.9 sec
power : iter =    279 ; delta = 1.821427e-04 ; dt =  2919.3 sec
power : iter =    280 ; delta = 1.798030e-04 ; dt =  2929.8 sec
power : iter =    281 ; delta = 1.774997e-04 ; dt =  2940.4 sec
power : iter =    282 ; delta = 1.752299e-04 ; dt =  2950.8 sec
power : iter =    283 ; delta = 1.729829e-04 ; dt =  2961.3 sec
power : iter =    284 ; delta = 1.707741e-04 ; dt =  2971.7 sec
power : iter =    285 ; delta = 1.685943e-04 ; dt =  2982.2 sec
power : iter =    286 ; delta = 1.664407e-04 ; dt =  2992.7 sec
power : iter =    287 ; delta = 1.643211e-04 ; dt =  3003.1 sec
power : iter =    288 ; delta = 1.622322e-04 ; dt =  3013.5 sec
power : iter =    289 ; delta = 1.601641e-04 ; dt =  3024.0 sec
power : iter =    290 ; delta = 1.581310e-04 ; dt =  3034.4 sec
power : iter =    291 ; delta = 1.561243e-04 ; dt =  3045.2 sec
power : iter =    292 ; delta = 1.541400e-04 ; dt =  3055.6 sec
power : iter =    293 ; delta = 1.521868e-04 ; dt =  3066.2 sec
power : iter =    294 ; delta = 1.502612e-04 ; dt =  3076.6 sec
power : iter =    295 ; delta = 1.483549e-04 ; dt =  3087.1 sec
power : iter =    296 ; delta = 1.464816e-04 ; dt =  3097.6 sec
power : iter =    297 ; delta = 1.446354e-04 ; dt =  3108.1 sec
power : iter =    298 ; delta = 1.428113e-04 ; dt =  3118.5 sec
power : iter =    299 ; delta = 1.410163e-04 ; dt =  3129.0 sec
power : iter =    300 ; delta = 1.392468e-04 ; dt =  3139.3 sec
power : iter =    301 ; delta = 1.374949e-04 ; dt =  3149.7 sec
power : iter =    302 ; delta = 1.357719e-04 ; dt =  3160.2 sec
power : iter =    303 ; delta = 1.340711e-04 ; dt =  3170.7 sec
power : iter =    304 ; delta = 1.323888e-04 ; dt =  3181.1 sec
power : iter =    305 ; delta = 1.307331e-04 ; dt =  3191.6 sec
power : iter =    306 ; delta = 1.291010e-04 ; dt =  3202.1 sec
power : iter =    307 ; delta = 1.274848e-04 ; dt =  3212.5 sec
power : iter =    308 ; delta = 1.258956e-04 ; dt =  3223.0 sec
power : iter =    309 ; delta = 1.243268e-04 ; dt =  3233.5 sec
power : iter =    310 ; delta = 1.227750e-04 ; dt =  3243.9 sec
power : iter =    311 ; delta = 1.212471e-04 ; dt =  3254.5 sec
power : iter =    312 ; delta = 1.197404e-04 ; dt =  3264.8 sec
power : iter =    313 ; delta = 1.182485e-04 ; dt =  3275.3 sec
power : iter =    314 ; delta = 1.167813e-04 ; dt =  3285.7 sec
power : iter =    315 ; delta = 1.153326e-04 ; dt =  3296.2 sec
power : iter =    316 ; delta = 1.138993e-04 ; dt =  3306.6 sec
power : iter =    317 ; delta = 1.124880e-04 ; dt =  3317.1 sec
power : iter =    318 ; delta = 1.110959e-04 ; dt =  3327.5 sec
power : iter =    319 ; delta = 1.097172e-04 ; dt =  3338.0 sec
power : iter =    320 ; delta = 1.083613e-04 ; dt =  3348.4 sec
power : iter =    321 ; delta = 1.070226e-04 ; dt =  3358.9 sec
power : iter =    322 ; delta = 1.056980e-04 ; dt =  3369.3 sec
power : iter =    323 ; delta = 1.043940e-04 ; dt =  3379.8 sec
power : iter =    324 ; delta = 1.031078e-04 ; dt =  3390.3 sec
power : iter =    325 ; delta = 1.018337e-04 ; dt =  3400.7 sec
power : iter =    326 ; delta = 1.005804e-04 ; dt =  3411.2 sec
power : iter =    327 ; delta = 9.934282e-05 ; dt =  3421.6 sec
power : iter =    328 ; delta = 9.811812e-05 ; dt =  3432.1 sec
power : iter =    329 ; delta = 9.691211e-05 ; dt =  3442.6 sec
power : iter =    330 ; delta = 9.572247e-05 ; dt =  3453.1 sec
power : iter =    331 ; delta = 9.454393e-05 ; dt =  3463.6 sec
power : iter =    332 ; delta = 9.338459e-05 ; dt =  3474.0 sec
power : iter =    333 ; delta = 9.223979e-05 ; dt =  3484.5 sec
power : iter =    334 ; delta = 9.110678e-05 ; dt =  3494.9 sec
power : iter =    335 ; delta = 8.999107e-05 ; dt =  3505.3 sec
power : iter =    336 ; delta = 8.889054e-05 ; dt =  3515.7 sec
power : iter =    337 ; delta = 8.780019e-05 ; dt =  3526.2 sec
power : iter =    338 ; delta = 8.672759e-05 ; dt =  3536.6 sec
power : iter =    339 ; delta = 8.566838e-05 ; dt =  3547.1 sec
power : iter =    340 ; delta = 8.461992e-05 ; dt =  3557.5 sec
power : iter =    341 ; delta = 8.358748e-05 ; dt =  3568.0 sec
power : iter =    342 ; delta = 8.256883e-05 ; dt =  3578.4 sec
power : iter =    343 ; delta = 8.155958e-05 ; dt =  3588.9 sec
power : iter =    344 ; delta = 8.056666e-05 ; dt =  3599.3 sec
power : iter =    345 ; delta = 7.958625e-05 ; dt =  3609.8 sec
power : iter =    346 ; delta = 7.861571e-05 ; dt =  3620.3 sec
power : iter =    347 ; delta = 7.766008e-05 ; dt =  3630.7 sec
power : iter =    348 ; delta = 7.671720e-05 ; dt =  3641.1 sec
power : iter =    349 ; delta = 7.578296e-05 ; dt =  3651.6 sec
power : iter =    350 ; delta = 7.486376e-05 ; dt =  3662.1 sec
power : iter =    351 ; delta = 7.395606e-05 ; dt =  3672.5 sec
power : iter =    352 ; delta = 7.305734e-05 ; dt =  3683.0 sec
power : iter =    353 ; delta = 7.217239e-05 ; dt =  3693.4 sec
power : iter =    354 ; delta = 7.129913e-05 ; dt =  3703.8 sec
power : iter =    355 ; delta = 7.043382e-05 ; dt =  3714.4 sec
power : iter =    356 ; delta = 6.958236e-05 ; dt =  3724.8 sec
power : iter =    357 ; delta = 6.874153e-05 ; dt =  3735.4 sec
power : iter =    358 ; delta = 6.790894e-05 ; dt =  3745.8 sec
power : iter =    359 ; delta = 6.708913e-05 ; dt =  3756.2 sec
power : iter =    360 ; delta = 6.628009e-05 ; dt =  3766.6 sec
power : iter =    361 ; delta = 6.547836e-05 ; dt =  3777.0 sec
power : iter =    362 ; delta = 6.468943e-05 ; dt =  3787.5 sec
power : iter =    363 ; delta = 6.391032e-05 ; dt =  3798.1 sec
power : iter =    364 ; delta = 6.313874e-05 ; dt =  3808.5 sec
power : iter =    365 ; delta = 6.237897e-05 ; dt =  3819.0 sec
power : iter =    366 ; delta = 6.162913e-05 ; dt =  3829.5 sec
power : iter =    367 ; delta = 6.088603e-05 ; dt =  3840.0 sec
power : iter =    368 ; delta = 6.015476e-05 ; dt =  3850.3 sec
power : iter =    369 ; delta = 5.943258e-05 ; dt =  3860.9 sec
power : iter =    370 ; delta = 5.871729e-05 ; dt =  3871.3 sec
power : iter =    371 ; delta = 5.801295e-05 ; dt =  3881.9 sec
power : iter =    372 ; delta = 5.731780e-05 ; dt =  3892.3 sec
power : iter =    373 ; delta = 5.662884e-05 ; dt =  3902.8 sec
power : iter =    374 ; delta = 5.595084e-05 ; dt =  3913.2 sec
power : iter =    375 ; delta = 5.528126e-05 ; dt =  3923.7 sec
power : iter =    376 ; delta = 5.461801e-05 ; dt =  3934.1 sec
power : iter =    377 ; delta = 5.396493e-05 ; dt =  3944.6 sec
power : iter =    378 ; delta = 5.332033e-05 ; dt =  3955.1 sec
power : iter =    379 ; delta = 5.268147e-05 ; dt =  3965.5 sec
power : iter =    380 ; delta = 5.205277e-05 ; dt =  3976.0 sec
power : iter =    381 ; delta = 5.143188e-05 ; dt =  3986.5 sec
power : iter =    382 ; delta = 5.081683e-05 ; dt =  3996.9 sec
power : iter =    383 ; delta = 5.021118e-05 ; dt =  4007.4 sec
power : iter =    384 ; delta = 4.961336e-05 ; dt =  4017.8 sec
power : iter =    385 ; delta = 4.902078e-05 ; dt =  4028.2 sec
power : iter =    386 ; delta = 4.843760e-05 ; dt =  4038.7 sec
power : iter =    387 ; delta = 4.786165e-05 ; dt =  4049.1 sec
power : iter =    388 ; delta = 4.729109e-05 ; dt =  4059.6 sec
power : iter =    389 ; delta = 4.672927e-05 ; dt =  4070.1 sec
power : iter =    390 ; delta = 4.617476e-05 ; dt =  4080.5 sec
power : iter =    391 ; delta = 4.562517e-05 ; dt =  4091.0 sec
power : iter =    392 ; delta = 4.508427e-05 ; dt =  4101.5 sec
power : iter =    393 ; delta = 4.455004e-05 ; dt =  4112.0 sec
power : iter =    394 ; delta = 4.402073e-05 ; dt =  4122.4 sec
power : iter =    395 ; delta = 4.349949e-05 ; dt =  4132.9 sec
power : iter =    396 ; delta = 4.298494e-05 ; dt =  4143.4 sec
power : iter =    397 ; delta = 4.247483e-05 ; dt =  4153.9 sec
power : iter =    398 ; delta = 4.197278e-05 ; dt =  4164.4 sec
power : iter =    399 ; delta = 4.147696e-05 ; dt =  4174.9 sec
power : iter =    400 ; delta = 4.098569e-05 ; dt =  4185.3 sec
power : iter =    401 ; delta = 4.050195e-05 ; dt =  4195.8 sec
power : iter =    402 ; delta = 4.002447e-05 ; dt =  4206.3 sec
power : iter =    403 ; delta = 3.955110e-05 ; dt =  4216.8 sec
power : iter =    404 ; delta = 3.908517e-05 ; dt =  4227.1 sec
power : iter =    405 ; delta = 3.862495e-05 ; dt =  4237.7 sec
power : iter =    406 ; delta = 3.816890e-05 ; dt =  4248.1 sec
power : iter =    407 ; delta = 3.771978e-05 ; dt =  4258.6 sec
power : iter =    408 ; delta = 3.727638e-05 ; dt =  4269.0 sec
power : iter =    409 ; delta = 3.683675e-05 ; dt =  4279.5 sec
power : iter =    410 ; delta = 3.640403e-05 ; dt =  4290.0 sec
power : iter =    411 ; delta = 3.597659e-05 ; dt =  4300.5 sec
power : iter =    412 ; delta = 3.555297e-05 ; dt =  4310.9 sec
power : iter =    413 ; delta = 3.513579e-05 ; dt =  4321.4 sec
power : iter =    414 ; delta = 3.472389e-05 ; dt =  4331.8 sec
power : iter =    415 ; delta = 3.431548e-05 ; dt =  4342.4 sec
power : iter =    416 ; delta = 3.391346e-05 ; dt =  4352.8 sec
power : iter =    417 ; delta = 3.351635e-05 ; dt =  4363.3 sec
power : iter =    418 ; delta = 3.312275e-05 ; dt =  4373.7 sec
power : iter =    419 ; delta = 3.273514e-05 ; dt =  4384.3 sec
power : iter =    420 ; delta = 3.235242e-05 ; dt =  4394.6 sec
power : iter =    421 ; delta = 3.197290e-05 ; dt =  4405.1 sec
power : iter =    422 ; delta = 3.159935e-05 ; dt =  4415.5 sec
power : iter =    423 ; delta = 3.123043e-05 ; dt =  4426.0 sec
power : iter =    424 ; delta = 3.086477e-05 ; dt =  4436.4 sec
power : iter =    425 ; delta = 3.050466e-05 ; dt =  4446.9 sec
power : iter =    426 ; delta = 3.014908e-05 ; dt =  4457.3 sec
power : iter =    427 ; delta = 2.979644e-05 ; dt =  4467.8 sec
power : iter =    428 ; delta = 2.944932e-05 ; dt =  4478.2 sec
power : iter =    429 ; delta = 2.910641e-05 ; dt =  4488.7 sec
power : iter =    430 ; delta = 2.876650e-05 ; dt =  4499.2 sec
power : iter =    431 ; delta = 2.843173e-05 ; dt =  4509.7 sec
power : iter =    432 ; delta = 2.810119e-05 ; dt =  4520.1 sec
power : iter =    433 ; delta = 2.777340e-05 ; dt =  4530.6 sec
power : iter =    434 ; delta = 2.745077e-05 ; dt =  4541.0 sec
power : iter =    435 ; delta = 2.713204e-05 ; dt =  4551.5 sec
power : iter =    436 ; delta = 2.681608e-05 ; dt =  4562.0 sec
power : iter =    437 ; delta = 2.650498e-05 ; dt =  4572.5 sec
power : iter =    438 ; delta = 2.619794e-05 ; dt =  4582.9 sec
power : iter =    439 ; delta = 2.589343e-05 ; dt =  4593.3 sec
power : iter =    440 ; delta = 2.559366e-05 ; dt =  4603.8 sec
power : iter =    441 ; delta = 2.529751e-05 ; dt =  4614.2 sec
power : iter =    442 ; delta = 2.500390e-05 ; dt =  4624.6 sec
power : iter =    443 ; delta = 2.471473e-05 ; dt =  4635.0 sec
power : iter =    444 ; delta = 2.442916e-05 ; dt =  4645.4 sec
power : iter =    445 ; delta = 2.414591e-05 ; dt =  4655.8 sec
power : iter =    446 ; delta = 2.386706e-05 ; dt =  4666.3 sec
power : iter =    447 ; delta = 2.359157e-05 ; dt =  4676.8 sec
power : iter =    448 ; delta = 2.331842e-05 ; dt =  4687.2 sec
power : iter =    449 ; delta = 2.304941e-05 ; dt =  4697.7 sec
power : iter =    450 ; delta = 2.278374e-05 ; dt =  4708.1 sec
power : iter =    451 ; delta = 2.252025e-05 ; dt =  4718.6 sec
power : iter =    452 ; delta = 2.226085e-05 ; dt =  4729.1 sec
power : iter =    453 ; delta = 2.200466e-05 ; dt =  4739.6 sec
power : iter =    454 ; delta = 2.175072e-05 ; dt =  4750.0 sec
power : iter =    455 ; delta = 2.150071e-05 ; dt =  4760.5 sec
power : iter =    456 ; delta = 2.125385e-05 ; dt =  4770.9 sec
power : iter =    457 ; delta = 2.100898e-05 ; dt =  4781.4 sec
power : iter =    458 ; delta = 2.076790e-05 ; dt =  4791.8 sec
power : iter =    459 ; delta = 2.052972e-05 ; dt =  4802.2 sec
power : iter =    460 ; delta = 2.029352e-05 ; dt =  4812.6 sec
power : iter =    461 ; delta = 2.006089e-05 ; dt =  4823.1 sec
power : iter =    462 ; delta = 1.983111e-05 ; dt =  4833.6 sec
power : iter =    463 ; delta = 1.960317e-05 ; dt =  4844.1 sec
power : iter =    464 ; delta = 1.937874e-05 ; dt =  4854.5 sec
power : iter =    465 ; delta = 1.915700e-05 ; dt =  4864.9 sec
power : iter =    466 ; delta = 1.893714e-05 ; dt =  4875.4 sec
power : iter =    467 ; delta = 1.872059e-05 ; dt =  4885.8 sec
power : iter =    468 ; delta = 1.850672e-05 ; dt =  4896.3 sec
power : iter =    469 ; delta = 1.829453e-05 ; dt =  4906.8 sec
power : iter =    470 ; delta = 1.808563e-05 ; dt =  4917.3 sec
power : iter =    471 ; delta = 1.787922e-05 ; dt =  4927.8 sec
power : iter =    472 ; delta = 1.767452e-05 ; dt =  4938.2 sec
power : iter =    473 ; delta = 1.747293e-05 ; dt =  4948.8 sec
power : iter =    474 ; delta = 1.727386e-05 ; dt =  4959.2 sec
power : iter =    475 ; delta = 1.707640e-05 ; dt =  4969.7 sec
power : iter =    476 ; delta = 1.688197e-05 ; dt =  4980.1 sec
power : iter =    477 ; delta = 1.668988e-05 ; dt =  4990.5 sec
power : iter =    478 ; delta = 1.649935e-05 ; dt =  5000.9 sec
power : iter =    479 ; delta = 1.631169e-05 ; dt =  5011.4 sec
power : iter =    480 ; delta = 1.612632e-05 ; dt =  5021.8 sec
power : iter =    481 ; delta = 1.594243e-05 ; dt =  5032.3 sec
power : iter =    482 ; delta = 1.576145e-05 ; dt =  5042.7 sec
power : iter =    483 ; delta = 1.558269e-05 ; dt =  5053.2 sec
power : iter =    484 ; delta = 1.540538e-05 ; dt =  5063.6 sec
power : iter =    485 ; delta = 1.523077e-05 ; dt =  5074.1 sec
power : iter =    486 ; delta = 1.505828e-05 ; dt =  5084.6 sec
power : iter =    487 ; delta = 1.488714e-05 ; dt =  5095.1 sec
power : iter =    488 ; delta = 1.471860e-05 ; dt =  5105.5 sec
power : iter =    489 ; delta = 1.455208e-05 ; dt =  5116.0 sec
power : iter =    490 ; delta = 1.438690e-05 ; dt =  5126.5 sec
power : iter =    491 ; delta = 1.422421e-05 ; dt =  5137.0 sec
power : iter =    492 ; delta = 1.406350e-05 ; dt =  5147.4 sec
power : iter =    493 ; delta = 1.390403e-05 ; dt =  5158.2 sec
power : iter =    494 ; delta = 1.374699e-05 ; dt =  5169.4 sec
power : iter =    495 ; delta = 1.359183e-05 ; dt =  5180.0 sec
power : iter =    496 ; delta = 1.343789e-05 ; dt =  5190.4 sec
power : iter =    497 ; delta = 1.328627e-05 ; dt =  5200.8 sec
power : iter =    498 ; delta = 1.313649e-05 ; dt =  5211.2 sec
power : iter =    499 ; delta = 1.298787e-05 ; dt =  5221.6 sec
power : iter =    500 ; delta = 1.284152e-05 ; dt =  5232.0 sec
power : iter =    501 ; delta = 1.269692e-05 ; dt =  5242.5 sec
power : iter =    502 ; delta = 1.255347e-05 ; dt =  5252.9 sec
power : iter =    503 ; delta = 1.241218e-05 ; dt =  5263.4 sec
power : iter =    504 ; delta = 1.227260e-05 ; dt =  5273.9 sec
power : iter =    505 ; delta = 1.213410e-05 ; dt =  5284.4 sec
power : iter =    506 ; delta = 1.199772e-05 ; dt =  5294.8 sec
power : iter =    507 ; delta = 1.186295e-05 ; dt =  5305.3 sec
power : iter =    508 ; delta = 1.172925e-05 ; dt =  5315.7 sec
power : iter =    509 ; delta = 1.159754e-05 ; dt =  5326.2 sec
power : iter =    510 ; delta = 1.146743e-05 ; dt =  5336.7 sec
power : iter =    511 ; delta = 1.133830e-05 ; dt =  5347.1 sec
power : iter =    512 ; delta = 1.121113e-05 ; dt =  5357.5 sec
power : iter =    513 ; delta = 1.108546e-05 ; dt =  5368.0 sec
power : iter =    514 ; delta = 1.096078e-05 ; dt =  5378.5 sec
power : iter =    515 ; delta = 1.083796e-05 ; dt =  5388.9 sec
power : iter =    516 ; delta = 1.071663e-05 ; dt =  5399.3 sec
power : iter =    517 ; delta = 1.059622e-05 ; dt =  5409.8 sec
power : iter =    518 ; delta = 1.047763e-05 ; dt =  5420.2 sec
power : iter =    519 ; delta = 1.036044e-05 ; dt =  5430.6 sec
power : iter =    520 ; delta = 1.024416e-05 ; dt =  5441.0 sec
power : iter =    521 ; delta = 1.012960e-05 ; dt =  5451.5 sec
power : iter =    522 ; delta = 1.001642e-05 ; dt =  5461.9 sec
power : iter =    523 ; delta = 9.904080e-06 ; dt =  5472.4 sec
power : iter =    524 ; delta = 9.793445e-06 ; dt =  5482.8 sec
power : iter =    525 ; delta = 9.684101e-06 ; dt =  5493.4 sec
power : iter =    526 ; delta = 9.575611e-06 ; dt =  5503.8 sec
power : iter =    527 ; delta = 9.468721e-06 ; dt =  5514.4 sec
power : iter =    528 ; delta = 9.363124e-06 ; dt =  5524.9 sec
power : iter =    529 ; delta = 9.258300e-06 ; dt =  5535.4 sec
power : iter =    530 ; delta = 9.155069e-06 ; dt =  5545.8 sec
power : iter =    531 ; delta = 9.053040e-06 ; dt =  5556.4 sec
power : iter =    532 ; delta = 8.951802e-06 ; dt =  5566.9 sec
power : iter =    533 ; delta = 8.852054e-06 ; dt =  5577.4 sec
power : iter =    534 ; delta = 8.753512e-06 ; dt =  5587.8 sec
power : iter =    535 ; delta = 8.655687e-06 ; dt =  5598.4 sec
power : iter =    536 ; delta = 8.559348e-06 ; dt =  5608.8 sec
power : iter =    537 ; delta = 8.464129e-06 ; dt =  5619.2 sec
power : iter =    538 ; delta = 8.369647e-06 ; dt =  5629.7 sec
power : iter =    539 ; delta = 8.276552e-06 ; dt =  5640.2 sec
power : iter =    540 ; delta = 8.184583e-06 ; dt =  5650.7 sec
power : iter =    541 ; delta = 8.093276e-06 ; dt =  5661.1 sec
power : iter =    542 ; delta = 8.003356e-06 ; dt =  5671.5 sec
power : iter =    543 ; delta = 7.914477e-06 ; dt =  5682.0 sec
power : iter =    544 ; delta = 7.826289e-06 ; dt =  5692.4 sec
power : iter =    545 ; delta = 7.739395e-06 ; dt =  5703.0 sec
power : iter =    546 ; delta = 7.653550e-06 ; dt =  5713.4 sec
power : iter =    547 ; delta = 7.568322e-06 ; dt =  5724.0 sec
power : iter =    548 ; delta = 7.484384e-06 ; dt =  5734.5 sec
power : iter =    549 ; delta = 7.401417e-06 ; dt =  5744.9 sec
power : iter =    550 ; delta = 7.319088e-06 ; dt =  5755.4 sec
power : iter =    551 ; delta = 7.237965e-06 ; dt =  5765.9 sec
power : iter =    552 ; delta = 7.157822e-06 ; dt =  5776.3 sec
power : iter =    553 ; delta = 7.078255e-06 ; dt =  5786.8 sec
power : iter =    554 ; delta = 6.999896e-06 ; dt =  5797.3 sec
power : iter =    555 ; delta = 6.922440e-06 ; dt =  5807.9 sec
power : iter =    556 ; delta = 6.845576e-06 ; dt =  5818.3 sec
power : iter =    557 ; delta = 6.769836e-06 ; dt =  5828.8 sec
power : iter =    558 ; delta = 6.695009e-06 ; dt =  5839.4 sec
power : iter =    559 ; delta = 6.620715e-06 ; dt =  5849.9 sec
power : iter =    560 ; delta = 6.547550e-06 ; dt =  5860.4 sec
power : iter =    561 ; delta = 6.475231e-06 ; dt =  5870.9 sec
power : iter =    562 ; delta = 6.403466e-06 ; dt =  5881.3 sec
power : iter =    563 ; delta = 6.332753e-06 ; dt =  5891.8 sec
power : iter =    564 ; delta = 6.262897e-06 ; dt =  5902.2 sec
power : iter =    565 ; delta = 6.193533e-06 ; dt =  5912.7 sec
power : iter =    566 ; delta = 6.125217e-06 ; dt =  5923.2 sec
power : iter =    567 ; delta = 6.057687e-06 ; dt =  5933.7 sec
power : iter =    568 ; delta = 5.990668e-06 ; dt =  5944.1 sec
power : iter =    569 ; delta = 5.924625e-06 ; dt =  5954.5 sec
power : iter =    570 ; delta = 5.859375e-06 ; dt =  5964.9 sec
power : iter =    571 ; delta = 5.794585e-06 ; dt =  5975.4 sec
power : iter =    572 ; delta = 5.730771e-06 ; dt =  5985.8 sec
power : iter =    573 ; delta = 5.667691e-06 ; dt =  5996.4 sec
power : iter =    574 ; delta = 5.605086e-06 ; dt =  6006.8 sec
power : iter =    575 ; delta = 5.543392e-06 ; dt =  6017.4 sec
power : iter =    576 ; delta = 5.482438e-06 ; dt =  6027.8 sec
power : iter =    577 ; delta = 5.421911e-06 ; dt =  6038.3 sec
power : iter =    578 ; delta = 5.362296e-06 ; dt =  6048.7 sec
power : iter =    579 ; delta = 5.303365e-06 ; dt =  6059.2 sec
power : iter =    580 ; delta = 5.244876e-06 ; dt =  6069.7 sec
power : iter =    581 ; delta = 5.187237e-06 ; dt =  6080.2 sec
power : iter =    582 ; delta = 5.130287e-06 ; dt =  6090.6 sec
power : iter =    583 ; delta = 5.073735e-06 ; dt =  6101.1 sec
power : iter =    584 ; delta = 5.018032e-06 ; dt =  6111.5 sec
power : iter =    585 ; delta = 4.962968e-06 ; dt =  6122.0 sec
power : iter =    586 ; delta = 4.908315e-06 ; dt =  6132.4 sec
power : iter =    587 ; delta = 4.854455e-06 ; dt =  6142.9 sec
power : iter =    588 ; delta = 4.801240e-06 ; dt =  6153.3 sec
power : iter =    589 ; delta = 4.748394e-06 ; dt =  6163.8 sec
power : iter =    590 ; delta = 4.696341e-06 ; dt =  6174.2 sec
power : iter =    591 ; delta = 4.644883e-06 ; dt =  6184.7 sec
power : iter =    592 ; delta = 4.593809e-06 ; dt =  6195.1 sec
power : iter =    593 ; delta = 4.543475e-06 ; dt =  6205.6 sec
power : iter =    594 ; delta = 4.493743e-06 ; dt =  6216.1 sec
power : iter =    595 ; delta = 4.444355e-06 ; dt =  6226.6 sec
power : iter =    596 ; delta = 4.395707e-06 ; dt =  6237.0 sec
power : iter =    597 ; delta = 4.347617e-06 ; dt =  6247.5 sec
power : iter =    598 ; delta = 4.299882e-06 ; dt =  6258.0 sec
power : iter =    599 ; delta = 4.252838e-06 ; dt =  6268.4 sec
power : iter =    600 ; delta = 4.206356e-06 ; dt =  6278.8 sec
power : iter =    601 ; delta = 4.160193e-06 ; dt =  6289.3 sec
power : iter =    602 ; delta = 4.114721e-06 ; dt =  6299.7 sec
power : iter =    603 ; delta = 4.069769e-06 ; dt =  6310.2 sec
power : iter =    604 ; delta = 4.025148e-06 ; dt =  6320.6 sec
power : iter =    605 ; delta = 3.981173e-06 ; dt =  6331.1 sec
power : iter =    606 ; delta = 3.937721e-06 ; dt =  6341.7 sec
power : iter =    607 ; delta = 3.894568e-06 ; dt =  6352.1 sec
power : iter =    608 ; delta = 3.852059e-06 ; dt =  6362.5 sec
power : iter =    609 ; delta = 3.810039e-06 ; dt =  6373.0 sec
power : iter =    610 ; delta = 3.768328e-06 ; dt =  6383.4 sec
power : iter =    611 ; delta = 3.727220e-06 ; dt =  6393.9 sec
power : iter =    612 ; delta = 3.686601e-06 ; dt =  6404.3 sec
power : iter =    613 ; delta = 3.646261e-06 ; dt =  6414.8 sec
power : iter =    614 ; delta = 3.606521e-06 ; dt =  6425.3 sec
power : iter =    615 ; delta = 3.567238e-06 ; dt =  6435.8 sec
power : iter =    616 ; delta = 3.528242e-06 ; dt =  6446.3 sec
power : iter =    617 ; delta = 3.489812e-06 ; dt =  6456.8 sec
power : iter =    618 ; delta = 3.451839e-06 ; dt =  6467.2 sec
power : iter =    619 ; delta = 3.414127e-06 ; dt =  6477.7 sec
power : iter =    620 ; delta = 3.376974e-06 ; dt =  6488.1 sec
power : iter =    621 ; delta = 3.340246e-06 ; dt =  6498.6 sec
power : iter =    622 ; delta = 3.303785e-06 ; dt =  6509.1 sec
power : iter =    623 ; delta = 3.267849e-06 ; dt =  6519.5 sec
power : iter =    624 ; delta = 3.232340e-06 ; dt =  6529.9 sec
power : iter =    625 ; delta = 3.197073e-06 ; dt =  6540.3 sec
power : iter =    626 ; delta = 3.162330e-06 ; dt =  6550.7 sec
power : iter =    627 ; delta = 3.127986e-06 ; dt =  6561.2 sec
power : iter =    628 ; delta = 3.093894e-06 ; dt =  6571.6 sec
power : iter =    629 ; delta = 3.060292e-06 ; dt =  6582.0 sec
power : iter =    630 ; delta = 3.027088e-06 ; dt =  6592.5 sec
power : iter =    631 ; delta = 2.994111e-06 ; dt =  6603.0 sec
power : iter =    632 ; delta = 2.961621e-06 ; dt =  6613.4 sec
power : iter =    633 ; delta = 2.929503e-06 ; dt =  6623.9 sec
power : iter =    634 ; delta = 2.897615e-06 ; dt =  6634.3 sec
power : iter =    635 ; delta = 2.866187e-06 ; dt =  6644.9 sec
power : iter =    636 ; delta = 2.835129e-06 ; dt =  6655.5 sec
power : iter =    637 ; delta = 2.804283e-06 ; dt =  6666.0 sec
power : iter =    638 ; delta = 2.773891e-06 ; dt =  6676.4 sec
power : iter =    639 ; delta = 2.743847e-06 ; dt =  6686.9 sec
power : iter =    640 ; delta = 2.714019e-06 ; dt =  6697.3 sec
power : iter =    641 ; delta = 2.684619e-06 ; dt =  6707.8 sec
power : iter =    642 ; delta = 2.655566e-06 ; dt =  6718.2 sec
power : iter =    643 ; delta = 2.626710e-06 ; dt =  6728.7 sec
power : iter =    644 ; delta = 2.598279e-06 ; dt =  6739.1 sec
power : iter =    645 ; delta = 2.570173e-06 ; dt =  6749.6 sec
power : iter =    646 ; delta = 2.542268e-06 ; dt =  6760.0 sec
power : iter =    647 ; delta = 2.514763e-06 ; dt =  6770.6 sec
power : iter =    648 ; delta = 2.487582e-06 ; dt =  6781.0 sec
power : iter =    649 ; delta = 2.460585e-06 ; dt =  6791.5 sec
power : iter =    650 ; delta = 2.433985e-06 ; dt =  6802.0 sec
power : iter =    651 ; delta = 2.407688e-06 ; dt =  6812.5 sec
power : iter =    652 ; delta = 2.381579e-06 ; dt =  6822.9 sec
power : iter =    653 ; delta = 2.355844e-06 ; dt =  6833.4 sec
power : iter =    654 ; delta = 2.330411e-06 ; dt =  6843.8 sec
power : iter =    655 ; delta = 2.305150e-06 ; dt =  6854.4 sec
power : iter =    656 ; delta = 2.280260e-06 ; dt =  6864.9 sec
power : iter =    657 ; delta = 2.255654e-06 ; dt =  6875.4 sec
power : iter =    658 ; delta = 2.231222e-06 ; dt =  6885.9 sec
power : iter =    659 ; delta = 2.207140e-06 ; dt =  6896.4 sec
power : iter =    660 ; delta = 2.183341e-06 ; dt =  6906.9 sec
power : iter =    661 ; delta = 2.159703e-06 ; dt =  6917.4 sec
power : iter =    662 ; delta = 2.136410e-06 ; dt =  6927.8 sec
power : iter =    663 ; delta = 2.113384e-06 ; dt =  6938.4 sec
power : iter =    664 ; delta = 2.090520e-06 ; dt =  6948.7 sec
power : iter =    665 ; delta = 2.067982e-06 ; dt =  6959.2 sec
power : iter =    666 ; delta = 2.045710e-06 ; dt =  6969.6 sec
power : iter =    667 ; delta = 2.023587e-06 ; dt =  6980.1 sec
power : iter =    668 ; delta = 2.001787e-06 ; dt =  6990.5 sec
power : iter =    669 ; delta = 1.980236e-06 ; dt =  7001.1 sec
power : iter =    670 ; delta = 1.958838e-06 ; dt =  7011.5 sec
power : iter =    671 ; delta = 1.937744e-06 ; dt =  7021.9 sec
power : iter =    672 ; delta = 1.916899e-06 ; dt =  7032.3 sec
power : iter =    673 ; delta = 1.896193e-06 ; dt =  7042.8 sec
power : iter =    674 ; delta = 1.875789e-06 ; dt =  7053.2 sec
power : iter =    675 ; delta = 1.855618e-06 ; dt =  7063.6 sec
power : iter =    676 ; delta = 1.835589e-06 ; dt =  7074.0 sec
power : iter =    677 ; delta = 1.815846e-06 ; dt =  7084.5 sec
power : iter =    678 ; delta = 1.796334e-06 ; dt =  7094.9 sec
power : iter =    679 ; delta = 1.776952e-06 ; dt =  7105.4 sec
power : iter =    680 ; delta = 1.757853e-06 ; dt =  7115.9 sec
power : iter =    681 ; delta = 1.738971e-06 ; dt =  7126.4 sec
power : iter =    682 ; delta = 1.720222e-06 ; dt =  7136.8 sec
power : iter =    683 ; delta = 1.701740e-06 ; dt =  7147.3 sec
power : iter =    684 ; delta = 1.683474e-06 ; dt =  7157.7 sec
power : iter =    685 ; delta = 1.665331e-06 ; dt =  7168.2 sec
power : iter =    686 ; delta = 1.647450e-06 ; dt =  7178.6 sec
power : iter =    687 ; delta = 1.629775e-06 ; dt =  7189.1 sec
power : iter =    688 ; delta = 1.612222e-06 ; dt =  7199.5 sec
power : iter =    689 ; delta = 1.594919e-06 ; dt =  7210.0 sec
power : iter =    690 ; delta = 1.577818e-06 ; dt =  7220.5 sec
power : iter =    691 ; delta = 1.560833e-06 ; dt =  7231.0 sec
power : iter =    692 ; delta = 1.544093e-06 ; dt =  7241.4 sec
power : iter =    693 ; delta = 1.527544e-06 ; dt =  7251.9 sec
power : iter =    694 ; delta = 1.511111e-06 ; dt =  7262.3 sec
power : iter =    695 ; delta = 1.494911e-06 ; dt =  7272.8 sec
power : iter =    696 ; delta = 1.478901e-06 ; dt =  7283.2 sec
power : iter =    697 ; delta = 1.462997e-06 ; dt =  7293.8 sec
power : iter =    698 ; delta = 1.447324e-06 ; dt =  7304.2 sec
power : iter =    699 ; delta = 1.431829e-06 ; dt =  7314.7 sec
power : iter =    700 ; delta = 1.416442e-06 ; dt =  7325.1 sec
power : iter =    701 ; delta = 1.401273e-06 ; dt =  7335.7 sec
power : iter =    702 ; delta = 1.386282e-06 ; dt =  7346.1 sec
power : iter =    703 ; delta = 1.371392e-06 ; dt =  7356.5 sec
power : iter =    704 ; delta = 1.356717e-06 ; dt =  7366.9 sec
power : iter =    705 ; delta = 1.342209e-06 ; dt =  7377.4 sec
power : iter =    706 ; delta = 1.327802e-06 ; dt =  7387.8 sec
power : iter =    707 ; delta = 1.313600e-06 ; dt =  7398.2 sec
power : iter =    708 ; delta = 1.299563e-06 ; dt =  7408.7 sec
power : iter =    709 ; delta = 1.285620e-06 ; dt =  7419.1 sec
power : iter =    710 ; delta = 1.271878e-06 ; dt =  7429.5 sec
power : iter =    711 ; delta = 1.258292e-06 ; dt =  7439.9 sec
power : iter =    712 ; delta = 1.244800e-06 ; dt =  7450.4 sec
power : iter =    713 ; delta = 1.231500e-06 ; dt =  7460.9 sec
power : iter =    714 ; delta = 1.218353e-06 ; dt =  7471.2 sec
power : iter =    715 ; delta = 1.205295e-06 ; dt =  7481.7 sec
power : iter =    716 ; delta = 1.192424e-06 ; dt =  7492.1 sec
power : iter =    717 ; delta = 1.179700e-06 ; dt =  7502.7 sec
power : iter =    718 ; delta = 1.167063e-06 ; dt =  7513.1 sec
power : iter =    719 ; delta = 1.154606e-06 ; dt =  7523.6 sec
power : iter =    720 ; delta = 1.142293e-06 ; dt =  7534.0 sec
power : iter =    721 ; delta = 1.130062e-06 ; dt =  7544.6 sec
power : iter =    722 ; delta = 1.118006e-06 ; dt =  7555.0 sec
power : iter =    723 ; delta = 1.106088e-06 ; dt =  7565.5 sec
power : iter =    724 ; delta = 1.094252e-06 ; dt =  7575.9 sec
power : iter =    725 ; delta = 1.082583e-06 ; dt =  7586.4 sec
power : iter =    726 ; delta = 1.071049e-06 ; dt =  7596.8 sec
power : iter =    727 ; delta = 1.059592e-06 ; dt =  7607.2 sec
power : iter =    728 ; delta = 1.048299e-06 ; dt =  7617.7 sec
power : iter =    729 ; delta = 1.037135e-06 ; dt =  7628.2 sec
power : iter =    730 ; delta = 1.026047e-06 ; dt =  7638.5 sec
power : iter =    731 ; delta = 1.015116e-06 ; dt =  7649.0 sec
power : iter =    732 ; delta = 1.004312e-06 ; dt =  7659.4 sec
power : iter =    733 ; delta = 9.935789e-07 ; dt =  7669.9 sec
power : iter =    734 ; delta = 9.829994e-07 ; dt =  7680.3 sec
power : iter =    735 ; delta = 9.725409e-07 ; dt =  7691.3 sec
power : iter =    736 ; delta = 9.621535e-07 ; dt =  7701.7 sec
power : iter =    737 ; delta = 9.519129e-07 ; dt =  7712.2 sec
power : iter =    738 ; delta = 9.417906e-07 ; dt =  7722.6 sec
power : iter =    739 ; delta = 9.317360e-07 ; dt =  7733.1 sec
power : iter =    740 ; delta = 9.218243e-07 ; dt =  7743.5 sec
power : iter =    741 ; delta = 9.120263e-07 ; dt =  7754.2 sec
power : iter =    742 ; delta = 9.022947e-07 ; dt =  7765.5 sec
power : iter =    743 ; delta = 8.927016e-07 ; dt =  7776.1 sec
power : iter =    744 ; delta = 8.832204e-07 ; dt =  7786.5 sec
power : iter =    745 ; delta = 8.738032e-07 ; dt =  7796.9 sec
power : iter =    746 ; delta = 8.645200e-07 ; dt =  7807.4 sec
power : iter =    747 ; delta = 8.553432e-07 ; dt =  7817.9 sec
power : iter =    748 ; delta = 8.462282e-07 ; dt =  7828.4 sec
power : iter =    749 ; delta = 8.372419e-07 ; dt =  7838.9 sec
power : iter =    750 ; delta = 8.283589e-07 ; dt =  7849.3 sec
power : iter =    751 ; delta = 8.195352e-07 ; dt =  7859.8 sec
power : iter =    752 ; delta = 8.108363e-07 ; dt =  7870.2 sec
power : iter =    753 ; delta = 8.022371e-07 ; dt =  7880.8 sec
power : iter =    754 ; delta = 7.936956e-07 ; dt =  7891.2 sec
power : iter =    755 ; delta = 7.852746e-07 ; dt =  7901.8 sec
power : iter =    756 ; delta = 7.769503e-07 ; dt =  7912.1 sec
power : iter =    757 ; delta = 7.686817e-07 ; dt =  7922.6 sec
power : iter =    758 ; delta = 7.605299e-07 ; dt =  7933.0 sec
power : iter =    759 ; delta = 7.524715e-07 ; dt =  7943.5 sec
power : iter =    760 ; delta = 7.444671e-07 ; dt =  7954.0 sec
power : iter =    761 ; delta = 7.365755e-07 ; dt =  7964.4 sec
power : iter =    762 ; delta = 7.287743e-07 ; dt =  7974.9 sec
power : iter =    763 ; delta = 7.210253e-07 ; dt =  7985.3 sec
power : iter =    764 ; delta = 7.133854e-07 ; dt =  7995.7 sec
power : iter =    765 ; delta = 7.058331e-07 ; dt =  8006.2 sec
power : iter =    766 ; delta = 6.983312e-07 ; dt =  8016.7 sec
power : iter =    767 ; delta = 6.909349e-07 ; dt =  8027.2 sec
power : iter =    768 ; delta = 6.836233e-07 ; dt =  8037.6 sec
power : iter =    769 ; delta = 6.763606e-07 ; dt =  8048.1 sec
power : iter =    770 ; delta = 6.691999e-07 ; dt =  8058.6 sec
power : iter =    771 ; delta = 6.621214e-07 ; dt =  8069.0 sec
power : iter =    772 ; delta = 6.550901e-07 ; dt =  8079.4 sec
power : iter =    773 ; delta = 6.481576e-07 ; dt =  8089.9 sec
power : iter =    774 ; delta = 6.413045e-07 ; dt =  8100.3 sec
power : iter =    775 ; delta = 6.344972e-07 ; dt =  8110.8 sec
power : iter =    776 ; delta = 6.277852e-07 ; dt =  8121.3 sec
power : iter =    777 ; delta = 6.211504e-07 ; dt =  8131.8 sec
power : iter =    778 ; delta = 6.145597e-07 ; dt =  8142.2 sec
power : iter =    779 ; delta = 6.080615e-07 ; dt =  8152.7 sec
power : iter =    780 ; delta = 6.016377e-07 ; dt =  8163.1 sec
power : iter =    781 ; delta = 5.952568e-07 ; dt =  8173.6 sec
power : iter =    782 ; delta = 5.889652e-07 ; dt =  8184.0 sec
power : iter =    783 ; delta = 5.827461e-07 ; dt =  8194.5 sec
power : iter =    784 ; delta = 5.765683e-07 ; dt =  8205.0 sec
power : iter =    785 ; delta = 5.704773e-07 ; dt =  8215.5 sec
power : iter =    786 ; delta = 5.644559e-07 ; dt =  8225.9 sec
power : iter =    787 ; delta = 5.584747e-07 ; dt =  8236.5 sec
power : iter =    788 ; delta = 5.525770e-07 ; dt =  8246.9 sec
power : iter =    789 ; delta = 5.467471e-07 ; dt =  8257.6 sec
power : iter =    790 ; delta = 5.409557e-07 ; dt =  8267.9 sec
power : iter =    791 ; delta = 5.352455e-07 ; dt =  8278.4 sec
power : iter =    792 ; delta = 5.296004e-07 ; dt =  8288.8 sec
power : iter =    793 ; delta = 5.239931e-07 ; dt =  8299.3 sec
power : iter =    794 ; delta = 5.184639e-07 ; dt =  8309.8 sec
power : iter =    795 ; delta = 5.129981e-07 ; dt =  8320.3 sec
power : iter =    796 ; delta = 5.075685e-07 ; dt =  8330.8 sec
power : iter =    797 ; delta = 5.022149e-07 ; dt =  8341.3 sec
power : iter =    798 ; delta = 4.969222e-07 ; dt =  8351.7 sec
power : iter =    799 ; delta = 4.916651e-07 ; dt =  8362.2 sec
power : iter =    800 ; delta = 4.864809e-07 ; dt =  8372.6 sec
power : iter =    801 ; delta = 4.813563e-07 ; dt =  8383.1 sec
power : iter =    802 ; delta = 4.762655e-07 ; dt =  8393.5 sec
power : iter =    803 ; delta = 4.712459e-07 ; dt =  8404.1 sec
power : iter =    804 ; delta = 4.662835e-07 ; dt =  8414.4 sec
power : iter =    805 ; delta = 4.613542e-07 ; dt =  8424.9 sec
power : iter =    806 ; delta = 4.564933e-07 ; dt =  8435.3 sec
power : iter =    807 ; delta = 4.516883e-07 ; dt =  8445.8 sec
power : iter =    808 ; delta = 4.469149e-07 ; dt =  8456.2 sec
power : iter =    809 ; delta = 4.422081e-07 ; dt =  8466.6 sec
power : iter =    810 ; delta = 4.375550e-07 ; dt =  8477.1 sec
power : iter =    811 ; delta = 4.329332e-07 ; dt =  8487.5 sec
power : iter =    812 ; delta = 4.283754e-07 ; dt =  8497.9 sec
power : iter =    813 ; delta = 4.238700e-07 ; dt =  8508.4 sec
power : iter =    814 ; delta = 4.193943e-07 ; dt =  8518.8 sec
power : iter =    815 ; delta = 4.149811e-07 ; dt =  8529.4 sec
power : iter =    816 ; delta = 4.106180e-07 ; dt =  8539.8 sec
power : iter =    817 ; delta = 4.062843e-07 ; dt =  8550.3 sec
power : iter =    818 ; delta = 4.020105e-07 ; dt =  8560.7 sec
power : iter =    819 ; delta = 3.977858e-07 ; dt =  8571.2 sec
power : iter =    820 ; delta = 3.935889e-07 ; dt =  8581.6 sec
power : iter =    821 ; delta = 3.894505e-07 ; dt =  8592.1 sec
power : iter =    822 ; delta = 3.853592e-07 ; dt =  8602.5 sec
power : iter =    823 ; delta = 3.812953e-07 ; dt =  8612.9 sec
power : iter =    824 ; delta = 3.772875e-07 ; dt =  8623.4 sec
power : iter =    825 ; delta = 3.733258e-07 ; dt =  8633.8 sec
power : iter =    826 ; delta = 3.693902e-07 ; dt =  8644.2 sec
power : iter =    827 ; delta = 3.655093e-07 ; dt =  8654.7 sec
power : iter =    828 ; delta = 3.616726e-07 ; dt =  8665.1 sec
power : iter =    829 ; delta = 3.578618e-07 ; dt =  8675.6 sec
power : iter =    830 ; delta = 3.541056e-07 ; dt =  8686.1 sec
power : iter =    831 ; delta = 3.503928e-07 ; dt =  8696.6 sec
power : iter =    832 ; delta = 3.467042e-07 ; dt =  8707.0 sec
power : iter =    833 ; delta = 3.430669e-07 ; dt =  8717.5 sec
power : iter =    834 ; delta = 3.394707e-07 ; dt =  8727.9 sec
power : iter =    835 ; delta = 3.358987e-07 ; dt =  8738.4 sec
power : iter =    836 ; delta = 3.323755e-07 ; dt =  8748.8 sec
power : iter =    837 ; delta = 3.288930e-07 ; dt =  8759.3 sec
power : iter =    838 ; delta = 3.254331e-07 ; dt =  8769.7 sec
power : iter =    839 ; delta = 3.220213e-07 ; dt =  8780.2 sec
power : iter =    840 ; delta = 3.186480e-07 ; dt =  8790.6 sec
power : iter =    841 ; delta = 3.152974e-07 ; dt =  8801.1 sec
power : iter =    842 ; delta = 3.119925e-07 ; dt =  8811.6 sec
power : iter =    843 ; delta = 3.087257e-07 ; dt =  8822.1 sec
power : iter =    844 ; delta = 3.054802e-07 ; dt =  8832.4 sec
power : iter =    845 ; delta = 3.022796e-07 ; dt =  8842.9 sec
power : iter =    846 ; delta = 2.991153e-07 ; dt =  8853.2 sec
power : iter =    847 ; delta = 2.959721e-07 ; dt =  8863.7 sec
power : iter =    848 ; delta = 2.928719e-07 ; dt =  8874.0 sec
power : iter =    849 ; delta = 2.898073e-07 ; dt =  8884.5 sec
power : iter =    850 ; delta = 2.867627e-07 ; dt =  8894.9 sec
power : iter =    851 ; delta = 2.837602e-07 ; dt =  8905.4 sec
power : iter =    852 ; delta = 2.807916e-07 ; dt =  8915.8 sec
power : iter =    853 ; delta = 2.778430e-07 ; dt =  8926.2 sec
power : iter =    854 ; delta = 2.749345e-07 ; dt =  8936.7 sec
power : iter =    855 ; delta = 2.720596e-07 ; dt =  8947.1 sec
power : iter =    856 ; delta = 2.692032e-07 ; dt =  8957.5 sec
power : iter =    857 ; delta = 2.663864e-07 ; dt =  8968.0 sec
power : iter =    858 ; delta = 2.636014e-07 ; dt =  8978.4 sec
power : iter =    859 ; delta = 2.608351e-07 ; dt =  8989.0 sec
power : iter =    860 ; delta = 2.581070e-07 ; dt =  8999.4 sec
power : iter =    861 ; delta = 2.554112e-07 ; dt =  9009.9 sec
power : iter =    862 ; delta = 2.527329e-07 ; dt =  9020.4 sec
power : iter =    863 ; delta = 2.500916e-07 ; dt =  9030.9 sec
power : iter =    864 ; delta = 2.474801e-07 ; dt =  9041.3 sec
power : iter =    865 ; delta = 2.448861e-07 ; dt =  9051.8 sec
power : iter =    866 ; delta = 2.423273e-07 ; dt =  9062.2 sec
power : iter =    867 ; delta = 2.397980e-07 ; dt =  9072.6 sec
power : iter =    868 ; delta = 2.372851e-07 ; dt =  9083.1 sec
power : iter =    869 ; delta = 2.348067e-07 ; dt =  9093.6 sec
power : iter =    870 ; delta = 2.323564e-07 ; dt =  9104.0 sec
power : iter =    871 ; delta = 2.299226e-07 ; dt =  9114.5 sec
power : iter =    872 ; delta = 2.275224e-07 ; dt =  9124.9 sec
power : iter =    873 ; delta = 2.251500e-07 ; dt =  9135.3 sec
power : iter =    874 ; delta = 2.227932e-07 ; dt =  9145.8 sec
power : iter =    875 ; delta = 2.204687e-07 ; dt =  9156.2 sec
power : iter =    876 ; delta = 2.181705e-07 ; dt =  9166.7 sec
power : iter =    877 ; delta = 2.158876e-07 ; dt =  9177.2 sec
power : iter =    878 ; delta = 2.136356e-07 ; dt =  9187.6 sec
power : iter =    879 ; delta = 2.114095e-07 ; dt =  9198.1 sec
power : iter =    880 ; delta = 2.091978e-07 ; dt =  9208.5 sec
power : iter =    881 ; delta = 2.070164e-07 ; dt =  9219.1 sec
power : iter =    882 ; delta = 2.048597e-07 ; dt =  9229.6 sec
power : iter =    883 ; delta = 2.027173e-07 ; dt =  9240.1 sec
power : iter =    884 ; delta = 2.006040e-07 ; dt =  9250.6 sec
power : iter =    885 ; delta = 1.985148e-07 ; dt =  9261.1 sec
power : iter =    886 ; delta = 1.964393e-07 ; dt =  9271.5 sec
power : iter =    887 ; delta = 1.943921e-07 ; dt =  9281.9 sec
power : iter =    888 ; delta = 1.923680e-07 ; dt =  9292.3 sec
power : iter =    889 ; delta = 1.903575e-07 ; dt =  9302.8 sec
power : iter =    890 ; delta = 1.883741e-07 ; dt =  9313.1 sec
power : iter =    891 ; delta = 1.864134e-07 ; dt =  9323.6 sec
power : iter =    892 ; delta = 1.844655e-07 ; dt =  9334.0 sec
power : iter =    893 ; delta = 1.825442e-07 ; dt =  9344.4 sec
power : iter =    894 ; delta = 1.806446e-07 ; dt =  9354.8 sec
power : iter =    895 ; delta = 1.787576e-07 ; dt =  9365.2 sec
power : iter =    896 ; delta = 1.768961e-07 ; dt =  9375.6 sec
power : iter =    897 ; delta = 1.750560e-07 ; dt =  9386.4 sec
power : iter =    898 ; delta = 1.732278e-07 ; dt =  9396.8 sec
power : iter =    899 ; delta = 1.714246e-07 ; dt =  9407.4 sec
power : iter =    900 ; delta = 1.696417e-07 ; dt =  9417.8 sec
power : iter =    901 ; delta = 1.678707e-07 ; dt =  9428.3 sec
power : iter =    902 ; delta = 1.661235e-07 ; dt =  9438.7 sec
power : iter =    903 ; delta = 1.643964e-07 ; dt =  9449.2 sec
power : iter =    904 ; delta = 1.626805e-07 ; dt =  9459.6 sec
power : iter =    905 ; delta = 1.609880e-07 ; dt =  9470.1 sec
power : iter =    906 ; delta = 1.593146e-07 ; dt =  9480.5 sec
power : iter =    907 ; delta = 1.576523e-07 ; dt =  9490.9 sec
power : iter =    908 ; delta = 1.560124e-07 ; dt =  9501.3 sec
power : iter =    909 ; delta = 1.543913e-07 ; dt =  9511.8 sec
power : iter =    910 ; delta = 1.527807e-07 ; dt =  9522.2 sec
power : iter =    911 ; delta = 1.511921e-07 ; dt =  9532.6 sec
power : iter =    912 ; delta = 1.496213e-07 ; dt =  9543.0 sec
power : iter =    913 ; delta = 1.480611e-07 ; dt =  9553.5 sec
power : iter =    914 ; delta = 1.465218e-07 ; dt =  9564.0 sec
power : iter =    915 ; delta = 1.450002e-07 ; dt =  9574.4 sec
power : iter =    916 ; delta = 1.434884e-07 ; dt =  9584.9 sec
power : iter =    917 ; delta = 1.419980e-07 ; dt =  9595.3 sec
power : iter =    918 ; delta = 1.405251e-07 ; dt =  9605.8 sec
power : iter =    919 ; delta = 1.390621e-07 ; dt =  9616.3 sec
power : iter =    920 ; delta = 1.376186e-07 ; dt =  9626.8 sec
power : iter =    921 ; delta = 1.361918e-07 ; dt =  9637.3 sec
power : iter =    922 ; delta = 1.347741e-07 ; dt =  9647.7 sec
power : iter =    923 ; delta = 1.333757e-07 ; dt =  9658.2 sec
power : iter =    924 ; delta = 1.319929e-07 ; dt =  9668.6 sec
power : iter =    925 ; delta = 1.306195e-07 ; dt =  9679.0 sec
power : iter =    926 ; delta = 1.292643e-07 ; dt =  9689.4 sec
power : iter =    927 ; delta = 1.279247e-07 ; dt =  9699.9 sec
power : iter =    928 ; delta = 1.265938e-07 ; dt =  9710.2 sec
power : iter =    929 ; delta = 1.252809e-07 ; dt =  9720.6 sec
power : iter =    930 ; delta = 1.239827e-07 ; dt =  9731.0 sec
power : iter =    931 ; delta = 1.226933e-07 ; dt =  9741.5 sec
power : iter =    932 ; delta = 1.214209e-07 ; dt =  9751.9 sec
power : iter =    933 ; delta = 1.201633e-07 ; dt =  9762.4 sec
power : iter =    934 ; delta = 1.189137e-07 ; dt =  9772.8 sec
power : iter =    935 ; delta = 1.176811e-07 ; dt =  9783.3 sec
power : iter =    936 ; delta = 1.164622e-07 ; dt =  9793.6 sec
power : iter =    937 ; delta = 1.152517e-07 ; dt =  9804.1 sec
power : iter =    938 ; delta = 1.140571e-07 ; dt =  9814.5 sec
power : iter =    939 ; delta = 1.128763e-07 ; dt =  9824.9 sec
power : iter =    940 ; delta = 1.117030e-07 ; dt =  9835.3 sec
power : iter =    941 ; delta = 1.105457e-07 ; dt =  9845.8 sec
power : iter =    942 ; delta = 1.094013e-07 ; dt =  9856.2 sec
power : iter =    943 ; delta = 1.082647e-07 ; dt =  9866.7 sec
power : iter =    944 ; delta = 1.071430e-07 ; dt =  9877.2 sec
power : iter =    945 ; delta = 1.060343e-07 ; dt =  9887.7 sec
power : iter =    946 ; delta = 1.049328e-07 ; dt =  9898.1 sec
power : iter =    947 ; delta = 1.038461e-07 ; dt =  9908.6 sec
power : iter =    948 ; delta = 1.027717e-07 ; dt =  9919.1 sec
power : iter =    949 ; delta = 1.017045e-07 ; dt =  9929.6 sec
power : iter =    950 ; delta = 1.006513e-07 ; dt =  9940.0 sec
power : iter =    951 ; delta = 9.961031e-08 ; dt =  9950.5 sec
power : solved pagerank(a=0.9900) in   951 mults to 1.000000e-07 tol
output norm: 1.0000000000000000e+00
