Parameters: 
   graphfile = /var/tmp/dgleich/data/sk-2005
      output = none
         alg = inout
       alpha = 0.99
         tol = 1e-07
       maxit = 10000

nodes = 50636154
edges = 1949412601
inout(0.9900,0.5000,1.000000e-02) with tol=1.000000e-07 and maxit= 10000 iterations
inout (outer) : iter =      1 ; odelta = 3.229728e-01 ; dt =   253.5; nmult =      5
inout (outer) : iter =      2 ; odelta = 1.153052e-01 ; dt =   406.6; nmult =      8
inout (outer) : iter =      3 ; odelta = 6.670141e-02 ; dt =   559.7; nmult =     11
inout (outer) : iter =      4 ; odelta = 4.819787e-02 ; dt =   713.7; nmult =     14
inout (outer) : iter =      5 ; odelta = 3.901355e-02 ; dt =   816.3; nmult =     16
inout (outer) : iter =      6 ; odelta = 3.281311e-02 ; dt =   919.6; nmult =     18
inout (outer) : iter =      7 ; odelta = 2.834606e-02 ; dt =  1021.9; nmult =     20
inout (outer) : iter =      8 ; odelta = 2.494401e-02 ; dt =  1123.4; nmult =     22
inout (outer) : iter =      9 ; odelta = 2.221415e-02 ; dt =  1225.5; nmult =     24
inout (outer) : iter =     10 ; odelta = 1.997004e-02 ; dt =  1327.0; nmult =     26
inout (outer) : iter =     11 ; odelta = 1.868479e-02 ; dt =  1378.9; nmult =     27
inout (power) : iter =     12 ; odelta = 1.754980e-02 ; dt =  1442.8; nmult =     28
inout (power) : iter =     13 ; odelta = 1.653710e-02 ; dt =  1505.2; nmult =     29
inout (power) : iter =     14 ; odelta = 1.562237e-02 ; dt =  1568.9; nmult =     30
inout (power) : iter =     15 ; odelta = 1.478985e-02 ; dt =  1631.9; nmult =     31
inout (power) : iter =     16 ; odelta = 1.402966e-02 ; dt =  1694.3; nmult =     32
inout (power) : iter =     17 ; odelta = 1.333930e-02 ; dt =  1756.7; nmult =     33
inout (power) : iter =     18 ; odelta = 1.271117e-02 ; dt =  1819.1; nmult =     34
inout (power) : iter =     19 ; odelta = 1.213336e-02 ; dt =  1881.5; nmult =     35
inout (power) : iter =     20 ; odelta = 1.159698e-02 ; dt =  1943.9; nmult =     36
inout (power) : iter =     21 ; odelta = 1.109723e-02 ; dt =  2006.2; nmult =     37
inout (power) : iter =     22 ; odelta = 1.063009e-02 ; dt =  2068.5; nmult =     38
inout (power) : iter =     23 ; odelta = 1.019346e-02 ; dt =  2130.8; nmult =     39
inout (power) : iter =     24 ; odelta = 9.784596e-03 ; dt =  2193.2; nmult =     40
inout (power) : iter =     25 ; odelta = 9.400801e-03 ; dt =  2255.6; nmult =     41
inout (power) : iter =     26 ; odelta = 9.038671e-03 ; dt =  2317.9; nmult =     42
inout (power) : iter =     27 ; odelta = 8.696763e-03 ; dt =  2380.3; nmult =     43
inout (power) : iter =     28 ; odelta = 8.374403e-03 ; dt =  2442.6; nmult =     44
inout (power) : iter =     29 ; odelta = 8.069964e-03 ; dt =  2505.0; nmult =     45
inout (power) : iter =     30 ; odelta = 7.781271e-03 ; dt =  2567.3; nmult =     46
inout (power) : iter =     31 ; odelta = 7.507099e-03 ; dt =  2629.6; nmult =     47
inout (power) : iter =     32 ; odelta = 7.248173e-03 ; dt =  2691.7; nmult =     48
inout (power) : iter =     33 ; odelta = 7.005032e-03 ; dt =  2753.9; nmult =     49
inout (power) : iter =     34 ; odelta = 6.775543e-03 ; dt =  2816.1; nmult =     50
inout (power) : iter =     35 ; odelta = 6.559172e-03 ; dt =  2878.2; nmult =     51
inout (power) : iter =     36 ; odelta = 6.354582e-03 ; dt =  2940.4; nmult =     52
inout (power) : iter =     37 ; odelta = 6.161250e-03 ; dt =  3002.5; nmult =     53
inout (power) : iter =     38 ; odelta = 5.976825e-03 ; dt =  3064.7; nmult =     54
inout (power) : iter =     39 ; odelta = 5.803340e-03 ; dt =  3126.8; nmult =     55
inout (power) : iter =     40 ; odelta = 5.637907e-03 ; dt =  3189.0; nmult =     56
inout (power) : iter =     41 ; odelta = 5.480853e-03 ; dt =  3251.2; nmult =     57
inout (power) : iter =     42 ; odelta = 5.332294e-03 ; dt =  3313.4; nmult =     58
inout (power) : iter =     43 ; odelta = 5.194561e-03 ; dt =  3375.5; nmult =     59
inout (power) : iter =     44 ; odelta = 5.065776e-03 ; dt =  3437.7; nmult =     60
inout (power) : iter =     45 ; odelta = 4.944284e-03 ; dt =  3499.9; nmult =     61
inout (power) : iter =     46 ; odelta = 4.827245e-03 ; dt =  3562.0; nmult =     62
inout (power) : iter =     47 ; odelta = 4.714005e-03 ; dt =  3624.2; nmult =     63
inout (power) : iter =     48 ; odelta = 4.604410e-03 ; dt =  3686.4; nmult =     64
inout (power) : iter =     49 ; odelta = 4.498315e-03 ; dt =  3748.5; nmult =     65
inout (power) : iter =     50 ; odelta = 4.395529e-03 ; dt =  3810.6; nmult =     66
inout (power) : iter =     51 ; odelta = 4.295904e-03 ; dt =  3872.7; nmult =     67
inout (power) : iter =     52 ; odelta = 4.199418e-03 ; dt =  3934.8; nmult =     68
inout (power) : iter =     53 ; odelta = 4.106065e-03 ; dt =  3997.0; nmult =     69
inout (power) : iter =     54 ; odelta = 4.015550e-03 ; dt =  4059.1; nmult =     70
inout (power) : iter =     55 ; odelta = 3.928114e-03 ; dt =  4121.3; nmult =     71
inout (power) : iter =     56 ; odelta = 3.843305e-03 ; dt =  4183.4; nmult =     72
inout (power) : iter =     57 ; odelta = 3.760867e-03 ; dt =  4245.5; nmult =     73
inout (power) : iter =     58 ; odelta = 3.680809e-03 ; dt =  4307.7; nmult =     74
inout (power) : iter =     59 ; odelta = 3.602883e-03 ; dt =  4369.8; nmult =     75
inout (power) : iter =     60 ; odelta = 3.527000e-03 ; dt =  4432.0; nmult =     76
inout (power) : iter =     61 ; odelta = 3.453152e-03 ; dt =  4494.1; nmult =     77
inout (power) : iter =     62 ; odelta = 3.381288e-03 ; dt =  4556.3; nmult =     78
inout (power) : iter =     63 ; odelta = 3.311361e-03 ; dt =  4618.4; nmult =     79
inout (power) : iter =     64 ; odelta = 3.243211e-03 ; dt =  4680.6; nmult =     80
inout (power) : iter =     65 ; odelta = 3.176731e-03 ; dt =  4744.1; nmult =     81
inout (power) : iter =     66 ; odelta = 3.111920e-03 ; dt =  4806.9; nmult =     82
inout (power) : iter =     67 ; odelta = 3.048918e-03 ; dt =  4869.1; nmult =     83
inout (power) : iter =     68 ; odelta = 2.987428e-03 ; dt =  4931.2; nmult =     84
inout (power) : iter =     69 ; odelta = 2.927403e-03 ; dt =  4993.3; nmult =     85
inout (power) : iter =     70 ; odelta = 2.868810e-03 ; dt =  5055.5; nmult =     86
inout (power) : iter =     71 ; odelta = 2.811599e-03 ; dt =  5117.7; nmult =     87
inout (power) : iter =     72 ; odelta = 2.755718e-03 ; dt =  5179.8; nmult =     88
inout (power) : iter =     73 ; odelta = 2.701139e-03 ; dt =  5242.0; nmult =     89
inout (power) : iter =     74 ; odelta = 2.647847e-03 ; dt =  5304.2; nmult =     90
inout (power) : iter =     75 ; odelta = 2.596060e-03 ; dt =  5366.3; nmult =     91
inout (power) : iter =     76 ; odelta = 2.545609e-03 ; dt =  5428.4; nmult =     92
inout (power) : iter =     77 ; odelta = 2.496339e-03 ; dt =  5490.6; nmult =     93
inout (power) : iter =     78 ; odelta = 2.448357e-03 ; dt =  5552.7; nmult =     94
inout (power) : iter =     79 ; odelta = 2.401524e-03 ; dt =  5614.9; nmult =     95
inout (power) : iter =     80 ; odelta = 2.355752e-03 ; dt =  5677.0; nmult =     96
inout (power) : iter =     81 ; odelta = 2.311017e-03 ; dt =  5739.1; nmult =     97
inout (power) : iter =     82 ; odelta = 2.267276e-03 ; dt =  5801.3; nmult =     98
inout (power) : iter =     83 ; odelta = 2.224498e-03 ; dt =  5863.4; nmult =     99
inout (power) : iter =     84 ; odelta = 2.182651e-03 ; dt =  5925.6; nmult =    100
inout (power) : iter =     85 ; odelta = 2.141702e-03 ; dt =  5987.7; nmult =    101
inout (power) : iter =     86 ; odelta = 2.101631e-03 ; dt =  6049.9; nmult =    102
inout (power) : iter =     87 ; odelta = 2.062426e-03 ; dt =  6112.0; nmult =    103
inout (power) : iter =     88 ; odelta = 2.024066e-03 ; dt =  6174.2; nmult =    104
inout (power) : iter =     89 ; odelta = 1.986536e-03 ; dt =  6236.4; nmult =    105
inout (power) : iter =     90 ; odelta = 1.949796e-03 ; dt =  6298.5; nmult =    106
inout (power) : iter =     91 ; odelta = 1.913807e-03 ; dt =  6361.4; nmult =    107
inout (power) : iter =     92 ; odelta = 1.878544e-03 ; dt =  6423.5; nmult =    108
inout (power) : iter =     93 ; odelta = 1.844028e-03 ; dt =  6485.7; nmult =    109
inout (power) : iter =     94 ; odelta = 1.810210e-03 ; dt =  6547.9; nmult =    110
inout (power) : iter =     95 ; odelta = 1.777110e-03 ; dt =  6610.0; nmult =    111
inout (power) : iter =     96 ; odelta = 1.744717e-03 ; dt =  6672.2; nmult =    112
inout (power) : iter =     97 ; odelta = 1.713015e-03 ; dt =  6734.4; nmult =    113
inout (power) : iter =     98 ; odelta = 1.681950e-03 ; dt =  6796.6; nmult =    114
inout (power) : iter =     99 ; odelta = 1.651532e-03 ; dt =  6858.7; nmult =    115
inout (power) : iter =    100 ; odelta = 1.621727e-03 ; dt =  6920.9; nmult =    116
inout (power) : iter =    101 ; odelta = 1.592514e-03 ; dt =  6983.1; nmult =    117
inout (power) : iter =    102 ; odelta = 1.563883e-03 ; dt =  7045.3; nmult =    118
inout (power) : iter =    103 ; odelta = 1.535816e-03 ; dt =  7107.4; nmult =    119
inout (power) : iter =    104 ; odelta = 1.508305e-03 ; dt =  7169.5; nmult =    120
inout (power) : iter =    105 ; odelta = 1.481333e-03 ; dt =  7231.6; nmult =    121
inout (power) : iter =    106 ; odelta = 1.454896e-03 ; dt =  7293.8; nmult =    122
inout (power) : iter =    107 ; odelta = 1.428984e-03 ; dt =  7355.9; nmult =    123
inout (power) : iter =    108 ; odelta = 1.403590e-03 ; dt =  7418.0; nmult =    124
inout (power) : iter =    109 ; odelta = 1.378747e-03 ; dt =  7480.1; nmult =    125
inout (power) : iter =    110 ; odelta = 1.354465e-03 ; dt =  7542.2; nmult =    126
inout (power) : iter =    111 ; odelta = 1.330691e-03 ; dt =  7604.4; nmult =    127
inout (power) : iter =    112 ; odelta = 1.307387e-03 ; dt =  7666.6; nmult =    128
inout (power) : iter =    113 ; odelta = 1.284541e-03 ; dt =  7729.4; nmult =    129
inout (power) : iter =    114 ; odelta = 1.262128e-03 ; dt =  7791.5; nmult =    130
inout (power) : iter =    115 ; odelta = 1.240138e-03 ; dt =  7853.7; nmult =    131
inout (power) : iter =    116 ; odelta = 1.218564e-03 ; dt =  7915.8; nmult =    132
inout (power) : iter =    117 ; odelta = 1.197403e-03 ; dt =  7978.0; nmult =    133
inout (power) : iter =    118 ; odelta = 1.176694e-03 ; dt =  8040.2; nmult =    134
inout (power) : iter =    119 ; odelta = 1.156397e-03 ; dt =  8102.3; nmult =    135
inout (power) : iter =    120 ; odelta = 1.136487e-03 ; dt =  8164.5; nmult =    136
inout (power) : iter =    121 ; odelta = 1.116970e-03 ; dt =  8226.6; nmult =    137
inout (power) : iter =    122 ; odelta = 1.097829e-03 ; dt =  8288.8; nmult =    138
inout (power) : iter =    123 ; odelta = 1.079073e-03 ; dt =  8351.0; nmult =    139
inout (power) : iter =    124 ; odelta = 1.060720e-03 ; dt =  8413.1; nmult =    140
inout (power) : iter =    125 ; odelta = 1.042723e-03 ; dt =  8475.3; nmult =    141
inout (power) : iter =    126 ; odelta = 1.025056e-03 ; dt =  8537.5; nmult =    142
inout (power) : iter =    127 ; odelta = 1.007721e-03 ; dt =  8599.6; nmult =    143
inout (power) : iter =    128 ; odelta = 9.907170e-04 ; dt =  8661.8; nmult =    144
inout (power) : iter =    129 ; odelta = 9.740340e-04 ; dt =  8724.0; nmult =    145
inout (power) : iter =    130 ; odelta = 9.576822e-04 ; dt =  8786.2; nmult =    146
inout (power) : iter =    131 ; odelta = 9.416351e-04 ; dt =  8848.3; nmult =    147
inout (power) : iter =    132 ; odelta = 9.258849e-04 ; dt =  8910.5; nmult =    148
inout (power) : iter =    133 ; odelta = 9.104228e-04 ; dt =  8972.6; nmult =    149
inout (power) : iter =    134 ; odelta = 8.952418e-04 ; dt =  9034.7; nmult =    150
inout (power) : iter =    135 ; odelta = 8.803377e-04 ; dt =  9096.9; nmult =    151
inout (power) : iter =    136 ; odelta = 8.657002e-04 ; dt =  9159.0; nmult =    152
inout (power) : iter =    137 ; odelta = 8.513253e-04 ; dt =  9221.2; nmult =    153
inout (power) : iter =    138 ; odelta = 8.372105e-04 ; dt =  9283.3; nmult =    154
inout (power) : iter =    139 ; odelta = 8.233452e-04 ; dt =  9345.4; nmult =    155
inout (power) : iter =    140 ; odelta = 8.097234e-04 ; dt =  9407.6; nmult =    156
inout (power) : iter =    141 ; odelta = 7.963404e-04 ; dt =  9469.7; nmult =    157
inout (power) : iter =    142 ; odelta = 7.831917e-04 ; dt =  9531.9; nmult =    158
inout (power) : iter =    143 ; odelta = 7.702742e-04 ; dt =  9594.0; nmult =    159
inout (power) : iter =    144 ; odelta = 7.575937e-04 ; dt =  9656.2; nmult =    160
inout (power) : iter =    145 ; odelta = 7.451395e-04 ; dt =  9718.3; nmult =    161
inout (power) : iter =    146 ; odelta = 7.329061e-04 ; dt =  9780.5; nmult =    162
inout (power) : iter =    147 ; odelta = 7.208925e-04 ; dt =  9842.6; nmult =    163
inout (power) : iter =    148 ; odelta = 7.090931e-04 ; dt =  9904.8; nmult =    164
inout (power) : iter =    149 ; odelta = 6.975079e-04 ; dt =  9967.0; nmult =    165
inout (power) : iter =    150 ; odelta = 6.861315e-04 ; dt = 10029.2; nmult =    166
inout (power) : iter =    151 ; odelta = 6.749583e-04 ; dt = 10091.4; nmult =    167
inout (power) : iter =    152 ; odelta = 6.639835e-04 ; dt = 10153.6; nmult =    168
inout (power) : iter =    153 ; odelta = 6.532048e-04 ; dt = 10215.7; nmult =    169
inout (power) : iter =    154 ; odelta = 6.426190e-04 ; dt = 10277.9; nmult =    170
inout (power) : iter =    155 ; odelta = 6.322216e-04 ; dt = 10340.1; nmult =    171
inout (power) : iter =    156 ; odelta = 6.220167e-04 ; dt = 10402.3; nmult =    172
inout (power) : iter =    157 ; odelta = 6.119989e-04 ; dt = 10464.4; nmult =    173
inout (power) : iter =    158 ; odelta = 6.021595e-04 ; dt = 10526.6; nmult =    174
inout (power) : iter =    159 ; odelta = 5.924982e-04 ; dt = 10588.7; nmult =    175
inout (power) : iter =    160 ; odelta = 5.830151e-04 ; dt = 10650.9; nmult =    176
inout (power) : iter =    161 ; odelta = 5.737091e-04 ; dt = 10713.0; nmult =    177
inout (power) : iter =    162 ; odelta = 5.645631e-04 ; dt = 10775.1; nmult =    178
inout (power) : iter =    163 ; odelta = 5.555762e-04 ; dt = 10837.2; nmult =    179
inout (power) : iter =    164 ; odelta = 5.467596e-04 ; dt = 10899.4; nmult =    180
inout (power) : iter =    165 ; odelta = 5.381067e-04 ; dt = 10961.5; nmult =    181
inout (power) : iter =    166 ; odelta = 5.296049e-04 ; dt = 11024.3; nmult =    182
inout (power) : iter =    167 ; odelta = 5.212482e-04 ; dt = 11086.5; nmult =    183
inout (power) : iter =    168 ; odelta = 5.130352e-04 ; dt = 11148.6; nmult =    184
inout (power) : iter =    169 ; odelta = 5.049589e-04 ; dt = 11210.8; nmult =    185
inout (power) : iter =    170 ; odelta = 4.970189e-04 ; dt = 11272.9; nmult =    186
inout (power) : iter =    171 ; odelta = 4.892132e-04 ; dt = 11335.1; nmult =    187
inout (power) : iter =    172 ; odelta = 4.815369e-04 ; dt = 11397.2; nmult =    188
inout (power) : iter =    173 ; odelta = 4.739876e-04 ; dt = 11459.4; nmult =    189
inout (power) : iter =    174 ; odelta = 4.665802e-04 ; dt = 11521.5; nmult =    190
inout (power) : iter =    175 ; odelta = 4.593039e-04 ; dt = 11583.7; nmult =    191
inout (power) : iter =    176 ; odelta = 4.521467e-04 ; dt = 11645.8; nmult =    192
inout (power) : iter =    177 ; odelta = 4.451075e-04 ; dt = 11708.0; nmult =    193
inout (power) : iter =    178 ; odelta = 4.381844e-04 ; dt = 11770.2; nmult =    194
inout (power) : iter =    179 ; odelta = 4.313752e-04 ; dt = 11832.3; nmult =    195
inout (power) : iter =    180 ; odelta = 4.246798e-04 ; dt = 11894.5; nmult =    196
inout (power) : iter =    181 ; odelta = 4.181094e-04 ; dt = 11956.7; nmult =    197
inout (power) : iter =    182 ; odelta = 4.116497e-04 ; dt = 12018.9; nmult =    198
inout (power) : iter =    183 ; odelta = 4.052952e-04 ; dt = 12081.0; nmult =    199
inout (power) : iter =    184 ; odelta = 3.990442e-04 ; dt = 12143.2; nmult =    200
inout (power) : iter =    185 ; odelta = 3.928944e-04 ; dt = 12205.4; nmult =    201
inout (power) : iter =    186 ; odelta = 3.868453e-04 ; dt = 12267.5; nmult =    202
inout (power) : iter =    187 ; odelta = 3.808948e-04 ; dt = 12329.6; nmult =    203
inout (power) : iter =    188 ; odelta = 3.750404e-04 ; dt = 12391.8; nmult =    204
inout (power) : iter =    189 ; odelta = 3.692812e-04 ; dt = 12453.9; nmult =    205
inout (power) : iter =    190 ; odelta = 3.636143e-04 ; dt = 12516.0; nmult =    206
inout (power) : iter =    191 ; odelta = 3.580382e-04 ; dt = 12578.1; nmult =    207
inout (power) : iter =    192 ; odelta = 3.525512e-04 ; dt = 12640.3; nmult =    208
inout (power) : iter =    193 ; odelta = 3.471562e-04 ; dt = 12702.5; nmult =    209
inout (power) : iter =    194 ; odelta = 3.418497e-04 ; dt = 12764.6; nmult =    210
inout (power) : iter =    195 ; odelta = 3.366294e-04 ; dt = 12826.7; nmult =    211
inout (power) : iter =    196 ; odelta = 3.314933e-04 ; dt = 12888.9; nmult =    212
inout (power) : iter =    197 ; odelta = 3.264431e-04 ; dt = 12951.1; nmult =    213
inout (power) : iter =    198 ; odelta = 3.214736e-04 ; dt = 13013.2; nmult =    214
inout (power) : iter =    199 ; odelta = 3.165842e-04 ; dt = 13075.4; nmult =    215
inout (power) : iter =    200 ; odelta = 3.117737e-04 ; dt = 13137.5; nmult =    216
inout (power) : iter =    201 ; odelta = 3.070398e-04 ; dt = 13199.7; nmult =    217
inout (power) : iter =    202 ; odelta = 3.023813e-04 ; dt = 13261.9; nmult =    218
inout (power) : iter =    203 ; odelta = 2.977980e-04 ; dt = 13324.0; nmult =    219
inout (power) : iter =    204 ; odelta = 2.932885e-04 ; dt = 13386.2; nmult =    220
inout (power) : iter =    205 ; odelta = 2.888529e-04 ; dt = 13448.4; nmult =    221
inout (power) : iter =    206 ; odelta = 2.844877e-04 ; dt = 13510.6; nmult =    222
inout (power) : iter =    207 ; odelta = 2.801915e-04 ; dt = 13572.7; nmult =    223
inout (power) : iter =    208 ; odelta = 2.759631e-04 ; dt = 13634.9; nmult =    224
inout (power) : iter =    209 ; odelta = 2.718014e-04 ; dt = 13697.1; nmult =    225
inout (power) : iter =    210 ; odelta = 2.677058e-04 ; dt = 13759.3; nmult =    226
inout (power) : iter =    211 ; odelta = 2.636749e-04 ; dt = 13821.4; nmult =    227
inout (power) : iter =    212 ; odelta = 2.597074e-04 ; dt = 13883.6; nmult =    228
inout (power) : iter =    213 ; odelta = 2.558020e-04 ; dt = 13945.8; nmult =    229
inout (power) : iter =    214 ; odelta = 2.519587e-04 ; dt = 14007.9; nmult =    230
inout (power) : iter =    215 ; odelta = 2.481756e-04 ; dt = 14070.1; nmult =    231
inout (power) : iter =    216 ; odelta = 2.444523e-04 ; dt = 14132.2; nmult =    232
inout (power) : iter =    217 ; odelta = 2.407877e-04 ; dt = 14194.4; nmult =    233
inout (power) : iter =    218 ; odelta = 2.371802e-04 ; dt = 14256.5; nmult =    234
inout (power) : iter =    219 ; odelta = 2.336295e-04 ; dt = 14319.3; nmult =    235
inout (power) : iter =    220 ; odelta = 2.301343e-04 ; dt = 14381.5; nmult =    236
inout (power) : iter =    221 ; odelta = 2.266940e-04 ; dt = 14443.6; nmult =    237
inout (power) : iter =    222 ; odelta = 2.233083e-04 ; dt = 14505.9; nmult =    238
inout (power) : iter =    223 ; odelta = 2.199762e-04 ; dt = 14568.0; nmult =    239
inout (power) : iter =    224 ; odelta = 2.166959e-04 ; dt = 14630.2; nmult =    240
inout (power) : iter =    225 ; odelta = 2.134666e-04 ; dt = 14692.3; nmult =    241
inout (power) : iter =    226 ; odelta = 2.102874e-04 ; dt = 14754.5; nmult =    242
inout (power) : iter =    227 ; odelta = 2.071576e-04 ; dt = 14816.6; nmult =    243
inout (power) : iter =    228 ; odelta = 2.040769e-04 ; dt = 14878.8; nmult =    244
inout (power) : iter =    229 ; odelta = 2.010441e-04 ; dt = 14941.0; nmult =    245
inout (power) : iter =    230 ; odelta = 1.980582e-04 ; dt = 15003.1; nmult =    246
inout (power) : iter =    231 ; odelta = 1.951189e-04 ; dt = 15065.3; nmult =    247
inout (power) : iter =    232 ; odelta = 1.922260e-04 ; dt = 15127.5; nmult =    248
inout (power) : iter =    233 ; odelta = 1.893775e-04 ; dt = 15189.6; nmult =    249
inout (power) : iter =    234 ; odelta = 1.865729e-04 ; dt = 15251.8; nmult =    250
inout (power) : iter =    235 ; odelta = 1.838115e-04 ; dt = 15314.0; nmult =    251
inout (power) : iter =    236 ; odelta = 1.810925e-04 ; dt = 15376.2; nmult =    252
inout (power) : iter =    237 ; odelta = 1.784158e-04 ; dt = 15438.4; nmult =    253
inout (power) : iter =    238 ; odelta = 1.757806e-04 ; dt = 15500.6; nmult =    254
inout (power) : iter =    239 ; odelta = 1.731866e-04 ; dt = 15562.8; nmult =    255
inout (power) : iter =    240 ; odelta = 1.706333e-04 ; dt = 15625.0; nmult =    256
inout (power) : iter =    241 ; odelta = 1.681192e-04 ; dt = 15687.1; nmult =    257
inout (power) : iter =    242 ; odelta = 1.656436e-04 ; dt = 15749.3; nmult =    258
inout (power) : iter =    243 ; odelta = 1.632059e-04 ; dt = 15811.4; nmult =    259
inout (power) : iter =    244 ; odelta = 1.608055e-04 ; dt = 15873.6; nmult =    260
inout (power) : iter =    245 ; odelta = 1.584416e-04 ; dt = 15935.7; nmult =    261
inout (power) : iter =    246 ; odelta = 1.561136e-04 ; dt = 15997.9; nmult =    262
inout (power) : iter =    247 ; odelta = 1.538212e-04 ; dt = 16060.0; nmult =    263
inout (power) : iter =    248 ; odelta = 1.515638e-04 ; dt = 16122.2; nmult =    264
inout (power) : iter =    249 ; odelta = 1.493410e-04 ; dt = 16184.3; nmult =    265
inout (power) : iter =    250 ; odelta = 1.471519e-04 ; dt = 16246.5; nmult =    266
inout (power) : iter =    251 ; odelta = 1.449961e-04 ; dt = 16308.6; nmult =    267
inout (power) : iter =    252 ; odelta = 1.428731e-04 ; dt = 16370.8; nmult =    268
inout (power) : iter =    253 ; odelta = 1.407827e-04 ; dt = 16432.9; nmult =    269
inout (power) : iter =    254 ; odelta = 1.387243e-04 ; dt = 16495.1; nmult =    270
inout (power) : iter =    255 ; odelta = 1.366975e-04 ; dt = 16557.2; nmult =    271
inout (power) : iter =    256 ; odelta = 1.347019e-04 ; dt = 16619.4; nmult =    272
inout (power) : iter =    257 ; odelta = 1.327368e-04 ; dt = 16681.6; nmult =    273
inout (power) : iter =    258 ; odelta = 1.308016e-04 ; dt = 16743.8; nmult =    274
inout (power) : iter =    259 ; odelta = 1.288956e-04 ; dt = 16805.9; nmult =    275
inout (power) : iter =    260 ; odelta = 1.270184e-04 ; dt = 16868.1; nmult =    276
inout (power) : iter =    261 ; odelta = 1.251707e-04 ; dt = 16930.2; nmult =    277
inout (power) : iter =    262 ; odelta = 1.233511e-04 ; dt = 16992.4; nmult =    278
inout (power) : iter =    263 ; odelta = 1.215610e-04 ; dt = 17054.6; nmult =    279
inout (power) : iter =    264 ; odelta = 1.197996e-04 ; dt = 17116.8; nmult =    280
inout (power) : iter =    265 ; odelta = 1.180656e-04 ; dt = 17178.9; nmult =    281
inout (power) : iter =    266 ; odelta = 1.163580e-04 ; dt = 17241.1; nmult =    282
inout (power) : iter =    267 ; odelta = 1.146760e-04 ; dt = 17303.3; nmult =    283
inout (power) : iter =    268 ; odelta = 1.130196e-04 ; dt = 17365.5; nmult =    284
inout (power) : iter =    269 ; odelta = 1.113880e-04 ; dt = 17427.6; nmult =    285
inout (power) : iter =    270 ; odelta = 1.097810e-04 ; dt = 17489.8; nmult =    286
inout (power) : iter =    271 ; odelta = 1.081980e-04 ; dt = 17551.9; nmult =    287
inout (power) : iter =    272 ; odelta = 1.066387e-04 ; dt = 17614.1; nmult =    288
inout (power) : iter =    273 ; odelta = 1.051031e-04 ; dt = 17676.2; nmult =    289
inout (power) : iter =    274 ; odelta = 1.035909e-04 ; dt = 17738.4; nmult =    290
inout (power) : iter =    275 ; odelta = 1.021013e-04 ; dt = 17800.5; nmult =    291
inout (power) : iter =    276 ; odelta = 1.006340e-04 ; dt = 17862.7; nmult =    292
inout (power) : iter =    277 ; odelta = 9.918869e-05 ; dt = 17924.8; nmult =    293
inout (power) : iter =    278 ; odelta = 9.776565e-05 ; dt = 17987.0; nmult =    294
inout (power) : iter =    279 ; odelta = 9.636491e-05 ; dt = 18049.1; nmult =    295
inout (power) : iter =    280 ; odelta = 9.498572e-05 ; dt = 18111.3; nmult =    296
inout (power) : iter =    281 ; odelta = 9.362729e-05 ; dt = 18173.4; nmult =    297
inout (power) : iter =    282 ; odelta = 9.228907e-05 ; dt = 18235.6; nmult =    298
inout (power) : iter =    283 ; odelta = 9.097078e-05 ; dt = 18297.8; nmult =    299
inout (power) : iter =    284 ; odelta = 8.967194e-05 ; dt = 18359.9; nmult =    300
inout (power) : iter =    285 ; odelta = 8.839236e-05 ; dt = 18422.1; nmult =    301
inout (power) : iter =    286 ; odelta = 8.713193e-05 ; dt = 18484.3; nmult =    302
inout (power) : iter =    287 ; odelta = 8.589024e-05 ; dt = 18546.4; nmult =    303
inout (power) : iter =    288 ; odelta = 8.466696e-05 ; dt = 18608.6; nmult =    304
inout (power) : iter =    289 ; odelta = 8.346326e-05 ; dt = 18670.8; nmult =    305
inout (power) : iter =    290 ; odelta = 8.228036e-05 ; dt = 18733.0; nmult =    306
inout (power) : iter =    291 ; odelta = 8.111640e-05 ; dt = 18795.2; nmult =    307
inout (power) : iter =    292 ; odelta = 7.997018e-05 ; dt = 18857.4; nmult =    308
inout (power) : iter =    293 ; odelta = 7.884128e-05 ; dt = 18919.5; nmult =    309
inout (power) : iter =    294 ; odelta = 7.772894e-05 ; dt = 18981.7; nmult =    310
inout (power) : iter =    295 ; odelta = 7.663286e-05 ; dt = 19043.9; nmult =    311
inout (power) : iter =    296 ; odelta = 7.555286e-05 ; dt = 19106.1; nmult =    312
inout (power) : iter =    297 ; odelta = 7.448862e-05 ; dt = 19168.2; nmult =    313
inout (power) : iter =    298 ; odelta = 7.344068e-05 ; dt = 19230.4; nmult =    314
inout (power) : iter =    299 ; odelta = 7.240841e-05 ; dt = 19292.5; nmult =    315
inout (power) : iter =    300 ; odelta = 7.139121e-05 ; dt = 19354.7; nmult =    316
inout (power) : iter =    301 ; odelta = 7.038928e-05 ; dt = 19416.8; nmult =    317
inout (power) : iter =    302 ; odelta = 6.940202e-05 ; dt = 19479.0; nmult =    318
inout (power) : iter =    303 ; odelta = 6.842914e-05 ; dt = 19541.1; nmult =    319
inout (power) : iter =    304 ; odelta = 6.747050e-05 ; dt = 19603.3; nmult =    320
inout (power) : iter =    305 ; odelta = 6.652592e-05 ; dt = 19665.4; nmult =    321
inout (power) : iter =    306 ; odelta = 6.559536e-05 ; dt = 19727.6; nmult =    322
inout (power) : iter =    307 ; odelta = 6.467830e-05 ; dt = 19789.7; nmult =    323
inout (power) : iter =    308 ; odelta = 6.377448e-05 ; dt = 19851.9; nmult =    324
inout (power) : iter =    309 ; odelta = 6.288368e-05 ; dt = 19914.0; nmult =    325
inout (power) : iter =    310 ; odelta = 6.200570e-05 ; dt = 19976.2; nmult =    326
inout (power) : iter =    311 ; odelta = 6.114034e-05 ; dt = 20038.4; nmult =    327
inout (power) : iter =    312 ; odelta = 6.028766e-05 ; dt = 20100.5; nmult =    328
inout (power) : iter =    313 ; odelta = 5.944741e-05 ; dt = 20163.4; nmult =    329
inout (power) : iter =    314 ; odelta = 5.861927e-05 ; dt = 20225.6; nmult =    330
inout (power) : iter =    315 ; odelta = 5.780316e-05 ; dt = 20287.7; nmult =    331
inout (power) : iter =    316 ; odelta = 5.699910e-05 ; dt = 20349.9; nmult =    332
inout (power) : iter =    317 ; odelta = 5.620663e-05 ; dt = 20412.1; nmult =    333
inout (power) : iter =    318 ; odelta = 5.542550e-05 ; dt = 20474.2; nmult =    334
inout (power) : iter =    319 ; odelta = 5.465556e-05 ; dt = 20537.1; nmult =    335
inout (power) : iter =    320 ; odelta = 5.389660e-05 ; dt = 20600.6; nmult =    336
inout (power) : iter =    321 ; odelta = 5.314849e-05 ; dt = 20662.8; nmult =    337
inout (power) : iter =    322 ; odelta = 5.241110e-05 ; dt = 20725.0; nmult =    338
inout (power) : iter =    323 ; odelta = 5.168428e-05 ; dt = 20787.2; nmult =    339
inout (power) : iter =    324 ; odelta = 5.096786e-05 ; dt = 20849.3; nmult =    340
inout (power) : iter =    325 ; odelta = 5.026168e-05 ; dt = 20911.4; nmult =    341
inout (power) : iter =    326 ; odelta = 4.956561e-05 ; dt = 20973.6; nmult =    342
inout (power) : iter =    327 ; odelta = 4.887951e-05 ; dt = 21035.8; nmult =    343
inout (power) : iter =    328 ; odelta = 4.820319e-05 ; dt = 21097.9; nmult =    344
inout (power) : iter =    329 ; odelta = 4.753663e-05 ; dt = 21160.1; nmult =    345
inout (power) : iter =    330 ; odelta = 4.687960e-05 ; dt = 21222.2; nmult =    346
inout (power) : iter =    331 ; odelta = 4.623194e-05 ; dt = 21284.4; nmult =    347
inout (power) : iter =    332 ; odelta = 4.559345e-05 ; dt = 21346.5; nmult =    348
inout (power) : iter =    333 ; odelta = 4.496402e-05 ; dt = 21408.7; nmult =    349
inout (power) : iter =    334 ; odelta = 4.434353e-05 ; dt = 21470.9; nmult =    350
inout (power) : iter =    335 ; odelta = 4.373185e-05 ; dt = 21533.0; nmult =    351
inout (power) : iter =    336 ; odelta = 4.312887e-05 ; dt = 21595.2; nmult =    352
inout (power) : iter =    337 ; odelta = 4.253450e-05 ; dt = 21657.3; nmult =    353
inout (power) : iter =    338 ; odelta = 4.194862e-05 ; dt = 21719.5; nmult =    354
inout (power) : iter =    339 ; odelta = 4.137115e-05 ; dt = 21781.7; nmult =    355
inout (power) : iter =    340 ; odelta = 4.080189e-05 ; dt = 21843.9; nmult =    356
inout (power) : iter =    341 ; odelta = 4.024074e-05 ; dt = 21906.0; nmult =    357
inout (power) : iter =    342 ; odelta = 3.968754e-05 ; dt = 21968.2; nmult =    358
inout (power) : iter =    343 ; odelta = 3.914218e-05 ; dt = 22030.4; nmult =    359
inout (power) : iter =    344 ; odelta = 3.860453e-05 ; dt = 22092.6; nmult =    360
inout (power) : iter =    345 ; odelta = 3.807449e-05 ; dt = 22154.7; nmult =    361
inout (power) : iter =    346 ; odelta = 3.755195e-05 ; dt = 22216.9; nmult =    362
inout (power) : iter =    347 ; odelta = 3.703678e-05 ; dt = 22279.1; nmult =    363
inout (power) : iter =    348 ; odelta = 3.652889e-05 ; dt = 22341.3; nmult =    364
inout (power) : iter =    349 ; odelta = 3.602815e-05 ; dt = 22403.5; nmult =    365
inout (power) : iter =    350 ; odelta = 3.553447e-05 ; dt = 22465.7; nmult =    366
inout (power) : iter =    351 ; odelta = 3.504778e-05 ; dt = 22527.8; nmult =    367
inout (power) : iter =    352 ; odelta = 3.456798e-05 ; dt = 22590.0; nmult =    368
inout (power) : iter =    353 ; odelta = 3.409492e-05 ; dt = 22652.1; nmult =    369
inout (power) : iter =    354 ; odelta = 3.362852e-05 ; dt = 22714.3; nmult =    370
inout (power) : iter =    355 ; odelta = 3.316866e-05 ; dt = 22776.4; nmult =    371
inout (power) : iter =    356 ; odelta = 3.271525e-05 ; dt = 22838.5; nmult =    372
inout (power) : iter =    357 ; odelta = 3.226820e-05 ; dt = 22900.7; nmult =    373
inout (power) : iter =    358 ; odelta = 3.182743e-05 ; dt = 22962.8; nmult =    374
inout (power) : iter =    359 ; odelta = 3.139285e-05 ; dt = 23024.9; nmult =    375
inout (power) : iter =    360 ; odelta = 3.096437e-05 ; dt = 23087.1; nmult =    376
inout (power) : iter =    361 ; odelta = 3.054189e-05 ; dt = 23149.3; nmult =    377
inout (power) : iter =    362 ; odelta = 3.012532e-05 ; dt = 23211.4; nmult =    378
inout (power) : iter =    363 ; odelta = 2.971459e-05 ; dt = 23273.6; nmult =    379
inout (power) : iter =    364 ; odelta = 2.930961e-05 ; dt = 23335.7; nmult =    380
inout (power) : iter =    365 ; odelta = 2.891031e-05 ; dt = 23397.9; nmult =    381
inout (power) : iter =    366 ; odelta = 2.851661e-05 ; dt = 23460.1; nmult =    382
inout (power) : iter =    367 ; odelta = 2.812841e-05 ; dt = 23522.2; nmult =    383
inout (power) : iter =    368 ; odelta = 2.774563e-05 ; dt = 23584.4; nmult =    384
inout (power) : iter =    369 ; odelta = 2.736820e-05 ; dt = 23646.6; nmult =    385
inout (power) : iter =    370 ; odelta = 2.699606e-05 ; dt = 23708.8; nmult =    386
inout (power) : iter =    371 ; odelta = 2.662915e-05 ; dt = 23770.9; nmult =    387
inout (power) : iter =    372 ; odelta = 2.626737e-05 ; dt = 23833.8; nmult =    388
inout (power) : iter =    373 ; odelta = 2.591069e-05 ; dt = 23896.0; nmult =    389
inout (power) : iter =    374 ; odelta = 2.555899e-05 ; dt = 23958.1; nmult =    390
inout (power) : iter =    375 ; odelta = 2.521222e-05 ; dt = 24020.3; nmult =    391
inout (power) : iter =    376 ; odelta = 2.487028e-05 ; dt = 24082.5; nmult =    392
inout (power) : iter =    377 ; odelta = 2.453311e-05 ; dt = 24144.7; nmult =    393
inout (power) : iter =    378 ; odelta = 2.420063e-05 ; dt = 24206.9; nmult =    394
inout (power) : iter =    379 ; odelta = 2.387279e-05 ; dt = 24269.0; nmult =    395
inout (power) : iter =    380 ; odelta = 2.354953e-05 ; dt = 24331.1; nmult =    396
inout (power) : iter =    381 ; odelta = 2.323080e-05 ; dt = 24393.3; nmult =    397
inout (power) : iter =    382 ; odelta = 2.291653e-05 ; dt = 24455.4; nmult =    398
inout (power) : iter =    383 ; odelta = 2.260672e-05 ; dt = 24517.6; nmult =    399
inout (power) : iter =    384 ; odelta = 2.230128e-05 ; dt = 24579.7; nmult =    400
inout (power) : iter =    385 ; odelta = 2.200009e-05 ; dt = 24641.8; nmult =    401
inout (power) : iter =    386 ; odelta = 2.170308e-05 ; dt = 24704.1; nmult =    402
inout (power) : iter =    387 ; odelta = 2.141019e-05 ; dt = 24766.2; nmult =    403
inout (power) : iter =    388 ; odelta = 2.112135e-05 ; dt = 24828.3; nmult =    404
inout (power) : iter =    389 ; odelta = 2.083652e-05 ; dt = 24890.5; nmult =    405
inout (power) : iter =    390 ; odelta = 2.055564e-05 ; dt = 24952.7; nmult =    406
inout (power) : iter =    391 ; odelta = 2.027866e-05 ; dt = 25014.8; nmult =    407
inout (power) : iter =    392 ; odelta = 2.000556e-05 ; dt = 25077.0; nmult =    408
inout (power) : iter =    393 ; odelta = 1.973626e-05 ; dt = 25139.1; nmult =    409
inout (power) : iter =    394 ; odelta = 1.947074e-05 ; dt = 25201.3; nmult =    410
inout (power) : iter =    395 ; odelta = 1.920895e-05 ; dt = 25263.5; nmult =    411
inout (power) : iter =    396 ; odelta = 1.895079e-05 ; dt = 25325.7; nmult =    412
inout (power) : iter =    397 ; odelta = 1.869619e-05 ; dt = 25387.9; nmult =    413
inout (power) : iter =    398 ; odelta = 1.844510e-05 ; dt = 25450.1; nmult =    414
inout (power) : iter =    399 ; odelta = 1.819747e-05 ; dt = 25512.2; nmult =    415
inout (power) : iter =    400 ; odelta = 1.795325e-05 ; dt = 25574.4; nmult =    416
inout (power) : iter =    401 ; odelta = 1.771240e-05 ; dt = 25636.6; nmult =    417
inout (power) : iter =    402 ; odelta = 1.747486e-05 ; dt = 25698.8; nmult =    418
inout (power) : iter =    403 ; odelta = 1.724059e-05 ; dt = 25761.0; nmult =    419
inout (power) : iter =    404 ; odelta = 1.700952e-05 ; dt = 25823.2; nmult =    420
inout (power) : iter =    405 ; odelta = 1.678163e-05 ; dt = 25886.0; nmult =    421
inout (power) : iter =    406 ; odelta = 1.655687e-05 ; dt = 25948.2; nmult =    422
inout (power) : iter =    407 ; odelta = 1.633518e-05 ; dt = 26010.3; nmult =    423
inout (power) : iter =    408 ; odelta = 1.611654e-05 ; dt = 26072.4; nmult =    424
inout (power) : iter =    409 ; odelta = 1.590090e-05 ; dt = 26134.6; nmult =    425
inout (power) : iter =    410 ; odelta = 1.568822e-05 ; dt = 26196.8; nmult =    426
inout (power) : iter =    411 ; odelta = 1.547845e-05 ; dt = 26258.9; nmult =    427
inout (power) : iter =    412 ; odelta = 1.527155e-05 ; dt = 26321.0; nmult =    428
inout (power) : iter =    413 ; odelta = 1.506749e-05 ; dt = 26383.2; nmult =    429
inout (power) : iter =    414 ; odelta = 1.486621e-05 ; dt = 26445.3; nmult =    430
inout (power) : iter =    415 ; odelta = 1.466773e-05 ; dt = 26507.5; nmult =    431
inout (power) : iter =    416 ; odelta = 1.447203e-05 ; dt = 26569.6; nmult =    432
inout (power) : iter =    417 ; odelta = 1.427902e-05 ; dt = 26631.8; nmult =    433
inout (power) : iter =    418 ; odelta = 1.408864e-05 ; dt = 26694.0; nmult =    434
inout (power) : iter =    419 ; odelta = 1.390085e-05 ; dt = 26756.1; nmult =    435
inout (power) : iter =    420 ; odelta = 1.371563e-05 ; dt = 26819.0; nmult =    436
inout (power) : iter =    421 ; odelta = 1.353294e-05 ; dt = 26882.5; nmult =    437
inout (power) : iter =    422 ; odelta = 1.335274e-05 ; dt = 26944.7; nmult =    438
inout (power) : iter =    423 ; odelta = 1.317500e-05 ; dt = 27006.8; nmult =    439
inout (power) : iter =    424 ; odelta = 1.299969e-05 ; dt = 27069.0; nmult =    440
inout (power) : iter =    425 ; odelta = 1.282677e-05 ; dt = 27131.2; nmult =    441
inout (power) : iter =    426 ; odelta = 1.265625e-05 ; dt = 27193.4; nmult =    442
inout (power) : iter =    427 ; odelta = 1.248808e-05 ; dt = 27255.5; nmult =    443
inout (power) : iter =    428 ; odelta = 1.232220e-05 ; dt = 27317.8; nmult =    444
inout (power) : iter =    429 ; odelta = 1.215858e-05 ; dt = 27379.9; nmult =    445
inout (power) : iter =    430 ; odelta = 1.199729e-05 ; dt = 27442.1; nmult =    446
inout (power) : iter =    431 ; odelta = 1.183834e-05 ; dt = 27504.3; nmult =    447
inout (power) : iter =    432 ; odelta = 1.168156e-05 ; dt = 27566.4; nmult =    448
inout (power) : iter =    433 ; odelta = 1.152690e-05 ; dt = 27628.6; nmult =    449
inout (power) : iter =    434 ; odelta = 1.137434e-05 ; dt = 27690.7; nmult =    450
inout (power) : iter =    435 ; odelta = 1.122385e-05 ; dt = 27752.9; nmult =    451
inout (power) : iter =    436 ; odelta = 1.107540e-05 ; dt = 27815.0; nmult =    452
inout (power) : iter =    437 ; odelta = 1.092895e-05 ; dt = 27877.2; nmult =    453
inout (power) : iter =    438 ; odelta = 1.078449e-05 ; dt = 27939.3; nmult =    454
inout (power) : iter =    439 ; odelta = 1.064198e-05 ; dt = 28001.5; nmult =    455
inout (power) : iter =    440 ; odelta = 1.050139e-05 ; dt = 28063.6; nmult =    456
inout (power) : iter =    441 ; odelta = 1.036271e-05 ; dt = 28125.8; nmult =    457
inout (power) : iter =    442 ; odelta = 1.022590e-05 ; dt = 28187.9; nmult =    458
inout (power) : iter =    443 ; odelta = 1.009095e-05 ; dt = 28250.1; nmult =    459
inout (power) : iter =    444 ; odelta = 9.957848e-06 ; dt = 28312.3; nmult =    460
inout (power) : iter =    445 ; odelta = 9.826575e-06 ; dt = 28374.4; nmult =    461
inout (power) : iter =    446 ; odelta = 9.697147e-06 ; dt = 28436.6; nmult =    462
inout (power) : iter =    447 ; odelta = 9.569568e-06 ; dt = 28498.7; nmult =    463
inout (power) : iter =    448 ; odelta = 9.443787e-06 ; dt = 28560.9; nmult =    464
inout (power) : iter =    449 ; odelta = 9.319747e-06 ; dt = 28623.1; nmult =    465
inout (power) : iter =    450 ; odelta = 9.197391e-06 ; dt = 28685.3; nmult =    466
inout (power) : iter =    451 ; odelta = 9.076683e-06 ; dt = 28748.1; nmult =    467
inout (power) : iter =    452 ; odelta = 8.957596e-06 ; dt = 28810.3; nmult =    468
inout (power) : iter =    453 ; odelta = 8.840108e-06 ; dt = 28872.5; nmult =    469
inout (power) : iter =    454 ; odelta = 8.724194e-06 ; dt = 28934.6; nmult =    470
inout (power) : iter =    455 ; odelta = 8.609833e-06 ; dt = 28996.7; nmult =    471
inout (power) : iter =    456 ; odelta = 8.497005e-06 ; dt = 29058.9; nmult =    472
inout (power) : iter =    457 ; odelta = 8.385688e-06 ; dt = 29121.1; nmult =    473
inout (power) : iter =    458 ; odelta = 8.275870e-06 ; dt = 29183.3; nmult =    474
inout (power) : iter =    459 ; odelta = 8.167568e-06 ; dt = 29245.4; nmult =    475
inout (power) : iter =    460 ; odelta = 8.060720e-06 ; dt = 29307.6; nmult =    476
inout (power) : iter =    461 ; odelta = 7.955300e-06 ; dt = 29369.7; nmult =    477
inout (power) : iter =    462 ; odelta = 7.851294e-06 ; dt = 29431.8; nmult =    478
inout (power) : iter =    463 ; odelta = 7.748693e-06 ; dt = 29494.0; nmult =    479
inout (power) : iter =    464 ; odelta = 7.647463e-06 ; dt = 29556.1; nmult =    480
inout (power) : iter =    465 ; odelta = 7.547589e-06 ; dt = 29618.3; nmult =    481
inout (power) : iter =    466 ; odelta = 7.449096e-06 ; dt = 29680.4; nmult =    482
inout (power) : iter =    467 ; odelta = 7.351955e-06 ; dt = 29742.6; nmult =    483
inout (power) : iter =    468 ; odelta = 7.256156e-06 ; dt = 29804.8; nmult =    484
inout (power) : iter =    469 ; odelta = 7.161643e-06 ; dt = 29866.9; nmult =    485
inout (power) : iter =    470 ; odelta = 7.068396e-06 ; dt = 29929.1; nmult =    486
inout (power) : iter =    471 ; odelta = 6.976392e-06 ; dt = 29991.9; nmult =    487
inout (power) : iter =    472 ; odelta = 6.885613e-06 ; dt = 30055.4; nmult =    488
inout (power) : iter =    473 ; odelta = 6.796046e-06 ; dt = 30117.6; nmult =    489
inout (power) : iter =    474 ; odelta = 6.707705e-06 ; dt = 30179.7; nmult =    490
inout (power) : iter =    475 ; odelta = 6.620646e-06 ; dt = 30241.9; nmult =    491
inout (power) : iter =    476 ; odelta = 6.534784e-06 ; dt = 30304.1; nmult =    492
inout (power) : iter =    477 ; odelta = 6.450091e-06 ; dt = 30366.3; nmult =    493
inout (power) : iter =    478 ; odelta = 6.366534e-06 ; dt = 30428.4; nmult =    494
inout (power) : iter =    479 ; odelta = 6.284092e-06 ; dt = 30490.6; nmult =    495
inout (power) : iter =    480 ; odelta = 6.202742e-06 ; dt = 30552.8; nmult =    496
inout (power) : iter =    481 ; odelta = 6.122469e-06 ; dt = 30615.0; nmult =    497
inout (power) : iter =    482 ; odelta = 6.043265e-06 ; dt = 30677.2; nmult =    498
inout (power) : iter =    483 ; odelta = 5.965124e-06 ; dt = 30739.4; nmult =    499
inout (power) : iter =    484 ; odelta = 5.888032e-06 ; dt = 30801.6; nmult =    500
inout (power) : iter =    485 ; odelta = 5.811960e-06 ; dt = 30863.7; nmult =    501
inout (power) : iter =    486 ; odelta = 5.736893e-06 ; dt = 30926.0; nmult =    502
inout (power) : iter =    487 ; odelta = 5.662820e-06 ; dt = 30988.1; nmult =    503
inout (power) : iter =    488 ; odelta = 5.589726e-06 ; dt = 31050.3; nmult =    504
inout (power) : iter =    489 ; odelta = 5.517600e-06 ; dt = 31112.4; nmult =    505
inout (power) : iter =    490 ; odelta = 5.446433e-06 ; dt = 31174.5; nmult =    506
inout (power) : iter =    491 ; odelta = 5.376217e-06 ; dt = 31236.7; nmult =    507
inout (power) : iter =    492 ; odelta = 5.306935e-06 ; dt = 31298.9; nmult =    508
inout (power) : iter =    493 ; odelta = 5.238576e-06 ; dt = 31361.0; nmult =    509
inout (power) : iter =    494 ; odelta = 5.171130e-06 ; dt = 31423.2; nmult =    510
inout (power) : iter =    495 ; odelta = 5.104585e-06 ; dt = 31485.3; nmult =    511
inout (power) : iter =    496 ; odelta = 5.038924e-06 ; dt = 31547.5; nmult =    512
inout (power) : iter =    497 ; odelta = 4.974141e-06 ; dt = 31609.6; nmult =    513
inout (power) : iter =    498 ; odelta = 4.910221e-06 ; dt = 31671.8; nmult =    514
inout (power) : iter =    499 ; odelta = 4.847154e-06 ; dt = 31733.9; nmult =    515
inout (power) : iter =    500 ; odelta = 4.784918e-06 ; dt = 31796.1; nmult =    516
inout (power) : iter =    501 ; odelta = 4.723502e-06 ; dt = 31858.3; nmult =    517
inout (power) : iter =    502 ; odelta = 4.662898e-06 ; dt = 31920.5; nmult =    518
inout (power) : iter =    503 ; odelta = 4.603090e-06 ; dt = 31982.6; nmult =    519
inout (power) : iter =    504 ; odelta = 4.544067e-06 ; dt = 32044.8; nmult =    520
inout (power) : iter =    505 ; odelta = 4.485818e-06 ; dt = 32107.0; nmult =    521
inout (power) : iter =    506 ; odelta = 4.428336e-06 ; dt = 32169.2; nmult =    522
inout (power) : iter =    507 ; odelta = 4.371613e-06 ; dt = 32231.3; nmult =    523
inout (power) : iter =    508 ; odelta = 4.315645e-06 ; dt = 32293.5; nmult =    524
inout (power) : iter =    509 ; odelta = 4.260413e-06 ; dt = 32355.7; nmult =    525
inout (power) : iter =    510 ; odelta = 4.205911e-06 ; dt = 32417.9; nmult =    526
inout (power) : iter =    511 ; odelta = 4.152122e-06 ; dt = 32480.1; nmult =    527
inout (power) : iter =    512 ; odelta = 4.099033e-06 ; dt = 32542.3; nmult =    528
inout (power) : iter =    513 ; odelta = 4.046636e-06 ; dt = 32604.5; nmult =    529
inout (power) : iter =    514 ; odelta = 3.994923e-06 ; dt = 32666.7; nmult =    530
inout (power) : iter =    515 ; odelta = 3.943883e-06 ; dt = 32728.8; nmult =    531
inout (power) : iter =    516 ; odelta = 3.893509e-06 ; dt = 32791.0; nmult =    532
inout (power) : iter =    517 ; odelta = 3.843791e-06 ; dt = 32853.1; nmult =    533
inout (power) : iter =    518 ; odelta = 3.794723e-06 ; dt = 32915.3; nmult =    534
inout (power) : iter =    519 ; odelta = 3.746294e-06 ; dt = 32977.4; nmult =    535
inout (power) : iter =    520 ; odelta = 3.698496e-06 ; dt = 33039.6; nmult =    536
inout (power) : iter =    521 ; odelta = 3.651319e-06 ; dt = 33101.8; nmult =    537
inout (power) : iter =    522 ; odelta = 3.604758e-06 ; dt = 33165.3; nmult =    538
inout (power) : iter =    523 ; odelta = 3.558802e-06 ; dt = 33227.4; nmult =    539
inout (power) : iter =    524 ; odelta = 3.513443e-06 ; dt = 33289.6; nmult =    540
inout (power) : iter =    525 ; odelta = 3.468674e-06 ; dt = 33351.7; nmult =    541
inout (power) : iter =    526 ; odelta = 3.424486e-06 ; dt = 33413.9; nmult =    542
inout (power) : iter =    527 ; odelta = 3.380873e-06 ; dt = 33476.1; nmult =    543
inout (power) : iter =    528 ; odelta = 3.337827e-06 ; dt = 33538.3; nmult =    544
inout (power) : iter =    529 ; odelta = 3.295342e-06 ; dt = 33600.4; nmult =    545
inout (power) : iter =    530 ; odelta = 3.253409e-06 ; dt = 33662.6; nmult =    546
inout (power) : iter =    531 ; odelta = 3.212022e-06 ; dt = 33724.7; nmult =    547
inout (power) : iter =    532 ; odelta = 3.171171e-06 ; dt = 33786.9; nmult =    548
inout (power) : iter =    533 ; odelta = 3.130849e-06 ; dt = 33849.1; nmult =    549
inout (power) : iter =    534 ; odelta = 3.091051e-06 ; dt = 33911.3; nmult =    550
inout (power) : iter =    535 ; odelta = 3.051767e-06 ; dt = 33973.5; nmult =    551
inout (power) : iter =    536 ; odelta = 3.012994e-06 ; dt = 34035.7; nmult =    552
inout (power) : iter =    537 ; odelta = 2.974729e-06 ; dt = 34097.9; nmult =    553
inout (power) : iter =    538 ; odelta = 2.936959e-06 ; dt = 34160.0; nmult =    554
inout (power) : iter =    539 ; odelta = 2.899678e-06 ; dt = 34222.2; nmult =    555
inout (power) : iter =    540 ; odelta = 2.862880e-06 ; dt = 34284.4; nmult =    556
inout (power) : iter =    541 ; odelta = 2.826558e-06 ; dt = 34346.6; nmult =    557
inout (power) : iter =    542 ; odelta = 2.790706e-06 ; dt = 34408.8; nmult =    558
inout (power) : iter =    543 ; odelta = 2.755320e-06 ; dt = 34470.9; nmult =    559
inout (power) : iter =    544 ; odelta = 2.720391e-06 ; dt = 34533.0; nmult =    560
inout (power) : iter =    545 ; odelta = 2.685916e-06 ; dt = 34595.2; nmult =    561
inout (power) : iter =    546 ; odelta = 2.651891e-06 ; dt = 34657.4; nmult =    562
inout (power) : iter =    547 ; odelta = 2.618307e-06 ; dt = 34719.5; nmult =    563
inout (power) : iter =    548 ; odelta = 2.585155e-06 ; dt = 34781.7; nmult =    564
inout (power) : iter =    549 ; odelta = 2.552433e-06 ; dt = 34843.8; nmult =    565
inout (power) : iter =    550 ; odelta = 2.520133e-06 ; dt = 34906.0; nmult =    566
inout (power) : iter =    551 ; odelta = 2.488250e-06 ; dt = 34968.1; nmult =    567
inout (power) : iter =    552 ; odelta = 2.456782e-06 ; dt = 35030.3; nmult =    568
inout (power) : iter =    553 ; odelta = 2.425726e-06 ; dt = 35092.5; nmult =    569
inout (power) : iter =    554 ; odelta = 2.395073e-06 ; dt = 35154.6; nmult =    570
inout (power) : iter =    555 ; odelta = 2.364820e-06 ; dt = 35216.8; nmult =    571
inout (power) : iter =    556 ; odelta = 2.334962e-06 ; dt = 35279.0; nmult =    572
inout (power) : iter =    557 ; odelta = 2.305492e-06 ; dt = 35341.1; nmult =    573
inout (power) : iter =    558 ; odelta = 2.276402e-06 ; dt = 35403.3; nmult =    574
inout (power) : iter =    559 ; odelta = 2.247686e-06 ; dt = 35465.5; nmult =    575
inout (power) : iter =    560 ; odelta = 2.219339e-06 ; dt = 35527.7; nmult =    576
inout (power) : iter =    561 ; odelta = 2.191356e-06 ; dt = 35589.9; nmult =    577
inout (power) : iter =    562 ; odelta = 2.163733e-06 ; dt = 35652.0; nmult =    578
inout (power) : iter =    563 ; odelta = 2.136465e-06 ; dt = 35714.2; nmult =    579
inout (power) : iter =    564 ; odelta = 2.109548e-06 ; dt = 35776.4; nmult =    580
inout (power) : iter =    565 ; odelta = 2.082977e-06 ; dt = 35838.6; nmult =    581
inout (power) : iter =    566 ; odelta = 2.056748e-06 ; dt = 35900.8; nmult =    582
inout (power) : iter =    567 ; odelta = 2.030855e-06 ; dt = 35963.0; nmult =    583
inout (power) : iter =    568 ; odelta = 2.005294e-06 ; dt = 36025.2; nmult =    584
inout (power) : iter =    569 ; odelta = 1.980062e-06 ; dt = 36087.4; nmult =    585
inout (power) : iter =    570 ; odelta = 1.955154e-06 ; dt = 36149.5; nmult =    586
inout (power) : iter =    571 ; odelta = 1.930565e-06 ; dt = 36211.6; nmult =    587
inout (power) : iter =    572 ; odelta = 1.906291e-06 ; dt = 36274.5; nmult =    588
inout (power) : iter =    573 ; odelta = 1.882328e-06 ; dt = 36336.6; nmult =    589
inout (power) : iter =    574 ; odelta = 1.858672e-06 ; dt = 36398.8; nmult =    590
inout (power) : iter =    575 ; odelta = 1.835318e-06 ; dt = 36460.9; nmult =    591
inout (power) : iter =    576 ; odelta = 1.812264e-06 ; dt = 36523.1; nmult =    592
inout (power) : iter =    577 ; odelta = 1.789505e-06 ; dt = 36585.3; nmult =    593
inout (power) : iter =    578 ; odelta = 1.767037e-06 ; dt = 36647.4; nmult =    594
inout (power) : iter =    579 ; odelta = 1.744856e-06 ; dt = 36709.6; nmult =    595
inout (power) : iter =    580 ; odelta = 1.722960e-06 ; dt = 36771.8; nmult =    596
inout (power) : iter =    581 ; odelta = 1.701343e-06 ; dt = 36834.0; nmult =    597
inout (power) : iter =    582 ; odelta = 1.680003e-06 ; dt = 36896.1; nmult =    598
inout (power) : iter =    583 ; odelta = 1.658935e-06 ; dt = 36958.3; nmult =    599
inout (power) : iter =    584 ; odelta = 1.638135e-06 ; dt = 37020.5; nmult =    600
inout (power) : iter =    585 ; odelta = 1.617601e-06 ; dt = 37082.6; nmult =    601
inout (power) : iter =    586 ; odelta = 1.597330e-06 ; dt = 37144.8; nmult =    602
inout (power) : iter =    587 ; odelta = 1.577317e-06 ; dt = 37206.9; nmult =    603
inout (power) : iter =    588 ; odelta = 1.557561e-06 ; dt = 37269.0; nmult =    604
inout (power) : iter =    589 ; odelta = 1.538058e-06 ; dt = 37331.1; nmult =    605
inout (power) : iter =    590 ; odelta = 1.518803e-06 ; dt = 37393.3; nmult =    606
inout (power) : iter =    591 ; odelta = 1.499794e-06 ; dt = 37455.4; nmult =    607
inout (power) : iter =    592 ; odelta = 1.481027e-06 ; dt = 37517.6; nmult =    608
inout (power) : iter =    593 ; odelta = 1.462500e-06 ; dt = 37579.7; nmult =    609
inout (power) : iter =    594 ; odelta = 1.444208e-06 ; dt = 37641.8; nmult =    610
inout (power) : iter =    595 ; odelta = 1.426149e-06 ; dt = 37704.0; nmult =    611
inout (power) : iter =    596 ; odelta = 1.408320e-06 ; dt = 37766.1; nmult =    612
inout (power) : iter =    597 ; odelta = 1.390718e-06 ; dt = 37828.3; nmult =    613
inout (power) : iter =    598 ; odelta = 1.373340e-06 ; dt = 37890.4; nmult =    614
inout (power) : iter =    599 ; odelta = 1.356183e-06 ; dt = 37952.5; nmult =    615
inout (power) : iter =    600 ; odelta = 1.339244e-06 ; dt = 38014.7; nmult =    616
inout (power) : iter =    601 ; odelta = 1.322521e-06 ; dt = 38076.8; nmult =    617
inout (power) : iter =    602 ; odelta = 1.306014e-06 ; dt = 38138.9; nmult =    618
inout (power) : iter =    603 ; odelta = 1.289716e-06 ; dt = 38201.0; nmult =    619
inout (power) : iter =    604 ; odelta = 1.273626e-06 ; dt = 38263.2; nmult =    620
inout (power) : iter =    605 ; odelta = 1.257741e-06 ; dt = 38325.3; nmult =    621
inout (power) : iter =    606 ; odelta = 1.242058e-06 ; dt = 38387.5; nmult =    622
inout (power) : iter =    607 ; odelta = 1.226574e-06 ; dt = 38449.6; nmult =    623
inout (power) : iter =    608 ; odelta = 1.211288e-06 ; dt = 38511.7; nmult =    624
inout (power) : iter =    609 ; odelta = 1.196197e-06 ; dt = 38574.5; nmult =    625
inout (power) : iter =    610 ; odelta = 1.181301e-06 ; dt = 38636.7; nmult =    626
inout (power) : iter =    611 ; odelta = 1.166594e-06 ; dt = 38698.8; nmult =    627
inout (power) : iter =    612 ; odelta = 1.152074e-06 ; dt = 38760.9; nmult =    628
inout (power) : iter =    613 ; odelta = 1.137737e-06 ; dt = 38823.1; nmult =    629
inout (power) : iter =    614 ; odelta = 1.123583e-06 ; dt = 38885.2; nmult =    630
inout (power) : iter =    615 ; odelta = 1.109608e-06 ; dt = 38947.3; nmult =    631
inout (power) : iter =    616 ; odelta = 1.095809e-06 ; dt = 39009.5; nmult =    632
inout (power) : iter =    617 ; odelta = 1.082186e-06 ; dt = 39071.6; nmult =    633
inout (power) : iter =    618 ; odelta = 1.068735e-06 ; dt = 39133.7; nmult =    634
inout (power) : iter =    619 ; odelta = 1.055455e-06 ; dt = 39195.9; nmult =    635
inout (power) : iter =    620 ; odelta = 1.042346e-06 ; dt = 39258.0; nmult =    636
inout (power) : iter =    621 ; odelta = 1.029405e-06 ; dt = 39320.1; nmult =    637
inout (power) : iter =    622 ; odelta = 1.016627e-06 ; dt = 39382.2; nmult =    638
inout (power) : iter =    623 ; odelta = 1.004011e-06 ; dt = 39444.4; nmult =    639
inout (power) : iter =    624 ; odelta = 9.915544e-07 ; dt = 39506.5; nmult =    640
inout (power) : iter =    625 ; odelta = 9.792550e-07 ; dt = 39568.6; nmult =    641
inout (power) : iter =    626 ; odelta = 9.671112e-07 ; dt = 39630.8; nmult =    642
inout (power) : iter =    627 ; odelta = 9.551206e-07 ; dt = 39692.9; nmult =    643
inout (power) : iter =    628 ; odelta = 9.432812e-07 ; dt = 39755.0; nmult =    644
inout (power) : iter =    629 ; odelta = 9.315910e-07 ; dt = 39817.1; nmult =    645
inout (power) : iter =    630 ; odelta = 9.200483e-07 ; dt = 39879.3; nmult =    646
inout (power) : iter =    631 ; odelta = 9.086510e-07 ; dt = 39941.4; nmult =    647
inout (power) : iter =    632 ; odelta = 8.973975e-07 ; dt = 40003.5; nmult =    648
inout (power) : iter =    633 ; odelta = 8.862861e-07 ; dt = 40065.7; nmult =    649
inout (power) : iter =    634 ; odelta = 8.753145e-07 ; dt = 40127.8; nmult =    650
inout (power) : iter =    635 ; odelta = 8.644811e-07 ; dt = 40189.9; nmult =    651
inout (power) : iter =    636 ; odelta = 8.537840e-07 ; dt = 40252.1; nmult =    652
inout (power) : iter =    637 ; odelta = 8.432218e-07 ; dt = 40314.2; nmult =    653
inout (power) : iter =    638 ; odelta = 8.327927e-07 ; dt = 40376.3; nmult =    654
inout (power) : iter =    639 ; odelta = 8.224949e-07 ; dt = 40438.4; nmult =    655
inout (power) : iter =    640 ; odelta = 8.123265e-07 ; dt = 40500.6; nmult =    656
inout (power) : iter =    641 ; odelta = 8.022859e-07 ; dt = 40562.7; nmult =    657
inout (power) : iter =    642 ; odelta = 7.923714e-07 ; dt = 40624.8; nmult =    658
inout (power) : iter =    643 ; odelta = 7.825815e-07 ; dt = 40687.0; nmult =    659
inout (power) : iter =    644 ; odelta = 7.729142e-07 ; dt = 40749.1; nmult =    660
inout (power) : iter =    645 ; odelta = 7.633684e-07 ; dt = 40811.2; nmult =    661
inout (power) : iter =    646 ; odelta = 7.539423e-07 ; dt = 40873.4; nmult =    662
inout (power) : iter =    647 ; odelta = 7.446346e-07 ; dt = 40935.5; nmult =    663
inout (power) : iter =    648 ; odelta = 7.354437e-07 ; dt = 40997.6; nmult =    664
inout (power) : iter =    649 ; odelta = 7.263680e-07 ; dt = 41059.7; nmult =    665
inout (power) : iter =    650 ; odelta = 7.174064e-07 ; dt = 41121.9; nmult =    666
inout (power) : iter =    651 ; odelta = 7.085572e-07 ; dt = 41184.0; nmult =    667
inout (power) : iter =    652 ; odelta = 6.998188e-07 ; dt = 41246.1; nmult =    668
inout (power) : iter =    653 ; odelta = 6.911900e-07 ; dt = 41308.3; nmult =    669
inout (power) : iter =    654 ; odelta = 6.826693e-07 ; dt = 41370.4; nmult =    670
inout (power) : iter =    655 ; odelta = 6.742553e-07 ; dt = 41432.5; nmult =    671
inout (power) : iter =    656 ; odelta = 6.659465e-07 ; dt = 41494.7; nmult =    672
inout (power) : iter =    657 ; odelta = 6.577417e-07 ; dt = 41556.8; nmult =    673
inout (power) : iter =    658 ; odelta = 6.496397e-07 ; dt = 41618.9; nmult =    674
inout (power) : iter =    659 ; odelta = 6.416390e-07 ; dt = 41681.1; nmult =    675
inout (power) : iter =    660 ; odelta = 6.337385e-07 ; dt = 41743.2; nmult =    676
inout (power) : iter =    661 ; odelta = 6.259368e-07 ; dt = 41805.3; nmult =    677
inout (power) : iter =    662 ; odelta = 6.182329e-07 ; dt = 41867.5; nmult =    678
inout (power) : iter =    663 ; odelta = 6.106255e-07 ; dt = 41929.6; nmult =    679
inout (power) : iter =    664 ; odelta = 6.031133e-07 ; dt = 41991.7; nmult =    680
inout (power) : iter =    665 ; odelta = 5.956951e-07 ; dt = 42053.9; nmult =    681
inout (power) : iter =    666 ; odelta = 5.883696e-07 ; dt = 42116.0; nmult =    682
inout (power) : iter =    667 ; odelta = 5.811357e-07 ; dt = 42178.1; nmult =    683
inout (power) : iter =    668 ; odelta = 5.739923e-07 ; dt = 42240.3; nmult =    684
inout (power) : iter =    669 ; odelta = 5.669382e-07 ; dt = 42303.1; nmult =    685
inout (power) : iter =    670 ; odelta = 5.599720e-07 ; dt = 42365.2; nmult =    686
inout (power) : iter =    671 ; odelta = 5.530928e-07 ; dt = 42427.3; nmult =    687
inout (power) : iter =    672 ; odelta = 5.462994e-07 ; dt = 42489.5; nmult =    688
inout (power) : iter =    673 ; odelta = 5.395909e-07 ; dt = 42551.6; nmult =    689
inout (power) : iter =    674 ; odelta = 5.329662e-07 ; dt = 42613.7; nmult =    690
inout (power) : iter =    675 ; odelta = 5.264240e-07 ; dt = 42675.8; nmult =    691
inout (power) : iter =    676 ; odelta = 5.199635e-07 ; dt = 42738.0; nmult =    692
inout (power) : iter =    677 ; odelta = 5.135836e-07 ; dt = 42800.1; nmult =    693
inout (power) : iter =    678 ; odelta = 5.072832e-07 ; dt = 42862.3; nmult =    694
inout (power) : iter =    679 ; odelta = 5.010613e-07 ; dt = 42924.4; nmult =    695
inout (power) : iter =    680 ; odelta = 4.949168e-07 ; dt = 42986.5; nmult =    696
inout (power) : iter =    681 ; odelta = 4.888490e-07 ; dt = 43048.6; nmult =    697
inout (power) : iter =    682 ; odelta = 4.828567e-07 ; dt = 43110.8; nmult =    698
inout (power) : iter =    683 ; odelta = 4.769393e-07 ; dt = 43172.9; nmult =    699
inout (power) : iter =    684 ; odelta = 4.710956e-07 ; dt = 43235.1; nmult =    700
inout (power) : iter =    685 ; odelta = 4.653247e-07 ; dt = 43297.2; nmult =    701
inout (power) : iter =    686 ; odelta = 4.596261e-07 ; dt = 43359.3; nmult =    702
inout (power) : iter =    687 ; odelta = 4.539984e-07 ; dt = 43421.4; nmult =    703
inout (power) : iter =    688 ; odelta = 4.484407e-07 ; dt = 43483.6; nmult =    704
inout (power) : iter =    689 ; odelta = 4.429521e-07 ; dt = 43545.7; nmult =    705
inout (power) : iter =    690 ; odelta = 4.375318e-07 ; dt = 43607.9; nmult =    706
inout (power) : iter =    691 ; odelta = 4.321790e-07 ; dt = 43670.0; nmult =    707
inout (power) : iter =    692 ; odelta = 4.268926e-07 ; dt = 43732.1; nmult =    708
inout (power) : iter =    693 ; odelta = 4.216719e-07 ; dt = 43794.2; nmult =    709
inout (power) : iter =    694 ; odelta = 4.165159e-07 ; dt = 43856.4; nmult =    710
inout (power) : iter =    695 ; odelta = 4.114250e-07 ; dt = 43918.5; nmult =    711
inout (power) : iter =    696 ; odelta = 4.063982e-07 ; dt = 43980.7; nmult =    712
inout (power) : iter =    697 ; odelta = 4.014339e-07 ; dt = 44042.8; nmult =    713
inout (power) : iter =    698 ; odelta = 3.965315e-07 ; dt = 44104.9; nmult =    714
inout (power) : iter =    699 ; odelta = 3.916901e-07 ; dt = 44167.0; nmult =    715
inout (power) : iter =    700 ; odelta = 3.869089e-07 ; dt = 44229.2; nmult =    716
inout (power) : iter =    701 ; odelta = 3.821874e-07 ; dt = 44291.3; nmult =    717
inout (power) : iter =    702 ; odelta = 3.775243e-07 ; dt = 44353.5; nmult =    718
inout (power) : iter =    703 ; odelta = 3.729191e-07 ; dt = 44415.6; nmult =    719
inout (power) : iter =    704 ; odelta = 3.683710e-07 ; dt = 44477.7; nmult =    720
inout (power) : iter =    705 ; odelta = 3.638791e-07 ; dt = 44539.8; nmult =    721
inout (power) : iter =    706 ; odelta = 3.594429e-07 ; dt = 44602.0; nmult =    722
inout (power) : iter =    707 ; odelta = 3.550616e-07 ; dt = 44664.1; nmult =    723
inout (power) : iter =    708 ; odelta = 3.507345e-07 ; dt = 44726.3; nmult =    724
inout (power) : iter =    709 ; odelta = 3.464610e-07 ; dt = 44788.4; nmult =    725
inout (power) : iter =    710 ; odelta = 3.422405e-07 ; dt = 44851.2; nmult =    726
inout (power) : iter =    711 ; odelta = 3.380722e-07 ; dt = 44913.3; nmult =    727
inout (power) : iter =    712 ; odelta = 3.339555e-07 ; dt = 44975.5; nmult =    728
inout (power) : iter =    713 ; odelta = 3.298897e-07 ; dt = 45037.6; nmult =    729
inout (power) : iter =    714 ; odelta = 3.258742e-07 ; dt = 45099.7; nmult =    730
inout (power) : iter =    715 ; odelta = 3.219083e-07 ; dt = 45162.5; nmult =    731
inout (power) : iter =    716 ; odelta = 3.179914e-07 ; dt = 45225.4; nmult =    732
inout (power) : iter =    717 ; odelta = 3.141228e-07 ; dt = 45287.5; nmult =    733
inout (power) : iter =    718 ; odelta = 3.103020e-07 ; dt = 45349.6; nmult =    734
inout (power) : iter =    719 ; odelta = 3.065284e-07 ; dt = 45412.4; nmult =    735
inout (power) : iter =    720 ; odelta = 3.028014e-07 ; dt = 45474.5; nmult =    736
inout (power) : iter =    721 ; odelta = 2.991203e-07 ; dt = 45536.7; nmult =    737
inout (power) : iter =    722 ; odelta = 2.954849e-07 ; dt = 45598.8; nmult =    738
inout (power) : iter =    723 ; odelta = 2.918943e-07 ; dt = 45661.6; nmult =    739
inout (power) : iter =    724 ; odelta = 2.883480e-07 ; dt = 45724.4; nmult =    740
inout (power) : iter =    725 ; odelta = 2.848454e-07 ; dt = 45787.9; nmult =    741
inout (power) : iter =    726 ; odelta = 2.813860e-07 ; dt = 45850.0; nmult =    742
inout (power) : iter =    727 ; odelta = 2.779693e-07 ; dt = 45912.1; nmult =    743
inout (power) : iter =    728 ; odelta = 2.745947e-07 ; dt = 45974.2; nmult =    744
inout (power) : iter =    729 ; odelta = 2.712617e-07 ; dt = 46036.4; nmult =    745
inout (power) : iter =    730 ; odelta = 2.679698e-07 ; dt = 46098.5; nmult =    746
inout (power) : iter =    731 ; odelta = 2.647185e-07 ; dt = 46160.6; nmult =    747
inout (power) : iter =    732 ; odelta = 2.615073e-07 ; dt = 46222.7; nmult =    748
inout (power) : iter =    733 ; odelta = 2.583358e-07 ; dt = 46284.8; nmult =    749
inout (power) : iter =    734 ; odelta = 2.552034e-07 ; dt = 46347.0; nmult =    750
inout (power) : iter =    735 ; odelta = 2.521099e-07 ; dt = 46409.1; nmult =    751
inout (power) : iter =    736 ; odelta = 2.490555e-07 ; dt = 46471.3; nmult =    752
inout (power) : iter =    737 ; odelta = 2.460399e-07 ; dt = 46533.4; nmult =    753
inout (power) : iter =    738 ; odelta = 2.430621e-07 ; dt = 46595.5; nmult =    754
inout (power) : iter =    739 ; odelta = 2.401213e-07 ; dt = 46657.6; nmult =    755
inout (power) : iter =    740 ; odelta = 2.372167e-07 ; dt = 46719.8; nmult =    756
inout (power) : iter =    741 ; odelta = 2.343477e-07 ; dt = 46781.9; nmult =    757
inout (power) : iter =    742 ; odelta = 2.315139e-07 ; dt = 46844.0; nmult =    758
inout (power) : iter =    743 ; odelta = 2.287149e-07 ; dt = 46906.1; nmult =    759
inout (power) : iter =    744 ; odelta = 2.259503e-07 ; dt = 46968.3; nmult =    760
inout (power) : iter =    745 ; odelta = 2.232195e-07 ; dt = 47030.4; nmult =    761
inout (power) : iter =    746 ; odelta = 2.205223e-07 ; dt = 47092.5; nmult =    762
inout (power) : iter =    747 ; odelta = 2.178582e-07 ; dt = 47154.6; nmult =    763
inout (power) : iter =    748 ; odelta = 2.152267e-07 ; dt = 47216.8; nmult =    764
inout (power) : iter =    749 ; odelta = 2.126276e-07 ; dt = 47278.9; nmult =    765
inout (power) : iter =    750 ; odelta = 2.100604e-07 ; dt = 47341.0; nmult =    766
inout (power) : iter =    751 ; odelta = 2.075247e-07 ; dt = 47403.1; nmult =    767
inout (power) : iter =    752 ; odelta = 2.050201e-07 ; dt = 47465.2; nmult =    768
inout (power) : iter =    753 ; odelta = 2.025462e-07 ; dt = 47527.4; nmult =    769
inout (power) : iter =    754 ; odelta = 2.001025e-07 ; dt = 47589.5; nmult =    770
inout (power) : iter =    755 ; odelta = 1.976887e-07 ; dt = 47651.6; nmult =    771
inout (power) : iter =    756 ; odelta = 1.953045e-07 ; dt = 47713.7; nmult =    772
inout (power) : iter =    757 ; odelta = 1.929494e-07 ; dt = 47775.9; nmult =    773
inout (power) : iter =    758 ; odelta = 1.906232e-07 ; dt = 47838.0; nmult =    774
inout (power) : iter =    759 ; odelta = 1.883255e-07 ; dt = 47900.1; nmult =    775
inout (power) : iter =    760 ; odelta = 1.860558e-07 ; dt = 47962.2; nmult =    776
inout (power) : iter =    761 ; odelta = 1.838139e-07 ; dt = 48024.4; nmult =    777
inout (power) : iter =    762 ; odelta = 1.815994e-07 ; dt = 48086.5; nmult =    778
inout (power) : iter =    763 ; odelta = 1.794119e-07 ; dt = 48148.6; nmult =    779
inout (power) : iter =    764 ; odelta = 1.772512e-07 ; dt = 48210.7; nmult =    780
inout (power) : iter =    765 ; odelta = 1.751169e-07 ; dt = 48272.8; nmult =    781
inout (power) : iter =    766 ; odelta = 1.730087e-07 ; dt = 48335.0; nmult =    782
inout (power) : iter =    767 ; odelta = 1.709262e-07 ; dt = 48397.8; nmult =    783
inout (power) : iter =    768 ; odelta = 1.688692e-07 ; dt = 48460.0; nmult =    784
inout (power) : iter =    769 ; odelta = 1.668372e-07 ; dt = 48522.1; nmult =    785
inout (power) : iter =    770 ; odelta = 1.648301e-07 ; dt = 48584.2; nmult =    786
inout (power) : iter =    771 ; odelta = 1.628476e-07 ; dt = 48646.3; nmult =    787
inout (power) : iter =    772 ; odelta = 1.608892e-07 ; dt = 48708.4; nmult =    788
inout (power) : iter =    773 ; odelta = 1.589547e-07 ; dt = 48770.6; nmult =    789
inout (power) : iter =    774 ; odelta = 1.570438e-07 ; dt = 48832.7; nmult =    790
inout (power) : iter =    775 ; odelta = 1.551563e-07 ; dt = 48894.8; nmult =    791
inout (power) : iter =    776 ; odelta = 1.532921e-07 ; dt = 48958.1; nmult =    792
inout (power) : iter =    777 ; odelta = 1.514507e-07 ; dt = 49020.3; nmult =    793
inout (power) : iter =    778 ; odelta = 1.496317e-07 ; dt = 49082.4; nmult =    794
inout (power) : iter =    779 ; odelta = 1.478350e-07 ; dt = 49144.5; nmult =    795
inout (power) : iter =    780 ; odelta = 1.460601e-07 ; dt = 49206.7; nmult =    796
inout (power) : iter =    781 ; odelta = 1.443069e-07 ; dt = 49268.8; nmult =    797
inout (power) : iter =    782 ; odelta = 1.425750e-07 ; dt = 49330.9; nmult =    798
inout (power) : iter =    783 ; odelta = 1.408642e-07 ; dt = 49393.0; nmult =    799
inout (power) : iter =    784 ; odelta = 1.391742e-07 ; dt = 49455.2; nmult =    800
inout (power) : iter =    785 ; odelta = 1.375048e-07 ; dt = 49517.3; nmult =    801
inout (power) : iter =    786 ; odelta = 1.358557e-07 ; dt = 49579.4; nmult =    802
inout (power) : iter =    787 ; odelta = 1.342266e-07 ; dt = 49641.5; nmult =    803
inout (power) : iter =    788 ; odelta = 1.326174e-07 ; dt = 49703.7; nmult =    804
inout (power) : iter =    789 ; odelta = 1.310276e-07 ; dt = 49765.8; nmult =    805
inout (power) : iter =    790 ; odelta = 1.294572e-07 ; dt = 49828.0; nmult =    806
inout (power) : iter =    791 ; odelta = 1.279059e-07 ; dt = 49890.1; nmult =    807
inout (power) : iter =    792 ; odelta = 1.263735e-07 ; dt = 49952.2; nmult =    808
inout (power) : iter =    793 ; odelta = 1.248596e-07 ; dt = 50014.3; nmult =    809
inout (power) : iter =    794 ; odelta = 1.233642e-07 ; dt = 50076.5; nmult =    810
inout (power) : iter =    795 ; odelta = 1.218869e-07 ; dt = 50138.6; nmult =    811
inout (power) : iter =    796 ; odelta = 1.204276e-07 ; dt = 50200.7; nmult =    812
inout (power) : iter =    797 ; odelta = 1.189860e-07 ; dt = 50262.8; nmult =    813
inout (power) : iter =    798 ; odelta = 1.175619e-07 ; dt = 50324.9; nmult =    814
inout (power) : iter =    799 ; odelta = 1.161551e-07 ; dt = 50387.0; nmult =    815
inout (power) : iter =    800 ; odelta = 1.147653e-07 ; dt = 50449.2; nmult =    816
inout (power) : iter =    801 ; odelta = 1.133923e-07 ; dt = 50511.3; nmult =    817
inout (power) : iter =    802 ; odelta = 1.120360e-07 ; dt = 50573.4; nmult =    818
inout (power) : iter =    803 ; odelta = 1.106963e-07 ; dt = 50635.5; nmult =    819
inout (power) : iter =    804 ; odelta = 1.093729e-07 ; dt = 50697.6; nmult =    820
inout (power) : iter =    805 ; odelta = 1.080656e-07 ; dt = 50759.7; nmult =    821
inout (power) : iter =    806 ; odelta = 1.067743e-07 ; dt = 50821.8; nmult =    822
inout (power) : iter =    807 ; odelta = 1.054986e-07 ; dt = 50884.6; nmult =    823
inout (power) : iter =    808 ; odelta = 1.042383e-07 ; dt = 50946.8; nmult =    824
inout (power) : iter =    809 ; odelta = 1.029934e-07 ; dt = 51008.9; nmult =    825
inout (power) : iter =    810 ; odelta = 1.017636e-07 ; dt = 51071.0; nmult =    826
inout (power) : iter =    811 ; odelta = 1.005488e-07 ; dt = 51133.1; nmult =    827
inout (power) : iter =    812 ; odelta = 9.934873e-08 ; dt = 51195.3; nmult =    828
inout(b=0.5000,it=1.000000e-02) : solved pagerank(a=0.9900) in   828 mults to 1.000000e-07 tol
output norm: 1.0000000000000000e+00
