Parameters: 
   graphfile = /var/tmp/dgleich/data/sk-2005
      output = none
         alg = power
       alpha = 0.99
         tol = 1e-07
       maxit = 10000

nodes = 50636154
edges = 1949412601
power : iter =      1 ; delta = 1.322439e+00 ; dt =    20.1 sec
power : iter =      2 ; delta = 5.760001e-01 ; dt =    40.6 sec
power : iter =      3 ; delta = 2.705331e-01 ; dt =    61.8 sec
power : iter =      4 ; delta = 1.531307e-01 ; dt =    83.3 sec
power : iter =      5 ; delta = 1.031865e-01 ; dt =   103.8 sec
power : iter =      6 ; delta = 7.826971e-02 ; dt =   125.1 sec
power : iter =      7 ; delta = 6.361939e-02 ; dt =   145.6 sec
power : iter =      8 ; delta = 5.403497e-02 ; dt =   166.1 sec
power : iter =      9 ; delta = 4.676483e-02 ; dt =   186.6 sec
power : iter =     10 ; delta = 4.132240e-02 ; dt =   207.1 sec
power : iter =     11 ; delta = 3.709635e-02 ; dt =   227.6 sec
power : iter =     12 ; delta = 3.362423e-02 ; dt =   248.1 sec
power : iter =     13 ; delta = 3.080497e-02 ; dt =   268.5 sec
power : iter =     14 ; delta = 2.840292e-02 ; dt =   289.0 sec
power : iter =     15 ; delta = 2.630883e-02 ; dt =   309.4 sec
power : iter =     16 ; delta = 2.451416e-02 ; dt =   329.8 sec
power : iter =     17 ; delta = 2.284630e-02 ; dt =   350.3 sec
power : iter =     18 ; delta = 2.146158e-02 ; dt =   370.7 sec
power : iter =     19 ; delta = 2.016039e-02 ; dt =   391.1 sec
power : iter =     20 ; delta = 1.904441e-02 ; dt =   411.6 sec
power : iter =     21 ; delta = 1.803696e-02 ; dt =   432.1 sec
power : iter =     22 ; delta = 1.710268e-02 ; dt =   452.6 sec
power : iter =     23 ; delta = 1.626762e-02 ; dt =   473.8 sec
power : iter =     24 ; delta = 1.551760e-02 ; dt =   494.3 sec
power : iter =     25 ; delta = 1.481953e-02 ; dt =   514.8 sec
power : iter =     26 ; delta = 1.418252e-02 ; dt =   535.2 sec
power : iter =     27 ; delta = 1.359180e-02 ; dt =   555.7 sec
power : iter =     28 ; delta = 1.303538e-02 ; dt =   576.2 sec
power : iter =     29 ; delta = 1.251704e-02 ; dt =   596.7 sec
power : iter =     30 ; delta = 1.203110e-02 ; dt =   617.2 sec
power : iter =     31 ; delta = 1.157260e-02 ; dt =   637.7 sec
power : iter =     32 ; delta = 1.115020e-02 ; dt =   658.2 sec
power : iter =     33 ; delta = 1.073805e-02 ; dt =   678.6 sec
power : iter =     34 ; delta = 1.035850e-02 ; dt =   699.2 sec
power : iter =     35 ; delta = 9.992945e-03 ; dt =   719.7 sec
power : iter =     36 ; delta = 9.648600e-03 ; dt =   740.2 sec
power : iter =     37 ; delta = 9.328202e-03 ; dt =   760.6 sec
power : iter =     38 ; delta = 9.012098e-03 ; dt =   781.2 sec
power : iter =     39 ; delta = 8.721416e-03 ; dt =   801.8 sec
power : iter =     40 ; delta = 8.443797e-03 ; dt =   822.4 sec
power : iter =     41 ; delta = 8.180077e-03 ; dt =   842.8 sec
power : iter =     42 ; delta = 7.938661e-03 ; dt =   863.3 sec
power : iter =     43 ; delta = 7.703879e-03 ; dt =   883.8 sec
power : iter =     44 ; delta = 7.484966e-03 ; dt =   904.3 sec
power : iter =     45 ; delta = 7.275567e-03 ; dt =   924.8 sec
power : iter =     46 ; delta = 7.076336e-03 ; dt =   945.2 sec
power : iter =     47 ; delta = 6.888742e-03 ; dt =   965.7 sec
power : iter =     48 ; delta = 6.709312e-03 ; dt =   986.1 sec
power : iter =     49 ; delta = 6.537232e-03 ; dt =  1006.6 sec
power : iter =     50 ; delta = 6.379073e-03 ; dt =  1027.0 sec
power : iter =     51 ; delta = 6.226944e-03 ; dt =  1047.5 sec
power : iter =     52 ; delta = 6.086875e-03 ; dt =  1068.0 sec
power : iter =     53 ; delta = 5.950123e-03 ; dt =  1088.3 sec
power : iter =     54 ; delta = 5.816861e-03 ; dt =  1108.7 sec
power : iter =     55 ; delta = 5.688688e-03 ; dt =  1129.2 sec
power : iter =     56 ; delta = 5.563255e-03 ; dt =  1149.7 sec
power : iter =     57 ; delta = 5.443537e-03 ; dt =  1170.2 sec
power : iter =     58 ; delta = 5.327539e-03 ; dt =  1190.6 sec
power : iter =     59 ; delta = 5.212765e-03 ; dt =  1211.1 sec
power : iter =     60 ; delta = 5.103781e-03 ; dt =  1231.6 sec
power : iter =     61 ; delta = 4.996547e-03 ; dt =  1252.0 sec
power : iter =     62 ; delta = 4.895310e-03 ; dt =  1272.5 sec
power : iter =     63 ; delta = 4.795782e-03 ; dt =  1293.0 sec
power : iter =     64 ; delta = 4.699811e-03 ; dt =  1313.4 sec
power : iter =     65 ; delta = 4.605372e-03 ; dt =  1333.9 sec
power : iter =     66 ; delta = 4.513817e-03 ; dt =  1354.3 sec
power : iter =     67 ; delta = 4.424696e-03 ; dt =  1374.8 sec
power : iter =     68 ; delta = 4.338205e-03 ; dt =  1395.3 sec
power : iter =     69 ; delta = 4.253768e-03 ; dt =  1415.7 sec
power : iter =     70 ; delta = 4.170904e-03 ; dt =  1436.3 sec
power : iter =     71 ; delta = 4.090342e-03 ; dt =  1456.8 sec
power : iter =     72 ; delta = 4.012109e-03 ; dt =  1477.3 sec
power : iter =     73 ; delta = 3.935472e-03 ; dt =  1497.8 sec
power : iter =     74 ; delta = 3.861580e-03 ; dt =  1518.2 sec
power : iter =     75 ; delta = 3.788626e-03 ; dt =  1538.7 sec
power : iter =     76 ; delta = 3.717832e-03 ; dt =  1559.2 sec
power : iter =     77 ; delta = 3.648558e-03 ; dt =  1579.7 sec
power : iter =     78 ; delta = 3.581124e-03 ; dt =  1600.1 sec
power : iter =     79 ; delta = 3.514854e-03 ; dt =  1620.6 sec
power : iter =     80 ; delta = 3.450427e-03 ; dt =  1641.0 sec
power : iter =     81 ; delta = 3.387072e-03 ; dt =  1661.5 sec
power : iter =     82 ; delta = 3.325660e-03 ; dt =  1682.0 sec
power : iter =     83 ; delta = 3.265519e-03 ; dt =  1702.6 sec
power : iter =     84 ; delta = 3.206949e-03 ; dt =  1723.1 sec
power : iter =     85 ; delta = 3.149520e-03 ; dt =  1743.5 sec
power : iter =     86 ; delta = 3.093727e-03 ; dt =  1764.0 sec
power : iter =     87 ; delta = 3.038823e-03 ; dt =  1784.5 sec
power : iter =     88 ; delta = 2.985351e-03 ; dt =  1805.0 sec
power : iter =     89 ; delta = 2.932809e-03 ; dt =  1825.4 sec
power : iter =     90 ; delta = 2.881561e-03 ; dt =  1845.9 sec
power : iter =     91 ; delta = 2.831133e-03 ; dt =  1866.4 sec
power : iter =     92 ; delta = 2.782015e-03 ; dt =  1886.8 sec
power : iter =     93 ; delta = 2.733625e-03 ; dt =  1907.3 sec
power : iter =     94 ; delta = 2.686451e-03 ; dt =  1927.8 sec
power : iter =     95 ; delta = 2.640067e-03 ; dt =  1948.2 sec
power : iter =     96 ; delta = 2.594803e-03 ; dt =  1968.7 sec
power : iter =     97 ; delta = 2.550209e-03 ; dt =  1989.1 sec
power : iter =     98 ; delta = 2.506748e-03 ; dt =  2009.5 sec
power : iter =     99 ; delta = 2.463889e-03 ; dt =  2030.0 sec
power : iter =    100 ; delta = 2.422070e-03 ; dt =  2050.5 sec
power : iter =    101 ; delta = 2.380922e-03 ; dt =  2070.9 sec
power : iter =    102 ; delta = 2.340728e-03 ; dt =  2091.4 sec
power : iter =    103 ; delta = 2.301169e-03 ; dt =  2111.9 sec
power : iter =    104 ; delta = 2.262619e-03 ; dt =  2132.3 sec
power : iter =    105 ; delta = 2.224607e-03 ; dt =  2152.8 sec
power : iter =    106 ; delta = 2.187486e-03 ; dt =  2173.2 sec
power : iter =    107 ; delta = 2.150970e-03 ; dt =  2193.6 sec
power : iter =    108 ; delta = 2.115256e-03 ; dt =  2214.1 sec
power : iter =    109 ; delta = 2.080060e-03 ; dt =  2234.6 sec
power : iter =    110 ; delta = 2.045713e-03 ; dt =  2255.0 sec
power : iter =    111 ; delta = 2.011830e-03 ; dt =  2275.5 sec
power : iter =    112 ; delta = 1.978712e-03 ; dt =  2296.0 sec
power : iter =    113 ; delta = 1.946115e-03 ; dt =  2316.4 sec
power : iter =    114 ; delta = 1.914230e-03 ; dt =  2336.8 sec
power : iter =    115 ; delta = 1.882807e-03 ; dt =  2357.3 sec
power : iter =    116 ; delta = 1.852176e-03 ; dt =  2377.7 sec
power : iter =    117 ; delta = 1.822038e-03 ; dt =  2398.2 sec
power : iter =    118 ; delta = 1.792603e-03 ; dt =  2418.7 sec
power : iter =    119 ; delta = 1.763640e-03 ; dt =  2439.1 sec
power : iter =    120 ; delta = 1.735302e-03 ; dt =  2459.6 sec
power : iter =    121 ; delta = 1.707347e-03 ; dt =  2480.0 sec
power : iter =    122 ; delta = 1.680040e-03 ; dt =  2500.4 sec
power : iter =    123 ; delta = 1.653092e-03 ; dt =  2520.9 sec
power : iter =    124 ; delta = 1.626720e-03 ; dt =  2541.4 sec
power : iter =    125 ; delta = 1.600797e-03 ; dt =  2561.8 sec
power : iter =    126 ; delta = 1.575444e-03 ; dt =  2582.3 sec
power : iter =    127 ; delta = 1.550434e-03 ; dt =  2602.8 sec
power : iter =    128 ; delta = 1.526014e-03 ; dt =  2623.2 sec
power : iter =    129 ; delta = 1.501924e-03 ; dt =  2643.7 sec
power : iter =    130 ; delta = 1.478359e-03 ; dt =  2664.2 sec
power : iter =    131 ; delta = 1.455206e-03 ; dt =  2684.6 sec
power : iter =    132 ; delta = 1.432551e-03 ; dt =  2705.2 sec
power : iter =    133 ; delta = 1.410187e-03 ; dt =  2725.7 sec
power : iter =    134 ; delta = 1.388330e-03 ; dt =  2746.2 sec
power : iter =    135 ; delta = 1.366769e-03 ; dt =  2766.7 sec
power : iter =    136 ; delta = 1.345654e-03 ; dt =  2787.1 sec
power : iter =    137 ; delta = 1.324883e-03 ; dt =  2807.6 sec
power : iter =    138 ; delta = 1.304532e-03 ; dt =  2828.1 sec
power : iter =    139 ; delta = 1.284452e-03 ; dt =  2848.5 sec
power : iter =    140 ; delta = 1.264814e-03 ; dt =  2868.9 sec
power : iter =    141 ; delta = 1.245430e-03 ; dt =  2889.4 sec
power : iter =    142 ; delta = 1.226428e-03 ; dt =  2909.9 sec
power : iter =    143 ; delta = 1.207713e-03 ; dt =  2930.3 sec
power : iter =    144 ; delta = 1.189359e-03 ; dt =  2950.8 sec
power : iter =    145 ; delta = 1.171244e-03 ; dt =  2971.3 sec
power : iter =    146 ; delta = 1.153516e-03 ; dt =  2991.7 sec
power : iter =    147 ; delta = 1.136018e-03 ; dt =  3012.2 sec
power : iter =    148 ; delta = 1.118844e-03 ; dt =  3032.5 sec
power : iter =    149 ; delta = 1.101926e-03 ; dt =  3052.8 sec
power : iter =    150 ; delta = 1.085336e-03 ; dt =  3073.9 sec
power : iter =    151 ; delta = 1.068957e-03 ; dt =  3094.4 sec
power : iter =    152 ; delta = 1.052924e-03 ; dt =  3115.0 sec
power : iter =    153 ; delta = 1.037112e-03 ; dt =  3135.5 sec
power : iter =    154 ; delta = 1.021583e-03 ; dt =  3155.9 sec
power : iter =    155 ; delta = 1.006295e-03 ; dt =  3176.4 sec
power : iter =    156 ; delta = 9.913077e-04 ; dt =  3196.9 sec
power : iter =    157 ; delta = 9.765066e-04 ; dt =  3217.4 sec
power : iter =    158 ; delta = 9.620151e-04 ; dt =  3237.8 sec
power : iter =    159 ; delta = 9.477273e-04 ; dt =  3258.3 sec
power : iter =    160 ; delta = 9.336899e-04 ; dt =  3278.8 sec
power : iter =    161 ; delta = 9.198742e-04 ; dt =  3299.2 sec
power : iter =    162 ; delta = 9.063204e-04 ; dt =  3319.7 sec
power : iter =    163 ; delta = 8.929426e-04 ; dt =  3340.2 sec
power : iter =    164 ; delta = 8.798471e-04 ; dt =  3360.6 sec
power : iter =    165 ; delta = 8.669368e-04 ; dt =  3381.1 sec
power : iter =    166 ; delta = 8.542514e-04 ; dt =  3401.5 sec
power : iter =    167 ; delta = 8.417706e-04 ; dt =  3421.9 sec
power : iter =    168 ; delta = 8.295356e-04 ; dt =  3442.4 sec
power : iter =    169 ; delta = 8.174493e-04 ; dt =  3462.9 sec
power : iter =    170 ; delta = 8.056049e-04 ; dt =  3483.2 sec
power : iter =    171 ; delta = 7.939396e-04 ; dt =  3503.7 sec
power : iter =    172 ; delta = 7.824779e-04 ; dt =  3524.2 sec
power : iter =    173 ; delta = 7.712015e-04 ; dt =  3544.6 sec
power : iter =    174 ; delta = 7.601232e-04 ; dt =  3565.1 sec
power : iter =    175 ; delta = 7.491846e-04 ; dt =  3585.6 sec
power : iter =    176 ; delta = 7.384526e-04 ; dt =  3606.0 sec
power : iter =    177 ; delta = 7.278729e-04 ; dt =  3626.5 sec
power : iter =    178 ; delta = 7.174571e-04 ; dt =  3647.0 sec
power : iter =    179 ; delta = 7.072047e-04 ; dt =  3667.4 sec
power : iter =    180 ; delta = 6.971272e-04 ; dt =  3687.9 sec
power : iter =    181 ; delta = 6.871841e-04 ; dt =  3708.4 sec
power : iter =    182 ; delta = 6.774400e-04 ; dt =  3728.8 sec
power : iter =    183 ; delta = 6.678303e-04 ; dt =  3749.4 sec
power : iter =    184 ; delta = 6.583643e-04 ; dt =  3769.9 sec
power : iter =    185 ; delta = 6.490475e-04 ; dt =  3790.3 sec
power : iter =    186 ; delta = 6.398867e-04 ; dt =  3810.8 sec
power : iter =    187 ; delta = 6.308359e-04 ; dt =  3831.3 sec
power : iter =    188 ; delta = 6.219691e-04 ; dt =  3851.8 sec
power : iter =    189 ; delta = 6.132288e-04 ; dt =  3872.2 sec
power : iter =    190 ; delta = 6.046163e-04 ; dt =  3892.7 sec
power : iter =    191 ; delta = 5.961387e-04 ; dt =  3913.2 sec
power : iter =    192 ; delta = 5.878015e-04 ; dt =  3933.6 sec
power : iter =    193 ; delta = 5.795625e-04 ; dt =  3954.1 sec
power : iter =    194 ; delta = 5.714767e-04 ; dt =  3974.6 sec
power : iter =    195 ; delta = 5.635009e-04 ; dt =  3995.0 sec
power : iter =    196 ; delta = 5.556421e-04 ; dt =  4015.5 sec
power : iter =    197 ; delta = 5.479040e-04 ; dt =  4036.0 sec
power : iter =    198 ; delta = 5.402934e-04 ; dt =  4056.5 sec
power : iter =    199 ; delta = 5.327692e-04 ; dt =  4077.0 sec
power : iter =    200 ; delta = 5.253873e-04 ; dt =  4097.5 sec
power : iter =    201 ; delta = 5.181063e-04 ; dt =  4118.0 sec
power : iter =    202 ; delta = 5.109314e-04 ; dt =  4138.5 sec
power : iter =    203 ; delta = 5.038674e-04 ; dt =  4158.9 sec
power : iter =    204 ; delta = 4.969232e-04 ; dt =  4179.4 sec
power : iter =    205 ; delta = 4.900571e-04 ; dt =  4199.9 sec
power : iter =    206 ; delta = 4.833180e-04 ; dt =  4220.4 sec
power : iter =    207 ; delta = 4.766700e-04 ; dt =  4240.8 sec
power : iter =    208 ; delta = 4.701163e-04 ; dt =  4261.3 sec
power : iter =    209 ; delta = 4.636630e-04 ; dt =  4281.8 sec
power : iter =    210 ; delta = 4.573155e-04 ; dt =  4302.2 sec
power : iter =    211 ; delta = 4.510398e-04 ; dt =  4322.6 sec
power : iter =    212 ; delta = 4.448807e-04 ; dt =  4343.1 sec
power : iter =    213 ; delta = 4.388036e-04 ; dt =  4363.6 sec
power : iter =    214 ; delta = 4.328108e-04 ; dt =  4384.0 sec
power : iter =    215 ; delta = 4.269098e-04 ; dt =  4404.5 sec
power : iter =    216 ; delta = 4.211035e-04 ; dt =  4425.0 sec
power : iter =    217 ; delta = 4.153614e-04 ; dt =  4445.4 sec
power : iter =    218 ; delta = 4.097235e-04 ; dt =  4466.0 sec
power : iter =    219 ; delta = 4.041600e-04 ; dt =  4486.5 sec
power : iter =    220 ; delta = 3.986724e-04 ; dt =  4507.0 sec
power : iter =    221 ; delta = 3.932696e-04 ; dt =  4527.5 sec
power : iter =    222 ; delta = 3.879524e-04 ; dt =  4547.9 sec
power : iter =    223 ; delta = 3.826937e-04 ; dt =  4568.4 sec
power : iter =    224 ; delta = 3.775297e-04 ; dt =  4588.9 sec
power : iter =    225 ; delta = 3.724337e-04 ; dt =  4609.4 sec
power : iter =    226 ; delta = 3.674064e-04 ; dt =  4629.8 sec
power : iter =    227 ; delta = 3.624562e-04 ; dt =  4650.3 sec
power : iter =    228 ; delta = 3.575842e-04 ; dt =  4670.7 sec
power : iter =    229 ; delta = 3.527657e-04 ; dt =  4691.2 sec
power : iter =    230 ; delta = 3.480342e-04 ; dt =  4711.6 sec
power : iter =    231 ; delta = 3.433648e-04 ; dt =  4732.1 sec
power : iter =    232 ; delta = 3.387576e-04 ; dt =  4752.5 sec
power : iter =    233 ; delta = 3.342209e-04 ; dt =  4773.0 sec
power : iter =    234 ; delta = 3.297547e-04 ; dt =  4793.4 sec
power : iter =    235 ; delta = 3.253370e-04 ; dt =  4813.9 sec
power : iter =    236 ; delta = 3.209977e-04 ; dt =  4834.3 sec
power : iter =    237 ; delta = 3.167153e-04 ; dt =  4854.8 sec
power : iter =    238 ; delta = 3.124890e-04 ; dt =  4875.3 sec
power : iter =    239 ; delta = 3.083285e-04 ; dt =  4895.7 sec
power : iter =    240 ; delta = 3.042320e-04 ; dt =  4916.2 sec
power : iter =    241 ; delta = 3.001789e-04 ; dt =  4936.7 sec
power : iter =    242 ; delta = 2.961973e-04 ; dt =  4957.1 sec
power : iter =    243 ; delta = 2.922675e-04 ; dt =  4977.6 sec
power : iter =    244 ; delta = 2.883887e-04 ; dt =  4998.1 sec
power : iter =    245 ; delta = 2.845697e-04 ; dt =  5018.5 sec
power : iter =    246 ; delta = 2.808096e-04 ; dt =  5039.1 sec
power : iter =    247 ; delta = 2.770902e-04 ; dt =  5059.6 sec
power : iter =    248 ; delta = 2.734359e-04 ; dt =  5080.1 sec
power : iter =    249 ; delta = 2.698292e-04 ; dt =  5100.5 sec
power : iter =    250 ; delta = 2.662683e-04 ; dt =  5121.0 sec
power : iter =    251 ; delta = 2.627618e-04 ; dt =  5141.5 sec
power : iter =    252 ; delta = 2.593082e-04 ; dt =  5161.9 sec
power : iter =    253 ; delta = 2.558906e-04 ; dt =  5182.4 sec
power : iter =    254 ; delta = 2.525325e-04 ; dt =  5202.9 sec
power : iter =    255 ; delta = 2.492181e-04 ; dt =  5223.3 sec
power : iter =    256 ; delta = 2.459453e-04 ; dt =  5243.8 sec
power : iter =    257 ; delta = 2.427225e-04 ; dt =  5264.3 sec
power : iter =    258 ; delta = 2.395481e-04 ; dt =  5285.1 sec
power : iter =    259 ; delta = 2.364067e-04 ; dt =  5305.5 sec
power : iter =    260 ; delta = 2.333198e-04 ; dt =  5326.0 sec
power : iter =    261 ; delta = 2.302734e-04 ; dt =  5346.5 sec
power : iter =    262 ; delta = 2.272647e-04 ; dt =  5366.9 sec
power : iter =    263 ; delta = 2.243026e-04 ; dt =  5387.4 sec
power : iter =    264 ; delta = 2.213849e-04 ; dt =  5407.8 sec
power : iter =    265 ; delta = 2.184973e-04 ; dt =  5428.2 sec
power : iter =    266 ; delta = 2.156595e-04 ; dt =  5448.7 sec
power : iter =    267 ; delta = 2.128584e-04 ; dt =  5469.2 sec
power : iter =    268 ; delta = 2.100923e-04 ; dt =  5489.6 sec
power : iter =    269 ; delta = 2.073689e-04 ; dt =  5510.1 sec
power : iter =    270 ; delta = 2.046874e-04 ; dt =  5530.5 sec
power : iter =    271 ; delta = 2.020353e-04 ; dt =  5551.0 sec
power : iter =    272 ; delta = 1.994295e-04 ; dt =  5571.4 sec
power : iter =    273 ; delta = 1.968577e-04 ; dt =  5591.9 sec
power : iter =    274 ; delta = 1.943166e-04 ; dt =  5612.4 sec
power : iter =    275 ; delta = 1.918146e-04 ; dt =  5632.9 sec
power : iter =    276 ; delta = 1.893494e-04 ; dt =  5653.4 sec
power : iter =    277 ; delta = 1.869091e-04 ; dt =  5673.9 sec
power : iter =    278 ; delta = 1.845104e-04 ; dt =  5694.4 sec
power : iter =    279 ; delta = 1.821427e-04 ; dt =  5714.8 sec
power : iter =    280 ; delta = 1.798030e-04 ; dt =  5735.3 sec
power : iter =    281 ; delta = 1.774997e-04 ; dt =  5755.8 sec
power : iter =    282 ; delta = 1.752299e-04 ; dt =  5776.3 sec
power : iter =    283 ; delta = 1.729829e-04 ; dt =  5796.8 sec
power : iter =    284 ; delta = 1.707741e-04 ; dt =  5817.2 sec
power : iter =    285 ; delta = 1.685943e-04 ; dt =  5837.7 sec
power : iter =    286 ; delta = 1.664407e-04 ; dt =  5858.2 sec
power : iter =    287 ; delta = 1.643211e-04 ; dt =  5878.6 sec
power : iter =    288 ; delta = 1.622322e-04 ; dt =  5899.1 sec
power : iter =    289 ; delta = 1.601641e-04 ; dt =  5919.5 sec
power : iter =    290 ; delta = 1.581310e-04 ; dt =  5940.0 sec
power : iter =    291 ; delta = 1.561243e-04 ; dt =  5960.4 sec
power : iter =    292 ; delta = 1.541400e-04 ; dt =  5980.9 sec
power : iter =    293 ; delta = 1.521868e-04 ; dt =  6001.3 sec
power : iter =    294 ; delta = 1.502612e-04 ; dt =  6021.8 sec
power : iter =    295 ; delta = 1.483549e-04 ; dt =  6042.3 sec
power : iter =    296 ; delta = 1.464816e-04 ; dt =  6062.7 sec
power : iter =    297 ; delta = 1.446354e-04 ; dt =  6083.2 sec
power : iter =    298 ; delta = 1.428113e-04 ; dt =  6103.6 sec
power : iter =    299 ; delta = 1.410163e-04 ; dt =  6124.0 sec
power : iter =    300 ; delta = 1.392468e-04 ; dt =  6144.5 sec
power : iter =    301 ; delta = 1.374949e-04 ; dt =  6165.0 sec
power : iter =    302 ; delta = 1.357719e-04 ; dt =  6185.4 sec
power : iter =    303 ; delta = 1.340711e-04 ; dt =  6205.9 sec
power : iter =    304 ; delta = 1.323888e-04 ; dt =  6226.4 sec
power : iter =    305 ; delta = 1.307331e-04 ; dt =  6246.8 sec
power : iter =    306 ; delta = 1.291010e-04 ; dt =  6267.2 sec
power : iter =    307 ; delta = 1.274848e-04 ; dt =  6287.7 sec
power : iter =    308 ; delta = 1.258956e-04 ; dt =  6308.1 sec
power : iter =    309 ; delta = 1.243268e-04 ; dt =  6328.6 sec
power : iter =    310 ; delta = 1.227750e-04 ; dt =  6349.1 sec
power : iter =    311 ; delta = 1.212471e-04 ; dt =  6369.6 sec
power : iter =    312 ; delta = 1.197404e-04 ; dt =  6390.1 sec
power : iter =    313 ; delta = 1.182485e-04 ; dt =  6410.6 sec
power : iter =    314 ; delta = 1.167813e-04 ; dt =  6431.1 sec
power : iter =    315 ; delta = 1.153326e-04 ; dt =  6451.6 sec
power : iter =    316 ; delta = 1.138993e-04 ; dt =  6472.1 sec
power : iter =    317 ; delta = 1.124880e-04 ; dt =  6492.5 sec
power : iter =    318 ; delta = 1.110959e-04 ; dt =  6513.0 sec
power : iter =    319 ; delta = 1.097172e-04 ; dt =  6533.5 sec
power : iter =    320 ; delta = 1.083613e-04 ; dt =  6553.9 sec
power : iter =    321 ; delta = 1.070226e-04 ; dt =  6574.4 sec
power : iter =    322 ; delta = 1.056980e-04 ; dt =  6594.9 sec
power : iter =    323 ; delta = 1.043940e-04 ; dt =  6615.3 sec
power : iter =    324 ; delta = 1.031078e-04 ; dt =  6635.8 sec
power : iter =    325 ; delta = 1.018337e-04 ; dt =  6656.4 sec
power : iter =    326 ; delta = 1.005804e-04 ; dt =  6676.8 sec
power : iter =    327 ; delta = 9.934282e-05 ; dt =  6697.3 sec
power : iter =    328 ; delta = 9.811812e-05 ; dt =  6717.8 sec
power : iter =    329 ; delta = 9.691211e-05 ; dt =  6738.3 sec
power : iter =    330 ; delta = 9.572247e-05 ; dt =  6758.8 sec
power : iter =    331 ; delta = 9.454393e-05 ; dt =  6779.2 sec
power : iter =    332 ; delta = 9.338459e-05 ; dt =  6799.7 sec
power : iter =    333 ; delta = 9.223979e-05 ; dt =  6820.2 sec
power : iter =    334 ; delta = 9.110678e-05 ; dt =  6840.6 sec
power : iter =    335 ; delta = 8.999107e-05 ; dt =  6861.1 sec
power : iter =    336 ; delta = 8.889054e-05 ; dt =  6881.5 sec
power : iter =    337 ; delta = 8.780019e-05 ; dt =  6902.0 sec
power : iter =    338 ; delta = 8.672759e-05 ; dt =  6922.4 sec
power : iter =    339 ; delta = 8.566838e-05 ; dt =  6942.9 sec
power : iter =    340 ; delta = 8.461992e-05 ; dt =  6963.3 sec
power : iter =    341 ; delta = 8.358748e-05 ; dt =  6983.8 sec
power : iter =    342 ; delta = 8.256883e-05 ; dt =  7004.3 sec
power : iter =    343 ; delta = 8.155958e-05 ; dt =  7024.7 sec
power : iter =    344 ; delta = 8.056666e-05 ; dt =  7045.2 sec
power : iter =    345 ; delta = 7.958625e-05 ; dt =  7065.5 sec
power : iter =    346 ; delta = 7.861571e-05 ; dt =  7086.0 sec
power : iter =    347 ; delta = 7.766008e-05 ; dt =  7106.5 sec
power : iter =    348 ; delta = 7.671720e-05 ; dt =  7127.0 sec
power : iter =    349 ; delta = 7.578296e-05 ; dt =  7147.4 sec
power : iter =    350 ; delta = 7.486376e-05 ; dt =  7167.9 sec
power : iter =    351 ; delta = 7.395606e-05 ; dt =  7188.4 sec
power : iter =    352 ; delta = 7.305734e-05 ; dt =  7208.8 sec
power : iter =    353 ; delta = 7.217239e-05 ; dt =  7229.3 sec
power : iter =    354 ; delta = 7.129913e-05 ; dt =  7249.8 sec
power : iter =    355 ; delta = 7.043382e-05 ; dt =  7270.2 sec
power : iter =    356 ; delta = 6.958236e-05 ; dt =  7290.8 sec
power : iter =    357 ; delta = 6.874153e-05 ; dt =  7311.3 sec
power : iter =    358 ; delta = 6.790894e-05 ; dt =  7331.8 sec
power : iter =    359 ; delta = 6.708913e-05 ; dt =  7352.3 sec
power : iter =    360 ; delta = 6.628009e-05 ; dt =  7372.8 sec
power : iter =    361 ; delta = 6.547836e-05 ; dt =  7393.2 sec
power : iter =    362 ; delta = 6.468943e-05 ; dt =  7413.7 sec
power : iter =    363 ; delta = 6.391032e-05 ; dt =  7434.2 sec
power : iter =    364 ; delta = 6.313874e-05 ; dt =  7454.6 sec
power : iter =    365 ; delta = 6.237897e-05 ; dt =  7475.1 sec
power : iter =    366 ; delta = 6.162913e-05 ; dt =  7495.5 sec
power : iter =    367 ; delta = 6.088603e-05 ; dt =  7516.0 sec
power : iter =    368 ; delta = 6.015476e-05 ; dt =  7536.4 sec
power : iter =    369 ; delta = 5.943258e-05 ; dt =  7556.9 sec
power : iter =    370 ; delta = 5.871729e-05 ; dt =  7577.3 sec
power : iter =    371 ; delta = 5.801295e-05 ; dt =  7597.7 sec
power : iter =    372 ; delta = 5.731780e-05 ; dt =  7618.2 sec
power : iter =    373 ; delta = 5.662884e-05 ; dt =  7638.7 sec
power : iter =    374 ; delta = 5.595084e-05 ; dt =  7659.1 sec
power : iter =    375 ; delta = 5.528126e-05 ; dt =  7679.6 sec
power : iter =    376 ; delta = 5.461801e-05 ; dt =  7700.1 sec
power : iter =    377 ; delta = 5.396493e-05 ; dt =  7720.5 sec
power : iter =    378 ; delta = 5.332033e-05 ; dt =  7741.0 sec
power : iter =    379 ; delta = 5.268147e-05 ; dt =  7761.5 sec
power : iter =    380 ; delta = 5.205277e-05 ; dt =  7781.9 sec
power : iter =    381 ; delta = 5.143188e-05 ; dt =  7802.4 sec
power : iter =    382 ; delta = 5.081683e-05 ; dt =  7822.8 sec
power : iter =    383 ; delta = 5.021118e-05 ; dt =  7843.2 sec
power : iter =    384 ; delta = 4.961336e-05 ; dt =  7863.7 sec
power : iter =    385 ; delta = 4.902078e-05 ; dt =  7884.2 sec
power : iter =    386 ; delta = 4.843760e-05 ; dt =  7904.6 sec
power : iter =    387 ; delta = 4.786165e-05 ; dt =  7925.1 sec
power : iter =    388 ; delta = 4.729109e-05 ; dt =  7945.6 sec
power : iter =    389 ; delta = 4.672927e-05 ; dt =  7966.0 sec
power : iter =    390 ; delta = 4.617476e-05 ; dt =  7986.5 sec
power : iter =    391 ; delta = 4.562517e-05 ; dt =  8006.9 sec
power : iter =    392 ; delta = 4.508427e-05 ; dt =  8027.3 sec
power : iter =    393 ; delta = 4.455004e-05 ; dt =  8047.8 sec
power : iter =    394 ; delta = 4.402073e-05 ; dt =  8068.3 sec
power : iter =    395 ; delta = 4.349949e-05 ; dt =  8088.7 sec
power : iter =    396 ; delta = 4.298494e-05 ; dt =  8109.2 sec
power : iter =    397 ; delta = 4.247483e-05 ; dt =  8129.7 sec
power : iter =    398 ; delta = 4.197278e-05 ; dt =  8150.1 sec
power : iter =    399 ; delta = 4.147696e-05 ; dt =  8170.5 sec
power : iter =    400 ; delta = 4.098569e-05 ; dt =  8191.0 sec
power : iter =    401 ; delta = 4.050195e-05 ; dt =  8211.4 sec
power : iter =    402 ; delta = 4.002447e-05 ; dt =  8231.9 sec
power : iter =    403 ; delta = 3.955110e-05 ; dt =  8252.4 sec
power : iter =    404 ; delta = 3.908517e-05 ; dt =  8272.9 sec
power : iter =    405 ; delta = 3.862495e-05 ; dt =  8293.4 sec
power : iter =    406 ; delta = 3.816890e-05 ; dt =  8313.9 sec
power : iter =    407 ; delta = 3.771978e-05 ; dt =  8334.4 sec
power : iter =    408 ; delta = 3.727638e-05 ; dt =  8354.9 sec
power : iter =    409 ; delta = 3.683675e-05 ; dt =  8375.4 sec
power : iter =    410 ; delta = 3.640403e-05 ; dt =  8395.8 sec
power : iter =    411 ; delta = 3.597659e-05 ; dt =  8416.3 sec
power : iter =    412 ; delta = 3.555297e-05 ; dt =  8436.8 sec
power : iter =    413 ; delta = 3.513579e-05 ; dt =  8457.3 sec
power : iter =    414 ; delta = 3.472389e-05 ; dt =  8477.7 sec
power : iter =    415 ; delta = 3.431548e-05 ; dt =  8498.2 sec
power : iter =    416 ; delta = 3.391346e-05 ; dt =  8518.6 sec
power : iter =    417 ; delta = 3.351635e-05 ; dt =  8539.0 sec
power : iter =    418 ; delta = 3.312275e-05 ; dt =  8559.5 sec
power : iter =    419 ; delta = 3.273514e-05 ; dt =  8580.0 sec
power : iter =    420 ; delta = 3.235242e-05 ; dt =  8600.4 sec
power : iter =    421 ; delta = 3.197290e-05 ; dt =  8620.9 sec
power : iter =    422 ; delta = 3.159935e-05 ; dt =  8641.3 sec
power : iter =    423 ; delta = 3.123043e-05 ; dt =  8661.8 sec
power : iter =    424 ; delta = 3.086477e-05 ; dt =  8682.2 sec
power : iter =    425 ; delta = 3.050466e-05 ; dt =  8702.7 sec
power : iter =    426 ; delta = 3.014908e-05 ; dt =  8723.1 sec
power : iter =    427 ; delta = 2.979644e-05 ; dt =  8743.6 sec
power : iter =    428 ; delta = 2.944932e-05 ; dt =  8764.1 sec
power : iter =    429 ; delta = 2.910641e-05 ; dt =  8784.5 sec
power : iter =    430 ; delta = 2.876650e-05 ; dt =  8805.0 sec
power : iter =    431 ; delta = 2.843173e-05 ; dt =  8825.4 sec
power : iter =    432 ; delta = 2.810119e-05 ; dt =  8845.8 sec
power : iter =    433 ; delta = 2.777340e-05 ; dt =  8866.3 sec
power : iter =    434 ; delta = 2.745077e-05 ; dt =  8886.8 sec
power : iter =    435 ; delta = 2.713204e-05 ; dt =  8907.2 sec
power : iter =    436 ; delta = 2.681608e-05 ; dt =  8927.7 sec
power : iter =    437 ; delta = 2.650498e-05 ; dt =  8948.2 sec
power : iter =    438 ; delta = 2.619794e-05 ; dt =  8968.6 sec
power : iter =    439 ; delta = 2.589343e-05 ; dt =  8989.1 sec
power : iter =    440 ; delta = 2.559366e-05 ; dt =  9009.6 sec
power : iter =    441 ; delta = 2.529751e-05 ; dt =  9030.0 sec
power : iter =    442 ; delta = 2.500390e-05 ; dt =  9050.6 sec
power : iter =    443 ; delta = 2.471473e-05 ; dt =  9071.1 sec
power : iter =    444 ; delta = 2.442916e-05 ; dt =  9091.6 sec
power : iter =    445 ; delta = 2.414591e-05 ; dt =  9112.1 sec
power : iter =    446 ; delta = 2.386706e-05 ; dt =  9132.5 sec
power : iter =    447 ; delta = 2.359157e-05 ; dt =  9153.0 sec
power : iter =    448 ; delta = 2.331842e-05 ; dt =  9173.5 sec
power : iter =    449 ; delta = 2.304941e-05 ; dt =  9193.9 sec
power : iter =    450 ; delta = 2.278374e-05 ; dt =  9214.4 sec
power : iter =    451 ; delta = 2.252025e-05 ; dt =  9234.8 sec
power : iter =    452 ; delta = 2.226085e-05 ; dt =  9255.3 sec
power : iter =    453 ; delta = 2.200466e-05 ; dt =  9275.8 sec
power : iter =    454 ; delta = 2.175072e-05 ; dt =  9296.2 sec
power : iter =    455 ; delta = 2.150071e-05 ; dt =  9316.7 sec
power : iter =    456 ; delta = 2.125385e-05 ; dt =  9337.2 sec
power : iter =    457 ; delta = 2.100898e-05 ; dt =  9357.6 sec
power : iter =    458 ; delta = 2.076790e-05 ; dt =  9378.1 sec
power : iter =    459 ; delta = 2.052972e-05 ; dt =  9398.5 sec
power : iter =    460 ; delta = 2.029352e-05 ; dt =  9418.9 sec
power : iter =    461 ; delta = 2.006089e-05 ; dt =  9439.4 sec
power : iter =    462 ; delta = 1.983111e-05 ; dt =  9459.9 sec
power : iter =    463 ; delta = 1.960317e-05 ; dt =  9480.4 sec
power : iter =    464 ; delta = 1.937874e-05 ; dt =  9501.0 sec
power : iter =    465 ; delta = 1.915700e-05 ; dt =  9521.4 sec
power : iter =    466 ; delta = 1.893714e-05 ; dt =  9541.9 sec
power : iter =    467 ; delta = 1.872059e-05 ; dt =  9562.4 sec
power : iter =    468 ; delta = 1.850672e-05 ; dt =  9582.9 sec
power : iter =    469 ; delta = 1.829453e-05 ; dt =  9603.4 sec
power : iter =    470 ; delta = 1.808563e-05 ; dt =  9623.8 sec
power : iter =    471 ; delta = 1.787922e-05 ; dt =  9644.3 sec
power : iter =    472 ; delta = 1.767452e-05 ; dt =  9664.8 sec
power : iter =    473 ; delta = 1.747293e-05 ; dt =  9685.2 sec
power : iter =    474 ; delta = 1.727386e-05 ; dt =  9705.7 sec
power : iter =    475 ; delta = 1.707640e-05 ; dt =  9726.2 sec
power : iter =    476 ; delta = 1.688197e-05 ; dt =  9746.6 sec
power : iter =    477 ; delta = 1.668988e-05 ; dt =  9767.2 sec
power : iter =    478 ; delta = 1.649935e-05 ; dt =  9787.7 sec
power : iter =    479 ; delta = 1.631169e-05 ; dt =  9808.1 sec
power : iter =    480 ; delta = 1.612632e-05 ; dt =  9828.6 sec
power : iter =    481 ; delta = 1.594243e-05 ; dt =  9849.2 sec
power : iter =    482 ; delta = 1.576145e-05 ; dt =  9869.7 sec
power : iter =    483 ; delta = 1.558269e-05 ; dt =  9890.2 sec
power : iter =    484 ; delta = 1.540538e-05 ; dt =  9910.8 sec
power : iter =    485 ; delta = 1.523077e-05 ; dt =  9931.2 sec
power : iter =    486 ; delta = 1.505828e-05 ; dt =  9951.7 sec
power : iter =    487 ; delta = 1.488714e-05 ; dt =  9972.2 sec
power : iter =    488 ; delta = 1.471860e-05 ; dt =  9992.7 sec
power : iter =    489 ; delta = 1.455208e-05 ; dt = 10013.2 sec
power : iter =    490 ; delta = 1.438690e-05 ; dt = 10033.6 sec
power : iter =    491 ; delta = 1.422421e-05 ; dt = 10054.1 sec
power : iter =    492 ; delta = 1.406350e-05 ; dt = 10074.4 sec
power : iter =    493 ; delta = 1.390403e-05 ; dt = 10094.9 sec
power : iter =    494 ; delta = 1.374699e-05 ; dt = 10115.4 sec
power : iter =    495 ; delta = 1.359183e-05 ; dt = 10135.9 sec
power : iter =    496 ; delta = 1.343789e-05 ; dt = 10156.3 sec
power : iter =    497 ; delta = 1.328627e-05 ; dt = 10176.8 sec
power : iter =    498 ; delta = 1.313649e-05 ; dt = 10197.3 sec
power : iter =    499 ; delta = 1.298787e-05 ; dt = 10217.7 sec
power : iter =    500 ; delta = 1.284152e-05 ; dt = 10238.2 sec
power : iter =    501 ; delta = 1.269692e-05 ; dt = 10258.6 sec
power : iter =    502 ; delta = 1.255347e-05 ; dt = 10279.0 sec
power : iter =    503 ; delta = 1.241218e-05 ; dt = 10299.5 sec
power : iter =    504 ; delta = 1.227260e-05 ; dt = 10320.0 sec
power : iter =    505 ; delta = 1.213410e-05 ; dt = 10340.4 sec
power : iter =    506 ; delta = 1.199772e-05 ; dt = 10360.9 sec
power : iter =    507 ; delta = 1.186295e-05 ; dt = 10381.3 sec
power : iter =    508 ; delta = 1.172925e-05 ; dt = 10401.8 sec
power : iter =    509 ; delta = 1.159754e-05 ; dt = 10422.2 sec
power : iter =    510 ; delta = 1.146743e-05 ; dt = 10442.6 sec
power : iter =    511 ; delta = 1.133830e-05 ; dt = 10463.1 sec
power : iter =    512 ; delta = 1.121113e-05 ; dt = 10483.6 sec
power : iter =    513 ; delta = 1.108546e-05 ; dt = 10504.1 sec
power : iter =    514 ; delta = 1.096078e-05 ; dt = 10524.5 sec
power : iter =    515 ; delta = 1.083796e-05 ; dt = 10545.0 sec
power : iter =    516 ; delta = 1.071663e-05 ; dt = 10565.5 sec
power : iter =    517 ; delta = 1.059622e-05 ; dt = 10585.9 sec
power : iter =    518 ; delta = 1.047763e-05 ; dt = 10606.4 sec
power : iter =    519 ; delta = 1.036044e-05 ; dt = 10626.7 sec
power : iter =    520 ; delta = 1.024416e-05 ; dt = 10647.2 sec
power : iter =    521 ; delta = 1.012960e-05 ; dt = 10667.7 sec
power : iter =    522 ; delta = 1.001642e-05 ; dt = 10688.2 sec
power : iter =    523 ; delta = 9.904080e-06 ; dt = 10708.6 sec
power : iter =    524 ; delta = 9.793445e-06 ; dt = 10729.1 sec
power : iter =    525 ; delta = 9.684101e-06 ; dt = 10749.5 sec
power : iter =    526 ; delta = 9.575611e-06 ; dt = 10769.9 sec
power : iter =    527 ; delta = 9.468721e-06 ; dt = 10790.4 sec
power : iter =    528 ; delta = 9.363124e-06 ; dt = 10810.9 sec
power : iter =    529 ; delta = 9.258300e-06 ; dt = 10831.3 sec
power : iter =    530 ; delta = 9.155069e-06 ; dt = 10851.8 sec
power : iter =    531 ; delta = 9.053040e-06 ; dt = 10872.2 sec
power : iter =    532 ; delta = 8.951802e-06 ; dt = 10892.7 sec
power : iter =    533 ; delta = 8.852054e-06 ; dt = 10913.1 sec
power : iter =    534 ; delta = 8.753512e-06 ; dt = 10933.6 sec
power : iter =    535 ; delta = 8.655687e-06 ; dt = 10954.1 sec
power : iter =    536 ; delta = 8.559348e-06 ; dt = 10974.5 sec
power : iter =    537 ; delta = 8.464129e-06 ; dt = 10994.9 sec
power : iter =    538 ; delta = 8.369647e-06 ; dt = 11015.4 sec
power : iter =    539 ; delta = 8.276552e-06 ; dt = 11035.9 sec
power : iter =    540 ; delta = 8.184583e-06 ; dt = 11056.3 sec
power : iter =    541 ; delta = 8.093276e-06 ; dt = 11076.8 sec
power : iter =    542 ; delta = 8.003356e-06 ; dt = 11097.3 sec
power : iter =    543 ; delta = 7.914477e-06 ; dt = 11117.7 sec
power : iter =    544 ; delta = 7.826289e-06 ; dt = 11138.1 sec
power : iter =    545 ; delta = 7.739395e-06 ; dt = 11158.6 sec
power : iter =    546 ; delta = 7.653550e-06 ; dt = 11179.1 sec
power : iter =    547 ; delta = 7.568322e-06 ; dt = 11199.5 sec
power : iter =    548 ; delta = 7.484384e-06 ; dt = 11220.0 sec
power : iter =    549 ; delta = 7.401417e-06 ; dt = 11240.4 sec
power : iter =    550 ; delta = 7.319088e-06 ; dt = 11260.8 sec
power : iter =    551 ; delta = 7.237965e-06 ; dt = 11281.3 sec
power : iter =    552 ; delta = 7.157822e-06 ; dt = 11301.8 sec
power : iter =    553 ; delta = 7.078255e-06 ; dt = 11322.2 sec
power : iter =    554 ; delta = 6.999896e-06 ; dt = 11342.7 sec
power : iter =    555 ; delta = 6.922440e-06 ; dt = 11363.1 sec
power : iter =    556 ; delta = 6.845576e-06 ; dt = 11383.6 sec
power : iter =    557 ; delta = 6.769836e-06 ; dt = 11404.0 sec
power : iter =    558 ; delta = 6.695009e-06 ; dt = 11424.5 sec
power : iter =    559 ; delta = 6.620715e-06 ; dt = 11444.9 sec
power : iter =    560 ; delta = 6.547550e-06 ; dt = 11465.4 sec
power : iter =    561 ; delta = 6.475231e-06 ; dt = 11485.9 sec
power : iter =    562 ; delta = 6.403466e-06 ; dt = 11506.3 sec
power : iter =    563 ; delta = 6.332753e-06 ; dt = 11526.8 sec
power : iter =    564 ; delta = 6.262897e-06 ; dt = 11547.2 sec
power : iter =    565 ; delta = 6.193533e-06 ; dt = 11567.7 sec
power : iter =    566 ; delta = 6.125217e-06 ; dt = 11588.1 sec
power : iter =    567 ; delta = 6.057687e-06 ; dt = 11608.6 sec
power : iter =    568 ; delta = 5.990668e-06 ; dt = 11629.0 sec
power : iter =    569 ; delta = 5.924625e-06 ; dt = 11649.5 sec
power : iter =    570 ; delta = 5.859375e-06 ; dt = 11669.9 sec
power : iter =    571 ; delta = 5.794585e-06 ; dt = 11690.4 sec
power : iter =    572 ; delta = 5.730771e-06 ; dt = 11710.9 sec
power : iter =    573 ; delta = 5.667691e-06 ; dt = 11731.3 sec
power : iter =    574 ; delta = 5.605086e-06 ; dt = 11751.8 sec
power : iter =    575 ; delta = 5.543392e-06 ; dt = 11772.3 sec
power : iter =    576 ; delta = 5.482438e-06 ; dt = 11792.7 sec
power : iter =    577 ; delta = 5.421911e-06 ; dt = 11813.1 sec
power : iter =    578 ; delta = 5.362296e-06 ; dt = 11833.6 sec
power : iter =    579 ; delta = 5.303365e-06 ; dt = 11854.1 sec
power : iter =    580 ; delta = 5.244876e-06 ; dt = 11874.5 sec
power : iter =    581 ; delta = 5.187237e-06 ; dt = 11895.0 sec
power : iter =    582 ; delta = 5.130287e-06 ; dt = 11915.4 sec
power : iter =    583 ; delta = 5.073735e-06 ; dt = 11935.9 sec
power : iter =    584 ; delta = 5.018032e-06 ; dt = 11956.4 sec
power : iter =    585 ; delta = 4.962968e-06 ; dt = 11976.8 sec
power : iter =    586 ; delta = 4.908315e-06 ; dt = 11997.2 sec
power : iter =    587 ; delta = 4.854455e-06 ; dt = 12017.7 sec
power : iter =    588 ; delta = 4.801240e-06 ; dt = 12038.1 sec
power : iter =    589 ; delta = 4.748394e-06 ; dt = 12058.6 sec
power : iter =    590 ; delta = 4.696341e-06 ; dt = 12079.0 sec
power : iter =    591 ; delta = 4.644883e-06 ; dt = 12099.4 sec
power : iter =    592 ; delta = 4.593809e-06 ; dt = 12119.9 sec
power : iter =    593 ; delta = 4.543475e-06 ; dt = 12140.4 sec
power : iter =    594 ; delta = 4.493743e-06 ; dt = 12160.9 sec
power : iter =    595 ; delta = 4.444355e-06 ; dt = 12181.3 sec
power : iter =    596 ; delta = 4.395707e-06 ; dt = 12201.8 sec
power : iter =    597 ; delta = 4.347617e-06 ; dt = 12222.3 sec
power : iter =    598 ; delta = 4.299882e-06 ; dt = 12243.4 sec
power : iter =    599 ; delta = 4.252838e-06 ; dt = 12263.9 sec
power : iter =    600 ; delta = 4.206356e-06 ; dt = 12284.4 sec
power : iter =    601 ; delta = 4.160193e-06 ; dt = 12305.0 sec
power : iter =    602 ; delta = 4.114721e-06 ; dt = 12325.5 sec
power : iter =    603 ; delta = 4.069769e-06 ; dt = 12346.0 sec
power : iter =    604 ; delta = 4.025148e-06 ; dt = 12366.4 sec
power : iter =    605 ; delta = 3.981173e-06 ; dt = 12386.9 sec
power : iter =    606 ; delta = 3.937721e-06 ; dt = 12407.3 sec
power : iter =    607 ; delta = 3.894568e-06 ; dt = 12427.8 sec
power : iter =    608 ; delta = 3.852059e-06 ; dt = 12448.2 sec
power : iter =    609 ; delta = 3.810039e-06 ; dt = 12468.6 sec
power : iter =    610 ; delta = 3.768328e-06 ; dt = 12489.1 sec
power : iter =    611 ; delta = 3.727220e-06 ; dt = 12509.5 sec
power : iter =    612 ; delta = 3.686601e-06 ; dt = 12530.0 sec
power : iter =    613 ; delta = 3.646261e-06 ; dt = 12550.5 sec
power : iter =    614 ; delta = 3.606521e-06 ; dt = 12571.0 sec
power : iter =    615 ; delta = 3.567238e-06 ; dt = 12591.5 sec
power : iter =    616 ; delta = 3.528242e-06 ; dt = 12611.9 sec
power : iter =    617 ; delta = 3.489812e-06 ; dt = 12632.4 sec
power : iter =    618 ; delta = 3.451839e-06 ; dt = 12652.8 sec
power : iter =    619 ; delta = 3.414127e-06 ; dt = 12673.3 sec
power : iter =    620 ; delta = 3.376974e-06 ; dt = 12693.7 sec
power : iter =    621 ; delta = 3.340246e-06 ; dt = 12714.1 sec
power : iter =    622 ; delta = 3.303785e-06 ; dt = 12734.6 sec
power : iter =    623 ; delta = 3.267849e-06 ; dt = 12755.1 sec
power : iter =    624 ; delta = 3.232340e-06 ; dt = 12775.6 sec
power : iter =    625 ; delta = 3.197073e-06 ; dt = 12796.0 sec
power : iter =    626 ; delta = 3.162330e-06 ; dt = 12816.5 sec
power : iter =    627 ; delta = 3.127986e-06 ; dt = 12836.9 sec
power : iter =    628 ; delta = 3.093894e-06 ; dt = 12857.3 sec
power : iter =    629 ; delta = 3.060292e-06 ; dt = 12877.8 sec
power : iter =    630 ; delta = 3.027088e-06 ; dt = 12898.3 sec
power : iter =    631 ; delta = 2.994111e-06 ; dt = 12918.7 sec
power : iter =    632 ; delta = 2.961621e-06 ; dt = 12939.2 sec
power : iter =    633 ; delta = 2.929503e-06 ; dt = 12959.6 sec
power : iter =    634 ; delta = 2.897615e-06 ; dt = 12980.1 sec
power : iter =    635 ; delta = 2.866187e-06 ; dt = 13000.5 sec
power : iter =    636 ; delta = 2.835129e-06 ; dt = 13021.0 sec
power : iter =    637 ; delta = 2.804283e-06 ; dt = 13041.5 sec
power : iter =    638 ; delta = 2.773891e-06 ; dt = 13061.9 sec
power : iter =    639 ; delta = 2.743847e-06 ; dt = 13082.2 sec
power : iter =    640 ; delta = 2.714019e-06 ; dt = 13102.5 sec
power : iter =    641 ; delta = 2.684619e-06 ; dt = 13122.9 sec
power : iter =    642 ; delta = 2.655566e-06 ; dt = 13143.3 sec
power : iter =    643 ; delta = 2.626710e-06 ; dt = 13163.8 sec
power : iter =    644 ; delta = 2.598279e-06 ; dt = 13184.3 sec
power : iter =    645 ; delta = 2.570173e-06 ; dt = 13204.8 sec
power : iter =    646 ; delta = 2.542268e-06 ; dt = 13225.2 sec
power : iter =    647 ; delta = 2.514763e-06 ; dt = 13245.6 sec
power : iter =    648 ; delta = 2.487582e-06 ; dt = 13266.1 sec
power : iter =    649 ; delta = 2.460585e-06 ; dt = 13286.6 sec
power : iter =    650 ; delta = 2.433985e-06 ; dt = 13307.0 sec
power : iter =    651 ; delta = 2.407688e-06 ; dt = 13327.5 sec
power : iter =    652 ; delta = 2.381579e-06 ; dt = 13348.0 sec
power : iter =    653 ; delta = 2.355844e-06 ; dt = 13368.4 sec
power : iter =    654 ; delta = 2.330411e-06 ; dt = 13388.8 sec
power : iter =    655 ; delta = 2.305150e-06 ; dt = 13409.3 sec
power : iter =    656 ; delta = 2.280260e-06 ; dt = 13429.8 sec
power : iter =    657 ; delta = 2.255654e-06 ; dt = 13450.2 sec
power : iter =    658 ; delta = 2.231222e-06 ; dt = 13470.7 sec
power : iter =    659 ; delta = 2.207140e-06 ; dt = 13491.1 sec
power : iter =    660 ; delta = 2.183341e-06 ; dt = 13511.5 sec
power : iter =    661 ; delta = 2.159703e-06 ; dt = 13532.0 sec
power : iter =    662 ; delta = 2.136410e-06 ; dt = 13552.5 sec
power : iter =    663 ; delta = 2.113384e-06 ; dt = 13572.9 sec
power : iter =    664 ; delta = 2.090520e-06 ; dt = 13593.4 sec
power : iter =    665 ; delta = 2.067982e-06 ; dt = 13613.8 sec
power : iter =    666 ; delta = 2.045710e-06 ; dt = 13634.3 sec
power : iter =    667 ; delta = 2.023587e-06 ; dt = 13654.7 sec
power : iter =    668 ; delta = 2.001787e-06 ; dt = 13675.0 sec
power : iter =    669 ; delta = 1.980236e-06 ; dt = 13695.5 sec
power : iter =    670 ; delta = 1.958838e-06 ; dt = 13716.0 sec
power : iter =    671 ; delta = 1.937744e-06 ; dt = 13736.5 sec
power : iter =    672 ; delta = 1.916899e-06 ; dt = 13757.0 sec
power : iter =    673 ; delta = 1.896193e-06 ; dt = 13777.5 sec
power : iter =    674 ; delta = 1.875789e-06 ; dt = 13797.9 sec
power : iter =    675 ; delta = 1.855618e-06 ; dt = 13818.4 sec
power : iter =    676 ; delta = 1.835589e-06 ; dt = 13838.9 sec
power : iter =    677 ; delta = 1.815846e-06 ; dt = 13859.3 sec
power : iter =    678 ; delta = 1.796334e-06 ; dt = 13879.7 sec
power : iter =    679 ; delta = 1.776952e-06 ; dt = 13900.2 sec
power : iter =    680 ; delta = 1.757853e-06 ; dt = 13920.7 sec
power : iter =    681 ; delta = 1.738971e-06 ; dt = 13941.1 sec
power : iter =    682 ; delta = 1.720222e-06 ; dt = 13961.6 sec
power : iter =    683 ; delta = 1.701740e-06 ; dt = 13982.0 sec
power : iter =    684 ; delta = 1.683474e-06 ; dt = 14002.4 sec
power : iter =    685 ; delta = 1.665331e-06 ; dt = 14022.9 sec
power : iter =    686 ; delta = 1.647450e-06 ; dt = 14043.4 sec
power : iter =    687 ; delta = 1.629775e-06 ; dt = 14063.8 sec
power : iter =    688 ; delta = 1.612222e-06 ; dt = 14084.3 sec
power : iter =    689 ; delta = 1.594919e-06 ; dt = 14104.7 sec
power : iter =    690 ; delta = 1.577818e-06 ; dt = 14125.2 sec
power : iter =    691 ; delta = 1.560833e-06 ; dt = 14145.6 sec
power : iter =    692 ; delta = 1.544093e-06 ; dt = 14166.1 sec
power : iter =    693 ; delta = 1.527544e-06 ; dt = 14186.6 sec
power : iter =    694 ; delta = 1.511111e-06 ; dt = 14207.0 sec
power : iter =    695 ; delta = 1.494911e-06 ; dt = 14227.4 sec
power : iter =    696 ; delta = 1.478901e-06 ; dt = 14247.9 sec
power : iter =    697 ; delta = 1.462997e-06 ; dt = 14268.4 sec
power : iter =    698 ; delta = 1.447324e-06 ; dt = 14288.8 sec
power : iter =    699 ; delta = 1.431829e-06 ; dt = 14309.2 sec
power : iter =    700 ; delta = 1.416442e-06 ; dt = 14329.7 sec
power : iter =    701 ; delta = 1.401273e-06 ; dt = 14350.2 sec
power : iter =    702 ; delta = 1.386282e-06 ; dt = 14370.7 sec
power : iter =    703 ; delta = 1.371392e-06 ; dt = 14391.1 sec
power : iter =    704 ; delta = 1.356717e-06 ; dt = 14411.5 sec
power : iter =    705 ; delta = 1.342209e-06 ; dt = 14432.0 sec
power : iter =    706 ; delta = 1.327802e-06 ; dt = 14452.5 sec
power : iter =    707 ; delta = 1.313600e-06 ; dt = 14472.8 sec
power : iter =    708 ; delta = 1.299563e-06 ; dt = 14493.3 sec
power : iter =    709 ; delta = 1.285620e-06 ; dt = 14513.8 sec
power : iter =    710 ; delta = 1.271878e-06 ; dt = 14534.3 sec
power : iter =    711 ; delta = 1.258292e-06 ; dt = 14554.7 sec
power : iter =    712 ; delta = 1.244800e-06 ; dt = 14575.2 sec
power : iter =    713 ; delta = 1.231500e-06 ; dt = 14595.6 sec
power : iter =    714 ; delta = 1.218353e-06 ; dt = 14616.1 sec
power : iter =    715 ; delta = 1.205295e-06 ; dt = 14636.5 sec
power : iter =    716 ; delta = 1.192424e-06 ; dt = 14657.0 sec
power : iter =    717 ; delta = 1.179700e-06 ; dt = 14677.5 sec
power : iter =    718 ; delta = 1.167063e-06 ; dt = 14697.9 sec
power : iter =    719 ; delta = 1.154606e-06 ; dt = 14718.3 sec
power : iter =    720 ; delta = 1.142293e-06 ; dt = 14738.8 sec
power : iter =    721 ; delta = 1.130062e-06 ; dt = 14759.3 sec
power : iter =    722 ; delta = 1.118006e-06 ; dt = 14779.8 sec
power : iter =    723 ; delta = 1.106088e-06 ; dt = 14800.2 sec
power : iter =    724 ; delta = 1.094252e-06 ; dt = 14820.7 sec
power : iter =    725 ; delta = 1.082583e-06 ; dt = 14841.1 sec
power : iter =    726 ; delta = 1.071049e-06 ; dt = 14861.5 sec
power : iter =    727 ; delta = 1.059592e-06 ; dt = 14882.0 sec
power : iter =    728 ; delta = 1.048299e-06 ; dt = 14902.5 sec
power : iter =    729 ; delta = 1.037135e-06 ; dt = 14922.9 sec
power : iter =    730 ; delta = 1.026047e-06 ; dt = 14943.4 sec
power : iter =    731 ; delta = 1.015116e-06 ; dt = 14963.8 sec
power : iter =    732 ; delta = 1.004312e-06 ; dt = 14984.2 sec
power : iter =    733 ; delta = 9.935789e-07 ; dt = 15004.7 sec
power : iter =    734 ; delta = 9.829994e-07 ; dt = 15025.2 sec
power : iter =    735 ; delta = 9.725409e-07 ; dt = 15045.6 sec
power : iter =    736 ; delta = 9.621535e-07 ; dt = 15066.1 sec
power : iter =    737 ; delta = 9.519129e-07 ; dt = 15086.6 sec
power : iter =    738 ; delta = 9.417906e-07 ; dt = 15107.0 sec
power : iter =    739 ; delta = 9.317360e-07 ; dt = 15127.5 sec
power : iter =    740 ; delta = 9.218243e-07 ; dt = 15147.9 sec
power : iter =    741 ; delta = 9.120263e-07 ; dt = 15168.3 sec
power : iter =    742 ; delta = 9.022947e-07 ; dt = 15188.8 sec
power : iter =    743 ; delta = 8.927016e-07 ; dt = 15209.3 sec
power : iter =    744 ; delta = 8.832204e-07 ; dt = 15229.7 sec
power : iter =    745 ; delta = 8.738032e-07 ; dt = 15250.2 sec
power : iter =    746 ; delta = 8.645200e-07 ; dt = 15270.6 sec
power : iter =    747 ; delta = 8.553432e-07 ; dt = 15291.1 sec
power : iter =    748 ; delta = 8.462282e-07 ; dt = 15311.6 sec
power : iter =    749 ; delta = 8.372419e-07 ; dt = 15332.0 sec
power : iter =    750 ; delta = 8.283589e-07 ; dt = 15352.5 sec
power : iter =    751 ; delta = 8.195352e-07 ; dt = 15373.0 sec
power : iter =    752 ; delta = 8.108363e-07 ; dt = 15393.4 sec
power : iter =    753 ; delta = 8.022371e-07 ; dt = 15413.8 sec
power : iter =    754 ; delta = 7.936956e-07 ; dt = 15434.3 sec
power : iter =    755 ; delta = 7.852746e-07 ; dt = 15454.7 sec
power : iter =    756 ; delta = 7.769503e-07 ; dt = 15475.1 sec
power : iter =    757 ; delta = 7.686817e-07 ; dt = 15495.6 sec
power : iter =    758 ; delta = 7.605299e-07 ; dt = 15516.1 sec
power : iter =    759 ; delta = 7.524716e-07 ; dt = 15536.5 sec
power : iter =    760 ; delta = 7.444671e-07 ; dt = 15557.0 sec
power : iter =    761 ; delta = 7.365755e-07 ; dt = 15577.4 sec
power : iter =    762 ; delta = 7.287743e-07 ; dt = 15597.9 sec
power : iter =    763 ; delta = 7.210253e-07 ; dt = 15618.4 sec
power : iter =    764 ; delta = 7.133854e-07 ; dt = 15638.8 sec
power : iter =    765 ; delta = 7.058330e-07 ; dt = 15659.3 sec
power : iter =    766 ; delta = 6.983312e-07 ; dt = 15679.8 sec
power : iter =    767 ; delta = 6.909349e-07 ; dt = 15700.1 sec
power : iter =    768 ; delta = 6.836233e-07 ; dt = 15720.6 sec
power : iter =    769 ; delta = 6.763606e-07 ; dt = 15741.1 sec
power : iter =    770 ; delta = 6.691999e-07 ; dt = 15761.6 sec
power : iter =    771 ; delta = 6.621214e-07 ; dt = 15782.0 sec
power : iter =    772 ; delta = 6.550901e-07 ; dt = 15802.5 sec
power : iter =    773 ; delta = 6.481576e-07 ; dt = 15822.9 sec
power : iter =    774 ; delta = 6.413044e-07 ; dt = 15843.4 sec
power : iter =    775 ; delta = 6.344972e-07 ; dt = 15863.8 sec
power : iter =    776 ; delta = 6.277852e-07 ; dt = 15884.2 sec
power : iter =    777 ; delta = 6.211504e-07 ; dt = 15904.7 sec
power : iter =    778 ; delta = 6.145597e-07 ; dt = 15925.2 sec
power : iter =    779 ; delta = 6.080615e-07 ; dt = 15945.7 sec
power : iter =    780 ; delta = 6.016377e-07 ; dt = 15966.1 sec
power : iter =    781 ; delta = 5.952567e-07 ; dt = 15986.6 sec
power : iter =    782 ; delta = 5.889652e-07 ; dt = 16006.9 sec
power : iter =    783 ; delta = 5.827461e-07 ; dt = 16027.6 sec
power : iter =    784 ; delta = 5.765683e-07 ; dt = 16048.2 sec
power : iter =    785 ; delta = 5.704774e-07 ; dt = 16068.7 sec
power : iter =    786 ; delta = 5.644559e-07 ; dt = 16089.1 sec
power : iter =    787 ; delta = 5.584747e-07 ; dt = 16109.6 sec
power : iter =    788 ; delta = 5.525770e-07 ; dt = 16130.1 sec
power : iter =    789 ; delta = 5.467471e-07 ; dt = 16150.5 sec
power : iter =    790 ; delta = 5.409557e-07 ; dt = 16170.9 sec
power : iter =    791 ; delta = 5.352455e-07 ; dt = 16191.4 sec
power : iter =    792 ; delta = 5.296004e-07 ; dt = 16211.9 sec
power : iter =    793 ; delta = 5.239931e-07 ; dt = 16232.3 sec
power : iter =    794 ; delta = 5.184639e-07 ; dt = 16252.8 sec
power : iter =    795 ; delta = 5.129982e-07 ; dt = 16273.2 sec
power : iter =    796 ; delta = 5.075685e-07 ; dt = 16293.7 sec
power : iter =    797 ; delta = 5.022149e-07 ; dt = 16314.2 sec
power : iter =    798 ; delta = 4.969223e-07 ; dt = 16334.6 sec
power : iter =    799 ; delta = 4.916651e-07 ; dt = 16355.1 sec
power : iter =    800 ; delta = 4.864809e-07 ; dt = 16375.6 sec
power : iter =    801 ; delta = 4.813563e-07 ; dt = 16396.0 sec
power : iter =    802 ; delta = 4.762655e-07 ; dt = 16416.4 sec
power : iter =    803 ; delta = 4.712459e-07 ; dt = 16436.9 sec
power : iter =    804 ; delta = 4.662834e-07 ; dt = 16457.4 sec
power : iter =    805 ; delta = 4.613542e-07 ; dt = 16477.8 sec
power : iter =    806 ; delta = 4.564933e-07 ; dt = 16498.3 sec
power : iter =    807 ; delta = 4.516883e-07 ; dt = 16518.7 sec
power : iter =    808 ; delta = 4.469148e-07 ; dt = 16539.1 sec
power : iter =    809 ; delta = 4.422081e-07 ; dt = 16559.6 sec
power : iter =    810 ; delta = 4.375550e-07 ; dt = 16580.1 sec
power : iter =    811 ; delta = 4.329332e-07 ; dt = 16600.5 sec
power : iter =    812 ; delta = 4.283754e-07 ; dt = 16621.0 sec
power : iter =    813 ; delta = 4.238700e-07 ; dt = 16641.4 sec
power : iter =    814 ; delta = 4.193943e-07 ; dt = 16661.9 sec
power : iter =    815 ; delta = 4.149811e-07 ; dt = 16682.4 sec
power : iter =    816 ; delta = 4.106180e-07 ; dt = 16702.8 sec
power : iter =    817 ; delta = 4.062843e-07 ; dt = 16723.3 sec
power : iter =    818 ; delta = 4.020105e-07 ; dt = 16743.8 sec
power : iter =    819 ; delta = 3.977858e-07 ; dt = 16764.2 sec
power : iter =    820 ; delta = 3.935889e-07 ; dt = 16784.6 sec
power : iter =    821 ; delta = 3.894505e-07 ; dt = 16805.1 sec
power : iter =    822 ; delta = 3.853592e-07 ; dt = 16825.5 sec
power : iter =    823 ; delta = 3.812954e-07 ; dt = 16845.9 sec
power : iter =    824 ; delta = 3.772875e-07 ; dt = 16866.4 sec
power : iter =    825 ; delta = 3.733258e-07 ; dt = 16886.9 sec
power : iter =    826 ; delta = 3.693902e-07 ; dt = 16907.3 sec
power : iter =    827 ; delta = 3.655093e-07 ; dt = 16927.8 sec
power : iter =    828 ; delta = 3.616726e-07 ; dt = 16948.3 sec
power : iter =    829 ; delta = 3.578618e-07 ; dt = 16968.7 sec
power : iter =    830 ; delta = 3.541056e-07 ; dt = 16989.2 sec
power : iter =    831 ; delta = 3.503928e-07 ; dt = 17009.6 sec
power : iter =    832 ; delta = 3.467042e-07 ; dt = 17030.1 sec
power : iter =    833 ; delta = 3.430669e-07 ; dt = 17050.5 sec
power : iter =    834 ; delta = 3.394707e-07 ; dt = 17071.0 sec
power : iter =    835 ; delta = 3.358987e-07 ; dt = 17091.4 sec
power : iter =    836 ; delta = 3.323755e-07 ; dt = 17111.9 sec
power : iter =    837 ; delta = 3.288930e-07 ; dt = 17132.3 sec
power : iter =    838 ; delta = 3.254331e-07 ; dt = 17152.8 sec
power : iter =    839 ; delta = 3.220212e-07 ; dt = 17173.3 sec
power : iter =    840 ; delta = 3.186480e-07 ; dt = 17193.7 sec
power : iter =    841 ; delta = 3.152973e-07 ; dt = 17214.2 sec
power : iter =    842 ; delta = 3.119925e-07 ; dt = 17234.7 sec
power : iter =    843 ; delta = 3.087257e-07 ; dt = 17255.1 sec
power : iter =    844 ; delta = 3.054802e-07 ; dt = 17275.5 sec
power : iter =    845 ; delta = 3.022796e-07 ; dt = 17296.0 sec
power : iter =    846 ; delta = 2.991152e-07 ; dt = 17316.5 sec
power : iter =    847 ; delta = 2.959721e-07 ; dt = 17336.9 sec
power : iter =    848 ; delta = 2.928719e-07 ; dt = 17357.4 sec
power : iter =    849 ; delta = 2.898073e-07 ; dt = 17377.8 sec
power : iter =    850 ; delta = 2.867627e-07 ; dt = 17398.2 sec
power : iter =    851 ; delta = 2.837602e-07 ; dt = 17418.7 sec
power : iter =    852 ; delta = 2.807916e-07 ; dt = 17439.0 sec
power : iter =    853 ; delta = 2.778430e-07 ; dt = 17459.5 sec
power : iter =    854 ; delta = 2.749345e-07 ; dt = 17480.0 sec
power : iter =    855 ; delta = 2.720596e-07 ; dt = 17500.5 sec
power : iter =    856 ; delta = 2.692032e-07 ; dt = 17521.0 sec
power : iter =    857 ; delta = 2.663864e-07 ; dt = 17541.4 sec
power : iter =    858 ; delta = 2.636014e-07 ; dt = 17561.9 sec
power : iter =    859 ; delta = 2.608351e-07 ; dt = 17582.4 sec
power : iter =    860 ; delta = 2.581070e-07 ; dt = 17602.8 sec
power : iter =    861 ; delta = 2.554112e-07 ; dt = 17623.2 sec
power : iter =    862 ; delta = 2.527329e-07 ; dt = 17643.7 sec
power : iter =    863 ; delta = 2.500916e-07 ; dt = 17664.2 sec
power : iter =    864 ; delta = 2.474801e-07 ; dt = 17684.6 sec
power : iter =    865 ; delta = 2.448861e-07 ; dt = 17705.1 sec
power : iter =    866 ; delta = 2.423273e-07 ; dt = 17725.6 sec
power : iter =    867 ; delta = 2.397980e-07 ; dt = 17746.0 sec
power : iter =    868 ; delta = 2.372851e-07 ; dt = 17766.4 sec
power : iter =    869 ; delta = 2.348067e-07 ; dt = 17786.9 sec
power : iter =    870 ; delta = 2.323564e-07 ; dt = 17807.3 sec
power : iter =    871 ; delta = 2.299226e-07 ; dt = 17827.8 sec
power : iter =    872 ; delta = 2.275224e-07 ; dt = 17848.2 sec
power : iter =    873 ; delta = 2.251500e-07 ; dt = 17868.6 sec
power : iter =    874 ; delta = 2.227932e-07 ; dt = 17889.0 sec
power : iter =    875 ; delta = 2.204687e-07 ; dt = 17909.5 sec
power : iter =    876 ; delta = 2.181705e-07 ; dt = 17930.0 sec
power : iter =    877 ; delta = 2.158876e-07 ; dt = 17950.5 sec
power : iter =    878 ; delta = 2.136356e-07 ; dt = 17971.0 sec
power : iter =    879 ; delta = 2.114095e-07 ; dt = 17991.5 sec
power : iter =    880 ; delta = 2.091978e-07 ; dt = 18011.9 sec
power : iter =    881 ; delta = 2.070164e-07 ; dt = 18032.4 sec
power : iter =    882 ; delta = 2.048597e-07 ; dt = 18052.8 sec
power : iter =    883 ; delta = 2.027173e-07 ; dt = 18073.3 sec
power : iter =    884 ; delta = 2.006040e-07 ; dt = 18093.7 sec
power : iter =    885 ; delta = 1.985148e-07 ; dt = 18114.1 sec
power : iter =    886 ; delta = 1.964393e-07 ; dt = 18134.6 sec
power : iter =    887 ; delta = 1.943921e-07 ; dt = 18155.1 sec
power : iter =    888 ; delta = 1.923680e-07 ; dt = 18175.6 sec
power : iter =    889 ; delta = 1.903575e-07 ; dt = 18196.0 sec
power : iter =    890 ; delta = 1.883741e-07 ; dt = 18216.5 sec
power : iter =    891 ; delta = 1.864134e-07 ; dt = 18236.9 sec
power : iter =    892 ; delta = 1.844655e-07 ; dt = 18257.3 sec
power : iter =    893 ; delta = 1.825442e-07 ; dt = 18277.8 sec
power : iter =    894 ; delta = 1.806446e-07 ; dt = 18298.2 sec
power : iter =    895 ; delta = 1.787576e-07 ; dt = 18318.7 sec
power : iter =    896 ; delta = 1.768961e-07 ; dt = 18339.1 sec
power : iter =    897 ; delta = 1.750560e-07 ; dt = 18359.6 sec
power : iter =    898 ; delta = 1.732278e-07 ; dt = 18380.1 sec
power : iter =    899 ; delta = 1.714246e-07 ; dt = 18400.5 sec
power : iter =    900 ; delta = 1.696417e-07 ; dt = 18421.0 sec
power : iter =    901 ; delta = 1.678707e-07 ; dt = 18441.5 sec
power : iter =    902 ; delta = 1.661235e-07 ; dt = 18462.0 sec
power : iter =    903 ; delta = 1.643964e-07 ; dt = 18482.2 sec
power : iter =    904 ; delta = 1.626805e-07 ; dt = 18502.7 sec
power : iter =    905 ; delta = 1.609880e-07 ; dt = 18523.2 sec
power : iter =    906 ; delta = 1.593146e-07 ; dt = 18543.7 sec
power : iter =    907 ; delta = 1.576523e-07 ; dt = 18564.1 sec
power : iter =    908 ; delta = 1.560124e-07 ; dt = 18584.6 sec
power : iter =    909 ; delta = 1.543913e-07 ; dt = 18605.1 sec
power : iter =    910 ; delta = 1.527807e-07 ; dt = 18625.5 sec
power : iter =    911 ; delta = 1.511921e-07 ; dt = 18646.0 sec
power : iter =    912 ; delta = 1.496213e-07 ; dt = 18666.4 sec
power : iter =    913 ; delta = 1.480611e-07 ; dt = 18686.9 sec
power : iter =    914 ; delta = 1.465218e-07 ; dt = 18707.3 sec
power : iter =    915 ; delta = 1.450002e-07 ; dt = 18727.7 sec
power : iter =    916 ; delta = 1.434884e-07 ; dt = 18748.2 sec
power : iter =    917 ; delta = 1.419980e-07 ; dt = 18768.7 sec
power : iter =    918 ; delta = 1.405251e-07 ; dt = 18789.2 sec
power : iter =    919 ; delta = 1.390621e-07 ; dt = 18809.6 sec
power : iter =    920 ; delta = 1.376186e-07 ; dt = 18830.1 sec
power : iter =    921 ; delta = 1.361918e-07 ; dt = 18850.5 sec
power : iter =    922 ; delta = 1.347741e-07 ; dt = 18871.0 sec
power : iter =    923 ; delta = 1.333757e-07 ; dt = 18891.4 sec
power : iter =    924 ; delta = 1.319929e-07 ; dt = 18911.9 sec
power : iter =    925 ; delta = 1.306195e-07 ; dt = 18932.3 sec
power : iter =    926 ; delta = 1.292643e-07 ; dt = 18952.8 sec
power : iter =    927 ; delta = 1.279247e-07 ; dt = 18973.2 sec
power : iter =    928 ; delta = 1.265938e-07 ; dt = 18993.7 sec
power : iter =    929 ; delta = 1.252809e-07 ; dt = 19014.2 sec
power : iter =    930 ; delta = 1.239827e-07 ; dt = 19034.6 sec
power : iter =    931 ; delta = 1.226933e-07 ; dt = 19055.1 sec
power : iter =    932 ; delta = 1.214209e-07 ; dt = 19075.4 sec
power : iter =    933 ; delta = 1.201633e-07 ; dt = 19095.9 sec
power : iter =    934 ; delta = 1.189137e-07 ; dt = 19116.4 sec
power : iter =    935 ; delta = 1.176811e-07 ; dt = 19136.9 sec
power : iter =    936 ; delta = 1.164622e-07 ; dt = 19157.3 sec
power : iter =    937 ; delta = 1.152517e-07 ; dt = 19177.8 sec
power : iter =    938 ; delta = 1.140571e-07 ; dt = 19198.3 sec
power : iter =    939 ; delta = 1.128762e-07 ; dt = 19218.7 sec
power : iter =    940 ; delta = 1.117030e-07 ; dt = 19239.2 sec
power : iter =    941 ; delta = 1.105457e-07 ; dt = 19259.6 sec
power : iter =    942 ; delta = 1.094013e-07 ; dt = 19280.0 sec
power : iter =    943 ; delta = 1.082647e-07 ; dt = 19300.5 sec
power : iter =    944 ; delta = 1.071430e-07 ; dt = 19321.0 sec
power : iter =    945 ; delta = 1.060343e-07 ; dt = 19341.5 sec
power : iter =    946 ; delta = 1.049328e-07 ; dt = 19361.9 sec
power : iter =    947 ; delta = 1.038461e-07 ; dt = 19382.4 sec
power : iter =    948 ; delta = 1.027717e-07 ; dt = 19402.8 sec
power : iter =    949 ; delta = 1.017044e-07 ; dt = 19423.2 sec
power : iter =    950 ; delta = 1.006513e-07 ; dt = 19443.7 sec
power : iter =    951 ; delta = 9.961032e-08 ; dt = 19464.2 sec
power : solved pagerank(a=0.9900) in   951 mults to 1.000000e-07 tol
output norm: 1.0000000000000000e+00
