Parameters: 
   graphfile = /var/tmp/dgleich/data/sk-2005-trans
      output = none
         alg = inout
       alpha = 0.85
         tol = 1e-07
       maxit = 10000

nodes = 50636154
edges = 1949412601
inout(0.8500,0.5000,1.000000e-02) with tol=1.000000e-07 and maxit= 10000 iterations
inout (outer) : iter =      1 ; odelta = 1.987395e-01 ; dt =   296.0; nmult =      5
inout (outer) : iter =      2 ; odelta = 5.242138e-02 ; dt =   472.3; nmult =      8
inout (outer) : iter =      3 ; odelta = 2.507700e-02 ; dt =   593.1; nmult =     10
inout (outer) : iter =      4 ; odelta = 1.466074e-02 ; dt =   709.8; nmult =     12
inout (outer) : iter =      5 ; odelta = 1.082383e-02 ; dt =   768.6; nmult =     13
inout (power) : iter =      6 ; odelta = 8.159593e-03 ; dt =   826.6; nmult =     14
inout (power) : iter =      7 ; odelta = 6.247646e-03 ; dt =   885.0; nmult =     15
inout (power) : iter =      8 ; odelta = 4.841362e-03 ; dt =   943.7; nmult =     16
inout (power) : iter =      9 ; odelta = 3.791244e-03 ; dt =  1004.3; nmult =     17
inout (power) : iter =     10 ; odelta = 2.991022e-03 ; dt =  1061.9; nmult =     18
inout (power) : iter =     11 ; odelta = 2.372345e-03 ; dt =  1118.1; nmult =     19
inout (power) : iter =     12 ; odelta = 1.890195e-03 ; dt =  1175.2; nmult =     20
inout (power) : iter =     13 ; odelta = 1.511960e-03 ; dt =  1234.8; nmult =     21
inout (power) : iter =     14 ; odelta = 1.214127e-03 ; dt =  1288.6; nmult =     22
inout (power) : iter =     15 ; odelta = 9.785644e-04 ; dt =  1340.7; nmult =     23
inout (power) : iter =     16 ; odelta = 7.913509e-04 ; dt =  1392.2; nmult =     24
inout (power) : iter =     17 ; odelta = 6.414980e-04 ; dt =  1444.3; nmult =     25
inout (power) : iter =     18 ; odelta = 5.212605e-04 ; dt =  1495.7; nmult =     26
inout (power) : iter =     19 ; odelta = 4.243795e-04 ; dt =  1547.7; nmult =     27
inout (power) : iter =     20 ; odelta = 3.462134e-04 ; dt =  1599.1; nmult =     28
inout (power) : iter =     21 ; odelta = 2.831195e-04 ; dt =  1652.5; nmult =     29
inout (power) : iter =     22 ; odelta = 2.318896e-04 ; dt =  1707.1; nmult =     30
inout (power) : iter =     23 ; odelta = 1.902367e-04 ; dt =  1759.1; nmult =     31
inout (power) : iter =     24 ; odelta = 1.562499e-04 ; dt =  1814.8; nmult =     32
inout (power) : iter =     25 ; odelta = 1.284407e-04 ; dt =  1867.3; nmult =     33
inout (power) : iter =     26 ; odelta = 1.057031e-04 ; dt =  1924.4; nmult =     34
inout (power) : iter =     27 ; odelta = 8.706437e-05 ; dt =  1983.3; nmult =     35
inout (power) : iter =     28 ; odelta = 7.180031e-05 ; dt =  2041.7; nmult =     36
inout (power) : iter =     29 ; odelta = 5.925813e-05 ; dt =  2100.5; nmult =     37
inout (power) : iter =     30 ; odelta = 4.892713e-05 ; dt =  2158.1; nmult =     38
inout (power) : iter =     31 ; odelta = 4.043492e-05 ; dt =  2215.6; nmult =     39
inout (power) : iter =     32 ; odelta = 3.344340e-05 ; dt =  2273.2; nmult =     40
inout (power) : iter =     33 ; odelta = 2.768293e-05 ; dt =  2330.0; nmult =     41
inout (power) : iter =     34 ; odelta = 2.292618e-05 ; dt =  2387.7; nmult =     42
inout (power) : iter =     35 ; odelta = 1.900098e-05 ; dt =  2446.7; nmult =     43
inout (power) : iter =     36 ; odelta = 1.576021e-05 ; dt =  2503.2; nmult =     44
inout (power) : iter =     37 ; odelta = 1.308421e-05 ; dt =  2562.0; nmult =     45
inout (power) : iter =     38 ; odelta = 1.087256e-05 ; dt =  2620.9; nmult =     46
inout (power) : iter =     39 ; odelta = 9.041491e-06 ; dt =  2679.8; nmult =     47
inout (power) : iter =     40 ; odelta = 7.525567e-06 ; dt =  2738.6; nmult =     48
inout (power) : iter =     41 ; odelta = 6.266437e-06 ; dt =  2798.0; nmult =     49
inout (power) : iter =     42 ; odelta = 5.222549e-06 ; dt =  2858.1; nmult =     50
inout (power) : iter =     43 ; odelta = 4.355609e-06 ; dt =  2916.7; nmult =     51
inout (power) : iter =     44 ; odelta = 3.634805e-06 ; dt =  2975.3; nmult =     52
inout (power) : iter =     45 ; odelta = 3.035773e-06 ; dt =  3035.4; nmult =     53
inout (power) : iter =     46 ; odelta = 2.538030e-06 ; dt =  3094.1; nmult =     54
inout (power) : iter =     47 ; odelta = 2.124756e-06 ; dt =  3153.4; nmult =     55
inout (power) : iter =     48 ; odelta = 1.780241e-06 ; dt =  3210.0; nmult =     56
inout (power) : iter =     49 ; odelta = 1.492208e-06 ; dt =  3268.7; nmult =     57
inout (power) : iter =     50 ; odelta = 1.251074e-06 ; dt =  3328.0; nmult =     58
inout (power) : iter =     51 ; odelta = 1.049124e-06 ; dt =  3386.5; nmult =     59
inout (power) : iter =     52 ; odelta = 8.799645e-07 ; dt =  3444.6; nmult =     60
inout (power) : iter =     53 ; odelta = 7.382294e-07 ; dt =  3501.9; nmult =     61
inout (power) : iter =     54 ; odelta = 6.194411e-07 ; dt =  3561.2; nmult =     62
inout (power) : iter =     55 ; odelta = 5.198626e-07 ; dt =  3621.0; nmult =     63
inout (power) : iter =     56 ; odelta = 4.364073e-07 ; dt =  3679.6; nmult =     64
inout (power) : iter =     57 ; odelta = 3.664132e-07 ; dt =  3738.7; nmult =     65
inout (power) : iter =     58 ; odelta = 3.077288e-07 ; dt =  3797.9; nmult =     66
inout (power) : iter =     59 ; odelta = 2.584961e-07 ; dt =  3856.3; nmult =     67
inout (power) : iter =     60 ; odelta = 2.171740e-07 ; dt =  3913.1; nmult =     68
inout (power) : iter =     61 ; odelta = 1.824855e-07 ; dt =  3970.5; nmult =     69
inout (power) : iter =     62 ; odelta = 1.533588e-07 ; dt =  4028.1; nmult =     70
inout (power) : iter =     63 ; odelta = 1.288950e-07 ; dt =  4079.8; nmult =     71
inout (power) : iter =     64 ; odelta = 1.083473e-07 ; dt =  4130.3; nmult =     72
inout (power) : iter =     65 ; odelta = 9.108601e-08 ; dt =  4181.3; nmult =     73
inout(b=0.5000,it=1.000000e-02) : solved pagerank(a=0.8500) in    73 mults to 1.000000e-07 tol
output norm: 1.0000000000000000e+00
