Parameters: 
   graphfile = /var/tmp/dgleich/data/uk-2007-05-trans
      output = none
         alg = power
       alpha = 0.99
         tol = 1e-07
       maxit = 10000

nodes = 105896555
edges = -556233648
power : iter =      1 ; delta = 1.372126e+00 ; dt =    21.6 sec
power : iter =      2 ; delta = 5.965130e-01 ; dt =    43.1 sec
power : iter =      3 ; delta = 2.737734e-01 ; dt =    64.6 sec
power : iter =      4 ; delta = 1.492604e-01 ; dt =    85.9 sec
power : iter =      5 ; delta = 9.629935e-02 ; dt =   107.5 sec
power : iter =      6 ; delta = 7.077172e-02 ; dt =   128.9 sec
power : iter =      7 ; delta = 5.659826e-02 ; dt =   150.5 sec
power : iter =      8 ; delta = 4.756408e-02 ; dt =   172.2 sec
power : iter =      9 ; delta = 4.120915e-02 ; dt =   193.9 sec
power : iter =     10 ; delta = 3.643039e-02 ; dt =   215.6 sec
power : iter =     11 ; delta = 3.262667e-02 ; dt =   237.2 sec
power : iter =     12 ; delta = 2.972731e-02 ; dt =   258.8 sec
power : iter =     13 ; delta = 2.719682e-02 ; dt =   280.5 sec
power : iter =     14 ; delta = 2.516828e-02 ; dt =   302.2 sec
power : iter =     15 ; delta = 2.339028e-02 ; dt =   324.0 sec
power : iter =     16 ; delta = 2.177770e-02 ; dt =   345.7 sec
power : iter =     17 ; delta = 2.040498e-02 ; dt =   367.3 sec
power : iter =     18 ; delta = 1.922601e-02 ; dt =   388.9 sec
power : iter =     19 ; delta = 1.811063e-02 ; dt =   410.6 sec
power : iter =     20 ; delta = 1.714934e-02 ; dt =   432.3 sec
power : iter =     21 ; delta = 1.622661e-02 ; dt =   454.0 sec
power : iter =     22 ; delta = 1.542012e-02 ; dt =   475.7 sec
power : iter =     23 ; delta = 1.468012e-02 ; dt =   497.3 sec
power : iter =     24 ; delta = 1.402874e-02 ; dt =   518.7 sec
power : iter =     25 ; delta = 1.338553e-02 ; dt =   540.1 sec
power : iter =     26 ; delta = 1.279739e-02 ; dt =   561.6 sec
power : iter =     27 ; delta = 1.226922e-02 ; dt =   583.1 sec
power : iter =     28 ; delta = 1.177023e-02 ; dt =   604.7 sec
power : iter =     29 ; delta = 1.131351e-02 ; dt =   626.5 sec
power : iter =     30 ; delta = 1.088773e-02 ; dt =   648.1 sec
power : iter =     31 ; delta = 1.044928e-02 ; dt =   669.7 sec
power : iter =     32 ; delta = 1.007961e-02 ; dt =   691.3 sec
power : iter =     33 ; delta = 9.716346e-03 ; dt =   713.0 sec
power : iter =     34 ; delta = 9.379494e-03 ; dt =   734.6 sec
power : iter =     35 ; delta = 9.060143e-03 ; dt =   756.2 sec
power : iter =     36 ; delta = 8.745192e-03 ; dt =   777.7 sec
power : iter =     37 ; delta = 8.456705e-03 ; dt =   799.4 sec
power : iter =     38 ; delta = 8.185250e-03 ; dt =   821.1 sec
power : iter =     39 ; delta = 7.932030e-03 ; dt =   842.6 sec
power : iter =     40 ; delta = 7.687683e-03 ; dt =   864.2 sec
power : iter =     41 ; delta = 7.441246e-03 ; dt =   885.8 sec
power : iter =     42 ; delta = 7.225350e-03 ; dt =   907.5 sec
power : iter =     43 ; delta = 7.006632e-03 ; dt =   929.2 sec
power : iter =     44 ; delta = 6.810450e-03 ; dt =   950.8 sec
power : iter =     45 ; delta = 6.617721e-03 ; dt =   972.4 sec
power : iter =     46 ; delta = 6.421327e-03 ; dt =   994.0 sec
power : iter =     47 ; delta = 6.245953e-03 ; dt =  1015.7 sec
power : iter =     48 ; delta = 6.073038e-03 ; dt =  1037.4 sec
power : iter =     49 ; delta = 5.911491e-03 ; dt =  1058.9 sec
power : iter =     50 ; delta = 5.757390e-03 ; dt =  1080.4 sec
power : iter =     51 ; delta = 5.601149e-03 ; dt =  1102.0 sec
power : iter =     52 ; delta = 5.459036e-03 ; dt =  1123.6 sec
power : iter =     53 ; delta = 5.317289e-03 ; dt =  1145.2 sec
power : iter =     54 ; delta = 5.187745e-03 ; dt =  1166.8 sec
power : iter =     55 ; delta = 5.058965e-03 ; dt =  1188.4 sec
power : iter =     56 ; delta = 4.939155e-03 ; dt =  1210.1 sec
power : iter =     57 ; delta = 4.821246e-03 ; dt =  1231.8 sec
power : iter =     58 ; delta = 4.708514e-03 ; dt =  1253.2 sec
power : iter =     59 ; delta = 4.599873e-03 ; dt =  1274.9 sec
power : iter =     60 ; delta = 4.492848e-03 ; dt =  1296.5 sec
power : iter =     61 ; delta = 4.391171e-03 ; dt =  1318.2 sec
power : iter =     62 ; delta = 4.291536e-03 ; dt =  1339.7 sec
power : iter =     63 ; delta = 4.196385e-03 ; dt =  1361.2 sec
power : iter =     64 ; delta = 4.104656e-03 ; dt =  1382.8 sec
power : iter =     65 ; delta = 4.012422e-03 ; dt =  1404.5 sec
power : iter =     66 ; delta = 3.926567e-03 ; dt =  1426.1 sec
power : iter =     67 ; delta = 3.840382e-03 ; dt =  1447.6 sec
power : iter =     68 ; delta = 3.759578e-03 ; dt =  1469.2 sec
power : iter =     69 ; delta = 3.680327e-03 ; dt =  1490.8 sec
power : iter =     70 ; delta = 3.601331e-03 ; dt =  1512.4 sec
power : iter =     71 ; delta = 3.526809e-03 ; dt =  1534.0 sec
power : iter =     72 ; delta = 3.452889e-03 ; dt =  1555.6 sec
power : iter =     73 ; delta = 3.382671e-03 ; dt =  1577.3 sec
power : iter =     74 ; delta = 3.314502e-03 ; dt =  1599.0 sec
power : iter =     75 ; delta = 3.245387e-03 ; dt =  1620.5 sec
power : iter =     76 ; delta = 3.181119e-03 ; dt =  1642.1 sec
power : iter =     77 ; delta = 3.116088e-03 ; dt =  1663.8 sec
power : iter =     78 ; delta = 3.055362e-03 ; dt =  1685.4 sec
power : iter =     79 ; delta = 2.995560e-03 ; dt =  1706.9 sec
power : iter =     80 ; delta = 2.935543e-03 ; dt =  1728.5 sec
power : iter =     81 ; delta = 2.878954e-03 ; dt =  1750.1 sec
power : iter =     82 ; delta = 2.822345e-03 ; dt =  1771.7 sec
power : iter =     83 ; delta = 2.768703e-03 ; dt =  1793.2 sec
power : iter =     84 ; delta = 2.716471e-03 ; dt =  1814.7 sec
power : iter =     85 ; delta = 2.663292e-03 ; dt =  1836.4 sec
power : iter =     86 ; delta = 2.613675e-03 ; dt =  1857.9 sec
power : iter =     87 ; delta = 2.563253e-03 ; dt =  1879.5 sec
power : iter =     88 ; delta = 2.516171e-03 ; dt =  1901.1 sec
power : iter =     89 ; delta = 2.469666e-03 ; dt =  1922.7 sec
power : iter =     90 ; delta = 2.422951e-03 ; dt =  1944.4 sec
power : iter =     91 ; delta = 2.378790e-03 ; dt =  1966.1 sec
power : iter =     92 ; delta = 2.334480e-03 ; dt =  1987.7 sec
power : iter =     93 ; delta = 2.292532e-03 ; dt =  2009.2 sec
power : iter =     94 ; delta = 2.251664e-03 ; dt =  2030.8 sec
power : iter =     95 ; delta = 2.210086e-03 ; dt =  2052.2 sec
power : iter =     96 ; delta = 2.171134e-03 ; dt =  2073.8 sec
power : iter =     97 ; delta = 2.131463e-03 ; dt =  2095.4 sec
power : iter =     98 ; delta = 2.094411e-03 ; dt =  2117.0 sec
power : iter =     99 ; delta = 2.057762e-03 ; dt =  2138.8 sec
power : iter =    100 ; delta = 2.021932e-03 ; dt =  2160.3 sec
power : iter =    101 ; delta = 1.986973e-03 ; dt =  2181.8 sec
power : iter =    102 ; delta = 1.951806e-03 ; dt =  2203.5 sec
power : iter =    103 ; delta = 1.918499e-03 ; dt =  2225.1 sec
power : iter =    104 ; delta = 1.885737e-03 ; dt =  2246.6 sec
power : iter =    105 ; delta = 1.853891e-03 ; dt =  2268.2 sec
power : iter =    106 ; delta = 1.822747e-03 ; dt =  2289.7 sec
power : iter =    107 ; delta = 1.791091e-03 ; dt =  2311.1 sec
power : iter =    108 ; delta = 1.761389e-03 ; dt =  2332.7 sec
power : iter =    109 ; delta = 1.731776e-03 ; dt =  2354.2 sec
power : iter =    110 ; delta = 1.703421e-03 ; dt =  2375.6 sec
power : iter =    111 ; delta = 1.675535e-03 ; dt =  2397.1 sec
power : iter =    112 ; delta = 1.647605e-03 ; dt =  2418.6 sec
power : iter =    113 ; delta = 1.621086e-03 ; dt =  2440.4 sec
power : iter =    114 ; delta = 1.594860e-03 ; dt =  2461.8 sec
power : iter =    115 ; delta = 1.569468e-03 ; dt =  2483.3 sec
power : iter =    116 ; delta = 1.544579e-03 ; dt =  2504.9 sec
power : iter =    117 ; delta = 1.519303e-03 ; dt =  2526.3 sec
power : iter =    118 ; delta = 1.495433e-03 ; dt =  2547.9 sec
power : iter =    119 ; delta = 1.471545e-03 ; dt =  2569.6 sec
power : iter =    120 ; delta = 1.448688e-03 ; dt =  2591.1 sec
power : iter =    121 ; delta = 1.426031e-03 ; dt =  2612.5 sec
power : iter =    122 ; delta = 1.403401e-03 ; dt =  2633.8 sec
power : iter =    123 ; delta = 1.381688e-03 ; dt =  2655.2 sec
power : iter =    124 ; delta = 1.360148e-03 ; dt =  2676.7 sec
power : iter =    125 ; delta = 1.339326e-03 ; dt =  2698.0 sec
power : iter =    126 ; delta = 1.318808e-03 ; dt =  2719.5 sec
power : iter =    127 ; delta = 1.298707e-03 ; dt =  2741.1 sec
power : iter =    128 ; delta = 1.279034e-03 ; dt =  2762.7 sec
power : iter =    129 ; delta = 1.259313e-03 ; dt =  2784.2 sec
power : iter =    130 ; delta = 1.240381e-03 ; dt =  2805.7 sec
power : iter =    131 ; delta = 1.221511e-03 ; dt =  2827.2 sec
power : iter =    132 ; delta = 1.203269e-03 ; dt =  2848.6 sec
power : iter =    133 ; delta = 1.185241e-03 ; dt =  2870.1 sec
power : iter =    134 ; delta = 1.167350e-03 ; dt =  2891.5 sec
power : iter =    135 ; delta = 1.150027e-03 ; dt =  2913.0 sec
power : iter =    136 ; delta = 1.132872e-03 ; dt =  2934.5 sec
power : iter =    137 ; delta = 1.116158e-03 ; dt =  2955.9 sec
power : iter =    138 ; delta = 1.099769e-03 ; dt =  2977.4 sec
power : iter =    139 ; delta = 1.083359e-03 ; dt =  2998.8 sec
power : iter =    140 ; delta = 1.067566e-03 ; dt =  3020.3 sec
power : iter =    141 ; delta = 1.051793e-03 ; dt =  3041.8 sec
power : iter =    142 ; delta = 1.036543e-03 ; dt =  3063.3 sec
power : iter =    143 ; delta = 1.021471e-03 ; dt =  3084.9 sec
power : iter =    144 ; delta = 1.006496e-03 ; dt =  3106.4 sec
power : iter =    145 ; delta = 9.919442e-04 ; dt =  3127.9 sec
power : iter =    146 ; delta = 9.775027e-04 ; dt =  3149.4 sec
power : iter =    147 ; delta = 9.634584e-04 ; dt =  3171.0 sec
power : iter =    148 ; delta = 9.496847e-04 ; dt =  3192.6 sec
power : iter =    149 ; delta = 9.359163e-04 ; dt =  3214.1 sec
power : iter =    150 ; delta = 9.226187e-04 ; dt =  3235.6 sec
power : iter =    151 ; delta = 9.093114e-04 ; dt =  3257.2 sec
power : iter =    152 ; delta = 8.964574e-04 ; dt =  3278.6 sec
power : iter =    153 ; delta = 8.837470e-04 ; dt =  3300.1 sec
power : iter =    154 ; delta = 8.711418e-04 ; dt =  3321.6 sec
power : iter =    155 ; delta = 8.588500e-04 ; dt =  3343.2 sec
power : iter =    156 ; delta = 8.466483e-04 ; dt =  3364.6 sec
power : iter =    157 ; delta = 8.347664e-04 ; dt =  3386.1 sec
power : iter =    158 ; delta = 8.230972e-04 ; dt =  3407.6 sec
power : iter =    159 ; delta = 8.115275e-04 ; dt =  3429.1 sec
power : iter =    160 ; delta = 8.002382e-04 ; dt =  3450.6 sec
power : iter =    161 ; delta = 7.889467e-04 ; dt =  3472.2 sec
power : iter =    162 ; delta = 7.780377e-04 ; dt =  3493.8 sec
power : iter =    163 ; delta = 7.672230e-04 ; dt =  3515.3 sec
power : iter =    164 ; delta = 7.566647e-04 ; dt =  3536.8 sec
power : iter =    165 ; delta = 7.462200e-04 ; dt =  3558.2 sec
power : iter =    166 ; delta = 7.358497e-04 ; dt =  3579.6 sec
power : iter =    167 ; delta = 7.257438e-04 ; dt =  3601.3 sec
power : iter =    168 ; delta = 7.158051e-04 ; dt =  3622.6 sec
power : iter =    169 ; delta = 7.060340e-04 ; dt =  3644.1 sec
power : iter =    170 ; delta = 6.964278e-04 ; dt =  3665.8 sec
power : iter =    171 ; delta = 6.868302e-04 ; dt =  3687.3 sec
power : iter =    172 ; delta = 6.775261e-04 ; dt =  3708.8 sec
power : iter =    173 ; delta = 6.682900e-04 ; dt =  3730.4 sec
power : iter =    174 ; delta = 6.592789e-04 ; dt =  3752.1 sec
power : iter =    175 ; delta = 6.503553e-04 ; dt =  3773.7 sec
power : iter =    176 ; delta = 6.415826e-04 ; dt =  3795.3 sec
power : iter =    177 ; delta = 6.329396e-04 ; dt =  3816.8 sec
power : iter =    178 ; delta = 6.244177e-04 ; dt =  3838.3 sec
power : iter =    179 ; delta = 6.160398e-04 ; dt =  3862.6 sec
power : iter =    180 ; delta = 6.077953e-04 ; dt =  3884.8 sec
power : iter =    181 ; delta = 5.996744e-04 ; dt =  3907.1 sec
power : iter =    182 ; delta = 5.917002e-04 ; dt =  3928.7 sec
power : iter =    183 ; delta = 5.837884e-04 ; dt =  3950.3 sec
power : iter =    184 ; delta = 5.760588e-04 ; dt =  3971.8 sec
power : iter =    185 ; delta = 5.683801e-04 ; dt =  3993.4 sec
power : iter =    186 ; delta = 5.608768e-04 ; dt =  4015.0 sec
power : iter =    187 ; delta = 5.534549e-04 ; dt =  4036.6 sec
power : iter =    188 ; delta = 5.461360e-04 ; dt =  4058.2 sec
power : iter =    189 ; delta = 5.389368e-04 ; dt =  4079.7 sec
power : iter =    190 ; delta = 5.318275e-04 ; dt =  4101.3 sec
power : iter =    191 ; delta = 5.248319e-04 ; dt =  4122.8 sec
power : iter =    192 ; delta = 5.179569e-04 ; dt =  4144.4 sec
power : iter =    193 ; delta = 5.111360e-04 ; dt =  4166.0 sec
power : iter =    194 ; delta = 5.044601e-04 ; dt =  4187.4 sec
power : iter =    195 ; delta = 4.978286e-04 ; dt =  4208.9 sec
power : iter =    196 ; delta = 4.913464e-04 ; dt =  4230.3 sec
power : iter =    197 ; delta = 4.849326e-04 ; dt =  4251.8 sec
power : iter =    198 ; delta = 4.786130e-04 ; dt =  4273.4 sec
power : iter =    199 ; delta = 4.723870e-04 ; dt =  4295.0 sec
power : iter =    200 ; delta = 4.662347e-04 ; dt =  4316.4 sec
power : iter =    201 ; delta = 4.601890e-04 ; dt =  4337.8 sec
power : iter =    202 ; delta = 4.542477e-04 ; dt =  4359.5 sec
power : iter =    203 ; delta = 4.483576e-04 ; dt =  4380.9 sec
power : iter =    204 ; delta = 4.425911e-04 ; dt =  4402.4 sec
power : iter =    205 ; delta = 4.368573e-04 ; dt =  4424.0 sec
power : iter =    206 ; delta = 4.312501e-04 ; dt =  4445.7 sec
power : iter =    207 ; delta = 4.257056e-04 ; dt =  4467.2 sec
power : iter =    208 ; delta = 4.202415e-04 ; dt =  4488.7 sec
power : iter =    209 ; delta = 4.148491e-04 ; dt =  4510.3 sec
power : iter =    210 ; delta = 4.095226e-04 ; dt =  4531.7 sec
power : iter =    211 ; delta = 4.042822e-04 ; dt =  4553.2 sec
power : iter =    212 ; delta = 3.991270e-04 ; dt =  4574.6 sec
power : iter =    213 ; delta = 3.940204e-04 ; dt =  4596.1 sec
power : iter =    214 ; delta = 3.890099e-04 ; dt =  4617.6 sec
power : iter =    215 ; delta = 3.840266e-04 ; dt =  4639.3 sec
power : iter =    216 ; delta = 3.791563e-04 ; dt =  4661.0 sec
power : iter =    217 ; delta = 3.743372e-04 ; dt =  4682.4 sec
power : iter =    218 ; delta = 3.695904e-04 ; dt =  4703.9 sec
power : iter =    219 ; delta = 3.649047e-04 ; dt =  4725.5 sec
power : iter =    220 ; delta = 3.602943e-04 ; dt =  4746.8 sec
power : iter =    221 ; delta = 3.557363e-04 ; dt =  4768.3 sec
power : iter =    222 ; delta = 3.512567e-04 ; dt =  4789.8 sec
power : iter =    223 ; delta = 3.468187e-04 ; dt =  4811.3 sec
power : iter =    224 ; delta = 3.424543e-04 ; dt =  4832.9 sec
power : iter =    225 ; delta = 3.381446e-04 ; dt =  4854.6 sec
power : iter =    226 ; delta = 3.339064e-04 ; dt =  4876.2 sec
power : iter =    227 ; delta = 3.297113e-04 ; dt =  4897.9 sec
power : iter =    228 ; delta = 3.255831e-04 ; dt =  4919.4 sec
power : iter =    229 ; delta = 3.214953e-04 ; dt =  4941.0 sec
power : iter =    230 ; delta = 3.174799e-04 ; dt =  4962.5 sec
power : iter =    231 ; delta = 3.135093e-04 ; dt =  4983.9 sec
power : iter =    232 ; delta = 3.096032e-04 ; dt =  5005.5 sec
power : iter =    233 ; delta = 3.057349e-04 ; dt =  5027.1 sec
power : iter =    234 ; delta = 3.019264e-04 ; dt =  5048.8 sec
power : iter =    235 ; delta = 2.981656e-04 ; dt =  5070.2 sec
power : iter =    236 ; delta = 2.944644e-04 ; dt =  5091.9 sec
power : iter =    237 ; delta = 2.908037e-04 ; dt =  5113.3 sec
power : iter =    238 ; delta = 2.872008e-04 ; dt =  5134.7 sec
power : iter =    239 ; delta = 2.836280e-04 ; dt =  5156.4 sec
power : iter =    240 ; delta = 2.801230e-04 ; dt =  5177.8 sec
power : iter =    241 ; delta = 2.766546e-04 ; dt =  5199.2 sec
power : iter =    242 ; delta = 2.732410e-04 ; dt =  5220.7 sec
power : iter =    243 ; delta = 2.698640e-04 ; dt =  5242.1 sec
power : iter =    244 ; delta = 2.665333e-04 ; dt =  5263.6 sec
power : iter =    245 ; delta = 2.632442e-04 ; dt =  5285.0 sec
power : iter =    246 ; delta = 2.600102e-04 ; dt =  5306.5 sec
power : iter =    247 ; delta = 2.568117e-04 ; dt =  5328.0 sec
power : iter =    248 ; delta = 2.536651e-04 ; dt =  5349.6 sec
power : iter =    249 ; delta = 2.505487e-04 ; dt =  5371.0 sec
power : iter =    250 ; delta = 2.474862e-04 ; dt =  5392.4 sec
power : iter =    251 ; delta = 2.444545e-04 ; dt =  5414.0 sec
power : iter =    252 ; delta = 2.414728e-04 ; dt =  5435.4 sec
power : iter =    253 ; delta = 2.385213e-04 ; dt =  5456.9 sec
power : iter =    254 ; delta = 2.356159e-04 ; dt =  5478.5 sec
power : iter =    255 ; delta = 2.327412e-04 ; dt =  5500.2 sec
power : iter =    256 ; delta = 2.299127e-04 ; dt =  5521.6 sec
power : iter =    257 ; delta = 2.271110e-04 ; dt =  5543.2 sec
power : iter =    258 ; delta = 2.243552e-04 ; dt =  5564.7 sec
power : iter =    259 ; delta = 2.216265e-04 ; dt =  5586.2 sec
power : iter =    260 ; delta = 2.189400e-04 ; dt =  5607.8 sec
power : iter =    261 ; delta = 2.162818e-04 ; dt =  5629.5 sec
power : iter =    262 ; delta = 2.136656e-04 ; dt =  5651.0 sec
power : iter =    263 ; delta = 2.110746e-04 ; dt =  5672.5 sec
power : iter =    264 ; delta = 2.085256e-04 ; dt =  5693.9 sec
power : iter =    265 ; delta = 2.060018e-04 ; dt =  5715.3 sec
power : iter =    266 ; delta = 2.035172e-04 ; dt =  5736.7 sec
power : iter =    267 ; delta = 2.010585e-04 ; dt =  5758.3 sec
power : iter =    268 ; delta = 1.986384e-04 ; dt =  5779.7 sec
power : iter =    269 ; delta = 1.962395e-04 ; dt =  5801.2 sec
power : iter =    270 ; delta = 1.938811e-04 ; dt =  5822.7 sec
power : iter =    271 ; delta = 1.915461e-04 ; dt =  5844.3 sec
power : iter =    272 ; delta = 1.892469e-04 ; dt =  5865.7 sec
power : iter =    273 ; delta = 1.869709e-04 ; dt =  5887.4 sec
power : iter =    274 ; delta = 1.847302e-04 ; dt =  5908.9 sec
power : iter =    275 ; delta = 1.825106e-04 ; dt =  5930.4 sec
power : iter =    276 ; delta = 1.803264e-04 ; dt =  5952.0 sec
power : iter =    277 ; delta = 1.781636e-04 ; dt =  5973.5 sec
power : iter =    278 ; delta = 1.760338e-04 ; dt =  5995.1 sec
power : iter =    279 ; delta = 1.739256e-04 ; dt =  6016.5 sec
power : iter =    280 ; delta = 1.718499e-04 ; dt =  6038.2 sec
power : iter =    281 ; delta = 1.697935e-04 ; dt =  6059.6 sec
power : iter =    282 ; delta = 1.677696e-04 ; dt =  6081.1 sec
power : iter =    283 ; delta = 1.657655e-04 ; dt =  6102.5 sec
power : iter =    284 ; delta = 1.637916e-04 ; dt =  6124.0 sec
power : iter =    285 ; delta = 1.618381e-04 ; dt =  6145.5 sec
power : iter =    286 ; delta = 1.599146e-04 ; dt =  6167.0 sec
power : iter =    287 ; delta = 1.580092e-04 ; dt =  6188.4 sec
power : iter =    288 ; delta = 1.561337e-04 ; dt =  6209.9 sec
power : iter =    289 ; delta = 1.542766e-04 ; dt =  6231.4 sec
power : iter =    290 ; delta = 1.524473e-04 ; dt =  6253.0 sec
power : iter =    291 ; delta = 1.506369e-04 ; dt =  6274.5 sec
power : iter =    292 ; delta = 1.488541e-04 ; dt =  6296.1 sec
power : iter =    293 ; delta = 1.470881e-04 ; dt =  6317.5 sec
power : iter =    294 ; delta = 1.453498e-04 ; dt =  6338.9 sec
power : iter =    295 ; delta = 1.436286e-04 ; dt =  6360.6 sec
power : iter =    296 ; delta = 1.419328e-04 ; dt =  6382.1 sec
power : iter =    297 ; delta = 1.402542e-04 ; dt =  6403.7 sec
power : iter =    298 ; delta = 1.386003e-04 ; dt =  6425.2 sec
power : iter =    299 ; delta = 1.369620e-04 ; dt =  6446.7 sec
power : iter =    300 ; delta = 1.353487e-04 ; dt =  6468.1 sec
power : iter =    301 ; delta = 1.337516e-04 ; dt =  6489.6 sec
power : iter =    302 ; delta = 1.321778e-04 ; dt =  6511.2 sec
power : iter =    303 ; delta = 1.306199e-04 ; dt =  6532.7 sec
power : iter =    304 ; delta = 1.290856e-04 ; dt =  6554.2 sec
power : iter =    305 ; delta = 1.275654e-04 ; dt =  6575.7 sec
power : iter =    306 ; delta = 1.260685e-04 ; dt =  6597.2 sec
power : iter =    307 ; delta = 1.245858e-04 ; dt =  6618.7 sec
power : iter =    308 ; delta = 1.231250e-04 ; dt =  6640.3 sec
power : iter =    309 ; delta = 1.216786e-04 ; dt =  6661.7 sec
power : iter =    310 ; delta = 1.202538e-04 ; dt =  6683.2 sec
power : iter =    311 ; delta = 1.188422e-04 ; dt =  6704.8 sec
power : iter =    312 ; delta = 1.174522e-04 ; dt =  6727.1 sec
power : iter =    313 ; delta = 1.160754e-04 ; dt =  6748.6 sec
power : iter =    314 ; delta = 1.147190e-04 ; dt =  6770.1 sec
power : iter =    315 ; delta = 1.133760e-04 ; dt =  6793.2 sec
power : iter =    316 ; delta = 1.120531e-04 ; dt =  6815.4 sec
power : iter =    317 ; delta = 1.107426e-04 ; dt =  6836.9 sec
power : iter =    318 ; delta = 1.094518e-04 ; dt =  6858.5 sec
power : iter =    319 ; delta = 1.081733e-04 ; dt =  6880.1 sec
power : iter =    320 ; delta = 1.069136e-04 ; dt =  6901.6 sec
power : iter =    321 ; delta = 1.056662e-04 ; dt =  6923.3 sec
power : iter =    322 ; delta = 1.044378e-04 ; dt =  6944.6 sec
power : iter =    323 ; delta = 1.032200e-04 ; dt =  6966.2 sec
power : iter =    324 ; delta = 1.020216e-04 ; dt =  6987.7 sec
power : iter =    325 ; delta = 1.008339e-04 ; dt =  7009.4 sec
power : iter =    326 ; delta = 9.966409e-05 ; dt =  7030.9 sec
power : iter =    327 ; delta = 9.850514e-05 ; dt =  7052.5 sec
power : iter =    328 ; delta = 9.736395e-05 ; dt =  7074.0 sec
power : iter =    329 ; delta = 9.623259e-05 ; dt =  7095.7 sec
power : iter =    330 ; delta = 9.511885e-05 ; dt =  7117.1 sec
power : iter =    331 ; delta = 9.401489e-05 ; dt =  7138.6 sec
power : iter =    332 ; delta = 9.292739e-05 ; dt =  7160.3 sec
power : iter =    333 ; delta = 9.184978e-05 ; dt =  7181.7 sec
power : iter =    334 ; delta = 9.078852e-05 ; dt =  7203.3 sec
power : iter =    335 ; delta = 8.973631e-05 ; dt =  7224.9 sec
power : iter =    336 ; delta = 8.870049e-05 ; dt =  7246.5 sec
power : iter =    337 ; delta = 8.767370e-05 ; dt =  7268.0 sec
power : iter =    338 ; delta = 8.666217e-05 ; dt =  7289.6 sec
power : iter =    339 ; delta = 8.565993e-05 ; dt =  7311.3 sec
power : iter =    340 ; delta = 8.467295e-05 ; dt =  7332.8 sec
power : iter =    341 ; delta = 8.369433e-05 ; dt =  7354.3 sec
power : iter =    342 ; delta = 8.273078e-05 ; dt =  7375.9 sec
power : iter =    343 ; delta = 8.177565e-05 ; dt =  7397.6 sec
power : iter =    344 ; delta = 8.083466e-05 ; dt =  7419.1 sec
power : iter =    345 ; delta = 7.990224e-05 ; dt =  7440.6 sec
power : iter =    346 ; delta = 7.898324e-05 ; dt =  7462.1 sec
power : iter =    347 ; delta = 7.807274e-05 ; dt =  7483.7 sec
power : iter =    348 ; delta = 7.717620e-05 ; dt =  7505.2 sec
power : iter =    349 ; delta = 7.628753e-05 ; dt =  7526.8 sec
power : iter =    350 ; delta = 7.541202e-05 ; dt =  7548.3 sec
power : iter =    351 ; delta = 7.454449e-05 ; dt =  7569.9 sec
power : iter =    352 ; delta = 7.368993e-05 ; dt =  7591.4 sec
power : iter =    353 ; delta = 7.284261e-05 ; dt =  7612.9 sec
power : iter =    354 ; delta = 7.200819e-05 ; dt =  7634.5 sec
power : iter =    355 ; delta = 7.118110e-05 ; dt =  7655.9 sec
power : iter =    356 ; delta = 7.036619e-05 ; dt =  7677.5 sec
power : iter =    357 ; delta = 6.955874e-05 ; dt =  7699.0 sec
power : iter =    358 ; delta = 6.876335e-05 ; dt =  7720.4 sec
power : iter =    359 ; delta = 6.797482e-05 ; dt =  7742.0 sec
power : iter =    360 ; delta = 6.719834e-05 ; dt =  7763.6 sec
power : iter =    361 ; delta = 6.642867e-05 ; dt =  7785.0 sec
power : iter =    362 ; delta = 6.567026e-05 ; dt =  7806.5 sec
power : iter =    363 ; delta = 6.491870e-05 ; dt =  7828.0 sec
power : iter =    364 ; delta = 6.417828e-05 ; dt =  7849.4 sec
power : iter =    365 ; delta = 6.344434e-05 ; dt =  7870.9 sec
power : iter =    366 ; delta = 6.272143e-05 ; dt =  7892.4 sec
power : iter =    367 ; delta = 6.200484e-05 ; dt =  7914.0 sec
power : iter =    368 ; delta = 6.129869e-05 ; dt =  7935.5 sec
power : iter =    369 ; delta = 6.059896e-05 ; dt =  7957.0 sec
power : iter =    370 ; delta = 5.990954e-05 ; dt =  7978.7 sec
power : iter =    371 ; delta = 5.922604e-05 ; dt =  8000.3 sec
power : iter =    372 ; delta = 5.855285e-05 ; dt =  8021.8 sec
power : iter =    373 ; delta = 5.788555e-05 ; dt =  8043.3 sec
power : iter =    374 ; delta = 5.722793e-05 ; dt =  8064.8 sec
power : iter =    375 ; delta = 5.657607e-05 ; dt =  8086.3 sec
power : iter =    376 ; delta = 5.593398e-05 ; dt =  8107.8 sec
power : iter =    377 ; delta = 5.529739e-05 ; dt =  8129.2 sec
power : iter =    378 ; delta = 5.467027e-05 ; dt =  8150.7 sec
power : iter =    379 ; delta = 5.404871e-05 ; dt =  8172.4 sec
power : iter =    380 ; delta = 5.343632e-05 ; dt =  8193.9 sec
power : iter =    381 ; delta = 5.282945e-05 ; dt =  8215.4 sec
power : iter =    382 ; delta = 5.223146e-05 ; dt =  8237.0 sec
power : iter =    383 ; delta = 5.163861e-05 ; dt =  8258.5 sec
power : iter =    384 ; delta = 5.105460e-05 ; dt =  8279.9 sec
power : iter =    385 ; delta = 5.047572e-05 ; dt =  8301.5 sec
power : iter =    386 ; delta = 4.990516e-05 ; dt =  8323.0 sec
power : iter =    387 ; delta = 4.933980e-05 ; dt =  8344.5 sec
power : iter =    388 ; delta = 4.878265e-05 ; dt =  8366.0 sec
power : iter =    389 ; delta = 4.823029e-05 ; dt =  8387.5 sec
power : iter =    390 ; delta = 4.768608e-05 ; dt =  8408.9 sec
power : iter =    391 ; delta = 4.714661e-05 ; dt =  8430.4 sec
power : iter =    392 ; delta = 4.661482e-05 ; dt =  8452.0 sec
power : iter =    393 ; delta = 4.608780e-05 ; dt =  8473.5 sec
power : iter =    394 ; delta = 4.556839e-05 ; dt =  8495.0 sec
power : iter =    395 ; delta = 4.505343e-05 ; dt =  8516.7 sec
power : iter =    396 ; delta = 4.454603e-05 ; dt =  8538.4 sec
power : iter =    397 ; delta = 4.404304e-05 ; dt =  8559.8 sec
power : iter =    398 ; delta = 4.354721e-05 ; dt =  8581.3 sec
power : iter =    399 ; delta = 4.305583e-05 ; dt =  8602.9 sec
power : iter =    400 ; delta = 4.257150e-05 ; dt =  8624.3 sec
power : iter =    401 ; delta = 4.209137e-05 ; dt =  8645.8 sec
power : iter =    402 ; delta = 4.161828e-05 ; dt =  8667.3 sec
power : iter =    403 ; delta = 4.114937e-05 ; dt =  8688.7 sec
power : iter =    404 ; delta = 4.068711e-05 ; dt =  8710.3 sec
power : iter =    405 ; delta = 4.022898e-05 ; dt =  8731.9 sec
power : iter =    406 ; delta = 3.977739e-05 ; dt =  8753.2 sec
power : iter =    407 ; delta = 3.932966e-05 ; dt =  8774.8 sec
power : iter =    408 ; delta = 3.888846e-05 ; dt =  8796.3 sec
power : iter =    409 ; delta = 3.845109e-05 ; dt =  8818.1 sec
power : iter =    410 ; delta = 3.801992e-05 ; dt =  8839.8 sec
power : iter =    411 ; delta = 3.759274e-05 ; dt =  8861.3 sec
power : iter =    412 ; delta = 3.717173e-05 ; dt =  8882.8 sec
power : iter =    413 ; delta = 3.675435e-05 ; dt =  8904.3 sec
power : iter =    414 ; delta = 3.634302e-05 ; dt =  8925.8 sec
power : iter =    415 ; delta = 3.593525e-05 ; dt =  8947.3 sec
power : iter =    416 ; delta = 3.553323e-05 ; dt =  8968.8 sec
power : iter =    417 ; delta = 3.513479e-05 ; dt =  8990.4 sec
power : iter =    418 ; delta = 3.474201e-05 ; dt =  9012.0 sec
power : iter =    419 ; delta = 3.435258e-05 ; dt =  9033.6 sec
power : iter =    420 ; delta = 3.396880e-05 ; dt =  9054.9 sec
power : iter =    421 ; delta = 3.358838e-05 ; dt =  9076.4 sec
power : iter =    422 ; delta = 3.321333e-05 ; dt =  9097.9 sec
power : iter =    423 ; delta = 3.284142e-05 ; dt =  9119.6 sec
power : iter =    424 ; delta = 3.247506e-05 ; dt =  9141.1 sec
power : iter =    425 ; delta = 3.211184e-05 ; dt =  9162.6 sec
power : iter =    426 ; delta = 3.175385e-05 ; dt =  9184.1 sec
power : iter =    427 ; delta = 3.139896e-05 ; dt =  9205.7 sec
power : iter =    428 ; delta = 3.104906e-05 ; dt =  9227.2 sec
power : iter =    429 ; delta = 3.070228e-05 ; dt =  9248.9 sec
power : iter =    430 ; delta = 3.036040e-05 ; dt =  9270.3 sec
power : iter =    431 ; delta = 3.002143e-05 ; dt =  9291.8 sec
power : iter =    432 ; delta = 2.968731e-05 ; dt =  9313.4 sec
power : iter =    433 ; delta = 2.935607e-05 ; dt =  9334.9 sec
power : iter =    434 ; delta = 2.902945e-05 ; dt =  9356.4 sec
power : iter =    435 ; delta = 2.870576e-05 ; dt =  9378.1 sec
power : iter =    436 ; delta = 2.838665e-05 ; dt =  9399.6 sec
power : iter =    437 ; delta = 2.807027e-05 ; dt =  9421.3 sec
power : iter =    438 ; delta = 2.775840e-05 ; dt =  9442.8 sec
power : iter =    439 ; delta = 2.744923e-05 ; dt =  9464.3 sec
power : iter =    440 ; delta = 2.714436e-05 ; dt =  9486.0 sec
power : iter =    441 ; delta = 2.684220e-05 ; dt =  9507.6 sec
power : iter =    442 ; delta = 2.654427e-05 ; dt =  9529.1 sec
power : iter =    443 ; delta = 2.624888e-05 ; dt =  9550.6 sec
power : iter =    444 ; delta = 2.595770e-05 ; dt =  9572.1 sec
power : iter =    445 ; delta = 2.566903e-05 ; dt =  9593.7 sec
power : iter =    446 ; delta = 2.538435e-05 ; dt =  9615.1 sec
power : iter =    447 ; delta = 2.510222e-05 ; dt =  9636.7 sec
power : iter =    448 ; delta = 2.482402e-05 ; dt =  9658.1 sec
power : iter =    449 ; delta = 2.454821e-05 ; dt =  9679.6 sec
power : iter =    450 ; delta = 2.427631e-05 ; dt =  9701.2 sec
power : iter =    451 ; delta = 2.400675e-05 ; dt =  9722.6 sec
power : iter =    452 ; delta = 2.374083e-05 ; dt =  9744.2 sec
power : iter =    453 ; delta = 2.347736e-05 ; dt =  9765.8 sec
power : iter =    454 ; delta = 2.321753e-05 ; dt =  9787.4 sec
power : iter =    455 ; delta = 2.295994e-05 ; dt =  9808.9 sec
power : iter =    456 ; delta = 2.270598e-05 ; dt =  9830.4 sec
power : iter =    457 ; delta = 2.245422e-05 ; dt =  9852.0 sec
power : iter =    458 ; delta = 2.220593e-05 ; dt =  9873.7 sec
power : iter =    459 ; delta = 2.195985e-05 ; dt =  9895.2 sec
power : iter =    460 ; delta = 2.171717e-05 ; dt =  9916.7 sec
power : iter =    461 ; delta = 2.147660e-05 ; dt =  9938.3 sec
power : iter =    462 ; delta = 2.123942e-05 ; dt =  9959.7 sec
power : iter =    463 ; delta = 2.100429e-05 ; dt =  9981.3 sec
power : iter =    464 ; delta = 2.077239e-05 ; dt = 10002.9 sec
power : iter =    465 ; delta = 2.054256e-05 ; dt = 10024.4 sec
power : iter =    466 ; delta = 2.031591e-05 ; dt = 10045.9 sec
power : iter =    467 ; delta = 2.009121e-05 ; dt = 10067.5 sec
power : iter =    468 ; delta = 1.986966e-05 ; dt = 10089.0 sec
power : iter =    469 ; delta = 1.965004e-05 ; dt = 10110.5 sec
power : iter =    470 ; delta = 1.943343e-05 ; dt = 10132.0 sec
power : iter =    471 ; delta = 1.921877e-05 ; dt = 10153.5 sec
power : iter =    472 ; delta = 1.900705e-05 ; dt = 10175.2 sec
power : iter =    473 ; delta = 1.879715e-05 ; dt = 10196.7 sec
power : iter =    474 ; delta = 1.859017e-05 ; dt = 10218.3 sec
power : iter =    475 ; delta = 1.838504e-05 ; dt = 10239.8 sec
power : iter =    476 ; delta = 1.818271e-05 ; dt = 10261.3 sec
power : iter =    477 ; delta = 1.798220e-05 ; dt = 10282.8 sec
power : iter =    478 ; delta = 1.778442e-05 ; dt = 10304.4 sec
power : iter =    479 ; delta = 1.758835e-05 ; dt = 10326.1 sec
power : iter =    480 ; delta = 1.739501e-05 ; dt = 10347.6 sec
power : iter =    481 ; delta = 1.720334e-05 ; dt = 10369.2 sec
power : iter =    482 ; delta = 1.701427e-05 ; dt = 10390.7 sec
power : iter =    483 ; delta = 1.682689e-05 ; dt = 10412.2 sec
power : iter =    484 ; delta = 1.664207e-05 ; dt = 10433.7 sec
power : iter =    485 ; delta = 1.645884e-05 ; dt = 10455.3 sec
power : iter =    486 ; delta = 1.627815e-05 ; dt = 10476.9 sec
power : iter =    487 ; delta = 1.609903e-05 ; dt = 10498.4 sec
power : iter =    488 ; delta = 1.592235e-05 ; dt = 10519.9 sec
power : iter =    489 ; delta = 1.574731e-05 ; dt = 10541.5 sec
power : iter =    490 ; delta = 1.557462e-05 ; dt = 10563.2 sec
power : iter =    491 ; delta = 1.540345e-05 ; dt = 10584.8 sec
power : iter =    492 ; delta = 1.523461e-05 ; dt = 10606.3 sec
power : iter =    493 ; delta = 1.506727e-05 ; dt = 10627.8 sec
power : iter =    494 ; delta = 1.490216e-05 ; dt = 10649.6 sec
power : iter =    495 ; delta = 1.473857e-05 ; dt = 10671.1 sec
power : iter =    496 ; delta = 1.457715e-05 ; dt = 10692.5 sec
power : iter =    497 ; delta = 1.441717e-05 ; dt = 10714.1 sec
power : iter =    498 ; delta = 1.425935e-05 ; dt = 10735.6 sec
power : iter =    499 ; delta = 1.410293e-05 ; dt = 10757.1 sec
power : iter =    500 ; delta = 1.394850e-05 ; dt = 10778.6 sec
power : iter =    501 ; delta = 1.379559e-05 ; dt = 10800.1 sec
power : iter =    502 ; delta = 1.364471e-05 ; dt = 10821.6 sec
power : iter =    503 ; delta = 1.349516e-05 ; dt = 10843.1 sec
power : iter =    504 ; delta = 1.334763e-05 ; dt = 10864.6 sec
power : iter =    505 ; delta = 1.320142e-05 ; dt = 10886.1 sec
power : iter =    506 ; delta = 1.305714e-05 ; dt = 10907.7 sec
power : iter =    507 ; delta = 1.291418e-05 ; dt = 10929.4 sec
power : iter =    508 ; delta = 1.277311e-05 ; dt = 10950.8 sec
power : iter =    509 ; delta = 1.263331e-05 ; dt = 10972.4 sec
power : iter =    510 ; delta = 1.249538e-05 ; dt = 10994.0 sec
power : iter =    511 ; delta = 1.235869e-05 ; dt = 11015.4 sec
power : iter =    512 ; delta = 1.222379e-05 ; dt = 11037.0 sec
power : iter =    513 ; delta = 1.209013e-05 ; dt = 11058.6 sec
power : iter =    514 ; delta = 1.195824e-05 ; dt = 11080.2 sec
power : iter =    515 ; delta = 1.182752e-05 ; dt = 11101.7 sec
power : iter =    516 ; delta = 1.169855e-05 ; dt = 11123.2 sec
power : iter =    517 ; delta = 1.157074e-05 ; dt = 11144.7 sec
power : iter =    518 ; delta = 1.144461e-05 ; dt = 11166.2 sec
power : iter =    519 ; delta = 1.131964e-05 ; dt = 11187.8 sec
power : iter =    520 ; delta = 1.119632e-05 ; dt = 11209.3 sec
power : iter =    521 ; delta = 1.107409e-05 ; dt = 11231.0 sec
power : iter =    522 ; delta = 1.095349e-05 ; dt = 11252.5 sec
power : iter =    523 ; delta = 1.083398e-05 ; dt = 11274.0 sec
power : iter =    524 ; delta = 1.071603e-05 ; dt = 11295.5 sec
power : iter =    525 ; delta = 1.059916e-05 ; dt = 11317.3 sec
power : iter =    526 ; delta = 1.048382e-05 ; dt = 11338.9 sec
power : iter =    527 ; delta = 1.036951e-05 ; dt = 11360.5 sec
power : iter =    528 ; delta = 1.025671e-05 ; dt = 11382.0 sec
power : iter =    529 ; delta = 1.014490e-05 ; dt = 11403.7 sec
power : iter =    530 ; delta = 1.003458e-05 ; dt = 11425.2 sec
power : iter =    531 ; delta = 9.925276e-06 ; dt = 11446.8 sec
power : iter =    532 ; delta = 9.817395e-06 ; dt = 11468.4 sec
power : iter =    533 ; delta = 9.710482e-06 ; dt = 11490.0 sec
power : iter =    534 ; delta = 9.604977e-06 ; dt = 11511.4 sec
power : iter =    535 ; delta = 9.500426e-06 ; dt = 11532.9 sec
power : iter =    536 ; delta = 9.397226e-06 ; dt = 11554.5 sec
power : iter =    537 ; delta = 9.294982e-06 ; dt = 11576.3 sec
power : iter =    538 ; delta = 9.194061e-06 ; dt = 11597.7 sec
power : iter =    539 ; delta = 9.094053e-06 ; dt = 11619.4 sec
power : iter =    540 ; delta = 8.995354e-06 ; dt = 11640.9 sec
power : iter =    541 ; delta = 8.897553e-06 ; dt = 11662.6 sec
power : iter =    542 ; delta = 8.801010e-06 ; dt = 11684.1 sec
power : iter =    543 ; delta = 8.705363e-06 ; dt = 11705.6 sec
power : iter =    544 ; delta = 8.610944e-06 ; dt = 11727.3 sec
power : iter =    545 ; delta = 8.517381e-06 ; dt = 11748.9 sec
power : iter =    546 ; delta = 8.425036e-06 ; dt = 11770.5 sec
power : iter =    547 ; delta = 8.333533e-06 ; dt = 11792.0 sec
power : iter =    548 ; delta = 8.243200e-06 ; dt = 11813.5 sec
power : iter =    549 ; delta = 8.153708e-06 ; dt = 11835.0 sec
power : iter =    550 ; delta = 8.065360e-06 ; dt = 11856.5 sec
power : iter =    551 ; delta = 7.977814e-06 ; dt = 11878.0 sec
power : iter =    552 ; delta = 7.891410e-06 ; dt = 11899.7 sec
power : iter =    553 ; delta = 7.805801e-06 ; dt = 11921.3 sec
power : iter =    554 ; delta = 7.721283e-06 ; dt = 11942.9 sec
power : iter =    555 ; delta = 7.637560e-06 ; dt = 11964.4 sec
power : iter =    556 ; delta = 7.554905e-06 ; dt = 11986.1 sec
power : iter =    557 ; delta = 7.473011e-06 ; dt = 12007.6 sec
power : iter =    558 ; delta = 7.392173e-06 ; dt = 12029.1 sec
power : iter =    559 ; delta = 7.312075e-06 ; dt = 12050.7 sec
power : iter =    560 ; delta = 7.232996e-06 ; dt = 12072.1 sec
power : iter =    561 ; delta = 7.154655e-06 ; dt = 12093.6 sec
power : iter =    562 ; delta = 7.077309e-06 ; dt = 12115.2 sec
power : iter =    563 ; delta = 7.000671e-06 ; dt = 12136.6 sec
power : iter =    564 ; delta = 6.925027e-06 ; dt = 12158.1 sec
power : iter =    565 ; delta = 6.850078e-06 ; dt = 12179.8 sec
power : iter =    566 ; delta = 6.776076e-06 ; dt = 12201.3 sec
power : iter =    567 ; delta = 6.702777e-06 ; dt = 12222.9 sec
power : iter =    568 ; delta = 6.630411e-06 ; dt = 12244.5 sec
power : iter =    569 ; delta = 6.558708e-06 ; dt = 12266.0 sec
power : iter =    570 ; delta = 6.487926e-06 ; dt = 12287.7 sec
power : iter =    571 ; delta = 6.417795e-06 ; dt = 12309.2 sec
power : iter =    572 ; delta = 6.348546e-06 ; dt = 12330.7 sec
power : iter =    573 ; delta = 6.279945e-06 ; dt = 12352.2 sec
power : iter =    574 ; delta = 6.212209e-06 ; dt = 12373.7 sec
power : iter =    575 ; delta = 6.145099e-06 ; dt = 12395.3 sec
power : iter =    576 ; delta = 6.078846e-06 ; dt = 12416.9 sec
power : iter =    577 ; delta = 6.013169e-06 ; dt = 12438.6 sec
power : iter =    578 ; delta = 5.948357e-06 ; dt = 12460.0 sec
power : iter =    579 ; delta = 5.884159e-06 ; dt = 12481.5 sec
power : iter =    580 ; delta = 5.820766e-06 ; dt = 12503.2 sec
power : iter =    581 ; delta = 5.757960e-06 ; dt = 12524.8 sec
power : iter =    582 ; delta = 5.695953e-06 ; dt = 12546.4 sec
power : iter =    583 ; delta = 5.634518e-06 ; dt = 12567.9 sec
power : iter =    584 ; delta = 5.573853e-06 ; dt = 12589.4 sec
power : iter =    585 ; delta = 5.513759e-06 ; dt = 12611.6 sec
power : iter =    586 ; delta = 5.454417e-06 ; dt = 12633.7 sec
power : iter =    587 ; delta = 5.395627e-06 ; dt = 12655.9 sec
power : iter =    588 ; delta = 5.337581e-06 ; dt = 12678.1 sec
power : iter =    589 ; delta = 5.280077e-06 ; dt = 12701.1 sec
power : iter =    590 ; delta = 5.223288e-06 ; dt = 12722.6 sec
power : iter =    591 ; delta = 5.167038e-06 ; dt = 12744.4 sec
power : iter =    592 ; delta = 5.111490e-06 ; dt = 12765.8 sec
power : iter =    593 ; delta = 5.056460e-06 ; dt = 12787.3 sec
power : iter =    594 ; delta = 5.002124e-06 ; dt = 12809.0 sec
power : iter =    595 ; delta = 4.948293e-06 ; dt = 12830.6 sec
power : iter =    596 ; delta = 4.895128e-06 ; dt = 12852.0 sec
power : iter =    597 ; delta = 4.842466e-06 ; dt = 12873.7 sec
power : iter =    598 ; delta = 4.790456e-06 ; dt = 12895.2 sec
power : iter =    599 ; delta = 4.738930e-06 ; dt = 12916.6 sec
power : iter =    600 ; delta = 4.688052e-06 ; dt = 12938.1 sec
power : iter =    601 ; delta = 4.637646e-06 ; dt = 12959.8 sec
power : iter =    602 ; delta = 4.587863e-06 ; dt = 12981.3 sec
power : iter =    603 ; delta = 4.538553e-06 ; dt = 13002.8 sec
power : iter =    604 ; delta = 4.489858e-06 ; dt = 13024.3 sec
power : iter =    605 ; delta = 4.441615e-06 ; dt = 13045.9 sec
power : iter =    606 ; delta = 4.393962e-06 ; dt = 13067.4 sec
power : iter =    607 ; delta = 4.346767e-06 ; dt = 13089.0 sec
power : iter =    608 ; delta = 4.300156e-06 ; dt = 13110.6 sec
power : iter =    609 ; delta = 4.253987e-06 ; dt = 13132.2 sec
power : iter =    610 ; delta = 4.208387e-06 ; dt = 13153.7 sec
power : iter =    611 ; delta = 4.163211e-06 ; dt = 13175.2 sec
power : iter =    612 ; delta = 4.118599e-06 ; dt = 13196.7 sec
power : iter =    613 ; delta = 4.074401e-06 ; dt = 13218.2 sec
power : iter =    614 ; delta = 4.030747e-06 ; dt = 13239.7 sec
power : iter =    615 ; delta = 3.987506e-06 ; dt = 13261.3 sec
power : iter =    616 ; delta = 3.944797e-06 ; dt = 13282.8 sec
power : iter =    617 ; delta = 3.902485e-06 ; dt = 13304.4 sec
power : iter =    618 ; delta = 3.860700e-06 ; dt = 13325.9 sec
power : iter =    619 ; delta = 3.819305e-06 ; dt = 13347.4 sec
power : iter =    620 ; delta = 3.778418e-06 ; dt = 13369.0 sec
power : iter =    621 ; delta = 3.737917e-06 ; dt = 13390.5 sec
power : iter =    622 ; delta = 3.697914e-06 ; dt = 13412.1 sec
power : iter =    623 ; delta = 3.658283e-06 ; dt = 13433.6 sec
power : iter =    624 ; delta = 3.619145e-06 ; dt = 13455.1 sec
power : iter =    625 ; delta = 3.580372e-06 ; dt = 13476.7 sec
power : iter =    626 ; delta = 3.542074e-06 ; dt = 13498.2 sec
power : iter =    627 ; delta = 3.504140e-06 ; dt = 13519.8 sec
power : iter =    628 ; delta = 3.466669e-06 ; dt = 13541.4 sec
power : iter =    629 ; delta = 3.429549e-06 ; dt = 13563.1 sec
power : iter =    630 ; delta = 3.392890e-06 ; dt = 13584.6 sec
power : iter =    631 ; delta = 3.356574e-06 ; dt = 13606.1 sec
power : iter =    632 ; delta = 3.320702e-06 ; dt = 13627.6 sec
power : iter =    633 ; delta = 3.285169e-06 ; dt = 13649.3 sec
power : iter =    634 ; delta = 3.250073e-06 ; dt = 13670.9 sec
power : iter =    635 ; delta = 3.215304e-06 ; dt = 13692.5 sec
power : iter =    636 ; delta = 3.180967e-06 ; dt = 13714.0 sec
power : iter =    637 ; delta = 3.146950e-06 ; dt = 13735.4 sec
power : iter =    638 ; delta = 3.113349e-06 ; dt = 13756.9 sec
power : iter =    639 ; delta = 3.080064e-06 ; dt = 13778.4 sec
power : iter =    640 ; delta = 3.047187e-06 ; dt = 13800.0 sec
power : iter =    641 ; delta = 3.014617e-06 ; dt = 13821.5 sec
power : iter =    642 ; delta = 2.982448e-06 ; dt = 13843.0 sec
power : iter =    643 ; delta = 2.950580e-06 ; dt = 13864.5 sec
power : iter =    644 ; delta = 2.919100e-06 ; dt = 13885.9 sec
power : iter =    645 ; delta = 2.887917e-06 ; dt = 13907.5 sec
power : iter =    646 ; delta = 2.857114e-06 ; dt = 13929.0 sec
power : iter =    647 ; delta = 2.826600e-06 ; dt = 13950.8 sec
power : iter =    648 ; delta = 2.796461e-06 ; dt = 13972.2 sec
power : iter =    649 ; delta = 2.766603e-06 ; dt = 13993.8 sec
power : iter =    650 ; delta = 2.737109e-06 ; dt = 14015.3 sec
power : iter =    651 ; delta = 2.707895e-06 ; dt = 14037.0 sec
power : iter =    652 ; delta = 2.679036e-06 ; dt = 14058.5 sec
power : iter =    653 ; delta = 2.650447e-06 ; dt = 14080.2 sec
power : iter =    654 ; delta = 2.622193e-06 ; dt = 14101.7 sec
power : iter =    655 ; delta = 2.594218e-06 ; dt = 14123.1 sec
power : iter =    656 ; delta = 2.566582e-06 ; dt = 14144.6 sec
power : iter =    657 ; delta = 2.539208e-06 ; dt = 14166.3 sec
power : iter =    658 ; delta = 2.512166e-06 ; dt = 14188.0 sec
power : iter =    659 ; delta = 2.485378e-06 ; dt = 14209.6 sec
power : iter =    660 ; delta = 2.458919e-06 ; dt = 14231.1 sec
power : iter =    661 ; delta = 2.432708e-06 ; dt = 14252.7 sec
power : iter =    662 ; delta = 2.406814e-06 ; dt = 14274.3 sec
power : iter =    663 ; delta = 2.381165e-06 ; dt = 14295.7 sec
power : iter =    664 ; delta = 2.355827e-06 ; dt = 14317.2 sec
power : iter =    665 ; delta = 2.330725e-06 ; dt = 14338.8 sec
power : iter =    666 ; delta = 2.305930e-06 ; dt = 14360.2 sec
power : iter =    667 ; delta = 2.281367e-06 ; dt = 14381.7 sec
power : iter =    668 ; delta = 2.257100e-06 ; dt = 14403.3 sec
power : iter =    669 ; delta = 2.233064e-06 ; dt = 14424.7 sec
power : iter =    670 ; delta = 2.209317e-06 ; dt = 14446.2 sec
power : iter =    671 ; delta = 2.185793e-06 ; dt = 14467.7 sec
power : iter =    672 ; delta = 2.162555e-06 ; dt = 14489.2 sec
power : iter =    673 ; delta = 2.139536e-06 ; dt = 14510.7 sec
power : iter =    674 ; delta = 2.116793e-06 ; dt = 14532.3 sec
power : iter =    675 ; delta = 2.094266e-06 ; dt = 14553.7 sec
power : iter =    676 ; delta = 2.072011e-06 ; dt = 14575.2 sec
power : iter =    677 ; delta = 2.049964e-06 ; dt = 14596.8 sec
power : iter =    678 ; delta = 2.028185e-06 ; dt = 14618.4 sec
power : iter =    679 ; delta = 2.006609e-06 ; dt = 14639.9 sec
power : iter =    680 ; delta = 1.985293e-06 ; dt = 14661.5 sec
power : iter =    681 ; delta = 1.964179e-06 ; dt = 14683.1 sec
power : iter =    682 ; delta = 1.943320e-06 ; dt = 14704.5 sec
power : iter =    683 ; delta = 1.922650e-06 ; dt = 14726.0 sec
power : iter =    684 ; delta = 1.902237e-06 ; dt = 14747.7 sec
power : iter =    685 ; delta = 1.882016e-06 ; dt = 14769.2 sec
power : iter =    686 ; delta = 1.862038e-06 ; dt = 14790.8 sec
power : iter =    687 ; delta = 1.842251e-06 ; dt = 14812.3 sec
power : iter =    688 ; delta = 1.822701e-06 ; dt = 14834.0 sec
power : iter =    689 ; delta = 1.803335e-06 ; dt = 14855.5 sec
power : iter =    690 ; delta = 1.784203e-06 ; dt = 14877.0 sec
power : iter =    691 ; delta = 1.765250e-06 ; dt = 14898.6 sec
power : iter =    692 ; delta = 1.746525e-06 ; dt = 14920.1 sec
power : iter =    693 ; delta = 1.727979e-06 ; dt = 14941.6 sec
power : iter =    694 ; delta = 1.709655e-06 ; dt = 14963.1 sec
power : iter =    695 ; delta = 1.691504e-06 ; dt = 14984.6 sec
power : iter =    696 ; delta = 1.673573e-06 ; dt = 15006.1 sec
power : iter =    697 ; delta = 1.655810e-06 ; dt = 15027.6 sec
power : iter =    698 ; delta = 1.638261e-06 ; dt = 15049.3 sec
power : iter =    699 ; delta = 1.620878e-06 ; dt = 15070.8 sec
power : iter =    700 ; delta = 1.603703e-06 ; dt = 15092.3 sec
power : iter =    701 ; delta = 1.586690e-06 ; dt = 15113.8 sec
power : iter =    702 ; delta = 1.569882e-06 ; dt = 15135.5 sec
power : iter =    703 ; delta = 1.553231e-06 ; dt = 15157.2 sec
power : iter =    704 ; delta = 1.536779e-06 ; dt = 15178.7 sec
power : iter =    705 ; delta = 1.520484e-06 ; dt = 15200.3 sec
power : iter =    706 ; delta = 1.504382e-06 ; dt = 15221.8 sec
power : iter =    707 ; delta = 1.488433e-06 ; dt = 15243.5 sec
power : iter =    708 ; delta = 1.472675e-06 ; dt = 15265.0 sec
power : iter =    709 ; delta = 1.457066e-06 ; dt = 15286.5 sec
power : iter =    710 ; delta = 1.441643e-06 ; dt = 15308.1 sec
power : iter =    711 ; delta = 1.426368e-06 ; dt = 15329.6 sec
power : iter =    712 ; delta = 1.411273e-06 ; dt = 15351.1 sec
power : iter =    713 ; delta = 1.396321e-06 ; dt = 15372.6 sec
power : iter =    714 ; delta = 1.381548e-06 ; dt = 15394.1 sec
power : iter =    715 ; delta = 1.366914e-06 ; dt = 15415.6 sec
power : iter =    716 ; delta = 1.352454e-06 ; dt = 15437.3 sec
power : iter =    717 ; delta = 1.338132e-06 ; dt = 15458.9 sec
power : iter =    718 ; delta = 1.323980e-06 ; dt = 15480.3 sec
power : iter =    719 ; delta = 1.309961e-06 ; dt = 15501.9 sec
power : iter =    720 ; delta = 1.296111e-06 ; dt = 15523.5 sec
power : iter =    721 ; delta = 1.282391e-06 ; dt = 15544.9 sec
power : iter =    722 ; delta = 1.268834e-06 ; dt = 15566.4 sec
power : iter =    723 ; delta = 1.255406e-06 ; dt = 15588.1 sec
power : iter =    724 ; delta = 1.242137e-06 ; dt = 15610.3 sec
power : iter =    725 ; delta = 1.228994e-06 ; dt = 15633.8 sec
power : iter =    726 ; delta = 1.216007e-06 ; dt = 15655.4 sec
power : iter =    727 ; delta = 1.203143e-06 ; dt = 15676.9 sec
power : iter =    728 ; delta = 1.190431e-06 ; dt = 15698.4 sec
power : iter =    729 ; delta = 1.177840e-06 ; dt = 15720.0 sec
power : iter =    730 ; delta = 1.165398e-06 ; dt = 15741.4 sec
power : iter =    731 ; delta = 1.153069e-06 ; dt = 15762.9 sec
power : iter =    732 ; delta = 1.140892e-06 ; dt = 15784.4 sec
power : iter =    733 ; delta = 1.128829e-06 ; dt = 15805.9 sec
power : iter =    734 ; delta = 1.116909e-06 ; dt = 15827.5 sec
power : iter =    735 ; delta = 1.105103e-06 ; dt = 15849.1 sec
power : iter =    736 ; delta = 1.093437e-06 ; dt = 15870.7 sec
power : iter =    737 ; delta = 1.081880e-06 ; dt = 15892.4 sec
power : iter =    738 ; delta = 1.070462e-06 ; dt = 15913.9 sec
power : iter =    739 ; delta = 1.059150e-06 ; dt = 15935.5 sec
power : iter =    740 ; delta = 1.047973e-06 ; dt = 15957.1 sec
power : iter =    741 ; delta = 1.036902e-06 ; dt = 15978.6 sec
power : iter =    742 ; delta = 1.025961e-06 ; dt = 16000.1 sec
power : iter =    743 ; delta = 1.015124e-06 ; dt = 16021.7 sec
power : iter =    744 ; delta = 1.004416e-06 ; dt = 16043.3 sec
power : iter =    745 ; delta = 9.938086e-07 ; dt = 16064.8 sec
power : iter =    746 ; delta = 9.833267e-07 ; dt = 16086.4 sec
power : iter =    747 ; delta = 9.729448e-07 ; dt = 16108.0 sec
power : iter =    748 ; delta = 9.626849e-07 ; dt = 16129.7 sec
power : iter =    749 ; delta = 9.525225e-07 ; dt = 16151.1 sec
power : iter =    750 ; delta = 9.424807e-07 ; dt = 16172.7 sec
power : iter =    751 ; delta = 9.325338e-07 ; dt = 16194.3 sec
power : iter =    752 ; delta = 9.227041e-07 ; dt = 16215.7 sec
power : iter =    753 ; delta = 9.129680e-07 ; dt = 16237.2 sec
power : iter =    754 ; delta = 9.033464e-07 ; dt = 16258.7 sec
power : iter =    755 ; delta = 8.938159e-07 ; dt = 16280.2 sec
power : iter =    756 ; delta = 8.843980e-07 ; dt = 16301.7 sec
power : iter =    757 ; delta = 8.750692e-07 ; dt = 16323.2 sec
power : iter =    758 ; delta = 8.658498e-07 ; dt = 16344.7 sec
power : iter =    759 ; delta = 8.567188e-07 ; dt = 16366.3 sec
power : iter =    760 ; delta = 8.476925e-07 ; dt = 16387.8 sec
power : iter =    761 ; delta = 8.387543e-07 ; dt = 16409.4 sec
power : iter =    762 ; delta = 8.299218e-07 ; dt = 16430.9 sec
power : iter =    763 ; delta = 8.211729e-07 ; dt = 16452.5 sec
power : iter =    764 ; delta = 8.125269e-07 ; dt = 16473.9 sec
power : iter =    765 ; delta = 8.039631e-07 ; dt = 16495.3 sec
power : iter =    766 ; delta = 7.955000e-07 ; dt = 16516.8 sec
power : iter =    767 ; delta = 7.871172e-07 ; dt = 16538.4 sec
power : iter =    768 ; delta = 7.788335e-07 ; dt = 16559.9 sec
power : iter =    769 ; delta = 7.706280e-07 ; dt = 16581.4 sec
power : iter =    770 ; delta = 7.625189e-07 ; dt = 16603.1 sec
power : iter =    771 ; delta = 7.544870e-07 ; dt = 16624.7 sec
power : iter =    772 ; delta = 7.465492e-07 ; dt = 16646.2 sec
power : iter =    773 ; delta = 7.386865e-07 ; dt = 16667.8 sec
power : iter =    774 ; delta = 7.309166e-07 ; dt = 16689.3 sec
power : iter =    775 ; delta = 7.232200e-07 ; dt = 16710.8 sec
power : iter =    776 ; delta = 7.156139e-07 ; dt = 16732.3 sec
power : iter =    777 ; delta = 7.080802e-07 ; dt = 16753.9 sec
power : iter =    778 ; delta = 7.006348e-07 ; dt = 16775.5 sec
power : iter =    779 ; delta = 6.932597e-07 ; dt = 16797.0 sec
power : iter =    780 ; delta = 6.859716e-07 ; dt = 16818.6 sec
power : iter =    781 ; delta = 6.787522e-07 ; dt = 16839.9 sec
power : iter =    782 ; delta = 6.716176e-07 ; dt = 16861.5 sec
power : iter =    783 ; delta = 6.645508e-07 ; dt = 16883.0 sec
power : iter =    784 ; delta = 6.575667e-07 ; dt = 16904.5 sec
power : iter =    785 ; delta = 6.506486e-07 ; dt = 16926.0 sec
power : iter =    786 ; delta = 6.438120e-07 ; dt = 16947.5 sec
power : iter =    787 ; delta = 6.370399e-07 ; dt = 16969.2 sec
power : iter =    788 ; delta = 6.303471e-07 ; dt = 16990.9 sec
power : iter =    789 ; delta = 6.237180e-07 ; dt = 17012.4 sec
power : iter =    790 ; delta = 6.171664e-07 ; dt = 17034.0 sec
power : iter =    791 ; delta = 6.106769e-07 ; dt = 17055.7 sec
power : iter =    792 ; delta = 6.042639e-07 ; dt = 17077.3 sec
power : iter =    793 ; delta = 5.979115e-07 ; dt = 17098.9 sec
power : iter =    794 ; delta = 5.916337e-07 ; dt = 17120.4 sec
power : iter =    795 ; delta = 5.854156e-07 ; dt = 17142.1 sec
power : iter =    796 ; delta = 5.792702e-07 ; dt = 17163.6 sec
power : iter =    797 ; delta = 5.731830e-07 ; dt = 17185.1 sec
power : iter =    798 ; delta = 5.671673e-07 ; dt = 17206.6 sec
power : iter =    799 ; delta = 5.612083e-07 ; dt = 17228.1 sec
power : iter =    800 ; delta = 5.553190e-07 ; dt = 17249.7 sec
power : iter =    801 ; delta = 5.494856e-07 ; dt = 17271.2 sec
power : iter =    802 ; delta = 5.437204e-07 ; dt = 17292.8 sec
power : iter =    803 ; delta = 5.380097e-07 ; dt = 17314.4 sec
power : iter =    804 ; delta = 5.323661e-07 ; dt = 17335.8 sec
power : iter =    805 ; delta = 5.267758e-07 ; dt = 17357.3 sec
power : iter =    806 ; delta = 5.212506e-07 ; dt = 17378.9 sec
power : iter =    807 ; delta = 5.157780e-07 ; dt = 17400.3 sec
power : iter =    808 ; delta = 5.103670e-07 ; dt = 17421.9 sec
power : iter =    809 ; delta = 5.050092e-07 ; dt = 17443.6 sec
power : iter =    810 ; delta = 4.997143e-07 ; dt = 17465.2 sec
power : iter =    811 ; delta = 4.944689e-07 ; dt = 17486.6 sec
power : iter =    812 ; delta = 4.892851e-07 ; dt = 17508.2 sec
power : iter =    813 ; delta = 4.841504e-07 ; dt = 17529.9 sec
power : iter =    814 ; delta = 4.790755e-07 ; dt = 17551.4 sec
power : iter =    815 ; delta = 4.740485e-07 ; dt = 17573.0 sec
power : iter =    816 ; delta = 4.690804e-07 ; dt = 17594.5 sec
power : iter =    817 ; delta = 4.641591e-07 ; dt = 17616.0 sec
power : iter =    818 ; delta = 4.592953e-07 ; dt = 17637.5 sec
power : iter =    819 ; delta = 4.544775e-07 ; dt = 17659.0 sec
power : iter =    820 ; delta = 4.497158e-07 ; dt = 17680.6 sec
power : iter =    821 ; delta = 4.449990e-07 ; dt = 17702.2 sec
power : iter =    822 ; delta = 4.403374e-07 ; dt = 17723.8 sec
power : iter =    823 ; delta = 4.357197e-07 ; dt = 17745.3 sec
power : iter =    824 ; delta = 4.311559e-07 ; dt = 17766.8 sec
power : iter =    825 ; delta = 4.266355e-07 ; dt = 17788.5 sec
power : iter =    826 ; delta = 4.221678e-07 ; dt = 17810.0 sec
power : iter =    827 ; delta = 4.177423e-07 ; dt = 17831.5 sec
power : iter =    828 ; delta = 4.133685e-07 ; dt = 17853.1 sec
power : iter =    829 ; delta = 4.090359e-07 ; dt = 17874.9 sec
power : iter =    830 ; delta = 4.047538e-07 ; dt = 17896.4 sec
power : iter =    831 ; delta = 4.005123e-07 ; dt = 17917.9 sec
power : iter =    832 ; delta = 3.963201e-07 ; dt = 17939.4 sec
power : iter =    833 ; delta = 3.921673e-07 ; dt = 17960.9 sec
power : iter =    834 ; delta = 3.880632e-07 ; dt = 17982.4 sec
power : iter =    835 ; delta = 3.839975e-07 ; dt = 18003.9 sec
power : iter =    836 ; delta = 3.799793e-07 ; dt = 18025.4 sec
power : iter =    837 ; delta = 3.759978e-07 ; dt = 18047.0 sec
power : iter =    838 ; delta = 3.720639e-07 ; dt = 18068.6 sec
power : iter =    839 ; delta = 3.681671e-07 ; dt = 18090.3 sec
power : iter =    840 ; delta = 3.643158e-07 ; dt = 18111.7 sec
power : iter =    841 ; delta = 3.605006e-07 ; dt = 18133.3 sec
power : iter =    842 ; delta = 3.567299e-07 ; dt = 18154.8 sec
power : iter =    843 ; delta = 3.529949e-07 ; dt = 18176.5 sec
power : iter =    844 ; delta = 3.493032e-07 ; dt = 18198.0 sec
power : iter =    845 ; delta = 3.456462e-07 ; dt = 18219.5 sec
power : iter =    846 ; delta = 3.420320e-07 ; dt = 18241.0 sec
power : iter =    847 ; delta = 3.384517e-07 ; dt = 18262.5 sec
power : iter =    848 ; delta = 3.349130e-07 ; dt = 18284.0 sec
power : iter =    849 ; delta = 3.314078e-07 ; dt = 18305.6 sec
power : iter =    850 ; delta = 3.279433e-07 ; dt = 18327.0 sec
power : iter =    851 ; delta = 3.245114e-07 ; dt = 18348.5 sec
power : iter =    852 ; delta = 3.211195e-07 ; dt = 18370.1 sec
power : iter =    853 ; delta = 3.177594e-07 ; dt = 18391.8 sec
power : iter =    854 ; delta = 3.144384e-07 ; dt = 18413.3 sec
power : iter =    855 ; delta = 3.111488e-07 ; dt = 18434.8 sec
power : iter =    856 ; delta = 3.078974e-07 ; dt = 18456.9 sec
power : iter =    857 ; delta = 3.046765e-07 ; dt = 18479.8 sec
power : iter =    858 ; delta = 3.014932e-07 ; dt = 18502.0 sec
power : iter =    859 ; delta = 2.983398e-07 ; dt = 18525.6 sec
power : iter =    860 ; delta = 2.952231e-07 ; dt = 18547.1 sec
power : iter =    861 ; delta = 2.921358e-07 ; dt = 18568.7 sec
power : iter =    862 ; delta = 2.890843e-07 ; dt = 18590.4 sec
power : iter =    863 ; delta = 2.860615e-07 ; dt = 18612.2 sec
power : iter =    864 ; delta = 2.830739e-07 ; dt = 18633.8 sec
power : iter =    865 ; delta = 2.801144e-07 ; dt = 18655.3 sec
power : iter =    866 ; delta = 2.771892e-07 ; dt = 18676.8 sec
power : iter =    867 ; delta = 2.742916e-07 ; dt = 18698.3 sec
power : iter =    868 ; delta = 2.714278e-07 ; dt = 18719.8 sec
power : iter =    869 ; delta = 2.685909e-07 ; dt = 18741.3 sec
power : iter =    870 ; delta = 2.657871e-07 ; dt = 18763.0 sec
power : iter =    871 ; delta = 2.630096e-07 ; dt = 18784.6 sec
power : iter =    872 ; delta = 2.602643e-07 ; dt = 18806.2 sec
power : iter =    873 ; delta = 2.575450e-07 ; dt = 18827.8 sec
power : iter =    874 ; delta = 2.548571e-07 ; dt = 18849.1 sec
power : iter =    875 ; delta = 2.521946e-07 ; dt = 18870.6 sec
power : iter =    876 ; delta = 2.495630e-07 ; dt = 18892.2 sec
power : iter =    877 ; delta = 2.469562e-07 ; dt = 18913.6 sec
power : iter =    878 ; delta = 2.443798e-07 ; dt = 18935.1 sec
power : iter =    879 ; delta = 2.418277e-07 ; dt = 18956.7 sec
power : iter =    880 ; delta = 2.393053e-07 ; dt = 18978.1 sec
power : iter =    881 ; delta = 2.368065e-07 ; dt = 18999.6 sec
power : iter =    882 ; delta = 2.343367e-07 ; dt = 19021.3 sec
power : iter =    883 ; delta = 2.318901e-07 ; dt = 19043.0 sec
power : iter =    884 ; delta = 2.294719e-07 ; dt = 19064.4 sec
power : iter =    885 ; delta = 2.270757e-07 ; dt = 19085.9 sec
power : iter =    886 ; delta = 2.247080e-07 ; dt = 19107.4 sec
power : iter =    887 ; delta = 2.223628e-07 ; dt = 19128.9 sec
power : iter =    888 ; delta = 2.200448e-07 ; dt = 19150.4 sec
power : iter =    889 ; delta = 2.177488e-07 ; dt = 19172.1 sec
power : iter =    890 ; delta = 2.154793e-07 ; dt = 19193.6 sec
power : iter =    891 ; delta = 2.132313e-07 ; dt = 19215.3 sec
power : iter =    892 ; delta = 2.110092e-07 ; dt = 19236.7 sec
power : iter =    893 ; delta = 2.088080e-07 ; dt = 19258.3 sec
power : iter =    894 ; delta = 2.066325e-07 ; dt = 19280.0 sec
power : iter =    895 ; delta = 2.044773e-07 ; dt = 19301.5 sec
power : iter =    896 ; delta = 2.023471e-07 ; dt = 19323.1 sec
power : iter =    897 ; delta = 2.002371e-07 ; dt = 19344.6 sec
power : iter =    898 ; delta = 1.981514e-07 ; dt = 19366.3 sec
power : iter =    899 ; delta = 1.960853e-07 ; dt = 19387.8 sec
power : iter =    900 ; delta = 1.940432e-07 ; dt = 19409.4 sec
power : iter =    901 ; delta = 1.920202e-07 ; dt = 19431.0 sec
power : iter =    902 ; delta = 1.900205e-07 ; dt = 19452.4 sec
power : iter =    903 ; delta = 1.880397e-07 ; dt = 19473.9 sec
power : iter =    904 ; delta = 1.860818e-07 ; dt = 19495.5 sec
power : iter =    905 ; delta = 1.841423e-07 ; dt = 19517.0 sec
power : iter =    906 ; delta = 1.822252e-07 ; dt = 19538.6 sec
power : iter =    907 ; delta = 1.803261e-07 ; dt = 19560.1 sec
power : iter =    908 ; delta = 1.784489e-07 ; dt = 19581.7 sec
power : iter =    909 ; delta = 1.765894e-07 ; dt = 19603.2 sec
power : iter =    910 ; delta = 1.747514e-07 ; dt = 19624.7 sec
power : iter =    911 ; delta = 1.729306e-07 ; dt = 19646.3 sec
power : iter =    912 ; delta = 1.711309e-07 ; dt = 19667.7 sec
power : iter =    913 ; delta = 1.693480e-07 ; dt = 19689.2 sec
power : iter =    914 ; delta = 1.675852e-07 ; dt = 19710.8 sec
power : iter =    915 ; delta = 1.658396e-07 ; dt = 19732.4 sec
power : iter =    916 ; delta = 1.641140e-07 ; dt = 19753.9 sec
power : iter =    917 ; delta = 1.624047e-07 ; dt = 19775.4 sec
power : iter =    918 ; delta = 1.607151e-07 ; dt = 19796.9 sec
power : iter =    919 ; delta = 1.590414e-07 ; dt = 19818.4 sec
power : iter =    920 ; delta = 1.573871e-07 ; dt = 19839.9 sec
power : iter =    921 ; delta = 1.557482e-07 ; dt = 19861.5 sec
power : iter =    922 ; delta = 1.541283e-07 ; dt = 19883.0 sec
power : iter =    923 ; delta = 1.525236e-07 ; dt = 19904.4 sec
power : iter =    924 ; delta = 1.509374e-07 ; dt = 19926.0 sec
power : iter =    925 ; delta = 1.493661e-07 ; dt = 19947.4 sec
power : iter =    926 ; delta = 1.478129e-07 ; dt = 19969.0 sec
power : iter =    927 ; delta = 1.462743e-07 ; dt = 19990.6 sec
power : iter =    928 ; delta = 1.447534e-07 ; dt = 20012.2 sec
power : iter =    929 ; delta = 1.432468e-07 ; dt = 20033.7 sec
power : iter =    930 ; delta = 1.417576e-07 ; dt = 20055.2 sec
power : iter =    931 ; delta = 1.402824e-07 ; dt = 20076.8 sec
power : iter =    932 ; delta = 1.388242e-07 ; dt = 20098.2 sec
power : iter =    933 ; delta = 1.373796e-07 ; dt = 20119.7 sec
power : iter =    934 ; delta = 1.359518e-07 ; dt = 20141.3 sec
power : iter =    935 ; delta = 1.345373e-07 ; dt = 20163.0 sec
power : iter =    936 ; delta = 1.331392e-07 ; dt = 20184.5 sec
power : iter =    937 ; delta = 1.317542e-07 ; dt = 20206.0 sec
power : iter =    938 ; delta = 1.303851e-07 ; dt = 20227.6 sec
power : iter =    939 ; delta = 1.290289e-07 ; dt = 20249.1 sec
power : iter =    940 ; delta = 1.276884e-07 ; dt = 20270.6 sec
power : iter =    941 ; delta = 1.263605e-07 ; dt = 20292.2 sec
power : iter =    942 ; delta = 1.250480e-07 ; dt = 20313.7 sec
power : iter =    943 ; delta = 1.237477e-07 ; dt = 20335.2 sec
power : iter =    944 ; delta = 1.224623e-07 ; dt = 20356.8 sec
power : iter =    945 ; delta = 1.211892e-07 ; dt = 20378.4 sec
power : iter =    946 ; delta = 1.199307e-07 ; dt = 20399.9 sec
power : iter =    947 ; delta = 1.186840e-07 ; dt = 20421.4 sec
power : iter =    948 ; delta = 1.174517e-07 ; dt = 20442.9 sec
power : iter =    949 ; delta = 1.162309e-07 ; dt = 20464.4 sec
power : iter =    950 ; delta = 1.150242e-07 ; dt = 20486.0 sec
power : iter =    951 ; delta = 1.138288e-07 ; dt = 20507.7 sec
power : iter =    952 ; delta = 1.126472e-07 ; dt = 20529.2 sec
power : iter =    953 ; delta = 1.114767e-07 ; dt = 20550.9 sec
power : iter =    954 ; delta = 1.103198e-07 ; dt = 20572.4 sec
power : iter =    955 ; delta = 1.091736e-07 ; dt = 20593.9 sec
power : iter =    956 ; delta = 1.080407e-07 ; dt = 20615.5 sec
power : iter =    957 ; delta = 1.069184e-07 ; dt = 20636.9 sec
power : iter =    958 ; delta = 1.058089e-07 ; dt = 20658.5 sec
power : iter =    959 ; delta = 1.047099e-07 ; dt = 20680.2 sec
power : iter =    960 ; delta = 1.036236e-07 ; dt = 20701.9 sec
power : iter =    961 ; delta = 1.025474e-07 ; dt = 20723.4 sec
power : iter =    962 ; delta = 1.014832e-07 ; dt = 20744.8 sec
power : iter =    963 ; delta = 1.004294e-07 ; dt = 20766.4 sec
power : iter =    964 ; delta = 9.938768e-08 ; dt = 20787.8 sec
power : solved pagerank(a=0.9900) in   964 mults to 1.000000e-07 tol
output norm: 9.9999999999999989e-01
