Parameters: 
   graphfile = /var/tmp/dgleich/data/uk-2007-05
      output = none
         alg = power
       alpha = 0.85
         tol = 1e-07
       maxit = 10000

nodes = 105896555
edges = -556233648
power : iter =      1 ; delta = 1.178088e+00 ; dt =    18.6 sec
power : iter =      2 ; delta = 4.397313e-01 ; dt =    37.5 sec
power : iter =      3 ; delta = 1.732776e-01 ; dt =    56.4 sec
power : iter =      4 ; delta = 8.111094e-02 ; dt =    75.4 sec
power : iter =      5 ; delta = 4.493058e-02 ; dt =    94.3 sec
power : iter =      6 ; delta = 2.835059e-02 ; dt =   113.2 sec
power : iter =      7 ; delta = 1.946656e-02 ; dt =   132.1 sec
power : iter =      8 ; delta = 1.404588e-02 ; dt =   151.0 sec
power : iter =      9 ; delta = 1.044834e-02 ; dt =   169.9 sec
power : iter =     10 ; delta = 7.930510e-03 ; dt =   188.8 sec
power : iter =     11 ; delta = 6.098089e-03 ; dt =   208.4 sec
power : iter =     12 ; delta = 4.770461e-03 ; dt =   228.6 sec
power : iter =     13 ; delta = 3.747198e-03 ; dt =   247.5 sec
power : iter =     14 ; delta = 2.977321e-03 ; dt =   268.2 sec
power : iter =     15 ; delta = 2.375699e-03 ; dt =   287.1 sec
power : iter =     16 ; delta = 1.899117e-03 ; dt =   305.9 sec
power : iter =     17 ; delta = 1.527776e-03 ; dt =   324.9 sec
power : iter =     18 ; delta = 1.235937e-03 ; dt =   343.8 sec
power : iter =     19 ; delta = 9.995958e-04 ; dt =   362.7 sec
power : iter =     20 ; delta = 8.126848e-04 ; dt =   381.6 sec
power : iter =     21 ; delta = 6.602162e-04 ; dt =   400.4 sec
power : iter =     22 ; delta = 5.386787e-04 ; dt =   419.3 sec
power : iter =     23 ; delta = 4.403070e-04 ; dt =   438.3 sec
power : iter =     24 ; delta = 3.612668e-04 ; dt =   457.1 sec
power : iter =     25 ; delta = 2.959571e-04 ; dt =   476.0 sec
power : iter =     26 ; delta = 2.429397e-04 ; dt =   494.9 sec
power : iter =     27 ; delta = 1.999759e-04 ; dt =   513.8 sec
power : iter =     28 ; delta = 1.647136e-04 ; dt =   532.9 sec
power : iter =     29 ; delta = 1.359333e-04 ; dt =   551.8 sec
power : iter =     30 ; delta = 1.123180e-04 ; dt =   570.7 sec
power : iter =     31 ; delta = 9.255115e-05 ; dt =   589.6 sec
power : iter =     32 ; delta = 7.665190e-05 ; dt =   609.4 sec
power : iter =     33 ; delta = 6.344043e-05 ; dt =   628.3 sec
power : iter =     34 ; delta = 5.258069e-05 ; dt =   647.2 sec
power : iter =     35 ; delta = 4.360794e-05 ; dt =   666.1 sec
power : iter =     36 ; delta = 3.613963e-05 ; dt =   685.0 sec
power : iter =     37 ; delta = 3.000539e-05 ; dt =   703.9 sec
power : iter =     38 ; delta = 2.493525e-05 ; dt =   723.1 sec
power : iter =     39 ; delta = 2.074674e-05 ; dt =   741.9 sec
power : iter =     40 ; delta = 1.726413e-05 ; dt =   760.9 sec
power : iter =     41 ; delta = 1.434758e-05 ; dt =   779.8 sec
power : iter =     42 ; delta = 1.196122e-05 ; dt =   798.7 sec
power : iter =     43 ; delta = 9.958862e-06 ; dt =   817.5 sec
power : iter =     44 ; delta = 8.311128e-06 ; dt =   836.6 sec
power : iter =     45 ; delta = 6.933880e-06 ; dt =   855.5 sec
power : iter =     46 ; delta = 5.776655e-06 ; dt =   874.4 sec
power : iter =     47 ; delta = 4.824298e-06 ; dt =   894.1 sec
power : iter =     48 ; delta = 4.027403e-06 ; dt =   913.0 sec
power : iter =     49 ; delta = 3.365889e-06 ; dt =   931.9 sec
power : iter =     50 ; delta = 2.814571e-06 ; dt =   950.8 sec
power : iter =     51 ; delta = 2.350972e-06 ; dt =   969.7 sec
power : iter =     52 ; delta = 1.967297e-06 ; dt =   988.6 sec
power : iter =     53 ; delta = 1.645235e-06 ; dt =  1007.7 sec
power : iter =     54 ; delta = 1.378162e-06 ; dt =  1026.6 sec
power : iter =     55 ; delta = 1.153897e-06 ; dt =  1045.5 sec
power : iter =     56 ; delta = 9.672563e-07 ; dt =  1064.4 sec
power : iter =     57 ; delta = 8.106474e-07 ; dt =  1083.3 sec
power : iter =     58 ; delta = 6.797361e-07 ; dt =  1102.2 sec
power : iter =     59 ; delta = 5.701459e-07 ; dt =  1121.1 sec
power : iter =     60 ; delta = 4.781296e-07 ; dt =  1140.0 sec
power : iter =     61 ; delta = 4.012249e-07 ; dt =  1158.9 sec
power : iter =     62 ; delta = 3.366698e-07 ; dt =  1177.8 sec
power : iter =     63 ; delta = 2.826509e-07 ; dt =  1196.7 sec
power : iter =     64 ; delta = 2.373753e-07 ; dt =  1215.6 sec
power : iter =     65 ; delta = 1.992274e-07 ; dt =  1234.5 sec
power : iter =     66 ; delta = 1.673938e-07 ; dt =  1253.3 sec
power : iter =     67 ; delta = 1.405673e-07 ; dt =  1272.2 sec
power : iter =     68 ; delta = 1.181498e-07 ; dt =  1292.0 sec
power : iter =     69 ; delta = 9.930333e-08 ; dt =  1310.9 sec
power : solved pagerank(a=0.8500) in    69 mults to 1.000000e-07 tol
output norm: 1.0000000000000000e+00
