Parameters: 
   graphfile = /var/tmp/dgleich/data/uk-2007-05-trans
      output = none
         alg = inout
       alpha = 0.99
         tol = 1e-07
       maxit = 10000

nodes = 105896555
edges = -556233648
inout(0.9900,0.5000,1.000000e-02) with tol=1.000000e-07 and maxit= 10000 iterations
inout (outer) : iter =      1 ; odelta = 3.231655e-01 ; dt =    79.9; nmult =      5
inout (outer) : iter =      2 ; odelta = 1.041092e-01 ; dt =   129.0; nmult =      8
inout (outer) : iter =      3 ; odelta = 5.433345e-02 ; dt =   178.1; nmult =     11
inout (outer) : iter =      4 ; odelta = 3.912968e-02 ; dt =   210.9; nmult =     13
inout (outer) : iter =      5 ; odelta = 3.140146e-02 ; dt =   243.1; nmult =     15
inout (outer) : iter =      6 ; odelta = 2.641067e-02 ; dt =   276.3; nmult =     17
inout (outer) : iter =      7 ; odelta = 2.282093e-02 ; dt =   309.1; nmult =     19
inout (outer) : iter =      8 ; odelta = 2.010470e-02 ; dt =   343.2; nmult =     21
inout (outer) : iter =      9 ; odelta = 1.861312e-02 ; dt =   360.2; nmult =     22
inout (power) : iter =     10 ; odelta = 1.731864e-02 ; dt =   375.5; nmult =     23
inout (power) : iter =     11 ; odelta = 1.618287e-02 ; dt =   390.4; nmult =     24
inout (power) : iter =     12 ; odelta = 1.517587e-02 ; dt =   404.7; nmult =     25
inout (power) : iter =     13 ; odelta = 1.427510e-02 ; dt =   418.9; nmult =     26
inout (power) : iter =     14 ; odelta = 1.346802e-02 ; dt =   433.8; nmult =     27
inout (power) : iter =     15 ; odelta = 1.273917e-02 ; dt =   448.0; nmult =     28
inout (power) : iter =     16 ; odelta = 1.207738e-02 ; dt =   463.0; nmult =     29
inout (power) : iter =     17 ; odelta = 1.147335e-02 ; dt =   477.2; nmult =     30
inout (power) : iter =     18 ; odelta = 1.091895e-02 ; dt =   492.0; nmult =     31
inout (power) : iter =     19 ; odelta = 1.040988e-02 ; dt =   506.9; nmult =     32
inout (power) : iter =     20 ; odelta = 9.940991e-03 ; dt =   521.8; nmult =     33
inout (power) : iter =     21 ; odelta = 9.506419e-03 ; dt =   537.3; nmult =     34
inout (power) : iter =     22 ; odelta = 9.103228e-03 ; dt =   551.6; nmult =     35
inout (power) : iter =     23 ; odelta = 8.725988e-03 ; dt =   565.8; nmult =     36
inout (power) : iter =     24 ; odelta = 8.374381e-03 ; dt =   581.6; nmult =     37
inout (power) : iter =     25 ; odelta = 8.044702e-03 ; dt =   596.4; nmult =     38
inout (power) : iter =     26 ; odelta = 7.734915e-03 ; dt =   610.7; nmult =     39
inout (power) : iter =     27 ; odelta = 7.443541e-03 ; dt =   625.0; nmult =     40
inout (power) : iter =     28 ; odelta = 7.168054e-03 ; dt =   639.8; nmult =     41
inout (power) : iter =     29 ; odelta = 6.909153e-03 ; dt =   654.1; nmult =     42
inout (power) : iter =     30 ; odelta = 6.664840e-03 ; dt =   669.2; nmult =     43
inout (power) : iter =     31 ; odelta = 6.433713e-03 ; dt =   684.0; nmult =     44
inout (power) : iter =     32 ; odelta = 6.215233e-03 ; dt =   698.3; nmult =     45
inout (power) : iter =     33 ; odelta = 6.007541e-03 ; dt =   713.2; nmult =     46
inout (power) : iter =     34 ; odelta = 5.811390e-03 ; dt =   727.4; nmult =     47
inout (power) : iter =     35 ; odelta = 5.625124e-03 ; dt =   743.1; nmult =     48
inout (power) : iter =     36 ; odelta = 5.447596e-03 ; dt =   758.8; nmult =     49
inout (power) : iter =     37 ; odelta = 5.278519e-03 ; dt =   773.0; nmult =     50
inout (power) : iter =     38 ; odelta = 5.116446e-03 ; dt =   787.9; nmult =     51
inout (power) : iter =     39 ; odelta = 4.961834e-03 ; dt =   802.2; nmult =     52
inout (power) : iter =     40 ; odelta = 4.813739e-03 ; dt =   817.9; nmult =     53
inout (power) : iter =     41 ; odelta = 4.671656e-03 ; dt =   833.6; nmult =     54
inout (power) : iter =     42 ; odelta = 4.535767e-03 ; dt =   848.5; nmult =     55
inout (power) : iter =     43 ; odelta = 4.405738e-03 ; dt =   862.7; nmult =     56
inout (power) : iter =     44 ; odelta = 4.281099e-03 ; dt =   877.6; nmult =     57
inout (power) : iter =     45 ; odelta = 4.161463e-03 ; dt =   893.2; nmult =     58
inout (power) : iter =     46 ; odelta = 4.046828e-03 ; dt =   908.5; nmult =     59
inout (power) : iter =     47 ; odelta = 3.936916e-03 ; dt =   924.9; nmult =     60
inout (power) : iter =     48 ; odelta = 3.831682e-03 ; dt =   940.7; nmult =     61
inout (power) : iter =     49 ; odelta = 3.730677e-03 ; dt =   955.5; nmult =     62
inout (power) : iter =     50 ; odelta = 3.633480e-03 ; dt =   971.0; nmult =     63
inout (power) : iter =     51 ; odelta = 3.540089e-03 ; dt =   985.3; nmult =     64
inout (power) : iter =     52 ; odelta = 3.450034e-03 ; dt =  1000.3; nmult =     65
inout (power) : iter =     53 ; odelta = 3.363371e-03 ; dt =  1014.6; nmult =     66
inout (power) : iter =     54 ; odelta = 3.279678e-03 ; dt =  1028.9; nmult =     67
inout (power) : iter =     55 ; odelta = 3.198800e-03 ; dt =  1043.8; nmult =     68
inout (power) : iter =     56 ; odelta = 3.120692e-03 ; dt =  1058.3; nmult =     69
inout (power) : iter =     57 ; odelta = 3.044961e-03 ; dt =  1072.7; nmult =     70
inout (power) : iter =     58 ; odelta = 2.971831e-03 ; dt =  1087.0; nmult =     71
inout (power) : iter =     59 ; odelta = 2.901047e-03 ; dt =  1102.7; nmult =     72
inout (power) : iter =     60 ; odelta = 2.832501e-03 ; dt =  1117.0; nmult =     73
inout (power) : iter =     61 ; odelta = 2.766178e-03 ; dt =  1131.3; nmult =     74
inout (power) : iter =     62 ; odelta = 2.701730e-03 ; dt =  1145.6; nmult =     75
inout (power) : iter =     63 ; odelta = 2.639418e-03 ; dt =  1160.4; nmult =     76
inout (power) : iter =     64 ; odelta = 2.579051e-03 ; dt =  1175.9; nmult =     77
inout (power) : iter =     65 ; odelta = 2.520502e-03 ; dt =  1190.7; nmult =     78
inout (power) : iter =     66 ; odelta = 2.463741e-03 ; dt =  1205.0; nmult =     79
inout (power) : iter =     67 ; odelta = 2.408465e-03 ; dt =  1220.5; nmult =     80
inout (power) : iter =     68 ; odelta = 2.354942e-03 ; dt =  1234.8; nmult =     81
inout (power) : iter =     69 ; odelta = 2.302919e-03 ; dt =  1249.6; nmult =     82
inout (power) : iter =     70 ; odelta = 2.252356e-03 ; dt =  1264.0; nmult =     83
inout (power) : iter =     71 ; odelta = 2.203298e-03 ; dt =  1278.2; nmult =     84
inout (power) : iter =     72 ; odelta = 2.155483e-03 ; dt =  1292.5; nmult =     85
inout (power) : iter =     73 ; odelta = 2.109159e-03 ; dt =  1307.4; nmult =     86
inout (power) : iter =     74 ; odelta = 2.064106e-03 ; dt =  1323.3; nmult =     87
inout (power) : iter =     75 ; odelta = 2.020281e-03 ; dt =  1337.5; nmult =     88
inout (power) : iter =     76 ; odelta = 1.977674e-03 ; dt =  1352.5; nmult =     89
inout (power) : iter =     77 ; odelta = 1.936052e-03 ; dt =  1368.1; nmult =     90
inout (power) : iter =     78 ; odelta = 1.895620e-03 ; dt =  1382.8; nmult =     91
inout (power) : iter =     79 ; odelta = 1.856225e-03 ; dt =  1399.1; nmult =     92
inout (power) : iter =     80 ; odelta = 1.817841e-03 ; dt =  1414.9; nmult =     93
inout (power) : iter =     81 ; odelta = 1.780441e-03 ; dt =  1430.9; nmult =     94
inout (power) : iter =     82 ; odelta = 1.743988e-03 ; dt =  1447.0; nmult =     95
inout (power) : iter =     83 ; odelta = 1.708478e-03 ; dt =  1463.1; nmult =     96
inout (power) : iter =     84 ; odelta = 1.673878e-03 ; dt =  1478.7; nmult =     97
inout (power) : iter =     85 ; odelta = 1.640199e-03 ; dt =  1493.0; nmult =     98
inout (power) : iter =     86 ; odelta = 1.607365e-03 ; dt =  1507.3; nmult =     99
inout (power) : iter =     87 ; odelta = 1.575378e-03 ; dt =  1521.5; nmult =    100
inout (power) : iter =     88 ; odelta = 1.544214e-03 ; dt =  1535.8; nmult =    101
inout (power) : iter =     89 ; odelta = 1.513815e-03 ; dt =  1550.1; nmult =    102
inout (power) : iter =     90 ; odelta = 1.484168e-03 ; dt =  1564.3; nmult =    103
inout (power) : iter =     91 ; odelta = 1.455204e-03 ; dt =  1578.6; nmult =    104
inout (power) : iter =     92 ; odelta = 1.426977e-03 ; dt =  1592.9; nmult =    105
inout (power) : iter =     93 ; odelta = 1.399436e-03 ; dt =  1607.1; nmult =    106
inout (power) : iter =     94 ; odelta = 1.372556e-03 ; dt =  1621.4; nmult =    107
inout (power) : iter =     95 ; odelta = 1.346341e-03 ; dt =  1635.6; nmult =    108
inout (power) : iter =     96 ; odelta = 1.320718e-03 ; dt =  1649.9; nmult =    109
inout (power) : iter =     97 ; odelta = 1.295742e-03 ; dt =  1664.1; nmult =    110
inout (power) : iter =     98 ; odelta = 1.271345e-03 ; dt =  1678.4; nmult =    111
inout (power) : iter =     99 ; odelta = 1.247506e-03 ; dt =  1692.6; nmult =    112
inout (power) : iter =    100 ; odelta = 1.224220e-03 ; dt =  1706.9; nmult =    113
inout (power) : iter =    101 ; odelta = 1.201472e-03 ; dt =  1721.2; nmult =    114
inout (power) : iter =    102 ; odelta = 1.179258e-03 ; dt =  1735.4; nmult =    115
inout (power) : iter =    103 ; odelta = 1.157584e-03 ; dt =  1749.7; nmult =    116
inout (power) : iter =    104 ; odelta = 1.136417e-03 ; dt =  1764.0; nmult =    117
inout (power) : iter =    105 ; odelta = 1.115876e-03 ; dt =  1778.2; nmult =    118
inout (power) : iter =    106 ; odelta = 1.095927e-03 ; dt =  1792.5; nmult =    119
inout (power) : iter =    107 ; odelta = 1.076472e-03 ; dt =  1806.7; nmult =    120
inout (power) : iter =    108 ; odelta = 1.057453e-03 ; dt =  1821.0; nmult =    121
inout (power) : iter =    109 ; odelta = 1.038846e-03 ; dt =  1835.2; nmult =    122
inout (power) : iter =    110 ; odelta = 1.020629e-03 ; dt =  1849.5; nmult =    123
inout (power) : iter =    111 ; odelta = 1.002791e-03 ; dt =  1863.7; nmult =    124
inout (power) : iter =    112 ; odelta = 9.853324e-04 ; dt =  1878.0; nmult =    125
inout (power) : iter =    113 ; odelta = 9.682531e-04 ; dt =  1892.2; nmult =    126
inout (power) : iter =    114 ; odelta = 9.515355e-04 ; dt =  1906.5; nmult =    127
inout (power) : iter =    115 ; odelta = 9.351667e-04 ; dt =  1920.8; nmult =    128
inout (power) : iter =    116 ; odelta = 9.191349e-04 ; dt =  1935.0; nmult =    129
inout (power) : iter =    117 ; odelta = 9.034592e-04 ; dt =  1949.3; nmult =    130
inout (power) : iter =    118 ; odelta = 8.881270e-04 ; dt =  1963.6; nmult =    131
inout (power) : iter =    119 ; odelta = 8.731138e-04 ; dt =  1978.4; nmult =    132
inout (power) : iter =    120 ; odelta = 8.583983e-04 ; dt =  1992.7; nmult =    133
inout (power) : iter =    121 ; odelta = 8.439704e-04 ; dt =  2006.9; nmult =    134
inout (power) : iter =    122 ; odelta = 8.298226e-04 ; dt =  2021.8; nmult =    135
inout (power) : iter =    123 ; odelta = 8.159474e-04 ; dt =  2036.0; nmult =    136
inout (power) : iter =    124 ; odelta = 8.023409e-04 ; dt =  2050.3; nmult =    137
inout (power) : iter =    125 ; odelta = 7.890008e-04 ; dt =  2064.6; nmult =    138
inout (power) : iter =    126 ; odelta = 7.759306e-04 ; dt =  2078.9; nmult =    139
inout (power) : iter =    127 ; odelta = 7.631226e-04 ; dt =  2093.1; nmult =    140
inout (power) : iter =    128 ; odelta = 7.505830e-04 ; dt =  2108.0; nmult =    141
inout (power) : iter =    129 ; odelta = 7.382923e-04 ; dt =  2122.2; nmult =    142
inout (power) : iter =    130 ; odelta = 7.262370e-04 ; dt =  2136.5; nmult =    143
inout (power) : iter =    131 ; odelta = 7.144147e-04 ; dt =  2150.8; nmult =    144
inout (power) : iter =    132 ; odelta = 7.028171e-04 ; dt =  2165.1; nmult =    145
inout (power) : iter =    133 ; odelta = 6.914414e-04 ; dt =  2179.9; nmult =    146
inout (power) : iter =    134 ; odelta = 6.802833e-04 ; dt =  2194.2; nmult =    147
inout (power) : iter =    135 ; odelta = 6.693355e-04 ; dt =  2208.4; nmult =    148
inout (power) : iter =    136 ; odelta = 6.585899e-04 ; dt =  2223.3; nmult =    149
inout (power) : iter =    137 ; odelta = 6.480440e-04 ; dt =  2238.0; nmult =    150
inout (power) : iter =    138 ; odelta = 6.376897e-04 ; dt =  2252.3; nmult =    151
inout (power) : iter =    139 ; odelta = 6.275211e-04 ; dt =  2266.6; nmult =    152
inout (power) : iter =    140 ; odelta = 6.175388e-04 ; dt =  2280.8; nmult =    153
inout (power) : iter =    141 ; odelta = 6.077382e-04 ; dt =  2295.1; nmult =    154
inout (power) : iter =    142 ; odelta = 5.981271e-04 ; dt =  2309.4; nmult =    155
inout (power) : iter =    143 ; odelta = 5.886951e-04 ; dt =  2323.6; nmult =    156
inout (power) : iter =    144 ; odelta = 5.794354e-04 ; dt =  2339.4; nmult =    157
inout (power) : iter =    145 ; odelta = 5.703407e-04 ; dt =  2353.6; nmult =    158
inout (power) : iter =    146 ; odelta = 5.614077e-04 ; dt =  2368.5; nmult =    159
inout (power) : iter =    147 ; odelta = 5.526339e-04 ; dt =  2382.8; nmult =    160
inout (power) : iter =    148 ; odelta = 5.440167e-04 ; dt =  2397.1; nmult =    161
inout (power) : iter =    149 ; odelta = 5.355543e-04 ; dt =  2411.9; nmult =    162
inout (power) : iter =    150 ; odelta = 5.272408e-04 ; dt =  2426.2; nmult =    163
inout (power) : iter =    151 ; odelta = 5.190723e-04 ; dt =  2440.4; nmult =    164
inout (power) : iter =    152 ; odelta = 5.110472e-04 ; dt =  2454.7; nmult =    165
inout (power) : iter =    153 ; odelta = 5.031620e-04 ; dt =  2469.0; nmult =    166
inout (power) : iter =    154 ; odelta = 4.954157e-04 ; dt =  2483.9; nmult =    167
inout (power) : iter =    155 ; odelta = 4.878061e-04 ; dt =  2498.1; nmult =    168
inout (power) : iter =    156 ; odelta = 4.803353e-04 ; dt =  2513.0; nmult =    169
inout (power) : iter =    157 ; odelta = 4.729961e-04 ; dt =  2527.3; nmult =    170
inout (power) : iter =    158 ; odelta = 4.657838e-04 ; dt =  2542.4; nmult =    171
inout (power) : iter =    159 ; odelta = 4.586967e-04 ; dt =  2556.6; nmult =    172
inout (power) : iter =    160 ; odelta = 4.517339e-04 ; dt =  2570.9; nmult =    173
inout (power) : iter =    161 ; odelta = 4.448941e-04 ; dt =  2585.8; nmult =    174
inout (power) : iter =    162 ; odelta = 4.381804e-04 ; dt =  2600.0; nmult =    175
inout (power) : iter =    163 ; odelta = 4.315832e-04 ; dt =  2614.3; nmult =    176
inout (power) : iter =    164 ; odelta = 4.250981e-04 ; dt =  2628.6; nmult =    177
inout (power) : iter =    165 ; odelta = 4.187211e-04 ; dt =  2642.8; nmult =    178
inout (power) : iter =    166 ; odelta = 4.124489e-04 ; dt =  2657.7; nmult =    179
inout (power) : iter =    167 ; odelta = 4.062809e-04 ; dt =  2672.5; nmult =    180
inout (power) : iter =    168 ; odelta = 4.002159e-04 ; dt =  2686.8; nmult =    181
inout (power) : iter =    169 ; odelta = 3.942518e-04 ; dt =  2702.5; nmult =    182
inout (power) : iter =    170 ; odelta = 3.883878e-04 ; dt =  2718.2; nmult =    183
inout (power) : iter =    171 ; odelta = 3.826224e-04 ; dt =  2733.8; nmult =    184
inout (power) : iter =    172 ; odelta = 3.769525e-04 ; dt =  2748.3; nmult =    185
inout (power) : iter =    173 ; odelta = 3.713776e-04 ; dt =  2762.6; nmult =    186
inout (power) : iter =    174 ; odelta = 3.659017e-04 ; dt =  2778.3; nmult =    187
inout (power) : iter =    175 ; odelta = 3.605173e-04 ; dt =  2793.2; nmult =    188
inout (power) : iter =    176 ; odelta = 3.552245e-04 ; dt =  2808.0; nmult =    189
inout (power) : iter =    177 ; odelta = 3.500183e-04 ; dt =  2822.8; nmult =    190
inout (power) : iter =    178 ; odelta = 3.448971e-04 ; dt =  2837.1; nmult =    191
inout (power) : iter =    179 ; odelta = 3.398587e-04 ; dt =  2851.9; nmult =    192
inout (power) : iter =    180 ; odelta = 3.349013e-04 ; dt =  2866.8; nmult =    193
inout (power) : iter =    181 ; odelta = 3.300248e-04 ; dt =  2883.2; nmult =    194
inout (power) : iter =    182 ; odelta = 3.252258e-04 ; dt =  2898.1; nmult =    195
inout (power) : iter =    183 ; odelta = 3.205032e-04 ; dt =  2912.4; nmult =    196
inout (power) : iter =    184 ; odelta = 3.158551e-04 ; dt =  2927.3; nmult =    197
inout (power) : iter =    185 ; odelta = 3.112806e-04 ; dt =  2942.2; nmult =    198
inout (power) : iter =    186 ; odelta = 3.067784e-04 ; dt =  2957.7; nmult =    199
inout (power) : iter =    187 ; odelta = 3.023469e-04 ; dt =  2972.0; nmult =    200
inout (power) : iter =    188 ; odelta = 2.979852e-04 ; dt =  2986.8; nmult =    201
inout (power) : iter =    189 ; odelta = 2.936918e-04 ; dt =  3001.1; nmult =    202
inout (power) : iter =    190 ; odelta = 2.894656e-04 ; dt =  3015.4; nmult =    203
inout (power) : iter =    191 ; odelta = 2.853063e-04 ; dt =  3029.7; nmult =    204
inout (power) : iter =    192 ; odelta = 2.812131e-04 ; dt =  3044.0; nmult =    205
inout (power) : iter =    193 ; odelta = 2.771842e-04 ; dt =  3058.9; nmult =    206
inout (power) : iter =    194 ; odelta = 2.732181e-04 ; dt =  3073.8; nmult =    207
inout (power) : iter =    195 ; odelta = 2.693150e-04 ; dt =  3088.6; nmult =    208
inout (power) : iter =    196 ; odelta = 2.654763e-04 ; dt =  3103.2; nmult =    209
inout (power) : iter =    197 ; odelta = 2.617016e-04 ; dt =  3118.1; nmult =    210
inout (power) : iter =    198 ; odelta = 2.579862e-04 ; dt =  3132.4; nmult =    211
inout (power) : iter =    199 ; odelta = 2.543282e-04 ; dt =  3146.6; nmult =    212
inout (power) : iter =    200 ; odelta = 2.507262e-04 ; dt =  3161.5; nmult =    213
inout (power) : iter =    201 ; odelta = 2.471795e-04 ; dt =  3177.0; nmult =    214
inout (power) : iter =    202 ; odelta = 2.436871e-04 ; dt =  3191.9; nmult =    215
inout (power) : iter =    203 ; odelta = 2.402480e-04 ; dt =  3206.7; nmult =    216
inout (power) : iter =    204 ; odelta = 2.368611e-04 ; dt =  3221.0; nmult =    217
inout (power) : iter =    205 ; odelta = 2.335251e-04 ; dt =  3235.2; nmult =    218
inout (power) : iter =    206 ; odelta = 2.302394e-04 ; dt =  3250.1; nmult =    219
inout (power) : iter =    207 ; odelta = 2.270044e-04 ; dt =  3265.0; nmult =    220
inout (power) : iter =    208 ; odelta = 2.238186e-04 ; dt =  3279.3; nmult =    221
inout (power) : iter =    209 ; odelta = 2.206810e-04 ; dt =  3293.5; nmult =    222
inout (power) : iter =    210 ; odelta = 2.175906e-04 ; dt =  3308.4; nmult =    223
inout (power) : iter =    211 ; odelta = 2.145476e-04 ; dt =  3322.7; nmult =    224
inout (power) : iter =    212 ; odelta = 2.115515e-04 ; dt =  3337.0; nmult =    225
inout (power) : iter =    213 ; odelta = 2.086008e-04 ; dt =  3351.3; nmult =    226
inout (power) : iter =    214 ; odelta = 2.056952e-04 ; dt =  3367.0; nmult =    227
inout (power) : iter =    215 ; odelta = 2.028343e-04 ; dt =  3381.3; nmult =    228
inout (power) : iter =    216 ; odelta = 2.000162e-04 ; dt =  3396.2; nmult =    229
inout (power) : iter =    217 ; odelta = 1.972402e-04 ; dt =  3411.0; nmult =    230
inout (power) : iter =    218 ; odelta = 1.945061e-04 ; dt =  3425.3; nmult =    231
inout (power) : iter =    219 ; odelta = 1.918133e-04 ; dt =  3439.5; nmult =    232
inout (power) : iter =    220 ; odelta = 1.891613e-04 ; dt =  3454.4; nmult =    233
inout (power) : iter =    221 ; odelta = 1.865487e-04 ; dt =  3470.3; nmult =    234
inout (power) : iter =    222 ; odelta = 1.839747e-04 ; dt =  3485.3; nmult =    235
inout (power) : iter =    223 ; odelta = 1.814385e-04 ; dt =  3501.0; nmult =    236
inout (power) : iter =    224 ; odelta = 1.789398e-04 ; dt =  3515.3; nmult =    237
inout (power) : iter =    225 ; odelta = 1.764780e-04 ; dt =  3529.6; nmult =    238
inout (power) : iter =    226 ; odelta = 1.740527e-04 ; dt =  3545.3; nmult =    239
inout (power) : iter =    227 ; odelta = 1.716638e-04 ; dt =  3559.5; nmult =    240
inout (power) : iter =    228 ; odelta = 1.693102e-04 ; dt =  3574.4; nmult =    241
inout (power) : iter =    229 ; odelta = 1.669910e-04 ; dt =  3588.6; nmult =    242
inout (power) : iter =    230 ; odelta = 1.647057e-04 ; dt =  3602.9; nmult =    243
inout (power) : iter =    231 ; odelta = 1.624537e-04 ; dt =  3617.2; nmult =    244
inout (power) : iter =    232 ; odelta = 1.602352e-04 ; dt =  3632.1; nmult =    245
inout (power) : iter =    233 ; odelta = 1.580493e-04 ; dt =  3646.9; nmult =    246
inout (power) : iter =    234 ; odelta = 1.558955e-04 ; dt =  3661.8; nmult =    247
inout (power) : iter =    235 ; odelta = 1.537733e-04 ; dt =  3676.0; nmult =    248
inout (power) : iter =    236 ; odelta = 1.516822e-04 ; dt =  3690.9; nmult =    249
inout (power) : iter =    237 ; odelta = 1.496215e-04 ; dt =  3705.1; nmult =    250
inout (power) : iter =    238 ; odelta = 1.475906e-04 ; dt =  3720.0; nmult =    251
inout (power) : iter =    239 ; odelta = 1.455892e-04 ; dt =  3734.7; nmult =    252
inout (power) : iter =    240 ; odelta = 1.436177e-04 ; dt =  3748.9; nmult =    253
inout (power) : iter =    241 ; odelta = 1.416763e-04 ; dt =  3763.8; nmult =    254
inout (power) : iter =    242 ; odelta = 1.397646e-04 ; dt =  3778.0; nmult =    255
inout (power) : iter =    243 ; odelta = 1.378816e-04 ; dt =  3792.9; nmult =    256
inout (power) : iter =    244 ; odelta = 1.360262e-04 ; dt =  3807.2; nmult =    257
inout (power) : iter =    245 ; odelta = 1.341977e-04 ; dt =  3822.0; nmult =    258
inout (power) : iter =    246 ; odelta = 1.323956e-04 ; dt =  3837.5; nmult =    259
inout (power) : iter =    247 ; odelta = 1.306194e-04 ; dt =  3852.4; nmult =    260
inout (power) : iter =    248 ; odelta = 1.288691e-04 ; dt =  3866.7; nmult =    261
inout (power) : iter =    249 ; odelta = 1.271443e-04 ; dt =  3882.2; nmult =    262
inout (power) : iter =    250 ; odelta = 1.254439e-04 ; dt =  3896.5; nmult =    263
inout (power) : iter =    251 ; odelta = 1.237676e-04 ; dt =  3912.2; nmult =    264
inout (power) : iter =    252 ; odelta = 1.221148e-04 ; dt =  3926.5; nmult =    265
inout (power) : iter =    253 ; odelta = 1.204852e-04 ; dt =  3942.3; nmult =    266
inout (power) : iter =    254 ; odelta = 1.188785e-04 ; dt =  3956.5; nmult =    267
inout (power) : iter =    255 ; odelta = 1.172948e-04 ; dt =  3972.3; nmult =    268
inout (power) : iter =    256 ; odelta = 1.157334e-04 ; dt =  3988.0; nmult =    269
inout (power) : iter =    257 ; odelta = 1.141943e-04 ; dt =  4002.9; nmult =    270
inout (power) : iter =    258 ; odelta = 1.126768e-04 ; dt =  4017.7; nmult =    271
inout (power) : iter =    259 ; odelta = 1.111808e-04 ; dt =  4032.6; nmult =    272
inout (power) : iter =    260 ; odelta = 1.097062e-04 ; dt =  4047.5; nmult =    273
inout (power) : iter =    261 ; odelta = 1.082522e-04 ; dt =  4062.5; nmult =    274
inout (power) : iter =    262 ; odelta = 1.068188e-04 ; dt =  4076.9; nmult =    275
inout (power) : iter =    263 ; odelta = 1.054054e-04 ; dt =  4092.2; nmult =    276
inout (power) : iter =    264 ; odelta = 1.040120e-04 ; dt =  4108.2; nmult =    277
inout (power) : iter =    265 ; odelta = 1.026384e-04 ; dt =  4123.1; nmult =    278
inout (power) : iter =    266 ; odelta = 1.012838e-04 ; dt =  4138.1; nmult =    279
inout (power) : iter =    267 ; odelta = 9.994800e-05 ; dt =  4153.7; nmult =    280
inout (power) : iter =    268 ; odelta = 9.863060e-05 ; dt =  4168.7; nmult =    281
inout (power) : iter =    269 ; odelta = 9.733152e-05 ; dt =  4184.5; nmult =    282
inout (power) : iter =    270 ; odelta = 9.605030e-05 ; dt =  4200.4; nmult =    283
inout (power) : iter =    271 ; odelta = 9.478682e-05 ; dt =  4215.2; nmult =    284
inout (power) : iter =    272 ; odelta = 9.354119e-05 ; dt =  4229.6; nmult =    285
inout (power) : iter =    273 ; odelta = 9.231275e-05 ; dt =  4243.8; nmult =    286
inout (power) : iter =    274 ; odelta = 9.110115e-05 ; dt =  4258.1; nmult =    287
inout (power) : iter =    275 ; odelta = 8.990610e-05 ; dt =  4272.4; nmult =    288
inout (power) : iter =    276 ; odelta = 8.872741e-05 ; dt =  4286.6; nmult =    289
inout (power) : iter =    277 ; odelta = 8.756500e-05 ; dt =  4300.9; nmult =    290
inout (power) : iter =    278 ; odelta = 8.641880e-05 ; dt =  4315.1; nmult =    291
inout (power) : iter =    279 ; odelta = 8.528864e-05 ; dt =  4329.4; nmult =    292
inout (power) : iter =    280 ; odelta = 8.417408e-05 ; dt =  4343.6; nmult =    293
inout (power) : iter =    281 ; odelta = 8.307484e-05 ; dt =  4357.9; nmult =    294
inout (power) : iter =    282 ; odelta = 8.199065e-05 ; dt =  4372.2; nmult =    295
inout (power) : iter =    283 ; odelta = 8.092147e-05 ; dt =  4386.4; nmult =    296
inout (power) : iter =    284 ; odelta = 7.986720e-05 ; dt =  4400.7; nmult =    297
inout (power) : iter =    285 ; odelta = 7.882747e-05 ; dt =  4414.9; nmult =    298
inout (power) : iter =    286 ; odelta = 7.780217e-05 ; dt =  4429.2; nmult =    299
inout (power) : iter =    287 ; odelta = 7.679092e-05 ; dt =  4443.4; nmult =    300
inout (power) : iter =    288 ; odelta = 7.579375e-05 ; dt =  4457.7; nmult =    301
inout (power) : iter =    289 ; odelta = 7.481031e-05 ; dt =  4471.9; nmult =    302
inout (power) : iter =    290 ; odelta = 7.384021e-05 ; dt =  4486.2; nmult =    303
inout (power) : iter =    291 ; odelta = 7.288330e-05 ; dt =  4500.4; nmult =    304
inout (power) : iter =    292 ; odelta = 7.193942e-05 ; dt =  4514.7; nmult =    305
inout (power) : iter =    293 ; odelta = 7.100824e-05 ; dt =  4528.9; nmult =    306
inout (power) : iter =    294 ; odelta = 7.008955e-05 ; dt =  4543.2; nmult =    307
inout (power) : iter =    295 ; odelta = 6.918327e-05 ; dt =  4557.5; nmult =    308
inout (power) : iter =    296 ; odelta = 6.828938e-05 ; dt =  4571.7; nmult =    309
inout (power) : iter =    297 ; odelta = 6.740760e-05 ; dt =  4586.0; nmult =    310
inout (power) : iter =    298 ; odelta = 6.653779e-05 ; dt =  4600.2; nmult =    311
inout (power) : iter =    299 ; odelta = 6.567965e-05 ; dt =  4614.5; nmult =    312
inout (power) : iter =    300 ; odelta = 6.483296e-05 ; dt =  4628.7; nmult =    313
inout (power) : iter =    301 ; odelta = 6.399764e-05 ; dt =  4642.9; nmult =    314
inout (power) : iter =    302 ; odelta = 6.317354e-05 ; dt =  4657.2; nmult =    315
inout (power) : iter =    303 ; odelta = 6.236051e-05 ; dt =  4671.4; nmult =    316
inout (power) : iter =    304 ; odelta = 6.155838e-05 ; dt =  4685.6; nmult =    317
inout (power) : iter =    305 ; odelta = 6.076699e-05 ; dt =  4699.8; nmult =    318
inout (power) : iter =    306 ; odelta = 5.998614e-05 ; dt =  4714.1; nmult =    319
inout (power) : iter =    307 ; odelta = 5.921583e-05 ; dt =  4728.3; nmult =    320
inout (power) : iter =    308 ; odelta = 5.845608e-05 ; dt =  4742.6; nmult =    321
inout (power) : iter =    309 ; odelta = 5.770656e-05 ; dt =  4756.8; nmult =    322
inout (power) : iter =    310 ; odelta = 5.696706e-05 ; dt =  4771.0; nmult =    323
inout (power) : iter =    311 ; odelta = 5.623764e-05 ; dt =  4785.2; nmult =    324
inout (power) : iter =    312 ; odelta = 5.551788e-05 ; dt =  4799.5; nmult =    325
inout (power) : iter =    313 ; odelta = 5.480768e-05 ; dt =  4814.4; nmult =    326
inout (power) : iter =    314 ; odelta = 5.410699e-05 ; dt =  4828.6; nmult =    327
inout (power) : iter =    315 ; odelta = 5.341562e-05 ; dt =  4842.8; nmult =    328
inout (power) : iter =    316 ; odelta = 5.273344e-05 ; dt =  4858.5; nmult =    329
inout (power) : iter =    317 ; odelta = 5.206036e-05 ; dt =  4873.4; nmult =    330
inout (power) : iter =    318 ; odelta = 5.139639e-05 ; dt =  4888.2; nmult =    331
inout (power) : iter =    319 ; odelta = 5.074138e-05 ; dt =  4902.5; nmult =    332
inout (power) : iter =    320 ; odelta = 5.009509e-05 ; dt =  4917.4; nmult =    333
inout (power) : iter =    321 ; odelta = 4.945744e-05 ; dt =  4931.6; nmult =    334
inout (power) : iter =    322 ; odelta = 4.882826e-05 ; dt =  4945.9; nmult =    335
inout (power) : iter =    323 ; odelta = 4.820749e-05 ; dt =  4960.1; nmult =    336
inout (power) : iter =    324 ; odelta = 4.759489e-05 ; dt =  4974.3; nmult =    337
inout (power) : iter =    325 ; odelta = 4.699030e-05 ; dt =  4988.6; nmult =    338
inout (power) : iter =    326 ; odelta = 4.639362e-05 ; dt =  5003.4; nmult =    339
inout (power) : iter =    327 ; odelta = 4.580475e-05 ; dt =  5017.7; nmult =    340
inout (power) : iter =    328 ; odelta = 4.522361e-05 ; dt =  5032.5; nmult =    341
inout (power) : iter =    329 ; odelta = 4.465011e-05 ; dt =  5046.7; nmult =    342
inout (power) : iter =    330 ; odelta = 4.408415e-05 ; dt =  5061.0; nmult =    343
inout (power) : iter =    331 ; odelta = 4.352559e-05 ; dt =  5075.2; nmult =    344
inout (power) : iter =    332 ; odelta = 4.297431e-05 ; dt =  5089.4; nmult =    345
inout (power) : iter =    333 ; odelta = 4.243032e-05 ; dt =  5103.7; nmult =    346
inout (power) : iter =    334 ; odelta = 4.189353e-05 ; dt =  5118.5; nmult =    347
inout (power) : iter =    335 ; odelta = 4.136375e-05 ; dt =  5132.8; nmult =    348
inout (power) : iter =    336 ; odelta = 4.084087e-05 ; dt =  5147.6; nmult =    349
inout (power) : iter =    337 ; odelta = 4.032479e-05 ; dt =  5162.5; nmult =    350
inout (power) : iter =    338 ; odelta = 3.981543e-05 ; dt =  5176.7; nmult =    351
inout (power) : iter =    339 ; odelta = 3.931271e-05 ; dt =  5190.9; nmult =    352
inout (power) : iter =    340 ; odelta = 3.881660e-05 ; dt =  5205.8; nmult =    353
inout (power) : iter =    341 ; odelta = 3.832697e-05 ; dt =  5220.6; nmult =    354
inout (power) : iter =    342 ; odelta = 3.784372e-05 ; dt =  5235.2; nmult =    355
inout (power) : iter =    343 ; odelta = 3.736678e-05 ; dt =  5250.8; nmult =    356
inout (power) : iter =    344 ; odelta = 3.689612e-05 ; dt =  5265.0; nmult =    357
inout (power) : iter =    345 ; odelta = 3.643156e-05 ; dt =  5279.3; nmult =    358
inout (power) : iter =    346 ; odelta = 3.597305e-05 ; dt =  5294.2; nmult =    359
inout (power) : iter =    347 ; odelta = 3.552045e-05 ; dt =  5308.4; nmult =    360
inout (power) : iter =    348 ; odelta = 3.507371e-05 ; dt =  5323.3; nmult =    361
inout (power) : iter =    349 ; odelta = 3.463279e-05 ; dt =  5337.5; nmult =    362
inout (power) : iter =    350 ; odelta = 3.419758e-05 ; dt =  5351.7; nmult =    363
inout (power) : iter =    351 ; odelta = 3.376810e-05 ; dt =  5365.9; nmult =    364
inout (power) : iter =    352 ; odelta = 3.334424e-05 ; dt =  5380.2; nmult =    365
inout (power) : iter =    353 ; odelta = 3.292592e-05 ; dt =  5394.4; nmult =    366
inout (power) : iter =    354 ; odelta = 3.251311e-05 ; dt =  5409.3; nmult =    367
inout (power) : iter =    355 ; odelta = 3.210568e-05 ; dt =  5423.5; nmult =    368
inout (power) : iter =    356 ; odelta = 3.170350e-05 ; dt =  5437.8; nmult =    369
inout (power) : iter =    357 ; odelta = 3.130652e-05 ; dt =  5452.6; nmult =    370
inout (power) : iter =    358 ; odelta = 3.091466e-05 ; dt =  5466.9; nmult =    371
inout (power) : iter =    359 ; odelta = 3.052801e-05 ; dt =  5481.1; nmult =    372
inout (power) : iter =    360 ; odelta = 3.014632e-05 ; dt =  5496.0; nmult =    373
inout (power) : iter =    361 ; odelta = 2.976956e-05 ; dt =  5510.2; nmult =    374
inout (power) : iter =    362 ; odelta = 2.939765e-05 ; dt =  5525.1; nmult =    375
inout (power) : iter =    363 ; odelta = 2.903056e-05 ; dt =  5539.3; nmult =    376
inout (power) : iter =    364 ; odelta = 2.866822e-05 ; dt =  5553.6; nmult =    377
inout (power) : iter =    365 ; odelta = 2.831055e-05 ; dt =  5568.4; nmult =    378
inout (power) : iter =    366 ; odelta = 2.795753e-05 ; dt =  5582.7; nmult =    379
inout (power) : iter =    367 ; odelta = 2.760907e-05 ; dt =  5597.5; nmult =    380
inout (power) : iter =    368 ; odelta = 2.726509e-05 ; dt =  5612.9; nmult =    381
inout (power) : iter =    369 ; odelta = 2.692552e-05 ; dt =  5627.9; nmult =    382
inout (power) : iter =    370 ; odelta = 2.659034e-05 ; dt =  5642.8; nmult =    383
inout (power) : iter =    371 ; odelta = 2.625947e-05 ; dt =  5658.5; nmult =    384
inout (power) : iter =    372 ; odelta = 2.593283e-05 ; dt =  5673.1; nmult =    385
inout (power) : iter =    373 ; odelta = 2.561041e-05 ; dt =  5687.9; nmult =    386
inout (power) : iter =    374 ; odelta = 2.529235e-05 ; dt =  5702.1; nmult =    387
inout (power) : iter =    375 ; odelta = 2.497836e-05 ; dt =  5716.4; nmult =    388
inout (power) : iter =    376 ; odelta = 2.466841e-05 ; dt =  5730.6; nmult =    389
inout (power) : iter =    377 ; odelta = 2.436246e-05 ; dt =  5745.5; nmult =    390
inout (power) : iter =    378 ; odelta = 2.406045e-05 ; dt =  5759.8; nmult =    391
inout (power) : iter =    379 ; odelta = 2.376231e-05 ; dt =  5774.0; nmult =    392
inout (power) : iter =    380 ; odelta = 2.346800e-05 ; dt =  5788.3; nmult =    393
inout (power) : iter =    381 ; odelta = 2.317748e-05 ; dt =  5802.5; nmult =    394
inout (power) : iter =    382 ; odelta = 2.289069e-05 ; dt =  5817.4; nmult =    395
inout (power) : iter =    383 ; odelta = 2.260755e-05 ; dt =  5831.6; nmult =    396
inout (power) : iter =    384 ; odelta = 2.232804e-05 ; dt =  5845.9; nmult =    397
inout (power) : iter =    385 ; odelta = 2.205205e-05 ; dt =  5860.1; nmult =    398
inout (power) : iter =    386 ; odelta = 2.177955e-05 ; dt =  5874.4; nmult =    399
inout (power) : iter =    387 ; odelta = 2.151049e-05 ; dt =  5888.7; nmult =    400
inout (power) : iter =    388 ; odelta = 2.124485e-05 ; dt =  5903.5; nmult =    401
inout (power) : iter =    389 ; odelta = 2.098257e-05 ; dt =  5918.3; nmult =    402
inout (power) : iter =    390 ; odelta = 2.072363e-05 ; dt =  5932.6; nmult =    403
inout (power) : iter =    391 ; odelta = 2.046796e-05 ; dt =  5946.9; nmult =    404
inout (power) : iter =    392 ; odelta = 2.021553e-05 ; dt =  5961.1; nmult =    405
inout (power) : iter =    393 ; odelta = 1.996627e-05 ; dt =  5976.0; nmult =    406
inout (power) : iter =    394 ; odelta = 1.972017e-05 ; dt =  5990.3; nmult =    407
inout (power) : iter =    395 ; odelta = 1.947721e-05 ; dt =  6005.1; nmult =    408
inout (power) : iter =    396 ; odelta = 1.923736e-05 ; dt =  6019.4; nmult =    409
inout (power) : iter =    397 ; odelta = 1.900059e-05 ; dt =  6033.6; nmult =    410
inout (power) : iter =    398 ; odelta = 1.876681e-05 ; dt =  6047.9; nmult =    411
inout (power) : iter =    399 ; odelta = 1.853596e-05 ; dt =  6063.4; nmult =    412
inout (power) : iter =    400 ; odelta = 1.830801e-05 ; dt =  6077.7; nmult =    413
inout (power) : iter =    401 ; odelta = 1.808293e-05 ; dt =  6091.9; nmult =    414
inout (power) : iter =    402 ; odelta = 1.786069e-05 ; dt =  6106.8; nmult =    415
inout (power) : iter =    403 ; odelta = 1.764125e-05 ; dt =  6121.1; nmult =    416
inout (power) : iter =    404 ; odelta = 1.742458e-05 ; dt =  6135.3; nmult =    417
inout (power) : iter =    405 ; odelta = 1.721076e-05 ; dt =  6149.6; nmult =    418
inout (power) : iter =    406 ; odelta = 1.699972e-05 ; dt =  6163.9; nmult =    419
inout (power) : iter =    407 ; odelta = 1.679135e-05 ; dt =  6178.7; nmult =    420
inout (power) : iter =    408 ; odelta = 1.658561e-05 ; dt =  6192.9; nmult =    421
inout (power) : iter =    409 ; odelta = 1.638244e-05 ; dt =  6207.7; nmult =    422
inout (power) : iter =    410 ; odelta = 1.618182e-05 ; dt =  6222.0; nmult =    423
inout (power) : iter =    411 ; odelta = 1.598371e-05 ; dt =  6236.2; nmult =    424
inout (power) : iter =    412 ; odelta = 1.578808e-05 ; dt =  6251.6; nmult =    425
inout (power) : iter =    413 ; odelta = 1.559490e-05 ; dt =  6265.9; nmult =    426
inout (power) : iter =    414 ; odelta = 1.540415e-05 ; dt =  6280.8; nmult =    427
inout (power) : iter =    415 ; odelta = 1.521582e-05 ; dt =  6295.1; nmult =    428
inout (power) : iter =    416 ; odelta = 1.502988e-05 ; dt =  6310.7; nmult =    429
inout (power) : iter =    417 ; odelta = 1.484630e-05 ; dt =  6326.2; nmult =    430
inout (power) : iter =    418 ; odelta = 1.466505e-05 ; dt =  6340.4; nmult =    431
inout (power) : iter =    419 ; odelta = 1.448609e-05 ; dt =  6355.3; nmult =    432
inout (power) : iter =    420 ; odelta = 1.430938e-05 ; dt =  6369.5; nmult =    433
inout (power) : iter =    421 ; odelta = 1.413487e-05 ; dt =  6383.8; nmult =    434
inout (power) : iter =    422 ; odelta = 1.396254e-05 ; dt =  6398.6; nmult =    435
inout (power) : iter =    423 ; odelta = 1.379238e-05 ; dt =  6412.9; nmult =    436
inout (power) : iter =    424 ; odelta = 1.362434e-05 ; dt =  6427.7; nmult =    437
inout (power) : iter =    425 ; odelta = 1.345838e-05 ; dt =  6442.0; nmult =    438
inout (power) : iter =    426 ; odelta = 1.329449e-05 ; dt =  6457.4; nmult =    439
inout (power) : iter =    427 ; odelta = 1.313263e-05 ; dt =  6471.6; nmult =    440
inout (power) : iter =    428 ; odelta = 1.297277e-05 ; dt =  6486.5; nmult =    441
inout (power) : iter =    429 ; odelta = 1.281492e-05 ; dt =  6501.3; nmult =    442
inout (power) : iter =    430 ; odelta = 1.265907e-05 ; dt =  6515.7; nmult =    443
inout (power) : iter =    431 ; odelta = 1.250516e-05 ; dt =  6529.9; nmult =    444
inout (power) : iter =    432 ; odelta = 1.235316e-05 ; dt =  6545.6; nmult =    445
inout (power) : iter =    433 ; odelta = 1.220305e-05 ; dt =  6561.3; nmult =    446
inout (power) : iter =    434 ; odelta = 1.205480e-05 ; dt =  6576.9; nmult =    447
inout (power) : iter =    435 ; odelta = 1.190839e-05 ; dt =  6591.2; nmult =    448
inout (power) : iter =    436 ; odelta = 1.176379e-05 ; dt =  6606.0; nmult =    449
inout (power) : iter =    437 ; odelta = 1.162098e-05 ; dt =  6622.5; nmult =    450
inout (power) : iter =    438 ; odelta = 1.147995e-05 ; dt =  6638.2; nmult =    451
inout (power) : iter =    439 ; odelta = 1.134065e-05 ; dt =  6653.8; nmult =    452
inout (power) : iter =    440 ; odelta = 1.120308e-05 ; dt =  6669.6; nmult =    453
inout (power) : iter =    441 ; odelta = 1.106723e-05 ; dt =  6686.1; nmult =    454
inout (power) : iter =    442 ; odelta = 1.093306e-05 ; dt =  6701.8; nmult =    455
inout (power) : iter =    443 ; odelta = 1.080055e-05 ; dt =  6716.1; nmult =    456
inout (power) : iter =    444 ; odelta = 1.066967e-05 ; dt =  6731.0; nmult =    457
inout (power) : iter =    445 ; odelta = 1.054041e-05 ; dt =  6745.9; nmult =    458
inout (power) : iter =    446 ; odelta = 1.041275e-05 ; dt =  6760.3; nmult =    459
inout (power) : iter =    447 ; odelta = 1.028665e-05 ; dt =  6775.3; nmult =    460
inout (power) : iter =    448 ; odelta = 1.016212e-05 ; dt =  6791.0; nmult =    461
inout (power) : iter =    449 ; odelta = 1.003911e-05 ; dt =  6805.8; nmult =    462
inout (power) : iter =    450 ; odelta = 9.917635e-06 ; dt =  6820.2; nmult =    463
inout (power) : iter =    451 ; odelta = 9.797654e-06 ; dt =  6835.1; nmult =    464
inout (power) : iter =    452 ; odelta = 9.679152e-06 ; dt =  6850.0; nmult =    465
inout (power) : iter =    453 ; odelta = 9.562110e-06 ; dt =  6864.3; nmult =    466
inout (power) : iter =    454 ; odelta = 9.446521e-06 ; dt =  6878.6; nmult =    467
inout (power) : iter =    455 ; odelta = 9.332372e-06 ; dt =  6892.8; nmult =    468
inout (power) : iter =    456 ; odelta = 9.219634e-06 ; dt =  6907.8; nmult =    469
inout (power) : iter =    457 ; odelta = 9.108285e-06 ; dt =  6923.4; nmult =    470
inout (power) : iter =    458 ; odelta = 8.998308e-06 ; dt =  6938.4; nmult =    471
inout (power) : iter =    459 ; odelta = 8.889697e-06 ; dt =  6952.6; nmult =    472
inout (power) : iter =    460 ; odelta = 8.782425e-06 ; dt =  6967.6; nmult =    473
inout (power) : iter =    461 ; odelta = 8.676478e-06 ; dt =  6981.8; nmult =    474
inout (power) : iter =    462 ; odelta = 8.571841e-06 ; dt =  6996.2; nmult =    475
inout (power) : iter =    463 ; odelta = 8.468496e-06 ; dt =  7010.9; nmult =    476
inout (power) : iter =    464 ; odelta = 8.366430e-06 ; dt =  7025.2; nmult =    477
inout (power) : iter =    465 ; odelta = 8.265629e-06 ; dt =  7039.4; nmult =    478
inout (power) : iter =    466 ; odelta = 8.166066e-06 ; dt =  7053.7; nmult =    479
inout (power) : iter =    467 ; odelta = 8.067723e-06 ; dt =  7067.9; nmult =    480
inout (power) : iter =    468 ; odelta = 7.970591e-06 ; dt =  7082.1; nmult =    481
inout (power) : iter =    469 ; odelta = 7.874680e-06 ; dt =  7096.3; nmult =    482
inout (power) : iter =    470 ; odelta = 7.779969e-06 ; dt =  7110.6; nmult =    483
inout (power) : iter =    471 ; odelta = 7.686422e-06 ; dt =  7124.8; nmult =    484
inout (power) : iter =    472 ; odelta = 7.594023e-06 ; dt =  7139.1; nmult =    485
inout (power) : iter =    473 ; odelta = 7.502754e-06 ; dt =  7153.3; nmult =    486
inout (power) : iter =    474 ; odelta = 7.412601e-06 ; dt =  7167.5; nmult =    487
inout (power) : iter =    475 ; odelta = 7.323551e-06 ; dt =  7181.7; nmult =    488
inout (power) : iter =    476 ; odelta = 7.235592e-06 ; dt =  7196.0; nmult =    489
inout (power) : iter =    477 ; odelta = 7.148708e-06 ; dt =  7210.2; nmult =    490
inout (power) : iter =    478 ; odelta = 7.062887e-06 ; dt =  7224.4; nmult =    491
inout (power) : iter =    479 ; odelta = 6.978121e-06 ; dt =  7238.6; nmult =    492
inout (power) : iter =    480 ; odelta = 6.894391e-06 ; dt =  7252.9; nmult =    493
inout (power) : iter =    481 ; odelta = 6.811682e-06 ; dt =  7267.1; nmult =    494
inout (power) : iter =    482 ; odelta = 6.729996e-06 ; dt =  7281.4; nmult =    495
inout (power) : iter =    483 ; odelta = 6.649335e-06 ; dt =  7295.6; nmult =    496
inout (power) : iter =    484 ; odelta = 6.569667e-06 ; dt =  7309.8; nmult =    497
inout (power) : iter =    485 ; odelta = 6.490968e-06 ; dt =  7324.1; nmult =    498
inout (power) : iter =    486 ; odelta = 6.413227e-06 ; dt =  7338.4; nmult =    499
inout (power) : iter =    487 ; odelta = 6.336435e-06 ; dt =  7352.6; nmult =    500
inout (power) : iter =    488 ; odelta = 6.260589e-06 ; dt =  7366.9; nmult =    501
inout (power) : iter =    489 ; odelta = 6.185671e-06 ; dt =  7381.1; nmult =    502
inout (power) : iter =    490 ; odelta = 6.111668e-06 ; dt =  7395.3; nmult =    503
inout (power) : iter =    491 ; odelta = 6.038566e-06 ; dt =  7409.6; nmult =    504
inout (power) : iter =    492 ; odelta = 5.966353e-06 ; dt =  7423.9; nmult =    505
inout (power) : iter =    493 ; odelta = 5.895020e-06 ; dt =  7438.1; nmult =    506
inout (power) : iter =    494 ; odelta = 5.824555e-06 ; dt =  7452.4; nmult =    507
inout (power) : iter =    495 ; odelta = 5.754964e-06 ; dt =  7466.6; nmult =    508
inout (power) : iter =    496 ; odelta = 5.686224e-06 ; dt =  7480.9; nmult =    509
inout (power) : iter =    497 ; odelta = 5.618318e-06 ; dt =  7495.1; nmult =    510
inout (power) : iter =    498 ; odelta = 5.551235e-06 ; dt =  7509.4; nmult =    511
inout (power) : iter =    499 ; odelta = 5.484969e-06 ; dt =  7523.6; nmult =    512
inout (power) : iter =    500 ; odelta = 5.419513e-06 ; dt =  7537.9; nmult =    513
inout (power) : iter =    501 ; odelta = 5.354851e-06 ; dt =  7552.1; nmult =    514
inout (power) : iter =    502 ; odelta = 5.290977e-06 ; dt =  7566.4; nmult =    515
inout (power) : iter =    503 ; odelta = 5.227883e-06 ; dt =  7580.6; nmult =    516
inout (power) : iter =    504 ; odelta = 5.165555e-06 ; dt =  7594.9; nmult =    517
inout (power) : iter =    505 ; odelta = 5.103984e-06 ; dt =  7609.7; nmult =    518
inout (power) : iter =    506 ; odelta = 5.043162e-06 ; dt =  7624.0; nmult =    519
inout (power) : iter =    507 ; odelta = 4.983078e-06 ; dt =  7638.2; nmult =    520
inout (power) : iter =    508 ; odelta = 4.923726e-06 ; dt =  7652.5; nmult =    521
inout (power) : iter =    509 ; odelta = 4.865092e-06 ; dt =  7666.7; nmult =    522
inout (power) : iter =    510 ; odelta = 4.807167e-06 ; dt =  7681.0; nmult =    523
inout (power) : iter =    511 ; odelta = 4.749949e-06 ; dt =  7695.2; nmult =    524
inout (power) : iter =    512 ; odelta = 4.693433e-06 ; dt =  7709.5; nmult =    525
inout (power) : iter =    513 ; odelta = 4.637607e-06 ; dt =  7723.7; nmult =    526
inout (power) : iter =    514 ; odelta = 4.582458e-06 ; dt =  7738.0; nmult =    527
inout (power) : iter =    515 ; odelta = 4.527976e-06 ; dt =  7752.2; nmult =    528
inout (power) : iter =    516 ; odelta = 4.474153e-06 ; dt =  7767.0; nmult =    529
inout (power) : iter =    517 ; odelta = 4.420985e-06 ; dt =  7781.2; nmult =    530
inout (power) : iter =    518 ; odelta = 4.368459e-06 ; dt =  7796.1; nmult =    531
inout (power) : iter =    519 ; odelta = 4.316572e-06 ; dt =  7810.3; nmult =    532
inout (power) : iter =    520 ; odelta = 4.265310e-06 ; dt =  7824.6; nmult =    533
inout (power) : iter =    521 ; odelta = 4.214666e-06 ; dt =  7838.8; nmult =    534
inout (power) : iter =    522 ; odelta = 4.164633e-06 ; dt =  7853.1; nmult =    535
inout (power) : iter =    523 ; odelta = 4.115202e-06 ; dt =  7867.3; nmult =    536
inout (power) : iter =    524 ; odelta = 4.066374e-06 ; dt =  7882.2; nmult =    537
inout (power) : iter =    525 ; odelta = 4.018139e-06 ; dt =  7896.5; nmult =    538
inout (power) : iter =    526 ; odelta = 3.970486e-06 ; dt =  7910.7; nmult =    539
inout (power) : iter =    527 ; odelta = 3.923407e-06 ; dt =  7925.0; nmult =    540
inout (power) : iter =    528 ; odelta = 3.876894e-06 ; dt =  7939.3; nmult =    541
inout (power) : iter =    529 ; odelta = 3.830942e-06 ; dt =  7953.5; nmult =    542
inout (power) : iter =    530 ; odelta = 3.785543e-06 ; dt =  7967.8; nmult =    543
inout (power) : iter =    531 ; odelta = 3.740692e-06 ; dt =  7982.0; nmult =    544
inout (power) : iter =    532 ; odelta = 3.696383e-06 ; dt =  7996.3; nmult =    545
inout (power) : iter =    533 ; odelta = 3.652607e-06 ; dt =  8010.6; nmult =    546
inout (power) : iter =    534 ; odelta = 3.609359e-06 ; dt =  8025.5; nmult =    547
inout (power) : iter =    535 ; odelta = 3.566632e-06 ; dt =  8039.7; nmult =    548
inout (power) : iter =    536 ; odelta = 3.524421e-06 ; dt =  8054.6; nmult =    549
inout (power) : iter =    537 ; odelta = 3.482716e-06 ; dt =  8068.9; nmult =    550
inout (power) : iter =    538 ; odelta = 3.441512e-06 ; dt =  8083.8; nmult =    551
inout (power) : iter =    539 ; odelta = 3.400801e-06 ; dt =  8098.6; nmult =    552
inout (power) : iter =    540 ; odelta = 3.360580e-06 ; dt =  8113.5; nmult =    553
inout (power) : iter =    541 ; odelta = 3.320841e-06 ; dt =  8127.7; nmult =    554
inout (power) : iter =    542 ; odelta = 3.281579e-06 ; dt =  8142.0; nmult =    555
inout (power) : iter =    543 ; odelta = 3.242789e-06 ; dt =  8156.8; nmult =    556
inout (power) : iter =    544 ; odelta = 3.204463e-06 ; dt =  8171.7; nmult =    557
inout (power) : iter =    545 ; odelta = 3.166598e-06 ; dt =  8186.0; nmult =    558
inout (power) : iter =    546 ; odelta = 3.129190e-06 ; dt =  8200.2; nmult =    559
inout (power) : iter =    547 ; odelta = 3.092236e-06 ; dt =  8215.0; nmult =    560
inout (power) : iter =    548 ; odelta = 3.055727e-06 ; dt =  8229.3; nmult =    561
inout (power) : iter =    549 ; odelta = 3.019661e-06 ; dt =  8244.1; nmult =    562
inout (power) : iter =    550 ; odelta = 2.984031e-06 ; dt =  8259.8; nmult =    563
inout (power) : iter =    551 ; odelta = 2.948831e-06 ; dt =  8274.6; nmult =    564
inout (power) : iter =    552 ; odelta = 2.914053e-06 ; dt =  8288.9; nmult =    565
inout (power) : iter =    553 ; odelta = 2.879690e-06 ; dt =  8303.7; nmult =    566
inout (power) : iter =    554 ; odelta = 2.845742e-06 ; dt =  8317.9; nmult =    567
inout (power) : iter =    555 ; odelta = 2.812199e-06 ; dt =  8332.8; nmult =    568
inout (power) : iter =    556 ; odelta = 2.779058e-06 ; dt =  8347.6; nmult =    569
inout (power) : iter =    557 ; odelta = 2.746313e-06 ; dt =  8362.5; nmult =    570
inout (power) : iter =    558 ; odelta = 2.713968e-06 ; dt =  8376.7; nmult =    571
inout (power) : iter =    559 ; odelta = 2.682010e-06 ; dt =  8391.6; nmult =    572
inout (power) : iter =    560 ; odelta = 2.650434e-06 ; dt =  8408.0; nmult =    573
inout (power) : iter =    561 ; odelta = 2.619245e-06 ; dt =  8422.3; nmult =    574
inout (power) : iter =    562 ; odelta = 2.588434e-06 ; dt =  8437.1; nmult =    575
inout (power) : iter =    563 ; odelta = 2.557992e-06 ; dt =  8451.3; nmult =    576
inout (power) : iter =    564 ; odelta = 2.527916e-06 ; dt =  8465.6; nmult =    577
inout (power) : iter =    565 ; odelta = 2.498199e-06 ; dt =  8479.8; nmult =    578
inout (power) : iter =    566 ; odelta = 2.468835e-06 ; dt =  8494.7; nmult =    579
inout (power) : iter =    567 ; odelta = 2.439821e-06 ; dt =  8508.9; nmult =    580
inout (power) : iter =    568 ; odelta = 2.411153e-06 ; dt =  8523.2; nmult =    581
inout (power) : iter =    569 ; odelta = 2.382829e-06 ; dt =  8538.0; nmult =    582
inout (power) : iter =    570 ; odelta = 2.354846e-06 ; dt =  8552.3; nmult =    583
inout (power) : iter =    571 ; odelta = 2.327197e-06 ; dt =  8566.5; nmult =    584
inout (power) : iter =    572 ; odelta = 2.299882e-06 ; dt =  8581.3; nmult =    585
inout (power) : iter =    573 ; odelta = 2.272897e-06 ; dt =  8595.5; nmult =    586
inout (power) : iter =    574 ; odelta = 2.246235e-06 ; dt =  8611.2; nmult =    587
inout (power) : iter =    575 ; odelta = 2.219892e-06 ; dt =  8626.0; nmult =    588
inout (power) : iter =    576 ; odelta = 2.193863e-06 ; dt =  8640.3; nmult =    589
inout (power) : iter =    577 ; odelta = 2.168144e-06 ; dt =  8655.1; nmult =    590
inout (power) : iter =    578 ; odelta = 2.142732e-06 ; dt =  8669.3; nmult =    591
inout (power) : iter =    579 ; odelta = 2.117624e-06 ; dt =  8685.0; nmult =    592
inout (power) : iter =    580 ; odelta = 2.092814e-06 ; dt =  8699.4; nmult =    593
inout (power) : iter =    581 ; odelta = 2.068302e-06 ; dt =  8714.2; nmult =    594
inout (power) : iter =    582 ; odelta = 2.044083e-06 ; dt =  8729.8; nmult =    595
inout (power) : iter =    583 ; odelta = 2.020153e-06 ; dt =  8744.0; nmult =    596
inout (power) : iter =    584 ; odelta = 1.996509e-06 ; dt =  8758.2; nmult =    597
inout (power) : iter =    585 ; odelta = 1.973147e-06 ; dt =  8773.1; nmult =    598
inout (power) : iter =    586 ; odelta = 1.950066e-06 ; dt =  8787.3; nmult =    599
inout (power) : iter =    587 ; odelta = 1.927262e-06 ; dt =  8802.3; nmult =    600
inout (power) : iter =    588 ; odelta = 1.904729e-06 ; dt =  8816.6; nmult =    601
inout (power) : iter =    589 ; odelta = 1.882464e-06 ; dt =  8830.8; nmult =    602
inout (power) : iter =    590 ; odelta = 1.860463e-06 ; dt =  8845.7; nmult =    603
inout (power) : iter =    591 ; odelta = 1.838721e-06 ; dt =  8860.6; nmult =    604
inout (power) : iter =    592 ; odelta = 1.817237e-06 ; dt =  8874.8; nmult =    605
inout (power) : iter =    593 ; odelta = 1.796008e-06 ; dt =  8889.7; nmult =    606
inout (power) : iter =    594 ; odelta = 1.775033e-06 ; dt =  8905.4; nmult =    607
inout (power) : iter =    595 ; odelta = 1.754306e-06 ; dt =  8919.6; nmult =    608
inout (power) : iter =    596 ; odelta = 1.733824e-06 ; dt =  8935.4; nmult =    609
inout (power) : iter =    597 ; odelta = 1.713585e-06 ; dt =  8951.2; nmult =    610
inout (power) : iter =    598 ; odelta = 1.693591e-06 ; dt =  8965.4; nmult =    611
inout (power) : iter =    599 ; odelta = 1.673834e-06 ; dt =  8979.7; nmult =    612
inout (power) : iter =    600 ; odelta = 1.654310e-06 ; dt =  8994.0; nmult =    613
inout (power) : iter =    601 ; odelta = 1.635020e-06 ; dt =  9008.2; nmult =    614
inout (power) : iter =    602 ; odelta = 1.615957e-06 ; dt =  9023.9; nmult =    615
inout (power) : iter =    603 ; odelta = 1.597122e-06 ; dt =  9038.2; nmult =    616
inout (power) : iter =    604 ; odelta = 1.578509e-06 ; dt =  9052.4; nmult =    617
inout (power) : iter =    605 ; odelta = 1.560116e-06 ; dt =  9066.6; nmult =    618
inout (power) : iter =    606 ; odelta = 1.541940e-06 ; dt =  9081.5; nmult =    619
inout (power) : iter =    607 ; odelta = 1.523978e-06 ; dt =  9096.2; nmult =    620
inout (power) : iter =    608 ; odelta = 1.506227e-06 ; dt =  9110.6; nmult =    621
inout (power) : iter =    609 ; odelta = 1.488687e-06 ; dt =  9125.4; nmult =    622
inout (power) : iter =    610 ; odelta = 1.471353e-06 ; dt =  9140.4; nmult =    623
inout (power) : iter =    611 ; odelta = 1.454223e-06 ; dt =  9155.2; nmult =    624
inout (power) : iter =    612 ; odelta = 1.437295e-06 ; dt =  9170.0; nmult =    625
inout (power) : iter =    613 ; odelta = 1.420569e-06 ; dt =  9186.3; nmult =    626
inout (power) : iter =    614 ; odelta = 1.404039e-06 ; dt =  9200.6; nmult =    627
inout (power) : iter =    615 ; odelta = 1.387703e-06 ; dt =  9216.3; nmult =    628
inout (power) : iter =    616 ; odelta = 1.371560e-06 ; dt =  9231.2; nmult =    629
inout (power) : iter =    617 ; odelta = 1.355608e-06 ; dt =  9247.1; nmult =    630
inout (power) : iter =    618 ; odelta = 1.339844e-06 ; dt =  9261.9; nmult =    631
inout (power) : iter =    619 ; odelta = 1.324266e-06 ; dt =  9277.7; nmult =    632
inout (power) : iter =    620 ; odelta = 1.308871e-06 ; dt =  9291.9; nmult =    633
inout (power) : iter =    621 ; odelta = 1.293658e-06 ; dt =  9306.2; nmult =    634
inout (power) : iter =    622 ; odelta = 1.278625e-06 ; dt =  9321.0; nmult =    635
inout (power) : iter =    623 ; odelta = 1.263769e-06 ; dt =  9335.9; nmult =    636
inout (power) : iter =    624 ; odelta = 1.249089e-06 ; dt =  9350.8; nmult =    637
inout (power) : iter =    625 ; odelta = 1.234583e-06 ; dt =  9366.4; nmult =    638
inout (power) : iter =    626 ; odelta = 1.220249e-06 ; dt =  9382.8; nmult =    639
inout (power) : iter =    627 ; odelta = 1.206083e-06 ; dt =  9397.6; nmult =    640
inout (power) : iter =    628 ; odelta = 1.192084e-06 ; dt =  9413.1; nmult =    641
inout (power) : iter =    629 ; odelta = 1.178250e-06 ; dt =  9427.4; nmult =    642
inout (power) : iter =    630 ; odelta = 1.164582e-06 ; dt =  9441.7; nmult =    643
inout (power) : iter =    631 ; odelta = 1.151074e-06 ; dt =  9455.9; nmult =    644
inout (power) : iter =    632 ; odelta = 1.137724e-06 ; dt =  9471.5; nmult =    645
inout (power) : iter =    633 ; odelta = 1.124531e-06 ; dt =  9486.3; nmult =    646
inout (power) : iter =    634 ; odelta = 1.111494e-06 ; dt =  9500.6; nmult =    647
inout (power) : iter =    635 ; odelta = 1.098609e-06 ; dt =  9514.9; nmult =    648
inout (power) : iter =    636 ; odelta = 1.085876e-06 ; dt =  9529.2; nmult =    649
inout (power) : iter =    637 ; odelta = 1.073293e-06 ; dt =  9543.4; nmult =    650
inout (power) : iter =    638 ; odelta = 1.060858e-06 ; dt =  9557.8; nmult =    651
inout (power) : iter =    639 ; odelta = 1.048567e-06 ; dt =  9572.7; nmult =    652
inout (power) : iter =    640 ; odelta = 1.036421e-06 ; dt =  9587.0; nmult =    653
inout (power) : iter =    641 ; odelta = 1.024418e-06 ; dt =  9601.2; nmult =    654
inout (power) : iter =    642 ; odelta = 1.012557e-06 ; dt =  9616.2; nmult =    655
inout (power) : iter =    643 ; odelta = 1.000834e-06 ; dt =  9630.5; nmult =    656
inout (power) : iter =    644 ; odelta = 9.892491e-07 ; dt =  9645.3; nmult =    657
inout (power) : iter =    645 ; odelta = 9.778006e-07 ; dt =  9660.2; nmult =    658
inout (power) : iter =    646 ; odelta = 9.664863e-07 ; dt =  9674.6; nmult =    659
inout (power) : iter =    647 ; odelta = 9.553049e-07 ; dt =  9688.8; nmult =    660
inout (power) : iter =    648 ; odelta = 9.442542e-07 ; dt =  9703.8; nmult =    661
inout (power) : iter =    649 ; odelta = 9.333327e-07 ; dt =  9718.7; nmult =    662
inout (power) : iter =    650 ; odelta = 9.225387e-07 ; dt =  9733.1; nmult =    663
inout (power) : iter =    651 ; odelta = 9.118711e-07 ; dt =  9747.3; nmult =    664
inout (power) : iter =    652 ; odelta = 9.013292e-07 ; dt =  9762.4; nmult =    665
inout (power) : iter =    653 ; odelta = 8.909110e-07 ; dt =  9776.6; nmult =    666
inout (power) : iter =    654 ; odelta = 8.806158e-07 ; dt =  9790.9; nmult =    667
inout (power) : iter =    655 ; odelta = 8.704417e-07 ; dt =  9805.1; nmult =    668
inout (power) : iter =    656 ; odelta = 8.603864e-07 ; dt =  9819.4; nmult =    669
inout (power) : iter =    657 ; odelta = 8.504486e-07 ; dt =  9833.7; nmult =    670
inout (power) : iter =    658 ; odelta = 8.406268e-07 ; dt =  9847.9; nmult =    671
inout (power) : iter =    659 ; odelta = 8.309197e-07 ; dt =  9862.6; nmult =    672
inout (power) : iter =    660 ; odelta = 8.213258e-07 ; dt =  9876.9; nmult =    673
inout (power) : iter =    661 ; odelta = 8.118441e-07 ; dt =  9891.1; nmult =    674
inout (power) : iter =    662 ; odelta = 8.024731e-07 ; dt =  9905.4; nmult =    675
inout (power) : iter =    663 ; odelta = 7.932113e-07 ; dt =  9919.6; nmult =    676
inout (power) : iter =    664 ; odelta = 7.840576e-07 ; dt =  9933.9; nmult =    677
inout (power) : iter =    665 ; odelta = 7.750109e-07 ; dt =  9948.2; nmult =    678
inout (power) : iter =    666 ; odelta = 7.660697e-07 ; dt =  9962.4; nmult =    679
inout (power) : iter =    667 ; odelta = 7.572327e-07 ; dt =  9976.7; nmult =    680
inout (power) : iter =    668 ; odelta = 7.484988e-07 ; dt =  9990.9; nmult =    681
inout (power) : iter =    669 ; odelta = 7.398668e-07 ; dt = 10005.2; nmult =    682
inout (power) : iter =    670 ; odelta = 7.313354e-07 ; dt = 10019.5; nmult =    683
inout (power) : iter =    671 ; odelta = 7.229035e-07 ; dt = 10033.7; nmult =    684
inout (power) : iter =    672 ; odelta = 7.145698e-07 ; dt = 10048.0; nmult =    685
inout (power) : iter =    673 ; odelta = 7.063330e-07 ; dt = 10062.2; nmult =    686
inout (power) : iter =    674 ; odelta = 6.981921e-07 ; dt = 10076.5; nmult =    687
inout (power) : iter =    675 ; odelta = 6.901461e-07 ; dt = 10090.7; nmult =    688
inout (power) : iter =    676 ; odelta = 6.821939e-07 ; dt = 10105.0; nmult =    689
inout (power) : iter =    677 ; odelta = 6.743345e-07 ; dt = 10119.2; nmult =    690
inout (power) : iter =    678 ; odelta = 6.665667e-07 ; dt = 10133.5; nmult =    691
inout (power) : iter =    679 ; odelta = 6.588901e-07 ; dt = 10147.7; nmult =    692
inout (power) : iter =    680 ; odelta = 6.513032e-07 ; dt = 10162.0; nmult =    693
inout (power) : iter =    681 ; odelta = 6.438050e-07 ; dt = 10176.3; nmult =    694
inout (power) : iter =    682 ; odelta = 6.363946e-07 ; dt = 10190.5; nmult =    695
inout (power) : iter =    683 ; odelta = 6.290704e-07 ; dt = 10204.8; nmult =    696
inout (power) : iter =    684 ; odelta = 6.218313e-07 ; dt = 10219.0; nmult =    697
inout (power) : iter =    685 ; odelta = 6.146764e-07 ; dt = 10233.8; nmult =    698
inout (power) : iter =    686 ; odelta = 6.076049e-07 ; dt = 10248.1; nmult =    699
inout (power) : iter =    687 ; odelta = 6.006159e-07 ; dt = 10262.4; nmult =    700
inout (power) : iter =    688 ; odelta = 5.937094e-07 ; dt = 10276.6; nmult =    701
inout (power) : iter =    689 ; odelta = 5.868839e-07 ; dt = 10290.9; nmult =    702
inout (power) : iter =    690 ; odelta = 5.801380e-07 ; dt = 10305.2; nmult =    703
inout (power) : iter =    691 ; odelta = 5.734708e-07 ; dt = 10319.4; nmult =    704
inout (power) : iter =    692 ; odelta = 5.668819e-07 ; dt = 10334.3; nmult =    705
inout (power) : iter =    693 ; odelta = 5.603696e-07 ; dt = 10348.5; nmult =    706
inout (power) : iter =    694 ; odelta = 5.539331e-07 ; dt = 10363.4; nmult =    707
inout (power) : iter =    695 ; odelta = 5.475713e-07 ; dt = 10377.7; nmult =    708
inout (power) : iter =    696 ; odelta = 5.412833e-07 ; dt = 10393.2; nmult =    709
inout (power) : iter =    697 ; odelta = 5.350682e-07 ; dt = 10407.5; nmult =    710
inout (power) : iter =    698 ; odelta = 5.289252e-07 ; dt = 10421.8; nmult =    711
inout (power) : iter =    699 ; odelta = 5.228534e-07 ; dt = 10436.1; nmult =    712
inout (power) : iter =    700 ; odelta = 5.168522e-07 ; dt = 10450.4; nmult =    713
inout (power) : iter =    701 ; odelta = 5.109207e-07 ; dt = 10464.6; nmult =    714
inout (power) : iter =    702 ; odelta = 5.050580e-07 ; dt = 10478.9; nmult =    715
inout (power) : iter =    703 ; odelta = 4.992636e-07 ; dt = 10493.1; nmult =    716
inout (power) : iter =    704 ; odelta = 4.935372e-07 ; dt = 10507.4; nmult =    717
inout (power) : iter =    705 ; odelta = 4.878770e-07 ; dt = 10521.7; nmult =    718
inout (power) : iter =    706 ; odelta = 4.822823e-07 ; dt = 10536.0; nmult =    719
inout (power) : iter =    707 ; odelta = 4.767524e-07 ; dt = 10550.2; nmult =    720
inout (power) : iter =    708 ; odelta = 4.712863e-07 ; dt = 10564.5; nmult =    721
inout (power) : iter =    709 ; odelta = 4.658836e-07 ; dt = 10578.8; nmult =    722
inout (power) : iter =    710 ; odelta = 4.605436e-07 ; dt = 10593.1; nmult =    723
inout (power) : iter =    711 ; odelta = 4.552653e-07 ; dt = 10607.3; nmult =    724
inout (power) : iter =    712 ; odelta = 4.500481e-07 ; dt = 10621.6; nmult =    725
inout (power) : iter =    713 ; odelta = 4.448918e-07 ; dt = 10635.8; nmult =    726
inout (power) : iter =    714 ; odelta = 4.397955e-07 ; dt = 10650.1; nmult =    727
inout (power) : iter =    715 ; odelta = 4.347582e-07 ; dt = 10664.9; nmult =    728
inout (power) : iter =    716 ; odelta = 4.297789e-07 ; dt = 10679.2; nmult =    729
inout (power) : iter =    717 ; odelta = 4.248575e-07 ; dt = 10693.5; nmult =    730
inout (power) : iter =    718 ; odelta = 4.199930e-07 ; dt = 10708.3; nmult =    731
inout (power) : iter =    719 ; odelta = 4.151847e-07 ; dt = 10723.2; nmult =    732
inout (power) : iter =    720 ; odelta = 4.104321e-07 ; dt = 10737.5; nmult =    733
inout (power) : iter =    721 ; odelta = 4.057344e-07 ; dt = 10751.7; nmult =    734
inout (power) : iter =    722 ; odelta = 4.010909e-07 ; dt = 10766.7; nmult =    735
inout (power) : iter =    723 ; odelta = 3.965012e-07 ; dt = 10780.9; nmult =    736
inout (power) : iter =    724 ; odelta = 3.919646e-07 ; dt = 10795.2; nmult =    737
inout (power) : iter =    725 ; odelta = 3.874806e-07 ; dt = 10810.0; nmult =    738
inout (power) : iter =    726 ; odelta = 3.830484e-07 ; dt = 10824.9; nmult =    739
inout (power) : iter =    727 ; odelta = 3.786674e-07 ; dt = 10839.2; nmult =    740
inout (power) : iter =    728 ; odelta = 3.743371e-07 ; dt = 10853.5; nmult =    741
inout (power) : iter =    729 ; odelta = 3.700568e-07 ; dt = 10867.8; nmult =    742
inout (power) : iter =    730 ; odelta = 3.658258e-07 ; dt = 10882.0; nmult =    743
inout (power) : iter =    731 ; odelta = 3.616438e-07 ; dt = 10896.3; nmult =    744
inout (power) : iter =    732 ; odelta = 3.575100e-07 ; dt = 10910.6; nmult =    745
inout (power) : iter =    733 ; odelta = 3.534239e-07 ; dt = 10924.8; nmult =    746
inout (power) : iter =    734 ; odelta = 3.493849e-07 ; dt = 10939.1; nmult =    747
inout (power) : iter =    735 ; odelta = 3.453925e-07 ; dt = 10953.3; nmult =    748
inout (power) : iter =    736 ; odelta = 3.414462e-07 ; dt = 10968.2; nmult =    749
inout (power) : iter =    737 ; odelta = 3.375454e-07 ; dt = 10982.4; nmult =    750
inout (power) : iter =    738 ; odelta = 3.336896e-07 ; dt = 10996.7; nmult =    751
inout (power) : iter =    739 ; odelta = 3.298784e-07 ; dt = 11010.9; nmult =    752
inout (power) : iter =    740 ; odelta = 3.261114e-07 ; dt = 11025.2; nmult =    753
inout (power) : iter =    741 ; odelta = 3.223878e-07 ; dt = 11039.4; nmult =    754
inout (power) : iter =    742 ; odelta = 3.187071e-07 ; dt = 11053.7; nmult =    755
inout (power) : iter =    743 ; odelta = 3.150689e-07 ; dt = 11068.0; nmult =    756
inout (power) : iter =    744 ; odelta = 3.114730e-07 ; dt = 11082.2; nmult =    757
inout (power) : iter =    745 ; odelta = 3.079185e-07 ; dt = 11097.1; nmult =    758
inout (power) : iter =    746 ; odelta = 3.044050e-07 ; dt = 11111.9; nmult =    759
inout (power) : iter =    747 ; odelta = 3.009319e-07 ; dt = 11126.2; nmult =    760
inout (power) : iter =    748 ; odelta = 2.974989e-07 ; dt = 11140.4; nmult =    761
inout (power) : iter =    749 ; odelta = 2.941055e-07 ; dt = 11154.7; nmult =    762
inout (power) : iter =    750 ; odelta = 2.907510e-07 ; dt = 11169.0; nmult =    763
inout (power) : iter =    751 ; odelta = 2.874352e-07 ; dt = 11183.2; nmult =    764
inout (power) : iter =    752 ; odelta = 2.841575e-07 ; dt = 11198.9; nmult =    765
inout (power) : iter =    753 ; odelta = 2.809178e-07 ; dt = 11213.1; nmult =    766
inout (power) : iter =    754 ; odelta = 2.777156e-07 ; dt = 11227.4; nmult =    767
inout (power) : iter =    755 ; odelta = 2.745501e-07 ; dt = 11242.5; nmult =    768
inout (power) : iter =    756 ; odelta = 2.714212e-07 ; dt = 11256.8; nmult =    769
inout (power) : iter =    757 ; odelta = 2.683284e-07 ; dt = 11271.6; nmult =    770
inout (power) : iter =    758 ; odelta = 2.652712e-07 ; dt = 11286.0; nmult =    771
inout (power) : iter =    759 ; odelta = 2.622491e-07 ; dt = 11300.2; nmult =    772
inout (power) : iter =    760 ; odelta = 2.592619e-07 ; dt = 11315.1; nmult =    773
inout (power) : iter =    761 ; odelta = 2.563093e-07 ; dt = 11329.3; nmult =    774
inout (power) : iter =    762 ; odelta = 2.533908e-07 ; dt = 11343.6; nmult =    775
inout (power) : iter =    763 ; odelta = 2.505058e-07 ; dt = 11357.8; nmult =    776
inout (power) : iter =    764 ; odelta = 2.476540e-07 ; dt = 11372.2; nmult =    777
inout (power) : iter =    765 ; odelta = 2.448350e-07 ; dt = 11386.4; nmult =    778
inout (power) : iter =    766 ; odelta = 2.420483e-07 ; dt = 11400.7; nmult =    779
inout (power) : iter =    767 ; odelta = 2.392937e-07 ; dt = 11416.2; nmult =    780
inout (power) : iter =    768 ; odelta = 2.365708e-07 ; dt = 11430.5; nmult =    781
inout (power) : iter =    769 ; odelta = 2.338792e-07 ; dt = 11444.8; nmult =    782
inout (power) : iter =    770 ; odelta = 2.312185e-07 ; dt = 11459.1; nmult =    783
inout (power) : iter =    771 ; odelta = 2.285885e-07 ; dt = 11473.3; nmult =    784
inout (power) : iter =    772 ; odelta = 2.259888e-07 ; dt = 11489.0; nmult =    785
inout (power) : iter =    773 ; odelta = 2.234188e-07 ; dt = 11503.3; nmult =    786
inout (power) : iter =    774 ; odelta = 2.208783e-07 ; dt = 11518.2; nmult =    787
inout (power) : iter =    775 ; odelta = 2.183671e-07 ; dt = 11533.0; nmult =    788
inout (power) : iter =    776 ; odelta = 2.158847e-07 ; dt = 11547.3; nmult =    789
inout (power) : iter =    777 ; odelta = 2.134309e-07 ; dt = 11561.6; nmult =    790
inout (power) : iter =    778 ; odelta = 2.110051e-07 ; dt = 11577.4; nmult =    791
inout (power) : iter =    779 ; odelta = 2.086072e-07 ; dt = 11591.7; nmult =    792
inout (power) : iter =    780 ; odelta = 2.062368e-07 ; dt = 11606.0; nmult =    793
inout (power) : iter =    781 ; odelta = 2.038935e-07 ; dt = 11620.3; nmult =    794
inout (power) : iter =    782 ; odelta = 2.015772e-07 ; dt = 11634.6; nmult =    795
inout (power) : iter =    783 ; odelta = 1.992874e-07 ; dt = 11650.9; nmult =    796
inout (power) : iter =    784 ; odelta = 1.970239e-07 ; dt = 11665.2; nmult =    797
inout (power) : iter =    785 ; odelta = 1.947865e-07 ; dt = 11680.7; nmult =    798
inout (power) : iter =    786 ; odelta = 1.925749e-07 ; dt = 11695.1; nmult =    799
inout (power) : iter =    787 ; odelta = 1.903889e-07 ; dt = 11710.0; nmult =    800
inout (power) : iter =    788 ; odelta = 1.882281e-07 ; dt = 11724.3; nmult =    801
inout (power) : iter =    789 ; odelta = 1.860921e-07 ; dt = 11738.5; nmult =    802
inout (power) : iter =    790 ; odelta = 1.839807e-07 ; dt = 11753.4; nmult =    803
inout (power) : iter =    791 ; odelta = 1.818935e-07 ; dt = 11768.2; nmult =    804
inout (power) : iter =    792 ; odelta = 1.798302e-07 ; dt = 11783.1; nmult =    805
inout (power) : iter =    793 ; odelta = 1.777905e-07 ; dt = 11797.4; nmult =    806
inout (power) : iter =    794 ; odelta = 1.757742e-07 ; dt = 11811.6; nmult =    807
inout (power) : iter =    795 ; odelta = 1.737810e-07 ; dt = 11825.9; nmult =    808
inout (power) : iter =    796 ; odelta = 1.718106e-07 ; dt = 11840.7; nmult =    809
inout (power) : iter =    797 ; odelta = 1.698629e-07 ; dt = 11855.5; nmult =    810
inout (power) : iter =    798 ; odelta = 1.679376e-07 ; dt = 11870.4; nmult =    811
inout (power) : iter =    799 ; odelta = 1.660343e-07 ; dt = 11884.7; nmult =    812
inout (power) : iter =    800 ; odelta = 1.641527e-07 ; dt = 11898.9; nmult =    813
inout (power) : iter =    801 ; odelta = 1.622927e-07 ; dt = 11913.1; nmult =    814
inout (power) : iter =    802 ; odelta = 1.604540e-07 ; dt = 11928.9; nmult =    815
inout (power) : iter =    803 ; odelta = 1.586362e-07 ; dt = 11943.7; nmult =    816
inout (power) : iter =    804 ; odelta = 1.568391e-07 ; dt = 11959.2; nmult =    817
inout (power) : iter =    805 ; odelta = 1.550626e-07 ; dt = 11973.6; nmult =    818
inout (power) : iter =    806 ; odelta = 1.533063e-07 ; dt = 11987.8; nmult =    819
inout (power) : iter =    807 ; odelta = 1.515700e-07 ; dt = 12002.1; nmult =    820
inout (power) : iter =    808 ; odelta = 1.498536e-07 ; dt = 12016.4; nmult =    821
inout (power) : iter =    809 ; odelta = 1.481568e-07 ; dt = 12030.7; nmult =    822
inout (power) : iter =    810 ; odelta = 1.464794e-07 ; dt = 12045.0; nmult =    823
inout (power) : iter =    811 ; odelta = 1.448212e-07 ; dt = 12059.3; nmult =    824
inout (power) : iter =    812 ; odelta = 1.431819e-07 ; dt = 12073.7; nmult =    825
inout (power) : iter =    813 ; odelta = 1.415613e-07 ; dt = 12088.6; nmult =    826
inout (power) : iter =    814 ; odelta = 1.399591e-07 ; dt = 12102.9; nmult =    827
inout (power) : iter =    815 ; odelta = 1.383752e-07 ; dt = 12117.7; nmult =    828
inout (power) : iter =    816 ; odelta = 1.368094e-07 ; dt = 12133.2; nmult =    829
inout (power) : iter =    817 ; odelta = 1.352615e-07 ; dt = 12147.5; nmult =    830
inout (power) : iter =    818 ; odelta = 1.337312e-07 ; dt = 12162.4; nmult =    831
inout (power) : iter =    819 ; odelta = 1.322186e-07 ; dt = 12177.6; nmult =    832
inout (power) : iter =    820 ; odelta = 1.307233e-07 ; dt = 12193.2; nmult =    833
inout (power) : iter =    821 ; odelta = 1.292451e-07 ; dt = 12208.0; nmult =    834
inout (power) : iter =    822 ; odelta = 1.277837e-07 ; dt = 12222.3; nmult =    835
inout (power) : iter =    823 ; odelta = 1.263391e-07 ; dt = 12236.5; nmult =    836
inout (power) : iter =    824 ; odelta = 1.249109e-07 ; dt = 12252.3; nmult =    837
inout (power) : iter =    825 ; odelta = 1.234990e-07 ; dt = 12267.1; nmult =    838
inout (power) : iter =    826 ; odelta = 1.221032e-07 ; dt = 12281.4; nmult =    839
inout (power) : iter =    827 ; odelta = 1.207233e-07 ; dt = 12296.2; nmult =    840
inout (power) : iter =    828 ; odelta = 1.193591e-07 ; dt = 12311.1; nmult =    841
inout (power) : iter =    829 ; odelta = 1.180104e-07 ; dt = 12325.3; nmult =    842
inout (power) : iter =    830 ; odelta = 1.166771e-07 ; dt = 12339.6; nmult =    843
inout (power) : iter =    831 ; odelta = 1.153590e-07 ; dt = 12355.3; nmult =    844
inout (power) : iter =    832 ; odelta = 1.140558e-07 ; dt = 12370.2; nmult =    845
inout (power) : iter =    833 ; odelta = 1.127675e-07 ; dt = 12384.5; nmult =    846
inout (power) : iter =    834 ; odelta = 1.114939e-07 ; dt = 12400.2; nmult =    847
inout (power) : iter =    835 ; odelta = 1.102348e-07 ; dt = 12416.6; nmult =    848
inout (power) : iter =    836 ; odelta = 1.089901e-07 ; dt = 12430.9; nmult =    849
inout (power) : iter =    837 ; odelta = 1.077594e-07 ; dt = 12445.9; nmult =    850
inout (power) : iter =    838 ; odelta = 1.065428e-07 ; dt = 12460.1; nmult =    851
inout (power) : iter =    839 ; odelta = 1.053400e-07 ; dt = 12475.1; nmult =    852
inout (power) : iter =    840 ; odelta = 1.041509e-07 ; dt = 12490.1; nmult =    853
inout (power) : iter =    841 ; odelta = 1.029753e-07 ; dt = 12505.1; nmult =    854
inout (power) : iter =    842 ; odelta = 1.018130e-07 ; dt = 12520.0; nmult =    855
inout (power) : iter =    843 ; odelta = 1.006640e-07 ; dt = 12537.0; nmult =    856
inout (power) : iter =    844 ; odelta = 9.952797e-08 ; dt = 12551.4; nmult =    857
inout(b=0.5000,it=1.000000e-02) : solved pagerank(a=0.9900) in   857 mults to 1.000000e-07 tol
output norm: 1.0000000000000000e+00
