Parameters: 
   graphfile = /var/tmp/dgleich/data/uk-2007-05-trans
      output = none
         alg = inout
       alpha = 0.99
         tol = 1e-07
       maxit = 10000

nodes = 105896555
edges = -556233648
inout(0.9900,0.5000,1.000000e-02) with tol=1.000000e-07 and maxit= 10000 iterations
inout (outer) : iter =      1 ; odelta = 3.231655e-01 ; dt =   117.0; nmult =      5
inout (outer) : iter =      2 ; odelta = 1.041092e-01 ; dt =   191.0; nmult =      8
inout (outer) : iter =      3 ; odelta = 5.433345e-02 ; dt =   264.3; nmult =     11
inout (outer) : iter =      4 ; odelta = 3.912968e-02 ; dt =   312.6; nmult =     13
inout (outer) : iter =      5 ; odelta = 3.140146e-02 ; dt =   361.5; nmult =     15
inout (outer) : iter =      6 ; odelta = 2.641067e-02 ; dt =   409.9; nmult =     17
inout (outer) : iter =      7 ; odelta = 2.282093e-02 ; dt =   458.1; nmult =     19
inout (outer) : iter =      8 ; odelta = 2.010470e-02 ; dt =   507.0; nmult =     21
inout (outer) : iter =      9 ; odelta = 1.861312e-02 ; dt =   533.0; nmult =     22
inout (power) : iter =     10 ; odelta = 1.731864e-02 ; dt =   557.9; nmult =     23
inout (power) : iter =     11 ; odelta = 1.618287e-02 ; dt =   580.4; nmult =     24
inout (power) : iter =     12 ; odelta = 1.517587e-02 ; dt =   603.0; nmult =     25
inout (power) : iter =     13 ; odelta = 1.427510e-02 ; dt =   626.2; nmult =     26
inout (power) : iter =     14 ; odelta = 1.346802e-02 ; dt =   650.0; nmult =     27
inout (power) : iter =     15 ; odelta = 1.273917e-02 ; dt =   673.9; nmult =     28
inout (power) : iter =     16 ; odelta = 1.207738e-02 ; dt =   695.7; nmult =     29
inout (power) : iter =     17 ; odelta = 1.147335e-02 ; dt =   717.6; nmult =     30
inout (power) : iter =     18 ; odelta = 1.091895e-02 ; dt =   741.5; nmult =     31
inout (power) : iter =     19 ; odelta = 1.040988e-02 ; dt =   763.4; nmult =     32
inout (power) : iter =     20 ; odelta = 9.940991e-03 ; dt =   786.0; nmult =     33
inout (power) : iter =     21 ; odelta = 9.506419e-03 ; dt =   809.2; nmult =     34
inout (power) : iter =     22 ; odelta = 9.103228e-03 ; dt =   831.8; nmult =     35
inout (power) : iter =     23 ; odelta = 8.725988e-03 ; dt =   853.8; nmult =     36
inout (power) : iter =     24 ; odelta = 8.374381e-03 ; dt =   875.7; nmult =     37
inout (power) : iter =     25 ; odelta = 8.044702e-03 ; dt =   898.3; nmult =     38
inout (power) : iter =     26 ; odelta = 7.734915e-03 ; dt =   921.0; nmult =     39
inout (power) : iter =     27 ; odelta = 7.443541e-03 ; dt =   945.4; nmult =     40
inout (power) : iter =     28 ; odelta = 7.168054e-03 ; dt =   968.0; nmult =     41
inout (power) : iter =     29 ; odelta = 6.909153e-03 ; dt =   992.5; nmult =     42
inout (power) : iter =     30 ; odelta = 6.664840e-03 ; dt =  1015.9; nmult =     43
inout (power) : iter =     31 ; odelta = 6.433713e-03 ; dt =  1038.7; nmult =     44
inout (power) : iter =     32 ; odelta = 6.215233e-03 ; dt =  1061.9; nmult =     45
inout (power) : iter =     33 ; odelta = 6.007541e-03 ; dt =  1085.3; nmult =     46
inout (power) : iter =     34 ; odelta = 5.811390e-03 ; dt =  1107.7; nmult =     47
inout (power) : iter =     35 ; odelta = 5.625124e-03 ; dt =  1132.4; nmult =     48
inout (power) : iter =     36 ; odelta = 5.447596e-03 ; dt =  1155.5; nmult =     49
inout (power) : iter =     37 ; odelta = 5.278519e-03 ; dt =  1179.4; nmult =     50
inout (power) : iter =     38 ; odelta = 5.116446e-03 ; dt =  1202.5; nmult =     51
inout (power) : iter =     39 ; odelta = 4.961834e-03 ; dt =  1227.1; nmult =     52
inout (power) : iter =     40 ; odelta = 4.813739e-03 ; dt =  1251.0; nmult =     53
inout (power) : iter =     41 ; odelta = 4.671656e-03 ; dt =  1274.1; nmult =     54
inout (power) : iter =     42 ; odelta = 4.535767e-03 ; dt =  1298.0; nmult =     55
inout (power) : iter =     43 ; odelta = 4.405738e-03 ; dt =  1321.5; nmult =     56
inout (power) : iter =     44 ; odelta = 4.281099e-03 ; dt =  1343.5; nmult =     57
inout (power) : iter =     45 ; odelta = 4.161463e-03 ; dt =  1366.8; nmult =     58
inout (power) : iter =     46 ; odelta = 4.046828e-03 ; dt =  1390.7; nmult =     59
inout (power) : iter =     47 ; odelta = 3.936916e-03 ; dt =  1415.4; nmult =     60
inout (power) : iter =     48 ; odelta = 3.831682e-03 ; dt =  1439.4; nmult =     61
inout (power) : iter =     49 ; odelta = 3.730677e-03 ; dt =  1461.4; nmult =     62
inout (power) : iter =     50 ; odelta = 3.633480e-03 ; dt =  1482.6; nmult =     63
inout (power) : iter =     51 ; odelta = 3.540089e-03 ; dt =  1503.8; nmult =     64
inout (power) : iter =     52 ; odelta = 3.450034e-03 ; dt =  1525.0; nmult =     65
inout (power) : iter =     53 ; odelta = 3.363371e-03 ; dt =  1546.4; nmult =     66
inout (power) : iter =     54 ; odelta = 3.279678e-03 ; dt =  1567.4; nmult =     67
inout (power) : iter =     55 ; odelta = 3.198800e-03 ; dt =  1588.6; nmult =     68
inout (power) : iter =     56 ; odelta = 3.120692e-03 ; dt =  1609.7; nmult =     69
inout (power) : iter =     57 ; odelta = 3.044961e-03 ; dt =  1630.9; nmult =     70
inout (power) : iter =     58 ; odelta = 2.971831e-03 ; dt =  1652.2; nmult =     71
inout (power) : iter =     59 ; odelta = 2.901047e-03 ; dt =  1673.3; nmult =     72
inout (power) : iter =     60 ; odelta = 2.832501e-03 ; dt =  1694.4; nmult =     73
inout (power) : iter =     61 ; odelta = 2.766178e-03 ; dt =  1715.6; nmult =     74
inout (power) : iter =     62 ; odelta = 2.701730e-03 ; dt =  1736.7; nmult =     75
inout (power) : iter =     63 ; odelta = 2.639418e-03 ; dt =  1757.7; nmult =     76
inout (power) : iter =     64 ; odelta = 2.579051e-03 ; dt =  1779.6; nmult =     77
inout (power) : iter =     65 ; odelta = 2.520502e-03 ; dt =  1800.8; nmult =     78
inout (power) : iter =     66 ; odelta = 2.463741e-03 ; dt =  1821.9; nmult =     79
inout (power) : iter =     67 ; odelta = 2.408465e-03 ; dt =  1843.0; nmult =     80
inout (power) : iter =     68 ; odelta = 2.354942e-03 ; dt =  1864.1; nmult =     81
inout (power) : iter =     69 ; odelta = 2.302919e-03 ; dt =  1885.4; nmult =     82
inout (power) : iter =     70 ; odelta = 2.252356e-03 ; dt =  1907.3; nmult =     83
inout (power) : iter =     71 ; odelta = 2.203298e-03 ; dt =  1930.0; nmult =     84
inout (power) : iter =     72 ; odelta = 2.155483e-03 ; dt =  1951.8; nmult =     85
inout (power) : iter =     73 ; odelta = 2.109159e-03 ; dt =  1972.9; nmult =     86
inout (power) : iter =     74 ; odelta = 2.064106e-03 ; dt =  1994.1; nmult =     87
inout (power) : iter =     75 ; odelta = 2.020281e-03 ; dt =  2016.3; nmult =     88
inout (power) : iter =     76 ; odelta = 1.977674e-03 ; dt =  2038.3; nmult =     89
inout (power) : iter =     77 ; odelta = 1.936052e-03 ; dt =  2060.3; nmult =     90
inout (power) : iter =     78 ; odelta = 1.895620e-03 ; dt =  2082.9; nmult =     91
inout (power) : iter =     79 ; odelta = 1.856225e-03 ; dt =  2105.7; nmult =     92
inout (power) : iter =     80 ; odelta = 1.817841e-03 ; dt =  2126.7; nmult =     93
inout (power) : iter =     81 ; odelta = 1.780441e-03 ; dt =  2148.6; nmult =     94
inout (power) : iter =     82 ; odelta = 1.743988e-03 ; dt =  2170.6; nmult =     95
inout (power) : iter =     83 ; odelta = 1.708478e-03 ; dt =  2192.6; nmult =     96
inout (power) : iter =     84 ; odelta = 1.673878e-03 ; dt =  2214.4; nmult =     97
inout (power) : iter =     85 ; odelta = 1.640199e-03 ; dt =  2237.1; nmult =     98
inout (power) : iter =     86 ; odelta = 1.607365e-03 ; dt =  2260.2; nmult =     99
inout (power) : iter =     87 ; odelta = 1.575378e-03 ; dt =  2284.0; nmult =    100
inout (power) : iter =     88 ; odelta = 1.544214e-03 ; dt =  2305.1; nmult =    101
inout (power) : iter =     89 ; odelta = 1.513815e-03 ; dt =  2327.6; nmult =    102
inout (power) : iter =     90 ; odelta = 1.484168e-03 ; dt =  2349.4; nmult =    103
inout (power) : iter =     91 ; odelta = 1.455204e-03 ; dt =  2372.1; nmult =    104
inout (power) : iter =     92 ; odelta = 1.426977e-03 ; dt =  2394.0; nmult =    105
inout (power) : iter =     93 ; odelta = 1.399436e-03 ; dt =  2417.1; nmult =    106
inout (power) : iter =     94 ; odelta = 1.372556e-03 ; dt =  2439.7; nmult =    107
inout (power) : iter =     95 ; odelta = 1.346341e-03 ; dt =  2462.9; nmult =    108
inout (power) : iter =     96 ; odelta = 1.320718e-03 ; dt =  2485.5; nmult =    109
inout (power) : iter =     97 ; odelta = 1.295742e-03 ; dt =  2508.7; nmult =    110
inout (power) : iter =     98 ; odelta = 1.271345e-03 ; dt =  2529.9; nmult =    111
inout (power) : iter =     99 ; odelta = 1.247506e-03 ; dt =  2551.0; nmult =    112
inout (power) : iter =    100 ; odelta = 1.224220e-03 ; dt =  2572.8; nmult =    113
inout (power) : iter =    101 ; odelta = 1.201472e-03 ; dt =  2596.0; nmult =    114
inout (power) : iter =    102 ; odelta = 1.179258e-03 ; dt =  2618.6; nmult =    115
inout (power) : iter =    103 ; odelta = 1.157584e-03 ; dt =  2640.8; nmult =    116
inout (power) : iter =    104 ; odelta = 1.136417e-03 ; dt =  2662.7; nmult =    117
inout (power) : iter =    105 ; odelta = 1.115876e-03 ; dt =  2685.4; nmult =    118
inout (power) : iter =    106 ; odelta = 1.095927e-03 ; dt =  2707.3; nmult =    119
inout (power) : iter =    107 ; odelta = 1.076472e-03 ; dt =  2729.9; nmult =    120
inout (power) : iter =    108 ; odelta = 1.057453e-03 ; dt =  2753.0; nmult =    121
inout (power) : iter =    109 ; odelta = 1.038846e-03 ; dt =  2775.7; nmult =    122
inout (power) : iter =    110 ; odelta = 1.020629e-03 ; dt =  2798.8; nmult =    123
inout (power) : iter =    111 ; odelta = 1.002791e-03 ; dt =  2822.1; nmult =    124
inout (power) : iter =    112 ; odelta = 9.853324e-04 ; dt =  2844.6; nmult =    125
inout (power) : iter =    113 ; odelta = 9.682531e-04 ; dt =  2867.2; nmult =    126
inout (power) : iter =    114 ; odelta = 9.515355e-04 ; dt =  2889.8; nmult =    127
inout (power) : iter =    115 ; odelta = 9.351667e-04 ; dt =  2910.9; nmult =    128
inout (power) : iter =    116 ; odelta = 9.191349e-04 ; dt =  2934.0; nmult =    129
inout (power) : iter =    117 ; odelta = 9.034592e-04 ; dt =  2956.6; nmult =    130
inout (power) : iter =    118 ; odelta = 8.881270e-04 ; dt =  2979.7; nmult =    131
inout (power) : iter =    119 ; odelta = 8.731138e-04 ; dt =  3002.8; nmult =    132
inout (power) : iter =    120 ; odelta = 8.583983e-04 ; dt =  3026.2; nmult =    133
inout (power) : iter =    121 ; odelta = 8.439704e-04 ; dt =  3049.5; nmult =    134
inout (power) : iter =    122 ; odelta = 8.298226e-04 ; dt =  3072.8; nmult =    135
inout (power) : iter =    123 ; odelta = 8.159474e-04 ; dt =  3096.8; nmult =    136
inout (power) : iter =    124 ; odelta = 8.023409e-04 ; dt =  3119.9; nmult =    137
inout (power) : iter =    125 ; odelta = 7.890008e-04 ; dt =  3143.1; nmult =    138
inout (power) : iter =    126 ; odelta = 7.759306e-04 ; dt =  3166.9; nmult =    139
inout (power) : iter =    127 ; odelta = 7.631226e-04 ; dt =  3189.6; nmult =    140
inout (power) : iter =    128 ; odelta = 7.505830e-04 ; dt =  3212.2; nmult =    141
inout (power) : iter =    129 ; odelta = 7.382923e-04 ; dt =  3234.7; nmult =    142
inout (power) : iter =    130 ; odelta = 7.262370e-04 ; dt =  3257.3; nmult =    143
inout (power) : iter =    131 ; odelta = 7.144147e-04 ; dt =  3280.4; nmult =    144
inout (power) : iter =    132 ; odelta = 7.028171e-04 ; dt =  3304.2; nmult =    145
inout (power) : iter =    133 ; odelta = 6.914414e-04 ; dt =  3326.9; nmult =    146
inout (power) : iter =    134 ; odelta = 6.802833e-04 ; dt =  3350.8; nmult =    147
inout (power) : iter =    135 ; odelta = 6.693355e-04 ; dt =  3374.1; nmult =    148
inout (power) : iter =    136 ; odelta = 6.585899e-04 ; dt =  3395.2; nmult =    149
inout (power) : iter =    137 ; odelta = 6.480440e-04 ; dt =  3417.8; nmult =    150
inout (power) : iter =    138 ; odelta = 6.376897e-04 ; dt =  3440.3; nmult =    151
inout (power) : iter =    139 ; odelta = 6.275211e-04 ; dt =  3463.5; nmult =    152
inout (power) : iter =    140 ; odelta = 6.175388e-04 ; dt =  3487.3; nmult =    153
inout (power) : iter =    141 ; odelta = 6.077382e-04 ; dt =  3509.1; nmult =    154
inout (power) : iter =    142 ; odelta = 5.981271e-04 ; dt =  3531.8; nmult =    155
inout (power) : iter =    143 ; odelta = 5.886951e-04 ; dt =  3555.8; nmult =    156
inout (power) : iter =    144 ; odelta = 5.794354e-04 ; dt =  3579.6; nmult =    157
inout (power) : iter =    145 ; odelta = 5.703407e-04 ; dt =  3602.8; nmult =    158
inout (power) : iter =    146 ; odelta = 5.614077e-04 ; dt =  3625.3; nmult =    159
inout (power) : iter =    147 ; odelta = 5.526339e-04 ; dt =  3648.5; nmult =    160
inout (power) : iter =    148 ; odelta = 5.440167e-04 ; dt =  3672.3; nmult =    161
inout (power) : iter =    149 ; odelta = 5.355543e-04 ; dt =  3694.2; nmult =    162
inout (power) : iter =    150 ; odelta = 5.272408e-04 ; dt =  3716.1; nmult =    163
inout (power) : iter =    151 ; odelta = 5.190723e-04 ; dt =  3739.3; nmult =    164
inout (power) : iter =    152 ; odelta = 5.110472e-04 ; dt =  3761.3; nmult =    165
inout (power) : iter =    153 ; odelta = 5.031620e-04 ; dt =  3784.6; nmult =    166
inout (power) : iter =    154 ; odelta = 4.954157e-04 ; dt =  3806.5; nmult =    167
inout (power) : iter =    155 ; odelta = 4.878061e-04 ; dt =  3830.4; nmult =    168
inout (power) : iter =    156 ; odelta = 4.803353e-04 ; dt =  3852.2; nmult =    169
inout (power) : iter =    157 ; odelta = 4.729961e-04 ; dt =  3874.1; nmult =    170
inout (power) : iter =    158 ; odelta = 4.657838e-04 ; dt =  3898.0; nmult =    171
inout (power) : iter =    159 ; odelta = 4.586967e-04 ; dt =  3920.7; nmult =    172
inout (power) : iter =    160 ; odelta = 4.517339e-04 ; dt =  3943.9; nmult =    173
inout (power) : iter =    161 ; odelta = 4.448941e-04 ; dt =  3967.8; nmult =    174
inout (power) : iter =    162 ; odelta = 4.381804e-04 ; dt =  3990.4; nmult =    175
inout (power) : iter =    163 ; odelta = 4.315832e-04 ; dt =  4013.6; nmult =    176
inout (power) : iter =    164 ; odelta = 4.250981e-04 ; dt =  4036.7; nmult =    177
inout (power) : iter =    165 ; odelta = 4.187211e-04 ; dt =  4059.3; nmult =    178
inout (power) : iter =    166 ; odelta = 4.124489e-04 ; dt =  4083.3; nmult =    179
inout (power) : iter =    167 ; odelta = 4.062809e-04 ; dt =  4105.2; nmult =    180
inout (power) : iter =    168 ; odelta = 4.002159e-04 ; dt =  4129.2; nmult =    181
inout (power) : iter =    169 ; odelta = 3.942518e-04 ; dt =  4152.6; nmult =    182
inout (power) : iter =    170 ; odelta = 3.883878e-04 ; dt =  4176.6; nmult =    183
inout (power) : iter =    171 ; odelta = 3.826224e-04 ; dt =  4198.6; nmult =    184
inout (power) : iter =    172 ; odelta = 3.769525e-04 ; dt =  4219.7; nmult =    185
inout (power) : iter =    173 ; odelta = 3.713776e-04 ; dt =  4241.1; nmult =    186
inout (power) : iter =    174 ; odelta = 3.659017e-04 ; dt =  4262.1; nmult =    187
inout (power) : iter =    175 ; odelta = 3.605173e-04 ; dt =  4283.3; nmult =    188
inout (power) : iter =    176 ; odelta = 3.552245e-04 ; dt =  4304.6; nmult =    189
inout (power) : iter =    177 ; odelta = 3.500183e-04 ; dt =  4325.6; nmult =    190
inout (power) : iter =    178 ; odelta = 3.448971e-04 ; dt =  4346.8; nmult =    191
inout (power) : iter =    179 ; odelta = 3.398587e-04 ; dt =  4367.9; nmult =    192
inout (power) : iter =    180 ; odelta = 3.349013e-04 ; dt =  4389.0; nmult =    193
inout (power) : iter =    181 ; odelta = 3.300248e-04 ; dt =  4410.1; nmult =    194
inout (power) : iter =    182 ; odelta = 3.252258e-04 ; dt =  4431.3; nmult =    195
inout (power) : iter =    183 ; odelta = 3.205032e-04 ; dt =  4452.5; nmult =    196
inout (power) : iter =    184 ; odelta = 3.158551e-04 ; dt =  4473.7; nmult =    197
inout (power) : iter =    185 ; odelta = 3.112806e-04 ; dt =  4494.9; nmult =    198
inout (power) : iter =    186 ; odelta = 3.067784e-04 ; dt =  4515.9; nmult =    199
inout (power) : iter =    187 ; odelta = 3.023469e-04 ; dt =  4537.1; nmult =    200
inout (power) : iter =    188 ; odelta = 2.979852e-04 ; dt =  4558.4; nmult =    201
inout (power) : iter =    189 ; odelta = 2.936918e-04 ; dt =  4580.4; nmult =    202
inout (power) : iter =    190 ; odelta = 2.894656e-04 ; dt =  4601.6; nmult =    203
inout (power) : iter =    191 ; odelta = 2.853063e-04 ; dt =  4622.8; nmult =    204
inout (power) : iter =    192 ; odelta = 2.812131e-04 ; dt =  4643.8; nmult =    205
inout (power) : iter =    193 ; odelta = 2.771842e-04 ; dt =  4665.0; nmult =    206
inout (power) : iter =    194 ; odelta = 2.732181e-04 ; dt =  4687.5; nmult =    207
inout (power) : iter =    195 ; odelta = 2.693150e-04 ; dt =  4709.3; nmult =    208
inout (power) : iter =    196 ; odelta = 2.654763e-04 ; dt =  4731.2; nmult =    209
inout (power) : iter =    197 ; odelta = 2.617016e-04 ; dt =  4753.0; nmult =    210
inout (power) : iter =    198 ; odelta = 2.579862e-04 ; dt =  4774.9; nmult =    211
inout (power) : iter =    199 ; odelta = 2.543282e-04 ; dt =  4796.8; nmult =    212
inout (power) : iter =    200 ; odelta = 2.507262e-04 ; dt =  4819.4; nmult =    213
inout (power) : iter =    201 ; odelta = 2.471795e-04 ; dt =  4841.3; nmult =    214
inout (power) : iter =    202 ; odelta = 2.436871e-04 ; dt =  4862.3; nmult =    215
inout (power) : iter =    203 ; odelta = 2.402480e-04 ; dt =  4883.5; nmult =    216
inout (power) : iter =    204 ; odelta = 2.368611e-04 ; dt =  4906.0; nmult =    217
inout (power) : iter =    205 ; odelta = 2.335251e-04 ; dt =  4927.8; nmult =    218
inout (power) : iter =    206 ; odelta = 2.302394e-04 ; dt =  4949.6; nmult =    219
inout (power) : iter =    207 ; odelta = 2.270044e-04 ; dt =  4971.5; nmult =    220
inout (power) : iter =    208 ; odelta = 2.238186e-04 ; dt =  4993.3; nmult =    221
inout (power) : iter =    209 ; odelta = 2.206810e-04 ; dt =  5015.9; nmult =    222
inout (power) : iter =    210 ; odelta = 2.175906e-04 ; dt =  5037.8; nmult =    223
inout (power) : iter =    211 ; odelta = 2.145476e-04 ; dt =  5060.9; nmult =    224
inout (power) : iter =    212 ; odelta = 2.115515e-04 ; dt =  5083.5; nmult =    225
inout (power) : iter =    213 ; odelta = 2.086008e-04 ; dt =  5106.6; nmult =    226
inout (power) : iter =    214 ; odelta = 2.056952e-04 ; dt =  5128.5; nmult =    227
inout (power) : iter =    215 ; odelta = 2.028343e-04 ; dt =  5150.3; nmult =    228
inout (power) : iter =    216 ; odelta = 2.000162e-04 ; dt =  5173.4; nmult =    229
inout (power) : iter =    217 ; odelta = 1.972402e-04 ; dt =  5197.2; nmult =    230
inout (power) : iter =    218 ; odelta = 1.945061e-04 ; dt =  5219.8; nmult =    231
inout (power) : iter =    219 ; odelta = 1.918133e-04 ; dt =  5242.9; nmult =    232
inout (power) : iter =    220 ; odelta = 1.891613e-04 ; dt =  5265.9; nmult =    233
inout (power) : iter =    221 ; odelta = 1.865487e-04 ; dt =  5289.7; nmult =    234
inout (power) : iter =    222 ; odelta = 1.839747e-04 ; dt =  5312.3; nmult =    235
inout (power) : iter =    223 ; odelta = 1.814385e-04 ; dt =  5335.5; nmult =    236
inout (power) : iter =    224 ; odelta = 1.789398e-04 ; dt =  5357.3; nmult =    237
inout (power) : iter =    225 ; odelta = 1.764780e-04 ; dt =  5379.2; nmult =    238
inout (power) : iter =    226 ; odelta = 1.740527e-04 ; dt =  5401.8; nmult =    239
inout (power) : iter =    227 ; odelta = 1.716638e-04 ; dt =  5423.9; nmult =    240
inout (power) : iter =    228 ; odelta = 1.693102e-04 ; dt =  5446.5; nmult =    241
inout (power) : iter =    229 ; odelta = 1.669910e-04 ; dt =  5468.4; nmult =    242
inout (power) : iter =    230 ; odelta = 1.647057e-04 ; dt =  5491.5; nmult =    243
inout (power) : iter =    231 ; odelta = 1.624537e-04 ; dt =  5513.3; nmult =    244
inout (power) : iter =    232 ; odelta = 1.602352e-04 ; dt =  5535.2; nmult =    245
inout (power) : iter =    233 ; odelta = 1.580493e-04 ; dt =  5558.3; nmult =    246
inout (power) : iter =    234 ; odelta = 1.558955e-04 ; dt =  5580.9; nmult =    247
inout (power) : iter =    235 ; odelta = 1.537733e-04 ; dt =  5604.3; nmult =    248
inout (power) : iter =    236 ; odelta = 1.516822e-04 ; dt =  5625.4; nmult =    249
inout (power) : iter =    237 ; odelta = 1.496215e-04 ; dt =  5648.5; nmult =    250
inout (power) : iter =    238 ; odelta = 1.475906e-04 ; dt =  5671.6; nmult =    251
inout (power) : iter =    239 ; odelta = 1.455892e-04 ; dt =  5694.9; nmult =    252
inout (power) : iter =    240 ; odelta = 1.436177e-04 ; dt =  5717.3; nmult =    253
inout (power) : iter =    241 ; odelta = 1.416763e-04 ; dt =  5741.1; nmult =    254
inout (power) : iter =    242 ; odelta = 1.397646e-04 ; dt =  5763.7; nmult =    255
inout (power) : iter =    243 ; odelta = 1.378816e-04 ; dt =  5785.7; nmult =    256
inout (power) : iter =    244 ; odelta = 1.360262e-04 ; dt =  5808.8; nmult =    257
inout (power) : iter =    245 ; odelta = 1.341977e-04 ; dt =  5832.7; nmult =    258
inout (power) : iter =    246 ; odelta = 1.323956e-04 ; dt =  5855.2; nmult =    259
inout (power) : iter =    247 ; odelta = 1.306194e-04 ; dt =  5878.4; nmult =    260
inout (power) : iter =    248 ; odelta = 1.288691e-04 ; dt =  5901.5; nmult =    261
inout (power) : iter =    249 ; odelta = 1.271443e-04 ; dt =  5925.2; nmult =    262
inout (power) : iter =    250 ; odelta = 1.254439e-04 ; dt =  5947.8; nmult =    263
inout (power) : iter =    251 ; odelta = 1.237676e-04 ; dt =  5971.1; nmult =    264
inout (power) : iter =    252 ; odelta = 1.221148e-04 ; dt =  5994.9; nmult =    265
inout (power) : iter =    253 ; odelta = 1.204852e-04 ; dt =  6017.5; nmult =    266
inout (power) : iter =    254 ; odelta = 1.188785e-04 ; dt =  6040.6; nmult =    267
inout (power) : iter =    255 ; odelta = 1.172948e-04 ; dt =  6063.9; nmult =    268
inout (power) : iter =    256 ; odelta = 1.157334e-04 ; dt =  6086.4; nmult =    269
inout (power) : iter =    257 ; odelta = 1.141943e-04 ; dt =  6109.0; nmult =    270
inout (power) : iter =    258 ; odelta = 1.126768e-04 ; dt =  6132.1; nmult =    271
inout (power) : iter =    259 ; odelta = 1.111808e-04 ; dt =  6154.1; nmult =    272
inout (power) : iter =    260 ; odelta = 1.097062e-04 ; dt =  6175.3; nmult =    273
inout (power) : iter =    261 ; odelta = 1.082522e-04 ; dt =  6197.1; nmult =    274
inout (power) : iter =    262 ; odelta = 1.068188e-04 ; dt =  6220.3; nmult =    275
inout (power) : iter =    263 ; odelta = 1.054054e-04 ; dt =  6245.5; nmult =    276
inout (power) : iter =    264 ; odelta = 1.040120e-04 ; dt =  6268.6; nmult =    277
inout (power) : iter =    265 ; odelta = 1.026384e-04 ; dt =  6289.8; nmult =    278
inout (power) : iter =    266 ; odelta = 1.012838e-04 ; dt =  6314.4; nmult =    279
inout (power) : iter =    267 ; odelta = 9.994800e-05 ; dt =  6337.7; nmult =    280
inout (power) : iter =    268 ; odelta = 9.863060e-05 ; dt =  6360.9; nmult =    281
inout (power) : iter =    269 ; odelta = 9.733152e-05 ; dt =  6382.7; nmult =    282
inout (power) : iter =    270 ; odelta = 9.605030e-05 ; dt =  6405.3; nmult =    283
inout (power) : iter =    271 ; odelta = 9.478682e-05 ; dt =  6429.3; nmult =    284
inout (power) : iter =    272 ; odelta = 9.354119e-05 ; dt =  6452.5; nmult =    285
inout (power) : iter =    273 ; odelta = 9.231275e-05 ; dt =  6475.2; nmult =    286
inout (power) : iter =    274 ; odelta = 9.110115e-05 ; dt =  6498.3; nmult =    287
inout (power) : iter =    275 ; odelta = 8.990610e-05 ; dt =  6520.1; nmult =    288
inout (power) : iter =    276 ; odelta = 8.872741e-05 ; dt =  6543.2; nmult =    289
inout (power) : iter =    277 ; odelta = 8.756500e-05 ; dt =  6564.9; nmult =    290
inout (power) : iter =    278 ; odelta = 8.641880e-05 ; dt =  6588.8; nmult =    291
inout (power) : iter =    279 ; odelta = 8.528864e-05 ; dt =  6612.7; nmult =    292
inout (power) : iter =    280 ; odelta = 8.417408e-05 ; dt =  6634.6; nmult =    293
inout (power) : iter =    281 ; odelta = 8.307484e-05 ; dt =  6658.0; nmult =    294
inout (power) : iter =    282 ; odelta = 8.199065e-05 ; dt =  6681.2; nmult =    295
inout (power) : iter =    283 ; odelta = 8.092147e-05 ; dt =  6703.1; nmult =    296
inout (power) : iter =    284 ; odelta = 7.986720e-05 ; dt =  6724.9; nmult =    297
inout (power) : iter =    285 ; odelta = 7.882747e-05 ; dt =  6748.8; nmult =    298
inout (power) : iter =    286 ; odelta = 7.780217e-05 ; dt =  6772.3; nmult =    299
inout (power) : iter =    287 ; odelta = 7.679092e-05 ; dt =  6796.9; nmult =    300
inout (power) : iter =    288 ; odelta = 7.579375e-05 ; dt =  6819.6; nmult =    301
inout (power) : iter =    289 ; odelta = 7.481031e-05 ; dt =  6842.3; nmult =    302
inout (power) : iter =    290 ; odelta = 7.384021e-05 ; dt =  6864.3; nmult =    303
inout (power) : iter =    291 ; odelta = 7.288330e-05 ; dt =  6887.7; nmult =    304
inout (power) : iter =    292 ; odelta = 7.193942e-05 ; dt =  6912.3; nmult =    305
inout (power) : iter =    293 ; odelta = 7.100824e-05 ; dt =  6935.0; nmult =    306
inout (power) : iter =    294 ; odelta = 7.008955e-05 ; dt =  6956.3; nmult =    307
inout (power) : iter =    295 ; odelta = 6.918327e-05 ; dt =  6977.6; nmult =    308
inout (power) : iter =    296 ; odelta = 6.828938e-05 ; dt =  6998.7; nmult =    309
inout (power) : iter =    297 ; odelta = 6.740760e-05 ; dt =  7019.9; nmult =    310
inout (power) : iter =    298 ; odelta = 6.653779e-05 ; dt =  7041.0; nmult =    311
inout (power) : iter =    299 ; odelta = 6.567965e-05 ; dt =  7062.1; nmult =    312
inout (power) : iter =    300 ; odelta = 6.483296e-05 ; dt =  7083.2; nmult =    313
inout (power) : iter =    301 ; odelta = 6.399764e-05 ; dt =  7104.4; nmult =    314
inout (power) : iter =    302 ; odelta = 6.317354e-05 ; dt =  7125.5; nmult =    315
inout (power) : iter =    303 ; odelta = 6.236051e-05 ; dt =  7146.7; nmult =    316
inout (power) : iter =    304 ; odelta = 6.155838e-05 ; dt =  7167.9; nmult =    317
inout (power) : iter =    305 ; odelta = 6.076699e-05 ; dt =  7189.2; nmult =    318
inout (power) : iter =    306 ; odelta = 5.998614e-05 ; dt =  7210.4; nmult =    319
inout (power) : iter =    307 ; odelta = 5.921583e-05 ; dt =  7231.4; nmult =    320
inout (power) : iter =    308 ; odelta = 5.845608e-05 ; dt =  7252.5; nmult =    321
inout (power) : iter =    309 ; odelta = 5.770656e-05 ; dt =  7273.7; nmult =    322
inout (power) : iter =    310 ; odelta = 5.696706e-05 ; dt =  7294.7; nmult =    323
inout (power) : iter =    311 ; odelta = 5.623764e-05 ; dt =  7316.6; nmult =    324
inout (power) : iter =    312 ; odelta = 5.551788e-05 ; dt =  7337.9; nmult =    325
inout (power) : iter =    313 ; odelta = 5.480768e-05 ; dt =  7359.1; nmult =    326
inout (power) : iter =    314 ; odelta = 5.410699e-05 ; dt =  7380.3; nmult =    327
inout (power) : iter =    315 ; odelta = 5.341562e-05 ; dt =  7402.2; nmult =    328
inout (power) : iter =    316 ; odelta = 5.273344e-05 ; dt =  7424.0; nmult =    329
inout (power) : iter =    317 ; odelta = 5.206036e-05 ; dt =  7445.9; nmult =    330
inout (power) : iter =    318 ; odelta = 5.139639e-05 ; dt =  7467.0; nmult =    331
inout (power) : iter =    319 ; odelta = 5.074138e-05 ; dt =  7488.2; nmult =    332
inout (power) : iter =    320 ; odelta = 5.009509e-05 ; dt =  7509.3; nmult =    333
inout (power) : iter =    321 ; odelta = 4.945744e-05 ; dt =  7530.5; nmult =    334
inout (power) : iter =    322 ; odelta = 4.882826e-05 ; dt =  7551.6; nmult =    335
inout (power) : iter =    323 ; odelta = 4.820749e-05 ; dt =  7574.7; nmult =    336
inout (power) : iter =    324 ; odelta = 4.759489e-05 ; dt =  7596.5; nmult =    337
inout (power) : iter =    325 ; odelta = 4.699030e-05 ; dt =  7618.4; nmult =    338
inout (power) : iter =    326 ; odelta = 4.639362e-05 ; dt =  7640.2; nmult =    339
inout (power) : iter =    327 ; odelta = 4.580475e-05 ; dt =  7662.1; nmult =    340
inout (power) : iter =    328 ; odelta = 4.522361e-05 ; dt =  7683.9; nmult =    341
inout (power) : iter =    329 ; odelta = 4.465011e-05 ; dt =  7705.1; nmult =    342
inout (power) : iter =    330 ; odelta = 4.408415e-05 ; dt =  7727.1; nmult =    343
inout (power) : iter =    331 ; odelta = 4.352559e-05 ; dt =  7749.9; nmult =    344
inout (power) : iter =    332 ; odelta = 4.297431e-05 ; dt =  7771.8; nmult =    345
inout (power) : iter =    333 ; odelta = 4.243032e-05 ; dt =  7794.3; nmult =    346
inout (power) : iter =    334 ; odelta = 4.189353e-05 ; dt =  7818.1; nmult =    347
inout (power) : iter =    335 ; odelta = 4.136375e-05 ; dt =  7840.0; nmult =    348
inout (power) : iter =    336 ; odelta = 4.084087e-05 ; dt =  7861.8; nmult =    349
inout (power) : iter =    337 ; odelta = 4.032479e-05 ; dt =  7884.1; nmult =    350
inout (power) : iter =    338 ; odelta = 3.981543e-05 ; dt =  7905.2; nmult =    351
inout (power) : iter =    339 ; odelta = 3.931271e-05 ; dt =  7928.4; nmult =    352
inout (power) : iter =    340 ; odelta = 3.881660e-05 ; dt =  7951.0; nmult =    353
inout (power) : iter =    341 ; odelta = 3.832697e-05 ; dt =  7973.8; nmult =    354
inout (power) : iter =    342 ; odelta = 3.784372e-05 ; dt =  7996.9; nmult =    355
inout (power) : iter =    343 ; odelta = 3.736678e-05 ; dt =  8019.6; nmult =    356
inout (power) : iter =    344 ; odelta = 3.689612e-05 ; dt =  8042.2; nmult =    357
inout (power) : iter =    345 ; odelta = 3.643156e-05 ; dt =  8066.2; nmult =    358
inout (power) : iter =    346 ; odelta = 3.597305e-05 ; dt =  8087.3; nmult =    359
inout (power) : iter =    347 ; odelta = 3.552045e-05 ; dt =  8109.2; nmult =    360
inout (power) : iter =    348 ; odelta = 3.507371e-05 ; dt =  8131.9; nmult =    361
inout (power) : iter =    349 ; odelta = 3.463279e-05 ; dt =  8155.1; nmult =    362
inout (power) : iter =    350 ; odelta = 3.419758e-05 ; dt =  8179.0; nmult =    363
inout (power) : iter =    351 ; odelta = 3.376810e-05 ; dt =  8202.9; nmult =    364
inout (power) : iter =    352 ; odelta = 3.334424e-05 ; dt =  8224.8; nmult =    365
inout (power) : iter =    353 ; odelta = 3.292592e-05 ; dt =  8247.4; nmult =    366
inout (power) : iter =    354 ; odelta = 3.251311e-05 ; dt =  8270.5; nmult =    367
inout (power) : iter =    355 ; odelta = 3.210568e-05 ; dt =  8293.2; nmult =    368
inout (power) : iter =    356 ; odelta = 3.170350e-05 ; dt =  8316.3; nmult =    369
inout (power) : iter =    357 ; odelta = 3.130652e-05 ; dt =  8338.2; nmult =    370
inout (power) : iter =    358 ; odelta = 3.091466e-05 ; dt =  8360.8; nmult =    371
inout (power) : iter =    359 ; odelta = 3.052801e-05 ; dt =  8383.5; nmult =    372
inout (power) : iter =    360 ; odelta = 3.014632e-05 ; dt =  8405.3; nmult =    373
inout (power) : iter =    361 ; odelta = 2.976956e-05 ; dt =  8427.9; nmult =    374
inout (power) : iter =    362 ; odelta = 2.939765e-05 ; dt =  8451.7; nmult =    375
inout (power) : iter =    363 ; odelta = 2.903056e-05 ; dt =  8474.3; nmult =    376
inout (power) : iter =    364 ; odelta = 2.866822e-05 ; dt =  8497.4; nmult =    377
inout (power) : iter =    365 ; odelta = 2.831055e-05 ; dt =  8521.2; nmult =    378
inout (power) : iter =    366 ; odelta = 2.795753e-05 ; dt =  8543.8; nmult =    379
inout (power) : iter =    367 ; odelta = 2.760907e-05 ; dt =  8566.5; nmult =    380
inout (power) : iter =    368 ; odelta = 2.726509e-05 ; dt =  8588.9; nmult =    381
inout (power) : iter =    369 ; odelta = 2.692552e-05 ; dt =  8611.5; nmult =    382
inout (power) : iter =    370 ; odelta = 2.659034e-05 ; dt =  8634.6; nmult =    383
inout (power) : iter =    371 ; odelta = 2.625947e-05 ; dt =  8659.4; nmult =    384
inout (power) : iter =    372 ; odelta = 2.593283e-05 ; dt =  8681.2; nmult =    385
inout (power) : iter =    373 ; odelta = 2.561041e-05 ; dt =  8704.4; nmult =    386
inout (power) : iter =    374 ; odelta = 2.529235e-05 ; dt =  8728.1; nmult =    387
inout (power) : iter =    375 ; odelta = 2.497836e-05 ; dt =  8750.8; nmult =    388
inout (power) : iter =    376 ; odelta = 2.466841e-05 ; dt =  8773.9; nmult =    389
inout (power) : iter =    377 ; odelta = 2.436246e-05 ; dt =  8797.0; nmult =    390
inout (power) : iter =    378 ; odelta = 2.406045e-05 ; dt =  8819.6; nmult =    391
inout (power) : iter =    379 ; odelta = 2.376231e-05 ; dt =  8842.7; nmult =    392
inout (power) : iter =    380 ; odelta = 2.346800e-05 ; dt =  8866.0; nmult =    393
inout (power) : iter =    381 ; odelta = 2.317748e-05 ; dt =  8889.4; nmult =    394
inout (power) : iter =    382 ; odelta = 2.289069e-05 ; dt =  8912.0; nmult =    395
inout (power) : iter =    383 ; odelta = 2.260755e-05 ; dt =  8935.1; nmult =    396
inout (power) : iter =    384 ; odelta = 2.232804e-05 ; dt =  8957.7; nmult =    397
inout (power) : iter =    385 ; odelta = 2.205205e-05 ; dt =  8980.9; nmult =    398
inout (power) : iter =    386 ; odelta = 2.177955e-05 ; dt =  9002.7; nmult =    399
inout (power) : iter =    387 ; odelta = 2.151049e-05 ; dt =  9026.6; nmult =    400
inout (power) : iter =    388 ; odelta = 2.124485e-05 ; dt =  9049.7; nmult =    401
inout (power) : iter =    389 ; odelta = 2.098257e-05 ; dt =  9073.5; nmult =    402
inout (power) : iter =    390 ; odelta = 2.072363e-05 ; dt =  9096.6; nmult =    403
inout (power) : iter =    391 ; odelta = 2.046796e-05 ; dt =  9120.4; nmult =    404
inout (power) : iter =    392 ; odelta = 2.021553e-05 ; dt =  9145.9; nmult =    405
inout (power) : iter =    393 ; odelta = 1.996627e-05 ; dt =  9167.6; nmult =    406
inout (power) : iter =    394 ; odelta = 1.972017e-05 ; dt =  9190.9; nmult =    407
inout (power) : iter =    395 ; odelta = 1.947721e-05 ; dt =  9214.1; nmult =    408
inout (power) : iter =    396 ; odelta = 1.923736e-05 ; dt =  9237.8; nmult =    409
inout (power) : iter =    397 ; odelta = 1.900059e-05 ; dt =  9261.0; nmult =    410
inout (power) : iter =    398 ; odelta = 1.876681e-05 ; dt =  9284.7; nmult =    411
inout (power) : iter =    399 ; odelta = 1.853596e-05 ; dt =  9309.4; nmult =    412
inout (power) : iter =    400 ; odelta = 1.830801e-05 ; dt =  9333.3; nmult =    413
inout (power) : iter =    401 ; odelta = 1.808293e-05 ; dt =  9357.3; nmult =    414
inout (power) : iter =    402 ; odelta = 1.786069e-05 ; dt =  9382.0; nmult =    415
inout (power) : iter =    403 ; odelta = 1.764125e-05 ; dt =  9404.7; nmult =    416
inout (power) : iter =    404 ; odelta = 1.742458e-05 ; dt =  9428.7; nmult =    417
inout (power) : iter =    405 ; odelta = 1.721076e-05 ; dt =  9452.1; nmult =    418
inout (power) : iter =    406 ; odelta = 1.699972e-05 ; dt =  9476.0; nmult =    419
inout (power) : iter =    407 ; odelta = 1.679135e-05 ; dt =  9500.7; nmult =    420
inout (power) : iter =    408 ; odelta = 1.658561e-05 ; dt =  9523.9; nmult =    421
inout (power) : iter =    409 ; odelta = 1.638244e-05 ; dt =  9546.6; nmult =    422
inout (power) : iter =    410 ; odelta = 1.618182e-05 ; dt =  9569.0; nmult =    423
inout (power) : iter =    411 ; odelta = 1.598371e-05 ; dt =  9593.6; nmult =    424
inout (power) : iter =    412 ; odelta = 1.578808e-05 ; dt =  9617.5; nmult =    425
inout (power) : iter =    413 ; odelta = 1.559490e-05 ; dt =  9642.2; nmult =    426
inout (power) : iter =    414 ; odelta = 1.540415e-05 ; dt =  9664.2; nmult =    427
inout (power) : iter =    415 ; odelta = 1.521582e-05 ; dt =  9685.5; nmult =    428
inout (power) : iter =    416 ; odelta = 1.502988e-05 ; dt =  9706.6; nmult =    429
inout (power) : iter =    417 ; odelta = 1.484630e-05 ; dt =  9727.7; nmult =    430
inout (power) : iter =    418 ; odelta = 1.466505e-05 ; dt =  9748.9; nmult =    431
inout (power) : iter =    419 ; odelta = 1.448609e-05 ; dt =  9770.1; nmult =    432
inout (power) : iter =    420 ; odelta = 1.430938e-05 ; dt =  9791.1; nmult =    433
inout (power) : iter =    421 ; odelta = 1.413487e-05 ; dt =  9812.3; nmult =    434
inout (power) : iter =    422 ; odelta = 1.396254e-05 ; dt =  9833.4; nmult =    435
inout (power) : iter =    423 ; odelta = 1.379238e-05 ; dt =  9854.5; nmult =    436
inout (power) : iter =    424 ; odelta = 1.362434e-05 ; dt =  9875.7; nmult =    437
inout (power) : iter =    425 ; odelta = 1.345838e-05 ; dt =  9897.0; nmult =    438
inout (power) : iter =    426 ; odelta = 1.329449e-05 ; dt =  9918.0; nmult =    439
inout (power) : iter =    427 ; odelta = 1.313263e-05 ; dt =  9939.3; nmult =    440
inout (power) : iter =    428 ; odelta = 1.297277e-05 ; dt =  9960.5; nmult =    441
inout (power) : iter =    429 ; odelta = 1.281492e-05 ; dt =  9981.9; nmult =    442
inout (power) : iter =    430 ; odelta = 1.265907e-05 ; dt = 10003.0; nmult =    443
inout (power) : iter =    431 ; odelta = 1.250516e-05 ; dt = 10024.1; nmult =    444
inout (power) : iter =    432 ; odelta = 1.235316e-05 ; dt = 10045.2; nmult =    445
inout (power) : iter =    433 ; odelta = 1.220305e-05 ; dt = 10066.5; nmult =    446
inout (power) : iter =    434 ; odelta = 1.205480e-05 ; dt = 10087.5; nmult =    447
inout (power) : iter =    435 ; odelta = 1.190839e-05 ; dt = 10109.4; nmult =    448
inout (power) : iter =    436 ; odelta = 1.176379e-05 ; dt = 10131.2; nmult =    449
inout (power) : iter =    437 ; odelta = 1.162098e-05 ; dt = 10152.5; nmult =    450
inout (power) : iter =    438 ; odelta = 1.147995e-05 ; dt = 10173.6; nmult =    451
inout (power) : iter =    439 ; odelta = 1.134065e-05 ; dt = 10194.6; nmult =    452
inout (power) : iter =    440 ; odelta = 1.120308e-05 ; dt = 10215.8; nmult =    453
inout (power) : iter =    441 ; odelta = 1.106723e-05 ; dt = 10237.1; nmult =    454
inout (power) : iter =    442 ; odelta = 1.093306e-05 ; dt = 10258.1; nmult =    455
inout (power) : iter =    443 ; odelta = 1.080055e-05 ; dt = 10280.7; nmult =    456
inout (power) : iter =    444 ; odelta = 1.066967e-05 ; dt = 10303.8; nmult =    457
inout (power) : iter =    445 ; odelta = 1.054041e-05 ; dt = 10325.7; nmult =    458
inout (power) : iter =    446 ; odelta = 1.041275e-05 ; dt = 10348.0; nmult =    459
inout (power) : iter =    447 ; odelta = 1.028665e-05 ; dt = 10369.1; nmult =    460
inout (power) : iter =    448 ; odelta = 1.016212e-05 ; dt = 10391.7; nmult =    461
inout (power) : iter =    449 ; odelta = 1.003911e-05 ; dt = 10414.9; nmult =    462
inout (power) : iter =    450 ; odelta = 9.917635e-06 ; dt = 10438.1; nmult =    463
inout (power) : iter =    451 ; odelta = 9.797654e-06 ; dt = 10460.0; nmult =    464
inout (power) : iter =    452 ; odelta = 9.679152e-06 ; dt = 10481.8; nmult =    465
inout (power) : iter =    453 ; odelta = 9.562110e-06 ; dt = 10504.4; nmult =    466
inout (power) : iter =    454 ; odelta = 9.446521e-06 ; dt = 10525.4; nmult =    467
inout (power) : iter =    455 ; odelta = 9.332372e-06 ; dt = 10547.3; nmult =    468
inout (power) : iter =    456 ; odelta = 9.219634e-06 ; dt = 10569.1; nmult =    469
inout (power) : iter =    457 ; odelta = 9.108285e-06 ; dt = 10593.0; nmult =    470
inout (power) : iter =    458 ; odelta = 8.998308e-06 ; dt = 10614.8; nmult =    471
inout (power) : iter =    459 ; odelta = 8.889697e-06 ; dt = 10636.6; nmult =    472
inout (power) : iter =    460 ; odelta = 8.782425e-06 ; dt = 10659.3; nmult =    473
inout (power) : iter =    461 ; odelta = 8.676478e-06 ; dt = 10682.4; nmult =    474
inout (power) : iter =    462 ; odelta = 8.571841e-06 ; dt = 10704.2; nmult =    475
inout (power) : iter =    463 ; odelta = 8.468496e-06 ; dt = 10726.9; nmult =    476
inout (power) : iter =    464 ; odelta = 8.366430e-06 ; dt = 10748.7; nmult =    477
inout (power) : iter =    465 ; odelta = 8.265629e-06 ; dt = 10771.9; nmult =    478
inout (power) : iter =    466 ; odelta = 8.166066e-06 ; dt = 10793.7; nmult =    479
inout (power) : iter =    467 ; odelta = 8.067723e-06 ; dt = 10816.3; nmult =    480
inout (power) : iter =    468 ; odelta = 7.970591e-06 ; dt = 10838.2; nmult =    481
inout (power) : iter =    469 ; odelta = 7.874680e-06 ; dt = 10859.4; nmult =    482
inout (power) : iter =    470 ; odelta = 7.779969e-06 ; dt = 10882.6; nmult =    483
inout (power) : iter =    471 ; odelta = 7.686422e-06 ; dt = 10905.1; nmult =    484
inout (power) : iter =    472 ; odelta = 7.594023e-06 ; dt = 10927.8; nmult =    485
inout (power) : iter =    473 ; odelta = 7.502754e-06 ; dt = 10950.4; nmult =    486
inout (power) : iter =    474 ; odelta = 7.412601e-06 ; dt = 10973.8; nmult =    487
inout (power) : iter =    475 ; odelta = 7.323551e-06 ; dt = 10996.3; nmult =    488
inout (power) : iter =    476 ; odelta = 7.235592e-06 ; dt = 11018.9; nmult =    489
inout (power) : iter =    477 ; odelta = 7.148708e-06 ; dt = 11041.4; nmult =    490
inout (power) : iter =    478 ; odelta = 7.062887e-06 ; dt = 11064.5; nmult =    491
inout (power) : iter =    479 ; odelta = 6.978121e-06 ; dt = 11087.0; nmult =    492
inout (power) : iter =    480 ; odelta = 6.894391e-06 ; dt = 11108.8; nmult =    493
inout (power) : iter =    481 ; odelta = 6.811682e-06 ; dt = 11131.5; nmult =    494
inout (power) : iter =    482 ; odelta = 6.729996e-06 ; dt = 11154.1; nmult =    495
inout (power) : iter =    483 ; odelta = 6.649335e-06 ; dt = 11176.5; nmult =    496
inout (power) : iter =    484 ; odelta = 6.569667e-06 ; dt = 11199.1; nmult =    497
inout (power) : iter =    485 ; odelta = 6.490968e-06 ; dt = 11221.1; nmult =    498
inout (power) : iter =    486 ; odelta = 6.413227e-06 ; dt = 11243.8; nmult =    499
inout (power) : iter =    487 ; odelta = 6.336435e-06 ; dt = 11267.8; nmult =    500
inout (power) : iter =    488 ; odelta = 6.260589e-06 ; dt = 11290.3; nmult =    501
inout (power) : iter =    489 ; odelta = 6.185671e-06 ; dt = 11313.6; nmult =    502
inout (power) : iter =    490 ; odelta = 6.111668e-06 ; dt = 11335.5; nmult =    503
inout (power) : iter =    491 ; odelta = 6.038566e-06 ; dt = 11357.4; nmult =    504
inout (power) : iter =    492 ; odelta = 5.966353e-06 ; dt = 11380.0; nmult =    505
inout (power) : iter =    493 ; odelta = 5.895020e-06 ; dt = 11402.8; nmult =    506
inout (power) : iter =    494 ; odelta = 5.824555e-06 ; dt = 11425.9; nmult =    507
inout (power) : iter =    495 ; odelta = 5.754964e-06 ; dt = 11449.1; nmult =    508
inout (power) : iter =    496 ; odelta = 5.686224e-06 ; dt = 11472.8; nmult =    509
inout (power) : iter =    497 ; odelta = 5.618318e-06 ; dt = 11496.3; nmult =    510
inout (power) : iter =    498 ; odelta = 5.551235e-06 ; dt = 11518.7; nmult =    511
inout (power) : iter =    499 ; odelta = 5.484969e-06 ; dt = 11542.6; nmult =    512
inout (power) : iter =    500 ; odelta = 5.419513e-06 ; dt = 11565.2; nmult =    513
inout (power) : iter =    501 ; odelta = 5.354851e-06 ; dt = 11588.3; nmult =    514
inout (power) : iter =    502 ; odelta = 5.290977e-06 ; dt = 11610.9; nmult =    515
inout (power) : iter =    503 ; odelta = 5.227883e-06 ; dt = 11634.1; nmult =    516
inout (power) : iter =    504 ; odelta = 5.165555e-06 ; dt = 11657.3; nmult =    517
inout (power) : iter =    505 ; odelta = 5.103984e-06 ; dt = 11679.5; nmult =    518
inout (power) : iter =    506 ; odelta = 5.043162e-06 ; dt = 11703.4; nmult =    519
inout (power) : iter =    507 ; odelta = 4.983078e-06 ; dt = 11726.6; nmult =    520
inout (power) : iter =    508 ; odelta = 4.923726e-06 ; dt = 11749.9; nmult =    521
inout (power) : iter =    509 ; odelta = 4.865092e-06 ; dt = 11771.9; nmult =    522
inout (power) : iter =    510 ; odelta = 4.807167e-06 ; dt = 11795.1; nmult =    523
inout (power) : iter =    511 ; odelta = 4.749949e-06 ; dt = 11817.8; nmult =    524
inout (power) : iter =    512 ; odelta = 4.693433e-06 ; dt = 11838.8; nmult =    525
inout (power) : iter =    513 ; odelta = 4.637607e-06 ; dt = 11862.0; nmult =    526
inout (power) : iter =    514 ; odelta = 4.582458e-06 ; dt = 11883.9; nmult =    527
inout (power) : iter =    515 ; odelta = 4.527976e-06 ; dt = 11907.6; nmult =    528
inout (power) : iter =    516 ; odelta = 4.474153e-06 ; dt = 11928.8; nmult =    529
inout (power) : iter =    517 ; odelta = 4.420985e-06 ; dt = 11951.3; nmult =    530
inout (power) : iter =    518 ; odelta = 4.368459e-06 ; dt = 11974.0; nmult =    531
inout (power) : iter =    519 ; odelta = 4.316572e-06 ; dt = 11996.7; nmult =    532
inout (power) : iter =    520 ; odelta = 4.265310e-06 ; dt = 12018.5; nmult =    533
inout (power) : iter =    521 ; odelta = 4.214666e-06 ; dt = 12041.8; nmult =    534
inout (power) : iter =    522 ; odelta = 4.164633e-06 ; dt = 12065.0; nmult =    535
inout (power) : iter =    523 ; odelta = 4.115202e-06 ; dt = 12089.6; nmult =    536
inout (power) : iter =    524 ; odelta = 4.066374e-06 ; dt = 12110.8; nmult =    537
inout (power) : iter =    525 ; odelta = 4.018139e-06 ; dt = 12132.8; nmult =    538
inout (power) : iter =    526 ; odelta = 3.970486e-06 ; dt = 12155.4; nmult =    539
inout (power) : iter =    527 ; odelta = 3.923407e-06 ; dt = 12178.0; nmult =    540
inout (power) : iter =    528 ; odelta = 3.876894e-06 ; dt = 12201.1; nmult =    541
inout (power) : iter =    529 ; odelta = 3.830942e-06 ; dt = 12223.7; nmult =    542
inout (power) : iter =    530 ; odelta = 3.785543e-06 ; dt = 12247.6; nmult =    543
inout (power) : iter =    531 ; odelta = 3.740692e-06 ; dt = 12271.1; nmult =    544
inout (power) : iter =    532 ; odelta = 3.696383e-06 ; dt = 12294.4; nmult =    545
inout (power) : iter =    533 ; odelta = 3.652607e-06 ; dt = 12317.9; nmult =    546
inout (power) : iter =    534 ; odelta = 3.609359e-06 ; dt = 12339.9; nmult =    547
inout (power) : iter =    535 ; odelta = 3.566632e-06 ; dt = 12363.9; nmult =    548
inout (power) : iter =    536 ; odelta = 3.524421e-06 ; dt = 12388.0; nmult =    549
inout (power) : iter =    537 ; odelta = 3.482716e-06 ; dt = 12412.7; nmult =    550
inout (power) : iter =    538 ; odelta = 3.441512e-06 ; dt = 12433.9; nmult =    551
inout (power) : iter =    539 ; odelta = 3.400801e-06 ; dt = 12455.1; nmult =    552
inout (power) : iter =    540 ; odelta = 3.360580e-06 ; dt = 12476.3; nmult =    553
inout (power) : iter =    541 ; odelta = 3.320841e-06 ; dt = 12497.5; nmult =    554
inout (power) : iter =    542 ; odelta = 3.281579e-06 ; dt = 12518.6; nmult =    555
inout (power) : iter =    543 ; odelta = 3.242789e-06 ; dt = 12539.8; nmult =    556
inout (power) : iter =    544 ; odelta = 3.204463e-06 ; dt = 12560.8; nmult =    557
inout (power) : iter =    545 ; odelta = 3.166598e-06 ; dt = 12582.2; nmult =    558
inout (power) : iter =    546 ; odelta = 3.129190e-06 ; dt = 12603.3; nmult =    559
inout (power) : iter =    547 ; odelta = 3.092236e-06 ; dt = 12624.4; nmult =    560
inout (power) : iter =    548 ; odelta = 3.055727e-06 ; dt = 12645.6; nmult =    561
inout (power) : iter =    549 ; odelta = 3.019661e-06 ; dt = 12666.7; nmult =    562
inout (power) : iter =    550 ; odelta = 2.984031e-06 ; dt = 12687.7; nmult =    563
inout (power) : iter =    551 ; odelta = 2.948831e-06 ; dt = 12708.9; nmult =    564
inout (power) : iter =    552 ; odelta = 2.914053e-06 ; dt = 12730.1; nmult =    565
inout (power) : iter =    553 ; odelta = 2.879690e-06 ; dt = 12751.2; nmult =    566
inout (power) : iter =    554 ; odelta = 2.845742e-06 ; dt = 12772.4; nmult =    567
inout (power) : iter =    555 ; odelta = 2.812199e-06 ; dt = 12794.2; nmult =    568
inout (power) : iter =    556 ; odelta = 2.779058e-06 ; dt = 12816.7; nmult =    569
inout (power) : iter =    557 ; odelta = 2.746313e-06 ; dt = 12837.9; nmult =    570
inout (power) : iter =    558 ; odelta = 2.713968e-06 ; dt = 12859.7; nmult =    571
inout (power) : iter =    559 ; odelta = 2.682010e-06 ; dt = 12881.6; nmult =    572
inout (power) : iter =    560 ; odelta = 2.650434e-06 ; dt = 12902.7; nmult =    573
inout (power) : iter =    561 ; odelta = 2.619245e-06 ; dt = 12923.7; nmult =    574
inout (power) : iter =    562 ; odelta = 2.588434e-06 ; dt = 12944.9; nmult =    575
inout (power) : iter =    563 ; odelta = 2.557992e-06 ; dt = 12966.2; nmult =    576
inout (power) : iter =    564 ; odelta = 2.527916e-06 ; dt = 12988.1; nmult =    577
inout (power) : iter =    565 ; odelta = 2.498199e-06 ; dt = 13009.1; nmult =    578
inout (power) : iter =    566 ; odelta = 2.468835e-06 ; dt = 13031.7; nmult =    579
inout (power) : iter =    567 ; odelta = 2.439821e-06 ; dt = 13052.8; nmult =    580
inout (power) : iter =    568 ; odelta = 2.411153e-06 ; dt = 13075.8; nmult =    581
inout (power) : iter =    569 ; odelta = 2.382829e-06 ; dt = 13097.0; nmult =    582
inout (power) : iter =    570 ; odelta = 2.354846e-06 ; dt = 13118.8; nmult =    583
inout (power) : iter =    571 ; odelta = 2.327197e-06 ; dt = 13141.3; nmult =    584
inout (power) : iter =    572 ; odelta = 2.299882e-06 ; dt = 13163.1; nmult =    585
inout (power) : iter =    573 ; odelta = 2.272897e-06 ; dt = 13185.3; nmult =    586
inout (power) : iter =    574 ; odelta = 2.246235e-06 ; dt = 13208.5; nmult =    587
inout (power) : iter =    575 ; odelta = 2.219892e-06 ; dt = 13229.6; nmult =    588
inout (power) : iter =    576 ; odelta = 2.193863e-06 ; dt = 13251.4; nmult =    589
inout (power) : iter =    577 ; odelta = 2.168144e-06 ; dt = 13274.0; nmult =    590
inout (power) : iter =    578 ; odelta = 2.142732e-06 ; dt = 13296.6; nmult =    591
inout (power) : iter =    579 ; odelta = 2.117624e-06 ; dt = 13317.8; nmult =    592
inout (power) : iter =    580 ; odelta = 2.092814e-06 ; dt = 13338.8; nmult =    593
inout (power) : iter =    581 ; odelta = 2.068302e-06 ; dt = 13360.7; nmult =    594
inout (power) : iter =    582 ; odelta = 2.044083e-06 ; dt = 13383.2; nmult =    595
inout (power) : iter =    583 ; odelta = 2.020153e-06 ; dt = 13406.4; nmult =    596
inout (power) : iter =    584 ; odelta = 1.996509e-06 ; dt = 13428.2; nmult =    597
inout (power) : iter =    585 ; odelta = 1.973147e-06 ; dt = 13450.8; nmult =    598
inout (power) : iter =    586 ; odelta = 1.950066e-06 ; dt = 13472.8; nmult =    599
inout (power) : iter =    587 ; odelta = 1.927262e-06 ; dt = 13495.5; nmult =    600
inout (power) : iter =    588 ; odelta = 1.904729e-06 ; dt = 13518.1; nmult =    601
inout (power) : iter =    589 ; odelta = 1.882464e-06 ; dt = 13540.6; nmult =    602
inout (power) : iter =    590 ; odelta = 1.860463e-06 ; dt = 13563.9; nmult =    603
inout (power) : iter =    591 ; odelta = 1.838721e-06 ; dt = 13588.3; nmult =    604
inout (power) : iter =    592 ; odelta = 1.817237e-06 ; dt = 13611.4; nmult =    605
inout (power) : iter =    593 ; odelta = 1.796008e-06 ; dt = 13633.4; nmult =    606
inout (power) : iter =    594 ; odelta = 1.775033e-06 ; dt = 13656.1; nmult =    607
inout (power) : iter =    595 ; odelta = 1.754306e-06 ; dt = 13677.9; nmult =    608
inout (power) : iter =    596 ; odelta = 1.733824e-06 ; dt = 13698.9; nmult =    609
inout (power) : iter =    597 ; odelta = 1.713585e-06 ; dt = 13720.1; nmult =    610
inout (power) : iter =    598 ; odelta = 1.693591e-06 ; dt = 13741.2; nmult =    611
inout (power) : iter =    599 ; odelta = 1.673834e-06 ; dt = 13762.5; nmult =    612
inout (power) : iter =    600 ; odelta = 1.654310e-06 ; dt = 13783.6; nmult =    613
inout (power) : iter =    601 ; odelta = 1.635020e-06 ; dt = 13806.6; nmult =    614
inout (power) : iter =    602 ; odelta = 1.615957e-06 ; dt = 13827.6; nmult =    615
inout (power) : iter =    603 ; odelta = 1.597122e-06 ; dt = 13850.5; nmult =    616
inout (power) : iter =    604 ; odelta = 1.578509e-06 ; dt = 13874.4; nmult =    617
inout (power) : iter =    605 ; odelta = 1.560116e-06 ; dt = 13897.1; nmult =    618
inout (power) : iter =    606 ; odelta = 1.541940e-06 ; dt = 13919.0; nmult =    619
inout (power) : iter =    607 ; odelta = 1.523978e-06 ; dt = 13942.2; nmult =    620
inout (power) : iter =    608 ; odelta = 1.506227e-06 ; dt = 13964.0; nmult =    621
inout (power) : iter =    609 ; odelta = 1.488687e-06 ; dt = 13985.0; nmult =    622
inout (power) : iter =    610 ; odelta = 1.471353e-06 ; dt = 14007.5; nmult =    623
inout (power) : iter =    611 ; odelta = 1.454223e-06 ; dt = 14029.4; nmult =    624
inout (power) : iter =    612 ; odelta = 1.437295e-06 ; dt = 14051.3; nmult =    625
inout (power) : iter =    613 ; odelta = 1.420569e-06 ; dt = 14072.3; nmult =    626
inout (power) : iter =    614 ; odelta = 1.404039e-06 ; dt = 14093.3; nmult =    627
inout (power) : iter =    615 ; odelta = 1.387703e-06 ; dt = 14114.4; nmult =    628
inout (power) : iter =    616 ; odelta = 1.371560e-06 ; dt = 14135.3; nmult =    629
inout (power) : iter =    617 ; odelta = 1.355608e-06 ; dt = 14156.3; nmult =    630
inout (power) : iter =    618 ; odelta = 1.339844e-06 ; dt = 14177.3; nmult =    631
inout (power) : iter =    619 ; odelta = 1.324266e-06 ; dt = 14198.6; nmult =    632
inout (power) : iter =    620 ; odelta = 1.308871e-06 ; dt = 14219.6; nmult =    633
inout (power) : iter =    621 ; odelta = 1.293658e-06 ; dt = 14241.5; nmult =    634
inout (power) : iter =    622 ; odelta = 1.278625e-06 ; dt = 14263.4; nmult =    635
inout (power) : iter =    623 ; odelta = 1.263769e-06 ; dt = 14286.1; nmult =    636
inout (power) : iter =    624 ; odelta = 1.249089e-06 ; dt = 14308.1; nmult =    637
inout (power) : iter =    625 ; odelta = 1.234583e-06 ; dt = 14333.0; nmult =    638
inout (power) : iter =    626 ; odelta = 1.220249e-06 ; dt = 14354.9; nmult =    639
inout (power) : iter =    627 ; odelta = 1.206083e-06 ; dt = 14375.9; nmult =    640
inout (power) : iter =    628 ; odelta = 1.192084e-06 ; dt = 14396.9; nmult =    641
inout (power) : iter =    629 ; odelta = 1.178250e-06 ; dt = 14418.1; nmult =    642
inout (power) : iter =    630 ; odelta = 1.164582e-06 ; dt = 14440.1; nmult =    643
inout (power) : iter =    631 ; odelta = 1.151074e-06 ; dt = 14461.5; nmult =    644
inout (power) : iter =    632 ; odelta = 1.137724e-06 ; dt = 14482.6; nmult =    645
inout (power) : iter =    633 ; odelta = 1.124531e-06 ; dt = 14503.7; nmult =    646
inout (power) : iter =    634 ; odelta = 1.111494e-06 ; dt = 14524.9; nmult =    647
inout (power) : iter =    635 ; odelta = 1.098609e-06 ; dt = 14546.0; nmult =    648
inout (power) : iter =    636 ; odelta = 1.085876e-06 ; dt = 14567.1; nmult =    649
inout (power) : iter =    637 ; odelta = 1.073293e-06 ; dt = 14588.6; nmult =    650
inout (power) : iter =    638 ; odelta = 1.060858e-06 ; dt = 14609.7; nmult =    651
inout (power) : iter =    639 ; odelta = 1.048567e-06 ; dt = 14632.3; nmult =    652
inout (power) : iter =    640 ; odelta = 1.036421e-06 ; dt = 14654.9; nmult =    653
inout (power) : iter =    641 ; odelta = 1.024418e-06 ; dt = 14677.5; nmult =    654
inout (power) : iter =    642 ; odelta = 1.012557e-06 ; dt = 14701.2; nmult =    655
inout (power) : iter =    643 ; odelta = 1.000834e-06 ; dt = 14724.6; nmult =    656
inout (power) : iter =    644 ; odelta = 9.892491e-07 ; dt = 14745.8; nmult =    657
inout (power) : iter =    645 ; odelta = 9.778006e-07 ; dt = 14767.2; nmult =    658
inout (power) : iter =    646 ; odelta = 9.664863e-07 ; dt = 14788.4; nmult =    659
inout (power) : iter =    647 ; odelta = 9.553049e-07 ; dt = 14809.9; nmult =    660
inout (power) : iter =    648 ; odelta = 9.442542e-07 ; dt = 14831.2; nmult =    661
inout (power) : iter =    649 ; odelta = 9.333327e-07 ; dt = 14852.8; nmult =    662
inout (power) : iter =    650 ; odelta = 9.225387e-07 ; dt = 14874.1; nmult =    663
inout (power) : iter =    651 ; odelta = 9.118711e-07 ; dt = 14895.7; nmult =    664
inout (power) : iter =    652 ; odelta = 9.013292e-07 ; dt = 14917.1; nmult =    665
inout (power) : iter =    653 ; odelta = 8.909110e-07 ; dt = 14938.7; nmult =    666
inout (power) : iter =    654 ; odelta = 8.806158e-07 ; dt = 14960.1; nmult =    667
inout (power) : iter =    655 ; odelta = 8.704417e-07 ; dt = 14981.6; nmult =    668
inout (power) : iter =    656 ; odelta = 8.603864e-07 ; dt = 15003.3; nmult =    669
inout (power) : iter =    657 ; odelta = 8.504486e-07 ; dt = 15024.8; nmult =    670
inout (power) : iter =    658 ; odelta = 8.406268e-07 ; dt = 15046.2; nmult =    671
inout (power) : iter =    659 ; odelta = 8.309197e-07 ; dt = 15067.9; nmult =    672
inout (power) : iter =    660 ; odelta = 8.213258e-07 ; dt = 15089.6; nmult =    673
inout (power) : iter =    661 ; odelta = 8.118441e-07 ; dt = 15111.0; nmult =    674
inout (power) : iter =    662 ; odelta = 8.024731e-07 ; dt = 15132.7; nmult =    675
inout (power) : iter =    663 ; odelta = 7.932113e-07 ; dt = 15154.4; nmult =    676
inout (power) : iter =    664 ; odelta = 7.840576e-07 ; dt = 15176.5; nmult =    677
inout (power) : iter =    665 ; odelta = 7.750109e-07 ; dt = 15198.9; nmult =    678
inout (power) : iter =    666 ; odelta = 7.660697e-07 ; dt = 15221.1; nmult =    679
inout (power) : iter =    667 ; odelta = 7.572327e-07 ; dt = 15243.2; nmult =    680
inout (power) : iter =    668 ; odelta = 7.484988e-07 ; dt = 15267.1; nmult =    681
inout (power) : iter =    669 ; odelta = 7.398668e-07 ; dt = 15289.2; nmult =    682
inout (power) : iter =    670 ; odelta = 7.313354e-07 ; dt = 15310.5; nmult =    683
inout (power) : iter =    671 ; odelta = 7.229035e-07 ; dt = 15331.6; nmult =    684
inout (power) : iter =    672 ; odelta = 7.145698e-07 ; dt = 15352.8; nmult =    685
inout (power) : iter =    673 ; odelta = 7.063330e-07 ; dt = 15373.9; nmult =    686
inout (power) : iter =    674 ; odelta = 6.981921e-07 ; dt = 15395.1; nmult =    687
inout (power) : iter =    675 ; odelta = 6.901461e-07 ; dt = 15416.3; nmult =    688
inout (power) : iter =    676 ; odelta = 6.821939e-07 ; dt = 15437.4; nmult =    689
inout (power) : iter =    677 ; odelta = 6.743345e-07 ; dt = 15458.7; nmult =    690
inout (power) : iter =    678 ; odelta = 6.665667e-07 ; dt = 15480.1; nmult =    691
inout (power) : iter =    679 ; odelta = 6.588901e-07 ; dt = 15501.6; nmult =    692
inout (power) : iter =    680 ; odelta = 6.513032e-07 ; dt = 15522.9; nmult =    693
inout (power) : iter =    681 ; odelta = 6.438050e-07 ; dt = 15544.3; nmult =    694
inout (power) : iter =    682 ; odelta = 6.363946e-07 ; dt = 15565.6; nmult =    695
inout (power) : iter =    683 ; odelta = 6.290704e-07 ; dt = 15587.2; nmult =    696
inout (power) : iter =    684 ; odelta = 6.218313e-07 ; dt = 15608.7; nmult =    697
inout (power) : iter =    685 ; odelta = 6.146764e-07 ; dt = 15630.0; nmult =    698
inout (power) : iter =    686 ; odelta = 6.076049e-07 ; dt = 15651.5; nmult =    699
inout (power) : iter =    687 ; odelta = 6.006159e-07 ; dt = 15673.0; nmult =    700
inout (power) : iter =    688 ; odelta = 5.937094e-07 ; dt = 15694.3; nmult =    701
inout (power) : iter =    689 ; odelta = 5.868839e-07 ; dt = 15715.9; nmult =    702
inout (power) : iter =    690 ; odelta = 5.801380e-07 ; dt = 15737.3; nmult =    703
inout (power) : iter =    691 ; odelta = 5.734708e-07 ; dt = 15758.9; nmult =    704
inout (power) : iter =    692 ; odelta = 5.668819e-07 ; dt = 15780.4; nmult =    705
inout (power) : iter =    693 ; odelta = 5.603696e-07 ; dt = 15802.0; nmult =    706
inout (power) : iter =    694 ; odelta = 5.539331e-07 ; dt = 15823.4; nmult =    707
inout (power) : iter =    695 ; odelta = 5.475713e-07 ; dt = 15844.9; nmult =    708
inout (power) : iter =    696 ; odelta = 5.412833e-07 ; dt = 15866.3; nmult =    709
inout (power) : iter =    697 ; odelta = 5.350682e-07 ; dt = 15887.8; nmult =    710
inout (power) : iter =    698 ; odelta = 5.289252e-07 ; dt = 15909.3; nmult =    711
inout (power) : iter =    699 ; odelta = 5.228534e-07 ; dt = 15931.0; nmult =    712
inout (power) : iter =    700 ; odelta = 5.168522e-07 ; dt = 15952.5; nmult =    713
inout (power) : iter =    701 ; odelta = 5.109207e-07 ; dt = 15974.0; nmult =    714
inout (power) : iter =    702 ; odelta = 5.050580e-07 ; dt = 15995.6; nmult =    715
inout (power) : iter =    703 ; odelta = 4.992636e-07 ; dt = 16017.0; nmult =    716
inout (power) : iter =    704 ; odelta = 4.935372e-07 ; dt = 16038.5; nmult =    717
inout (power) : iter =    705 ; odelta = 4.878770e-07 ; dt = 16059.9; nmult =    718
inout (power) : iter =    706 ; odelta = 4.822823e-07 ; dt = 16081.1; nmult =    719
inout (power) : iter =    707 ; odelta = 4.767524e-07 ; dt = 16102.6; nmult =    720
inout (power) : iter =    708 ; odelta = 4.712863e-07 ; dt = 16124.0; nmult =    721
inout (power) : iter =    709 ; odelta = 4.658836e-07 ; dt = 16145.5; nmult =    722
inout (power) : iter =    710 ; odelta = 4.605436e-07 ; dt = 16167.1; nmult =    723
inout (power) : iter =    711 ; odelta = 4.552653e-07 ; dt = 16188.5; nmult =    724
inout (power) : iter =    712 ; odelta = 4.500481e-07 ; dt = 16210.1; nmult =    725
inout (power) : iter =    713 ; odelta = 4.448918e-07 ; dt = 16231.8; nmult =    726
inout (power) : iter =    714 ; odelta = 4.397955e-07 ; dt = 16253.3; nmult =    727
inout (power) : iter =    715 ; odelta = 4.347582e-07 ; dt = 16275.0; nmult =    728
inout (power) : iter =    716 ; odelta = 4.297789e-07 ; dt = 16296.6; nmult =    729
inout (power) : iter =    717 ; odelta = 4.248575e-07 ; dt = 16318.3; nmult =    730
inout (power) : iter =    718 ; odelta = 4.199930e-07 ; dt = 16339.9; nmult =    731
inout (power) : iter =    719 ; odelta = 4.151847e-07 ; dt = 16361.5; nmult =    732
inout (power) : iter =    720 ; odelta = 4.104321e-07 ; dt = 16383.1; nmult =    733
inout (power) : iter =    721 ; odelta = 4.057344e-07 ; dt = 16404.9; nmult =    734
inout (power) : iter =    722 ; odelta = 4.010909e-07 ; dt = 16426.6; nmult =    735
inout (power) : iter =    723 ; odelta = 3.965012e-07 ; dt = 16448.3; nmult =    736
inout (power) : iter =    724 ; odelta = 3.919646e-07 ; dt = 16470.0; nmult =    737
inout (power) : iter =    725 ; odelta = 3.874806e-07 ; dt = 16491.6; nmult =    738
inout (power) : iter =    726 ; odelta = 3.830484e-07 ; dt = 16513.3; nmult =    739
inout (power) : iter =    727 ; odelta = 3.786674e-07 ; dt = 16535.0; nmult =    740
inout (power) : iter =    728 ; odelta = 3.743371e-07 ; dt = 16556.5; nmult =    741
inout (power) : iter =    729 ; odelta = 3.700568e-07 ; dt = 16578.1; nmult =    742
inout (power) : iter =    730 ; odelta = 3.658258e-07 ; dt = 16599.7; nmult =    743
inout (power) : iter =    731 ; odelta = 3.616438e-07 ; dt = 16621.3; nmult =    744
inout (power) : iter =    732 ; odelta = 3.575100e-07 ; dt = 16642.9; nmult =    745
inout (power) : iter =    733 ; odelta = 3.534239e-07 ; dt = 16664.6; nmult =    746
inout (power) : iter =    734 ; odelta = 3.493849e-07 ; dt = 16686.2; nmult =    747
inout (power) : iter =    735 ; odelta = 3.453925e-07 ; dt = 16707.7; nmult =    748
inout (power) : iter =    736 ; odelta = 3.414462e-07 ; dt = 16729.2; nmult =    749
inout (power) : iter =    737 ; odelta = 3.375454e-07 ; dt = 16751.0; nmult =    750
inout (power) : iter =    738 ; odelta = 3.336896e-07 ; dt = 16772.8; nmult =    751
inout (power) : iter =    739 ; odelta = 3.298784e-07 ; dt = 16794.4; nmult =    752
inout (power) : iter =    740 ; odelta = 3.261114e-07 ; dt = 16816.0; nmult =    753
inout (power) : iter =    741 ; odelta = 3.223878e-07 ; dt = 16837.7; nmult =    754
inout (power) : iter =    742 ; odelta = 3.187071e-07 ; dt = 16859.4; nmult =    755
inout (power) : iter =    743 ; odelta = 3.150689e-07 ; dt = 16881.2; nmult =    756
inout (power) : iter =    744 ; odelta = 3.114730e-07 ; dt = 16902.9; nmult =    757
inout (power) : iter =    745 ; odelta = 3.079185e-07 ; dt = 16924.7; nmult =    758
inout (power) : iter =    746 ; odelta = 3.044050e-07 ; dt = 16946.3; nmult =    759
inout (power) : iter =    747 ; odelta = 3.009319e-07 ; dt = 16968.1; nmult =    760
inout (power) : iter =    748 ; odelta = 2.974989e-07 ; dt = 16989.8; nmult =    761
inout (power) : iter =    749 ; odelta = 2.941055e-07 ; dt = 17011.5; nmult =    762
inout (power) : iter =    750 ; odelta = 2.907510e-07 ; dt = 17033.1; nmult =    763
inout (power) : iter =    751 ; odelta = 2.874352e-07 ; dt = 17054.8; nmult =    764
inout (power) : iter =    752 ; odelta = 2.841575e-07 ; dt = 17076.5; nmult =    765
inout (power) : iter =    753 ; odelta = 2.809178e-07 ; dt = 17098.3; nmult =    766
inout (power) : iter =    754 ; odelta = 2.777156e-07 ; dt = 17120.0; nmult =    767
inout (power) : iter =    755 ; odelta = 2.745501e-07 ; dt = 17141.7; nmult =    768
inout (power) : iter =    756 ; odelta = 2.714212e-07 ; dt = 17163.4; nmult =    769
inout (power) : iter =    757 ; odelta = 2.683284e-07 ; dt = 17185.1; nmult =    770
inout (power) : iter =    758 ; odelta = 2.652712e-07 ; dt = 17206.8; nmult =    771
inout (power) : iter =    759 ; odelta = 2.622491e-07 ; dt = 17228.5; nmult =    772
inout (power) : iter =    760 ; odelta = 2.592619e-07 ; dt = 17250.3; nmult =    773
inout (power) : iter =    761 ; odelta = 2.563093e-07 ; dt = 17272.1; nmult =    774
inout (power) : iter =    762 ; odelta = 2.533908e-07 ; dt = 17293.7; nmult =    775
inout (power) : iter =    763 ; odelta = 2.505058e-07 ; dt = 17315.4; nmult =    776
inout (power) : iter =    764 ; odelta = 2.476540e-07 ; dt = 17337.1; nmult =    777
inout (power) : iter =    765 ; odelta = 2.448350e-07 ; dt = 17358.7; nmult =    778
inout (power) : iter =    766 ; odelta = 2.420483e-07 ; dt = 17380.3; nmult =    779
inout (power) : iter =    767 ; odelta = 2.392937e-07 ; dt = 17402.1; nmult =    780
inout (power) : iter =    768 ; odelta = 2.365708e-07 ; dt = 17423.7; nmult =    781
inout (power) : iter =    769 ; odelta = 2.338792e-07 ; dt = 17445.4; nmult =    782
inout (power) : iter =    770 ; odelta = 2.312185e-07 ; dt = 17466.9; nmult =    783
inout (power) : iter =    771 ; odelta = 2.285885e-07 ; dt = 17488.6; nmult =    784
inout (power) : iter =    772 ; odelta = 2.259888e-07 ; dt = 17510.2; nmult =    785
inout (power) : iter =    773 ; odelta = 2.234188e-07 ; dt = 17531.9; nmult =    786
inout (power) : iter =    774 ; odelta = 2.208783e-07 ; dt = 17553.5; nmult =    787
inout (power) : iter =    775 ; odelta = 2.183671e-07 ; dt = 17575.3; nmult =    788
inout (power) : iter =    776 ; odelta = 2.158847e-07 ; dt = 17596.8; nmult =    789
inout (power) : iter =    777 ; odelta = 2.134309e-07 ; dt = 17618.5; nmult =    790
inout (power) : iter =    778 ; odelta = 2.110051e-07 ; dt = 17640.1; nmult =    791
inout (power) : iter =    779 ; odelta = 2.086072e-07 ; dt = 17662.0; nmult =    792
inout (power) : iter =    780 ; odelta = 2.062368e-07 ; dt = 17683.5; nmult =    793
inout (power) : iter =    781 ; odelta = 2.038935e-07 ; dt = 17705.3; nmult =    794
inout (power) : iter =    782 ; odelta = 2.015772e-07 ; dt = 17726.8; nmult =    795
inout (power) : iter =    783 ; odelta = 1.992874e-07 ; dt = 17748.5; nmult =    796
inout (power) : iter =    784 ; odelta = 1.970239e-07 ; dt = 17770.2; nmult =    797
inout (power) : iter =    785 ; odelta = 1.947865e-07 ; dt = 17792.0; nmult =    798
inout (power) : iter =    786 ; odelta = 1.925749e-07 ; dt = 17813.7; nmult =    799
inout (power) : iter =    787 ; odelta = 1.903889e-07 ; dt = 17835.4; nmult =    800
inout (power) : iter =    788 ; odelta = 1.882281e-07 ; dt = 17857.0; nmult =    801
inout (power) : iter =    789 ; odelta = 1.860921e-07 ; dt = 17878.6; nmult =    802
inout (power) : iter =    790 ; odelta = 1.839807e-07 ; dt = 17900.3; nmult =    803
inout (power) : iter =    791 ; odelta = 1.818935e-07 ; dt = 17922.0; nmult =    804
inout (power) : iter =    792 ; odelta = 1.798302e-07 ; dt = 17943.6; nmult =    805
inout (power) : iter =    793 ; odelta = 1.777905e-07 ; dt = 17965.3; nmult =    806
inout (power) : iter =    794 ; odelta = 1.757742e-07 ; dt = 17986.8; nmult =    807
inout (power) : iter =    795 ; odelta = 1.737810e-07 ; dt = 18008.5; nmult =    808
inout (power) : iter =    796 ; odelta = 1.718106e-07 ; dt = 18030.1; nmult =    809
inout (power) : iter =    797 ; odelta = 1.698629e-07 ; dt = 18051.7; nmult =    810
inout (power) : iter =    798 ; odelta = 1.679376e-07 ; dt = 18073.3; nmult =    811
inout (power) : iter =    799 ; odelta = 1.660343e-07 ; dt = 18095.0; nmult =    812
inout (power) : iter =    800 ; odelta = 1.641527e-07 ; dt = 18116.7; nmult =    813
inout (power) : iter =    801 ; odelta = 1.622927e-07 ; dt = 18138.5; nmult =    814
inout (power) : iter =    802 ; odelta = 1.604540e-07 ; dt = 18160.3; nmult =    815
inout (power) : iter =    803 ; odelta = 1.586362e-07 ; dt = 18182.0; nmult =    816
inout (power) : iter =    804 ; odelta = 1.568391e-07 ; dt = 18203.9; nmult =    817
inout (power) : iter =    805 ; odelta = 1.550626e-07 ; dt = 18225.7; nmult =    818
inout (power) : iter =    806 ; odelta = 1.533063e-07 ; dt = 18247.5; nmult =    819
inout (power) : iter =    807 ; odelta = 1.515700e-07 ; dt = 18269.4; nmult =    820
inout (power) : iter =    808 ; odelta = 1.498536e-07 ; dt = 18291.1; nmult =    821
inout (power) : iter =    809 ; odelta = 1.481568e-07 ; dt = 18312.8; nmult =    822
inout (power) : iter =    810 ; odelta = 1.464794e-07 ; dt = 18334.5; nmult =    823
inout (power) : iter =    811 ; odelta = 1.448212e-07 ; dt = 18356.1; nmult =    824
inout (power) : iter =    812 ; odelta = 1.431819e-07 ; dt = 18377.8; nmult =    825
inout (power) : iter =    813 ; odelta = 1.415613e-07 ; dt = 18399.6; nmult =    826
inout (power) : iter =    814 ; odelta = 1.399591e-07 ; dt = 18421.5; nmult =    827
inout (power) : iter =    815 ; odelta = 1.383752e-07 ; dt = 18443.4; nmult =    828
inout (power) : iter =    816 ; odelta = 1.368094e-07 ; dt = 18465.3; nmult =    829
inout (power) : iter =    817 ; odelta = 1.352615e-07 ; dt = 18487.2; nmult =    830
inout (power) : iter =    818 ; odelta = 1.337312e-07 ; dt = 18509.1; nmult =    831
inout (power) : iter =    819 ; odelta = 1.322186e-07 ; dt = 18530.9; nmult =    832
inout (power) : iter =    820 ; odelta = 1.307233e-07 ; dt = 18552.7; nmult =    833
inout (power) : iter =    821 ; odelta = 1.292451e-07 ; dt = 18574.6; nmult =    834
inout (power) : iter =    822 ; odelta = 1.277837e-07 ; dt = 18596.4; nmult =    835
inout (power) : iter =    823 ; odelta = 1.263391e-07 ; dt = 18618.2; nmult =    836
inout (power) : iter =    824 ; odelta = 1.249109e-07 ; dt = 18640.0; nmult =    837
inout (power) : iter =    825 ; odelta = 1.234990e-07 ; dt = 18661.9; nmult =    838
inout (power) : iter =    826 ; odelta = 1.221032e-07 ; dt = 18683.7; nmult =    839
inout (power) : iter =    827 ; odelta = 1.207233e-07 ; dt = 18705.6; nmult =    840
inout (power) : iter =    828 ; odelta = 1.193591e-07 ; dt = 18727.4; nmult =    841
inout (power) : iter =    829 ; odelta = 1.180104e-07 ; dt = 18749.2; nmult =    842
inout (power) : iter =    830 ; odelta = 1.166771e-07 ; dt = 18771.0; nmult =    843
inout (power) : iter =    831 ; odelta = 1.153590e-07 ; dt = 18793.0; nmult =    844
inout (power) : iter =    832 ; odelta = 1.140558e-07 ; dt = 18814.7; nmult =    845
inout (power) : iter =    833 ; odelta = 1.127675e-07 ; dt = 18836.6; nmult =    846
inout (power) : iter =    834 ; odelta = 1.114939e-07 ; dt = 18858.4; nmult =    847
inout (power) : iter =    835 ; odelta = 1.102348e-07 ; dt = 18880.4; nmult =    848
inout (power) : iter =    836 ; odelta = 1.089901e-07 ; dt = 18902.1; nmult =    849
inout (power) : iter =    837 ; odelta = 1.077594e-07 ; dt = 18924.0; nmult =    850
inout (power) : iter =    838 ; odelta = 1.065428e-07 ; dt = 18945.7; nmult =    851
inout (power) : iter =    839 ; odelta = 1.053400e-07 ; dt = 18967.6; nmult =    852
inout (power) : iter =    840 ; odelta = 1.041509e-07 ; dt = 18989.4; nmult =    853
inout (power) : iter =    841 ; odelta = 1.029753e-07 ; dt = 19011.2; nmult =    854
inout (power) : iter =    842 ; odelta = 1.018130e-07 ; dt = 19033.1; nmult =    855
inout (power) : iter =    843 ; odelta = 1.006640e-07 ; dt = 19054.9; nmult =    856
inout (power) : iter =    844 ; odelta = 9.952797e-08 ; dt = 19076.8; nmult =    857
inout(b=0.5000,it=1.000000e-02) : solved pagerank(a=0.9900) in   857 mults to 1.000000e-07 tol
output norm: 9.9999999999999989e-01
