Parameters: 
   graphfile = /var/tmp/dgleich/data/uk-2007-05-trans
      output = none
         alg = power
       alpha = 0.99
         tol = 1e-07
       maxit = 10000

nodes = 105896555
edges = -556233648
power : iter =      1 ; delta = 1.372126e+00 ; dt =    74.4 sec
power : iter =      2 ; delta = 5.965130e-01 ; dt =   149.0 sec
power : iter =      3 ; delta = 2.737734e-01 ; dt =   223.8 sec
power : iter =      4 ; delta = 1.492604e-01 ; dt =   298.4 sec
power : iter =      5 ; delta = 9.629935e-02 ; dt =   373.3 sec
power : iter =      6 ; delta = 7.077172e-02 ; dt =   448.0 sec
power : iter =      7 ; delta = 5.659826e-02 ; dt =   522.8 sec
power : iter =      8 ; delta = 4.756408e-02 ; dt =   597.5 sec
power : iter =      9 ; delta = 4.120915e-02 ; dt =   672.4 sec
power : iter =     10 ; delta = 3.643039e-02 ; dt =   747.0 sec
power : iter =     11 ; delta = 3.262667e-02 ; dt =   821.9 sec
power : iter =     12 ; delta = 2.972731e-02 ; dt =   896.6 sec
power : iter =     13 ; delta = 2.719682e-02 ; dt =   971.5 sec
power : iter =     14 ; delta = 2.516828e-02 ; dt =  1046.1 sec
power : iter =     15 ; delta = 2.339028e-02 ; dt =  1121.0 sec
power : iter =     16 ; delta = 2.177770e-02 ; dt =  1195.7 sec
power : iter =     17 ; delta = 2.040498e-02 ; dt =  1270.5 sec
power : iter =     18 ; delta = 1.922601e-02 ; dt =  1345.2 sec
power : iter =     19 ; delta = 1.811063e-02 ; dt =  1420.1 sec
power : iter =     20 ; delta = 1.714934e-02 ; dt =  1494.8 sec
power : iter =     21 ; delta = 1.622661e-02 ; dt =  1569.7 sec
power : iter =     22 ; delta = 1.542012e-02 ; dt =  1644.3 sec
power : iter =     23 ; delta = 1.468012e-02 ; dt =  1719.2 sec
power : iter =     24 ; delta = 1.402874e-02 ; dt =  1793.8 sec
power : iter =     25 ; delta = 1.338553e-02 ; dt =  1868.6 sec
power : iter =     26 ; delta = 1.279739e-02 ; dt =  1943.3 sec
power : iter =     27 ; delta = 1.226922e-02 ; dt =  2018.1 sec
power : iter =     28 ; delta = 1.177023e-02 ; dt =  2092.8 sec
power : iter =     29 ; delta = 1.131351e-02 ; dt =  2167.7 sec
power : iter =     30 ; delta = 1.088773e-02 ; dt =  2242.7 sec
power : iter =     31 ; delta = 1.044928e-02 ; dt =  2318.2 sec
power : iter =     32 ; delta = 1.007961e-02 ; dt =  2393.6 sec
power : iter =     33 ; delta = 9.716346e-03 ; dt =  2470.9 sec
power : iter =     34 ; delta = 9.379494e-03 ; dt =  2546.9 sec
power : iter =     35 ; delta = 9.060143e-03 ; dt =  2623.1 sec
power : iter =     36 ; delta = 8.745192e-03 ; dt =  2698.4 sec
power : iter =     37 ; delta = 8.456705e-03 ; dt =  2775.9 sec
power : iter =     38 ; delta = 8.185250e-03 ; dt =  2853.2 sec
power : iter =     39 ; delta = 7.932030e-03 ; dt =  2929.4 sec
power : iter =     40 ; delta = 7.687683e-03 ; dt =  3004.8 sec
power : iter =     41 ; delta = 7.441246e-03 ; dt =  3080.3 sec
power : iter =     42 ; delta = 7.225350e-03 ; dt =  3156.3 sec
power : iter =     43 ; delta = 7.006632e-03 ; dt =  3232.4 sec
power : iter =     44 ; delta = 6.810450e-03 ; dt =  3309.1 sec
power : iter =     45 ; delta = 6.617721e-03 ; dt =  3387.2 sec
power : iter =     46 ; delta = 6.421327e-03 ; dt =  3464.7 sec
power : iter =     47 ; delta = 6.245953e-03 ; dt =  3542.7 sec
power : iter =     48 ; delta = 6.073038e-03 ; dt =  3621.3 sec
power : iter =     49 ; delta = 5.911491e-03 ; dt =  3697.5 sec
power : iter =     50 ; delta = 5.757390e-03 ; dt =  3774.8 sec
power : iter =     51 ; delta = 5.601149e-03 ; dt =  3852.9 sec
power : iter =     52 ; delta = 5.459036e-03 ; dt =  3929.7 sec
power : iter =     53 ; delta = 5.317289e-03 ; dt =  4007.2 sec
power : iter =     54 ; delta = 5.187745e-03 ; dt =  4084.6 sec
power : iter =     55 ; delta = 5.058965e-03 ; dt =  4160.8 sec
power : iter =     56 ; delta = 4.939155e-03 ; dt =  4237.4 sec
power : iter =     57 ; delta = 4.821246e-03 ; dt =  4316.2 sec
power : iter =     58 ; delta = 4.708514e-03 ; dt =  4394.9 sec
power : iter =     59 ; delta = 4.599873e-03 ; dt =  4472.4 sec
power : iter =     60 ; delta = 4.492848e-03 ; dt =  4549.1 sec
power : iter =     61 ; delta = 4.391171e-03 ; dt =  4625.8 sec
power : iter =     62 ; delta = 4.291536e-03 ; dt =  4703.9 sec
power : iter =     63 ; delta = 4.196385e-03 ; dt =  4780.7 sec
power : iter =     64 ; delta = 4.104656e-03 ; dt =  4857.4 sec
power : iter =     65 ; delta = 4.012422e-03 ; dt =  4933.5 sec
power : iter =     66 ; delta = 3.926567e-03 ; dt =  5010.9 sec
power : iter =     67 ; delta = 3.840382e-03 ; dt =  5087.0 sec
power : iter =     68 ; delta = 3.759578e-03 ; dt =  5163.7 sec
power : iter =     69 ; delta = 3.680327e-03 ; dt =  5241.8 sec
power : iter =     70 ; delta = 3.601331e-03 ; dt =  5319.2 sec
power : iter =     71 ; delta = 3.526809e-03 ; dt =  5396.0 sec
power : iter =     72 ; delta = 3.452889e-03 ; dt =  5474.0 sec
power : iter =     73 ; delta = 3.382671e-03 ; dt =  5549.6 sec
power : iter =     74 ; delta = 3.314502e-03 ; dt =  5626.3 sec
power : iter =     75 ; delta = 3.245387e-03 ; dt =  5702.4 sec
power : iter =     76 ; delta = 3.181119e-03 ; dt =  5778.4 sec
power : iter =     77 ; delta = 3.116088e-03 ; dt =  5857.2 sec
power : iter =     78 ; delta = 3.055362e-03 ; dt =  5933.9 sec
power : iter =     79 ; delta = 2.995560e-03 ; dt =  6012.7 sec
power : iter =     80 ; delta = 2.935543e-03 ; dt =  6092.0 sec
power : iter =     81 ; delta = 2.878954e-03 ; dt =  6168.9 sec
power : iter =     82 ; delta = 2.822345e-03 ; dt =  6246.3 sec
power : iter =     83 ; delta = 2.768703e-03 ; dt =  6323.7 sec
power : iter =     84 ; delta = 2.716471e-03 ; dt =  6400.5 sec
power : iter =     85 ; delta = 2.663292e-03 ; dt =  6476.6 sec
power : iter =     86 ; delta = 2.613675e-03 ; dt =  6554.6 sec
power : iter =     87 ; delta = 2.563253e-03 ; dt =  6631.5 sec
power : iter =     88 ; delta = 2.516171e-03 ; dt =  6708.3 sec
power : iter =     89 ; delta = 2.469666e-03 ; dt =  6785.1 sec
power : iter =     90 ; delta = 2.422951e-03 ; dt =  6862.4 sec
power : iter =     91 ; delta = 2.378790e-03 ; dt =  6938.6 sec
power : iter =     92 ; delta = 2.334480e-03 ; dt =  7015.3 sec
power : iter =     93 ; delta = 2.292532e-03 ; dt =  7092.1 sec
power : iter =     94 ; delta = 2.251664e-03 ; dt =  7169.5 sec
power : iter =     95 ; delta = 2.210086e-03 ; dt =  7246.9 sec
power : iter =     96 ; delta = 2.171134e-03 ; dt =  7323.7 sec
power : iter =     97 ; delta = 2.131463e-03 ; dt =  7399.8 sec
power : iter =     98 ; delta = 2.094411e-03 ; dt =  7476.5 sec
power : iter =     99 ; delta = 2.057762e-03 ; dt =  7554.0 sec
power : iter =    100 ; delta = 2.021932e-03 ; dt =  7631.3 sec
power : iter =    101 ; delta = 1.986973e-03 ; dt =  7707.4 sec
power : iter =    102 ; delta = 1.951806e-03 ; dt =  7784.1 sec
power : iter =    103 ; delta = 1.918499e-03 ; dt =  7861.6 sec
power : iter =    104 ; delta = 1.885737e-03 ; dt =  7937.7 sec
power : iter =    105 ; delta = 1.853891e-03 ; dt =  8014.5 sec
power : iter =    106 ; delta = 1.822747e-03 ; dt =  8090.5 sec
power : iter =    107 ; delta = 1.791091e-03 ; dt =  8169.3 sec
power : iter =    108 ; delta = 1.761389e-03 ; dt =  8246.6 sec
power : iter =    109 ; delta = 1.731776e-03 ; dt =  8323.4 sec
power : iter =    110 ; delta = 1.703421e-03 ; dt =  8398.8 sec
power : iter =    111 ; delta = 1.675535e-03 ; dt =  8475.7 sec
power : iter =    112 ; delta = 1.647605e-03 ; dt =  8553.1 sec
power : iter =    113 ; delta = 1.621086e-03 ; dt =  8631.2 sec
power : iter =    114 ; delta = 1.594860e-03 ; dt =  8708.0 sec
power : iter =    115 ; delta = 1.569468e-03 ; dt =  8784.1 sec
power : iter =    116 ; delta = 1.544579e-03 ; dt =  8860.8 sec
power : iter =    117 ; delta = 1.519303e-03 ; dt =  8937.0 sec
power : iter =    118 ; delta = 1.495433e-03 ; dt =  9013.0 sec
power : iter =    119 ; delta = 1.471545e-03 ; dt =  9091.2 sec
power : iter =    120 ; delta = 1.448688e-03 ; dt =  9168.5 sec
power : iter =    121 ; delta = 1.426031e-03 ; dt =  9246.7 sec
power : iter =    122 ; delta = 1.403401e-03 ; dt =  9323.5 sec
power : iter =    123 ; delta = 1.381688e-03 ; dt =  9401.0 sec
power : iter =    124 ; delta = 1.360148e-03 ; dt =  9478.9 sec
power : iter =    125 ; delta = 1.339326e-03 ; dt =  9555.1 sec
power : iter =    126 ; delta = 1.318808e-03 ; dt =  9630.5 sec
power : iter =    127 ; delta = 1.298707e-03 ; dt =  9707.4 sec
power : iter =    128 ; delta = 1.279034e-03 ; dt =  9784.8 sec
power : iter =    129 ; delta = 1.259313e-03 ; dt =  9861.0 sec
power : iter =    130 ; delta = 1.240381e-03 ; dt =  9938.3 sec
power : iter =    131 ; delta = 1.221511e-03 ; dt = 10015.8 sec
power : iter =    132 ; delta = 1.203269e-03 ; dt = 10091.8 sec
power : iter =    133 ; delta = 1.185241e-03 ; dt = 10168.0 sec
power : iter =    134 ; delta = 1.167350e-03 ; dt = 10247.3 sec
power : iter =    135 ; delta = 1.150027e-03 ; dt = 10324.0 sec
power : iter =    136 ; delta = 1.132872e-03 ; dt = 10401.3 sec
power : iter =    137 ; delta = 1.116158e-03 ; dt = 10477.5 sec
power : iter =    138 ; delta = 1.099769e-03 ; dt = 10554.8 sec
power : iter =    139 ; delta = 1.083359e-03 ; dt = 10631.6 sec
power : iter =    140 ; delta = 1.067566e-03 ; dt = 10709.0 sec
power : iter =    141 ; delta = 1.051793e-03 ; dt = 10786.4 sec
power : iter =    142 ; delta = 1.036543e-03 ; dt = 10864.3 sec
power : iter =    143 ; delta = 1.021471e-03 ; dt = 10941.8 sec
power : iter =    144 ; delta = 1.006496e-03 ; dt = 11018.5 sec
power : iter =    145 ; delta = 9.919442e-04 ; dt = 11094.6 sec
power : iter =    146 ; delta = 9.775027e-04 ; dt = 11172.6 sec
power : iter =    147 ; delta = 9.634584e-04 ; dt = 11249.4 sec
power : iter =    148 ; delta = 9.496847e-04 ; dt = 11326.1 sec
power : iter =    149 ; delta = 9.359163e-04 ; dt = 11402.9 sec
power : iter =    150 ; delta = 9.226187e-04 ; dt = 11481.6 sec
power : iter =    151 ; delta = 9.093114e-04 ; dt = 11557.9 sec
power : iter =    152 ; delta = 8.964574e-04 ; dt = 11633.9 sec
power : iter =    153 ; delta = 8.837470e-04 ; dt = 11710.7 sec
power : iter =    154 ; delta = 8.711418e-04 ; dt = 11788.7 sec
power : iter =    155 ; delta = 8.588500e-04 ; dt = 11868.1 sec
power : iter =    156 ; delta = 8.466483e-04 ; dt = 11946.1 sec
power : iter =    157 ; delta = 8.347664e-04 ; dt = 12023.6 sec
power : iter =    158 ; delta = 8.230972e-04 ; dt = 12098.9 sec
power : iter =    159 ; delta = 8.115275e-04 ; dt = 12175.1 sec
power : iter =    160 ; delta = 8.002382e-04 ; dt = 12252.3 sec
power : iter =    161 ; delta = 7.889467e-04 ; dt = 12329.2 sec
power : iter =    162 ; delta = 7.780377e-04 ; dt = 12404.5 sec
power : iter =    163 ; delta = 7.672230e-04 ; dt = 12481.3 sec
power : iter =    164 ; delta = 7.566647e-04 ; dt = 12558.0 sec
power : iter =    165 ; delta = 7.462200e-04 ; dt = 12636.8 sec
power : iter =    166 ; delta = 7.358497e-04 ; dt = 12712.1 sec
power : iter =    167 ; delta = 7.257438e-04 ; dt = 12789.6 sec
power : iter =    168 ; delta = 7.158051e-04 ; dt = 12866.2 sec
power : iter =    169 ; delta = 7.060340e-04 ; dt = 12943.0 sec
power : iter =    170 ; delta = 6.964278e-04 ; dt = 13021.0 sec
power : iter =    171 ; delta = 6.868302e-04 ; dt = 13097.2 sec
power : iter =    172 ; delta = 6.775261e-04 ; dt = 13172.5 sec
power : iter =    173 ; delta = 6.682900e-04 ; dt = 13248.0 sec
power : iter =    174 ; delta = 6.592789e-04 ; dt = 13323.4 sec
power : iter =    175 ; delta = 6.503553e-04 ; dt = 13400.8 sec
power : iter =    176 ; delta = 6.415826e-04 ; dt = 13476.8 sec
power : iter =    177 ; delta = 6.329396e-04 ; dt = 13552.4 sec
power : iter =    178 ; delta = 6.244177e-04 ; dt = 13627.7 sec
power : iter =    179 ; delta = 6.160398e-04 ; dt = 13703.8 sec
power : iter =    180 ; delta = 6.077953e-04 ; dt = 13781.2 sec
power : iter =    181 ; delta = 5.996744e-04 ; dt = 13858.7 sec
power : iter =    182 ; delta = 5.917002e-04 ; dt = 13934.7 sec
power : iter =    183 ; delta = 5.837884e-04 ; dt = 14011.6 sec
power : iter =    184 ; delta = 5.760588e-04 ; dt = 14088.9 sec
power : iter =    185 ; delta = 5.683801e-04 ; dt = 14165.1 sec
power : iter =    186 ; delta = 5.608768e-04 ; dt = 14241.1 sec
power : iter =    187 ; delta = 5.534549e-04 ; dt = 14317.9 sec
power : iter =    188 ; delta = 5.461360e-04 ; dt = 14394.6 sec
power : iter =    189 ; delta = 5.389368e-04 ; dt = 14471.5 sec
power : iter =    190 ; delta = 5.318275e-04 ; dt = 14546.8 sec
power : iter =    191 ; delta = 5.248319e-04 ; dt = 14623.6 sec
power : iter =    192 ; delta = 5.179569e-04 ; dt = 14700.3 sec
power : iter =    193 ; delta = 5.111360e-04 ; dt = 14775.8 sec
power : iter =    194 ; delta = 5.044601e-04 ; dt = 14853.5 sec
power : iter =    195 ; delta = 4.978286e-04 ; dt = 14930.9 sec
power : iter =    196 ; delta = 4.913464e-04 ; dt = 15007.6 sec
power : iter =    197 ; delta = 4.849326e-04 ; dt = 15083.1 sec
power : iter =    198 ; delta = 4.786130e-04 ; dt = 15160.5 sec
power : iter =    199 ; delta = 4.723870e-04 ; dt = 15237.4 sec
power : iter =    200 ; delta = 4.662347e-04 ; dt = 15314.0 sec
power : iter =    201 ; delta = 4.601890e-04 ; dt = 15390.8 sec
power : iter =    202 ; delta = 4.542477e-04 ; dt = 15467.5 sec
power : iter =    203 ; delta = 4.483576e-04 ; dt = 15543.7 sec
power : iter =    204 ; delta = 4.425911e-04 ; dt = 15621.0 sec
power : iter =    205 ; delta = 4.368573e-04 ; dt = 15698.5 sec
power : iter =    206 ; delta = 4.312501e-04 ; dt = 15775.2 sec
power : iter =    207 ; delta = 4.257056e-04 ; dt = 15853.5 sec
power : iter =    208 ; delta = 4.202415e-04 ; dt = 15930.8 sec
power : iter =    209 ; delta = 4.148491e-04 ; dt = 16007.7 sec
power : iter =    210 ; delta = 4.095226e-04 ; dt = 16086.4 sec
power : iter =    211 ; delta = 4.042822e-04 ; dt = 16165.2 sec
power : iter =    212 ; delta = 3.991270e-04 ; dt = 16241.9 sec
power : iter =    213 ; delta = 3.940204e-04 ; dt = 16317.4 sec
power : iter =    214 ; delta = 3.890099e-04 ; dt = 16393.9 sec
power : iter =    215 ; delta = 3.840266e-04 ; dt = 16470.1 sec
power : iter =    216 ; delta = 3.791563e-04 ; dt = 16547.5 sec
power : iter =    217 ; delta = 3.743372e-04 ; dt = 16626.9 sec
power : iter =    218 ; delta = 3.695904e-04 ; dt = 16703.6 sec
power : iter =    219 ; delta = 3.649047e-04 ; dt = 16781.1 sec
power : iter =    220 ; delta = 3.602943e-04 ; dt = 16858.4 sec
power : iter =    221 ; delta = 3.557363e-04 ; dt = 16935.2 sec
power : iter =    222 ; delta = 3.512567e-04 ; dt = 17010.6 sec
power : iter =    223 ; delta = 3.468187e-04 ; dt = 17086.8 sec
power : iter =    224 ; delta = 3.424543e-04 ; dt = 17165.4 sec
power : iter =    225 ; delta = 3.381446e-04 ; dt = 17243.6 sec
power : iter =    226 ; delta = 3.339064e-04 ; dt = 17321.6 sec
power : iter =    227 ; delta = 3.297113e-04 ; dt = 17399.7 sec
power : iter =    228 ; delta = 3.255831e-04 ; dt = 17477.8 sec
power : iter =    229 ; delta = 3.214953e-04 ; dt = 17554.6 sec
power : iter =    230 ; delta = 3.174799e-04 ; dt = 17633.2 sec
power : iter =    231 ; delta = 3.135093e-04 ; dt = 17710.6 sec
power : iter =    232 ; delta = 3.096032e-04 ; dt = 17787.9 sec
power : iter =    233 ; delta = 3.057349e-04 ; dt = 17865.4 sec
power : iter =    234 ; delta = 3.019264e-04 ; dt = 17944.0 sec
power : iter =    235 ; delta = 2.981656e-04 ; dt = 18020.8 sec
power : iter =    236 ; delta = 2.944644e-04 ; dt = 18098.8 sec
power : iter =    237 ; delta = 2.908037e-04 ; dt = 18177.7 sec
power : iter =    238 ; delta = 2.872008e-04 ; dt = 18253.1 sec
power : iter =    239 ; delta = 2.836280e-04 ; dt = 18329.9 sec
power : iter =    240 ; delta = 2.801230e-04 ; dt = 18410.6 sec
power : iter =    241 ; delta = 2.766546e-04 ; dt = 18488.7 sec
power : iter =    242 ; delta = 2.732410e-04 ; dt = 18566.7 sec
power : iter =    243 ; delta = 2.698640e-04 ; dt = 18646.2 sec
power : iter =    244 ; delta = 2.665333e-04 ; dt = 18723.5 sec
power : iter =    245 ; delta = 2.632442e-04 ; dt = 18801.6 sec
power : iter =    246 ; delta = 2.600102e-04 ; dt = 18880.9 sec
power : iter =    247 ; delta = 2.568117e-04 ; dt = 18959.0 sec
power : iter =    248 ; delta = 2.536651e-04 ; dt = 19039.0 sec
power : iter =    249 ; delta = 2.505487e-04 ; dt = 19118.5 sec
power : iter =    250 ; delta = 2.474862e-04 ; dt = 19195.9 sec
power : iter =    251 ; delta = 2.444545e-04 ; dt = 19273.4 sec
power : iter =    252 ; delta = 2.414728e-04 ; dt = 19348.8 sec
power : iter =    253 ; delta = 2.385213e-04 ; dt = 19425.0 sec
power : iter =    254 ; delta = 2.356159e-04 ; dt = 19501.7 sec
power : iter =    255 ; delta = 2.327412e-04 ; dt = 19579.2 sec
power : iter =    256 ; delta = 2.299127e-04 ; dt = 19658.6 sec
power : iter =    257 ; delta = 2.271110e-04 ; dt = 19735.4 sec
power : iter =    258 ; delta = 2.243552e-04 ; dt = 19814.0 sec
power : iter =    259 ; delta = 2.216265e-04 ; dt = 19890.8 sec
power : iter =    260 ; delta = 2.189400e-04 ; dt = 19967.6 sec
power : iter =    261 ; delta = 2.162818e-04 ; dt = 20045.5 sec
power : iter =    262 ; delta = 2.136656e-04 ; dt = 20121.6 sec
power : iter =    263 ; delta = 2.110746e-04 ; dt = 20199.7 sec
power : iter =    264 ; delta = 2.085256e-04 ; dt = 20278.3 sec
power : iter =    265 ; delta = 2.060018e-04 ; dt = 20353.8 sec
power : iter =    266 ; delta = 2.035172e-04 ; dt = 20429.9 sec
power : iter =    267 ; delta = 2.010585e-04 ; dt = 20506.8 sec
power : iter =    268 ; delta = 1.986384e-04 ; dt = 20584.1 sec
power : iter =    269 ; delta = 1.962395e-04 ; dt = 20661.6 sec
power : iter =    270 ; delta = 1.938811e-04 ; dt = 20738.9 sec
power : iter =    271 ; delta = 1.915461e-04 ; dt = 20817.0 sec
power : iter =    272 ; delta = 1.892469e-04 ; dt = 20895.0 sec
power : iter =    273 ; delta = 1.869709e-04 ; dt = 20973.1 sec
power : iter =    274 ; delta = 1.847302e-04 ; dt = 21050.5 sec
power : iter =    275 ; delta = 1.825106e-04 ; dt = 21127.3 sec
power : iter =    276 ; delta = 1.803264e-04 ; dt = 21207.2 sec
power : iter =    277 ; delta = 1.781636e-04 ; dt = 21284.0 sec
power : iter =    278 ; delta = 1.760338e-04 ; dt = 21361.4 sec
power : iter =    279 ; delta = 1.739256e-04 ; dt = 21439.5 sec
power : iter =    280 ; delta = 1.718499e-04 ; dt = 21516.2 sec
power : iter =    281 ; delta = 1.697935e-04 ; dt = 21592.4 sec
power : iter =    282 ; delta = 1.677696e-04 ; dt = 21671.8 sec
power : iter =    283 ; delta = 1.657655e-04 ; dt = 21748.7 sec
power : iter =    284 ; delta = 1.637916e-04 ; dt = 21826.1 sec
power : iter =    285 ; delta = 1.618381e-04 ; dt = 21902.9 sec
power : iter =    286 ; delta = 1.599146e-04 ; dt = 21978.2 sec
power : iter =    287 ; delta = 1.580092e-04 ; dt = 22055.0 sec
power : iter =    288 ; delta = 1.561337e-04 ; dt = 22133.0 sec
power : iter =    289 ; delta = 1.542766e-04 ; dt = 22211.1 sec
power : iter =    290 ; delta = 1.524473e-04 ; dt = 22287.8 sec
power : iter =    291 ; delta = 1.506369e-04 ; dt = 22364.6 sec
power : iter =    292 ; delta = 1.488541e-04 ; dt = 22442.7 sec
power : iter =    293 ; delta = 1.470881e-04 ; dt = 22521.5 sec
power : iter =    294 ; delta = 1.453498e-04 ; dt = 22600.2 sec
power : iter =    295 ; delta = 1.436286e-04 ; dt = 22678.3 sec
power : iter =    296 ; delta = 1.419328e-04 ; dt = 22755.0 sec
power : iter =    297 ; delta = 1.402542e-04 ; dt = 22831.9 sec
power : iter =    298 ; delta = 1.386003e-04 ; dt = 22907.9 sec
power : iter =    299 ; delta = 1.369620e-04 ; dt = 22984.8 sec
power : iter =    300 ; delta = 1.353487e-04 ; dt = 23060.8 sec
power : iter =    301 ; delta = 1.337516e-04 ; dt = 23136.9 sec
power : iter =    302 ; delta = 1.321778e-04 ; dt = 23214.8 sec
power : iter =    303 ; delta = 1.306199e-04 ; dt = 23292.3 sec
power : iter =    304 ; delta = 1.290856e-04 ; dt = 23370.3 sec
power : iter =    305 ; delta = 1.275654e-04 ; dt = 23446.5 sec
power : iter =    306 ; delta = 1.260685e-04 ; dt = 23523.1 sec
power : iter =    307 ; delta = 1.245858e-04 ; dt = 23599.2 sec
power : iter =    308 ; delta = 1.231250e-04 ; dt = 23674.5 sec
power : iter =    309 ; delta = 1.216786e-04 ; dt = 23752.0 sec
power : iter =    310 ; delta = 1.202538e-04 ; dt = 23829.3 sec
power : iter =    311 ; delta = 1.188422e-04 ; dt = 23905.5 sec
power : iter =    312 ; delta = 1.174522e-04 ; dt = 23982.1 sec
power : iter =    313 ; delta = 1.160754e-04 ; dt = 24059.6 sec
power : iter =    314 ; delta = 1.147190e-04 ; dt = 24137.0 sec
power : iter =    315 ; delta = 1.133760e-04 ; dt = 24214.5 sec
power : iter =    316 ; delta = 1.120531e-04 ; dt = 24291.1 sec
power : iter =    317 ; delta = 1.107426e-04 ; dt = 24368.0 sec
power : iter =    318 ; delta = 1.094518e-04 ; dt = 24446.0 sec
power : iter =    319 ; delta = 1.081733e-04 ; dt = 24522.9 sec
power : iter =    320 ; delta = 1.069136e-04 ; dt = 24600.9 sec
power : iter =    321 ; delta = 1.056662e-04 ; dt = 24678.4 sec
power : iter =    322 ; delta = 1.044378e-04 ; dt = 24755.7 sec
power : iter =    323 ; delta = 1.032200e-04 ; dt = 24832.5 sec
power : iter =    324 ; delta = 1.020216e-04 ; dt = 24907.9 sec
power : iter =    325 ; delta = 1.008339e-04 ; dt = 24984.2 sec
power : iter =    326 ; delta = 9.966409e-05 ; dt = 25061.6 sec
power : iter =    327 ; delta = 9.850514e-05 ; dt = 25139.7 sec
power : iter =    328 ; delta = 9.736395e-05 ; dt = 25215.1 sec
power : iter =    329 ; delta = 9.623259e-05 ; dt = 25291.3 sec
power : iter =    330 ; delta = 9.511885e-05 ; dt = 25368.6 sec
power : iter =    331 ; delta = 9.401489e-05 ; dt = 25448.7 sec
power : iter =    332 ; delta = 9.292739e-05 ; dt = 25524.6 sec
power : iter =    333 ; delta = 9.184978e-05 ; dt = 25600.1 sec
power : iter =    334 ; delta = 9.078852e-05 ; dt = 25678.8 sec
power : iter =    335 ; delta = 8.973631e-05 ; dt = 25756.9 sec
power : iter =    336 ; delta = 8.870049e-05 ; dt = 25833.0 sec
power : iter =    337 ; delta = 8.767370e-05 ; dt = 25910.5 sec
power : iter =    338 ; delta = 8.666217e-05 ; dt = 25987.2 sec
power : iter =    339 ; delta = 8.565993e-05 ; dt = 26065.3 sec
power : iter =    340 ; delta = 8.467295e-05 ; dt = 26144.6 sec
power : iter =    341 ; delta = 8.369433e-05 ; dt = 26222.1 sec
power : iter =    342 ; delta = 8.273078e-05 ; dt = 26300.7 sec
power : iter =    343 ; delta = 8.177565e-05 ; dt = 26377.5 sec
power : iter =    344 ; delta = 8.083466e-05 ; dt = 26455.5 sec
power : iter =    345 ; delta = 7.990224e-05 ; dt = 26532.3 sec
power : iter =    346 ; delta = 7.898324e-05 ; dt = 26610.9 sec
power : iter =    347 ; delta = 7.807274e-05 ; dt = 26688.4 sec
power : iter =    348 ; delta = 7.717620e-05 ; dt = 26764.4 sec
power : iter =    349 ; delta = 7.628753e-05 ; dt = 26841.9 sec
power : iter =    350 ; delta = 7.541202e-05 ; dt = 26919.2 sec
power : iter =    351 ; delta = 7.454449e-05 ; dt = 26996.0 sec
power : iter =    352 ; delta = 7.368993e-05 ; dt = 27074.1 sec
power : iter =    353 ; delta = 7.284261e-05 ; dt = 27149.6 sec
power : iter =    354 ; delta = 7.200819e-05 ; dt = 27227.0 sec
power : iter =    355 ; delta = 7.118110e-05 ; dt = 27303.8 sec
power : iter =    356 ; delta = 7.036619e-05 ; dt = 27381.8 sec
power : iter =    357 ; delta = 6.955874e-05 ; dt = 27460.1 sec
power : iter =    358 ; delta = 6.876335e-05 ; dt = 27536.7 sec
power : iter =    359 ; delta = 6.797482e-05 ; dt = 27612.9 sec
power : iter =    360 ; delta = 6.719834e-05 ; dt = 27689.6 sec
power : iter =    361 ; delta = 6.642867e-05 ; dt = 27765.1 sec
power : iter =    362 ; delta = 6.567026e-05 ; dt = 27842.5 sec
power : iter =    363 ; delta = 6.491870e-05 ; dt = 27921.2 sec
power : iter =    364 ; delta = 6.417828e-05 ; dt = 27999.1 sec
power : iter =    365 ; delta = 6.344434e-05 ; dt = 28076.6 sec
power : iter =    366 ; delta = 6.272143e-05 ; dt = 28153.2 sec
power : iter =    367 ; delta = 6.200484e-05 ; dt = 28230.7 sec
power : iter =    368 ; delta = 6.129869e-05 ; dt = 28307.5 sec
power : iter =    369 ; delta = 6.059896e-05 ; dt = 28386.3 sec
power : iter =    370 ; delta = 5.990954e-05 ; dt = 28463.7 sec
power : iter =    371 ; delta = 5.922604e-05 ; dt = 28539.2 sec
power : iter =    372 ; delta = 5.855285e-05 ; dt = 28615.9 sec
power : iter =    373 ; delta = 5.788555e-05 ; dt = 28694.0 sec
power : iter =    374 ; delta = 5.722793e-05 ; dt = 28771.4 sec
power : iter =    375 ; delta = 5.657607e-05 ; dt = 28849.6 sec
power : iter =    376 ; delta = 5.593398e-05 ; dt = 28925.6 sec
power : iter =    377 ; delta = 5.529739e-05 ; dt = 29003.1 sec
power : iter =    378 ; delta = 5.467027e-05 ; dt = 29080.5 sec
power : iter =    379 ; delta = 5.404871e-05 ; dt = 29156.6 sec
power : iter =    380 ; delta = 5.343632e-05 ; dt = 29232.6 sec
power : iter =    381 ; delta = 5.282945e-05 ; dt = 29309.5 sec
power : iter =    382 ; delta = 5.223146e-05 ; dt = 29385.5 sec
power : iter =    383 ; delta = 5.163861e-05 ; dt = 29461.7 sec
power : iter =    384 ; delta = 5.105460e-05 ; dt = 29539.0 sec
power : iter =    385 ; delta = 5.047572e-05 ; dt = 29617.1 sec
power : iter =    386 ; delta = 4.990516e-05 ; dt = 29693.1 sec
power : iter =    387 ; delta = 4.933980e-05 ; dt = 29769.2 sec
power : iter =    388 ; delta = 4.878265e-05 ; dt = 29845.9 sec
power : iter =    389 ; delta = 4.823029e-05 ; dt = 29921.4 sec
power : iter =    390 ; delta = 4.768608e-05 ; dt = 29999.3 sec
power : iter =    391 ; delta = 4.714661e-05 ; dt = 30078.8 sec
power : iter =    392 ; delta = 4.661482e-05 ; dt = 30156.8 sec
power : iter =    393 ; delta = 4.608780e-05 ; dt = 30234.3 sec
power : iter =    394 ; delta = 4.556839e-05 ; dt = 30311.0 sec
power : iter =    395 ; delta = 4.505343e-05 ; dt = 30387.9 sec
power : iter =    396 ; delta = 4.454603e-05 ; dt = 30465.3 sec
power : iter =    397 ; delta = 4.404304e-05 ; dt = 30543.4 sec
power : iter =    398 ; delta = 4.354721e-05 ; dt = 30620.1 sec
power : iter =    399 ; delta = 4.305583e-05 ; dt = 30696.9 sec
power : iter =    400 ; delta = 4.257150e-05 ; dt = 30773.5 sec
power : iter =    401 ; delta = 4.209137e-05 ; dt = 30851.1 sec
power : iter =    402 ; delta = 4.161828e-05 ; dt = 30927.8 sec
power : iter =    403 ; delta = 4.114937e-05 ; dt = 31004.6 sec
power : iter =    404 ; delta = 4.068711e-05 ; dt = 31081.3 sec
power : iter =    405 ; delta = 4.022898e-05 ; dt = 31156.9 sec
power : iter =    406 ; delta = 3.977739e-05 ; dt = 31232.9 sec
power : iter =    407 ; delta = 3.932966e-05 ; dt = 31311.1 sec
power : iter =    408 ; delta = 3.888846e-05 ; dt = 31387.2 sec
power : iter =    409 ; delta = 3.845109e-05 ; dt = 31465.4 sec
power : iter =    410 ; delta = 3.801992e-05 ; dt = 31542.1 sec
power : iter =    411 ; delta = 3.759274e-05 ; dt = 31620.2 sec
power : iter =    412 ; delta = 3.717173e-05 ; dt = 31698.9 sec
power : iter =    413 ; delta = 3.675435e-05 ; dt = 31774.1 sec
power : iter =    414 ; delta = 3.634302e-05 ; dt = 31850.1 sec
power : iter =    415 ; delta = 3.593525e-05 ; dt = 31927.0 sec
power : iter =    416 ; delta = 3.553323e-05 ; dt = 32003.7 sec
power : iter =    417 ; delta = 3.513479e-05 ; dt = 32079.9 sec
power : iter =    418 ; delta = 3.474201e-05 ; dt = 32155.8 sec
power : iter =    419 ; delta = 3.435258e-05 ; dt = 32231.3 sec
power : iter =    420 ; delta = 3.396880e-05 ; dt = 32307.3 sec
power : iter =    421 ; delta = 3.358838e-05 ; dt = 32382.8 sec
power : iter =    422 ; delta = 3.321333e-05 ; dt = 32461.5 sec
power : iter =    423 ; delta = 3.284142e-05 ; dt = 32537.6 sec
power : iter =    424 ; delta = 3.247506e-05 ; dt = 32615.0 sec
power : iter =    425 ; delta = 3.211184e-05 ; dt = 32690.5 sec
power : iter =    426 ; delta = 3.175385e-05 ; dt = 32765.9 sec
power : iter =    427 ; delta = 3.139896e-05 ; dt = 32844.0 sec
power : iter =    428 ; delta = 3.104906e-05 ; dt = 32921.3 sec
power : iter =    429 ; delta = 3.070228e-05 ; dt = 32997.5 sec
power : iter =    430 ; delta = 3.036040e-05 ; dt = 33074.8 sec
power : iter =    431 ; delta = 3.002143e-05 ; dt = 33150.9 sec
power : iter =    432 ; delta = 2.968731e-05 ; dt = 33227.0 sec
power : iter =    433 ; delta = 2.935607e-05 ; dt = 33302.4 sec
power : iter =    434 ; delta = 2.902945e-05 ; dt = 33380.4 sec
power : iter =    435 ; delta = 2.870576e-05 ; dt = 33456.6 sec
power : iter =    436 ; delta = 2.838665e-05 ; dt = 33535.2 sec
power : iter =    437 ; delta = 2.807027e-05 ; dt = 33612.7 sec
power : iter =    438 ; delta = 2.775840e-05 ; dt = 33690.7 sec
power : iter =    439 ; delta = 2.744923e-05 ; dt = 33768.9 sec
power : iter =    440 ; delta = 2.714436e-05 ; dt = 33846.9 sec
power : iter =    441 ; delta = 2.684220e-05 ; dt = 33925.0 sec
power : iter =    442 ; delta = 2.654427e-05 ; dt = 34001.7 sec
power : iter =    443 ; delta = 2.624888e-05 ; dt = 34078.5 sec
power : iter =    444 ; delta = 2.595770e-05 ; dt = 34156.5 sec
power : iter =    445 ; delta = 2.566903e-05 ; dt = 34233.3 sec
power : iter =    446 ; delta = 2.538435e-05 ; dt = 34310.7 sec
power : iter =    447 ; delta = 2.510222e-05 ; dt = 34387.5 sec
power : iter =    448 ; delta = 2.482402e-05 ; dt = 34464.9 sec
power : iter =    449 ; delta = 2.454821e-05 ; dt = 34540.4 sec
power : iter =    450 ; delta = 2.427631e-05 ; dt = 34619.1 sec
power : iter =    451 ; delta = 2.400675e-05 ; dt = 34695.3 sec
power : iter =    452 ; delta = 2.374083e-05 ; dt = 34773.2 sec
power : iter =    453 ; delta = 2.347736e-05 ; dt = 34852.1 sec
power : iter =    454 ; delta = 2.321753e-05 ; dt = 34931.3 sec
power : iter =    455 ; delta = 2.295994e-05 ; dt = 35006.9 sec
power : iter =    456 ; delta = 2.270598e-05 ; dt = 35082.9 sec
power : iter =    457 ; delta = 2.245422e-05 ; dt = 35161.7 sec
power : iter =    458 ; delta = 2.220593e-05 ; dt = 35238.4 sec
power : iter =    459 ; delta = 2.195985e-05 ; dt = 35314.6 sec
power : iter =    460 ; delta = 2.171717e-05 ; dt = 35392.6 sec
power : iter =    461 ; delta = 2.147660e-05 ; dt = 35470.8 sec
power : iter =    462 ; delta = 2.123942e-05 ; dt = 35546.8 sec
power : iter =    463 ; delta = 2.100429e-05 ; dt = 35624.9 sec
power : iter =    464 ; delta = 2.077239e-05 ; dt = 35701.7 sec
power : iter =    465 ; delta = 2.054256e-05 ; dt = 35779.8 sec
power : iter =    466 ; delta = 2.031591e-05 ; dt = 35855.9 sec
power : iter =    467 ; delta = 2.009121e-05 ; dt = 35931.4 sec
power : iter =    468 ; delta = 1.986966e-05 ; dt = 36007.5 sec
power : iter =    469 ; delta = 1.965004e-05 ; dt = 36083.0 sec
power : iter =    470 ; delta = 1.943343e-05 ; dt = 36159.0 sec
power : iter =    471 ; delta = 1.921877e-05 ; dt = 36234.5 sec
power : iter =    472 ; delta = 1.900705e-05 ; dt = 36310.5 sec
power : iter =    473 ; delta = 1.879715e-05 ; dt = 36386.0 sec
power : iter =    474 ; delta = 1.859017e-05 ; dt = 36462.0 sec
power : iter =    475 ; delta = 1.838504e-05 ; dt = 36538.2 sec
power : iter =    476 ; delta = 1.818271e-05 ; dt = 36614.2 sec
power : iter =    477 ; delta = 1.798220e-05 ; dt = 36691.7 sec
power : iter =    478 ; delta = 1.778442e-05 ; dt = 36768.5 sec
power : iter =    479 ; delta = 1.758835e-05 ; dt = 36845.4 sec
power : iter =    480 ; delta = 1.739501e-05 ; dt = 36920.9 sec
power : iter =    481 ; delta = 1.720334e-05 ; dt = 36996.4 sec
power : iter =    482 ; delta = 1.701427e-05 ; dt = 37073.1 sec
power : iter =    483 ; delta = 1.682689e-05 ; dt = 37149.3 sec
power : iter =    484 ; delta = 1.664207e-05 ; dt = 37226.6 sec
power : iter =    485 ; delta = 1.645884e-05 ; dt = 37302.2 sec
power : iter =    486 ; delta = 1.627815e-05 ; dt = 37377.6 sec
power : iter =    487 ; delta = 1.609903e-05 ; dt = 37454.4 sec
power : iter =    488 ; delta = 1.592235e-05 ; dt = 37530.4 sec
power : iter =    489 ; delta = 1.574731e-05 ; dt = 37607.3 sec
power : iter =    490 ; delta = 1.557462e-05 ; dt = 37683.9 sec
power : iter =    491 ; delta = 1.540345e-05 ; dt = 37760.1 sec
power : iter =    492 ; delta = 1.523461e-05 ; dt = 37836.8 sec
power : iter =    493 ; delta = 1.506727e-05 ; dt = 37912.3 sec
power : iter =    494 ; delta = 1.490216e-05 ; dt = 37989.2 sec
power : iter =    495 ; delta = 1.473857e-05 ; dt = 38066.0 sec
power : iter =    496 ; delta = 1.457715e-05 ; dt = 38141.4 sec
power : iter =    497 ; delta = 1.441717e-05 ; dt = 38216.9 sec
power : iter =    498 ; delta = 1.425935e-05 ; dt = 38292.9 sec
power : iter =    499 ; delta = 1.410293e-05 ; dt = 38370.3 sec
power : iter =    500 ; delta = 1.394850e-05 ; dt = 38448.3 sec
power : iter =    501 ; delta = 1.379559e-05 ; dt = 38524.5 sec
power : iter =    502 ; delta = 1.364471e-05 ; dt = 38601.8 sec
power : iter =    503 ; delta = 1.349516e-05 ; dt = 38677.3 sec
power : iter =    504 ; delta = 1.334763e-05 ; dt = 38754.6 sec
power : iter =    505 ; delta = 1.320142e-05 ; dt = 38831.5 sec
power : iter =    506 ; delta = 1.305714e-05 ; dt = 38908.1 sec
power : iter =    507 ; delta = 1.291418e-05 ; dt = 38984.9 sec
power : iter =    508 ; delta = 1.277311e-05 ; dt = 39061.0 sec
power : iter =    509 ; delta = 1.263331e-05 ; dt = 39137.8 sec
power : iter =    510 ; delta = 1.249538e-05 ; dt = 39213.2 sec
power : iter =    511 ; delta = 1.235869e-05 ; dt = 39290.0 sec
power : iter =    512 ; delta = 1.222379e-05 ; dt = 39365.4 sec
power : iter =    513 ; delta = 1.209013e-05 ; dt = 39442.2 sec
power : iter =    514 ; delta = 1.195824e-05 ; dt = 39518.9 sec
power : iter =    515 ; delta = 1.182752e-05 ; dt = 39597.6 sec
power : iter =    516 ; delta = 1.169855e-05 ; dt = 39674.3 sec
power : iter =    517 ; delta = 1.157074e-05 ; dt = 39749.9 sec
power : iter =    518 ; delta = 1.144461e-05 ; dt = 39827.9 sec
power : iter =    519 ; delta = 1.131964e-05 ; dt = 39904.0 sec
power : iter =    520 ; delta = 1.119632e-05 ; dt = 39980.1 sec
power : iter =    521 ; delta = 1.107409e-05 ; dt = 40058.8 sec
power : iter =    522 ; delta = 1.095349e-05 ; dt = 40135.5 sec
power : iter =    523 ; delta = 1.083398e-05 ; dt = 40212.3 sec
power : iter =    524 ; delta = 1.071603e-05 ; dt = 40289.1 sec
power : iter =    525 ; delta = 1.059916e-05 ; dt = 40365.9 sec
power : iter =    526 ; delta = 1.048382e-05 ; dt = 40441.9 sec
power : iter =    527 ; delta = 1.036951e-05 ; dt = 40519.5 sec
power : iter =    528 ; delta = 1.025671e-05 ; dt = 40596.1 sec
power : iter =    529 ; delta = 1.014490e-05 ; dt = 40673.0 sec
power : iter =    530 ; delta = 1.003458e-05 ; dt = 40749.0 sec
power : iter =    531 ; delta = 9.925276e-06 ; dt = 40826.5 sec
power : iter =    532 ; delta = 9.817395e-06 ; dt = 40903.9 sec
power : iter =    533 ; delta = 9.710482e-06 ; dt = 40980.1 sec
power : iter =    534 ; delta = 9.604977e-06 ; dt = 41056.9 sec
power : iter =    535 ; delta = 9.500426e-06 ; dt = 41133.0 sec
power : iter =    536 ; delta = 9.397226e-06 ; dt = 41210.4 sec
power : iter =    537 ; delta = 9.294982e-06 ; dt = 41285.9 sec
power : iter =    538 ; delta = 9.194061e-06 ; dt = 41362.6 sec
power : iter =    539 ; delta = 9.094053e-06 ; dt = 41438.8 sec
power : iter =    540 ; delta = 8.995354e-06 ; dt = 41516.8 sec
power : iter =    541 ; delta = 8.897553e-06 ; dt = 41593.0 sec
power : iter =    542 ; delta = 8.801010e-06 ; dt = 41669.0 sec
power : iter =    543 ; delta = 8.705363e-06 ; dt = 41747.2 sec
power : iter =    544 ; delta = 8.610944e-06 ; dt = 41823.8 sec
power : iter =    545 ; delta = 8.517381e-06 ; dt = 41901.9 sec
power : iter =    546 ; delta = 8.425036e-06 ; dt = 41979.3 sec
power : iter =    547 ; delta = 8.333533e-06 ; dt = 42056.8 sec
power : iter =    548 ; delta = 8.243200e-06 ; dt = 42133.5 sec
power : iter =    549 ; delta = 8.153708e-06 ; dt = 42211.6 sec
power : iter =    550 ; delta = 8.065360e-06 ; dt = 42287.0 sec
power : iter =    551 ; delta = 7.977814e-06 ; dt = 42363.2 sec
power : iter =    552 ; delta = 7.891410e-06 ; dt = 42439.9 sec
power : iter =    553 ; delta = 7.805801e-06 ; dt = 42517.4 sec
power : iter =    554 ; delta = 7.721283e-06 ; dt = 42592.7 sec
power : iter =    555 ; delta = 7.637560e-06 ; dt = 42670.3 sec
power : iter =    556 ; delta = 7.554905e-06 ; dt = 42747.6 sec
power : iter =    557 ; delta = 7.473011e-06 ; dt = 42824.4 sec
power : iter =    558 ; delta = 7.392173e-06 ; dt = 42901.6 sec
power : iter =    559 ; delta = 7.312075e-06 ; dt = 42978.4 sec
power : iter =    560 ; delta = 7.232996e-06 ; dt = 43055.9 sec
power : iter =    561 ; delta = 7.154655e-06 ; dt = 43132.1 sec
power : iter =    562 ; delta = 7.077309e-06 ; dt = 43208.1 sec
power : iter =    563 ; delta = 7.000671e-06 ; dt = 43284.3 sec
power : iter =    564 ; delta = 6.925027e-06 ; dt = 43359.6 sec
power : iter =    565 ; delta = 6.850078e-06 ; dt = 43435.8 sec
power : iter =    566 ; delta = 6.776076e-06 ; dt = 43513.1 sec
power : iter =    567 ; delta = 6.702777e-06 ; dt = 43590.6 sec
power : iter =    568 ; delta = 6.630411e-06 ; dt = 43668.4 sec
power : iter =    569 ; delta = 6.558708e-06 ; dt = 43745.2 sec
power : iter =    570 ; delta = 6.487926e-06 ; dt = 43821.3 sec
power : iter =    571 ; delta = 6.417795e-06 ; dt = 43897.4 sec
power : iter =    572 ; delta = 6.348546e-06 ; dt = 43974.8 sec
power : iter =    573 ; delta = 6.279945e-06 ; dt = 44050.3 sec
power : iter =    574 ; delta = 6.212209e-06 ; dt = 44127.6 sec
power : iter =    575 ; delta = 6.145099e-06 ; dt = 44204.5 sec
power : iter =    576 ; delta = 6.078846e-06 ; dt = 44281.2 sec
power : iter =    577 ; delta = 6.013169e-06 ; dt = 44358.1 sec
power : iter =    578 ; delta = 5.948357e-06 ; dt = 44434.1 sec
power : iter =    579 ; delta = 5.884159e-06 ; dt = 44510.3 sec
power : iter =    580 ; delta = 5.820766e-06 ; dt = 44585.7 sec
power : iter =    581 ; delta = 5.757960e-06 ; dt = 44661.9 sec
power : iter =    582 ; delta = 5.695953e-06 ; dt = 44737.9 sec
power : iter =    583 ; delta = 5.634518e-06 ; dt = 44815.4 sec
power : iter =    584 ; delta = 5.573853e-06 ; dt = 44891.4 sec
power : iter =    585 ; delta = 5.513759e-06 ; dt = 44968.8 sec
power : iter =    586 ; delta = 5.454417e-06 ; dt = 45044.2 sec
power : iter =    587 ; delta = 5.395627e-06 ; dt = 45119.8 sec
power : iter =    588 ; delta = 5.337581e-06 ; dt = 45196.4 sec
power : iter =    589 ; delta = 5.280077e-06 ; dt = 45273.9 sec
power : iter =    590 ; delta = 5.223288e-06 ; dt = 45349.3 sec
power : iter =    591 ; delta = 5.167038e-06 ; dt = 45426.8 sec
power : iter =    592 ; delta = 5.111490e-06 ; dt = 45502.9 sec
power : iter =    593 ; delta = 5.056460e-06 ; dt = 45578.8 sec
power : iter =    594 ; delta = 5.002124e-06 ; dt = 45654.2 sec
power : iter =    595 ; delta = 4.948293e-06 ; dt = 45730.3 sec
power : iter =    596 ; delta = 4.895128e-06 ; dt = 45805.7 sec
power : iter =    597 ; delta = 4.842466e-06 ; dt = 45881.9 sec
power : iter =    598 ; delta = 4.790456e-06 ; dt = 45958.6 sec
power : iter =    599 ; delta = 4.738930e-06 ; dt = 46034.8 sec
power : iter =    600 ; delta = 4.688052e-06 ; dt = 46112.1 sec
power : iter =    601 ; delta = 4.637646e-06 ; dt = 46189.6 sec
power : iter =    602 ; delta = 4.587863e-06 ; dt = 46266.3 sec
power : iter =    603 ; delta = 4.538553e-06 ; dt = 46341.8 sec
power : iter =    604 ; delta = 4.489858e-06 ; dt = 46417.9 sec
power : iter =    605 ; delta = 4.441615e-06 ; dt = 46494.0 sec
power : iter =    606 ; delta = 4.393962e-06 ; dt = 46571.4 sec
power : iter =    607 ; delta = 4.346767e-06 ; dt = 46648.0 sec
power : iter =    608 ; delta = 4.300156e-06 ; dt = 46723.4 sec
power : iter =    609 ; delta = 4.253987e-06 ; dt = 46798.9 sec
power : iter =    610 ; delta = 4.208387e-06 ; dt = 46874.9 sec
power : iter =    611 ; delta = 4.163211e-06 ; dt = 46950.3 sec
power : iter =    612 ; delta = 4.118599e-06 ; dt = 47027.7 sec
power : iter =    613 ; delta = 4.074401e-06 ; dt = 47103.2 sec
power : iter =    614 ; delta = 4.030747e-06 ; dt = 47179.1 sec
power : iter =    615 ; delta = 3.987506e-06 ; dt = 47256.6 sec
power : iter =    616 ; delta = 3.944797e-06 ; dt = 47334.0 sec
power : iter =    617 ; delta = 3.902485e-06 ; dt = 47410.8 sec
power : iter =    618 ; delta = 3.860700e-06 ; dt = 47487.5 sec
power : iter =    619 ; delta = 3.819305e-06 ; dt = 47566.9 sec
power : iter =    620 ; delta = 3.778418e-06 ; dt = 47644.3 sec
power : iter =    621 ; delta = 3.737917e-06 ; dt = 47719.7 sec
power : iter =    622 ; delta = 3.697914e-06 ; dt = 47797.8 sec
power : iter =    623 ; delta = 3.658283e-06 ; dt = 47873.9 sec
power : iter =    624 ; delta = 3.619145e-06 ; dt = 47951.9 sec
power : iter =    625 ; delta = 3.580372e-06 ; dt = 48030.7 sec
power : iter =    626 ; delta = 3.542074e-06 ; dt = 48106.7 sec
power : iter =    627 ; delta = 3.504140e-06 ; dt = 48184.9 sec
power : iter =    628 ; delta = 3.466669e-06 ; dt = 48262.2 sec
power : iter =    629 ; delta = 3.429549e-06 ; dt = 48339.7 sec
power : iter =    630 ; delta = 3.392890e-06 ; dt = 48417.0 sec
power : iter =    631 ; delta = 3.356574e-06 ; dt = 48493.1 sec
power : iter =    632 ; delta = 3.320702e-06 ; dt = 48569.1 sec
power : iter =    633 ; delta = 3.285169e-06 ; dt = 48645.9 sec
power : iter =    634 ; delta = 3.250073e-06 ; dt = 48721.2 sec
power : iter =    635 ; delta = 3.215304e-06 ; dt = 48797.3 sec
power : iter =    636 ; delta = 3.180967e-06 ; dt = 48872.5 sec
power : iter =    637 ; delta = 3.146950e-06 ; dt = 48948.0 sec
power : iter =    638 ; delta = 3.113349e-06 ; dt = 49024.0 sec
power : iter =    639 ; delta = 3.080064e-06 ; dt = 49099.5 sec
power : iter =    640 ; delta = 3.047187e-06 ; dt = 49175.4 sec
power : iter =    641 ; delta = 3.014617e-06 ; dt = 49251.6 sec
power : iter =    642 ; delta = 2.982448e-06 ; dt = 49327.6 sec
power : iter =    643 ; delta = 2.950580e-06 ; dt = 49403.0 sec
power : iter =    644 ; delta = 2.919100e-06 ; dt = 49478.3 sec
power : iter =    645 ; delta = 2.887917e-06 ; dt = 49554.4 sec
power : iter =    646 ; delta = 2.857114e-06 ; dt = 49630.4 sec
power : iter =    647 ; delta = 2.826600e-06 ; dt = 49705.8 sec
power : iter =    648 ; delta = 2.796461e-06 ; dt = 49781.1 sec
power : iter =    649 ; delta = 2.766603e-06 ; dt = 49857.2 sec
power : iter =    650 ; delta = 2.737109e-06 ; dt = 49932.5 sec
power : iter =    651 ; delta = 2.707895e-06 ; dt = 50007.9 sec
power : iter =    652 ; delta = 2.679036e-06 ; dt = 50083.9 sec
power : iter =    653 ; delta = 2.650447e-06 ; dt = 50159.4 sec
power : iter =    654 ; delta = 2.622193e-06 ; dt = 50235.4 sec
power : iter =    655 ; delta = 2.594218e-06 ; dt = 50310.8 sec
power : iter =    656 ; delta = 2.566582e-06 ; dt = 50386.7 sec
power : iter =    657 ; delta = 2.539208e-06 ; dt = 50462.9 sec
power : iter =    658 ; delta = 2.512166e-06 ; dt = 50538.2 sec
power : iter =    659 ; delta = 2.485378e-06 ; dt = 50614.9 sec
power : iter =    660 ; delta = 2.458919e-06 ; dt = 50690.2 sec
power : iter =    661 ; delta = 2.432708e-06 ; dt = 50765.6 sec
power : iter =    662 ; delta = 2.406814e-06 ; dt = 50840.9 sec
power : iter =    663 ; delta = 2.381165e-06 ; dt = 50917.7 sec
power : iter =    664 ; delta = 2.355827e-06 ; dt = 50993.6 sec
power : iter =    665 ; delta = 2.330725e-06 ; dt = 51069.1 sec
power : iter =    666 ; delta = 2.305930e-06 ; dt = 51144.3 sec
power : iter =    667 ; delta = 2.281367e-06 ; dt = 51219.8 sec
power : iter =    668 ; delta = 2.257100e-06 ; dt = 51295.1 sec
power : iter =    669 ; delta = 2.233064e-06 ; dt = 51370.5 sec
power : iter =    670 ; delta = 2.209317e-06 ; dt = 51445.8 sec
power : iter =    671 ; delta = 2.185793e-06 ; dt = 51521.9 sec
power : iter =    672 ; delta = 2.162555e-06 ; dt = 51597.2 sec
power : iter =    673 ; delta = 2.139536e-06 ; dt = 51672.7 sec
power : iter =    674 ; delta = 2.116793e-06 ; dt = 51749.9 sec
power : iter =    675 ; delta = 2.094266e-06 ; dt = 51826.1 sec
power : iter =    676 ; delta = 2.072011e-06 ; dt = 51901.3 sec
power : iter =    677 ; delta = 2.049964e-06 ; dt = 51977.5 sec
power : iter =    678 ; delta = 2.028185e-06 ; dt = 52052.7 sec
power : iter =    679 ; delta = 2.006609e-06 ; dt = 52128.8 sec
power : iter =    680 ; delta = 1.985293e-06 ; dt = 52205.4 sec
power : iter =    681 ; delta = 1.964179e-06 ; dt = 52280.9 sec
power : iter =    682 ; delta = 1.943320e-06 ; dt = 52356.2 sec
power : iter =    683 ; delta = 1.922650e-06 ; dt = 52431.6 sec
power : iter =    684 ; delta = 1.902237e-06 ; dt = 52508.3 sec
power : iter =    685 ; delta = 1.882016e-06 ; dt = 52584.4 sec
power : iter =    686 ; delta = 1.862038e-06 ; dt = 52659.7 sec
power : iter =    687 ; delta = 1.842251e-06 ; dt = 52735.2 sec
power : iter =    688 ; delta = 1.822701e-06 ; dt = 52810.5 sec
power : iter =    689 ; delta = 1.803335e-06 ; dt = 52885.9 sec
power : iter =    690 ; delta = 1.784203e-06 ; dt = 52961.1 sec
power : iter =    691 ; delta = 1.765250e-06 ; dt = 53037.9 sec
power : iter =    692 ; delta = 1.746525e-06 ; dt = 53113.2 sec
power : iter =    693 ; delta = 1.727979e-06 ; dt = 53189.3 sec
power : iter =    694 ; delta = 1.709655e-06 ; dt = 53264.6 sec
power : iter =    695 ; delta = 1.691504e-06 ; dt = 53340.1 sec
power : iter =    696 ; delta = 1.673573e-06 ; dt = 53415.4 sec
power : iter =    697 ; delta = 1.655810e-06 ; dt = 53490.9 sec
power : iter =    698 ; delta = 1.638261e-06 ; dt = 53566.9 sec
power : iter =    699 ; delta = 1.620878e-06 ; dt = 53642.4 sec
power : iter =    700 ; delta = 1.603703e-06 ; dt = 53718.3 sec
power : iter =    701 ; delta = 1.586690e-06 ; dt = 53794.4 sec
power : iter =    702 ; delta = 1.569882e-06 ; dt = 53870.4 sec
power : iter =    703 ; delta = 1.553231e-06 ; dt = 53945.8 sec
power : iter =    704 ; delta = 1.536779e-06 ; dt = 54021.7 sec
power : iter =    705 ; delta = 1.520484e-06 ; dt = 54097.2 sec
power : iter =    706 ; delta = 1.504382e-06 ; dt = 54175.8 sec
power : iter =    707 ; delta = 1.488433e-06 ; dt = 54252.5 sec
power : iter =    708 ; delta = 1.472675e-06 ; dt = 54329.1 sec
power : iter =    709 ; delta = 1.457066e-06 ; dt = 54407.9 sec
power : iter =    710 ; delta = 1.441643e-06 ; dt = 54485.9 sec
power : iter =    711 ; delta = 1.426368e-06 ; dt = 54562.8 sec
power : iter =    712 ; delta = 1.411273e-06 ; dt = 54640.8 sec
power : iter =    713 ; delta = 1.396321e-06 ; dt = 54718.9 sec
power : iter =    714 ; delta = 1.381548e-06 ; dt = 54797.7 sec
power : iter =    715 ; delta = 1.366914e-06 ; dt = 54875.8 sec
power : iter =    716 ; delta = 1.352454e-06 ; dt = 54953.8 sec
power : iter =    717 ; delta = 1.338132e-06 ; dt = 55032.0 sec
power : iter =    718 ; delta = 1.323980e-06 ; dt = 55109.4 sec
power : iter =    719 ; delta = 1.309961e-06 ; dt = 55185.5 sec
power : iter =    720 ; delta = 1.296111e-06 ; dt = 55262.8 sec
power : iter =    721 ; delta = 1.282391e-06 ; dt = 55341.0 sec
power : iter =    722 ; delta = 1.268834e-06 ; dt = 55417.0 sec
power : iter =    723 ; delta = 1.255406e-06 ; dt = 55495.1 sec
power : iter =    724 ; delta = 1.242137e-06 ; dt = 55573.8 sec
power : iter =    725 ; delta = 1.228994e-06 ; dt = 55651.2 sec
power : iter =    726 ; delta = 1.216007e-06 ; dt = 55729.2 sec
power : iter =    727 ; delta = 1.203143e-06 ; dt = 55806.0 sec
power : iter =    728 ; delta = 1.190431e-06 ; dt = 55883.4 sec
power : iter =    729 ; delta = 1.177840e-06 ; dt = 55960.2 sec
power : iter =    730 ; delta = 1.165398e-06 ; dt = 56036.9 sec
power : iter =    731 ; delta = 1.153069e-06 ; dt = 56113.8 sec
power : iter =    732 ; delta = 1.140892e-06 ; dt = 56189.8 sec
power : iter =    733 ; delta = 1.128829e-06 ; dt = 56267.8 sec
power : iter =    734 ; delta = 1.116909e-06 ; dt = 56344.5 sec
power : iter =    735 ; delta = 1.105103e-06 ; dt = 56423.8 sec
power : iter =    736 ; delta = 1.093437e-06 ; dt = 56501.2 sec
power : iter =    737 ; delta = 1.081880e-06 ; dt = 56576.8 sec
power : iter =    738 ; delta = 1.070462e-06 ; dt = 56653.4 sec
power : iter =    739 ; delta = 1.059150e-06 ; dt = 56733.3 sec
power : iter =    740 ; delta = 1.047973e-06 ; dt = 56811.3 sec
power : iter =    741 ; delta = 1.036902e-06 ; dt = 56888.1 sec
power : iter =    742 ; delta = 1.025961e-06 ; dt = 56968.8 sec
power : iter =    743 ; delta = 1.015124e-06 ; dt = 57045.0 sec
power : iter =    744 ; delta = 1.004416e-06 ; dt = 57123.0 sec
power : iter =    745 ; delta = 9.938086e-07 ; dt = 57201.1 sec
power : iter =    746 ; delta = 9.833267e-07 ; dt = 57278.4 sec
power : iter =    747 ; delta = 9.729448e-07 ; dt = 57354.6 sec
power : iter =    748 ; delta = 9.626849e-07 ; dt = 57432.6 sec
power : iter =    749 ; delta = 9.525225e-07 ; dt = 57512.1 sec
power : iter =    750 ; delta = 9.424807e-07 ; dt = 57587.4 sec
power : iter =    751 ; delta = 9.325338e-07 ; dt = 57668.2 sec
power : iter =    752 ; delta = 9.227041e-07 ; dt = 57745.5 sec
power : iter =    753 ; delta = 9.129680e-07 ; dt = 57823.7 sec
power : iter =    754 ; delta = 9.033464e-07 ; dt = 57899.2 sec
power : iter =    755 ; delta = 8.938159e-07 ; dt = 57976.7 sec
power : iter =    756 ; delta = 8.843980e-07 ; dt = 58052.8 sec
power : iter =    757 ; delta = 8.750692e-07 ; dt = 58130.3 sec
power : iter =    758 ; delta = 8.658498e-07 ; dt = 58207.0 sec
power : iter =    759 ; delta = 8.567188e-07 ; dt = 58283.8 sec
power : iter =    760 ; delta = 8.476925e-07 ; dt = 58360.5 sec
power : iter =    761 ; delta = 8.387543e-07 ; dt = 58436.0 sec
power : iter =    762 ; delta = 8.299218e-07 ; dt = 58512.7 sec
power : iter =    763 ; delta = 8.211729e-07 ; dt = 58588.9 sec
power : iter =    764 ; delta = 8.125269e-07 ; dt = 58665.6 sec
power : iter =    765 ; delta = 8.039631e-07 ; dt = 58742.4 sec
power : iter =    766 ; delta = 7.955000e-07 ; dt = 58819.1 sec
power : iter =    767 ; delta = 7.871172e-07 ; dt = 58895.2 sec
power : iter =    768 ; delta = 7.788335e-07 ; dt = 58971.2 sec
power : iter =    769 ; delta = 7.706280e-07 ; dt = 59048.1 sec
power : iter =    770 ; delta = 7.625189e-07 ; dt = 59124.1 sec
power : iter =    771 ; delta = 7.544870e-07 ; dt = 59202.3 sec
power : iter =    772 ; delta = 7.465492e-07 ; dt = 59278.3 sec
power : iter =    773 ; delta = 7.386865e-07 ; dt = 59354.5 sec
power : iter =    774 ; delta = 7.309166e-07 ; dt = 59429.8 sec
power : iter =    775 ; delta = 7.232200e-07 ; dt = 59506.7 sec
power : iter =    776 ; delta = 7.156139e-07 ; dt = 59584.0 sec
power : iter =    777 ; delta = 7.080802e-07 ; dt = 59659.5 sec
power : iter =    778 ; delta = 7.006348e-07 ; dt = 59734.9 sec
power : iter =    779 ; delta = 6.932597e-07 ; dt = 59811.8 sec
power : iter =    780 ; delta = 6.859716e-07 ; dt = 59889.0 sec
power : iter =    781 ; delta = 6.787522e-07 ; dt = 59968.5 sec
power : iter =    782 ; delta = 6.716176e-07 ; dt = 60045.9 sec
power : iter =    783 ; delta = 6.645508e-07 ; dt = 60125.3 sec
power : iter =    784 ; delta = 6.575667e-07 ; dt = 60203.3 sec
power : iter =    785 ; delta = 6.506486e-07 ; dt = 60280.7 sec
power : iter =    786 ; delta = 6.438120e-07 ; dt = 60357.9 sec
power : iter =    787 ; delta = 6.370399e-07 ; dt = 60436.7 sec
power : iter =    788 ; delta = 6.303471e-07 ; dt = 60515.4 sec
power : iter =    789 ; delta = 6.237180e-07 ; dt = 60592.8 sec
power : iter =    790 ; delta = 6.171664e-07 ; dt = 60671.4 sec
power : iter =    791 ; delta = 6.106769e-07 ; dt = 60750.2 sec
power : iter =    792 ; delta = 6.042639e-07 ; dt = 60826.3 sec
power : iter =    793 ; delta = 5.979115e-07 ; dt = 60904.4 sec
power : iter =    794 ; delta = 5.916337e-07 ; dt = 60983.1 sec
power : iter =    795 ; delta = 5.854156e-07 ; dt = 61062.6 sec
power : iter =    796 ; delta = 5.792702e-07 ; dt = 61139.3 sec
power : iter =    797 ; delta = 5.731830e-07 ; dt = 61215.4 sec
power : iter =    798 ; delta = 5.671673e-07 ; dt = 61294.8 sec
power : iter =    799 ; delta = 5.612083e-07 ; dt = 61371.6 sec
power : iter =    800 ; delta = 5.553190e-07 ; dt = 61451.5 sec
power : iter =    801 ; delta = 5.494856e-07 ; dt = 61529.0 sec
power : iter =    802 ; delta = 5.437204e-07 ; dt = 61605.7 sec
power : iter =    803 ; delta = 5.380097e-07 ; dt = 61682.5 sec
power : iter =    804 ; delta = 5.323661e-07 ; dt = 61760.5 sec
power : iter =    805 ; delta = 5.267758e-07 ; dt = 61838.6 sec
power : iter =    806 ; delta = 5.212506e-07 ; dt = 61917.3 sec
power : iter =    807 ; delta = 5.157780e-07 ; dt = 61995.4 sec
power : iter =    808 ; delta = 5.103670e-07 ; dt = 62072.2 sec
power : iter =    809 ; delta = 5.050092e-07 ; dt = 62148.4 sec
power : iter =    810 ; delta = 4.997143e-07 ; dt = 62223.9 sec
power : iter =    811 ; delta = 4.944689e-07 ; dt = 62300.1 sec
power : iter =    812 ; delta = 4.892851e-07 ; dt = 62376.8 sec
power : iter =    813 ; delta = 4.841504e-07 ; dt = 62453.7 sec
power : iter =    814 ; delta = 4.790755e-07 ; dt = 62531.1 sec
power : iter =    815 ; delta = 4.740485e-07 ; dt = 62608.6 sec
power : iter =    816 ; delta = 4.690804e-07 ; dt = 62686.0 sec
power : iter =    817 ; delta = 4.641591e-07 ; dt = 62766.3 sec
power : iter =    818 ; delta = 4.592953e-07 ; dt = 62846.1 sec
power : iter =    819 ; delta = 4.544775e-07 ; dt = 62924.9 sec
power : iter =    820 ; delta = 4.497158e-07 ; dt = 63002.9 sec
power : iter =    821 ; delta = 4.449990e-07 ; dt = 63080.9 sec
power : iter =    822 ; delta = 4.403374e-07 ; dt = 63157.0 sec
power : iter =    823 ; delta = 4.357197e-07 ; dt = 63236.5 sec
power : iter =    824 ; delta = 4.311559e-07 ; dt = 63314.5 sec
power : iter =    825 ; delta = 4.266355e-07 ; dt = 63393.4 sec
power : iter =    826 ; delta = 4.221678e-07 ; dt = 63470.7 sec
power : iter =    827 ; delta = 4.177423e-07 ; dt = 63550.1 sec
power : iter =    828 ; delta = 4.133685e-07 ; dt = 63628.2 sec
power : iter =    829 ; delta = 4.090359e-07 ; dt = 63705.1 sec
power : iter =    830 ; delta = 4.047538e-07 ; dt = 63780.5 sec
power : iter =    831 ; delta = 4.005123e-07 ; dt = 63858.0 sec
power : iter =    832 ; delta = 3.963201e-07 ; dt = 63936.7 sec
power : iter =    833 ; delta = 3.921673e-07 ; dt = 64015.5 sec
power : iter =    834 ; delta = 3.880632e-07 ; dt = 64090.8 sec
power : iter =    835 ; delta = 3.839975e-07 ; dt = 64166.3 sec
power : iter =    836 ; delta = 3.799793e-07 ; dt = 64241.8 sec
power : iter =    837 ; delta = 3.759978e-07 ; dt = 64318.6 sec
power : iter =    838 ; delta = 3.720639e-07 ; dt = 64396.1 sec
power : iter =    839 ; delta = 3.681671e-07 ; dt = 64474.9 sec
power : iter =    840 ; delta = 3.643158e-07 ; dt = 64552.9 sec
power : iter =    841 ; delta = 3.605006e-07 ; dt = 64631.8 sec
power : iter =    842 ; delta = 3.567299e-07 ; dt = 64709.2 sec
power : iter =    843 ; delta = 3.529949e-07 ; dt = 64786.7 sec
power : iter =    844 ; delta = 3.493032e-07 ; dt = 64862.8 sec
power : iter =    845 ; delta = 3.456462e-07 ; dt = 64938.9 sec
power : iter =    846 ; delta = 3.420320e-07 ; dt = 65014.4 sec
power : iter =    847 ; delta = 3.384517e-07 ; dt = 65091.3 sec
power : iter =    848 ; delta = 3.349130e-07 ; dt = 65168.7 sec
power : iter =    849 ; delta = 3.314078e-07 ; dt = 65244.9 sec
power : iter =    850 ; delta = 3.279433e-07 ; dt = 65321.0 sec
power : iter =    851 ; delta = 3.245114e-07 ; dt = 65396.5 sec
power : iter =    852 ; delta = 3.211195e-07 ; dt = 65474.0 sec
power : iter =    853 ; delta = 3.177594e-07 ; dt = 65550.8 sec
power : iter =    854 ; delta = 3.144384e-07 ; dt = 65626.9 sec
power : iter =    855 ; delta = 3.111488e-07 ; dt = 65702.5 sec
power : iter =    856 ; delta = 3.078974e-07 ; dt = 65778.5 sec
power : iter =    857 ; delta = 3.046765e-07 ; dt = 65857.3 sec
power : iter =    858 ; delta = 3.014932e-07 ; dt = 65933.5 sec
power : iter =    859 ; delta = 2.983398e-07 ; dt = 66011.7 sec
power : iter =    860 ; delta = 2.952231e-07 ; dt = 66088.5 sec
power : iter =    861 ; delta = 2.921358e-07 ; dt = 66168.7 sec
power : iter =    862 ; delta = 2.890843e-07 ; dt = 66245.4 sec
power : iter =    863 ; delta = 2.860615e-07 ; dt = 66322.3 sec
power : iter =    864 ; delta = 2.830739e-07 ; dt = 66400.3 sec
power : iter =    865 ; delta = 2.801144e-07 ; dt = 66477.1 sec
power : iter =    866 ; delta = 2.771892e-07 ; dt = 66553.9 sec
power : iter =    867 ; delta = 2.742916e-07 ; dt = 66630.7 sec
power : iter =    868 ; delta = 2.714278e-07 ; dt = 66707.6 sec
power : iter =    869 ; delta = 2.685909e-07 ; dt = 66785.8 sec
power : iter =    870 ; delta = 2.657871e-07 ; dt = 66862.5 sec
power : iter =    871 ; delta = 2.630096e-07 ; dt = 66942.1 sec
power : iter =    872 ; delta = 2.602643e-07 ; dt = 67019.5 sec
power : iter =    873 ; delta = 2.575450e-07 ; dt = 67096.3 sec
power : iter =    874 ; delta = 2.548571e-07 ; dt = 67173.0 sec
power : iter =    875 ; delta = 2.521946e-07 ; dt = 67252.5 sec
power : iter =    876 ; delta = 2.495630e-07 ; dt = 67330.5 sec
power : iter =    877 ; delta = 2.469562e-07 ; dt = 67407.5 sec
power : iter =    878 ; delta = 2.443798e-07 ; dt = 67485.4 sec
power : iter =    879 ; delta = 2.418277e-07 ; dt = 67563.6 sec
power : iter =    880 ; delta = 2.393053e-07 ; dt = 67641.0 sec
power : iter =    881 ; delta = 2.368065e-07 ; dt = 67719.2 sec
power : iter =    882 ; delta = 2.343367e-07 ; dt = 67796.6 sec
power : iter =    883 ; delta = 2.318901e-07 ; dt = 67874.2 sec
power : iter =    884 ; delta = 2.294719e-07 ; dt = 67950.3 sec
power : iter =    885 ; delta = 2.270757e-07 ; dt = 68027.8 sec
power : iter =    886 ; delta = 2.247080e-07 ; dt = 68105.8 sec
power : iter =    887 ; delta = 2.223628e-07 ; dt = 68185.3 sec
power : iter =    888 ; delta = 2.200448e-07 ; dt = 68261.3 sec
power : iter =    889 ; delta = 2.177488e-07 ; dt = 68338.2 sec
power : iter =    890 ; delta = 2.154793e-07 ; dt = 68415.4 sec
power : iter =    891 ; delta = 2.132313e-07 ; dt = 68492.9 sec
power : iter =    892 ; delta = 2.110092e-07 ; dt = 68569.7 sec
power : iter =    893 ; delta = 2.088080e-07 ; dt = 68648.5 sec
power : iter =    894 ; delta = 2.066325e-07 ; dt = 68725.4 sec
power : iter =    895 ; delta = 2.044773e-07 ; dt = 68804.2 sec
power : iter =    896 ; delta = 2.023471e-07 ; dt = 68883.0 sec
power : iter =    897 ; delta = 2.002371e-07 ; dt = 68960.5 sec
power : iter =    898 ; delta = 1.981514e-07 ; dt = 69038.6 sec
power : iter =    899 ; delta = 1.960853e-07 ; dt = 69114.6 sec
power : iter =    900 ; delta = 1.940432e-07 ; dt = 69193.4 sec
power : iter =    901 ; delta = 1.920202e-07 ; dt = 69271.4 sec
power : iter =    902 ; delta = 1.900205e-07 ; dt = 69348.1 sec
power : iter =    903 ; delta = 1.880397e-07 ; dt = 69427.8 sec
power : iter =    904 ; delta = 1.860818e-07 ; dt = 69505.2 sec
power : iter =    905 ; delta = 1.841423e-07 ; dt = 69582.1 sec
power : iter =    906 ; delta = 1.822252e-07 ; dt = 69658.9 sec
power : iter =    907 ; delta = 1.803261e-07 ; dt = 69734.4 sec
power : iter =    908 ; delta = 1.784489e-07 ; dt = 69811.8 sec
power : iter =    909 ; delta = 1.765894e-07 ; dt = 69888.7 sec
power : iter =    910 ; delta = 1.747514e-07 ; dt = 69966.7 sec
power : iter =    911 ; delta = 1.729306e-07 ; dt = 70043.5 sec
power : iter =    912 ; delta = 1.711309e-07 ; dt = 70120.3 sec
power : iter =    913 ; delta = 1.693480e-07 ; dt = 70198.4 sec
power : iter =    914 ; delta = 1.675852e-07 ; dt = 70274.5 sec
power : iter =    915 ; delta = 1.658396e-07 ; dt = 70352.0 sec
power : iter =    916 ; delta = 1.641140e-07 ; dt = 70428.1 sec
power : iter =    917 ; delta = 1.624047e-07 ; dt = 70504.3 sec
power : iter =    918 ; delta = 1.607151e-07 ; dt = 70581.0 sec
power : iter =    919 ; delta = 1.590414e-07 ; dt = 70657.2 sec
power : iter =    920 ; delta = 1.573871e-07 ; dt = 70734.0 sec
power : iter =    921 ; delta = 1.557482e-07 ; dt = 70812.2 sec
power : iter =    922 ; delta = 1.541283e-07 ; dt = 70888.9 sec
power : iter =    923 ; delta = 1.525236e-07 ; dt = 70965.2 sec
power : iter =    924 ; delta = 1.509374e-07 ; dt = 71042.0 sec
power : iter =    925 ; delta = 1.493661e-07 ; dt = 71120.2 sec
power : iter =    926 ; delta = 1.478129e-07 ; dt = 71196.3 sec
power : iter =    927 ; delta = 1.462743e-07 ; dt = 71273.3 sec
power : iter =    928 ; delta = 1.447534e-07 ; dt = 71350.8 sec
power : iter =    929 ; delta = 1.432468e-07 ; dt = 71427.0 sec
power : iter =    930 ; delta = 1.417576e-07 ; dt = 71503.8 sec
power : iter =    931 ; delta = 1.402824e-07 ; dt = 71582.0 sec
power : iter =    932 ; delta = 1.388242e-07 ; dt = 71657.5 sec
power : iter =    933 ; delta = 1.373796e-07 ; dt = 71733.8 sec
power : iter =    934 ; delta = 1.359518e-07 ; dt = 71809.9 sec
power : iter =    935 ; delta = 1.345373e-07 ; dt = 71886.8 sec
power : iter =    936 ; delta = 1.331392e-07 ; dt = 71964.8 sec
power : iter =    937 ; delta = 1.317542e-07 ; dt = 72040.4 sec
power : iter =    938 ; delta = 1.303851e-07 ; dt = 72116.5 sec
power : iter =    939 ; delta = 1.290289e-07 ; dt = 72194.1 sec
power : iter =    940 ; delta = 1.276884e-07 ; dt = 72272.3 sec
power : iter =    941 ; delta = 1.263605e-07 ; dt = 72351.1 sec
power : iter =    942 ; delta = 1.250480e-07 ; dt = 72429.2 sec
power : iter =    943 ; delta = 1.237477e-07 ; dt = 72506.7 sec
power : iter =    944 ; delta = 1.224623e-07 ; dt = 72584.1 sec
power : iter =    945 ; delta = 1.211892e-07 ; dt = 72664.2 sec
power : iter =    946 ; delta = 1.199307e-07 ; dt = 72741.6 sec
power : iter =    947 ; delta = 1.186840e-07 ; dt = 72819.7 sec
power : iter =    948 ; delta = 1.174517e-07 ; dt = 72896.4 sec
power : iter =    949 ; delta = 1.162309e-07 ; dt = 72974.6 sec
power : iter =    950 ; delta = 1.150242e-07 ; dt = 73052.6 sec
power : iter =    951 ; delta = 1.138288e-07 ; dt = 73130.9 sec
power : iter =    952 ; delta = 1.126472e-07 ; dt = 73209.6 sec
power : iter =    953 ; delta = 1.114767e-07 ; dt = 73289.1 sec
power : iter =    954 ; delta = 1.103198e-07 ; dt = 73369.2 sec
power : iter =    955 ; delta = 1.091736e-07 ; dt = 73446.1 sec
power : iter =    956 ; delta = 1.080407e-07 ; dt = 73524.1 sec
power : iter =    957 ; delta = 1.069184e-07 ; dt = 73601.0 sec
power : iter =    958 ; delta = 1.058089e-07 ; dt = 73677.1 sec
power : iter =    959 ; delta = 1.047099e-07 ; dt = 73754.6 sec
power : iter =    960 ; delta = 1.036236e-07 ; dt = 73832.7 sec
power : iter =    961 ; delta = 1.025474e-07 ; dt = 73910.2 sec
power : iter =    962 ; delta = 1.014832e-07 ; dt = 73988.2 sec
power : iter =    963 ; delta = 1.004294e-07 ; dt = 74065.7 sec
power : iter =    964 ; delta = 9.938768e-08 ; dt = 74145.8 sec
power : solved pagerank(a=0.9900) in   964 mults to 1.000000e-07 tol
output norm: 1.0000000000000000e+00
